[2025-06-12T12:14:16.069+0200] {local_task_job_runner.py:123} INFO - ::group::Pre task execution logs
[2025-06-12T12:14:16.072+0200] {taskinstance.py:2612} INFO - Dependencies all met for dep_context=non-requeueable deps ti=<TaskInstance: data_pipeline.scrape_books scheduled__2025-06-11T00:00:00+00:00 [queued]>
[2025-06-12T12:14:16.074+0200] {taskinstance.py:2612} INFO - Dependencies all met for dep_context=requeueable deps ti=<TaskInstance: data_pipeline.scrape_books scheduled__2025-06-11T00:00:00+00:00 [queued]>
[2025-06-12T12:14:16.074+0200] {taskinstance.py:2865} INFO - Starting attempt 2 of 2
[2025-06-12T12:14:16.077+0200] {taskinstance.py:2888} INFO - Executing <Task(PythonOperator): scrape_books> on 2025-06-11 00:00:00+00:00
[2025-06-12T12:14:16.080+0200] {standard_task_runner.py:72} INFO - Started process 11491 to run task
[2025-06-12T12:14:16.083+0200] {standard_task_runner.py:104} INFO - Running: ['airflow', 'tasks', 'run', 'data_pipeline', 'scrape_books', 'scheduled__2025-06-11T00:00:00+00:00', '--job-id', '17', '--raw', '--subdir', 'DAGS_FOLDER/data_pipeline_dag.py', '--cfg-path', '/var/folders/jb/c80n6wzn25q9jbqkhzbt060m0000gn/T/tmpxvldsydn']
[2025-06-12T12:14:16.084+0200] {standard_task_runner.py:105} INFO - Job 17: Subtask scrape_books
[2025-06-12T12:14:16.101+0200] {task_command.py:467} INFO - Running <TaskInstance: data_pipeline.scrape_books scheduled__2025-06-11T00:00:00+00:00 [running]> on host gordanas-macbook-pro.local
[2025-06-12T12:14:16.118+0200] {taskinstance.py:3131} INFO - Exporting env vars: AIRFLOW_CTX_DAG_OWNER='you' AIRFLOW_CTX_DAG_ID='data_pipeline' AIRFLOW_CTX_TASK_ID='scrape_books' AIRFLOW_CTX_EXECUTION_DATE='2025-06-11T00:00:00+00:00' AIRFLOW_CTX_TRY_NUMBER='2' AIRFLOW_CTX_DAG_RUN_ID='scheduled__2025-06-11T00:00:00+00:00'
[2025-06-12T12:14:16.118+0200] {logging_mixin.py:190} INFO - Task instance is in running state
[2025-06-12T12:14:16.118+0200] {logging_mixin.py:190} INFO -  Previous state of the Task instance: queued
[2025-06-12T12:14:16.118+0200] {logging_mixin.py:190} INFO - Current task name:scrape_books state:running start_date:2025-06-12 10:14:16.072758+00:00
[2025-06-12T12:14:16.119+0200] {logging_mixin.py:190} INFO - Dag name:data_pipeline and current dag run status:running
[2025-06-12T12:14:16.119+0200] {taskinstance.py:731} INFO - ::endgroup::
[2025-06-12T12:15:28.314+0200] {local_task_job_runner.py:245} INFO - ::endgroup::
[2025-06-12T12:15:28.320+0200] {process_utils.py:132} INFO - Sending Signals.SIGTERM to group 11491. PIDs of all processes in the group: [11491]
[2025-06-12T12:15:28.321+0200] {process_utils.py:87} INFO - Sending the signal Signals.SIGTERM to group 11491
[2025-06-12T12:15:30.818+0200] {local_task_job_runner.py:123} INFO - ::group::Pre task execution logs
[2025-06-12T12:15:30.820+0200] {taskinstance.py:2602} INFO - Dependencies not met for <TaskInstance: data_pipeline.scrape_books scheduled__2025-06-11T00:00:00+00:00 [running]>, dependency 'Task Instance State' FAILED: Task is in the 'running' state.
[2025-06-12T12:15:30.820+0200] {taskinstance.py:2602} INFO - Dependencies not met for <TaskInstance: data_pipeline.scrape_books scheduled__2025-06-11T00:00:00+00:00 [running]>, dependency 'Task Instance Not Running' FAILED: Task is in the running state
[2025-06-12T12:15:30.822+0200] {local_task_job_runner.py:166} INFO - Task is not able to be run
