[2025-06-12T12:19:35.035+0200] {local_task_job_runner.py:123} INFO - ::group::Pre task execution logs
[2025-06-12T12:19:35.039+0200] {taskinstance.py:2612} INFO - Dependencies all met for dep_context=non-requeueable deps ti=<TaskInstance: data_pipeline.scrape_books scheduled__2025-06-11T00:00:00+00:00 [queued]>
[2025-06-12T12:19:35.041+0200] {taskinstance.py:2612} INFO - Dependencies all met for dep_context=requeueable deps ti=<TaskInstance: data_pipeline.scrape_books scheduled__2025-06-11T00:00:00+00:00 [queued]>
[2025-06-12T12:19:35.041+0200] {taskinstance.py:2865} INFO - Starting attempt 3 of 2
[2025-06-12T12:19:35.044+0200] {taskinstance.py:2888} INFO - Executing <Task(PythonOperator): scrape_books> on 2025-06-11 00:00:00+00:00
[2025-06-12T12:19:35.047+0200] {standard_task_runner.py:72} INFO - Started process 11583 to run task
[2025-06-12T12:19:35.050+0200] {standard_task_runner.py:104} INFO - Running: ['airflow', 'tasks', 'run', 'data_pipeline', 'scrape_books', 'scheduled__2025-06-11T00:00:00+00:00', '--job-id', '21', '--raw', '--subdir', 'DAGS_FOLDER/data_pipeline_dag.py', '--cfg-path', '/var/folders/jb/c80n6wzn25q9jbqkhzbt060m0000gn/T/tmp6rypeew7']
[2025-06-12T12:19:35.051+0200] {standard_task_runner.py:105} INFO - Job 21: Subtask scrape_books
[2025-06-12T12:19:35.071+0200] {task_command.py:467} INFO - Running <TaskInstance: data_pipeline.scrape_books scheduled__2025-06-11T00:00:00+00:00 [running]> on host gordanas-macbook-pro.local
[2025-06-12T12:19:35.091+0200] {taskinstance.py:3131} INFO - Exporting env vars: AIRFLOW_CTX_DAG_OWNER='you' AIRFLOW_CTX_DAG_ID='data_pipeline' AIRFLOW_CTX_TASK_ID='scrape_books' AIRFLOW_CTX_EXECUTION_DATE='2025-06-11T00:00:00+00:00' AIRFLOW_CTX_TRY_NUMBER='3' AIRFLOW_CTX_DAG_RUN_ID='scheduled__2025-06-11T00:00:00+00:00'
[2025-06-12T12:19:35.092+0200] {logging_mixin.py:190} INFO - Task instance is in running state
[2025-06-12T12:19:35.092+0200] {logging_mixin.py:190} INFO -  Previous state of the Task instance: queued
[2025-06-12T12:19:35.092+0200] {logging_mixin.py:190} INFO - Current task name:scrape_books state:running start_date:2025-06-12 10:19:35.039818+00:00
[2025-06-12T12:19:35.092+0200] {logging_mixin.py:190} INFO - Dag name:data_pipeline and current dag run status:running
[2025-06-12T12:19:35.093+0200] {taskinstance.py:731} INFO - ::endgroup::
[2025-06-12T12:23:56.310+0200] {local_task_job_runner.py:318} WARNING - Recorded pid 11703 does not match the current pid 11583
[2025-06-12T12:23:56.310+0200] {local_task_job_runner.py:218} WARNING - Heartbeat failed with Exception: PID of job runner does not match
[2025-06-12T12:24:01.330+0200] {local_task_job_runner.py:318} WARNING - Recorded pid 11703 does not match the current pid 11583
[2025-06-12T12:24:01.330+0200] {local_task_job_runner.py:218} WARNING - Heartbeat failed with Exception: PID of job runner does not match
[2025-06-12T12:24:06.347+0200] {local_task_job_runner.py:318} WARNING - Recorded pid 11703 does not match the current pid 11583
[2025-06-12T12:24:06.347+0200] {local_task_job_runner.py:218} WARNING - Heartbeat failed with Exception: PID of job runner does not match
[2025-06-12T12:24:11.366+0200] {local_task_job_runner.py:318} WARNING - Recorded pid 11703 does not match the current pid 11583
[2025-06-12T12:24:11.366+0200] {local_task_job_runner.py:218} WARNING - Heartbeat failed with Exception: PID of job runner does not match
[2025-06-12T12:24:16.386+0200] {local_task_job_runner.py:318} WARNING - Recorded pid 11703 does not match the current pid 11583
[2025-06-12T12:24:16.386+0200] {local_task_job_runner.py:218} WARNING - Heartbeat failed with Exception: PID of job runner does not match
[2025-06-12T12:24:21.404+0200] {local_task_job_runner.py:318} WARNING - Recorded pid 11703 does not match the current pid 11583
[2025-06-12T12:24:21.405+0200] {local_task_job_runner.py:218} WARNING - Heartbeat failed with Exception: PID of job runner does not match
[2025-06-12T12:24:26.424+0200] {local_task_job_runner.py:318} WARNING - Recorded pid 11703 does not match the current pid 11583
[2025-06-12T12:24:26.424+0200] {local_task_job_runner.py:218} WARNING - Heartbeat failed with Exception: PID of job runner does not match
[2025-06-12T12:24:31.443+0200] {local_task_job_runner.py:318} WARNING - Recorded pid 11703 does not match the current pid 11583
[2025-06-12T12:24:31.443+0200] {local_task_job_runner.py:218} WARNING - Heartbeat failed with Exception: PID of job runner does not match
[2025-06-12T12:24:36.461+0200] {local_task_job_runner.py:318} WARNING - Recorded pid 11703 does not match the current pid 11583
[2025-06-12T12:24:36.462+0200] {local_task_job_runner.py:218} WARNING - Heartbeat failed with Exception: PID of job runner does not match
[2025-06-12T12:24:41.481+0200] {local_task_job_runner.py:318} WARNING - Recorded pid 11703 does not match the current pid 11583
[2025-06-12T12:24:41.481+0200] {local_task_job_runner.py:218} WARNING - Heartbeat failed with Exception: PID of job runner does not match
[2025-06-12T12:24:46.499+0200] {local_task_job_runner.py:318} WARNING - Recorded pid 11703 does not match the current pid 11583
[2025-06-12T12:24:46.499+0200] {local_task_job_runner.py:218} WARNING - Heartbeat failed with Exception: PID of job runner does not match
[2025-06-12T12:24:51.518+0200] {local_task_job_runner.py:318} WARNING - Recorded pid 11703 does not match the current pid 11583
[2025-06-12T12:24:51.518+0200] {local_task_job_runner.py:218} WARNING - Heartbeat failed with Exception: PID of job runner does not match
[2025-06-12T12:24:56.538+0200] {local_task_job_runner.py:318} WARNING - Recorded pid 11703 does not match the current pid 11583
[2025-06-12T12:24:56.538+0200] {local_task_job_runner.py:218} WARNING - Heartbeat failed with Exception: PID of job runner does not match
[2025-06-12T12:25:01.557+0200] {local_task_job_runner.py:318} WARNING - Recorded pid 11703 does not match the current pid 11583
[2025-06-12T12:25:01.557+0200] {local_task_job_runner.py:218} WARNING - Heartbeat failed with Exception: PID of job runner does not match
[2025-06-12T12:25:06.576+0200] {local_task_job_runner.py:318} WARNING - Recorded pid 11703 does not match the current pid 11583
[2025-06-12T12:25:06.577+0200] {local_task_job_runner.py:218} WARNING - Heartbeat failed with Exception: PID of job runner does not match
[2025-06-12T12:25:11.595+0200] {local_task_job_runner.py:318} WARNING - Recorded pid 11703 does not match the current pid 11583
[2025-06-12T12:25:11.595+0200] {local_task_job_runner.py:218} WARNING - Heartbeat failed with Exception: PID of job runner does not match
[2025-06-12T12:25:16.614+0200] {local_task_job_runner.py:318} WARNING - Recorded pid 11703 does not match the current pid 11583
[2025-06-12T12:25:16.614+0200] {local_task_job_runner.py:218} WARNING - Heartbeat failed with Exception: PID of job runner does not match
[2025-06-12T12:25:21.632+0200] {local_task_job_runner.py:318} WARNING - Recorded pid 11703 does not match the current pid 11583
[2025-06-12T12:25:21.632+0200] {local_task_job_runner.py:218} WARNING - Heartbeat failed with Exception: PID of job runner does not match
[2025-06-12T12:25:26.651+0200] {local_task_job_runner.py:318} WARNING - Recorded pid 11703 does not match the current pid 11583
[2025-06-12T12:25:26.651+0200] {local_task_job_runner.py:218} WARNING - Heartbeat failed with Exception: PID of job runner does not match
[2025-06-12T12:25:31.669+0200] {local_task_job_runner.py:318} WARNING - Recorded pid 11703 does not match the current pid 11583
[2025-06-12T12:25:31.669+0200] {local_task_job_runner.py:218} WARNING - Heartbeat failed with Exception: PID of job runner does not match
[2025-06-12T12:25:36.688+0200] {local_task_job_runner.py:318} WARNING - Recorded pid 11703 does not match the current pid 11583
[2025-06-12T12:25:36.688+0200] {local_task_job_runner.py:218} WARNING - Heartbeat failed with Exception: PID of job runner does not match
[2025-06-12T12:25:41.707+0200] {local_task_job_runner.py:318} WARNING - Recorded pid 11703 does not match the current pid 11583
[2025-06-12T12:25:41.708+0200] {local_task_job_runner.py:218} WARNING - Heartbeat failed with Exception: PID of job runner does not match
[2025-06-12T12:25:46.727+0200] {local_task_job_runner.py:318} WARNING - Recorded pid 11703 does not match the current pid 11583
[2025-06-12T12:25:46.727+0200] {local_task_job_runner.py:218} WARNING - Heartbeat failed with Exception: PID of job runner does not match
[2025-06-12T12:25:51.745+0200] {local_task_job_runner.py:318} WARNING - Recorded pid 11703 does not match the current pid 11583
[2025-06-12T12:25:51.745+0200] {local_task_job_runner.py:218} WARNING - Heartbeat failed with Exception: PID of job runner does not match
[2025-06-12T12:25:56.765+0200] {local_task_job_runner.py:318} WARNING - Recorded pid 11703 does not match the current pid 11583
[2025-06-12T12:25:56.766+0200] {local_task_job_runner.py:218} WARNING - Heartbeat failed with Exception: PID of job runner does not match
[2025-06-12T12:26:01.785+0200] {local_task_job_runner.py:318} WARNING - Recorded pid 11703 does not match the current pid 11583
[2025-06-12T12:26:01.785+0200] {local_task_job_runner.py:218} WARNING - Heartbeat failed with Exception: PID of job runner does not match
[2025-06-12T12:26:06.804+0200] {local_task_job_runner.py:318} WARNING - Recorded pid 11703 does not match the current pid 11583
[2025-06-12T12:26:06.804+0200] {local_task_job_runner.py:218} WARNING - Heartbeat failed with Exception: PID of job runner does not match
[2025-06-12T12:26:11.823+0200] {local_task_job_runner.py:318} WARNING - Recorded pid 11703 does not match the current pid 11583
[2025-06-12T12:26:11.823+0200] {local_task_job_runner.py:218} WARNING - Heartbeat failed with Exception: PID of job runner does not match
[2025-06-12T12:26:16.842+0200] {local_task_job_runner.py:318} WARNING - Recorded pid 11703 does not match the current pid 11583
[2025-06-12T12:26:16.843+0200] {local_task_job_runner.py:218} WARNING - Heartbeat failed with Exception: PID of job runner does not match
[2025-06-12T12:26:21.862+0200] {local_task_job_runner.py:318} WARNING - Recorded pid 11703 does not match the current pid 11583
[2025-06-12T12:26:21.863+0200] {local_task_job_runner.py:218} WARNING - Heartbeat failed with Exception: PID of job runner does not match
[2025-06-12T12:26:26.881+0200] {local_task_job_runner.py:318} WARNING - Recorded pid 11703 does not match the current pid 11583
[2025-06-12T12:26:26.881+0200] {local_task_job_runner.py:218} WARNING - Heartbeat failed with Exception: PID of job runner does not match
[2025-06-12T12:26:31.900+0200] {local_task_job_runner.py:318} WARNING - Recorded pid 11703 does not match the current pid 11583
[2025-06-12T12:26:31.901+0200] {local_task_job_runner.py:218} WARNING - Heartbeat failed with Exception: PID of job runner does not match
[2025-06-12T12:26:36.920+0200] {local_task_job_runner.py:318} WARNING - Recorded pid 11703 does not match the current pid 11583
[2025-06-12T12:26:36.920+0200] {local_task_job_runner.py:218} WARNING - Heartbeat failed with Exception: PID of job runner does not match
[2025-06-12T12:26:41.938+0200] {local_task_job_runner.py:318} WARNING - Recorded pid 11703 does not match the current pid 11583
[2025-06-12T12:26:41.939+0200] {local_task_job_runner.py:218} WARNING - Heartbeat failed with Exception: PID of job runner does not match
[2025-06-12T12:26:46.957+0200] {local_task_job_runner.py:318} WARNING - Recorded pid 11703 does not match the current pid 11583
[2025-06-12T12:26:46.957+0200] {local_task_job_runner.py:218} WARNING - Heartbeat failed with Exception: PID of job runner does not match
[2025-06-12T12:26:51.975+0200] {local_task_job_runner.py:318} WARNING - Recorded pid 11703 does not match the current pid 11583
[2025-06-12T12:26:51.975+0200] {local_task_job_runner.py:218} WARNING - Heartbeat failed with Exception: PID of job runner does not match
[2025-06-12T12:26:56.992+0200] {local_task_job_runner.py:318} WARNING - Recorded pid 11703 does not match the current pid 11583
[2025-06-12T12:26:56.992+0200] {local_task_job_runner.py:218} WARNING - Heartbeat failed with Exception: PID of job runner does not match
[2025-06-12T12:27:02.012+0200] {local_task_job_runner.py:318} WARNING - Recorded pid 11703 does not match the current pid 11583
[2025-06-12T12:27:02.012+0200] {local_task_job_runner.py:218} WARNING - Heartbeat failed with Exception: PID of job runner does not match
[2025-06-12T12:27:07.033+0200] {local_task_job_runner.py:318} WARNING - Recorded pid 11703 does not match the current pid 11583
[2025-06-12T12:27:07.033+0200] {local_task_job_runner.py:218} WARNING - Heartbeat failed with Exception: PID of job runner does not match
[2025-06-12T12:27:12.052+0200] {local_task_job_runner.py:318} WARNING - Recorded pid 11703 does not match the current pid 11583
[2025-06-12T12:27:12.053+0200] {local_task_job_runner.py:218} WARNING - Heartbeat failed with Exception: PID of job runner does not match
[2025-06-12T12:27:17.072+0200] {local_task_job_runner.py:318} WARNING - Recorded pid 11703 does not match the current pid 11583
[2025-06-12T12:27:17.072+0200] {local_task_job_runner.py:218} WARNING - Heartbeat failed with Exception: PID of job runner does not match
[2025-06-12T12:27:22.090+0200] {local_task_job_runner.py:318} WARNING - Recorded pid 11703 does not match the current pid 11583
[2025-06-12T12:27:22.090+0200] {local_task_job_runner.py:218} WARNING - Heartbeat failed with Exception: PID of job runner does not match
[2025-06-12T12:27:27.111+0200] {local_task_job_runner.py:318} WARNING - Recorded pid 11703 does not match the current pid 11583
[2025-06-12T12:27:27.111+0200] {local_task_job_runner.py:218} WARNING - Heartbeat failed with Exception: PID of job runner does not match
[2025-06-12T12:27:32.125+0200] {local_task_job_runner.py:318} WARNING - Recorded pid 11703 does not match the current pid 11583
[2025-06-12T12:27:32.125+0200] {local_task_job_runner.py:218} WARNING - Heartbeat failed with Exception: PID of job runner does not match
[2025-06-12T12:27:37.138+0200] {local_task_job_runner.py:318} WARNING - Recorded pid 11703 does not match the current pid 11583
[2025-06-12T12:27:37.138+0200] {local_task_job_runner.py:218} WARNING - Heartbeat failed with Exception: PID of job runner does not match
[2025-06-12T12:27:42.155+0200] {local_task_job_runner.py:318} WARNING - Recorded pid 11703 does not match the current pid 11583
[2025-06-12T12:27:42.155+0200] {local_task_job_runner.py:218} WARNING - Heartbeat failed with Exception: PID of job runner does not match
[2025-06-12T12:27:47.174+0200] {local_task_job_runner.py:318} WARNING - Recorded pid 11703 does not match the current pid 11583
[2025-06-12T12:27:47.174+0200] {local_task_job_runner.py:218} WARNING - Heartbeat failed with Exception: PID of job runner does not match
[2025-06-12T12:27:52.193+0200] {local_task_job_runner.py:318} WARNING - Recorded pid 11703 does not match the current pid 11583
[2025-06-12T12:27:52.193+0200] {local_task_job_runner.py:218} WARNING - Heartbeat failed with Exception: PID of job runner does not match
[2025-06-12T12:27:57.213+0200] {local_task_job_runner.py:318} WARNING - Recorded pid 11703 does not match the current pid 11583
[2025-06-12T12:27:57.213+0200] {local_task_job_runner.py:218} WARNING - Heartbeat failed with Exception: PID of job runner does not match
[2025-06-12T12:28:02.232+0200] {local_task_job_runner.py:318} WARNING - Recorded pid 11703 does not match the current pid 11583
[2025-06-12T12:28:02.232+0200] {local_task_job_runner.py:218} WARNING - Heartbeat failed with Exception: PID of job runner does not match
[2025-06-12T12:28:07.251+0200] {local_task_job_runner.py:318} WARNING - Recorded pid 11703 does not match the current pid 11583
[2025-06-12T12:28:07.251+0200] {local_task_job_runner.py:218} WARNING - Heartbeat failed with Exception: PID of job runner does not match
[2025-06-12T12:28:12.270+0200] {local_task_job_runner.py:318} WARNING - Recorded pid 11703 does not match the current pid 11583
[2025-06-12T12:28:12.270+0200] {local_task_job_runner.py:218} WARNING - Heartbeat failed with Exception: PID of job runner does not match
[2025-06-12T12:28:14.999+0200] {local_task_job_runner.py:245} INFO - ::endgroup::
[2025-06-12T12:28:15.005+0200] {process_utils.py:132} INFO - Sending Signals.SIGTERM to group 11583. PIDs of all processes in the group: [11583]
[2025-06-12T12:28:15.005+0200] {process_utils.py:87} INFO - Sending the signal Signals.SIGTERM to group 11583
