[2025-06-12T10:37:36.884+0200] {processor.py:186} INFO - Started process (PID=8473) to work on /Users/gordanaristova/MyProjects/MyRpaProject/venv/lib/python3.10/site-packages/airflow/example_dags/example_branch_datetime_operator.py
[2025-06-12T10:37:36.884+0200] {processor.py:914} INFO - Processing file /Users/gordanaristova/MyProjects/MyRpaProject/venv/lib/python3.10/site-packages/airflow/example_dags/example_branch_datetime_operator.py for tasks to queue
[2025-06-12T10:37:36.884+0200] {logging_mixin.py:190} INFO - [2025-06-12T10:37:36.884+0200] {dagbag.py:588} INFO - Filling up the DagBag from /Users/gordanaristova/MyProjects/MyRpaProject/venv/lib/python3.10/site-packages/airflow/example_dags/example_branch_datetime_operator.py
[2025-06-12T10:37:36.889+0200] {processor.py:925} INFO - DAG(s) 'example_branch_datetime_operator_2', 'example_branch_datetime_operator', 'example_branch_datetime_operator_3' retrieved from /Users/gordanaristova/MyProjects/MyRpaProject/venv/lib/python3.10/site-packages/airflow/example_dags/example_branch_datetime_operator.py
[2025-06-12T10:37:36.944+0200] {logging_mixin.py:190} INFO - [2025-06-12T10:37:36.944+0200] {override.py:1900} INFO - Created Permission View: can read on DAG:example_branch_datetime_operator_2
[2025-06-12T10:37:36.946+0200] {logging_mixin.py:190} INFO - [2025-06-12T10:37:36.946+0200] {override.py:1900} INFO - Created Permission View: can edit on DAG:example_branch_datetime_operator_2
[2025-06-12T10:37:36.948+0200] {logging_mixin.py:190} INFO - [2025-06-12T10:37:36.948+0200] {override.py:1900} INFO - Created Permission View: can delete on DAG:example_branch_datetime_operator_2
[2025-06-12T10:37:36.950+0200] {logging_mixin.py:190} INFO - [2025-06-12T10:37:36.949+0200] {override.py:1900} INFO - Created Permission View: can read on DAG Run:example_branch_datetime_operator_2
[2025-06-12T10:37:36.951+0200] {logging_mixin.py:190} INFO - [2025-06-12T10:37:36.951+0200] {override.py:1900} INFO - Created Permission View: can delete on DAG Run:example_branch_datetime_operator_2
[2025-06-12T10:37:36.953+0200] {logging_mixin.py:190} INFO - [2025-06-12T10:37:36.953+0200] {override.py:1900} INFO - Created Permission View: menu access on DAG Run:example_branch_datetime_operator_2
[2025-06-12T10:37:36.955+0200] {logging_mixin.py:190} INFO - [2025-06-12T10:37:36.955+0200] {override.py:1900} INFO - Created Permission View: can create on DAG Run:example_branch_datetime_operator_2
[2025-06-12T10:37:36.958+0200] {logging_mixin.py:190} INFO - [2025-06-12T10:37:36.958+0200] {override.py:1900} INFO - Created Permission View: can read on DAG:example_branch_datetime_operator
[2025-06-12T10:37:36.959+0200] {logging_mixin.py:190} INFO - [2025-06-12T10:37:36.959+0200] {override.py:1900} INFO - Created Permission View: can edit on DAG:example_branch_datetime_operator
[2025-06-12T10:37:36.961+0200] {logging_mixin.py:190} INFO - [2025-06-12T10:37:36.961+0200] {override.py:1900} INFO - Created Permission View: can delete on DAG:example_branch_datetime_operator
[2025-06-12T10:37:36.962+0200] {logging_mixin.py:190} INFO - [2025-06-12T10:37:36.962+0200] {override.py:1900} INFO - Created Permission View: can read on DAG Run:example_branch_datetime_operator
[2025-06-12T10:37:36.964+0200] {logging_mixin.py:190} INFO - [2025-06-12T10:37:36.964+0200] {override.py:1900} INFO - Created Permission View: can delete on DAG Run:example_branch_datetime_operator
[2025-06-12T10:37:36.965+0200] {logging_mixin.py:190} INFO - [2025-06-12T10:37:36.965+0200] {override.py:1900} INFO - Created Permission View: menu access on DAG Run:example_branch_datetime_operator
[2025-06-12T10:37:36.966+0200] {logging_mixin.py:190} INFO - [2025-06-12T10:37:36.966+0200] {override.py:1900} INFO - Created Permission View: can create on DAG Run:example_branch_datetime_operator
[2025-06-12T10:37:36.970+0200] {logging_mixin.py:190} INFO - [2025-06-12T10:37:36.970+0200] {override.py:1900} INFO - Created Permission View: can read on DAG:example_branch_datetime_operator_3
[2025-06-12T10:37:36.971+0200] {logging_mixin.py:190} INFO - [2025-06-12T10:37:36.971+0200] {override.py:1900} INFO - Created Permission View: can edit on DAG:example_branch_datetime_operator_3
[2025-06-12T10:37:36.972+0200] {logging_mixin.py:190} INFO - [2025-06-12T10:37:36.972+0200] {override.py:1900} INFO - Created Permission View: can delete on DAG:example_branch_datetime_operator_3
[2025-06-12T10:37:36.974+0200] {logging_mixin.py:190} INFO - [2025-06-12T10:37:36.974+0200] {override.py:1900} INFO - Created Permission View: can read on DAG Run:example_branch_datetime_operator_3
[2025-06-12T10:37:36.976+0200] {logging_mixin.py:190} INFO - [2025-06-12T10:37:36.976+0200] {override.py:1900} INFO - Created Permission View: can delete on DAG Run:example_branch_datetime_operator_3
[2025-06-12T10:37:36.978+0200] {logging_mixin.py:190} INFO - [2025-06-12T10:37:36.977+0200] {override.py:1900} INFO - Created Permission View: menu access on DAG Run:example_branch_datetime_operator_3
[2025-06-12T10:37:36.979+0200] {logging_mixin.py:190} INFO - [2025-06-12T10:37:36.979+0200] {override.py:1900} INFO - Created Permission View: can create on DAG Run:example_branch_datetime_operator_3
[2025-06-12T10:37:36.979+0200] {logging_mixin.py:190} INFO - [2025-06-12T10:37:36.979+0200] {dag.py:3239} INFO - Sync 3 DAGs
[2025-06-12T10:37:36.982+0200] {logging_mixin.py:190} INFO - [2025-06-12T10:37:36.982+0200] {dag.py:3262} INFO - Creating ORM DAG for example_branch_datetime_operator_2
[2025-06-12T10:37:36.982+0200] {logging_mixin.py:190} INFO - [2025-06-12T10:37:36.982+0200] {dag.py:3262} INFO - Creating ORM DAG for example_branch_datetime_operator_3
[2025-06-12T10:37:36.982+0200] {logging_mixin.py:190} INFO - [2025-06-12T10:37:36.982+0200] {dag.py:3262} INFO - Creating ORM DAG for example_branch_datetime_operator
[2025-06-12T10:37:36.985+0200] {logging_mixin.py:190} INFO - [2025-06-12T10:37:36.985+0200] {dag.py:4180} INFO - Setting next_dagrun for example_branch_datetime_operator to 2025-06-11 00:00:00+00:00, run_after=2025-06-12 00:00:00+00:00
[2025-06-12T10:37:36.985+0200] {logging_mixin.py:190} INFO - [2025-06-12T10:37:36.985+0200] {dag.py:4180} INFO - Setting next_dagrun for example_branch_datetime_operator_2 to 2025-06-11 00:00:00+00:00, run_after=2025-06-12 00:00:00+00:00
[2025-06-12T10:37:36.986+0200] {logging_mixin.py:190} INFO - [2025-06-12T10:37:36.986+0200] {dag.py:4180} INFO - Setting next_dagrun for example_branch_datetime_operator_3 to 2025-06-11 00:00:00+00:00, run_after=2025-06-12 00:00:00+00:00
[2025-06-12T10:37:36.990+0200] {processor.py:208} INFO - Processing /Users/gordanaristova/MyProjects/MyRpaProject/venv/lib/python3.10/site-packages/airflow/example_dags/example_branch_datetime_operator.py took 0.107 seconds
[2025-06-12T10:39:24.779+0200] {processor.py:186} INFO - Started process (PID=8560) to work on /Users/gordanaristova/MyProjects/MyRpaProject/venv/lib/python3.10/site-packages/airflow/example_dags/example_branch_datetime_operator.py
[2025-06-12T10:39:24.779+0200] {processor.py:914} INFO - Processing file /Users/gordanaristova/MyProjects/MyRpaProject/venv/lib/python3.10/site-packages/airflow/example_dags/example_branch_datetime_operator.py for tasks to queue
[2025-06-12T10:39:24.779+0200] {logging_mixin.py:190} INFO - [2025-06-12T10:39:24.779+0200] {dagbag.py:588} INFO - Filling up the DagBag from /Users/gordanaristova/MyProjects/MyRpaProject/venv/lib/python3.10/site-packages/airflow/example_dags/example_branch_datetime_operator.py
[2025-06-12T10:39:24.783+0200] {processor.py:925} INFO - DAG(s) 'example_branch_datetime_operator', 'example_branch_datetime_operator_3', 'example_branch_datetime_operator_2' retrieved from /Users/gordanaristova/MyProjects/MyRpaProject/venv/lib/python3.10/site-packages/airflow/example_dags/example_branch_datetime_operator.py
[2025-06-12T10:39:24.812+0200] {logging_mixin.py:190} INFO - [2025-06-12T10:39:24.812+0200] {dag.py:3239} INFO - Sync 3 DAGs
[2025-06-12T10:39:24.818+0200] {logging_mixin.py:190} INFO - [2025-06-12T10:39:24.817+0200] {dag.py:4180} INFO - Setting next_dagrun for example_branch_datetime_operator to 2025-06-11 00:00:00+00:00, run_after=2025-06-12 00:00:00+00:00
[2025-06-12T10:39:24.819+0200] {logging_mixin.py:190} INFO - [2025-06-12T10:39:24.819+0200] {dag.py:4180} INFO - Setting next_dagrun for example_branch_datetime_operator_2 to 2025-06-11 00:00:00+00:00, run_after=2025-06-12 00:00:00+00:00
[2025-06-12T10:39:24.819+0200] {logging_mixin.py:190} INFO - [2025-06-12T10:39:24.819+0200] {dag.py:4180} INFO - Setting next_dagrun for example_branch_datetime_operator_3 to 2025-06-11 00:00:00+00:00, run_after=2025-06-12 00:00:00+00:00
[2025-06-12T10:39:24.823+0200] {processor.py:208} INFO - Processing /Users/gordanaristova/MyProjects/MyRpaProject/venv/lib/python3.10/site-packages/airflow/example_dags/example_branch_datetime_operator.py took 0.046 seconds
[2025-06-12T10:41:07.071+0200] {processor.py:186} INFO - Started process (PID=8647) to work on /Users/gordanaristova/MyProjects/MyRpaProject/venv/lib/python3.10/site-packages/airflow/example_dags/example_branch_datetime_operator.py
[2025-06-12T10:41:07.072+0200] {processor.py:914} INFO - Processing file /Users/gordanaristova/MyProjects/MyRpaProject/venv/lib/python3.10/site-packages/airflow/example_dags/example_branch_datetime_operator.py for tasks to queue
[2025-06-12T10:41:07.072+0200] {logging_mixin.py:190} INFO - [2025-06-12T10:41:07.072+0200] {dagbag.py:588} INFO - Filling up the DagBag from /Users/gordanaristova/MyProjects/MyRpaProject/venv/lib/python3.10/site-packages/airflow/example_dags/example_branch_datetime_operator.py
[2025-06-12T10:41:07.076+0200] {processor.py:925} INFO - DAG(s) 'example_branch_datetime_operator_3', 'example_branch_datetime_operator', 'example_branch_datetime_operator_2' retrieved from /Users/gordanaristova/MyProjects/MyRpaProject/venv/lib/python3.10/site-packages/airflow/example_dags/example_branch_datetime_operator.py
[2025-06-12T10:41:07.106+0200] {logging_mixin.py:190} INFO - [2025-06-12T10:41:07.106+0200] {dag.py:3239} INFO - Sync 3 DAGs
[2025-06-12T10:41:07.112+0200] {logging_mixin.py:190} INFO - [2025-06-12T10:41:07.112+0200] {dag.py:4180} INFO - Setting next_dagrun for example_branch_datetime_operator to 2025-06-11 00:00:00+00:00, run_after=2025-06-12 00:00:00+00:00
[2025-06-12T10:41:07.113+0200] {logging_mixin.py:190} INFO - [2025-06-12T10:41:07.113+0200] {dag.py:4180} INFO - Setting next_dagrun for example_branch_datetime_operator_2 to 2025-06-11 00:00:00+00:00, run_after=2025-06-12 00:00:00+00:00
[2025-06-12T10:41:07.114+0200] {logging_mixin.py:190} INFO - [2025-06-12T10:41:07.114+0200] {dag.py:4180} INFO - Setting next_dagrun for example_branch_datetime_operator_3 to 2025-06-11 00:00:00+00:00, run_after=2025-06-12 00:00:00+00:00
[2025-06-12T10:41:07.118+0200] {processor.py:208} INFO - Processing /Users/gordanaristova/MyProjects/MyRpaProject/venv/lib/python3.10/site-packages/airflow/example_dags/example_branch_datetime_operator.py took 0.048 seconds
[2025-06-12T10:42:54.513+0200] {processor.py:186} INFO - Started process (PID=8734) to work on /Users/gordanaristova/MyProjects/MyRpaProject/venv/lib/python3.10/site-packages/airflow/example_dags/example_branch_datetime_operator.py
[2025-06-12T10:42:54.513+0200] {processor.py:914} INFO - Processing file /Users/gordanaristova/MyProjects/MyRpaProject/venv/lib/python3.10/site-packages/airflow/example_dags/example_branch_datetime_operator.py for tasks to queue
[2025-06-12T10:42:54.513+0200] {logging_mixin.py:190} INFO - [2025-06-12T10:42:54.513+0200] {dagbag.py:588} INFO - Filling up the DagBag from /Users/gordanaristova/MyProjects/MyRpaProject/venv/lib/python3.10/site-packages/airflow/example_dags/example_branch_datetime_operator.py
[2025-06-12T10:42:54.517+0200] {processor.py:925} INFO - DAG(s) 'example_branch_datetime_operator_2', 'example_branch_datetime_operator_3', 'example_branch_datetime_operator' retrieved from /Users/gordanaristova/MyProjects/MyRpaProject/venv/lib/python3.10/site-packages/airflow/example_dags/example_branch_datetime_operator.py
[2025-06-12T10:42:54.546+0200] {logging_mixin.py:190} INFO - [2025-06-12T10:42:54.546+0200] {dag.py:3239} INFO - Sync 3 DAGs
[2025-06-12T10:42:54.551+0200] {logging_mixin.py:190} INFO - [2025-06-12T10:42:54.551+0200] {dag.py:4180} INFO - Setting next_dagrun for example_branch_datetime_operator to 2025-06-11 00:00:00+00:00, run_after=2025-06-12 00:00:00+00:00
[2025-06-12T10:42:54.552+0200] {logging_mixin.py:190} INFO - [2025-06-12T10:42:54.552+0200] {dag.py:4180} INFO - Setting next_dagrun for example_branch_datetime_operator_2 to 2025-06-11 00:00:00+00:00, run_after=2025-06-12 00:00:00+00:00
[2025-06-12T10:42:54.553+0200] {logging_mixin.py:190} INFO - [2025-06-12T10:42:54.553+0200] {dag.py:4180} INFO - Setting next_dagrun for example_branch_datetime_operator_3 to 2025-06-11 00:00:00+00:00, run_after=2025-06-12 00:00:00+00:00
[2025-06-12T10:42:54.557+0200] {processor.py:208} INFO - Processing /Users/gordanaristova/MyProjects/MyRpaProject/venv/lib/python3.10/site-packages/airflow/example_dags/example_branch_datetime_operator.py took 0.045 seconds
[2025-06-12T10:44:40.685+0200] {processor.py:186} INFO - Started process (PID=8885) to work on /Users/gordanaristova/MyProjects/MyRpaProject/venv/lib/python3.10/site-packages/airflow/example_dags/example_branch_datetime_operator.py
[2025-06-12T10:44:40.686+0200] {processor.py:914} INFO - Processing file /Users/gordanaristova/MyProjects/MyRpaProject/venv/lib/python3.10/site-packages/airflow/example_dags/example_branch_datetime_operator.py for tasks to queue
[2025-06-12T10:44:40.686+0200] {logging_mixin.py:190} INFO - [2025-06-12T10:44:40.686+0200] {dagbag.py:588} INFO - Filling up the DagBag from /Users/gordanaristova/MyProjects/MyRpaProject/venv/lib/python3.10/site-packages/airflow/example_dags/example_branch_datetime_operator.py
[2025-06-12T10:44:40.690+0200] {processor.py:925} INFO - DAG(s) 'example_branch_datetime_operator_3', 'example_branch_datetime_operator_2', 'example_branch_datetime_operator' retrieved from /Users/gordanaristova/MyProjects/MyRpaProject/venv/lib/python3.10/site-packages/airflow/example_dags/example_branch_datetime_operator.py
[2025-06-12T10:44:40.720+0200] {logging_mixin.py:190} INFO - [2025-06-12T10:44:40.720+0200] {dag.py:3239} INFO - Sync 3 DAGs
[2025-06-12T10:44:40.726+0200] {logging_mixin.py:190} INFO - [2025-06-12T10:44:40.726+0200] {dag.py:4180} INFO - Setting next_dagrun for example_branch_datetime_operator to 2025-06-11 00:00:00+00:00, run_after=2025-06-12 00:00:00+00:00
[2025-06-12T10:44:40.727+0200] {logging_mixin.py:190} INFO - [2025-06-12T10:44:40.727+0200] {dag.py:4180} INFO - Setting next_dagrun for example_branch_datetime_operator_2 to 2025-06-11 00:00:00+00:00, run_after=2025-06-12 00:00:00+00:00
[2025-06-12T10:44:40.728+0200] {logging_mixin.py:190} INFO - [2025-06-12T10:44:40.728+0200] {dag.py:4180} INFO - Setting next_dagrun for example_branch_datetime_operator_3 to 2025-06-11 00:00:00+00:00, run_after=2025-06-12 00:00:00+00:00
[2025-06-12T10:44:40.732+0200] {processor.py:208} INFO - Processing /Users/gordanaristova/MyProjects/MyRpaProject/venv/lib/python3.10/site-packages/airflow/example_dags/example_branch_datetime_operator.py took 0.048 seconds
[2025-06-12T10:46:26.653+0200] {processor.py:186} INFO - Started process (PID=8982) to work on /Users/gordanaristova/MyProjects/MyRpaProject/venv/lib/python3.10/site-packages/airflow/example_dags/example_branch_datetime_operator.py
[2025-06-12T10:46:26.654+0200] {processor.py:914} INFO - Processing file /Users/gordanaristova/MyProjects/MyRpaProject/venv/lib/python3.10/site-packages/airflow/example_dags/example_branch_datetime_operator.py for tasks to queue
[2025-06-12T10:46:26.654+0200] {logging_mixin.py:190} INFO - [2025-06-12T10:46:26.654+0200] {dagbag.py:588} INFO - Filling up the DagBag from /Users/gordanaristova/MyProjects/MyRpaProject/venv/lib/python3.10/site-packages/airflow/example_dags/example_branch_datetime_operator.py
[2025-06-12T10:46:26.657+0200] {processor.py:925} INFO - DAG(s) 'example_branch_datetime_operator', 'example_branch_datetime_operator_2', 'example_branch_datetime_operator_3' retrieved from /Users/gordanaristova/MyProjects/MyRpaProject/venv/lib/python3.10/site-packages/airflow/example_dags/example_branch_datetime_operator.py
[2025-06-12T10:46:26.687+0200] {logging_mixin.py:190} INFO - [2025-06-12T10:46:26.687+0200] {dag.py:3239} INFO - Sync 3 DAGs
[2025-06-12T10:46:26.692+0200] {logging_mixin.py:190} INFO - [2025-06-12T10:46:26.692+0200] {dag.py:4180} INFO - Setting next_dagrun for example_branch_datetime_operator to 2025-06-11 00:00:00+00:00, run_after=2025-06-12 00:00:00+00:00
[2025-06-12T10:46:26.694+0200] {logging_mixin.py:190} INFO - [2025-06-12T10:46:26.694+0200] {dag.py:4180} INFO - Setting next_dagrun for example_branch_datetime_operator_2 to 2025-06-11 00:00:00+00:00, run_after=2025-06-12 00:00:00+00:00
[2025-06-12T10:46:26.694+0200] {logging_mixin.py:190} INFO - [2025-06-12T10:46:26.694+0200] {dag.py:4180} INFO - Setting next_dagrun for example_branch_datetime_operator_3 to 2025-06-11 00:00:00+00:00, run_after=2025-06-12 00:00:00+00:00
[2025-06-12T10:46:26.698+0200] {processor.py:208} INFO - Processing /Users/gordanaristova/MyProjects/MyRpaProject/venv/lib/python3.10/site-packages/airflow/example_dags/example_branch_datetime_operator.py took 0.046 seconds
[2025-06-12T10:48:19.351+0200] {processor.py:186} INFO - Started process (PID=9126) to work on /Users/gordanaristova/MyProjects/MyRpaProject/venv/lib/python3.10/site-packages/airflow/example_dags/example_branch_datetime_operator.py
[2025-06-12T10:48:19.352+0200] {processor.py:914} INFO - Processing file /Users/gordanaristova/MyProjects/MyRpaProject/venv/lib/python3.10/site-packages/airflow/example_dags/example_branch_datetime_operator.py for tasks to queue
[2025-06-12T10:48:19.352+0200] {logging_mixin.py:190} INFO - [2025-06-12T10:48:19.352+0200] {dagbag.py:588} INFO - Filling up the DagBag from /Users/gordanaristova/MyProjects/MyRpaProject/venv/lib/python3.10/site-packages/airflow/example_dags/example_branch_datetime_operator.py
[2025-06-12T10:48:19.356+0200] {processor.py:925} INFO - DAG(s) 'example_branch_datetime_operator_2', 'example_branch_datetime_operator_3', 'example_branch_datetime_operator' retrieved from /Users/gordanaristova/MyProjects/MyRpaProject/venv/lib/python3.10/site-packages/airflow/example_dags/example_branch_datetime_operator.py
[2025-06-12T10:48:19.387+0200] {logging_mixin.py:190} INFO - [2025-06-12T10:48:19.387+0200] {dag.py:3239} INFO - Sync 3 DAGs
[2025-06-12T10:48:19.392+0200] {logging_mixin.py:190} INFO - [2025-06-12T10:48:19.392+0200] {dag.py:4180} INFO - Setting next_dagrun for example_branch_datetime_operator to 2025-06-11 00:00:00+00:00, run_after=2025-06-12 00:00:00+00:00
[2025-06-12T10:48:19.394+0200] {logging_mixin.py:190} INFO - [2025-06-12T10:48:19.394+0200] {dag.py:4180} INFO - Setting next_dagrun for example_branch_datetime_operator_2 to 2025-06-11 00:00:00+00:00, run_after=2025-06-12 00:00:00+00:00
[2025-06-12T10:48:19.394+0200] {logging_mixin.py:190} INFO - [2025-06-12T10:48:19.394+0200] {dag.py:4180} INFO - Setting next_dagrun for example_branch_datetime_operator_3 to 2025-06-11 00:00:00+00:00, run_after=2025-06-12 00:00:00+00:00
[2025-06-12T10:48:19.398+0200] {processor.py:208} INFO - Processing /Users/gordanaristova/MyProjects/MyRpaProject/venv/lib/python3.10/site-packages/airflow/example_dags/example_branch_datetime_operator.py took 0.048 seconds
[2025-06-12T10:50:07.277+0200] {processor.py:186} INFO - Started process (PID=9243) to work on /Users/gordanaristova/MyProjects/MyRpaProject/venv/lib/python3.10/site-packages/airflow/example_dags/example_branch_datetime_operator.py
[2025-06-12T10:50:07.278+0200] {processor.py:914} INFO - Processing file /Users/gordanaristova/MyProjects/MyRpaProject/venv/lib/python3.10/site-packages/airflow/example_dags/example_branch_datetime_operator.py for tasks to queue
[2025-06-12T10:50:07.278+0200] {logging_mixin.py:190} INFO - [2025-06-12T10:50:07.278+0200] {dagbag.py:588} INFO - Filling up the DagBag from /Users/gordanaristova/MyProjects/MyRpaProject/venv/lib/python3.10/site-packages/airflow/example_dags/example_branch_datetime_operator.py
[2025-06-12T10:50:07.282+0200] {processor.py:925} INFO - DAG(s) 'example_branch_datetime_operator_2', 'example_branch_datetime_operator_3', 'example_branch_datetime_operator' retrieved from /Users/gordanaristova/MyProjects/MyRpaProject/venv/lib/python3.10/site-packages/airflow/example_dags/example_branch_datetime_operator.py
[2025-06-12T10:50:07.312+0200] {logging_mixin.py:190} INFO - [2025-06-12T10:50:07.312+0200] {dag.py:3239} INFO - Sync 3 DAGs
[2025-06-12T10:50:07.318+0200] {logging_mixin.py:190} INFO - [2025-06-12T10:50:07.318+0200] {dag.py:4180} INFO - Setting next_dagrun for example_branch_datetime_operator to 2025-06-11 00:00:00+00:00, run_after=2025-06-12 00:00:00+00:00
[2025-06-12T10:50:07.319+0200] {logging_mixin.py:190} INFO - [2025-06-12T10:50:07.319+0200] {dag.py:4180} INFO - Setting next_dagrun for example_branch_datetime_operator_2 to 2025-06-11 00:00:00+00:00, run_after=2025-06-12 00:00:00+00:00
[2025-06-12T10:50:07.319+0200] {logging_mixin.py:190} INFO - [2025-06-12T10:50:07.319+0200] {dag.py:4180} INFO - Setting next_dagrun for example_branch_datetime_operator_3 to 2025-06-11 00:00:00+00:00, run_after=2025-06-12 00:00:00+00:00
[2025-06-12T10:50:07.324+0200] {processor.py:208} INFO - Processing /Users/gordanaristova/MyProjects/MyRpaProject/venv/lib/python3.10/site-packages/airflow/example_dags/example_branch_datetime_operator.py took 0.048 seconds
[2025-06-12T10:57:47.677+0200] {processor.py:186} INFO - Started process (PID=9491) to work on /Users/gordanaristova/MyProjects/MyRpaProject/venv/lib/python3.10/site-packages/airflow/example_dags/example_branch_datetime_operator.py
[2025-06-12T10:57:47.678+0200] {processor.py:914} INFO - Processing file /Users/gordanaristova/MyProjects/MyRpaProject/venv/lib/python3.10/site-packages/airflow/example_dags/example_branch_datetime_operator.py for tasks to queue
[2025-06-12T10:57:47.679+0200] {logging_mixin.py:190} INFO - [2025-06-12T10:57:47.679+0200] {dagbag.py:588} INFO - Filling up the DagBag from /Users/gordanaristova/MyProjects/MyRpaProject/venv/lib/python3.10/site-packages/airflow/example_dags/example_branch_datetime_operator.py
[2025-06-12T10:57:47.682+0200] {processor.py:925} INFO - DAG(s) 'example_branch_datetime_operator_3', 'example_branch_datetime_operator_2', 'example_branch_datetime_operator' retrieved from /Users/gordanaristova/MyProjects/MyRpaProject/venv/lib/python3.10/site-packages/airflow/example_dags/example_branch_datetime_operator.py
[2025-06-12T10:57:47.712+0200] {logging_mixin.py:190} INFO - [2025-06-12T10:57:47.712+0200] {dag.py:3239} INFO - Sync 3 DAGs
[2025-06-12T10:57:47.718+0200] {logging_mixin.py:190} INFO - [2025-06-12T10:57:47.718+0200] {dag.py:4180} INFO - Setting next_dagrun for example_branch_datetime_operator to 2025-06-11 00:00:00+00:00, run_after=2025-06-12 00:00:00+00:00
[2025-06-12T10:57:47.719+0200] {logging_mixin.py:190} INFO - [2025-06-12T10:57:47.719+0200] {dag.py:4180} INFO - Setting next_dagrun for example_branch_datetime_operator_2 to 2025-06-11 00:00:00+00:00, run_after=2025-06-12 00:00:00+00:00
[2025-06-12T10:57:47.720+0200] {logging_mixin.py:190} INFO - [2025-06-12T10:57:47.720+0200] {dag.py:4180} INFO - Setting next_dagrun for example_branch_datetime_operator_3 to 2025-06-11 00:00:00+00:00, run_after=2025-06-12 00:00:00+00:00
[2025-06-12T10:57:47.724+0200] {processor.py:208} INFO - Processing /Users/gordanaristova/MyProjects/MyRpaProject/venv/lib/python3.10/site-packages/airflow/example_dags/example_branch_datetime_operator.py took 0.047 seconds
[2025-06-12T11:12:32.235+0200] {processor.py:186} INFO - Started process (PID=9806) to work on /Users/gordanaristova/MyProjects/MyRpaProject/venv/lib/python3.10/site-packages/airflow/example_dags/example_branch_datetime_operator.py
[2025-06-12T11:12:32.236+0200] {processor.py:914} INFO - Processing file /Users/gordanaristova/MyProjects/MyRpaProject/venv/lib/python3.10/site-packages/airflow/example_dags/example_branch_datetime_operator.py for tasks to queue
[2025-06-12T11:12:32.236+0200] {logging_mixin.py:190} INFO - [2025-06-12T11:12:32.236+0200] {dagbag.py:588} INFO - Filling up the DagBag from /Users/gordanaristova/MyProjects/MyRpaProject/venv/lib/python3.10/site-packages/airflow/example_dags/example_branch_datetime_operator.py
[2025-06-12T11:12:32.239+0200] {processor.py:925} INFO - DAG(s) 'example_branch_datetime_operator_2', 'example_branch_datetime_operator', 'example_branch_datetime_operator_3' retrieved from /Users/gordanaristova/MyProjects/MyRpaProject/venv/lib/python3.10/site-packages/airflow/example_dags/example_branch_datetime_operator.py
[2025-06-12T11:12:32.269+0200] {logging_mixin.py:190} INFO - [2025-06-12T11:12:32.269+0200] {dag.py:3239} INFO - Sync 3 DAGs
[2025-06-12T11:12:32.274+0200] {logging_mixin.py:190} INFO - [2025-06-12T11:12:32.274+0200] {dag.py:4180} INFO - Setting next_dagrun for example_branch_datetime_operator to 2025-06-11 00:00:00+00:00, run_after=2025-06-12 00:00:00+00:00
[2025-06-12T11:12:32.276+0200] {logging_mixin.py:190} INFO - [2025-06-12T11:12:32.275+0200] {dag.py:4180} INFO - Setting next_dagrun for example_branch_datetime_operator_2 to 2025-06-11 00:00:00+00:00, run_after=2025-06-12 00:00:00+00:00
[2025-06-12T11:12:32.276+0200] {logging_mixin.py:190} INFO - [2025-06-12T11:12:32.276+0200] {dag.py:4180} INFO - Setting next_dagrun for example_branch_datetime_operator_3 to 2025-06-11 00:00:00+00:00, run_after=2025-06-12 00:00:00+00:00
[2025-06-12T11:12:32.280+0200] {processor.py:208} INFO - Processing /Users/gordanaristova/MyProjects/MyRpaProject/venv/lib/python3.10/site-packages/airflow/example_dags/example_branch_datetime_operator.py took 0.046 seconds
[2025-06-12T11:22:37.925+0200] {processor.py:186} INFO - Started process (PID=10091) to work on /Users/gordanaristova/MyProjects/MyRpaProject/venv/lib/python3.10/site-packages/airflow/example_dags/example_branch_datetime_operator.py
[2025-06-12T11:22:37.926+0200] {processor.py:914} INFO - Processing file /Users/gordanaristova/MyProjects/MyRpaProject/venv/lib/python3.10/site-packages/airflow/example_dags/example_branch_datetime_operator.py for tasks to queue
[2025-06-12T11:22:37.927+0200] {logging_mixin.py:190} INFO - [2025-06-12T11:22:37.927+0200] {dagbag.py:588} INFO - Filling up the DagBag from /Users/gordanaristova/MyProjects/MyRpaProject/venv/lib/python3.10/site-packages/airflow/example_dags/example_branch_datetime_operator.py
[2025-06-12T11:22:37.930+0200] {processor.py:925} INFO - DAG(s) 'example_branch_datetime_operator_3', 'example_branch_datetime_operator', 'example_branch_datetime_operator_2' retrieved from /Users/gordanaristova/MyProjects/MyRpaProject/venv/lib/python3.10/site-packages/airflow/example_dags/example_branch_datetime_operator.py
[2025-06-12T11:22:37.959+0200] {logging_mixin.py:190} INFO - [2025-06-12T11:22:37.959+0200] {dag.py:3239} INFO - Sync 3 DAGs
[2025-06-12T11:22:37.964+0200] {logging_mixin.py:190} INFO - [2025-06-12T11:22:37.964+0200] {dag.py:4180} INFO - Setting next_dagrun for example_branch_datetime_operator to 2025-06-11 00:00:00+00:00, run_after=2025-06-12 00:00:00+00:00
[2025-06-12T11:22:37.965+0200] {logging_mixin.py:190} INFO - [2025-06-12T11:22:37.965+0200] {dag.py:4180} INFO - Setting next_dagrun for example_branch_datetime_operator_2 to 2025-06-11 00:00:00+00:00, run_after=2025-06-12 00:00:00+00:00
[2025-06-12T11:22:37.966+0200] {logging_mixin.py:190} INFO - [2025-06-12T11:22:37.966+0200] {dag.py:4180} INFO - Setting next_dagrun for example_branch_datetime_operator_3 to 2025-06-11 00:00:00+00:00, run_after=2025-06-12 00:00:00+00:00
[2025-06-12T11:22:37.970+0200] {processor.py:208} INFO - Processing /Users/gordanaristova/MyProjects/MyRpaProject/venv/lib/python3.10/site-packages/airflow/example_dags/example_branch_datetime_operator.py took 0.046 seconds
[2025-06-12T11:41:53.829+0200] {processor.py:186} INFO - Started process (PID=10458) to work on /Users/gordanaristova/MyProjects/MyRpaProject/venv/lib/python3.10/site-packages/airflow/example_dags/example_branch_datetime_operator.py
[2025-06-12T11:41:53.829+0200] {processor.py:914} INFO - Processing file /Users/gordanaristova/MyProjects/MyRpaProject/venv/lib/python3.10/site-packages/airflow/example_dags/example_branch_datetime_operator.py for tasks to queue
[2025-06-12T11:41:53.830+0200] {logging_mixin.py:190} INFO - [2025-06-12T11:41:53.830+0200] {dagbag.py:588} INFO - Filling up the DagBag from /Users/gordanaristova/MyProjects/MyRpaProject/venv/lib/python3.10/site-packages/airflow/example_dags/example_branch_datetime_operator.py
[2025-06-12T11:41:53.833+0200] {processor.py:925} INFO - DAG(s) 'example_branch_datetime_operator', 'example_branch_datetime_operator_3', 'example_branch_datetime_operator_2' retrieved from /Users/gordanaristova/MyProjects/MyRpaProject/venv/lib/python3.10/site-packages/airflow/example_dags/example_branch_datetime_operator.py
[2025-06-12T11:41:53.863+0200] {logging_mixin.py:190} INFO - [2025-06-12T11:41:53.863+0200] {dag.py:3239} INFO - Sync 3 DAGs
[2025-06-12T11:41:53.869+0200] {logging_mixin.py:190} INFO - [2025-06-12T11:41:53.869+0200] {dag.py:4180} INFO - Setting next_dagrun for example_branch_datetime_operator to 2025-06-11 00:00:00+00:00, run_after=2025-06-12 00:00:00+00:00
[2025-06-12T11:41:53.870+0200] {logging_mixin.py:190} INFO - [2025-06-12T11:41:53.870+0200] {dag.py:4180} INFO - Setting next_dagrun for example_branch_datetime_operator_2 to 2025-06-11 00:00:00+00:00, run_after=2025-06-12 00:00:00+00:00
[2025-06-12T11:41:53.871+0200] {logging_mixin.py:190} INFO - [2025-06-12T11:41:53.870+0200] {dag.py:4180} INFO - Setting next_dagrun for example_branch_datetime_operator_3 to 2025-06-11 00:00:00+00:00, run_after=2025-06-12 00:00:00+00:00
[2025-06-12T11:41:53.875+0200] {processor.py:208} INFO - Processing /Users/gordanaristova/MyProjects/MyRpaProject/venv/lib/python3.10/site-packages/airflow/example_dags/example_branch_datetime_operator.py took 0.047 seconds
[2025-06-12T11:50:43.578+0200] {processor.py:186} INFO - Started process (PID=10680) to work on /Users/gordanaristova/MyProjects/MyRpaProject/venv/lib/python3.10/site-packages/airflow/example_dags/example_branch_datetime_operator.py
[2025-06-12T11:50:43.578+0200] {processor.py:914} INFO - Processing file /Users/gordanaristova/MyProjects/MyRpaProject/venv/lib/python3.10/site-packages/airflow/example_dags/example_branch_datetime_operator.py for tasks to queue
[2025-06-12T11:50:43.578+0200] {logging_mixin.py:190} INFO - [2025-06-12T11:50:43.578+0200] {dagbag.py:588} INFO - Filling up the DagBag from /Users/gordanaristova/MyProjects/MyRpaProject/venv/lib/python3.10/site-packages/airflow/example_dags/example_branch_datetime_operator.py
[2025-06-12T11:50:43.582+0200] {processor.py:925} INFO - DAG(s) 'example_branch_datetime_operator', 'example_branch_datetime_operator_2', 'example_branch_datetime_operator_3' retrieved from /Users/gordanaristova/MyProjects/MyRpaProject/venv/lib/python3.10/site-packages/airflow/example_dags/example_branch_datetime_operator.py
[2025-06-12T11:50:43.611+0200] {logging_mixin.py:190} INFO - [2025-06-12T11:50:43.611+0200] {dag.py:3239} INFO - Sync 3 DAGs
[2025-06-12T11:50:43.616+0200] {logging_mixin.py:190} INFO - [2025-06-12T11:50:43.616+0200] {dag.py:4180} INFO - Setting next_dagrun for example_branch_datetime_operator to 2025-06-11 00:00:00+00:00, run_after=2025-06-12 00:00:00+00:00
[2025-06-12T11:50:43.617+0200] {logging_mixin.py:190} INFO - [2025-06-12T11:50:43.617+0200] {dag.py:4180} INFO - Setting next_dagrun for example_branch_datetime_operator_2 to 2025-06-11 00:00:00+00:00, run_after=2025-06-12 00:00:00+00:00
[2025-06-12T11:50:43.618+0200] {logging_mixin.py:190} INFO - [2025-06-12T11:50:43.618+0200] {dag.py:4180} INFO - Setting next_dagrun for example_branch_datetime_operator_3 to 2025-06-11 00:00:00+00:00, run_after=2025-06-12 00:00:00+00:00
[2025-06-12T11:50:43.622+0200] {processor.py:208} INFO - Processing /Users/gordanaristova/MyProjects/MyRpaProject/venv/lib/python3.10/site-packages/airflow/example_dags/example_branch_datetime_operator.py took 0.045 seconds
[2025-06-12T11:52:31.694+0200] {processor.py:186} INFO - Started process (PID=10803) to work on /Users/gordanaristova/MyProjects/MyRpaProject/venv/lib/python3.10/site-packages/airflow/example_dags/example_branch_datetime_operator.py
[2025-06-12T11:52:31.695+0200] {processor.py:914} INFO - Processing file /Users/gordanaristova/MyProjects/MyRpaProject/venv/lib/python3.10/site-packages/airflow/example_dags/example_branch_datetime_operator.py for tasks to queue
[2025-06-12T11:52:31.695+0200] {logging_mixin.py:190} INFO - [2025-06-12T11:52:31.695+0200] {dagbag.py:588} INFO - Filling up the DagBag from /Users/gordanaristova/MyProjects/MyRpaProject/venv/lib/python3.10/site-packages/airflow/example_dags/example_branch_datetime_operator.py
[2025-06-12T11:52:31.699+0200] {processor.py:925} INFO - DAG(s) 'example_branch_datetime_operator_2', 'example_branch_datetime_operator', 'example_branch_datetime_operator_3' retrieved from /Users/gordanaristova/MyProjects/MyRpaProject/venv/lib/python3.10/site-packages/airflow/example_dags/example_branch_datetime_operator.py
[2025-06-12T11:52:31.730+0200] {logging_mixin.py:190} INFO - [2025-06-12T11:52:31.730+0200] {dag.py:3239} INFO - Sync 3 DAGs
[2025-06-12T11:52:31.736+0200] {logging_mixin.py:190} INFO - [2025-06-12T11:52:31.735+0200] {dag.py:4180} INFO - Setting next_dagrun for example_branch_datetime_operator to 2025-06-11 00:00:00+00:00, run_after=2025-06-12 00:00:00+00:00
[2025-06-12T11:52:31.737+0200] {logging_mixin.py:190} INFO - [2025-06-12T11:52:31.737+0200] {dag.py:4180} INFO - Setting next_dagrun for example_branch_datetime_operator_2 to 2025-06-11 00:00:00+00:00, run_after=2025-06-12 00:00:00+00:00
[2025-06-12T11:52:31.737+0200] {logging_mixin.py:190} INFO - [2025-06-12T11:52:31.737+0200] {dag.py:4180} INFO - Setting next_dagrun for example_branch_datetime_operator_3 to 2025-06-11 00:00:00+00:00, run_after=2025-06-12 00:00:00+00:00
[2025-06-12T11:52:31.741+0200] {processor.py:208} INFO - Processing /Users/gordanaristova/MyProjects/MyRpaProject/venv/lib/python3.10/site-packages/airflow/example_dags/example_branch_datetime_operator.py took 0.048 seconds
[2025-06-12T11:54:20.218+0200] {processor.py:186} INFO - Started process (PID=10886) to work on /Users/gordanaristova/MyProjects/MyRpaProject/venv/lib/python3.10/site-packages/airflow/example_dags/example_branch_datetime_operator.py
[2025-06-12T11:54:20.219+0200] {processor.py:914} INFO - Processing file /Users/gordanaristova/MyProjects/MyRpaProject/venv/lib/python3.10/site-packages/airflow/example_dags/example_branch_datetime_operator.py for tasks to queue
[2025-06-12T11:54:20.219+0200] {logging_mixin.py:190} INFO - [2025-06-12T11:54:20.219+0200] {dagbag.py:588} INFO - Filling up the DagBag from /Users/gordanaristova/MyProjects/MyRpaProject/venv/lib/python3.10/site-packages/airflow/example_dags/example_branch_datetime_operator.py
[2025-06-12T11:54:20.223+0200] {processor.py:925} INFO - DAG(s) 'example_branch_datetime_operator_2', 'example_branch_datetime_operator', 'example_branch_datetime_operator_3' retrieved from /Users/gordanaristova/MyProjects/MyRpaProject/venv/lib/python3.10/site-packages/airflow/example_dags/example_branch_datetime_operator.py
[2025-06-12T11:54:20.254+0200] {logging_mixin.py:190} INFO - [2025-06-12T11:54:20.253+0200] {dag.py:3239} INFO - Sync 3 DAGs
[2025-06-12T11:54:20.259+0200] {logging_mixin.py:190} INFO - [2025-06-12T11:54:20.259+0200] {dag.py:4180} INFO - Setting next_dagrun for example_branch_datetime_operator to 2025-06-11 00:00:00+00:00, run_after=2025-06-12 00:00:00+00:00
[2025-06-12T11:54:20.260+0200] {logging_mixin.py:190} INFO - [2025-06-12T11:54:20.260+0200] {dag.py:4180} INFO - Setting next_dagrun for example_branch_datetime_operator_2 to 2025-06-11 00:00:00+00:00, run_after=2025-06-12 00:00:00+00:00
[2025-06-12T11:54:20.261+0200] {logging_mixin.py:190} INFO - [2025-06-12T11:54:20.261+0200] {dag.py:4180} INFO - Setting next_dagrun for example_branch_datetime_operator_3 to 2025-06-11 00:00:00+00:00, run_after=2025-06-12 00:00:00+00:00
[2025-06-12T11:54:20.265+0200] {processor.py:208} INFO - Processing /Users/gordanaristova/MyProjects/MyRpaProject/venv/lib/python3.10/site-packages/airflow/example_dags/example_branch_datetime_operator.py took 0.048 seconds
[2025-06-12T11:56:08.011+0200] {processor.py:186} INFO - Started process (PID=10995) to work on /Users/gordanaristova/MyProjects/MyRpaProject/venv/lib/python3.10/site-packages/airflow/example_dags/example_branch_datetime_operator.py
[2025-06-12T11:56:08.012+0200] {processor.py:914} INFO - Processing file /Users/gordanaristova/MyProjects/MyRpaProject/venv/lib/python3.10/site-packages/airflow/example_dags/example_branch_datetime_operator.py for tasks to queue
[2025-06-12T11:56:08.013+0200] {logging_mixin.py:190} INFO - [2025-06-12T11:56:08.013+0200] {dagbag.py:588} INFO - Filling up the DagBag from /Users/gordanaristova/MyProjects/MyRpaProject/venv/lib/python3.10/site-packages/airflow/example_dags/example_branch_datetime_operator.py
[2025-06-12T11:56:08.016+0200] {processor.py:925} INFO - DAG(s) 'example_branch_datetime_operator_3', 'example_branch_datetime_operator_2', 'example_branch_datetime_operator' retrieved from /Users/gordanaristova/MyProjects/MyRpaProject/venv/lib/python3.10/site-packages/airflow/example_dags/example_branch_datetime_operator.py
[2025-06-12T11:56:08.048+0200] {logging_mixin.py:190} INFO - [2025-06-12T11:56:08.048+0200] {dag.py:3239} INFO - Sync 3 DAGs
[2025-06-12T11:56:08.054+0200] {logging_mixin.py:190} INFO - [2025-06-12T11:56:08.054+0200] {dag.py:4180} INFO - Setting next_dagrun for example_branch_datetime_operator to 2025-06-11 00:00:00+00:00, run_after=2025-06-12 00:00:00+00:00
[2025-06-12T11:56:08.055+0200] {logging_mixin.py:190} INFO - [2025-06-12T11:56:08.055+0200] {dag.py:4180} INFO - Setting next_dagrun for example_branch_datetime_operator_2 to 2025-06-11 00:00:00+00:00, run_after=2025-06-12 00:00:00+00:00
[2025-06-12T11:56:08.056+0200] {logging_mixin.py:190} INFO - [2025-06-12T11:56:08.056+0200] {dag.py:4180} INFO - Setting next_dagrun for example_branch_datetime_operator_3 to 2025-06-11 00:00:00+00:00, run_after=2025-06-12 00:00:00+00:00
[2025-06-12T11:56:08.060+0200] {processor.py:208} INFO - Processing /Users/gordanaristova/MyProjects/MyRpaProject/venv/lib/python3.10/site-packages/airflow/example_dags/example_branch_datetime_operator.py took 0.049 seconds
[2025-06-12T13:15:33.207+0200] {processor.py:186} INFO - Started process (PID=13057) to work on /Users/gordanaristova/MyProjects/MyRpaProject/venv/lib/python3.10/site-packages/airflow/example_dags/example_branch_datetime_operator.py
[2025-06-12T13:15:33.208+0200] {processor.py:914} INFO - Processing file /Users/gordanaristova/MyProjects/MyRpaProject/venv/lib/python3.10/site-packages/airflow/example_dags/example_branch_datetime_operator.py for tasks to queue
[2025-06-12T13:15:33.208+0200] {logging_mixin.py:190} INFO - [2025-06-12T13:15:33.208+0200] {dagbag.py:588} INFO - Filling up the DagBag from /Users/gordanaristova/MyProjects/MyRpaProject/venv/lib/python3.10/site-packages/airflow/example_dags/example_branch_datetime_operator.py
[2025-06-12T13:15:33.212+0200] {processor.py:925} INFO - DAG(s) 'example_branch_datetime_operator_3', 'example_branch_datetime_operator', 'example_branch_datetime_operator_2' retrieved from /Users/gordanaristova/MyProjects/MyRpaProject/venv/lib/python3.10/site-packages/airflow/example_dags/example_branch_datetime_operator.py
[2025-06-12T13:15:33.243+0200] {logging_mixin.py:190} INFO - [2025-06-12T13:15:33.243+0200] {dag.py:3239} INFO - Sync 3 DAGs
[2025-06-12T13:15:33.249+0200] {logging_mixin.py:190} INFO - [2025-06-12T13:15:33.249+0200] {dag.py:4180} INFO - Setting next_dagrun for example_branch_datetime_operator to 2025-06-11 00:00:00+00:00, run_after=2025-06-12 00:00:00+00:00
[2025-06-12T13:15:33.250+0200] {logging_mixin.py:190} INFO - [2025-06-12T13:15:33.250+0200] {dag.py:4180} INFO - Setting next_dagrun for example_branch_datetime_operator_2 to 2025-06-11 00:00:00+00:00, run_after=2025-06-12 00:00:00+00:00
[2025-06-12T13:15:33.251+0200] {logging_mixin.py:190} INFO - [2025-06-12T13:15:33.251+0200] {dag.py:4180} INFO - Setting next_dagrun for example_branch_datetime_operator_3 to 2025-06-11 00:00:00+00:00, run_after=2025-06-12 00:00:00+00:00
[2025-06-12T13:15:33.256+0200] {processor.py:208} INFO - Processing /Users/gordanaristova/MyProjects/MyRpaProject/venv/lib/python3.10/site-packages/airflow/example_dags/example_branch_datetime_operator.py took 0.050 seconds
[2025-06-12T19:11:55.228+0200] {processor.py:186} INFO - Started process (PID=16504) to work on /Users/gordanaristova/MyProjects/MyRpaProject/venv/lib/python3.10/site-packages/airflow/example_dags/example_branch_datetime_operator.py
[2025-06-12T19:11:55.229+0200] {processor.py:914} INFO - Processing file /Users/gordanaristova/MyProjects/MyRpaProject/venv/lib/python3.10/site-packages/airflow/example_dags/example_branch_datetime_operator.py for tasks to queue
[2025-06-12T19:11:55.229+0200] {logging_mixin.py:190} INFO - [2025-06-12T19:11:55.229+0200] {dagbag.py:588} INFO - Filling up the DagBag from /Users/gordanaristova/MyProjects/MyRpaProject/venv/lib/python3.10/site-packages/airflow/example_dags/example_branch_datetime_operator.py
[2025-06-12T19:11:55.233+0200] {processor.py:925} INFO - DAG(s) 'example_branch_datetime_operator', 'example_branch_datetime_operator_3', 'example_branch_datetime_operator_2' retrieved from /Users/gordanaristova/MyProjects/MyRpaProject/venv/lib/python3.10/site-packages/airflow/example_dags/example_branch_datetime_operator.py
[2025-06-12T19:11:55.264+0200] {logging_mixin.py:190} INFO - [2025-06-12T19:11:55.264+0200] {dag.py:3239} INFO - Sync 3 DAGs
[2025-06-12T19:11:55.270+0200] {logging_mixin.py:190} INFO - [2025-06-12T19:11:55.270+0200] {dag.py:4180} INFO - Setting next_dagrun for example_branch_datetime_operator to 2025-06-11 00:00:00+00:00, run_after=2025-06-12 00:00:00+00:00
[2025-06-12T19:11:55.271+0200] {logging_mixin.py:190} INFO - [2025-06-12T19:11:55.271+0200] {dag.py:4180} INFO - Setting next_dagrun for example_branch_datetime_operator_2 to 2025-06-11 00:00:00+00:00, run_after=2025-06-12 00:00:00+00:00
[2025-06-12T19:11:55.272+0200] {logging_mixin.py:190} INFO - [2025-06-12T19:11:55.272+0200] {dag.py:4180} INFO - Setting next_dagrun for example_branch_datetime_operator_3 to 2025-06-11 00:00:00+00:00, run_after=2025-06-12 00:00:00+00:00
[2025-06-12T19:11:55.276+0200] {processor.py:208} INFO - Processing /Users/gordanaristova/MyProjects/MyRpaProject/venv/lib/python3.10/site-packages/airflow/example_dags/example_branch_datetime_operator.py took 0.049 seconds
