[2025-06-12T10:36:45.245+0200] {processor.py:186} INFO - Started process (PID=8422) to work on /Users/gordanaristova/MyProjects/MyRpaProject/venv/lib/python3.10/site-packages/airflow/example_dags/example_sla_dag.py
[2025-06-12T10:36:45.245+0200] {processor.py:914} INFO - Processing file /Users/gordanaristova/MyProjects/MyRpaProject/venv/lib/python3.10/site-packages/airflow/example_dags/example_sla_dag.py for tasks to queue
[2025-06-12T10:36:45.246+0200] {logging_mixin.py:190} INFO - [2025-06-12T10:36:45.246+0200] {dagbag.py:588} INFO - Filling up the DagBag from /Users/gordanaristova/MyProjects/MyRpaProject/venv/lib/python3.10/site-packages/airflow/example_dags/example_sla_dag.py
[2025-06-12T10:36:45.257+0200] {processor.py:925} INFO - DAG(s) 'example_sla_dag' retrieved from /Users/gordanaristova/MyProjects/MyRpaProject/venv/lib/python3.10/site-packages/airflow/example_dags/example_sla_dag.py
[2025-06-12T10:36:45.303+0200] {logging_mixin.py:190} INFO - [2025-06-12T10:36:45.303+0200] {override.py:1900} INFO - Created Permission View: can edit on DAG:example_sla_dag
[2025-06-12T10:36:45.306+0200] {logging_mixin.py:190} INFO - [2025-06-12T10:36:45.306+0200] {override.py:1900} INFO - Created Permission View: can delete on DAG:example_sla_dag
[2025-06-12T10:36:45.307+0200] {logging_mixin.py:190} INFO - [2025-06-12T10:36:45.307+0200] {override.py:1900} INFO - Created Permission View: can read on DAG:example_sla_dag
[2025-06-12T10:36:45.309+0200] {logging_mixin.py:190} INFO - [2025-06-12T10:36:45.309+0200] {override.py:1900} INFO - Created Permission View: can create on DAG Run:example_sla_dag
[2025-06-12T10:36:45.310+0200] {logging_mixin.py:190} INFO - [2025-06-12T10:36:45.310+0200] {override.py:1900} INFO - Created Permission View: menu access on DAG Run:example_sla_dag
[2025-06-12T10:36:45.311+0200] {logging_mixin.py:190} INFO - [2025-06-12T10:36:45.311+0200] {override.py:1900} INFO - Created Permission View: can delete on DAG Run:example_sla_dag
[2025-06-12T10:36:45.313+0200] {logging_mixin.py:190} INFO - [2025-06-12T10:36:45.313+0200] {override.py:1900} INFO - Created Permission View: can read on DAG Run:example_sla_dag
[2025-06-12T10:36:45.313+0200] {logging_mixin.py:190} INFO - [2025-06-12T10:36:45.313+0200] {dag.py:3239} INFO - Sync 1 DAGs
[2025-06-12T10:36:45.316+0200] {logging_mixin.py:190} INFO - [2025-06-12T10:36:45.316+0200] {dag.py:3262} INFO - Creating ORM DAG for example_sla_dag
[2025-06-12T10:36:45.319+0200] {logging_mixin.py:190} INFO - [2025-06-12T10:36:45.319+0200] {dag.py:4180} INFO - Setting next_dagrun for example_sla_dag to 2025-06-12 08:34:00+00:00, run_after=2025-06-12 08:36:00+00:00
[2025-06-12T10:36:45.323+0200] {processor.py:208} INFO - Processing /Users/gordanaristova/MyProjects/MyRpaProject/venv/lib/python3.10/site-packages/airflow/example_dags/example_sla_dag.py took 0.079 seconds
[2025-06-12T10:38:12.545+0200] {processor.py:186} INFO - Started process (PID=8502) to work on /Users/gordanaristova/MyProjects/MyRpaProject/venv/lib/python3.10/site-packages/airflow/example_dags/example_sla_dag.py
[2025-06-12T10:38:12.545+0200] {processor.py:914} INFO - Processing file /Users/gordanaristova/MyProjects/MyRpaProject/venv/lib/python3.10/site-packages/airflow/example_dags/example_sla_dag.py for tasks to queue
[2025-06-12T10:38:12.545+0200] {logging_mixin.py:190} INFO - [2025-06-12T10:38:12.545+0200] {dagbag.py:588} INFO - Filling up the DagBag from /Users/gordanaristova/MyProjects/MyRpaProject/venv/lib/python3.10/site-packages/airflow/example_dags/example_sla_dag.py
[2025-06-12T10:38:12.557+0200] {processor.py:925} INFO - DAG(s) 'example_sla_dag' retrieved from /Users/gordanaristova/MyProjects/MyRpaProject/venv/lib/python3.10/site-packages/airflow/example_dags/example_sla_dag.py
[2025-06-12T10:38:12.584+0200] {logging_mixin.py:190} INFO - [2025-06-12T10:38:12.584+0200] {dag.py:3239} INFO - Sync 1 DAGs
[2025-06-12T10:38:12.590+0200] {logging_mixin.py:190} INFO - [2025-06-12T10:38:12.590+0200] {dag.py:4180} INFO - Setting next_dagrun for example_sla_dag to 2025-06-12 08:36:00+00:00, run_after=2025-06-12 08:38:00+00:00
[2025-06-12T10:38:12.594+0200] {processor.py:208} INFO - Processing /Users/gordanaristova/MyProjects/MyRpaProject/venv/lib/python3.10/site-packages/airflow/example_dags/example_sla_dag.py took 0.050 seconds
[2025-06-12T10:39:55.328+0200] {processor.py:186} INFO - Started process (PID=8583) to work on /Users/gordanaristova/MyProjects/MyRpaProject/venv/lib/python3.10/site-packages/airflow/example_dags/example_sla_dag.py
[2025-06-12T10:39:55.329+0200] {processor.py:914} INFO - Processing file /Users/gordanaristova/MyProjects/MyRpaProject/venv/lib/python3.10/site-packages/airflow/example_dags/example_sla_dag.py for tasks to queue
[2025-06-12T10:39:55.329+0200] {logging_mixin.py:190} INFO - [2025-06-12T10:39:55.329+0200] {dagbag.py:588} INFO - Filling up the DagBag from /Users/gordanaristova/MyProjects/MyRpaProject/venv/lib/python3.10/site-packages/airflow/example_dags/example_sla_dag.py
[2025-06-12T10:39:55.340+0200] {processor.py:925} INFO - DAG(s) 'example_sla_dag' retrieved from /Users/gordanaristova/MyProjects/MyRpaProject/venv/lib/python3.10/site-packages/airflow/example_dags/example_sla_dag.py
[2025-06-12T10:39:55.368+0200] {logging_mixin.py:190} INFO - [2025-06-12T10:39:55.367+0200] {dag.py:3239} INFO - Sync 1 DAGs
[2025-06-12T10:39:55.373+0200] {logging_mixin.py:190} INFO - [2025-06-12T10:39:55.373+0200] {dag.py:4180} INFO - Setting next_dagrun for example_sla_dag to 2025-06-12 08:36:00+00:00, run_after=2025-06-12 08:38:00+00:00
[2025-06-12T10:39:55.377+0200] {processor.py:208} INFO - Processing /Users/gordanaristova/MyProjects/MyRpaProject/venv/lib/python3.10/site-packages/airflow/example_dags/example_sla_dag.py took 0.050 seconds
[2025-06-12T10:41:41.459+0200] {processor.py:186} INFO - Started process (PID=8674) to work on /Users/gordanaristova/MyProjects/MyRpaProject/venv/lib/python3.10/site-packages/airflow/example_dags/example_sla_dag.py
[2025-06-12T10:41:41.460+0200] {processor.py:914} INFO - Processing file /Users/gordanaristova/MyProjects/MyRpaProject/venv/lib/python3.10/site-packages/airflow/example_dags/example_sla_dag.py for tasks to queue
[2025-06-12T10:41:41.461+0200] {logging_mixin.py:190} INFO - [2025-06-12T10:41:41.461+0200] {dagbag.py:588} INFO - Filling up the DagBag from /Users/gordanaristova/MyProjects/MyRpaProject/venv/lib/python3.10/site-packages/airflow/example_dags/example_sla_dag.py
[2025-06-12T10:41:41.474+0200] {processor.py:925} INFO - DAG(s) 'example_sla_dag' retrieved from /Users/gordanaristova/MyProjects/MyRpaProject/venv/lib/python3.10/site-packages/airflow/example_dags/example_sla_dag.py
[2025-06-12T10:41:41.505+0200] {logging_mixin.py:190} INFO - [2025-06-12T10:41:41.505+0200] {dag.py:3239} INFO - Sync 1 DAGs
[2025-06-12T10:41:41.512+0200] {logging_mixin.py:190} INFO - [2025-06-12T10:41:41.511+0200] {dag.py:4180} INFO - Setting next_dagrun for example_sla_dag to 2025-06-12 08:38:00+00:00, run_after=2025-06-12 08:40:00+00:00
[2025-06-12T10:41:41.517+0200] {processor.py:208} INFO - Processing /Users/gordanaristova/MyProjects/MyRpaProject/venv/lib/python3.10/site-packages/airflow/example_dags/example_sla_dag.py took 0.058 seconds
[2025-06-12T10:43:27.491+0200] {processor.py:186} INFO - Started process (PID=8776) to work on /Users/gordanaristova/MyProjects/MyRpaProject/venv/lib/python3.10/site-packages/airflow/example_dags/example_sla_dag.py
[2025-06-12T10:43:27.492+0200] {processor.py:914} INFO - Processing file /Users/gordanaristova/MyProjects/MyRpaProject/venv/lib/python3.10/site-packages/airflow/example_dags/example_sla_dag.py for tasks to queue
[2025-06-12T10:43:27.493+0200] {logging_mixin.py:190} INFO - [2025-06-12T10:43:27.493+0200] {dagbag.py:588} INFO - Filling up the DagBag from /Users/gordanaristova/MyProjects/MyRpaProject/venv/lib/python3.10/site-packages/airflow/example_dags/example_sla_dag.py
[2025-06-12T10:43:27.504+0200] {processor.py:925} INFO - DAG(s) 'example_sla_dag' retrieved from /Users/gordanaristova/MyProjects/MyRpaProject/venv/lib/python3.10/site-packages/airflow/example_dags/example_sla_dag.py
[2025-06-12T10:43:27.532+0200] {logging_mixin.py:190} INFO - [2025-06-12T10:43:27.532+0200] {dag.py:3239} INFO - Sync 1 DAGs
[2025-06-12T10:43:27.538+0200] {logging_mixin.py:190} INFO - [2025-06-12T10:43:27.538+0200] {dag.py:4180} INFO - Setting next_dagrun for example_sla_dag to 2025-06-12 08:40:00+00:00, run_after=2025-06-12 08:42:00+00:00
[2025-06-12T10:43:27.542+0200] {processor.py:208} INFO - Processing /Users/gordanaristova/MyProjects/MyRpaProject/venv/lib/python3.10/site-packages/airflow/example_dags/example_sla_dag.py took 0.051 seconds
[2025-06-12T10:45:13.623+0200] {processor.py:186} INFO - Started process (PID=8907) to work on /Users/gordanaristova/MyProjects/MyRpaProject/venv/lib/python3.10/site-packages/airflow/example_dags/example_sla_dag.py
[2025-06-12T10:45:13.624+0200] {processor.py:914} INFO - Processing file /Users/gordanaristova/MyProjects/MyRpaProject/venv/lib/python3.10/site-packages/airflow/example_dags/example_sla_dag.py for tasks to queue
[2025-06-12T10:45:13.625+0200] {logging_mixin.py:190} INFO - [2025-06-12T10:45:13.625+0200] {dagbag.py:588} INFO - Filling up the DagBag from /Users/gordanaristova/MyProjects/MyRpaProject/venv/lib/python3.10/site-packages/airflow/example_dags/example_sla_dag.py
[2025-06-12T10:45:13.636+0200] {processor.py:925} INFO - DAG(s) 'example_sla_dag' retrieved from /Users/gordanaristova/MyProjects/MyRpaProject/venv/lib/python3.10/site-packages/airflow/example_dags/example_sla_dag.py
[2025-06-12T10:45:13.664+0200] {logging_mixin.py:190} INFO - [2025-06-12T10:45:13.664+0200] {dag.py:3239} INFO - Sync 1 DAGs
[2025-06-12T10:45:13.670+0200] {logging_mixin.py:190} INFO - [2025-06-12T10:45:13.670+0200] {dag.py:4180} INFO - Setting next_dagrun for example_sla_dag to 2025-06-12 08:42:00+00:00, run_after=2025-06-12 08:44:00+00:00
[2025-06-12T10:45:13.675+0200] {processor.py:208} INFO - Processing /Users/gordanaristova/MyProjects/MyRpaProject/venv/lib/python3.10/site-packages/airflow/example_dags/example_sla_dag.py took 0.052 seconds
[2025-06-12T10:46:57.078+0200] {processor.py:186} INFO - Started process (PID=9020) to work on /Users/gordanaristova/MyProjects/MyRpaProject/venv/lib/python3.10/site-packages/airflow/example_dags/example_sla_dag.py
[2025-06-12T10:46:57.078+0200] {processor.py:914} INFO - Processing file /Users/gordanaristova/MyProjects/MyRpaProject/venv/lib/python3.10/site-packages/airflow/example_dags/example_sla_dag.py for tasks to queue
[2025-06-12T10:46:57.079+0200] {logging_mixin.py:190} INFO - [2025-06-12T10:46:57.079+0200] {dagbag.py:588} INFO - Filling up the DagBag from /Users/gordanaristova/MyProjects/MyRpaProject/venv/lib/python3.10/site-packages/airflow/example_dags/example_sla_dag.py
[2025-06-12T10:46:57.092+0200] {processor.py:925} INFO - DAG(s) 'example_sla_dag' retrieved from /Users/gordanaristova/MyProjects/MyRpaProject/venv/lib/python3.10/site-packages/airflow/example_dags/example_sla_dag.py
[2025-06-12T10:46:57.122+0200] {logging_mixin.py:190} INFO - [2025-06-12T10:46:57.122+0200] {dag.py:3239} INFO - Sync 1 DAGs
[2025-06-12T10:46:57.129+0200] {logging_mixin.py:190} INFO - [2025-06-12T10:46:57.129+0200] {dag.py:4180} INFO - Setting next_dagrun for example_sla_dag to 2025-06-12 08:44:00+00:00, run_after=2025-06-12 08:46:00+00:00
[2025-06-12T10:46:57.134+0200] {processor.py:208} INFO - Processing /Users/gordanaristova/MyProjects/MyRpaProject/venv/lib/python3.10/site-packages/airflow/example_dags/example_sla_dag.py took 0.057 seconds
[2025-06-12T10:48:51.828+0200] {processor.py:186} INFO - Started process (PID=9166) to work on /Users/gordanaristova/MyProjects/MyRpaProject/venv/lib/python3.10/site-packages/airflow/example_dags/example_sla_dag.py
[2025-06-12T10:48:51.829+0200] {processor.py:914} INFO - Processing file /Users/gordanaristova/MyProjects/MyRpaProject/venv/lib/python3.10/site-packages/airflow/example_dags/example_sla_dag.py for tasks to queue
[2025-06-12T10:48:51.829+0200] {logging_mixin.py:190} INFO - [2025-06-12T10:48:51.829+0200] {dagbag.py:588} INFO - Filling up the DagBag from /Users/gordanaristova/MyProjects/MyRpaProject/venv/lib/python3.10/site-packages/airflow/example_dags/example_sla_dag.py
[2025-06-12T10:48:51.840+0200] {processor.py:925} INFO - DAG(s) 'example_sla_dag' retrieved from /Users/gordanaristova/MyProjects/MyRpaProject/venv/lib/python3.10/site-packages/airflow/example_dags/example_sla_dag.py
[2025-06-12T10:48:51.867+0200] {logging_mixin.py:190} INFO - [2025-06-12T10:48:51.867+0200] {dag.py:3239} INFO - Sync 1 DAGs
[2025-06-12T10:48:51.873+0200] {logging_mixin.py:190} INFO - [2025-06-12T10:48:51.872+0200] {dag.py:4180} INFO - Setting next_dagrun for example_sla_dag to 2025-06-12 08:46:00+00:00, run_after=2025-06-12 08:48:00+00:00
[2025-06-12T10:48:51.877+0200] {processor.py:208} INFO - Processing /Users/gordanaristova/MyProjects/MyRpaProject/venv/lib/python3.10/site-packages/airflow/example_dags/example_sla_dag.py took 0.050 seconds
[2025-06-12T10:56:57.850+0200] {processor.py:186} INFO - Started process (PID=9432) to work on /Users/gordanaristova/MyProjects/MyRpaProject/venv/lib/python3.10/site-packages/airflow/example_dags/example_sla_dag.py
[2025-06-12T10:56:57.851+0200] {processor.py:914} INFO - Processing file /Users/gordanaristova/MyProjects/MyRpaProject/venv/lib/python3.10/site-packages/airflow/example_dags/example_sla_dag.py for tasks to queue
[2025-06-12T10:56:57.851+0200] {logging_mixin.py:190} INFO - [2025-06-12T10:56:57.851+0200] {dagbag.py:588} INFO - Filling up the DagBag from /Users/gordanaristova/MyProjects/MyRpaProject/venv/lib/python3.10/site-packages/airflow/example_dags/example_sla_dag.py
[2025-06-12T10:56:57.862+0200] {processor.py:925} INFO - DAG(s) 'example_sla_dag' retrieved from /Users/gordanaristova/MyProjects/MyRpaProject/venv/lib/python3.10/site-packages/airflow/example_dags/example_sla_dag.py
[2025-06-12T10:56:57.890+0200] {logging_mixin.py:190} INFO - [2025-06-12T10:56:57.890+0200] {dag.py:3239} INFO - Sync 1 DAGs
[2025-06-12T10:56:57.896+0200] {logging_mixin.py:190} INFO - [2025-06-12T10:56:57.896+0200] {dag.py:4180} INFO - Setting next_dagrun for example_sla_dag to 2025-06-12 08:54:00+00:00, run_after=2025-06-12 08:56:00+00:00
[2025-06-12T10:56:57.900+0200] {processor.py:208} INFO - Processing /Users/gordanaristova/MyProjects/MyRpaProject/venv/lib/python3.10/site-packages/airflow/example_dags/example_sla_dag.py took 0.051 seconds
[2025-06-12T10:58:24.094+0200] {processor.py:186} INFO - Started process (PID=9529) to work on /Users/gordanaristova/MyProjects/MyRpaProject/venv/lib/python3.10/site-packages/airflow/example_dags/example_sla_dag.py
[2025-06-12T10:58:24.095+0200] {processor.py:914} INFO - Processing file /Users/gordanaristova/MyProjects/MyRpaProject/venv/lib/python3.10/site-packages/airflow/example_dags/example_sla_dag.py for tasks to queue
[2025-06-12T10:58:24.096+0200] {logging_mixin.py:190} INFO - [2025-06-12T10:58:24.095+0200] {dagbag.py:588} INFO - Filling up the DagBag from /Users/gordanaristova/MyProjects/MyRpaProject/venv/lib/python3.10/site-packages/airflow/example_dags/example_sla_dag.py
[2025-06-12T10:58:24.107+0200] {processor.py:925} INFO - DAG(s) 'example_sla_dag' retrieved from /Users/gordanaristova/MyProjects/MyRpaProject/venv/lib/python3.10/site-packages/airflow/example_dags/example_sla_dag.py
[2025-06-12T10:58:24.134+0200] {logging_mixin.py:190} INFO - [2025-06-12T10:58:24.134+0200] {dag.py:3239} INFO - Sync 1 DAGs
[2025-06-12T10:58:24.139+0200] {logging_mixin.py:190} INFO - [2025-06-12T10:58:24.139+0200] {dag.py:4180} INFO - Setting next_dagrun for example_sla_dag to 2025-06-12 08:56:00+00:00, run_after=2025-06-12 08:58:00+00:00
[2025-06-12T10:58:24.144+0200] {processor.py:208} INFO - Processing /Users/gordanaristova/MyProjects/MyRpaProject/venv/lib/python3.10/site-packages/airflow/example_dags/example_sla_dag.py took 0.050 seconds
[2025-06-12T11:11:42.313+0200] {processor.py:186} INFO - Started process (PID=9752) to work on /Users/gordanaristova/MyProjects/MyRpaProject/venv/lib/python3.10/site-packages/airflow/example_dags/example_sla_dag.py
[2025-06-12T11:11:42.314+0200] {processor.py:914} INFO - Processing file /Users/gordanaristova/MyProjects/MyRpaProject/venv/lib/python3.10/site-packages/airflow/example_dags/example_sla_dag.py for tasks to queue
[2025-06-12T11:11:42.314+0200] {logging_mixin.py:190} INFO - [2025-06-12T11:11:42.314+0200] {dagbag.py:588} INFO - Filling up the DagBag from /Users/gordanaristova/MyProjects/MyRpaProject/venv/lib/python3.10/site-packages/airflow/example_dags/example_sla_dag.py
[2025-06-12T11:11:42.326+0200] {processor.py:925} INFO - DAG(s) 'example_sla_dag' retrieved from /Users/gordanaristova/MyProjects/MyRpaProject/venv/lib/python3.10/site-packages/airflow/example_dags/example_sla_dag.py
[2025-06-12T11:11:42.355+0200] {logging_mixin.py:190} INFO - [2025-06-12T11:11:42.354+0200] {dag.py:3239} INFO - Sync 1 DAGs
[2025-06-12T11:11:42.361+0200] {logging_mixin.py:190} INFO - [2025-06-12T11:11:42.361+0200] {dag.py:4180} INFO - Setting next_dagrun for example_sla_dag to 2025-06-12 09:08:00+00:00, run_after=2025-06-12 09:10:00+00:00
[2025-06-12T11:11:42.365+0200] {processor.py:208} INFO - Processing /Users/gordanaristova/MyProjects/MyRpaProject/venv/lib/python3.10/site-packages/airflow/example_dags/example_sla_dag.py took 0.054 seconds
[2025-06-12T11:13:10.070+0200] {processor.py:186} INFO - Started process (PID=9845) to work on /Users/gordanaristova/MyProjects/MyRpaProject/venv/lib/python3.10/site-packages/airflow/example_dags/example_sla_dag.py
[2025-06-12T11:13:10.071+0200] {processor.py:914} INFO - Processing file /Users/gordanaristova/MyProjects/MyRpaProject/venv/lib/python3.10/site-packages/airflow/example_dags/example_sla_dag.py for tasks to queue
[2025-06-12T11:13:10.071+0200] {logging_mixin.py:190} INFO - [2025-06-12T11:13:10.071+0200] {dagbag.py:588} INFO - Filling up the DagBag from /Users/gordanaristova/MyProjects/MyRpaProject/venv/lib/python3.10/site-packages/airflow/example_dags/example_sla_dag.py
[2025-06-12T11:13:10.082+0200] {processor.py:925} INFO - DAG(s) 'example_sla_dag' retrieved from /Users/gordanaristova/MyProjects/MyRpaProject/venv/lib/python3.10/site-packages/airflow/example_dags/example_sla_dag.py
[2025-06-12T11:13:10.110+0200] {logging_mixin.py:190} INFO - [2025-06-12T11:13:10.110+0200] {dag.py:3239} INFO - Sync 1 DAGs
[2025-06-12T11:13:10.116+0200] {logging_mixin.py:190} INFO - [2025-06-12T11:13:10.116+0200] {dag.py:4180} INFO - Setting next_dagrun for example_sla_dag to 2025-06-12 09:10:00+00:00, run_after=2025-06-12 09:12:00+00:00
[2025-06-12T11:13:10.120+0200] {processor.py:208} INFO - Processing /Users/gordanaristova/MyProjects/MyRpaProject/venv/lib/python3.10/site-packages/airflow/example_dags/example_sla_dag.py took 0.051 seconds
[2025-06-12T11:21:48.129+0200] {processor.py:186} INFO - Started process (PID=10042) to work on /Users/gordanaristova/MyProjects/MyRpaProject/venv/lib/python3.10/site-packages/airflow/example_dags/example_sla_dag.py
[2025-06-12T11:21:48.130+0200] {processor.py:914} INFO - Processing file /Users/gordanaristova/MyProjects/MyRpaProject/venv/lib/python3.10/site-packages/airflow/example_dags/example_sla_dag.py for tasks to queue
[2025-06-12T11:21:48.130+0200] {logging_mixin.py:190} INFO - [2025-06-12T11:21:48.130+0200] {dagbag.py:588} INFO - Filling up the DagBag from /Users/gordanaristova/MyProjects/MyRpaProject/venv/lib/python3.10/site-packages/airflow/example_dags/example_sla_dag.py
[2025-06-12T11:21:48.141+0200] {processor.py:925} INFO - DAG(s) 'example_sla_dag' retrieved from /Users/gordanaristova/MyProjects/MyRpaProject/venv/lib/python3.10/site-packages/airflow/example_dags/example_sla_dag.py
[2025-06-12T11:21:48.168+0200] {logging_mixin.py:190} INFO - [2025-06-12T11:21:48.168+0200] {dag.py:3239} INFO - Sync 1 DAGs
[2025-06-12T11:21:48.174+0200] {logging_mixin.py:190} INFO - [2025-06-12T11:21:48.174+0200] {dag.py:4180} INFO - Setting next_dagrun for example_sla_dag to 2025-06-12 09:18:00+00:00, run_after=2025-06-12 09:20:00+00:00
[2025-06-12T11:21:48.178+0200] {processor.py:208} INFO - Processing /Users/gordanaristova/MyProjects/MyRpaProject/venv/lib/python3.10/site-packages/airflow/example_dags/example_sla_dag.py took 0.050 seconds
[2025-06-12T11:23:13.731+0200] {processor.py:186} INFO - Started process (PID=10132) to work on /Users/gordanaristova/MyProjects/MyRpaProject/venv/lib/python3.10/site-packages/airflow/example_dags/example_sla_dag.py
[2025-06-12T11:23:13.732+0200] {processor.py:914} INFO - Processing file /Users/gordanaristova/MyProjects/MyRpaProject/venv/lib/python3.10/site-packages/airflow/example_dags/example_sla_dag.py for tasks to queue
[2025-06-12T11:23:13.733+0200] {logging_mixin.py:190} INFO - [2025-06-12T11:23:13.732+0200] {dagbag.py:588} INFO - Filling up the DagBag from /Users/gordanaristova/MyProjects/MyRpaProject/venv/lib/python3.10/site-packages/airflow/example_dags/example_sla_dag.py
[2025-06-12T11:23:13.744+0200] {processor.py:925} INFO - DAG(s) 'example_sla_dag' retrieved from /Users/gordanaristova/MyProjects/MyRpaProject/venv/lib/python3.10/site-packages/airflow/example_dags/example_sla_dag.py
[2025-06-12T11:23:13.772+0200] {logging_mixin.py:190} INFO - [2025-06-12T11:23:13.772+0200] {dag.py:3239} INFO - Sync 1 DAGs
[2025-06-12T11:23:13.778+0200] {logging_mixin.py:190} INFO - [2025-06-12T11:23:13.778+0200] {dag.py:4180} INFO - Setting next_dagrun for example_sla_dag to 2025-06-12 09:20:00+00:00, run_after=2025-06-12 09:22:00+00:00
[2025-06-12T11:23:13.783+0200] {processor.py:208} INFO - Processing /Users/gordanaristova/MyProjects/MyRpaProject/venv/lib/python3.10/site-packages/airflow/example_dags/example_sla_dag.py took 0.052 seconds
[2025-06-12T11:41:03.986+0200] {processor.py:186} INFO - Started process (PID=10409) to work on /Users/gordanaristova/MyProjects/MyRpaProject/venv/lib/python3.10/site-packages/airflow/example_dags/example_sla_dag.py
[2025-06-12T11:41:03.987+0200] {processor.py:914} INFO - Processing file /Users/gordanaristova/MyProjects/MyRpaProject/venv/lib/python3.10/site-packages/airflow/example_dags/example_sla_dag.py for tasks to queue
[2025-06-12T11:41:03.988+0200] {logging_mixin.py:190} INFO - [2025-06-12T11:41:03.987+0200] {dagbag.py:588} INFO - Filling up the DagBag from /Users/gordanaristova/MyProjects/MyRpaProject/venv/lib/python3.10/site-packages/airflow/example_dags/example_sla_dag.py
[2025-06-12T11:41:03.999+0200] {processor.py:925} INFO - DAG(s) 'example_sla_dag' retrieved from /Users/gordanaristova/MyProjects/MyRpaProject/venv/lib/python3.10/site-packages/airflow/example_dags/example_sla_dag.py
[2025-06-12T11:41:04.025+0200] {logging_mixin.py:190} INFO - [2025-06-12T11:41:04.025+0200] {dag.py:3239} INFO - Sync 1 DAGs
[2025-06-12T11:41:04.031+0200] {logging_mixin.py:190} INFO - [2025-06-12T11:41:04.031+0200] {dag.py:4180} INFO - Setting next_dagrun for example_sla_dag to 2025-06-12 09:38:00+00:00, run_after=2025-06-12 09:40:00+00:00
[2025-06-12T11:41:04.035+0200] {processor.py:208} INFO - Processing /Users/gordanaristova/MyProjects/MyRpaProject/venv/lib/python3.10/site-packages/airflow/example_dags/example_sla_dag.py took 0.051 seconds
[2025-06-12T11:42:28.142+0200] {processor.py:186} INFO - Started process (PID=10497) to work on /Users/gordanaristova/MyProjects/MyRpaProject/venv/lib/python3.10/site-packages/airflow/example_dags/example_sla_dag.py
[2025-06-12T11:42:28.143+0200] {processor.py:914} INFO - Processing file /Users/gordanaristova/MyProjects/MyRpaProject/venv/lib/python3.10/site-packages/airflow/example_dags/example_sla_dag.py for tasks to queue
[2025-06-12T11:42:28.143+0200] {logging_mixin.py:190} INFO - [2025-06-12T11:42:28.143+0200] {dagbag.py:588} INFO - Filling up the DagBag from /Users/gordanaristova/MyProjects/MyRpaProject/venv/lib/python3.10/site-packages/airflow/example_dags/example_sla_dag.py
[2025-06-12T11:42:28.154+0200] {processor.py:925} INFO - DAG(s) 'example_sla_dag' retrieved from /Users/gordanaristova/MyProjects/MyRpaProject/venv/lib/python3.10/site-packages/airflow/example_dags/example_sla_dag.py
[2025-06-12T11:42:28.181+0200] {logging_mixin.py:190} INFO - [2025-06-12T11:42:28.181+0200] {dag.py:3239} INFO - Sync 1 DAGs
[2025-06-12T11:42:28.186+0200] {logging_mixin.py:190} INFO - [2025-06-12T11:42:28.186+0200] {dag.py:4180} INFO - Setting next_dagrun for example_sla_dag to 2025-06-12 09:40:00+00:00, run_after=2025-06-12 09:42:00+00:00
[2025-06-12T11:42:28.190+0200] {processor.py:208} INFO - Processing /Users/gordanaristova/MyProjects/MyRpaProject/venv/lib/python3.10/site-packages/airflow/example_dags/example_sla_dag.py took 0.049 seconds
[2025-06-12T11:49:52.065+0200] {processor.py:186} INFO - Started process (PID=10631) to work on /Users/gordanaristova/MyProjects/MyRpaProject/venv/lib/python3.10/site-packages/airflow/example_dags/example_sla_dag.py
[2025-06-12T11:49:52.066+0200] {processor.py:914} INFO - Processing file /Users/gordanaristova/MyProjects/MyRpaProject/venv/lib/python3.10/site-packages/airflow/example_dags/example_sla_dag.py for tasks to queue
[2025-06-12T11:49:52.066+0200] {logging_mixin.py:190} INFO - [2025-06-12T11:49:52.066+0200] {dagbag.py:588} INFO - Filling up the DagBag from /Users/gordanaristova/MyProjects/MyRpaProject/venv/lib/python3.10/site-packages/airflow/example_dags/example_sla_dag.py
[2025-06-12T11:49:52.079+0200] {processor.py:925} INFO - DAG(s) 'example_sla_dag' retrieved from /Users/gordanaristova/MyProjects/MyRpaProject/venv/lib/python3.10/site-packages/airflow/example_dags/example_sla_dag.py
[2025-06-12T11:49:52.109+0200] {logging_mixin.py:190} INFO - [2025-06-12T11:49:52.109+0200] {dag.py:3239} INFO - Sync 1 DAGs
[2025-06-12T11:49:52.115+0200] {logging_mixin.py:190} INFO - [2025-06-12T11:49:52.115+0200] {dag.py:4180} INFO - Setting next_dagrun for example_sla_dag to 2025-06-12 09:46:00+00:00, run_after=2025-06-12 09:48:00+00:00
[2025-06-12T11:49:52.120+0200] {processor.py:208} INFO - Processing /Users/gordanaristova/MyProjects/MyRpaProject/venv/lib/python3.10/site-packages/airflow/example_dags/example_sla_dag.py took 0.056 seconds
[2025-06-12T11:51:18.448+0200] {processor.py:186} INFO - Started process (PID=10721) to work on /Users/gordanaristova/MyProjects/MyRpaProject/venv/lib/python3.10/site-packages/airflow/example_dags/example_sla_dag.py
[2025-06-12T11:51:18.449+0200] {processor.py:914} INFO - Processing file /Users/gordanaristova/MyProjects/MyRpaProject/venv/lib/python3.10/site-packages/airflow/example_dags/example_sla_dag.py for tasks to queue
[2025-06-12T11:51:18.449+0200] {logging_mixin.py:190} INFO - [2025-06-12T11:51:18.449+0200] {dagbag.py:588} INFO - Filling up the DagBag from /Users/gordanaristova/MyProjects/MyRpaProject/venv/lib/python3.10/site-packages/airflow/example_dags/example_sla_dag.py
[2025-06-12T11:51:18.460+0200] {processor.py:925} INFO - DAG(s) 'example_sla_dag' retrieved from /Users/gordanaristova/MyProjects/MyRpaProject/venv/lib/python3.10/site-packages/airflow/example_dags/example_sla_dag.py
[2025-06-12T11:51:18.487+0200] {logging_mixin.py:190} INFO - [2025-06-12T11:51:18.487+0200] {dag.py:3239} INFO - Sync 1 DAGs
[2025-06-12T11:51:18.493+0200] {logging_mixin.py:190} INFO - [2025-06-12T11:51:18.493+0200] {dag.py:4180} INFO - Setting next_dagrun for example_sla_dag to 2025-06-12 09:48:00+00:00, run_after=2025-06-12 09:50:00+00:00
[2025-06-12T11:51:18.497+0200] {processor.py:208} INFO - Processing /Users/gordanaristova/MyProjects/MyRpaProject/venv/lib/python3.10/site-packages/airflow/example_dags/example_sla_dag.py took 0.050 seconds
[2025-06-12T11:53:05.373+0200] {processor.py:186} INFO - Started process (PID=10827) to work on /Users/gordanaristova/MyProjects/MyRpaProject/venv/lib/python3.10/site-packages/airflow/example_dags/example_sla_dag.py
[2025-06-12T11:53:05.373+0200] {processor.py:914} INFO - Processing file /Users/gordanaristova/MyProjects/MyRpaProject/venv/lib/python3.10/site-packages/airflow/example_dags/example_sla_dag.py for tasks to queue
[2025-06-12T11:53:05.373+0200] {logging_mixin.py:190} INFO - [2025-06-12T11:53:05.373+0200] {dagbag.py:588} INFO - Filling up the DagBag from /Users/gordanaristova/MyProjects/MyRpaProject/venv/lib/python3.10/site-packages/airflow/example_dags/example_sla_dag.py
[2025-06-12T11:53:05.385+0200] {processor.py:925} INFO - DAG(s) 'example_sla_dag' retrieved from /Users/gordanaristova/MyProjects/MyRpaProject/venv/lib/python3.10/site-packages/airflow/example_dags/example_sla_dag.py
[2025-06-12T11:53:05.412+0200] {logging_mixin.py:190} INFO - [2025-06-12T11:53:05.412+0200] {dag.py:3239} INFO - Sync 1 DAGs
[2025-06-12T11:53:05.418+0200] {logging_mixin.py:190} INFO - [2025-06-12T11:53:05.418+0200] {dag.py:4180} INFO - Setting next_dagrun for example_sla_dag to 2025-06-12 09:50:00+00:00, run_after=2025-06-12 09:52:00+00:00
[2025-06-12T11:53:05.422+0200] {processor.py:208} INFO - Processing /Users/gordanaristova/MyProjects/MyRpaProject/venv/lib/python3.10/site-packages/airflow/example_dags/example_sla_dag.py took 0.051 seconds
[2025-06-12T11:54:54.414+0200] {processor.py:186} INFO - Started process (PID=10918) to work on /Users/gordanaristova/MyProjects/MyRpaProject/venv/lib/python3.10/site-packages/airflow/example_dags/example_sla_dag.py
[2025-06-12T11:54:54.415+0200] {processor.py:914} INFO - Processing file /Users/gordanaristova/MyProjects/MyRpaProject/venv/lib/python3.10/site-packages/airflow/example_dags/example_sla_dag.py for tasks to queue
[2025-06-12T11:54:54.415+0200] {logging_mixin.py:190} INFO - [2025-06-12T11:54:54.415+0200] {dagbag.py:588} INFO - Filling up the DagBag from /Users/gordanaristova/MyProjects/MyRpaProject/venv/lib/python3.10/site-packages/airflow/example_dags/example_sla_dag.py
[2025-06-12T11:54:54.427+0200] {processor.py:925} INFO - DAG(s) 'example_sla_dag' retrieved from /Users/gordanaristova/MyProjects/MyRpaProject/venv/lib/python3.10/site-packages/airflow/example_dags/example_sla_dag.py
[2025-06-12T11:54:54.454+0200] {logging_mixin.py:190} INFO - [2025-06-12T11:54:54.454+0200] {dag.py:3239} INFO - Sync 1 DAGs
[2025-06-12T11:54:54.460+0200] {logging_mixin.py:190} INFO - [2025-06-12T11:54:54.460+0200] {dag.py:4180} INFO - Setting next_dagrun for example_sla_dag to 2025-06-12 09:52:00+00:00, run_after=2025-06-12 09:54:00+00:00
[2025-06-12T11:54:54.464+0200] {processor.py:208} INFO - Processing /Users/gordanaristova/MyProjects/MyRpaProject/venv/lib/python3.10/site-packages/airflow/example_dags/example_sla_dag.py took 0.051 seconds
[2025-06-12T11:56:43.060+0200] {processor.py:186} INFO - Started process (PID=11031) to work on /Users/gordanaristova/MyProjects/MyRpaProject/venv/lib/python3.10/site-packages/airflow/example_dags/example_sla_dag.py
[2025-06-12T11:56:43.061+0200] {processor.py:914} INFO - Processing file /Users/gordanaristova/MyProjects/MyRpaProject/venv/lib/python3.10/site-packages/airflow/example_dags/example_sla_dag.py for tasks to queue
[2025-06-12T11:56:43.062+0200] {logging_mixin.py:190} INFO - [2025-06-12T11:56:43.062+0200] {dagbag.py:588} INFO - Filling up the DagBag from /Users/gordanaristova/MyProjects/MyRpaProject/venv/lib/python3.10/site-packages/airflow/example_dags/example_sla_dag.py
[2025-06-12T11:56:43.074+0200] {processor.py:925} INFO - DAG(s) 'example_sla_dag' retrieved from /Users/gordanaristova/MyProjects/MyRpaProject/venv/lib/python3.10/site-packages/airflow/example_dags/example_sla_dag.py
[2025-06-12T11:56:43.102+0200] {logging_mixin.py:190} INFO - [2025-06-12T11:56:43.102+0200] {dag.py:3239} INFO - Sync 1 DAGs
[2025-06-12T11:56:43.108+0200] {logging_mixin.py:190} INFO - [2025-06-12T11:56:43.108+0200] {dag.py:4180} INFO - Setting next_dagrun for example_sla_dag to 2025-06-12 09:54:00+00:00, run_after=2025-06-12 09:56:00+00:00
[2025-06-12T11:56:43.112+0200] {processor.py:208} INFO - Processing /Users/gordanaristova/MyProjects/MyRpaProject/venv/lib/python3.10/site-packages/airflow/example_dags/example_sla_dag.py took 0.053 seconds
[2025-06-12T13:14:38.689+0200] {processor.py:186} INFO - Started process (PID=13001) to work on /Users/gordanaristova/MyProjects/MyRpaProject/venv/lib/python3.10/site-packages/airflow/example_dags/example_sla_dag.py
[2025-06-12T13:14:38.690+0200] {processor.py:914} INFO - Processing file /Users/gordanaristova/MyProjects/MyRpaProject/venv/lib/python3.10/site-packages/airflow/example_dags/example_sla_dag.py for tasks to queue
[2025-06-12T13:14:38.690+0200] {logging_mixin.py:190} INFO - [2025-06-12T13:14:38.690+0200] {dagbag.py:588} INFO - Filling up the DagBag from /Users/gordanaristova/MyProjects/MyRpaProject/venv/lib/python3.10/site-packages/airflow/example_dags/example_sla_dag.py
[2025-06-12T13:14:38.702+0200] {processor.py:925} INFO - DAG(s) 'example_sla_dag' retrieved from /Users/gordanaristova/MyProjects/MyRpaProject/venv/lib/python3.10/site-packages/airflow/example_dags/example_sla_dag.py
[2025-06-12T13:14:38.730+0200] {logging_mixin.py:190} INFO - [2025-06-12T13:14:38.730+0200] {dag.py:3239} INFO - Sync 1 DAGs
[2025-06-12T13:14:38.736+0200] {logging_mixin.py:190} INFO - [2025-06-12T13:14:38.736+0200] {dag.py:4180} INFO - Setting next_dagrun for example_sla_dag to 2025-06-12 11:12:00+00:00, run_after=2025-06-12 11:14:00+00:00
[2025-06-12T13:14:38.740+0200] {processor.py:208} INFO - Processing /Users/gordanaristova/MyProjects/MyRpaProject/venv/lib/python3.10/site-packages/airflow/example_dags/example_sla_dag.py took 0.053 seconds
[2025-06-12T18:42:21.118+0200] {processor.py:186} INFO - Started process (PID=15656) to work on /Users/gordanaristova/MyProjects/MyRpaProject/venv/lib/python3.10/site-packages/airflow/example_dags/example_sla_dag.py
[2025-06-12T18:42:21.118+0200] {processor.py:914} INFO - Processing file /Users/gordanaristova/MyProjects/MyRpaProject/venv/lib/python3.10/site-packages/airflow/example_dags/example_sla_dag.py for tasks to queue
[2025-06-12T18:42:21.119+0200] {logging_mixin.py:190} INFO - [2025-06-12T18:42:21.119+0200] {dagbag.py:588} INFO - Filling up the DagBag from /Users/gordanaristova/MyProjects/MyRpaProject/venv/lib/python3.10/site-packages/airflow/example_dags/example_sla_dag.py
[2025-06-12T18:42:21.132+0200] {processor.py:925} INFO - DAG(s) 'example_sla_dag' retrieved from /Users/gordanaristova/MyProjects/MyRpaProject/venv/lib/python3.10/site-packages/airflow/example_dags/example_sla_dag.py
[2025-06-12T18:42:21.163+0200] {logging_mixin.py:190} INFO - [2025-06-12T18:42:21.162+0200] {dag.py:3239} INFO - Sync 1 DAGs
[2025-06-12T18:42:21.169+0200] {logging_mixin.py:190} INFO - [2025-06-12T18:42:21.169+0200] {dag.py:4180} INFO - Setting next_dagrun for example_sla_dag to 2025-06-12 16:40:00+00:00, run_after=2025-06-12 16:42:00+00:00
[2025-06-12T18:42:21.174+0200] {processor.py:208} INFO - Processing /Users/gordanaristova/MyProjects/MyRpaProject/venv/lib/python3.10/site-packages/airflow/example_dags/example_sla_dag.py took 0.057 seconds
[2025-06-12T18:52:04.248+0200] {processor.py:186} INFO - Started process (PID=15886) to work on /Users/gordanaristova/MyProjects/MyRpaProject/venv/lib/python3.10/site-packages/airflow/example_dags/example_sla_dag.py
[2025-06-12T18:52:04.249+0200] {processor.py:914} INFO - Processing file /Users/gordanaristova/MyProjects/MyRpaProject/venv/lib/python3.10/site-packages/airflow/example_dags/example_sla_dag.py for tasks to queue
[2025-06-12T18:52:04.250+0200] {logging_mixin.py:190} INFO - [2025-06-12T18:52:04.250+0200] {dagbag.py:588} INFO - Filling up the DagBag from /Users/gordanaristova/MyProjects/MyRpaProject/venv/lib/python3.10/site-packages/airflow/example_dags/example_sla_dag.py
[2025-06-12T18:52:04.262+0200] {processor.py:925} INFO - DAG(s) 'example_sla_dag' retrieved from /Users/gordanaristova/MyProjects/MyRpaProject/venv/lib/python3.10/site-packages/airflow/example_dags/example_sla_dag.py
[2025-06-12T18:52:04.291+0200] {logging_mixin.py:190} INFO - [2025-06-12T18:52:04.291+0200] {dag.py:3239} INFO - Sync 1 DAGs
[2025-06-12T18:52:04.297+0200] {logging_mixin.py:190} INFO - [2025-06-12T18:52:04.297+0200] {dag.py:4180} INFO - Setting next_dagrun for example_sla_dag to 2025-06-12 16:50:00+00:00, run_after=2025-06-12 16:52:00+00:00
[2025-06-12T18:52:04.302+0200] {processor.py:208} INFO - Processing /Users/gordanaristova/MyProjects/MyRpaProject/venv/lib/python3.10/site-packages/airflow/example_dags/example_sla_dag.py took 0.055 seconds
[2025-06-12T18:55:16.159+0200] {processor.py:186} INFO - Started process (PID=15974) to work on /Users/gordanaristova/MyProjects/MyRpaProject/venv/lib/python3.10/site-packages/airflow/example_dags/example_sla_dag.py
[2025-06-12T18:55:16.160+0200] {processor.py:914} INFO - Processing file /Users/gordanaristova/MyProjects/MyRpaProject/venv/lib/python3.10/site-packages/airflow/example_dags/example_sla_dag.py for tasks to queue
[2025-06-12T18:55:16.160+0200] {logging_mixin.py:190} INFO - [2025-06-12T18:55:16.160+0200] {dagbag.py:588} INFO - Filling up the DagBag from /Users/gordanaristova/MyProjects/MyRpaProject/venv/lib/python3.10/site-packages/airflow/example_dags/example_sla_dag.py
[2025-06-12T18:55:16.173+0200] {processor.py:925} INFO - DAG(s) 'example_sla_dag' retrieved from /Users/gordanaristova/MyProjects/MyRpaProject/venv/lib/python3.10/site-packages/airflow/example_dags/example_sla_dag.py
[2025-06-12T18:55:16.202+0200] {logging_mixin.py:190} INFO - [2025-06-12T18:55:16.201+0200] {dag.py:3239} INFO - Sync 1 DAGs
[2025-06-12T18:55:16.208+0200] {logging_mixin.py:190} INFO - [2025-06-12T18:55:16.208+0200] {dag.py:4180} INFO - Setting next_dagrun for example_sla_dag to 2025-06-12 16:52:00+00:00, run_after=2025-06-12 16:54:00+00:00
[2025-06-12T18:55:16.213+0200] {processor.py:208} INFO - Processing /Users/gordanaristova/MyProjects/MyRpaProject/venv/lib/python3.10/site-packages/airflow/example_dags/example_sla_dag.py took 0.055 seconds
[2025-06-12T19:00:23.259+0200] {processor.py:186} INFO - Started process (PID=16114) to work on /Users/gordanaristova/MyProjects/MyRpaProject/venv/lib/python3.10/site-packages/airflow/example_dags/example_sla_dag.py
[2025-06-12T19:00:23.260+0200] {processor.py:914} INFO - Processing file /Users/gordanaristova/MyProjects/MyRpaProject/venv/lib/python3.10/site-packages/airflow/example_dags/example_sla_dag.py for tasks to queue
[2025-06-12T19:00:23.260+0200] {logging_mixin.py:190} INFO - [2025-06-12T19:00:23.260+0200] {dagbag.py:588} INFO - Filling up the DagBag from /Users/gordanaristova/MyProjects/MyRpaProject/venv/lib/python3.10/site-packages/airflow/example_dags/example_sla_dag.py
[2025-06-12T19:00:23.273+0200] {processor.py:925} INFO - DAG(s) 'example_sla_dag' retrieved from /Users/gordanaristova/MyProjects/MyRpaProject/venv/lib/python3.10/site-packages/airflow/example_dags/example_sla_dag.py
[2025-06-12T19:00:23.301+0200] {logging_mixin.py:190} INFO - [2025-06-12T19:00:23.301+0200] {dag.py:3239} INFO - Sync 1 DAGs
[2025-06-12T19:00:23.307+0200] {logging_mixin.py:190} INFO - [2025-06-12T19:00:23.307+0200] {dag.py:4180} INFO - Setting next_dagrun for example_sla_dag to 2025-06-12 16:58:00+00:00, run_after=2025-06-12 17:00:00+00:00
[2025-06-12T19:00:23.312+0200] {processor.py:208} INFO - Processing /Users/gordanaristova/MyProjects/MyRpaProject/venv/lib/python3.10/site-packages/airflow/example_dags/example_sla_dag.py took 0.054 seconds
[2025-06-12T19:11:00.724+0200] {processor.py:186} INFO - Started process (PID=16443) to work on /Users/gordanaristova/MyProjects/MyRpaProject/venv/lib/python3.10/site-packages/airflow/example_dags/example_sla_dag.py
[2025-06-12T19:11:00.725+0200] {processor.py:914} INFO - Processing file /Users/gordanaristova/MyProjects/MyRpaProject/venv/lib/python3.10/site-packages/airflow/example_dags/example_sla_dag.py for tasks to queue
[2025-06-12T19:11:00.725+0200] {logging_mixin.py:190} INFO - [2025-06-12T19:11:00.725+0200] {dagbag.py:588} INFO - Filling up the DagBag from /Users/gordanaristova/MyProjects/MyRpaProject/venv/lib/python3.10/site-packages/airflow/example_dags/example_sla_dag.py
[2025-06-12T19:11:00.738+0200] {processor.py:925} INFO - DAG(s) 'example_sla_dag' retrieved from /Users/gordanaristova/MyProjects/MyRpaProject/venv/lib/python3.10/site-packages/airflow/example_dags/example_sla_dag.py
[2025-06-12T19:11:00.768+0200] {logging_mixin.py:190} INFO - [2025-06-12T19:11:00.768+0200] {dag.py:3239} INFO - Sync 1 DAGs
[2025-06-12T19:11:00.774+0200] {logging_mixin.py:190} INFO - [2025-06-12T19:11:00.774+0200] {dag.py:4180} INFO - Setting next_dagrun for example_sla_dag to 2025-06-12 17:08:00+00:00, run_after=2025-06-12 17:10:00+00:00
[2025-06-12T19:11:00.779+0200] {processor.py:208} INFO - Processing /Users/gordanaristova/MyProjects/MyRpaProject/venv/lib/python3.10/site-packages/airflow/example_dags/example_sla_dag.py took 0.056 seconds
[2025-06-12T19:14:03.769+0200] {processor.py:186} INFO - Started process (PID=16637) to work on /Users/gordanaristova/MyProjects/MyRpaProject/venv/lib/python3.10/site-packages/airflow/example_dags/example_sla_dag.py
[2025-06-12T19:14:03.770+0200] {processor.py:914} INFO - Processing file /Users/gordanaristova/MyProjects/MyRpaProject/venv/lib/python3.10/site-packages/airflow/example_dags/example_sla_dag.py for tasks to queue
[2025-06-12T19:14:03.771+0200] {logging_mixin.py:190} INFO - [2025-06-12T19:14:03.771+0200] {dagbag.py:588} INFO - Filling up the DagBag from /Users/gordanaristova/MyProjects/MyRpaProject/venv/lib/python3.10/site-packages/airflow/example_dags/example_sla_dag.py
[2025-06-12T19:14:03.783+0200] {processor.py:925} INFO - DAG(s) 'example_sla_dag' retrieved from /Users/gordanaristova/MyProjects/MyRpaProject/venv/lib/python3.10/site-packages/airflow/example_dags/example_sla_dag.py
[2025-06-12T19:14:03.811+0200] {logging_mixin.py:190} INFO - [2025-06-12T19:14:03.811+0200] {dag.py:3239} INFO - Sync 1 DAGs
[2025-06-12T19:14:03.816+0200] {logging_mixin.py:190} INFO - [2025-06-12T19:14:03.816+0200] {dag.py:4180} INFO - Setting next_dagrun for example_sla_dag to 2025-06-12 17:12:00+00:00, run_after=2025-06-12 17:14:00+00:00
[2025-06-12T19:14:03.821+0200] {processor.py:208} INFO - Processing /Users/gordanaristova/MyProjects/MyRpaProject/venv/lib/python3.10/site-packages/airflow/example_dags/example_sla_dag.py took 0.053 seconds
