[2025-06-12T10:37:20.472+0200] {processor.py:186} INFO - Started process (PID=8458) to work on /Users/gordanaristova/MyProjects/MyRpaProject/venv/lib/python3.10/site-packages/airflow/example_dags/example_datasets.py
[2025-06-12T10:37:20.473+0200] {processor.py:914} INFO - Processing file /Users/gordanaristova/MyProjects/MyRpaProject/venv/lib/python3.10/site-packages/airflow/example_dags/example_datasets.py for tasks to queue
[2025-06-12T10:37:20.473+0200] {logging_mixin.py:190} INFO - [2025-06-12T10:37:20.473+0200] {dagbag.py:588} INFO - Filling up the DagBag from /Users/gordanaristova/MyProjects/MyRpaProject/venv/lib/python3.10/site-packages/airflow/example_dags/example_datasets.py
[2025-06-12T10:37:20.485+0200] {processor.py:925} INFO - DAG(s) 'consume_1_or_both_2_and_3_with_dataset_expressions', 'dataset_produces_1', 'conditional_dataset_and_time_based_timetable', 'dataset_consumes_unknown_never_scheduled', 'dataset_consumes_1', 'dataset_consumes_1_and_2', 'dataset_produces_2', 'dataset_consumes_1_never_scheduled', 'consume_1_or_2_with_dataset_expressions', 'consume_1_and_2_with_dataset_expressions' retrieved from /Users/gordanaristova/MyProjects/MyRpaProject/venv/lib/python3.10/site-packages/airflow/example_dags/example_datasets.py
[2025-06-12T10:37:20.533+0200] {logging_mixin.py:190} INFO - [2025-06-12T10:37:20.533+0200] {override.py:1900} INFO - Created Permission View: can read on DAG:consume_1_or_both_2_and_3_with_dataset_expressions
[2025-06-12T10:37:20.535+0200] {logging_mixin.py:190} INFO - [2025-06-12T10:37:20.535+0200] {override.py:1900} INFO - Created Permission View: can delete on DAG:consume_1_or_both_2_and_3_with_dataset_expressions
[2025-06-12T10:37:20.537+0200] {logging_mixin.py:190} INFO - [2025-06-12T10:37:20.536+0200] {override.py:1900} INFO - Created Permission View: can edit on DAG:consume_1_or_both_2_and_3_with_dataset_expressions
[2025-06-12T10:37:20.538+0200] {logging_mixin.py:190} INFO - [2025-06-12T10:37:20.538+0200] {override.py:1900} INFO - Created Permission View: can delete on DAG Run:consume_1_or_both_2_and_3_with_dataset_expressions
[2025-06-12T10:37:20.540+0200] {logging_mixin.py:190} INFO - [2025-06-12T10:37:20.540+0200] {override.py:1900} INFO - Created Permission View: can read on DAG Run:consume_1_or_both_2_and_3_with_dataset_expressions
[2025-06-12T10:37:20.541+0200] {logging_mixin.py:190} INFO - [2025-06-12T10:37:20.541+0200] {override.py:1900} INFO - Created Permission View: can create on DAG Run:consume_1_or_both_2_and_3_with_dataset_expressions
[2025-06-12T10:37:20.542+0200] {logging_mixin.py:190} INFO - [2025-06-12T10:37:20.542+0200] {override.py:1900} INFO - Created Permission View: menu access on DAG Run:consume_1_or_both_2_and_3_with_dataset_expressions
[2025-06-12T10:37:20.545+0200] {logging_mixin.py:190} INFO - [2025-06-12T10:37:20.545+0200] {override.py:1900} INFO - Created Permission View: can read on DAG:dataset_produces_1
[2025-06-12T10:37:20.546+0200] {logging_mixin.py:190} INFO - [2025-06-12T10:37:20.546+0200] {override.py:1900} INFO - Created Permission View: can delete on DAG:dataset_produces_1
[2025-06-12T10:37:20.548+0200] {logging_mixin.py:190} INFO - [2025-06-12T10:37:20.548+0200] {override.py:1900} INFO - Created Permission View: can edit on DAG:dataset_produces_1
[2025-06-12T10:37:20.549+0200] {logging_mixin.py:190} INFO - [2025-06-12T10:37:20.549+0200] {override.py:1900} INFO - Created Permission View: can delete on DAG Run:dataset_produces_1
[2025-06-12T10:37:20.551+0200] {logging_mixin.py:190} INFO - [2025-06-12T10:37:20.551+0200] {override.py:1900} INFO - Created Permission View: can read on DAG Run:dataset_produces_1
[2025-06-12T10:37:20.552+0200] {logging_mixin.py:190} INFO - [2025-06-12T10:37:20.552+0200] {override.py:1900} INFO - Created Permission View: can create on DAG Run:dataset_produces_1
[2025-06-12T10:37:20.553+0200] {logging_mixin.py:190} INFO - [2025-06-12T10:37:20.553+0200] {override.py:1900} INFO - Created Permission View: menu access on DAG Run:dataset_produces_1
[2025-06-12T10:37:20.556+0200] {logging_mixin.py:190} INFO - [2025-06-12T10:37:20.556+0200] {override.py:1900} INFO - Created Permission View: can read on DAG:conditional_dataset_and_time_based_timetable
[2025-06-12T10:37:20.558+0200] {logging_mixin.py:190} INFO - [2025-06-12T10:37:20.558+0200] {override.py:1900} INFO - Created Permission View: can delete on DAG:conditional_dataset_and_time_based_timetable
[2025-06-12T10:37:20.559+0200] {logging_mixin.py:190} INFO - [2025-06-12T10:37:20.559+0200] {override.py:1900} INFO - Created Permission View: can edit on DAG:conditional_dataset_and_time_based_timetable
[2025-06-12T10:37:20.561+0200] {logging_mixin.py:190} INFO - [2025-06-12T10:37:20.561+0200] {override.py:1900} INFO - Created Permission View: can delete on DAG Run:conditional_dataset_and_time_based_timetable
[2025-06-12T10:37:20.562+0200] {logging_mixin.py:190} INFO - [2025-06-12T10:37:20.562+0200] {override.py:1900} INFO - Created Permission View: can read on DAG Run:conditional_dataset_and_time_based_timetable
[2025-06-12T10:37:20.563+0200] {logging_mixin.py:190} INFO - [2025-06-12T10:37:20.563+0200] {override.py:1900} INFO - Created Permission View: can create on DAG Run:conditional_dataset_and_time_based_timetable
[2025-06-12T10:37:20.564+0200] {logging_mixin.py:190} INFO - [2025-06-12T10:37:20.564+0200] {override.py:1900} INFO - Created Permission View: menu access on DAG Run:conditional_dataset_and_time_based_timetable
[2025-06-12T10:37:20.567+0200] {logging_mixin.py:190} INFO - [2025-06-12T10:37:20.567+0200] {override.py:1900} INFO - Created Permission View: can read on DAG:dataset_consumes_unknown_never_scheduled
[2025-06-12T10:37:20.568+0200] {logging_mixin.py:190} INFO - [2025-06-12T10:37:20.568+0200] {override.py:1900} INFO - Created Permission View: can delete on DAG:dataset_consumes_unknown_never_scheduled
[2025-06-12T10:37:20.569+0200] {logging_mixin.py:190} INFO - [2025-06-12T10:37:20.569+0200] {override.py:1900} INFO - Created Permission View: can edit on DAG:dataset_consumes_unknown_never_scheduled
[2025-06-12T10:37:20.571+0200] {logging_mixin.py:190} INFO - [2025-06-12T10:37:20.571+0200] {override.py:1900} INFO - Created Permission View: can delete on DAG Run:dataset_consumes_unknown_never_scheduled
[2025-06-12T10:37:20.572+0200] {logging_mixin.py:190} INFO - [2025-06-12T10:37:20.572+0200] {override.py:1900} INFO - Created Permission View: can read on DAG Run:dataset_consumes_unknown_never_scheduled
[2025-06-12T10:37:20.574+0200] {logging_mixin.py:190} INFO - [2025-06-12T10:37:20.574+0200] {override.py:1900} INFO - Created Permission View: can create on DAG Run:dataset_consumes_unknown_never_scheduled
[2025-06-12T10:37:20.575+0200] {logging_mixin.py:190} INFO - [2025-06-12T10:37:20.575+0200] {override.py:1900} INFO - Created Permission View: menu access on DAG Run:dataset_consumes_unknown_never_scheduled
[2025-06-12T10:37:20.577+0200] {logging_mixin.py:190} INFO - [2025-06-12T10:37:20.577+0200] {override.py:1900} INFO - Created Permission View: can read on DAG:dataset_consumes_1
[2025-06-12T10:37:20.579+0200] {logging_mixin.py:190} INFO - [2025-06-12T10:37:20.579+0200] {override.py:1900} INFO - Created Permission View: can delete on DAG:dataset_consumes_1
[2025-06-12T10:37:20.580+0200] {logging_mixin.py:190} INFO - [2025-06-12T10:37:20.580+0200] {override.py:1900} INFO - Created Permission View: can edit on DAG:dataset_consumes_1
[2025-06-12T10:37:20.582+0200] {logging_mixin.py:190} INFO - [2025-06-12T10:37:20.581+0200] {override.py:1900} INFO - Created Permission View: can delete on DAG Run:dataset_consumes_1
[2025-06-12T10:37:20.583+0200] {logging_mixin.py:190} INFO - [2025-06-12T10:37:20.583+0200] {override.py:1900} INFO - Created Permission View: can read on DAG Run:dataset_consumes_1
[2025-06-12T10:37:20.584+0200] {logging_mixin.py:190} INFO - [2025-06-12T10:37:20.584+0200] {override.py:1900} INFO - Created Permission View: can create on DAG Run:dataset_consumes_1
[2025-06-12T10:37:20.585+0200] {logging_mixin.py:190} INFO - [2025-06-12T10:37:20.585+0200] {override.py:1900} INFO - Created Permission View: menu access on DAG Run:dataset_consumes_1
[2025-06-12T10:37:20.588+0200] {logging_mixin.py:190} INFO - [2025-06-12T10:37:20.588+0200] {override.py:1900} INFO - Created Permission View: can read on DAG:dataset_consumes_1_and_2
[2025-06-12T10:37:20.589+0200] {logging_mixin.py:190} INFO - [2025-06-12T10:37:20.589+0200] {override.py:1900} INFO - Created Permission View: can delete on DAG:dataset_consumes_1_and_2
[2025-06-12T10:37:20.591+0200] {logging_mixin.py:190} INFO - [2025-06-12T10:37:20.591+0200] {override.py:1900} INFO - Created Permission View: can edit on DAG:dataset_consumes_1_and_2
[2025-06-12T10:37:20.592+0200] {logging_mixin.py:190} INFO - [2025-06-12T10:37:20.592+0200] {override.py:1900} INFO - Created Permission View: can delete on DAG Run:dataset_consumes_1_and_2
[2025-06-12T10:37:20.594+0200] {logging_mixin.py:190} INFO - [2025-06-12T10:37:20.594+0200] {override.py:1900} INFO - Created Permission View: can read on DAG Run:dataset_consumes_1_and_2
[2025-06-12T10:37:20.595+0200] {logging_mixin.py:190} INFO - [2025-06-12T10:37:20.595+0200] {override.py:1900} INFO - Created Permission View: can create on DAG Run:dataset_consumes_1_and_2
[2025-06-12T10:37:20.596+0200] {logging_mixin.py:190} INFO - [2025-06-12T10:37:20.596+0200] {override.py:1900} INFO - Created Permission View: menu access on DAG Run:dataset_consumes_1_and_2
[2025-06-12T10:37:20.599+0200] {logging_mixin.py:190} INFO - [2025-06-12T10:37:20.599+0200] {override.py:1900} INFO - Created Permission View: can read on DAG:dataset_produces_2
[2025-06-12T10:37:20.600+0200] {logging_mixin.py:190} INFO - [2025-06-12T10:37:20.600+0200] {override.py:1900} INFO - Created Permission View: can delete on DAG:dataset_produces_2
[2025-06-12T10:37:20.601+0200] {logging_mixin.py:190} INFO - [2025-06-12T10:37:20.601+0200] {override.py:1900} INFO - Created Permission View: can edit on DAG:dataset_produces_2
[2025-06-12T10:37:20.603+0200] {logging_mixin.py:190} INFO - [2025-06-12T10:37:20.603+0200] {override.py:1900} INFO - Created Permission View: can delete on DAG Run:dataset_produces_2
[2025-06-12T10:37:20.604+0200] {logging_mixin.py:190} INFO - [2025-06-12T10:37:20.604+0200] {override.py:1900} INFO - Created Permission View: can read on DAG Run:dataset_produces_2
[2025-06-12T10:37:20.605+0200] {logging_mixin.py:190} INFO - [2025-06-12T10:37:20.605+0200] {override.py:1900} INFO - Created Permission View: can create on DAG Run:dataset_produces_2
[2025-06-12T10:37:20.607+0200] {logging_mixin.py:190} INFO - [2025-06-12T10:37:20.607+0200] {override.py:1900} INFO - Created Permission View: menu access on DAG Run:dataset_produces_2
[2025-06-12T10:37:20.609+0200] {logging_mixin.py:190} INFO - [2025-06-12T10:37:20.609+0200] {override.py:1900} INFO - Created Permission View: can read on DAG:dataset_consumes_1_never_scheduled
[2025-06-12T10:37:20.610+0200] {logging_mixin.py:190} INFO - [2025-06-12T10:37:20.610+0200] {override.py:1900} INFO - Created Permission View: can delete on DAG:dataset_consumes_1_never_scheduled
[2025-06-12T10:37:20.612+0200] {logging_mixin.py:190} INFO - [2025-06-12T10:37:20.612+0200] {override.py:1900} INFO - Created Permission View: can edit on DAG:dataset_consumes_1_never_scheduled
[2025-06-12T10:37:20.613+0200] {logging_mixin.py:190} INFO - [2025-06-12T10:37:20.613+0200] {override.py:1900} INFO - Created Permission View: can delete on DAG Run:dataset_consumes_1_never_scheduled
[2025-06-12T10:37:20.615+0200] {logging_mixin.py:190} INFO - [2025-06-12T10:37:20.614+0200] {override.py:1900} INFO - Created Permission View: can read on DAG Run:dataset_consumes_1_never_scheduled
[2025-06-12T10:37:20.616+0200] {logging_mixin.py:190} INFO - [2025-06-12T10:37:20.616+0200] {override.py:1900} INFO - Created Permission View: can create on DAG Run:dataset_consumes_1_never_scheduled
[2025-06-12T10:37:20.617+0200] {logging_mixin.py:190} INFO - [2025-06-12T10:37:20.617+0200] {override.py:1900} INFO - Created Permission View: menu access on DAG Run:dataset_consumes_1_never_scheduled
[2025-06-12T10:37:20.619+0200] {logging_mixin.py:190} INFO - [2025-06-12T10:37:20.619+0200] {override.py:1900} INFO - Created Permission View: can read on DAG:consume_1_or_2_with_dataset_expressions
[2025-06-12T10:37:20.621+0200] {logging_mixin.py:190} INFO - [2025-06-12T10:37:20.621+0200] {override.py:1900} INFO - Created Permission View: can delete on DAG:consume_1_or_2_with_dataset_expressions
[2025-06-12T10:37:20.622+0200] {logging_mixin.py:190} INFO - [2025-06-12T10:37:20.622+0200] {override.py:1900} INFO - Created Permission View: can edit on DAG:consume_1_or_2_with_dataset_expressions
[2025-06-12T10:37:20.624+0200] {logging_mixin.py:190} INFO - [2025-06-12T10:37:20.624+0200] {override.py:1900} INFO - Created Permission View: can delete on DAG Run:consume_1_or_2_with_dataset_expressions
[2025-06-12T10:37:20.625+0200] {logging_mixin.py:190} INFO - [2025-06-12T10:37:20.625+0200] {override.py:1900} INFO - Created Permission View: can read on DAG Run:consume_1_or_2_with_dataset_expressions
[2025-06-12T10:37:20.626+0200] {logging_mixin.py:190} INFO - [2025-06-12T10:37:20.626+0200] {override.py:1900} INFO - Created Permission View: can create on DAG Run:consume_1_or_2_with_dataset_expressions
[2025-06-12T10:37:20.628+0200] {logging_mixin.py:190} INFO - [2025-06-12T10:37:20.627+0200] {override.py:1900} INFO - Created Permission View: menu access on DAG Run:consume_1_or_2_with_dataset_expressions
[2025-06-12T10:37:20.630+0200] {logging_mixin.py:190} INFO - [2025-06-12T10:37:20.630+0200] {override.py:1900} INFO - Created Permission View: can read on DAG:consume_1_and_2_with_dataset_expressions
[2025-06-12T10:37:20.631+0200] {logging_mixin.py:190} INFO - [2025-06-12T10:37:20.631+0200] {override.py:1900} INFO - Created Permission View: can delete on DAG:consume_1_and_2_with_dataset_expressions
[2025-06-12T10:37:20.633+0200] {logging_mixin.py:190} INFO - [2025-06-12T10:37:20.632+0200] {override.py:1900} INFO - Created Permission View: can edit on DAG:consume_1_and_2_with_dataset_expressions
[2025-06-12T10:37:20.634+0200] {logging_mixin.py:190} INFO - [2025-06-12T10:37:20.634+0200] {override.py:1900} INFO - Created Permission View: can delete on DAG Run:consume_1_and_2_with_dataset_expressions
[2025-06-12T10:37:20.635+0200] {logging_mixin.py:190} INFO - [2025-06-12T10:37:20.635+0200] {override.py:1900} INFO - Created Permission View: can read on DAG Run:consume_1_and_2_with_dataset_expressions
[2025-06-12T10:37:20.637+0200] {logging_mixin.py:190} INFO - [2025-06-12T10:37:20.637+0200] {override.py:1900} INFO - Created Permission View: can create on DAG Run:consume_1_and_2_with_dataset_expressions
[2025-06-12T10:37:20.638+0200] {logging_mixin.py:190} INFO - [2025-06-12T10:37:20.638+0200] {override.py:1900} INFO - Created Permission View: menu access on DAG Run:consume_1_and_2_with_dataset_expressions
[2025-06-12T10:37:20.638+0200] {logging_mixin.py:190} INFO - [2025-06-12T10:37:20.638+0200] {dag.py:3239} INFO - Sync 10 DAGs
[2025-06-12T10:37:20.641+0200] {logging_mixin.py:190} INFO - [2025-06-12T10:37:20.641+0200] {dag.py:3262} INFO - Creating ORM DAG for dataset_consumes_1_and_2
[2025-06-12T10:37:20.641+0200] {logging_mixin.py:190} INFO - [2025-06-12T10:37:20.641+0200] {dag.py:3262} INFO - Creating ORM DAG for consume_1_or_2_with_dataset_expressions
[2025-06-12T10:37:20.641+0200] {logging_mixin.py:190} INFO - [2025-06-12T10:37:20.641+0200] {dag.py:3262} INFO - Creating ORM DAG for consume_1_or_both_2_and_3_with_dataset_expressions
[2025-06-12T10:37:20.641+0200] {logging_mixin.py:190} INFO - [2025-06-12T10:37:20.641+0200] {dag.py:3262} INFO - Creating ORM DAG for dataset_consumes_1_never_scheduled
[2025-06-12T10:37:20.642+0200] {logging_mixin.py:190} INFO - [2025-06-12T10:37:20.642+0200] {dag.py:3262} INFO - Creating ORM DAG for dataset_produces_1
[2025-06-12T10:37:20.642+0200] {logging_mixin.py:190} INFO - [2025-06-12T10:37:20.642+0200] {dag.py:3262} INFO - Creating ORM DAG for dataset_consumes_unknown_never_scheduled
[2025-06-12T10:37:20.642+0200] {logging_mixin.py:190} INFO - [2025-06-12T10:37:20.642+0200] {dag.py:3262} INFO - Creating ORM DAG for consume_1_and_2_with_dataset_expressions
[2025-06-12T10:37:20.642+0200] {logging_mixin.py:190} INFO - [2025-06-12T10:37:20.642+0200] {dag.py:3262} INFO - Creating ORM DAG for dataset_consumes_1
[2025-06-12T10:37:20.642+0200] {logging_mixin.py:190} INFO - [2025-06-12T10:37:20.642+0200] {dag.py:3262} INFO - Creating ORM DAG for dataset_produces_2
[2025-06-12T10:37:20.642+0200] {logging_mixin.py:190} INFO - [2025-06-12T10:37:20.642+0200] {dag.py:3262} INFO - Creating ORM DAG for conditional_dataset_and_time_based_timetable
[2025-06-12T10:37:20.644+0200] {logging_mixin.py:190} INFO - [2025-06-12T10:37:20.644+0200] {dag.py:4180} INFO - Setting next_dagrun for conditional_dataset_and_time_based_timetable to 2025-06-11 01:00:00+00:00, run_after=2025-06-11 01:00:00+00:00
[2025-06-12T10:37:20.645+0200] {logging_mixin.py:190} INFO - [2025-06-12T10:37:20.645+0200] {dag.py:4180} INFO - Setting next_dagrun for consume_1_and_2_with_dataset_expressions to None, run_after=None
[2025-06-12T10:37:20.645+0200] {logging_mixin.py:190} INFO - [2025-06-12T10:37:20.645+0200] {dag.py:4180} INFO - Setting next_dagrun for consume_1_or_2_with_dataset_expressions to None, run_after=None
[2025-06-12T10:37:20.645+0200] {logging_mixin.py:190} INFO - [2025-06-12T10:37:20.645+0200] {dag.py:4180} INFO - Setting next_dagrun for consume_1_or_both_2_and_3_with_dataset_expressions to None, run_after=None
[2025-06-12T10:37:20.645+0200] {logging_mixin.py:190} INFO - [2025-06-12T10:37:20.645+0200] {dag.py:4180} INFO - Setting next_dagrun for dataset_consumes_1 to None, run_after=None
[2025-06-12T10:37:20.645+0200] {logging_mixin.py:190} INFO - [2025-06-12T10:37:20.645+0200] {dag.py:4180} INFO - Setting next_dagrun for dataset_consumes_1_and_2 to None, run_after=None
[2025-06-12T10:37:20.645+0200] {logging_mixin.py:190} INFO - [2025-06-12T10:37:20.645+0200] {dag.py:4180} INFO - Setting next_dagrun for dataset_consumes_1_never_scheduled to None, run_after=None
[2025-06-12T10:37:20.645+0200] {logging_mixin.py:190} INFO - [2025-06-12T10:37:20.645+0200] {dag.py:4180} INFO - Setting next_dagrun for dataset_consumes_unknown_never_scheduled to None, run_after=None
[2025-06-12T10:37:20.646+0200] {logging_mixin.py:190} INFO - [2025-06-12T10:37:20.646+0200] {dag.py:4180} INFO - Setting next_dagrun for dataset_produces_1 to 2025-06-11 00:00:00+00:00, run_after=2025-06-12 00:00:00+00:00
[2025-06-12T10:37:20.646+0200] {logging_mixin.py:190} INFO - [2025-06-12T10:37:20.646+0200] {dag.py:4180} INFO - Setting next_dagrun for dataset_produces_2 to None, run_after=None
[2025-06-12T10:37:20.805+0200] {processor.py:208} INFO - Processing /Users/gordanaristova/MyProjects/MyRpaProject/venv/lib/python3.10/site-packages/airflow/example_dags/example_datasets.py took 0.334 seconds
[2025-06-12T10:39:11.188+0200] {processor.py:186} INFO - Started process (PID=8550) to work on /Users/gordanaristova/MyProjects/MyRpaProject/venv/lib/python3.10/site-packages/airflow/example_dags/example_datasets.py
[2025-06-12T10:39:11.189+0200] {processor.py:914} INFO - Processing file /Users/gordanaristova/MyProjects/MyRpaProject/venv/lib/python3.10/site-packages/airflow/example_dags/example_datasets.py for tasks to queue
[2025-06-12T10:39:11.189+0200] {logging_mixin.py:190} INFO - [2025-06-12T10:39:11.189+0200] {dagbag.py:588} INFO - Filling up the DagBag from /Users/gordanaristova/MyProjects/MyRpaProject/venv/lib/python3.10/site-packages/airflow/example_dags/example_datasets.py
[2025-06-12T10:39:11.201+0200] {processor.py:925} INFO - DAG(s) 'consume_1_or_2_with_dataset_expressions', 'consume_1_or_both_2_and_3_with_dataset_expressions', 'dataset_produces_1', 'consume_1_and_2_with_dataset_expressions', 'dataset_consumes_1', 'dataset_consumes_unknown_never_scheduled', 'dataset_produces_2', 'dataset_consumes_1_and_2', 'dataset_consumes_1_never_scheduled', 'conditional_dataset_and_time_based_timetable' retrieved from /Users/gordanaristova/MyProjects/MyRpaProject/venv/lib/python3.10/site-packages/airflow/example_dags/example_datasets.py
[2025-06-12T10:39:11.234+0200] {logging_mixin.py:190} INFO - [2025-06-12T10:39:11.234+0200] {dag.py:3239} INFO - Sync 10 DAGs
[2025-06-12T10:39:11.240+0200] {logging_mixin.py:190} INFO - [2025-06-12T10:39:11.240+0200] {dag.py:4180} INFO - Setting next_dagrun for conditional_dataset_and_time_based_timetable to 2025-06-11 01:00:00+00:00, run_after=2025-06-11 01:00:00+00:00
[2025-06-12T10:39:11.240+0200] {logging_mixin.py:190} INFO - [2025-06-12T10:39:11.240+0200] {dag.py:4180} INFO - Setting next_dagrun for consume_1_and_2_with_dataset_expressions to None, run_after=None
[2025-06-12T10:39:11.241+0200] {logging_mixin.py:190} INFO - [2025-06-12T10:39:11.241+0200] {dag.py:4180} INFO - Setting next_dagrun for consume_1_or_2_with_dataset_expressions to None, run_after=None
[2025-06-12T10:39:11.241+0200] {logging_mixin.py:190} INFO - [2025-06-12T10:39:11.241+0200] {dag.py:4180} INFO - Setting next_dagrun for consume_1_or_both_2_and_3_with_dataset_expressions to None, run_after=None
[2025-06-12T10:39:11.241+0200] {logging_mixin.py:190} INFO - [2025-06-12T10:39:11.241+0200] {dag.py:4180} INFO - Setting next_dagrun for dataset_consumes_1 to None, run_after=None
[2025-06-12T10:39:11.241+0200] {logging_mixin.py:190} INFO - [2025-06-12T10:39:11.241+0200] {dag.py:4180} INFO - Setting next_dagrun for dataset_consumes_1_and_2 to None, run_after=None
[2025-06-12T10:39:11.241+0200] {logging_mixin.py:190} INFO - [2025-06-12T10:39:11.241+0200] {dag.py:4180} INFO - Setting next_dagrun for dataset_consumes_1_never_scheduled to None, run_after=None
[2025-06-12T10:39:11.242+0200] {logging_mixin.py:190} INFO - [2025-06-12T10:39:11.242+0200] {dag.py:4180} INFO - Setting next_dagrun for dataset_consumes_unknown_never_scheduled to None, run_after=None
[2025-06-12T10:39:11.242+0200] {logging_mixin.py:190} INFO - [2025-06-12T10:39:11.242+0200] {dag.py:4180} INFO - Setting next_dagrun for dataset_produces_1 to 2025-06-11 00:00:00+00:00, run_after=2025-06-12 00:00:00+00:00
[2025-06-12T10:39:11.242+0200] {logging_mixin.py:190} INFO - [2025-06-12T10:39:11.242+0200] {dag.py:4180} INFO - Setting next_dagrun for dataset_produces_2 to None, run_after=None
[2025-06-12T10:39:11.252+0200] {processor.py:208} INFO - Processing /Users/gordanaristova/MyProjects/MyRpaProject/venv/lib/python3.10/site-packages/airflow/example_dags/example_datasets.py took 0.065 seconds
[2025-06-12T10:40:53.322+0200] {processor.py:186} INFO - Started process (PID=8634) to work on /Users/gordanaristova/MyProjects/MyRpaProject/venv/lib/python3.10/site-packages/airflow/example_dags/example_datasets.py
[2025-06-12T10:40:53.322+0200] {processor.py:914} INFO - Processing file /Users/gordanaristova/MyProjects/MyRpaProject/venv/lib/python3.10/site-packages/airflow/example_dags/example_datasets.py for tasks to queue
[2025-06-12T10:40:53.322+0200] {logging_mixin.py:190} INFO - [2025-06-12T10:40:53.322+0200] {dagbag.py:588} INFO - Filling up the DagBag from /Users/gordanaristova/MyProjects/MyRpaProject/venv/lib/python3.10/site-packages/airflow/example_dags/example_datasets.py
[2025-06-12T10:40:53.335+0200] {processor.py:925} INFO - DAG(s) 'dataset_produces_2', 'dataset_consumes_1_and_2', 'conditional_dataset_and_time_based_timetable', 'consume_1_or_both_2_and_3_with_dataset_expressions', 'dataset_produces_1', 'consume_1_or_2_with_dataset_expressions', 'dataset_consumes_1_never_scheduled', 'dataset_consumes_1', 'consume_1_and_2_with_dataset_expressions', 'dataset_consumes_unknown_never_scheduled' retrieved from /Users/gordanaristova/MyProjects/MyRpaProject/venv/lib/python3.10/site-packages/airflow/example_dags/example_datasets.py
[2025-06-12T10:40:53.369+0200] {logging_mixin.py:190} INFO - [2025-06-12T10:40:53.369+0200] {dag.py:3239} INFO - Sync 10 DAGs
[2025-06-12T10:40:53.375+0200] {logging_mixin.py:190} INFO - [2025-06-12T10:40:53.375+0200] {dag.py:4180} INFO - Setting next_dagrun for conditional_dataset_and_time_based_timetable to 2025-06-11 01:00:00+00:00, run_after=2025-06-11 01:00:00+00:00
[2025-06-12T10:40:53.376+0200] {logging_mixin.py:190} INFO - [2025-06-12T10:40:53.376+0200] {dag.py:4180} INFO - Setting next_dagrun for consume_1_and_2_with_dataset_expressions to None, run_after=None
[2025-06-12T10:40:53.376+0200] {logging_mixin.py:190} INFO - [2025-06-12T10:40:53.376+0200] {dag.py:4180} INFO - Setting next_dagrun for consume_1_or_2_with_dataset_expressions to None, run_after=None
[2025-06-12T10:40:53.377+0200] {logging_mixin.py:190} INFO - [2025-06-12T10:40:53.377+0200] {dag.py:4180} INFO - Setting next_dagrun for consume_1_or_both_2_and_3_with_dataset_expressions to None, run_after=None
[2025-06-12T10:40:53.377+0200] {logging_mixin.py:190} INFO - [2025-06-12T10:40:53.377+0200] {dag.py:4180} INFO - Setting next_dagrun for dataset_consumes_1 to None, run_after=None
[2025-06-12T10:40:53.377+0200] {logging_mixin.py:190} INFO - [2025-06-12T10:40:53.377+0200] {dag.py:4180} INFO - Setting next_dagrun for dataset_consumes_1_and_2 to None, run_after=None
[2025-06-12T10:40:53.377+0200] {logging_mixin.py:190} INFO - [2025-06-12T10:40:53.377+0200] {dag.py:4180} INFO - Setting next_dagrun for dataset_consumes_1_never_scheduled to None, run_after=None
[2025-06-12T10:40:53.378+0200] {logging_mixin.py:190} INFO - [2025-06-12T10:40:53.378+0200] {dag.py:4180} INFO - Setting next_dagrun for dataset_consumes_unknown_never_scheduled to None, run_after=None
[2025-06-12T10:40:53.378+0200] {logging_mixin.py:190} INFO - [2025-06-12T10:40:53.378+0200] {dag.py:4180} INFO - Setting next_dagrun for dataset_produces_1 to 2025-06-11 00:00:00+00:00, run_after=2025-06-12 00:00:00+00:00
[2025-06-12T10:40:53.378+0200] {logging_mixin.py:190} INFO - [2025-06-12T10:40:53.378+0200] {dag.py:4180} INFO - Setting next_dagrun for dataset_produces_2 to None, run_after=None
[2025-06-12T10:40:53.386+0200] {processor.py:208} INFO - Processing /Users/gordanaristova/MyProjects/MyRpaProject/venv/lib/python3.10/site-packages/airflow/example_dags/example_datasets.py took 0.065 seconds
[2025-06-12T10:42:40.967+0200] {processor.py:186} INFO - Started process (PID=8721) to work on /Users/gordanaristova/MyProjects/MyRpaProject/venv/lib/python3.10/site-packages/airflow/example_dags/example_datasets.py
[2025-06-12T10:42:40.968+0200] {processor.py:914} INFO - Processing file /Users/gordanaristova/MyProjects/MyRpaProject/venv/lib/python3.10/site-packages/airflow/example_dags/example_datasets.py for tasks to queue
[2025-06-12T10:42:40.968+0200] {logging_mixin.py:190} INFO - [2025-06-12T10:42:40.968+0200] {dagbag.py:588} INFO - Filling up the DagBag from /Users/gordanaristova/MyProjects/MyRpaProject/venv/lib/python3.10/site-packages/airflow/example_dags/example_datasets.py
[2025-06-12T10:42:40.981+0200] {processor.py:925} INFO - DAG(s) 'consume_1_or_2_with_dataset_expressions', 'dataset_consumes_1_never_scheduled', 'dataset_produces_1', 'conditional_dataset_and_time_based_timetable', 'dataset_consumes_1', 'dataset_produces_2', 'dataset_consumes_1_and_2', 'consume_1_or_both_2_and_3_with_dataset_expressions', 'consume_1_and_2_with_dataset_expressions', 'dataset_consumes_unknown_never_scheduled' retrieved from /Users/gordanaristova/MyProjects/MyRpaProject/venv/lib/python3.10/site-packages/airflow/example_dags/example_datasets.py
[2025-06-12T10:42:41.014+0200] {logging_mixin.py:190} INFO - [2025-06-12T10:42:41.014+0200] {dag.py:3239} INFO - Sync 10 DAGs
[2025-06-12T10:42:41.020+0200] {logging_mixin.py:190} INFO - [2025-06-12T10:42:41.020+0200] {dag.py:4180} INFO - Setting next_dagrun for conditional_dataset_and_time_based_timetable to 2025-06-11 01:00:00+00:00, run_after=2025-06-11 01:00:00+00:00
[2025-06-12T10:42:41.021+0200] {logging_mixin.py:190} INFO - [2025-06-12T10:42:41.021+0200] {dag.py:4180} INFO - Setting next_dagrun for consume_1_and_2_with_dataset_expressions to None, run_after=None
[2025-06-12T10:42:41.021+0200] {logging_mixin.py:190} INFO - [2025-06-12T10:42:41.021+0200] {dag.py:4180} INFO - Setting next_dagrun for consume_1_or_2_with_dataset_expressions to None, run_after=None
[2025-06-12T10:42:41.021+0200] {logging_mixin.py:190} INFO - [2025-06-12T10:42:41.021+0200] {dag.py:4180} INFO - Setting next_dagrun for consume_1_or_both_2_and_3_with_dataset_expressions to None, run_after=None
[2025-06-12T10:42:41.022+0200] {logging_mixin.py:190} INFO - [2025-06-12T10:42:41.022+0200] {dag.py:4180} INFO - Setting next_dagrun for dataset_consumes_1 to None, run_after=None
[2025-06-12T10:42:41.022+0200] {logging_mixin.py:190} INFO - [2025-06-12T10:42:41.022+0200] {dag.py:4180} INFO - Setting next_dagrun for dataset_consumes_1_and_2 to None, run_after=None
[2025-06-12T10:42:41.022+0200] {logging_mixin.py:190} INFO - [2025-06-12T10:42:41.022+0200] {dag.py:4180} INFO - Setting next_dagrun for dataset_consumes_1_never_scheduled to None, run_after=None
[2025-06-12T10:42:41.022+0200] {logging_mixin.py:190} INFO - [2025-06-12T10:42:41.022+0200] {dag.py:4180} INFO - Setting next_dagrun for dataset_consumes_unknown_never_scheduled to None, run_after=None
[2025-06-12T10:42:41.023+0200] {logging_mixin.py:190} INFO - [2025-06-12T10:42:41.023+0200] {dag.py:4180} INFO - Setting next_dagrun for dataset_produces_1 to 2025-06-11 00:00:00+00:00, run_after=2025-06-12 00:00:00+00:00
[2025-06-12T10:42:41.023+0200] {logging_mixin.py:190} INFO - [2025-06-12T10:42:41.023+0200] {dag.py:4180} INFO - Setting next_dagrun for dataset_produces_2 to None, run_after=None
[2025-06-12T10:42:41.030+0200] {processor.py:208} INFO - Processing /Users/gordanaristova/MyProjects/MyRpaProject/venv/lib/python3.10/site-packages/airflow/example_dags/example_datasets.py took 0.064 seconds
[2025-06-12T10:44:27.039+0200] {processor.py:186} INFO - Started process (PID=8873) to work on /Users/gordanaristova/MyProjects/MyRpaProject/venv/lib/python3.10/site-packages/airflow/example_dags/example_datasets.py
[2025-06-12T10:44:27.040+0200] {processor.py:914} INFO - Processing file /Users/gordanaristova/MyProjects/MyRpaProject/venv/lib/python3.10/site-packages/airflow/example_dags/example_datasets.py for tasks to queue
[2025-06-12T10:44:27.041+0200] {logging_mixin.py:190} INFO - [2025-06-12T10:44:27.041+0200] {dagbag.py:588} INFO - Filling up the DagBag from /Users/gordanaristova/MyProjects/MyRpaProject/venv/lib/python3.10/site-packages/airflow/example_dags/example_datasets.py
[2025-06-12T10:44:27.054+0200] {processor.py:925} INFO - DAG(s) 'dataset_consumes_1', 'consume_1_or_both_2_and_3_with_dataset_expressions', 'consume_1_and_2_with_dataset_expressions', 'dataset_consumes_1_and_2', 'dataset_consumes_unknown_never_scheduled', 'dataset_produces_2', 'dataset_produces_1', 'conditional_dataset_and_time_based_timetable', 'consume_1_or_2_with_dataset_expressions', 'dataset_consumes_1_never_scheduled' retrieved from /Users/gordanaristova/MyProjects/MyRpaProject/venv/lib/python3.10/site-packages/airflow/example_dags/example_datasets.py
[2025-06-12T10:44:27.088+0200] {logging_mixin.py:190} INFO - [2025-06-12T10:44:27.088+0200] {dag.py:3239} INFO - Sync 10 DAGs
[2025-06-12T10:44:27.094+0200] {logging_mixin.py:190} INFO - [2025-06-12T10:44:27.094+0200] {dag.py:4180} INFO - Setting next_dagrun for conditional_dataset_and_time_based_timetable to 2025-06-11 01:00:00+00:00, run_after=2025-06-11 01:00:00+00:00
[2025-06-12T10:44:27.095+0200] {logging_mixin.py:190} INFO - [2025-06-12T10:44:27.095+0200] {dag.py:4180} INFO - Setting next_dagrun for consume_1_and_2_with_dataset_expressions to None, run_after=None
[2025-06-12T10:44:27.095+0200] {logging_mixin.py:190} INFO - [2025-06-12T10:44:27.095+0200] {dag.py:4180} INFO - Setting next_dagrun for consume_1_or_2_with_dataset_expressions to None, run_after=None
[2025-06-12T10:44:27.095+0200] {logging_mixin.py:190} INFO - [2025-06-12T10:44:27.095+0200] {dag.py:4180} INFO - Setting next_dagrun for consume_1_or_both_2_and_3_with_dataset_expressions to None, run_after=None
[2025-06-12T10:44:27.095+0200] {logging_mixin.py:190} INFO - [2025-06-12T10:44:27.095+0200] {dag.py:4180} INFO - Setting next_dagrun for dataset_consumes_1 to None, run_after=None
[2025-06-12T10:44:27.096+0200] {logging_mixin.py:190} INFO - [2025-06-12T10:44:27.095+0200] {dag.py:4180} INFO - Setting next_dagrun for dataset_consumes_1_and_2 to None, run_after=None
[2025-06-12T10:44:27.096+0200] {logging_mixin.py:190} INFO - [2025-06-12T10:44:27.096+0200] {dag.py:4180} INFO - Setting next_dagrun for dataset_consumes_1_never_scheduled to None, run_after=None
[2025-06-12T10:44:27.096+0200] {logging_mixin.py:190} INFO - [2025-06-12T10:44:27.096+0200] {dag.py:4180} INFO - Setting next_dagrun for dataset_consumes_unknown_never_scheduled to None, run_after=None
[2025-06-12T10:44:27.097+0200] {logging_mixin.py:190} INFO - [2025-06-12T10:44:27.096+0200] {dag.py:4180} INFO - Setting next_dagrun for dataset_produces_1 to 2025-06-11 00:00:00+00:00, run_after=2025-06-12 00:00:00+00:00
[2025-06-12T10:44:27.097+0200] {logging_mixin.py:190} INFO - [2025-06-12T10:44:27.097+0200] {dag.py:4180} INFO - Setting next_dagrun for dataset_produces_2 to None, run_after=None
[2025-06-12T10:44:27.104+0200] {processor.py:208} INFO - Processing /Users/gordanaristova/MyProjects/MyRpaProject/venv/lib/python3.10/site-packages/airflow/example_dags/example_datasets.py took 0.066 seconds
[2025-06-12T10:46:12.697+0200] {processor.py:186} INFO - Started process (PID=8965) to work on /Users/gordanaristova/MyProjects/MyRpaProject/venv/lib/python3.10/site-packages/airflow/example_dags/example_datasets.py
[2025-06-12T10:46:12.698+0200] {processor.py:914} INFO - Processing file /Users/gordanaristova/MyProjects/MyRpaProject/venv/lib/python3.10/site-packages/airflow/example_dags/example_datasets.py for tasks to queue
[2025-06-12T10:46:12.698+0200] {logging_mixin.py:190} INFO - [2025-06-12T10:46:12.698+0200] {dagbag.py:588} INFO - Filling up the DagBag from /Users/gordanaristova/MyProjects/MyRpaProject/venv/lib/python3.10/site-packages/airflow/example_dags/example_datasets.py
[2025-06-12T10:46:12.711+0200] {processor.py:925} INFO - DAG(s) 'dataset_consumes_1', 'consume_1_and_2_with_dataset_expressions', 'dataset_consumes_1_never_scheduled', 'dataset_consumes_unknown_never_scheduled', 'dataset_produces_2', 'consume_1_or_both_2_and_3_with_dataset_expressions', 'dataset_produces_1', 'dataset_consumes_1_and_2', 'consume_1_or_2_with_dataset_expressions', 'conditional_dataset_and_time_based_timetable' retrieved from /Users/gordanaristova/MyProjects/MyRpaProject/venv/lib/python3.10/site-packages/airflow/example_dags/example_datasets.py
[2025-06-12T10:46:12.746+0200] {logging_mixin.py:190} INFO - [2025-06-12T10:46:12.745+0200] {dag.py:3239} INFO - Sync 10 DAGs
[2025-06-12T10:46:12.752+0200] {logging_mixin.py:190} INFO - [2025-06-12T10:46:12.752+0200] {dag.py:4180} INFO - Setting next_dagrun for conditional_dataset_and_time_based_timetable to 2025-06-11 01:00:00+00:00, run_after=2025-06-11 01:00:00+00:00
[2025-06-12T10:46:12.752+0200] {logging_mixin.py:190} INFO - [2025-06-12T10:46:12.752+0200] {dag.py:4180} INFO - Setting next_dagrun for consume_1_and_2_with_dataset_expressions to None, run_after=None
[2025-06-12T10:46:12.753+0200] {logging_mixin.py:190} INFO - [2025-06-12T10:46:12.753+0200] {dag.py:4180} INFO - Setting next_dagrun for consume_1_or_2_with_dataset_expressions to None, run_after=None
[2025-06-12T10:46:12.753+0200] {logging_mixin.py:190} INFO - [2025-06-12T10:46:12.753+0200] {dag.py:4180} INFO - Setting next_dagrun for consume_1_or_both_2_and_3_with_dataset_expressions to None, run_after=None
[2025-06-12T10:46:12.753+0200] {logging_mixin.py:190} INFO - [2025-06-12T10:46:12.753+0200] {dag.py:4180} INFO - Setting next_dagrun for dataset_consumes_1 to None, run_after=None
[2025-06-12T10:46:12.753+0200] {logging_mixin.py:190} INFO - [2025-06-12T10:46:12.753+0200] {dag.py:4180} INFO - Setting next_dagrun for dataset_consumes_1_and_2 to None, run_after=None
[2025-06-12T10:46:12.754+0200] {logging_mixin.py:190} INFO - [2025-06-12T10:46:12.754+0200] {dag.py:4180} INFO - Setting next_dagrun for dataset_consumes_1_never_scheduled to None, run_after=None
[2025-06-12T10:46:12.754+0200] {logging_mixin.py:190} INFO - [2025-06-12T10:46:12.754+0200] {dag.py:4180} INFO - Setting next_dagrun for dataset_consumes_unknown_never_scheduled to None, run_after=None
[2025-06-12T10:46:12.754+0200] {logging_mixin.py:190} INFO - [2025-06-12T10:46:12.754+0200] {dag.py:4180} INFO - Setting next_dagrun for dataset_produces_1 to 2025-06-11 00:00:00+00:00, run_after=2025-06-12 00:00:00+00:00
[2025-06-12T10:46:12.755+0200] {logging_mixin.py:190} INFO - [2025-06-12T10:46:12.755+0200] {dag.py:4180} INFO - Setting next_dagrun for dataset_produces_2 to None, run_after=None
[2025-06-12T10:46:12.762+0200] {processor.py:208} INFO - Processing /Users/gordanaristova/MyProjects/MyRpaProject/venv/lib/python3.10/site-packages/airflow/example_dags/example_datasets.py took 0.066 seconds
[2025-06-12T10:48:05.837+0200] {processor.py:186} INFO - Started process (PID=9103) to work on /Users/gordanaristova/MyProjects/MyRpaProject/venv/lib/python3.10/site-packages/airflow/example_dags/example_datasets.py
[2025-06-12T10:48:05.837+0200] {processor.py:914} INFO - Processing file /Users/gordanaristova/MyProjects/MyRpaProject/venv/lib/python3.10/site-packages/airflow/example_dags/example_datasets.py for tasks to queue
[2025-06-12T10:48:05.838+0200] {logging_mixin.py:190} INFO - [2025-06-12T10:48:05.838+0200] {dagbag.py:588} INFO - Filling up the DagBag from /Users/gordanaristova/MyProjects/MyRpaProject/venv/lib/python3.10/site-packages/airflow/example_dags/example_datasets.py
[2025-06-12T10:48:05.853+0200] {processor.py:925} INFO - DAG(s) 'conditional_dataset_and_time_based_timetable', 'dataset_consumes_1_never_scheduled', 'consume_1_or_2_with_dataset_expressions', 'dataset_consumes_1_and_2', 'dataset_produces_1', 'consume_1_or_both_2_and_3_with_dataset_expressions', 'consume_1_and_2_with_dataset_expressions', 'dataset_produces_2', 'dataset_consumes_unknown_never_scheduled', 'dataset_consumes_1' retrieved from /Users/gordanaristova/MyProjects/MyRpaProject/venv/lib/python3.10/site-packages/airflow/example_dags/example_datasets.py
[2025-06-12T10:48:05.886+0200] {logging_mixin.py:190} INFO - [2025-06-12T10:48:05.886+0200] {dag.py:3239} INFO - Sync 10 DAGs
[2025-06-12T10:48:05.892+0200] {logging_mixin.py:190} INFO - [2025-06-12T10:48:05.892+0200] {dag.py:4180} INFO - Setting next_dagrun for conditional_dataset_and_time_based_timetable to 2025-06-11 01:00:00+00:00, run_after=2025-06-11 01:00:00+00:00
[2025-06-12T10:48:05.893+0200] {logging_mixin.py:190} INFO - [2025-06-12T10:48:05.893+0200] {dag.py:4180} INFO - Setting next_dagrun for consume_1_and_2_with_dataset_expressions to None, run_after=None
[2025-06-12T10:48:05.893+0200] {logging_mixin.py:190} INFO - [2025-06-12T10:48:05.893+0200] {dag.py:4180} INFO - Setting next_dagrun for consume_1_or_2_with_dataset_expressions to None, run_after=None
[2025-06-12T10:48:05.893+0200] {logging_mixin.py:190} INFO - [2025-06-12T10:48:05.893+0200] {dag.py:4180} INFO - Setting next_dagrun for consume_1_or_both_2_and_3_with_dataset_expressions to None, run_after=None
[2025-06-12T10:48:05.894+0200] {logging_mixin.py:190} INFO - [2025-06-12T10:48:05.894+0200] {dag.py:4180} INFO - Setting next_dagrun for dataset_consumes_1 to None, run_after=None
[2025-06-12T10:48:05.894+0200] {logging_mixin.py:190} INFO - [2025-06-12T10:48:05.894+0200] {dag.py:4180} INFO - Setting next_dagrun for dataset_consumes_1_and_2 to None, run_after=None
[2025-06-12T10:48:05.894+0200] {logging_mixin.py:190} INFO - [2025-06-12T10:48:05.894+0200] {dag.py:4180} INFO - Setting next_dagrun for dataset_consumes_1_never_scheduled to None, run_after=None
[2025-06-12T10:48:05.894+0200] {logging_mixin.py:190} INFO - [2025-06-12T10:48:05.894+0200] {dag.py:4180} INFO - Setting next_dagrun for dataset_consumes_unknown_never_scheduled to None, run_after=None
[2025-06-12T10:48:05.895+0200] {logging_mixin.py:190} INFO - [2025-06-12T10:48:05.895+0200] {dag.py:4180} INFO - Setting next_dagrun for dataset_produces_1 to 2025-06-11 00:00:00+00:00, run_after=2025-06-12 00:00:00+00:00
[2025-06-12T10:48:05.895+0200] {logging_mixin.py:190} INFO - [2025-06-12T10:48:05.895+0200] {dag.py:4180} INFO - Setting next_dagrun for dataset_produces_2 to None, run_after=None
[2025-06-12T10:48:05.902+0200] {processor.py:208} INFO - Processing /Users/gordanaristova/MyProjects/MyRpaProject/venv/lib/python3.10/site-packages/airflow/example_dags/example_datasets.py took 0.066 seconds
[2025-06-12T10:49:52.603+0200] {processor.py:186} INFO - Started process (PID=9231) to work on /Users/gordanaristova/MyProjects/MyRpaProject/venv/lib/python3.10/site-packages/airflow/example_dags/example_datasets.py
[2025-06-12T10:49:52.604+0200] {processor.py:914} INFO - Processing file /Users/gordanaristova/MyProjects/MyRpaProject/venv/lib/python3.10/site-packages/airflow/example_dags/example_datasets.py for tasks to queue
[2025-06-12T10:49:52.604+0200] {logging_mixin.py:190} INFO - [2025-06-12T10:49:52.604+0200] {dagbag.py:588} INFO - Filling up the DagBag from /Users/gordanaristova/MyProjects/MyRpaProject/venv/lib/python3.10/site-packages/airflow/example_dags/example_datasets.py
[2025-06-12T10:49:52.616+0200] {processor.py:925} INFO - DAG(s) 'consume_1_and_2_with_dataset_expressions', 'dataset_consumes_1_never_scheduled', 'conditional_dataset_and_time_based_timetable', 'dataset_consumes_unknown_never_scheduled', 'dataset_consumes_1_and_2', 'dataset_produces_1', 'consume_1_or_2_with_dataset_expressions', 'dataset_consumes_1', 'consume_1_or_both_2_and_3_with_dataset_expressions', 'dataset_produces_2' retrieved from /Users/gordanaristova/MyProjects/MyRpaProject/venv/lib/python3.10/site-packages/airflow/example_dags/example_datasets.py
[2025-06-12T10:49:52.649+0200] {logging_mixin.py:190} INFO - [2025-06-12T10:49:52.649+0200] {dag.py:3239} INFO - Sync 10 DAGs
[2025-06-12T10:49:52.655+0200] {logging_mixin.py:190} INFO - [2025-06-12T10:49:52.654+0200] {dag.py:4180} INFO - Setting next_dagrun for conditional_dataset_and_time_based_timetable to 2025-06-11 01:00:00+00:00, run_after=2025-06-11 01:00:00+00:00
[2025-06-12T10:49:52.655+0200] {logging_mixin.py:190} INFO - [2025-06-12T10:49:52.655+0200] {dag.py:4180} INFO - Setting next_dagrun for consume_1_and_2_with_dataset_expressions to None, run_after=None
[2025-06-12T10:49:52.656+0200] {logging_mixin.py:190} INFO - [2025-06-12T10:49:52.656+0200] {dag.py:4180} INFO - Setting next_dagrun for consume_1_or_2_with_dataset_expressions to None, run_after=None
[2025-06-12T10:49:52.656+0200] {logging_mixin.py:190} INFO - [2025-06-12T10:49:52.656+0200] {dag.py:4180} INFO - Setting next_dagrun for consume_1_or_both_2_and_3_with_dataset_expressions to None, run_after=None
[2025-06-12T10:49:52.656+0200] {logging_mixin.py:190} INFO - [2025-06-12T10:49:52.656+0200] {dag.py:4180} INFO - Setting next_dagrun for dataset_consumes_1 to None, run_after=None
[2025-06-12T10:49:52.656+0200] {logging_mixin.py:190} INFO - [2025-06-12T10:49:52.656+0200] {dag.py:4180} INFO - Setting next_dagrun for dataset_consumes_1_and_2 to None, run_after=None
[2025-06-12T10:49:52.656+0200] {logging_mixin.py:190} INFO - [2025-06-12T10:49:52.656+0200] {dag.py:4180} INFO - Setting next_dagrun for dataset_consumes_1_never_scheduled to None, run_after=None
[2025-06-12T10:49:52.657+0200] {logging_mixin.py:190} INFO - [2025-06-12T10:49:52.657+0200] {dag.py:4180} INFO - Setting next_dagrun for dataset_consumes_unknown_never_scheduled to None, run_after=None
[2025-06-12T10:49:52.657+0200] {logging_mixin.py:190} INFO - [2025-06-12T10:49:52.657+0200] {dag.py:4180} INFO - Setting next_dagrun for dataset_produces_1 to 2025-06-11 00:00:00+00:00, run_after=2025-06-12 00:00:00+00:00
[2025-06-12T10:49:52.657+0200] {logging_mixin.py:190} INFO - [2025-06-12T10:49:52.657+0200] {dag.py:4180} INFO - Setting next_dagrun for dataset_produces_2 to None, run_after=None
[2025-06-12T10:49:52.664+0200] {processor.py:208} INFO - Processing /Users/gordanaristova/MyProjects/MyRpaProject/venv/lib/python3.10/site-packages/airflow/example_dags/example_datasets.py took 0.062 seconds
[2025-06-12T10:57:32.830+0200] {processor.py:186} INFO - Started process (PID=9468) to work on /Users/gordanaristova/MyProjects/MyRpaProject/venv/lib/python3.10/site-packages/airflow/example_dags/example_datasets.py
[2025-06-12T10:57:32.831+0200] {processor.py:914} INFO - Processing file /Users/gordanaristova/MyProjects/MyRpaProject/venv/lib/python3.10/site-packages/airflow/example_dags/example_datasets.py for tasks to queue
[2025-06-12T10:57:32.832+0200] {logging_mixin.py:190} INFO - [2025-06-12T10:57:32.832+0200] {dagbag.py:588} INFO - Filling up the DagBag from /Users/gordanaristova/MyProjects/MyRpaProject/venv/lib/python3.10/site-packages/airflow/example_dags/example_datasets.py
[2025-06-12T10:57:32.843+0200] {processor.py:925} INFO - DAG(s) 'consume_1_and_2_with_dataset_expressions', 'dataset_consumes_1_and_2', 'dataset_produces_1', 'dataset_produces_2', 'dataset_consumes_1_never_scheduled', 'consume_1_or_both_2_and_3_with_dataset_expressions', 'consume_1_or_2_with_dataset_expressions', 'dataset_consumes_unknown_never_scheduled', 'dataset_consumes_1', 'conditional_dataset_and_time_based_timetable' retrieved from /Users/gordanaristova/MyProjects/MyRpaProject/venv/lib/python3.10/site-packages/airflow/example_dags/example_datasets.py
[2025-06-12T10:57:32.876+0200] {logging_mixin.py:190} INFO - [2025-06-12T10:57:32.876+0200] {dag.py:3239} INFO - Sync 10 DAGs
[2025-06-12T10:57:32.882+0200] {logging_mixin.py:190} INFO - [2025-06-12T10:57:32.882+0200] {dag.py:4180} INFO - Setting next_dagrun for conditional_dataset_and_time_based_timetable to 2025-06-11 01:00:00+00:00, run_after=2025-06-11 01:00:00+00:00
[2025-06-12T10:57:32.883+0200] {logging_mixin.py:190} INFO - [2025-06-12T10:57:32.883+0200] {dag.py:4180} INFO - Setting next_dagrun for consume_1_and_2_with_dataset_expressions to None, run_after=None
[2025-06-12T10:57:32.883+0200] {logging_mixin.py:190} INFO - [2025-06-12T10:57:32.883+0200] {dag.py:4180} INFO - Setting next_dagrun for consume_1_or_2_with_dataset_expressions to None, run_after=None
[2025-06-12T10:57:32.883+0200] {logging_mixin.py:190} INFO - [2025-06-12T10:57:32.883+0200] {dag.py:4180} INFO - Setting next_dagrun for consume_1_or_both_2_and_3_with_dataset_expressions to None, run_after=None
[2025-06-12T10:57:32.883+0200] {logging_mixin.py:190} INFO - [2025-06-12T10:57:32.883+0200] {dag.py:4180} INFO - Setting next_dagrun for dataset_consumes_1 to None, run_after=None
[2025-06-12T10:57:32.884+0200] {logging_mixin.py:190} INFO - [2025-06-12T10:57:32.884+0200] {dag.py:4180} INFO - Setting next_dagrun for dataset_consumes_1_and_2 to None, run_after=None
[2025-06-12T10:57:32.884+0200] {logging_mixin.py:190} INFO - [2025-06-12T10:57:32.884+0200] {dag.py:4180} INFO - Setting next_dagrun for dataset_consumes_1_never_scheduled to None, run_after=None
[2025-06-12T10:57:32.884+0200] {logging_mixin.py:190} INFO - [2025-06-12T10:57:32.884+0200] {dag.py:4180} INFO - Setting next_dagrun for dataset_consumes_unknown_never_scheduled to None, run_after=None
[2025-06-12T10:57:32.885+0200] {logging_mixin.py:190} INFO - [2025-06-12T10:57:32.885+0200] {dag.py:4180} INFO - Setting next_dagrun for dataset_produces_1 to 2025-06-11 00:00:00+00:00, run_after=2025-06-12 00:00:00+00:00
[2025-06-12T10:57:32.885+0200] {logging_mixin.py:190} INFO - [2025-06-12T10:57:32.885+0200] {dag.py:4180} INFO - Setting next_dagrun for dataset_produces_2 to None, run_after=None
[2025-06-12T10:57:32.892+0200] {processor.py:208} INFO - Processing /Users/gordanaristova/MyProjects/MyRpaProject/venv/lib/python3.10/site-packages/airflow/example_dags/example_datasets.py took 0.062 seconds
[2025-06-12T11:12:17.387+0200] {processor.py:186} INFO - Started process (PID=9790) to work on /Users/gordanaristova/MyProjects/MyRpaProject/venv/lib/python3.10/site-packages/airflow/example_dags/example_datasets.py
[2025-06-12T11:12:17.388+0200] {processor.py:914} INFO - Processing file /Users/gordanaristova/MyProjects/MyRpaProject/venv/lib/python3.10/site-packages/airflow/example_dags/example_datasets.py for tasks to queue
[2025-06-12T11:12:17.388+0200] {logging_mixin.py:190} INFO - [2025-06-12T11:12:17.388+0200] {dagbag.py:588} INFO - Filling up the DagBag from /Users/gordanaristova/MyProjects/MyRpaProject/venv/lib/python3.10/site-packages/airflow/example_dags/example_datasets.py
[2025-06-12T11:12:17.400+0200] {processor.py:925} INFO - DAG(s) 'consume_1_or_both_2_and_3_with_dataset_expressions', 'dataset_produces_2', 'consume_1_and_2_with_dataset_expressions', 'dataset_consumes_1_and_2', 'dataset_produces_1', 'consume_1_or_2_with_dataset_expressions', 'dataset_consumes_1_never_scheduled', 'dataset_consumes_unknown_never_scheduled', 'conditional_dataset_and_time_based_timetable', 'dataset_consumes_1' retrieved from /Users/gordanaristova/MyProjects/MyRpaProject/venv/lib/python3.10/site-packages/airflow/example_dags/example_datasets.py
[2025-06-12T11:12:17.434+0200] {logging_mixin.py:190} INFO - [2025-06-12T11:12:17.434+0200] {dag.py:3239} INFO - Sync 10 DAGs
[2025-06-12T11:12:17.440+0200] {logging_mixin.py:190} INFO - [2025-06-12T11:12:17.440+0200] {dag.py:4180} INFO - Setting next_dagrun for conditional_dataset_and_time_based_timetable to 2025-06-11 01:00:00+00:00, run_after=2025-06-11 01:00:00+00:00
[2025-06-12T11:12:17.441+0200] {logging_mixin.py:190} INFO - [2025-06-12T11:12:17.441+0200] {dag.py:4180} INFO - Setting next_dagrun for consume_1_and_2_with_dataset_expressions to None, run_after=None
[2025-06-12T11:12:17.441+0200] {logging_mixin.py:190} INFO - [2025-06-12T11:12:17.441+0200] {dag.py:4180} INFO - Setting next_dagrun for consume_1_or_2_with_dataset_expressions to None, run_after=None
[2025-06-12T11:12:17.441+0200] {logging_mixin.py:190} INFO - [2025-06-12T11:12:17.441+0200] {dag.py:4180} INFO - Setting next_dagrun for consume_1_or_both_2_and_3_with_dataset_expressions to None, run_after=None
[2025-06-12T11:12:17.441+0200] {logging_mixin.py:190} INFO - [2025-06-12T11:12:17.441+0200] {dag.py:4180} INFO - Setting next_dagrun for dataset_consumes_1 to None, run_after=None
[2025-06-12T11:12:17.441+0200] {logging_mixin.py:190} INFO - [2025-06-12T11:12:17.441+0200] {dag.py:4180} INFO - Setting next_dagrun for dataset_consumes_1_and_2 to None, run_after=None
[2025-06-12T11:12:17.442+0200] {logging_mixin.py:190} INFO - [2025-06-12T11:12:17.442+0200] {dag.py:4180} INFO - Setting next_dagrun for dataset_consumes_1_never_scheduled to None, run_after=None
[2025-06-12T11:12:17.442+0200] {logging_mixin.py:190} INFO - [2025-06-12T11:12:17.442+0200] {dag.py:4180} INFO - Setting next_dagrun for dataset_consumes_unknown_never_scheduled to None, run_after=None
[2025-06-12T11:12:17.442+0200] {logging_mixin.py:190} INFO - [2025-06-12T11:12:17.442+0200] {dag.py:4180} INFO - Setting next_dagrun for dataset_produces_1 to 2025-06-11 00:00:00+00:00, run_after=2025-06-12 00:00:00+00:00
[2025-06-12T11:12:17.443+0200] {logging_mixin.py:190} INFO - [2025-06-12T11:12:17.443+0200] {dag.py:4180} INFO - Setting next_dagrun for dataset_produces_2 to None, run_after=None
[2025-06-12T11:12:17.450+0200] {processor.py:208} INFO - Processing /Users/gordanaristova/MyProjects/MyRpaProject/venv/lib/python3.10/site-packages/airflow/example_dags/example_datasets.py took 0.064 seconds
[2025-06-12T11:22:23.044+0200] {processor.py:186} INFO - Started process (PID=10076) to work on /Users/gordanaristova/MyProjects/MyRpaProject/venv/lib/python3.10/site-packages/airflow/example_dags/example_datasets.py
[2025-06-12T11:22:23.045+0200] {processor.py:914} INFO - Processing file /Users/gordanaristova/MyProjects/MyRpaProject/venv/lib/python3.10/site-packages/airflow/example_dags/example_datasets.py for tasks to queue
[2025-06-12T11:22:23.045+0200] {logging_mixin.py:190} INFO - [2025-06-12T11:22:23.045+0200] {dagbag.py:588} INFO - Filling up the DagBag from /Users/gordanaristova/MyProjects/MyRpaProject/venv/lib/python3.10/site-packages/airflow/example_dags/example_datasets.py
[2025-06-12T11:22:23.057+0200] {processor.py:925} INFO - DAG(s) 'consume_1_or_2_with_dataset_expressions', 'conditional_dataset_and_time_based_timetable', 'dataset_produces_1', 'consume_1_or_both_2_and_3_with_dataset_expressions', 'dataset_consumes_1', 'consume_1_and_2_with_dataset_expressions', 'dataset_consumes_1_never_scheduled', 'dataset_produces_2', 'dataset_consumes_unknown_never_scheduled', 'dataset_consumes_1_and_2' retrieved from /Users/gordanaristova/MyProjects/MyRpaProject/venv/lib/python3.10/site-packages/airflow/example_dags/example_datasets.py
[2025-06-12T11:22:23.089+0200] {logging_mixin.py:190} INFO - [2025-06-12T11:22:23.089+0200] {dag.py:3239} INFO - Sync 10 DAGs
[2025-06-12T11:22:23.095+0200] {logging_mixin.py:190} INFO - [2025-06-12T11:22:23.095+0200] {dag.py:4180} INFO - Setting next_dagrun for conditional_dataset_and_time_based_timetable to 2025-06-11 01:00:00+00:00, run_after=2025-06-11 01:00:00+00:00
[2025-06-12T11:22:23.096+0200] {logging_mixin.py:190} INFO - [2025-06-12T11:22:23.096+0200] {dag.py:4180} INFO - Setting next_dagrun for consume_1_and_2_with_dataset_expressions to None, run_after=None
[2025-06-12T11:22:23.096+0200] {logging_mixin.py:190} INFO - [2025-06-12T11:22:23.096+0200] {dag.py:4180} INFO - Setting next_dagrun for consume_1_or_2_with_dataset_expressions to None, run_after=None
[2025-06-12T11:22:23.096+0200] {logging_mixin.py:190} INFO - [2025-06-12T11:22:23.096+0200] {dag.py:4180} INFO - Setting next_dagrun for consume_1_or_both_2_and_3_with_dataset_expressions to None, run_after=None
[2025-06-12T11:22:23.096+0200] {logging_mixin.py:190} INFO - [2025-06-12T11:22:23.096+0200] {dag.py:4180} INFO - Setting next_dagrun for dataset_consumes_1 to None, run_after=None
[2025-06-12T11:22:23.097+0200] {logging_mixin.py:190} INFO - [2025-06-12T11:22:23.096+0200] {dag.py:4180} INFO - Setting next_dagrun for dataset_consumes_1_and_2 to None, run_after=None
[2025-06-12T11:22:23.097+0200] {logging_mixin.py:190} INFO - [2025-06-12T11:22:23.097+0200] {dag.py:4180} INFO - Setting next_dagrun for dataset_consumes_1_never_scheduled to None, run_after=None
[2025-06-12T11:22:23.097+0200] {logging_mixin.py:190} INFO - [2025-06-12T11:22:23.097+0200] {dag.py:4180} INFO - Setting next_dagrun for dataset_consumes_unknown_never_scheduled to None, run_after=None
[2025-06-12T11:22:23.097+0200] {logging_mixin.py:190} INFO - [2025-06-12T11:22:23.097+0200] {dag.py:4180} INFO - Setting next_dagrun for dataset_produces_1 to 2025-06-11 00:00:00+00:00, run_after=2025-06-12 00:00:00+00:00
[2025-06-12T11:22:23.098+0200] {logging_mixin.py:190} INFO - [2025-06-12T11:22:23.098+0200] {dag.py:4180} INFO - Setting next_dagrun for dataset_produces_2 to None, run_after=None
[2025-06-12T11:22:23.105+0200] {processor.py:208} INFO - Processing /Users/gordanaristova/MyProjects/MyRpaProject/venv/lib/python3.10/site-packages/airflow/example_dags/example_datasets.py took 0.062 seconds
[2025-06-12T11:41:38.945+0200] {processor.py:186} INFO - Started process (PID=10442) to work on /Users/gordanaristova/MyProjects/MyRpaProject/venv/lib/python3.10/site-packages/airflow/example_dags/example_datasets.py
[2025-06-12T11:41:38.946+0200] {processor.py:914} INFO - Processing file /Users/gordanaristova/MyProjects/MyRpaProject/venv/lib/python3.10/site-packages/airflow/example_dags/example_datasets.py for tasks to queue
[2025-06-12T11:41:38.947+0200] {logging_mixin.py:190} INFO - [2025-06-12T11:41:38.947+0200] {dagbag.py:588} INFO - Filling up the DagBag from /Users/gordanaristova/MyProjects/MyRpaProject/venv/lib/python3.10/site-packages/airflow/example_dags/example_datasets.py
[2025-06-12T11:41:38.958+0200] {processor.py:925} INFO - DAG(s) 'conditional_dataset_and_time_based_timetable', 'consume_1_or_2_with_dataset_expressions', 'dataset_produces_1', 'dataset_produces_2', 'dataset_consumes_1_and_2', 'consume_1_or_both_2_and_3_with_dataset_expressions', 'dataset_consumes_1_never_scheduled', 'dataset_consumes_unknown_never_scheduled', 'consume_1_and_2_with_dataset_expressions', 'dataset_consumes_1' retrieved from /Users/gordanaristova/MyProjects/MyRpaProject/venv/lib/python3.10/site-packages/airflow/example_dags/example_datasets.py
[2025-06-12T11:41:38.992+0200] {logging_mixin.py:190} INFO - [2025-06-12T11:41:38.992+0200] {dag.py:3239} INFO - Sync 10 DAGs
[2025-06-12T11:41:38.998+0200] {logging_mixin.py:190} INFO - [2025-06-12T11:41:38.998+0200] {dag.py:4180} INFO - Setting next_dagrun for conditional_dataset_and_time_based_timetable to 2025-06-11 01:00:00+00:00, run_after=2025-06-11 01:00:00+00:00
[2025-06-12T11:41:38.999+0200] {logging_mixin.py:190} INFO - [2025-06-12T11:41:38.999+0200] {dag.py:4180} INFO - Setting next_dagrun for consume_1_and_2_with_dataset_expressions to None, run_after=None
[2025-06-12T11:41:38.999+0200] {logging_mixin.py:190} INFO - [2025-06-12T11:41:38.999+0200] {dag.py:4180} INFO - Setting next_dagrun for consume_1_or_2_with_dataset_expressions to None, run_after=None
[2025-06-12T11:41:38.999+0200] {logging_mixin.py:190} INFO - [2025-06-12T11:41:38.999+0200] {dag.py:4180} INFO - Setting next_dagrun for consume_1_or_both_2_and_3_with_dataset_expressions to None, run_after=None
[2025-06-12T11:41:38.999+0200] {logging_mixin.py:190} INFO - [2025-06-12T11:41:38.999+0200] {dag.py:4180} INFO - Setting next_dagrun for dataset_consumes_1 to None, run_after=None
[2025-06-12T11:41:38.999+0200] {logging_mixin.py:190} INFO - [2025-06-12T11:41:38.999+0200] {dag.py:4180} INFO - Setting next_dagrun for dataset_consumes_1_and_2 to None, run_after=None
[2025-06-12T11:41:39.000+0200] {logging_mixin.py:190} INFO - [2025-06-12T11:41:39.000+0200] {dag.py:4180} INFO - Setting next_dagrun for dataset_consumes_1_never_scheduled to None, run_after=None
[2025-06-12T11:41:39.000+0200] {logging_mixin.py:190} INFO - [2025-06-12T11:41:39.000+0200] {dag.py:4180} INFO - Setting next_dagrun for dataset_consumes_unknown_never_scheduled to None, run_after=None
[2025-06-12T11:41:39.000+0200] {logging_mixin.py:190} INFO - [2025-06-12T11:41:39.000+0200] {dag.py:4180} INFO - Setting next_dagrun for dataset_produces_1 to 2025-06-11 00:00:00+00:00, run_after=2025-06-12 00:00:00+00:00
[2025-06-12T11:41:39.001+0200] {logging_mixin.py:190} INFO - [2025-06-12T11:41:39.001+0200] {dag.py:4180} INFO - Setting next_dagrun for dataset_produces_2 to None, run_after=None
[2025-06-12T11:41:39.008+0200] {processor.py:208} INFO - Processing /Users/gordanaristova/MyProjects/MyRpaProject/venv/lib/python3.10/site-packages/airflow/example_dags/example_datasets.py took 0.063 seconds
[2025-06-12T11:50:29.046+0200] {processor.py:186} INFO - Started process (PID=10666) to work on /Users/gordanaristova/MyProjects/MyRpaProject/venv/lib/python3.10/site-packages/airflow/example_dags/example_datasets.py
[2025-06-12T11:50:29.046+0200] {processor.py:914} INFO - Processing file /Users/gordanaristova/MyProjects/MyRpaProject/venv/lib/python3.10/site-packages/airflow/example_dags/example_datasets.py for tasks to queue
[2025-06-12T11:50:29.047+0200] {logging_mixin.py:190} INFO - [2025-06-12T11:50:29.047+0200] {dagbag.py:588} INFO - Filling up the DagBag from /Users/gordanaristova/MyProjects/MyRpaProject/venv/lib/python3.10/site-packages/airflow/example_dags/example_datasets.py
[2025-06-12T11:50:29.059+0200] {processor.py:925} INFO - DAG(s) 'conditional_dataset_and_time_based_timetable', 'dataset_consumes_1', 'dataset_produces_2', 'dataset_consumes_unknown_never_scheduled', 'dataset_consumes_1_and_2', 'consume_1_or_both_2_and_3_with_dataset_expressions', 'dataset_consumes_1_never_scheduled', 'consume_1_or_2_with_dataset_expressions', 'dataset_produces_1', 'consume_1_and_2_with_dataset_expressions' retrieved from /Users/gordanaristova/MyProjects/MyRpaProject/venv/lib/python3.10/site-packages/airflow/example_dags/example_datasets.py
[2025-06-12T11:50:29.092+0200] {logging_mixin.py:190} INFO - [2025-06-12T11:50:29.092+0200] {dag.py:3239} INFO - Sync 10 DAGs
[2025-06-12T11:50:29.099+0200] {logging_mixin.py:190} INFO - [2025-06-12T11:50:29.099+0200] {dag.py:4180} INFO - Setting next_dagrun for conditional_dataset_and_time_based_timetable to 2025-06-11 01:00:00+00:00, run_after=2025-06-11 01:00:00+00:00
[2025-06-12T11:50:29.099+0200] {logging_mixin.py:190} INFO - [2025-06-12T11:50:29.099+0200] {dag.py:4180} INFO - Setting next_dagrun for consume_1_and_2_with_dataset_expressions to None, run_after=None
[2025-06-12T11:50:29.100+0200] {logging_mixin.py:190} INFO - [2025-06-12T11:50:29.100+0200] {dag.py:4180} INFO - Setting next_dagrun for consume_1_or_2_with_dataset_expressions to None, run_after=None
[2025-06-12T11:50:29.100+0200] {logging_mixin.py:190} INFO - [2025-06-12T11:50:29.100+0200] {dag.py:4180} INFO - Setting next_dagrun for consume_1_or_both_2_and_3_with_dataset_expressions to None, run_after=None
[2025-06-12T11:50:29.100+0200] {logging_mixin.py:190} INFO - [2025-06-12T11:50:29.100+0200] {dag.py:4180} INFO - Setting next_dagrun for dataset_consumes_1 to None, run_after=None
[2025-06-12T11:50:29.100+0200] {logging_mixin.py:190} INFO - [2025-06-12T11:50:29.100+0200] {dag.py:4180} INFO - Setting next_dagrun for dataset_consumes_1_and_2 to None, run_after=None
[2025-06-12T11:50:29.101+0200] {logging_mixin.py:190} INFO - [2025-06-12T11:50:29.100+0200] {dag.py:4180} INFO - Setting next_dagrun for dataset_consumes_1_never_scheduled to None, run_after=None
[2025-06-12T11:50:29.101+0200] {logging_mixin.py:190} INFO - [2025-06-12T11:50:29.101+0200] {dag.py:4180} INFO - Setting next_dagrun for dataset_consumes_unknown_never_scheduled to None, run_after=None
[2025-06-12T11:50:29.101+0200] {logging_mixin.py:190} INFO - [2025-06-12T11:50:29.101+0200] {dag.py:4180} INFO - Setting next_dagrun for dataset_produces_1 to 2025-06-11 00:00:00+00:00, run_after=2025-06-12 00:00:00+00:00
[2025-06-12T11:50:29.101+0200] {logging_mixin.py:190} INFO - [2025-06-12T11:50:29.101+0200] {dag.py:4180} INFO - Setting next_dagrun for dataset_produces_2 to None, run_after=None
[2025-06-12T11:50:29.109+0200] {processor.py:208} INFO - Processing /Users/gordanaristova/MyProjects/MyRpaProject/venv/lib/python3.10/site-packages/airflow/example_dags/example_datasets.py took 0.064 seconds
[2025-06-12T11:52:16.314+0200] {processor.py:186} INFO - Started process (PID=10793) to work on /Users/gordanaristova/MyProjects/MyRpaProject/venv/lib/python3.10/site-packages/airflow/example_dags/example_datasets.py
[2025-06-12T11:52:16.315+0200] {processor.py:914} INFO - Processing file /Users/gordanaristova/MyProjects/MyRpaProject/venv/lib/python3.10/site-packages/airflow/example_dags/example_datasets.py for tasks to queue
[2025-06-12T11:52:16.316+0200] {logging_mixin.py:190} INFO - [2025-06-12T11:52:16.316+0200] {dagbag.py:588} INFO - Filling up the DagBag from /Users/gordanaristova/MyProjects/MyRpaProject/venv/lib/python3.10/site-packages/airflow/example_dags/example_datasets.py
[2025-06-12T11:52:16.328+0200] {processor.py:925} INFO - DAG(s) 'dataset_consumes_1', 'consume_1_or_2_with_dataset_expressions', 'conditional_dataset_and_time_based_timetable', 'consume_1_or_both_2_and_3_with_dataset_expressions', 'dataset_consumes_1_never_scheduled', 'consume_1_and_2_with_dataset_expressions', 'dataset_produces_1', 'dataset_produces_2', 'dataset_consumes_1_and_2', 'dataset_consumes_unknown_never_scheduled' retrieved from /Users/gordanaristova/MyProjects/MyRpaProject/venv/lib/python3.10/site-packages/airflow/example_dags/example_datasets.py
[2025-06-12T11:52:16.361+0200] {logging_mixin.py:190} INFO - [2025-06-12T11:52:16.361+0200] {dag.py:3239} INFO - Sync 10 DAGs
[2025-06-12T11:52:16.367+0200] {logging_mixin.py:190} INFO - [2025-06-12T11:52:16.367+0200] {dag.py:4180} INFO - Setting next_dagrun for conditional_dataset_and_time_based_timetable to 2025-06-11 01:00:00+00:00, run_after=2025-06-11 01:00:00+00:00
[2025-06-12T11:52:16.368+0200] {logging_mixin.py:190} INFO - [2025-06-12T11:52:16.368+0200] {dag.py:4180} INFO - Setting next_dagrun for consume_1_and_2_with_dataset_expressions to None, run_after=None
[2025-06-12T11:52:16.368+0200] {logging_mixin.py:190} INFO - [2025-06-12T11:52:16.368+0200] {dag.py:4180} INFO - Setting next_dagrun for consume_1_or_2_with_dataset_expressions to None, run_after=None
[2025-06-12T11:52:16.368+0200] {logging_mixin.py:190} INFO - [2025-06-12T11:52:16.368+0200] {dag.py:4180} INFO - Setting next_dagrun for consume_1_or_both_2_and_3_with_dataset_expressions to None, run_after=None
[2025-06-12T11:52:16.368+0200] {logging_mixin.py:190} INFO - [2025-06-12T11:52:16.368+0200] {dag.py:4180} INFO - Setting next_dagrun for dataset_consumes_1 to None, run_after=None
[2025-06-12T11:52:16.369+0200] {logging_mixin.py:190} INFO - [2025-06-12T11:52:16.369+0200] {dag.py:4180} INFO - Setting next_dagrun for dataset_consumes_1_and_2 to None, run_after=None
[2025-06-12T11:52:16.369+0200] {logging_mixin.py:190} INFO - [2025-06-12T11:52:16.369+0200] {dag.py:4180} INFO - Setting next_dagrun for dataset_consumes_1_never_scheduled to None, run_after=None
[2025-06-12T11:52:16.369+0200] {logging_mixin.py:190} INFO - [2025-06-12T11:52:16.369+0200] {dag.py:4180} INFO - Setting next_dagrun for dataset_consumes_unknown_never_scheduled to None, run_after=None
[2025-06-12T11:52:16.370+0200] {logging_mixin.py:190} INFO - [2025-06-12T11:52:16.370+0200] {dag.py:4180} INFO - Setting next_dagrun for dataset_produces_1 to 2025-06-11 00:00:00+00:00, run_after=2025-06-12 00:00:00+00:00
[2025-06-12T11:52:16.370+0200] {logging_mixin.py:190} INFO - [2025-06-12T11:52:16.370+0200] {dag.py:4180} INFO - Setting next_dagrun for dataset_produces_2 to None, run_after=None
[2025-06-12T11:52:16.377+0200] {processor.py:208} INFO - Processing /Users/gordanaristova/MyProjects/MyRpaProject/venv/lib/python3.10/site-packages/airflow/example_dags/example_datasets.py took 0.064 seconds
[2025-06-12T11:54:06.659+0200] {processor.py:186} INFO - Started process (PID=10876) to work on /Users/gordanaristova/MyProjects/MyRpaProject/venv/lib/python3.10/site-packages/airflow/example_dags/example_datasets.py
[2025-06-12T11:54:06.660+0200] {processor.py:914} INFO - Processing file /Users/gordanaristova/MyProjects/MyRpaProject/venv/lib/python3.10/site-packages/airflow/example_dags/example_datasets.py for tasks to queue
[2025-06-12T11:54:06.660+0200] {logging_mixin.py:190} INFO - [2025-06-12T11:54:06.660+0200] {dagbag.py:588} INFO - Filling up the DagBag from /Users/gordanaristova/MyProjects/MyRpaProject/venv/lib/python3.10/site-packages/airflow/example_dags/example_datasets.py
[2025-06-12T11:54:06.672+0200] {processor.py:925} INFO - DAG(s) 'conditional_dataset_and_time_based_timetable', 'dataset_consumes_1_never_scheduled', 'dataset_consumes_unknown_never_scheduled', 'consume_1_and_2_with_dataset_expressions', 'dataset_consumes_1', 'consume_1_or_2_with_dataset_expressions', 'dataset_produces_1', 'consume_1_or_both_2_and_3_with_dataset_expressions', 'dataset_produces_2', 'dataset_consumes_1_and_2' retrieved from /Users/gordanaristova/MyProjects/MyRpaProject/venv/lib/python3.10/site-packages/airflow/example_dags/example_datasets.py
[2025-06-12T11:54:06.705+0200] {logging_mixin.py:190} INFO - [2025-06-12T11:54:06.704+0200] {dag.py:3239} INFO - Sync 10 DAGs
[2025-06-12T11:54:06.710+0200] {logging_mixin.py:190} INFO - [2025-06-12T11:54:06.710+0200] {dag.py:4180} INFO - Setting next_dagrun for conditional_dataset_and_time_based_timetable to 2025-06-11 01:00:00+00:00, run_after=2025-06-11 01:00:00+00:00
[2025-06-12T11:54:06.711+0200] {logging_mixin.py:190} INFO - [2025-06-12T11:54:06.711+0200] {dag.py:4180} INFO - Setting next_dagrun for consume_1_and_2_with_dataset_expressions to None, run_after=None
[2025-06-12T11:54:06.711+0200] {logging_mixin.py:190} INFO - [2025-06-12T11:54:06.711+0200] {dag.py:4180} INFO - Setting next_dagrun for consume_1_or_2_with_dataset_expressions to None, run_after=None
[2025-06-12T11:54:06.712+0200] {logging_mixin.py:190} INFO - [2025-06-12T11:54:06.711+0200] {dag.py:4180} INFO - Setting next_dagrun for consume_1_or_both_2_and_3_with_dataset_expressions to None, run_after=None
[2025-06-12T11:54:06.712+0200] {logging_mixin.py:190} INFO - [2025-06-12T11:54:06.712+0200] {dag.py:4180} INFO - Setting next_dagrun for dataset_consumes_1 to None, run_after=None
[2025-06-12T11:54:06.712+0200] {logging_mixin.py:190} INFO - [2025-06-12T11:54:06.712+0200] {dag.py:4180} INFO - Setting next_dagrun for dataset_consumes_1_and_2 to None, run_after=None
[2025-06-12T11:54:06.712+0200] {logging_mixin.py:190} INFO - [2025-06-12T11:54:06.712+0200] {dag.py:4180} INFO - Setting next_dagrun for dataset_consumes_1_never_scheduled to None, run_after=None
[2025-06-12T11:54:06.712+0200] {logging_mixin.py:190} INFO - [2025-06-12T11:54:06.712+0200] {dag.py:4180} INFO - Setting next_dagrun for dataset_consumes_unknown_never_scheduled to None, run_after=None
[2025-06-12T11:54:06.713+0200] {logging_mixin.py:190} INFO - [2025-06-12T11:54:06.713+0200] {dag.py:4180} INFO - Setting next_dagrun for dataset_produces_1 to 2025-06-11 00:00:00+00:00, run_after=2025-06-12 00:00:00+00:00
[2025-06-12T11:54:06.713+0200] {logging_mixin.py:190} INFO - [2025-06-12T11:54:06.713+0200] {dag.py:4180} INFO - Setting next_dagrun for dataset_produces_2 to None, run_after=None
[2025-06-12T11:54:06.720+0200] {processor.py:208} INFO - Processing /Users/gordanaristova/MyProjects/MyRpaProject/venv/lib/python3.10/site-packages/airflow/example_dags/example_datasets.py took 0.062 seconds
[2025-06-12T11:55:53.337+0200] {processor.py:186} INFO - Started process (PID=10981) to work on /Users/gordanaristova/MyProjects/MyRpaProject/venv/lib/python3.10/site-packages/airflow/example_dags/example_datasets.py
[2025-06-12T11:55:53.338+0200] {processor.py:914} INFO - Processing file /Users/gordanaristova/MyProjects/MyRpaProject/venv/lib/python3.10/site-packages/airflow/example_dags/example_datasets.py for tasks to queue
[2025-06-12T11:55:53.338+0200] {logging_mixin.py:190} INFO - [2025-06-12T11:55:53.338+0200] {dagbag.py:588} INFO - Filling up the DagBag from /Users/gordanaristova/MyProjects/MyRpaProject/venv/lib/python3.10/site-packages/airflow/example_dags/example_datasets.py
[2025-06-12T11:55:53.351+0200] {processor.py:925} INFO - DAG(s) 'dataset_consumes_1_and_2', 'dataset_produces_2', 'consume_1_or_2_with_dataset_expressions', 'dataset_consumes_1', 'dataset_produces_1', 'consume_1_or_both_2_and_3_with_dataset_expressions', 'dataset_consumes_1_never_scheduled', 'conditional_dataset_and_time_based_timetable', 'consume_1_and_2_with_dataset_expressions', 'dataset_consumes_unknown_never_scheduled' retrieved from /Users/gordanaristova/MyProjects/MyRpaProject/venv/lib/python3.10/site-packages/airflow/example_dags/example_datasets.py
[2025-06-12T11:55:53.383+0200] {logging_mixin.py:190} INFO - [2025-06-12T11:55:53.383+0200] {dag.py:3239} INFO - Sync 10 DAGs
[2025-06-12T11:55:53.389+0200] {logging_mixin.py:190} INFO - [2025-06-12T11:55:53.389+0200] {dag.py:4180} INFO - Setting next_dagrun for conditional_dataset_and_time_based_timetable to 2025-06-11 01:00:00+00:00, run_after=2025-06-11 01:00:00+00:00
[2025-06-12T11:55:53.390+0200] {logging_mixin.py:190} INFO - [2025-06-12T11:55:53.390+0200] {dag.py:4180} INFO - Setting next_dagrun for consume_1_and_2_with_dataset_expressions to None, run_after=None
[2025-06-12T11:55:53.390+0200] {logging_mixin.py:190} INFO - [2025-06-12T11:55:53.390+0200] {dag.py:4180} INFO - Setting next_dagrun for consume_1_or_2_with_dataset_expressions to None, run_after=None
[2025-06-12T11:55:53.390+0200] {logging_mixin.py:190} INFO - [2025-06-12T11:55:53.390+0200] {dag.py:4180} INFO - Setting next_dagrun for consume_1_or_both_2_and_3_with_dataset_expressions to None, run_after=None
[2025-06-12T11:55:53.391+0200] {logging_mixin.py:190} INFO - [2025-06-12T11:55:53.391+0200] {dag.py:4180} INFO - Setting next_dagrun for dataset_consumes_1 to None, run_after=None
[2025-06-12T11:55:53.391+0200] {logging_mixin.py:190} INFO - [2025-06-12T11:55:53.391+0200] {dag.py:4180} INFO - Setting next_dagrun for dataset_consumes_1_and_2 to None, run_after=None
[2025-06-12T11:55:53.391+0200] {logging_mixin.py:190} INFO - [2025-06-12T11:55:53.391+0200] {dag.py:4180} INFO - Setting next_dagrun for dataset_consumes_1_never_scheduled to None, run_after=None
[2025-06-12T11:55:53.391+0200] {logging_mixin.py:190} INFO - [2025-06-12T11:55:53.391+0200] {dag.py:4180} INFO - Setting next_dagrun for dataset_consumes_unknown_never_scheduled to None, run_after=None
[2025-06-12T11:55:53.392+0200] {logging_mixin.py:190} INFO - [2025-06-12T11:55:53.392+0200] {dag.py:4180} INFO - Setting next_dagrun for dataset_produces_1 to 2025-06-11 00:00:00+00:00, run_after=2025-06-12 00:00:00+00:00
[2025-06-12T11:55:53.392+0200] {logging_mixin.py:190} INFO - [2025-06-12T11:55:53.392+0200] {dag.py:4180} INFO - Setting next_dagrun for dataset_produces_2 to None, run_after=None
[2025-06-12T11:55:53.399+0200] {processor.py:208} INFO - Processing /Users/gordanaristova/MyProjects/MyRpaProject/venv/lib/python3.10/site-packages/airflow/example_dags/example_datasets.py took 0.063 seconds
[2025-06-12T13:15:16.208+0200] {processor.py:186} INFO - Started process (PID=13039) to work on /Users/gordanaristova/MyProjects/MyRpaProject/venv/lib/python3.10/site-packages/airflow/example_dags/example_datasets.py
[2025-06-12T13:15:16.209+0200] {processor.py:914} INFO - Processing file /Users/gordanaristova/MyProjects/MyRpaProject/venv/lib/python3.10/site-packages/airflow/example_dags/example_datasets.py for tasks to queue
[2025-06-12T13:15:16.209+0200] {logging_mixin.py:190} INFO - [2025-06-12T13:15:16.209+0200] {dagbag.py:588} INFO - Filling up the DagBag from /Users/gordanaristova/MyProjects/MyRpaProject/venv/lib/python3.10/site-packages/airflow/example_dags/example_datasets.py
[2025-06-12T13:15:16.221+0200] {processor.py:925} INFO - DAG(s) 'dataset_consumes_1', 'dataset_consumes_1_and_2', 'conditional_dataset_and_time_based_timetable', 'dataset_consumes_1_never_scheduled', 'dataset_produces_2', 'consume_1_or_2_with_dataset_expressions', 'consume_1_or_both_2_and_3_with_dataset_expressions', 'consume_1_and_2_with_dataset_expressions', 'dataset_produces_1', 'dataset_consumes_unknown_never_scheduled' retrieved from /Users/gordanaristova/MyProjects/MyRpaProject/venv/lib/python3.10/site-packages/airflow/example_dags/example_datasets.py
[2025-06-12T13:15:16.256+0200] {logging_mixin.py:190} INFO - [2025-06-12T13:15:16.256+0200] {dag.py:3239} INFO - Sync 10 DAGs
[2025-06-12T13:15:16.262+0200] {logging_mixin.py:190} INFO - [2025-06-12T13:15:16.262+0200] {dag.py:4180} INFO - Setting next_dagrun for conditional_dataset_and_time_based_timetable to 2025-06-11 01:00:00+00:00, run_after=2025-06-11 01:00:00+00:00
[2025-06-12T13:15:16.263+0200] {logging_mixin.py:190} INFO - [2025-06-12T13:15:16.263+0200] {dag.py:4180} INFO - Setting next_dagrun for consume_1_and_2_with_dataset_expressions to None, run_after=None
[2025-06-12T13:15:16.263+0200] {logging_mixin.py:190} INFO - [2025-06-12T13:15:16.263+0200] {dag.py:4180} INFO - Setting next_dagrun for consume_1_or_2_with_dataset_expressions to None, run_after=None
[2025-06-12T13:15:16.263+0200] {logging_mixin.py:190} INFO - [2025-06-12T13:15:16.263+0200] {dag.py:4180} INFO - Setting next_dagrun for consume_1_or_both_2_and_3_with_dataset_expressions to None, run_after=None
[2025-06-12T13:15:16.263+0200] {logging_mixin.py:190} INFO - [2025-06-12T13:15:16.263+0200] {dag.py:4180} INFO - Setting next_dagrun for dataset_consumes_1 to None, run_after=None
[2025-06-12T13:15:16.264+0200] {logging_mixin.py:190} INFO - [2025-06-12T13:15:16.264+0200] {dag.py:4180} INFO - Setting next_dagrun for dataset_consumes_1_and_2 to None, run_after=None
[2025-06-12T13:15:16.264+0200] {logging_mixin.py:190} INFO - [2025-06-12T13:15:16.264+0200] {dag.py:4180} INFO - Setting next_dagrun for dataset_consumes_1_never_scheduled to None, run_after=None
[2025-06-12T13:15:16.264+0200] {logging_mixin.py:190} INFO - [2025-06-12T13:15:16.264+0200] {dag.py:4180} INFO - Setting next_dagrun for dataset_consumes_unknown_never_scheduled to None, run_after=None
[2025-06-12T13:15:16.265+0200] {logging_mixin.py:190} INFO - [2025-06-12T13:15:16.265+0200] {dag.py:4180} INFO - Setting next_dagrun for dataset_produces_1 to 2025-06-11 00:00:00+00:00, run_after=2025-06-12 00:00:00+00:00
[2025-06-12T13:15:16.265+0200] {logging_mixin.py:190} INFO - [2025-06-12T13:15:16.265+0200] {dag.py:4180} INFO - Setting next_dagrun for dataset_produces_2 to None, run_after=None
[2025-06-12T13:15:16.272+0200] {processor.py:208} INFO - Processing /Users/gordanaristova/MyProjects/MyRpaProject/venv/lib/python3.10/site-packages/airflow/example_dags/example_datasets.py took 0.066 seconds
