[2025-06-12T10:37:10.823+0200] {processor.py:186} INFO - Started process (PID=8450) to work on /Users/gordanaristova/MyProjects/MyRpaProject/venv/lib/python3.10/site-packages/airflow/example_dags/example_latest_only.py
[2025-06-12T10:37:10.823+0200] {processor.py:914} INFO - Processing file /Users/gordanaristova/MyProjects/MyRpaProject/venv/lib/python3.10/site-packages/airflow/example_dags/example_latest_only.py for tasks to queue
[2025-06-12T10:37:10.823+0200] {logging_mixin.py:190} INFO - [2025-06-12T10:37:10.823+0200] {dagbag.py:588} INFO - Filling up the DagBag from /Users/gordanaristova/MyProjects/MyRpaProject/venv/lib/python3.10/site-packages/airflow/example_dags/example_latest_only.py
[2025-06-12T10:37:10.825+0200] {processor.py:925} INFO - DAG(s) 'latest_only' retrieved from /Users/gordanaristova/MyProjects/MyRpaProject/venv/lib/python3.10/site-packages/airflow/example_dags/example_latest_only.py
[2025-06-12T10:37:10.872+0200] {logging_mixin.py:190} INFO - [2025-06-12T10:37:10.872+0200] {override.py:1900} INFO - Created Permission View: can edit on DAG:latest_only
[2025-06-12T10:37:10.874+0200] {logging_mixin.py:190} INFO - [2025-06-12T10:37:10.874+0200] {override.py:1900} INFO - Created Permission View: can read on DAG:latest_only
[2025-06-12T10:37:10.875+0200] {logging_mixin.py:190} INFO - [2025-06-12T10:37:10.875+0200] {override.py:1900} INFO - Created Permission View: can delete on DAG:latest_only
[2025-06-12T10:37:10.877+0200] {logging_mixin.py:190} INFO - [2025-06-12T10:37:10.877+0200] {override.py:1900} INFO - Created Permission View: menu access on DAG Run:latest_only
[2025-06-12T10:37:10.878+0200] {logging_mixin.py:190} INFO - [2025-06-12T10:37:10.878+0200] {override.py:1900} INFO - Created Permission View: can create on DAG Run:latest_only
[2025-06-12T10:37:10.880+0200] {logging_mixin.py:190} INFO - [2025-06-12T10:37:10.880+0200] {override.py:1900} INFO - Created Permission View: can read on DAG Run:latest_only
[2025-06-12T10:37:10.881+0200] {logging_mixin.py:190} INFO - [2025-06-12T10:37:10.881+0200] {override.py:1900} INFO - Created Permission View: can delete on DAG Run:latest_only
[2025-06-12T10:37:10.881+0200] {logging_mixin.py:190} INFO - [2025-06-12T10:37:10.881+0200] {dag.py:3239} INFO - Sync 1 DAGs
[2025-06-12T10:37:10.884+0200] {logging_mixin.py:190} INFO - [2025-06-12T10:37:10.884+0200] {dag.py:3262} INFO - Creating ORM DAG for latest_only
[2025-06-12T10:37:10.886+0200] {logging_mixin.py:190} INFO - [2025-06-12T10:37:10.886+0200] {dag.py:4180} INFO - Setting next_dagrun for latest_only to 2025-06-12 04:00:00+00:00, run_after=2025-06-12 08:00:00+00:00
[2025-06-12T10:37:10.890+0200] {processor.py:208} INFO - Processing /Users/gordanaristova/MyProjects/MyRpaProject/venv/lib/python3.10/site-packages/airflow/example_dags/example_latest_only.py took 0.068 seconds
[2025-06-12T10:38:36.197+0200] {processor.py:186} INFO - Started process (PID=8519) to work on /Users/gordanaristova/MyProjects/MyRpaProject/venv/lib/python3.10/site-packages/airflow/example_dags/example_latest_only.py
[2025-06-12T10:38:36.198+0200] {processor.py:914} INFO - Processing file /Users/gordanaristova/MyProjects/MyRpaProject/venv/lib/python3.10/site-packages/airflow/example_dags/example_latest_only.py for tasks to queue
[2025-06-12T10:38:36.199+0200] {logging_mixin.py:190} INFO - [2025-06-12T10:38:36.199+0200] {dagbag.py:588} INFO - Filling up the DagBag from /Users/gordanaristova/MyProjects/MyRpaProject/venv/lib/python3.10/site-packages/airflow/example_dags/example_latest_only.py
[2025-06-12T10:38:36.201+0200] {processor.py:925} INFO - DAG(s) 'latest_only' retrieved from /Users/gordanaristova/MyProjects/MyRpaProject/venv/lib/python3.10/site-packages/airflow/example_dags/example_latest_only.py
[2025-06-12T10:38:36.229+0200] {logging_mixin.py:190} INFO - [2025-06-12T10:38:36.228+0200] {dag.py:3239} INFO - Sync 1 DAGs
[2025-06-12T10:38:36.233+0200] {logging_mixin.py:190} INFO - [2025-06-12T10:38:36.233+0200] {dag.py:4180} INFO - Setting next_dagrun for latest_only to 2025-06-12 04:00:00+00:00, run_after=2025-06-12 08:00:00+00:00
[2025-06-12T10:38:36.238+0200] {processor.py:208} INFO - Processing /Users/gordanaristova/MyProjects/MyRpaProject/venv/lib/python3.10/site-packages/airflow/example_dags/example_latest_only.py took 0.041 seconds
[2025-06-12T10:40:19.755+0200] {processor.py:186} INFO - Started process (PID=8603) to work on /Users/gordanaristova/MyProjects/MyRpaProject/venv/lib/python3.10/site-packages/airflow/example_dags/example_latest_only.py
[2025-06-12T10:40:19.756+0200] {processor.py:914} INFO - Processing file /Users/gordanaristova/MyProjects/MyRpaProject/venv/lib/python3.10/site-packages/airflow/example_dags/example_latest_only.py for tasks to queue
[2025-06-12T10:40:19.757+0200] {logging_mixin.py:190} INFO - [2025-06-12T10:40:19.757+0200] {dagbag.py:588} INFO - Filling up the DagBag from /Users/gordanaristova/MyProjects/MyRpaProject/venv/lib/python3.10/site-packages/airflow/example_dags/example_latest_only.py
[2025-06-12T10:40:19.759+0200] {processor.py:925} INFO - DAG(s) 'latest_only' retrieved from /Users/gordanaristova/MyProjects/MyRpaProject/venv/lib/python3.10/site-packages/airflow/example_dags/example_latest_only.py
[2025-06-12T10:40:19.787+0200] {logging_mixin.py:190} INFO - [2025-06-12T10:40:19.787+0200] {dag.py:3239} INFO - Sync 1 DAGs
[2025-06-12T10:40:19.792+0200] {logging_mixin.py:190} INFO - [2025-06-12T10:40:19.792+0200] {dag.py:4180} INFO - Setting next_dagrun for latest_only to 2025-06-12 04:00:00+00:00, run_after=2025-06-12 08:00:00+00:00
[2025-06-12T10:40:19.796+0200] {processor.py:208} INFO - Processing /Users/gordanaristova/MyProjects/MyRpaProject/venv/lib/python3.10/site-packages/airflow/example_dags/example_latest_only.py took 0.042 seconds
[2025-06-12T10:42:04.558+0200] {processor.py:186} INFO - Started process (PID=8692) to work on /Users/gordanaristova/MyProjects/MyRpaProject/venv/lib/python3.10/site-packages/airflow/example_dags/example_latest_only.py
[2025-06-12T10:42:04.560+0200] {processor.py:914} INFO - Processing file /Users/gordanaristova/MyProjects/MyRpaProject/venv/lib/python3.10/site-packages/airflow/example_dags/example_latest_only.py for tasks to queue
[2025-06-12T10:42:04.560+0200] {logging_mixin.py:190} INFO - [2025-06-12T10:42:04.560+0200] {dagbag.py:588} INFO - Filling up the DagBag from /Users/gordanaristova/MyProjects/MyRpaProject/venv/lib/python3.10/site-packages/airflow/example_dags/example_latest_only.py
[2025-06-12T10:42:04.562+0200] {processor.py:925} INFO - DAG(s) 'latest_only' retrieved from /Users/gordanaristova/MyProjects/MyRpaProject/venv/lib/python3.10/site-packages/airflow/example_dags/example_latest_only.py
[2025-06-12T10:42:04.590+0200] {logging_mixin.py:190} INFO - [2025-06-12T10:42:04.590+0200] {dag.py:3239} INFO - Sync 1 DAGs
[2025-06-12T10:42:04.595+0200] {logging_mixin.py:190} INFO - [2025-06-12T10:42:04.595+0200] {dag.py:4180} INFO - Setting next_dagrun for latest_only to 2025-06-12 04:00:00+00:00, run_after=2025-06-12 08:00:00+00:00
[2025-06-12T10:42:04.600+0200] {processor.py:208} INFO - Processing /Users/gordanaristova/MyProjects/MyRpaProject/venv/lib/python3.10/site-packages/airflow/example_dags/example_latest_only.py took 0.042 seconds
[2025-06-12T10:43:52.855+0200] {processor.py:186} INFO - Started process (PID=8842) to work on /Users/gordanaristova/MyProjects/MyRpaProject/venv/lib/python3.10/site-packages/airflow/example_dags/example_latest_only.py
[2025-06-12T10:43:52.855+0200] {processor.py:914} INFO - Processing file /Users/gordanaristova/MyProjects/MyRpaProject/venv/lib/python3.10/site-packages/airflow/example_dags/example_latest_only.py for tasks to queue
[2025-06-12T10:43:52.856+0200] {logging_mixin.py:190} INFO - [2025-06-12T10:43:52.856+0200] {dagbag.py:588} INFO - Filling up the DagBag from /Users/gordanaristova/MyProjects/MyRpaProject/venv/lib/python3.10/site-packages/airflow/example_dags/example_latest_only.py
[2025-06-12T10:43:52.858+0200] {processor.py:925} INFO - DAG(s) 'latest_only' retrieved from /Users/gordanaristova/MyProjects/MyRpaProject/venv/lib/python3.10/site-packages/airflow/example_dags/example_latest_only.py
[2025-06-12T10:43:52.886+0200] {logging_mixin.py:190} INFO - [2025-06-12T10:43:52.886+0200] {dag.py:3239} INFO - Sync 1 DAGs
[2025-06-12T10:43:52.891+0200] {logging_mixin.py:190} INFO - [2025-06-12T10:43:52.891+0200] {dag.py:4180} INFO - Setting next_dagrun for latest_only to 2025-06-12 04:00:00+00:00, run_after=2025-06-12 08:00:00+00:00
[2025-06-12T10:43:52.895+0200] {processor.py:208} INFO - Processing /Users/gordanaristova/MyProjects/MyRpaProject/venv/lib/python3.10/site-packages/airflow/example_dags/example_latest_only.py took 0.041 seconds
[2025-06-12T10:45:37.868+0200] {processor.py:186} INFO - Started process (PID=8926) to work on /Users/gordanaristova/MyProjects/MyRpaProject/venv/lib/python3.10/site-packages/airflow/example_dags/example_latest_only.py
[2025-06-12T10:45:37.869+0200] {processor.py:914} INFO - Processing file /Users/gordanaristova/MyProjects/MyRpaProject/venv/lib/python3.10/site-packages/airflow/example_dags/example_latest_only.py for tasks to queue
[2025-06-12T10:45:37.869+0200] {logging_mixin.py:190} INFO - [2025-06-12T10:45:37.869+0200] {dagbag.py:588} INFO - Filling up the DagBag from /Users/gordanaristova/MyProjects/MyRpaProject/venv/lib/python3.10/site-packages/airflow/example_dags/example_latest_only.py
[2025-06-12T10:45:37.871+0200] {processor.py:925} INFO - DAG(s) 'latest_only' retrieved from /Users/gordanaristova/MyProjects/MyRpaProject/venv/lib/python3.10/site-packages/airflow/example_dags/example_latest_only.py
[2025-06-12T10:45:37.900+0200] {logging_mixin.py:190} INFO - [2025-06-12T10:45:37.900+0200] {dag.py:3239} INFO - Sync 1 DAGs
[2025-06-12T10:45:37.905+0200] {logging_mixin.py:190} INFO - [2025-06-12T10:45:37.905+0200] {dag.py:4180} INFO - Setting next_dagrun for latest_only to 2025-06-12 04:00:00+00:00, run_after=2025-06-12 08:00:00+00:00
[2025-06-12T10:45:37.910+0200] {processor.py:208} INFO - Processing /Users/gordanaristova/MyProjects/MyRpaProject/venv/lib/python3.10/site-packages/airflow/example_dags/example_latest_only.py took 0.043 seconds
[2025-06-12T10:47:22.616+0200] {processor.py:186} INFO - Started process (PID=9049) to work on /Users/gordanaristova/MyProjects/MyRpaProject/venv/lib/python3.10/site-packages/airflow/example_dags/example_latest_only.py
[2025-06-12T10:47:22.617+0200] {processor.py:914} INFO - Processing file /Users/gordanaristova/MyProjects/MyRpaProject/venv/lib/python3.10/site-packages/airflow/example_dags/example_latest_only.py for tasks to queue
[2025-06-12T10:47:22.617+0200] {logging_mixin.py:190} INFO - [2025-06-12T10:47:22.617+0200] {dagbag.py:588} INFO - Filling up the DagBag from /Users/gordanaristova/MyProjects/MyRpaProject/venv/lib/python3.10/site-packages/airflow/example_dags/example_latest_only.py
[2025-06-12T10:47:22.620+0200] {processor.py:925} INFO - DAG(s) 'latest_only' retrieved from /Users/gordanaristova/MyProjects/MyRpaProject/venv/lib/python3.10/site-packages/airflow/example_dags/example_latest_only.py
[2025-06-12T10:47:22.652+0200] {logging_mixin.py:190} INFO - [2025-06-12T10:47:22.652+0200] {dag.py:3239} INFO - Sync 1 DAGs
[2025-06-12T10:47:22.658+0200] {logging_mixin.py:190} INFO - [2025-06-12T10:47:22.658+0200] {dag.py:4180} INFO - Setting next_dagrun for latest_only to 2025-06-12 04:00:00+00:00, run_after=2025-06-12 08:00:00+00:00
[2025-06-12T10:47:22.663+0200] {processor.py:208} INFO - Processing /Users/gordanaristova/MyProjects/MyRpaProject/venv/lib/python3.10/site-packages/airflow/example_dags/example_latest_only.py took 0.048 seconds
[2025-06-12T10:49:16.342+0200] {processor.py:186} INFO - Started process (PID=9196) to work on /Users/gordanaristova/MyProjects/MyRpaProject/venv/lib/python3.10/site-packages/airflow/example_dags/example_latest_only.py
[2025-06-12T10:49:16.343+0200] {processor.py:914} INFO - Processing file /Users/gordanaristova/MyProjects/MyRpaProject/venv/lib/python3.10/site-packages/airflow/example_dags/example_latest_only.py for tasks to queue
[2025-06-12T10:49:16.343+0200] {logging_mixin.py:190} INFO - [2025-06-12T10:49:16.343+0200] {dagbag.py:588} INFO - Filling up the DagBag from /Users/gordanaristova/MyProjects/MyRpaProject/venv/lib/python3.10/site-packages/airflow/example_dags/example_latest_only.py
[2025-06-12T10:49:16.345+0200] {processor.py:925} INFO - DAG(s) 'latest_only' retrieved from /Users/gordanaristova/MyProjects/MyRpaProject/venv/lib/python3.10/site-packages/airflow/example_dags/example_latest_only.py
[2025-06-12T10:49:16.372+0200] {logging_mixin.py:190} INFO - [2025-06-12T10:49:16.372+0200] {dag.py:3239} INFO - Sync 1 DAGs
[2025-06-12T10:49:16.377+0200] {logging_mixin.py:190} INFO - [2025-06-12T10:49:16.377+0200] {dag.py:4180} INFO - Setting next_dagrun for latest_only to 2025-06-12 04:00:00+00:00, run_after=2025-06-12 08:00:00+00:00
[2025-06-12T10:49:16.382+0200] {processor.py:208} INFO - Processing /Users/gordanaristova/MyProjects/MyRpaProject/venv/lib/python3.10/site-packages/airflow/example_dags/example_latest_only.py took 0.040 seconds
[2025-06-12T10:57:23.236+0200] {processor.py:186} INFO - Started process (PID=9461) to work on /Users/gordanaristova/MyProjects/MyRpaProject/venv/lib/python3.10/site-packages/airflow/example_dags/example_latest_only.py
[2025-06-12T10:57:23.237+0200] {processor.py:914} INFO - Processing file /Users/gordanaristova/MyProjects/MyRpaProject/venv/lib/python3.10/site-packages/airflow/example_dags/example_latest_only.py for tasks to queue
[2025-06-12T10:57:23.237+0200] {logging_mixin.py:190} INFO - [2025-06-12T10:57:23.237+0200] {dagbag.py:588} INFO - Filling up the DagBag from /Users/gordanaristova/MyProjects/MyRpaProject/venv/lib/python3.10/site-packages/airflow/example_dags/example_latest_only.py
[2025-06-12T10:57:23.239+0200] {processor.py:925} INFO - DAG(s) 'latest_only' retrieved from /Users/gordanaristova/MyProjects/MyRpaProject/venv/lib/python3.10/site-packages/airflow/example_dags/example_latest_only.py
[2025-06-12T10:57:23.267+0200] {logging_mixin.py:190} INFO - [2025-06-12T10:57:23.267+0200] {dag.py:3239} INFO - Sync 1 DAGs
[2025-06-12T10:57:23.272+0200] {logging_mixin.py:190} INFO - [2025-06-12T10:57:23.271+0200] {dag.py:4180} INFO - Setting next_dagrun for latest_only to 2025-06-12 04:00:00+00:00, run_after=2025-06-12 08:00:00+00:00
[2025-06-12T10:57:23.276+0200] {processor.py:208} INFO - Processing /Users/gordanaristova/MyProjects/MyRpaProject/venv/lib/python3.10/site-packages/airflow/example_dags/example_latest_only.py took 0.040 seconds
[2025-06-12T11:12:07.609+0200] {processor.py:186} INFO - Started process (PID=9779) to work on /Users/gordanaristova/MyProjects/MyRpaProject/venv/lib/python3.10/site-packages/airflow/example_dags/example_latest_only.py
[2025-06-12T11:12:07.610+0200] {processor.py:914} INFO - Processing file /Users/gordanaristova/MyProjects/MyRpaProject/venv/lib/python3.10/site-packages/airflow/example_dags/example_latest_only.py for tasks to queue
[2025-06-12T11:12:07.611+0200] {logging_mixin.py:190} INFO - [2025-06-12T11:12:07.611+0200] {dagbag.py:588} INFO - Filling up the DagBag from /Users/gordanaristova/MyProjects/MyRpaProject/venv/lib/python3.10/site-packages/airflow/example_dags/example_latest_only.py
[2025-06-12T11:12:07.613+0200] {processor.py:925} INFO - DAG(s) 'latest_only' retrieved from /Users/gordanaristova/MyProjects/MyRpaProject/venv/lib/python3.10/site-packages/airflow/example_dags/example_latest_only.py
[2025-06-12T11:12:07.641+0200] {logging_mixin.py:190} INFO - [2025-06-12T11:12:07.640+0200] {dag.py:3239} INFO - Sync 1 DAGs
[2025-06-12T11:12:07.646+0200] {logging_mixin.py:190} INFO - [2025-06-12T11:12:07.645+0200] {dag.py:4180} INFO - Setting next_dagrun for latest_only to 2025-06-12 04:00:00+00:00, run_after=2025-06-12 08:00:00+00:00
[2025-06-12T11:12:07.650+0200] {processor.py:208} INFO - Processing /Users/gordanaristova/MyProjects/MyRpaProject/venv/lib/python3.10/site-packages/airflow/example_dags/example_latest_only.py took 0.041 seconds
[2025-06-12T11:22:12.332+0200] {processor.py:186} INFO - Started process (PID=10065) to work on /Users/gordanaristova/MyProjects/MyRpaProject/venv/lib/python3.10/site-packages/airflow/example_dags/example_latest_only.py
[2025-06-12T11:22:12.333+0200] {processor.py:914} INFO - Processing file /Users/gordanaristova/MyProjects/MyRpaProject/venv/lib/python3.10/site-packages/airflow/example_dags/example_latest_only.py for tasks to queue
[2025-06-12T11:22:12.333+0200] {logging_mixin.py:190} INFO - [2025-06-12T11:22:12.333+0200] {dagbag.py:588} INFO - Filling up the DagBag from /Users/gordanaristova/MyProjects/MyRpaProject/venv/lib/python3.10/site-packages/airflow/example_dags/example_latest_only.py
[2025-06-12T11:22:12.335+0200] {processor.py:925} INFO - DAG(s) 'latest_only' retrieved from /Users/gordanaristova/MyProjects/MyRpaProject/venv/lib/python3.10/site-packages/airflow/example_dags/example_latest_only.py
[2025-06-12T11:22:12.363+0200] {logging_mixin.py:190} INFO - [2025-06-12T11:22:12.363+0200] {dag.py:3239} INFO - Sync 1 DAGs
[2025-06-12T11:22:12.368+0200] {logging_mixin.py:190} INFO - [2025-06-12T11:22:12.368+0200] {dag.py:4180} INFO - Setting next_dagrun for latest_only to 2025-06-12 04:00:00+00:00, run_after=2025-06-12 08:00:00+00:00
[2025-06-12T11:22:12.373+0200] {processor.py:208} INFO - Processing /Users/gordanaristova/MyProjects/MyRpaProject/venv/lib/python3.10/site-packages/airflow/example_dags/example_latest_only.py took 0.042 seconds
[2025-06-12T11:41:28.299+0200] {processor.py:186} INFO - Started process (PID=10434) to work on /Users/gordanaristova/MyProjects/MyRpaProject/venv/lib/python3.10/site-packages/airflow/example_dags/example_latest_only.py
[2025-06-12T11:41:28.300+0200] {processor.py:914} INFO - Processing file /Users/gordanaristova/MyProjects/MyRpaProject/venv/lib/python3.10/site-packages/airflow/example_dags/example_latest_only.py for tasks to queue
[2025-06-12T11:41:28.300+0200] {logging_mixin.py:190} INFO - [2025-06-12T11:41:28.300+0200] {dagbag.py:588} INFO - Filling up the DagBag from /Users/gordanaristova/MyProjects/MyRpaProject/venv/lib/python3.10/site-packages/airflow/example_dags/example_latest_only.py
[2025-06-12T11:41:28.302+0200] {processor.py:925} INFO - DAG(s) 'latest_only' retrieved from /Users/gordanaristova/MyProjects/MyRpaProject/venv/lib/python3.10/site-packages/airflow/example_dags/example_latest_only.py
[2025-06-12T11:41:28.329+0200] {logging_mixin.py:190} INFO - [2025-06-12T11:41:28.329+0200] {dag.py:3239} INFO - Sync 1 DAGs
[2025-06-12T11:41:28.334+0200] {logging_mixin.py:190} INFO - [2025-06-12T11:41:28.334+0200] {dag.py:4180} INFO - Setting next_dagrun for latest_only to 2025-06-12 04:00:00+00:00, run_after=2025-06-12 08:00:00+00:00
[2025-06-12T11:41:28.338+0200] {processor.py:208} INFO - Processing /Users/gordanaristova/MyProjects/MyRpaProject/venv/lib/python3.10/site-packages/airflow/example_dags/example_latest_only.py took 0.040 seconds
[2025-06-12T11:50:18.465+0200] {processor.py:186} INFO - Started process (PID=10658) to work on /Users/gordanaristova/MyProjects/MyRpaProject/venv/lib/python3.10/site-packages/airflow/example_dags/example_latest_only.py
[2025-06-12T11:50:18.465+0200] {processor.py:914} INFO - Processing file /Users/gordanaristova/MyProjects/MyRpaProject/venv/lib/python3.10/site-packages/airflow/example_dags/example_latest_only.py for tasks to queue
[2025-06-12T11:50:18.466+0200] {logging_mixin.py:190} INFO - [2025-06-12T11:50:18.466+0200] {dagbag.py:588} INFO - Filling up the DagBag from /Users/gordanaristova/MyProjects/MyRpaProject/venv/lib/python3.10/site-packages/airflow/example_dags/example_latest_only.py
[2025-06-12T11:50:18.468+0200] {processor.py:925} INFO - DAG(s) 'latest_only' retrieved from /Users/gordanaristova/MyProjects/MyRpaProject/venv/lib/python3.10/site-packages/airflow/example_dags/example_latest_only.py
[2025-06-12T11:50:18.495+0200] {logging_mixin.py:190} INFO - [2025-06-12T11:50:18.495+0200] {dag.py:3239} INFO - Sync 1 DAGs
[2025-06-12T11:50:18.500+0200] {logging_mixin.py:190} INFO - [2025-06-12T11:50:18.500+0200] {dag.py:4180} INFO - Setting next_dagrun for latest_only to 2025-06-12 04:00:00+00:00, run_after=2025-06-12 08:00:00+00:00
[2025-06-12T11:50:18.505+0200] {processor.py:208} INFO - Processing /Users/gordanaristova/MyProjects/MyRpaProject/venv/lib/python3.10/site-packages/airflow/example_dags/example_latest_only.py took 0.041 seconds
[2025-06-12T11:52:07.304+0200] {processor.py:186} INFO - Started process (PID=10786) to work on /Users/gordanaristova/MyProjects/MyRpaProject/venv/lib/python3.10/site-packages/airflow/example_dags/example_latest_only.py
[2025-06-12T11:52:07.304+0200] {processor.py:914} INFO - Processing file /Users/gordanaristova/MyProjects/MyRpaProject/venv/lib/python3.10/site-packages/airflow/example_dags/example_latest_only.py for tasks to queue
[2025-06-12T11:52:07.304+0200] {logging_mixin.py:190} INFO - [2025-06-12T11:52:07.304+0200] {dagbag.py:588} INFO - Filling up the DagBag from /Users/gordanaristova/MyProjects/MyRpaProject/venv/lib/python3.10/site-packages/airflow/example_dags/example_latest_only.py
[2025-06-12T11:52:07.306+0200] {processor.py:925} INFO - DAG(s) 'latest_only' retrieved from /Users/gordanaristova/MyProjects/MyRpaProject/venv/lib/python3.10/site-packages/airflow/example_dags/example_latest_only.py
[2025-06-12T11:52:07.335+0200] {logging_mixin.py:190} INFO - [2025-06-12T11:52:07.335+0200] {dag.py:3239} INFO - Sync 1 DAGs
[2025-06-12T11:52:07.340+0200] {logging_mixin.py:190} INFO - [2025-06-12T11:52:07.340+0200] {dag.py:4180} INFO - Setting next_dagrun for latest_only to 2025-06-12 04:00:00+00:00, run_after=2025-06-12 08:00:00+00:00
[2025-06-12T11:52:07.344+0200] {processor.py:208} INFO - Processing /Users/gordanaristova/MyProjects/MyRpaProject/venv/lib/python3.10/site-packages/airflow/example_dags/example_latest_only.py took 0.042 seconds
[2025-06-12T11:53:55.970+0200] {processor.py:186} INFO - Started process (PID=10868) to work on /Users/gordanaristova/MyProjects/MyRpaProject/venv/lib/python3.10/site-packages/airflow/example_dags/example_latest_only.py
[2025-06-12T11:53:55.971+0200] {processor.py:914} INFO - Processing file /Users/gordanaristova/MyProjects/MyRpaProject/venv/lib/python3.10/site-packages/airflow/example_dags/example_latest_only.py for tasks to queue
[2025-06-12T11:53:55.971+0200] {logging_mixin.py:190} INFO - [2025-06-12T11:53:55.971+0200] {dagbag.py:588} INFO - Filling up the DagBag from /Users/gordanaristova/MyProjects/MyRpaProject/venv/lib/python3.10/site-packages/airflow/example_dags/example_latest_only.py
[2025-06-12T11:53:55.973+0200] {processor.py:925} INFO - DAG(s) 'latest_only' retrieved from /Users/gordanaristova/MyProjects/MyRpaProject/venv/lib/python3.10/site-packages/airflow/example_dags/example_latest_only.py
[2025-06-12T11:53:56.002+0200] {logging_mixin.py:190} INFO - [2025-06-12T11:53:56.002+0200] {dag.py:3239} INFO - Sync 1 DAGs
[2025-06-12T11:53:56.007+0200] {logging_mixin.py:190} INFO - [2025-06-12T11:53:56.007+0200] {dag.py:4180} INFO - Setting next_dagrun for latest_only to 2025-06-12 04:00:00+00:00, run_after=2025-06-12 08:00:00+00:00
[2025-06-12T11:53:56.011+0200] {processor.py:208} INFO - Processing /Users/gordanaristova/MyProjects/MyRpaProject/venv/lib/python3.10/site-packages/airflow/example_dags/example_latest_only.py took 0.042 seconds
[2025-06-12T11:55:42.603+0200] {processor.py:186} INFO - Started process (PID=10972) to work on /Users/gordanaristova/MyProjects/MyRpaProject/venv/lib/python3.10/site-packages/airflow/example_dags/example_latest_only.py
[2025-06-12T11:55:42.604+0200] {processor.py:914} INFO - Processing file /Users/gordanaristova/MyProjects/MyRpaProject/venv/lib/python3.10/site-packages/airflow/example_dags/example_latest_only.py for tasks to queue
[2025-06-12T11:55:42.605+0200] {logging_mixin.py:190} INFO - [2025-06-12T11:55:42.605+0200] {dagbag.py:588} INFO - Filling up the DagBag from /Users/gordanaristova/MyProjects/MyRpaProject/venv/lib/python3.10/site-packages/airflow/example_dags/example_latest_only.py
[2025-06-12T11:55:42.607+0200] {processor.py:925} INFO - DAG(s) 'latest_only' retrieved from /Users/gordanaristova/MyProjects/MyRpaProject/venv/lib/python3.10/site-packages/airflow/example_dags/example_latest_only.py
[2025-06-12T11:55:42.634+0200] {logging_mixin.py:190} INFO - [2025-06-12T11:55:42.634+0200] {dag.py:3239} INFO - Sync 1 DAGs
[2025-06-12T11:55:42.639+0200] {logging_mixin.py:190} INFO - [2025-06-12T11:55:42.639+0200] {dag.py:4180} INFO - Setting next_dagrun for latest_only to 2025-06-12 04:00:00+00:00, run_after=2025-06-12 08:00:00+00:00
[2025-06-12T11:55:42.644+0200] {processor.py:208} INFO - Processing /Users/gordanaristova/MyProjects/MyRpaProject/venv/lib/python3.10/site-packages/airflow/example_dags/example_latest_only.py took 0.041 seconds
[2025-06-12T11:57:32.963+0200] {processor.py:186} INFO - Started process (PID=11093) to work on /Users/gordanaristova/MyProjects/MyRpaProject/venv/lib/python3.10/site-packages/airflow/example_dags/example_latest_only.py
[2025-06-12T11:57:32.964+0200] {processor.py:914} INFO - Processing file /Users/gordanaristova/MyProjects/MyRpaProject/venv/lib/python3.10/site-packages/airflow/example_dags/example_latest_only.py for tasks to queue
[2025-06-12T11:57:32.964+0200] {logging_mixin.py:190} INFO - [2025-06-12T11:57:32.964+0200] {dagbag.py:588} INFO - Filling up the DagBag from /Users/gordanaristova/MyProjects/MyRpaProject/venv/lib/python3.10/site-packages/airflow/example_dags/example_latest_only.py
[2025-06-12T11:57:32.967+0200] {processor.py:925} INFO - DAG(s) 'latest_only' retrieved from /Users/gordanaristova/MyProjects/MyRpaProject/venv/lib/python3.10/site-packages/airflow/example_dags/example_latest_only.py
[2025-06-12T11:57:32.995+0200] {logging_mixin.py:190} INFO - [2025-06-12T11:57:32.995+0200] {dag.py:3239} INFO - Sync 1 DAGs
[2025-06-12T11:57:33.000+0200] {logging_mixin.py:190} INFO - [2025-06-12T11:57:33.000+0200] {dag.py:4180} INFO - Setting next_dagrun for latest_only to 2025-06-12 04:00:00+00:00, run_after=2025-06-12 08:00:00+00:00
[2025-06-12T11:57:33.005+0200] {processor.py:208} INFO - Processing /Users/gordanaristova/MyProjects/MyRpaProject/venv/lib/python3.10/site-packages/airflow/example_dags/example_latest_only.py took 0.043 seconds
[2025-06-12T13:15:04.291+0200] {processor.py:186} INFO - Started process (PID=13028) to work on /Users/gordanaristova/MyProjects/MyRpaProject/venv/lib/python3.10/site-packages/airflow/example_dags/example_latest_only.py
[2025-06-12T13:15:04.292+0200] {processor.py:914} INFO - Processing file /Users/gordanaristova/MyProjects/MyRpaProject/venv/lib/python3.10/site-packages/airflow/example_dags/example_latest_only.py for tasks to queue
[2025-06-12T13:15:04.292+0200] {logging_mixin.py:190} INFO - [2025-06-12T13:15:04.292+0200] {dagbag.py:588} INFO - Filling up the DagBag from /Users/gordanaristova/MyProjects/MyRpaProject/venv/lib/python3.10/site-packages/airflow/example_dags/example_latest_only.py
[2025-06-12T13:15:04.294+0200] {processor.py:925} INFO - DAG(s) 'latest_only' retrieved from /Users/gordanaristova/MyProjects/MyRpaProject/venv/lib/python3.10/site-packages/airflow/example_dags/example_latest_only.py
[2025-06-12T13:15:04.324+0200] {logging_mixin.py:190} INFO - [2025-06-12T13:15:04.324+0200] {dag.py:3239} INFO - Sync 1 DAGs
[2025-06-12T13:15:04.329+0200] {logging_mixin.py:190} INFO - [2025-06-12T13:15:04.329+0200] {dag.py:4180} INFO - Setting next_dagrun for latest_only to 2025-06-12 04:00:00+00:00, run_after=2025-06-12 08:00:00+00:00
[2025-06-12T13:15:04.334+0200] {processor.py:208} INFO - Processing /Users/gordanaristova/MyProjects/MyRpaProject/venv/lib/python3.10/site-packages/airflow/example_dags/example_latest_only.py took 0.044 seconds
[2025-06-12T18:42:47.414+0200] {processor.py:186} INFO - Started process (PID=15682) to work on /Users/gordanaristova/MyProjects/MyRpaProject/venv/lib/python3.10/site-packages/airflow/example_dags/example_latest_only.py
[2025-06-12T18:42:47.414+0200] {processor.py:914} INFO - Processing file /Users/gordanaristova/MyProjects/MyRpaProject/venv/lib/python3.10/site-packages/airflow/example_dags/example_latest_only.py for tasks to queue
[2025-06-12T18:42:47.415+0200] {logging_mixin.py:190} INFO - [2025-06-12T18:42:47.415+0200] {dagbag.py:588} INFO - Filling up the DagBag from /Users/gordanaristova/MyProjects/MyRpaProject/venv/lib/python3.10/site-packages/airflow/example_dags/example_latest_only.py
[2025-06-12T18:42:47.417+0200] {processor.py:925} INFO - DAG(s) 'latest_only' retrieved from /Users/gordanaristova/MyProjects/MyRpaProject/venv/lib/python3.10/site-packages/airflow/example_dags/example_latest_only.py
[2025-06-12T18:42:47.446+0200] {logging_mixin.py:190} INFO - [2025-06-12T18:42:47.446+0200] {dag.py:3239} INFO - Sync 1 DAGs
[2025-06-12T18:42:47.451+0200] {logging_mixin.py:190} INFO - [2025-06-12T18:42:47.451+0200] {dag.py:4180} INFO - Setting next_dagrun for latest_only to 2025-06-12 12:00:00+00:00, run_after=2025-06-12 16:00:00+00:00
[2025-06-12T18:42:47.456+0200] {processor.py:208} INFO - Processing /Users/gordanaristova/MyProjects/MyRpaProject/venv/lib/python3.10/site-packages/airflow/example_dags/example_latest_only.py took 0.044 seconds
[2025-06-12T18:55:45.788+0200] {processor.py:186} INFO - Started process (PID=16003) to work on /Users/gordanaristova/MyProjects/MyRpaProject/venv/lib/python3.10/site-packages/airflow/example_dags/example_latest_only.py
[2025-06-12T18:55:45.788+0200] {processor.py:914} INFO - Processing file /Users/gordanaristova/MyProjects/MyRpaProject/venv/lib/python3.10/site-packages/airflow/example_dags/example_latest_only.py for tasks to queue
[2025-06-12T18:55:45.789+0200] {logging_mixin.py:190} INFO - [2025-06-12T18:55:45.789+0200] {dagbag.py:588} INFO - Filling up the DagBag from /Users/gordanaristova/MyProjects/MyRpaProject/venv/lib/python3.10/site-packages/airflow/example_dags/example_latest_only.py
[2025-06-12T18:55:45.791+0200] {processor.py:925} INFO - DAG(s) 'latest_only' retrieved from /Users/gordanaristova/MyProjects/MyRpaProject/venv/lib/python3.10/site-packages/airflow/example_dags/example_latest_only.py
[2025-06-12T18:55:45.822+0200] {logging_mixin.py:190} INFO - [2025-06-12T18:55:45.821+0200] {dag.py:3239} INFO - Sync 1 DAGs
[2025-06-12T18:55:45.827+0200] {logging_mixin.py:190} INFO - [2025-06-12T18:55:45.827+0200] {dag.py:4180} INFO - Setting next_dagrun for latest_only to 2025-06-12 12:00:00+00:00, run_after=2025-06-12 16:00:00+00:00
[2025-06-12T18:55:45.832+0200] {processor.py:208} INFO - Processing /Users/gordanaristova/MyProjects/MyRpaProject/venv/lib/python3.10/site-packages/airflow/example_dags/example_latest_only.py took 0.045 seconds
[2025-06-12T19:00:52.811+0200] {processor.py:186} INFO - Started process (PID=16147) to work on /Users/gordanaristova/MyProjects/MyRpaProject/venv/lib/python3.10/site-packages/airflow/example_dags/example_latest_only.py
[2025-06-12T19:00:52.812+0200] {processor.py:914} INFO - Processing file /Users/gordanaristova/MyProjects/MyRpaProject/venv/lib/python3.10/site-packages/airflow/example_dags/example_latest_only.py for tasks to queue
[2025-06-12T19:00:52.812+0200] {logging_mixin.py:190} INFO - [2025-06-12T19:00:52.812+0200] {dagbag.py:588} INFO - Filling up the DagBag from /Users/gordanaristova/MyProjects/MyRpaProject/venv/lib/python3.10/site-packages/airflow/example_dags/example_latest_only.py
[2025-06-12T19:00:52.814+0200] {processor.py:925} INFO - DAG(s) 'latest_only' retrieved from /Users/gordanaristova/MyProjects/MyRpaProject/venv/lib/python3.10/site-packages/airflow/example_dags/example_latest_only.py
[2025-06-12T19:00:52.843+0200] {logging_mixin.py:190} INFO - [2025-06-12T19:00:52.843+0200] {dag.py:3239} INFO - Sync 1 DAGs
[2025-06-12T19:00:52.849+0200] {logging_mixin.py:190} INFO - [2025-06-12T19:00:52.848+0200] {dag.py:4180} INFO - Setting next_dagrun for latest_only to 2025-06-12 12:00:00+00:00, run_after=2025-06-12 16:00:00+00:00
[2025-06-12T19:00:52.853+0200] {processor.py:208} INFO - Processing /Users/gordanaristova/MyProjects/MyRpaProject/venv/lib/python3.10/site-packages/airflow/example_dags/example_latest_only.py took 0.043 seconds
[2025-06-12T19:11:28.926+0200] {processor.py:186} INFO - Started process (PID=16477) to work on /Users/gordanaristova/MyProjects/MyRpaProject/venv/lib/python3.10/site-packages/airflow/example_dags/example_latest_only.py
[2025-06-12T19:11:28.927+0200] {processor.py:914} INFO - Processing file /Users/gordanaristova/MyProjects/MyRpaProject/venv/lib/python3.10/site-packages/airflow/example_dags/example_latest_only.py for tasks to queue
[2025-06-12T19:11:28.927+0200] {logging_mixin.py:190} INFO - [2025-06-12T19:11:28.927+0200] {dagbag.py:588} INFO - Filling up the DagBag from /Users/gordanaristova/MyProjects/MyRpaProject/venv/lib/python3.10/site-packages/airflow/example_dags/example_latest_only.py
[2025-06-12T19:11:28.930+0200] {processor.py:925} INFO - DAG(s) 'latest_only' retrieved from /Users/gordanaristova/MyProjects/MyRpaProject/venv/lib/python3.10/site-packages/airflow/example_dags/example_latest_only.py
[2025-06-12T19:11:28.960+0200] {logging_mixin.py:190} INFO - [2025-06-12T19:11:28.959+0200] {dag.py:3239} INFO - Sync 1 DAGs
[2025-06-12T19:11:28.965+0200] {logging_mixin.py:190} INFO - [2025-06-12T19:11:28.965+0200] {dag.py:4180} INFO - Setting next_dagrun for latest_only to 2025-06-12 12:00:00+00:00, run_after=2025-06-12 16:00:00+00:00
[2025-06-12T19:11:28.970+0200] {processor.py:208} INFO - Processing /Users/gordanaristova/MyProjects/MyRpaProject/venv/lib/python3.10/site-packages/airflow/example_dags/example_latest_only.py took 0.044 seconds
