[2025-06-12T10:37:32.267+0200] {processor.py:186} INFO - Started process (PID=8470) to work on /Users/gordanaristova/MyProjects/MyRpaProject/venv/lib/python3.10/site-packages/airflow/example_dags/example_branch_operator.py
[2025-06-12T10:37:32.267+0200] {processor.py:914} INFO - Processing file /Users/gordanaristova/MyProjects/MyRpaProject/venv/lib/python3.10/site-packages/airflow/example_dags/example_branch_operator.py for tasks to queue
[2025-06-12T10:37:32.268+0200] {logging_mixin.py:190} INFO - [2025-06-12T10:37:32.268+0200] {dagbag.py:588} INFO - Filling up the DagBag from /Users/gordanaristova/MyProjects/MyRpaProject/venv/lib/python3.10/site-packages/airflow/example_dags/example_branch_operator.py
[2025-06-12T10:37:32.274+0200] {processor.py:927} WARNING - No viable dags retrieved from /Users/gordanaristova/MyProjects/MyRpaProject/venv/lib/python3.10/site-packages/airflow/example_dags/example_branch_operator.py
[2025-06-12T10:37:32.299+0200] {processor.py:208} INFO - Processing /Users/gordanaristova/MyProjects/MyRpaProject/venv/lib/python3.10/site-packages/airflow/example_dags/example_branch_operator.py took 0.033 seconds
[2025-06-12T10:39:20.352+0200] {processor.py:186} INFO - Started process (PID=8557) to work on /Users/gordanaristova/MyProjects/MyRpaProject/venv/lib/python3.10/site-packages/airflow/example_dags/example_branch_operator.py
[2025-06-12T10:39:20.353+0200] {processor.py:914} INFO - Processing file /Users/gordanaristova/MyProjects/MyRpaProject/venv/lib/python3.10/site-packages/airflow/example_dags/example_branch_operator.py for tasks to queue
[2025-06-12T10:39:20.353+0200] {logging_mixin.py:190} INFO - [2025-06-12T10:39:20.353+0200] {dagbag.py:588} INFO - Filling up the DagBag from /Users/gordanaristova/MyProjects/MyRpaProject/venv/lib/python3.10/site-packages/airflow/example_dags/example_branch_operator.py
[2025-06-12T10:39:20.359+0200] {processor.py:927} WARNING - No viable dags retrieved from /Users/gordanaristova/MyProjects/MyRpaProject/venv/lib/python3.10/site-packages/airflow/example_dags/example_branch_operator.py
[2025-06-12T10:39:20.384+0200] {processor.py:208} INFO - Processing /Users/gordanaristova/MyProjects/MyRpaProject/venv/lib/python3.10/site-packages/airflow/example_dags/example_branch_operator.py took 0.033 seconds
[2025-06-12T10:41:03.919+0200] {processor.py:186} INFO - Started process (PID=8644) to work on /Users/gordanaristova/MyProjects/MyRpaProject/venv/lib/python3.10/site-packages/airflow/example_dags/example_branch_operator.py
[2025-06-12T10:41:03.920+0200] {processor.py:914} INFO - Processing file /Users/gordanaristova/MyProjects/MyRpaProject/venv/lib/python3.10/site-packages/airflow/example_dags/example_branch_operator.py for tasks to queue
[2025-06-12T10:41:03.920+0200] {logging_mixin.py:190} INFO - [2025-06-12T10:41:03.920+0200] {dagbag.py:588} INFO - Filling up the DagBag from /Users/gordanaristova/MyProjects/MyRpaProject/venv/lib/python3.10/site-packages/airflow/example_dags/example_branch_operator.py
[2025-06-12T10:41:03.926+0200] {processor.py:927} WARNING - No viable dags retrieved from /Users/gordanaristova/MyProjects/MyRpaProject/venv/lib/python3.10/site-packages/airflow/example_dags/example_branch_operator.py
[2025-06-12T10:41:03.952+0200] {processor.py:208} INFO - Processing /Users/gordanaristova/MyProjects/MyRpaProject/venv/lib/python3.10/site-packages/airflow/example_dags/example_branch_operator.py took 0.034 seconds
[2025-06-12T10:42:50.470+0200] {processor.py:186} INFO - Started process (PID=8728) to work on /Users/gordanaristova/MyProjects/MyRpaProject/venv/lib/python3.10/site-packages/airflow/example_dags/example_branch_operator.py
[2025-06-12T10:42:50.470+0200] {processor.py:914} INFO - Processing file /Users/gordanaristova/MyProjects/MyRpaProject/venv/lib/python3.10/site-packages/airflow/example_dags/example_branch_operator.py for tasks to queue
[2025-06-12T10:42:50.470+0200] {logging_mixin.py:190} INFO - [2025-06-12T10:42:50.470+0200] {dagbag.py:588} INFO - Filling up the DagBag from /Users/gordanaristova/MyProjects/MyRpaProject/venv/lib/python3.10/site-packages/airflow/example_dags/example_branch_operator.py
[2025-06-12T10:42:50.476+0200] {processor.py:927} WARNING - No viable dags retrieved from /Users/gordanaristova/MyProjects/MyRpaProject/venv/lib/python3.10/site-packages/airflow/example_dags/example_branch_operator.py
[2025-06-12T10:42:50.501+0200] {processor.py:208} INFO - Processing /Users/gordanaristova/MyProjects/MyRpaProject/venv/lib/python3.10/site-packages/airflow/example_dags/example_branch_operator.py took 0.032 seconds
[2025-06-12T10:44:36.635+0200] {processor.py:186} INFO - Started process (PID=8882) to work on /Users/gordanaristova/MyProjects/MyRpaProject/venv/lib/python3.10/site-packages/airflow/example_dags/example_branch_operator.py
[2025-06-12T10:44:36.636+0200] {processor.py:914} INFO - Processing file /Users/gordanaristova/MyProjects/MyRpaProject/venv/lib/python3.10/site-packages/airflow/example_dags/example_branch_operator.py for tasks to queue
[2025-06-12T10:44:36.637+0200] {logging_mixin.py:190} INFO - [2025-06-12T10:44:36.637+0200] {dagbag.py:588} INFO - Filling up the DagBag from /Users/gordanaristova/MyProjects/MyRpaProject/venv/lib/python3.10/site-packages/airflow/example_dags/example_branch_operator.py
[2025-06-12T10:44:36.643+0200] {processor.py:927} WARNING - No viable dags retrieved from /Users/gordanaristova/MyProjects/MyRpaProject/venv/lib/python3.10/site-packages/airflow/example_dags/example_branch_operator.py
[2025-06-12T10:44:36.669+0200] {processor.py:208} INFO - Processing /Users/gordanaristova/MyProjects/MyRpaProject/venv/lib/python3.10/site-packages/airflow/example_dags/example_branch_operator.py took 0.035 seconds
[2025-06-12T10:46:22.465+0200] {processor.py:186} INFO - Started process (PID=8978) to work on /Users/gordanaristova/MyProjects/MyRpaProject/venv/lib/python3.10/site-packages/airflow/example_dags/example_branch_operator.py
[2025-06-12T10:46:22.465+0200] {processor.py:914} INFO - Processing file /Users/gordanaristova/MyProjects/MyRpaProject/venv/lib/python3.10/site-packages/airflow/example_dags/example_branch_operator.py for tasks to queue
[2025-06-12T10:46:22.466+0200] {logging_mixin.py:190} INFO - [2025-06-12T10:46:22.466+0200] {dagbag.py:588} INFO - Filling up the DagBag from /Users/gordanaristova/MyProjects/MyRpaProject/venv/lib/python3.10/site-packages/airflow/example_dags/example_branch_operator.py
[2025-06-12T10:46:22.472+0200] {processor.py:927} WARNING - No viable dags retrieved from /Users/gordanaristova/MyProjects/MyRpaProject/venv/lib/python3.10/site-packages/airflow/example_dags/example_branch_operator.py
[2025-06-12T10:46:22.499+0200] {processor.py:208} INFO - Processing /Users/gordanaristova/MyProjects/MyRpaProject/venv/lib/python3.10/site-packages/airflow/example_dags/example_branch_operator.py took 0.034 seconds
[2025-06-12T10:48:15.487+0200] {processor.py:186} INFO - Started process (PID=9119) to work on /Users/gordanaristova/MyProjects/MyRpaProject/venv/lib/python3.10/site-packages/airflow/example_dags/example_branch_operator.py
[2025-06-12T10:48:15.488+0200] {processor.py:914} INFO - Processing file /Users/gordanaristova/MyProjects/MyRpaProject/venv/lib/python3.10/site-packages/airflow/example_dags/example_branch_operator.py for tasks to queue
[2025-06-12T10:48:15.488+0200] {logging_mixin.py:190} INFO - [2025-06-12T10:48:15.488+0200] {dagbag.py:588} INFO - Filling up the DagBag from /Users/gordanaristova/MyProjects/MyRpaProject/venv/lib/python3.10/site-packages/airflow/example_dags/example_branch_operator.py
[2025-06-12T10:48:15.494+0200] {processor.py:927} WARNING - No viable dags retrieved from /Users/gordanaristova/MyProjects/MyRpaProject/venv/lib/python3.10/site-packages/airflow/example_dags/example_branch_operator.py
[2025-06-12T10:48:15.519+0200] {processor.py:208} INFO - Processing /Users/gordanaristova/MyProjects/MyRpaProject/venv/lib/python3.10/site-packages/airflow/example_dags/example_branch_operator.py took 0.034 seconds
[2025-06-12T10:50:03.292+0200] {processor.py:186} INFO - Started process (PID=9240) to work on /Users/gordanaristova/MyProjects/MyRpaProject/venv/lib/python3.10/site-packages/airflow/example_dags/example_branch_operator.py
[2025-06-12T10:50:03.293+0200] {processor.py:914} INFO - Processing file /Users/gordanaristova/MyProjects/MyRpaProject/venv/lib/python3.10/site-packages/airflow/example_dags/example_branch_operator.py for tasks to queue
[2025-06-12T10:50:03.293+0200] {logging_mixin.py:190} INFO - [2025-06-12T10:50:03.293+0200] {dagbag.py:588} INFO - Filling up the DagBag from /Users/gordanaristova/MyProjects/MyRpaProject/venv/lib/python3.10/site-packages/airflow/example_dags/example_branch_operator.py
[2025-06-12T10:50:03.300+0200] {processor.py:927} WARNING - No viable dags retrieved from /Users/gordanaristova/MyProjects/MyRpaProject/venv/lib/python3.10/site-packages/airflow/example_dags/example_branch_operator.py
[2025-06-12T10:50:03.325+0200] {processor.py:208} INFO - Processing /Users/gordanaristova/MyProjects/MyRpaProject/venv/lib/python3.10/site-packages/airflow/example_dags/example_branch_operator.py took 0.034 seconds
[2025-06-12T10:57:43.042+0200] {processor.py:186} INFO - Started process (PID=9483) to work on /Users/gordanaristova/MyProjects/MyRpaProject/venv/lib/python3.10/site-packages/airflow/example_dags/example_branch_operator.py
[2025-06-12T10:57:43.043+0200] {processor.py:914} INFO - Processing file /Users/gordanaristova/MyProjects/MyRpaProject/venv/lib/python3.10/site-packages/airflow/example_dags/example_branch_operator.py for tasks to queue
[2025-06-12T10:57:43.043+0200] {logging_mixin.py:190} INFO - [2025-06-12T10:57:43.043+0200] {dagbag.py:588} INFO - Filling up the DagBag from /Users/gordanaristova/MyProjects/MyRpaProject/venv/lib/python3.10/site-packages/airflow/example_dags/example_branch_operator.py
[2025-06-12T10:57:43.050+0200] {processor.py:927} WARNING - No viable dags retrieved from /Users/gordanaristova/MyProjects/MyRpaProject/venv/lib/python3.10/site-packages/airflow/example_dags/example_branch_operator.py
[2025-06-12T10:57:43.075+0200] {processor.py:208} INFO - Processing /Users/gordanaristova/MyProjects/MyRpaProject/venv/lib/python3.10/site-packages/airflow/example_dags/example_branch_operator.py took 0.033 seconds
[2025-06-12T11:12:28.045+0200] {processor.py:186} INFO - Started process (PID=9801) to work on /Users/gordanaristova/MyProjects/MyRpaProject/venv/lib/python3.10/site-packages/airflow/example_dags/example_branch_operator.py
[2025-06-12T11:12:28.047+0200] {processor.py:914} INFO - Processing file /Users/gordanaristova/MyProjects/MyRpaProject/venv/lib/python3.10/site-packages/airflow/example_dags/example_branch_operator.py for tasks to queue
[2025-06-12T11:12:28.047+0200] {logging_mixin.py:190} INFO - [2025-06-12T11:12:28.047+0200] {dagbag.py:588} INFO - Filling up the DagBag from /Users/gordanaristova/MyProjects/MyRpaProject/venv/lib/python3.10/site-packages/airflow/example_dags/example_branch_operator.py
[2025-06-12T11:12:28.053+0200] {processor.py:927} WARNING - No viable dags retrieved from /Users/gordanaristova/MyProjects/MyRpaProject/venv/lib/python3.10/site-packages/airflow/example_dags/example_branch_operator.py
[2025-06-12T11:12:28.078+0200] {processor.py:208} INFO - Processing /Users/gordanaristova/MyProjects/MyRpaProject/venv/lib/python3.10/site-packages/airflow/example_dags/example_branch_operator.py took 0.034 seconds
[2025-06-12T11:22:33.727+0200] {processor.py:186} INFO - Started process (PID=10088) to work on /Users/gordanaristova/MyProjects/MyRpaProject/venv/lib/python3.10/site-packages/airflow/example_dags/example_branch_operator.py
[2025-06-12T11:22:33.728+0200] {processor.py:914} INFO - Processing file /Users/gordanaristova/MyProjects/MyRpaProject/venv/lib/python3.10/site-packages/airflow/example_dags/example_branch_operator.py for tasks to queue
[2025-06-12T11:22:33.729+0200] {logging_mixin.py:190} INFO - [2025-06-12T11:22:33.728+0200] {dagbag.py:588} INFO - Filling up the DagBag from /Users/gordanaristova/MyProjects/MyRpaProject/venv/lib/python3.10/site-packages/airflow/example_dags/example_branch_operator.py
[2025-06-12T11:22:33.735+0200] {processor.py:927} WARNING - No viable dags retrieved from /Users/gordanaristova/MyProjects/MyRpaProject/venv/lib/python3.10/site-packages/airflow/example_dags/example_branch_operator.py
[2025-06-12T11:22:33.759+0200] {processor.py:208} INFO - Processing /Users/gordanaristova/MyProjects/MyRpaProject/venv/lib/python3.10/site-packages/airflow/example_dags/example_branch_operator.py took 0.033 seconds
[2025-06-12T11:41:49.735+0200] {processor.py:186} INFO - Started process (PID=10455) to work on /Users/gordanaristova/MyProjects/MyRpaProject/venv/lib/python3.10/site-packages/airflow/example_dags/example_branch_operator.py
[2025-06-12T11:41:49.736+0200] {processor.py:914} INFO - Processing file /Users/gordanaristova/MyProjects/MyRpaProject/venv/lib/python3.10/site-packages/airflow/example_dags/example_branch_operator.py for tasks to queue
[2025-06-12T11:41:49.736+0200] {logging_mixin.py:190} INFO - [2025-06-12T11:41:49.736+0200] {dagbag.py:588} INFO - Filling up the DagBag from /Users/gordanaristova/MyProjects/MyRpaProject/venv/lib/python3.10/site-packages/airflow/example_dags/example_branch_operator.py
[2025-06-12T11:41:49.743+0200] {processor.py:927} WARNING - No viable dags retrieved from /Users/gordanaristova/MyProjects/MyRpaProject/venv/lib/python3.10/site-packages/airflow/example_dags/example_branch_operator.py
[2025-06-12T11:41:49.767+0200] {processor.py:208} INFO - Processing /Users/gordanaristova/MyProjects/MyRpaProject/venv/lib/python3.10/site-packages/airflow/example_dags/example_branch_operator.py took 0.032 seconds
[2025-06-12T11:50:39.579+0200] {processor.py:186} INFO - Started process (PID=10677) to work on /Users/gordanaristova/MyProjects/MyRpaProject/venv/lib/python3.10/site-packages/airflow/example_dags/example_branch_operator.py
[2025-06-12T11:50:39.580+0200] {processor.py:914} INFO - Processing file /Users/gordanaristova/MyProjects/MyRpaProject/venv/lib/python3.10/site-packages/airflow/example_dags/example_branch_operator.py for tasks to queue
[2025-06-12T11:50:39.581+0200] {logging_mixin.py:190} INFO - [2025-06-12T11:50:39.581+0200] {dagbag.py:588} INFO - Filling up the DagBag from /Users/gordanaristova/MyProjects/MyRpaProject/venv/lib/python3.10/site-packages/airflow/example_dags/example_branch_operator.py
[2025-06-12T11:50:39.587+0200] {processor.py:927} WARNING - No viable dags retrieved from /Users/gordanaristova/MyProjects/MyRpaProject/venv/lib/python3.10/site-packages/airflow/example_dags/example_branch_operator.py
[2025-06-12T11:50:39.611+0200] {processor.py:208} INFO - Processing /Users/gordanaristova/MyProjects/MyRpaProject/venv/lib/python3.10/site-packages/airflow/example_dags/example_branch_operator.py took 0.033 seconds
[2025-06-12T11:52:26.963+0200] {processor.py:186} INFO - Started process (PID=10800) to work on /Users/gordanaristova/MyProjects/MyRpaProject/venv/lib/python3.10/site-packages/airflow/example_dags/example_branch_operator.py
[2025-06-12T11:52:26.965+0200] {processor.py:914} INFO - Processing file /Users/gordanaristova/MyProjects/MyRpaProject/venv/lib/python3.10/site-packages/airflow/example_dags/example_branch_operator.py for tasks to queue
[2025-06-12T11:52:26.965+0200] {logging_mixin.py:190} INFO - [2025-06-12T11:52:26.965+0200] {dagbag.py:588} INFO - Filling up the DagBag from /Users/gordanaristova/MyProjects/MyRpaProject/venv/lib/python3.10/site-packages/airflow/example_dags/example_branch_operator.py
[2025-06-12T11:52:26.971+0200] {processor.py:927} WARNING - No viable dags retrieved from /Users/gordanaristova/MyProjects/MyRpaProject/venv/lib/python3.10/site-packages/airflow/example_dags/example_branch_operator.py
[2025-06-12T11:52:26.996+0200] {processor.py:208} INFO - Processing /Users/gordanaristova/MyProjects/MyRpaProject/venv/lib/python3.10/site-packages/airflow/example_dags/example_branch_operator.py took 0.033 seconds
[2025-06-12T11:54:16.250+0200] {processor.py:186} INFO - Started process (PID=10883) to work on /Users/gordanaristova/MyProjects/MyRpaProject/venv/lib/python3.10/site-packages/airflow/example_dags/example_branch_operator.py
[2025-06-12T11:54:16.251+0200] {processor.py:914} INFO - Processing file /Users/gordanaristova/MyProjects/MyRpaProject/venv/lib/python3.10/site-packages/airflow/example_dags/example_branch_operator.py for tasks to queue
[2025-06-12T11:54:16.251+0200] {logging_mixin.py:190} INFO - [2025-06-12T11:54:16.251+0200] {dagbag.py:588} INFO - Filling up the DagBag from /Users/gordanaristova/MyProjects/MyRpaProject/venv/lib/python3.10/site-packages/airflow/example_dags/example_branch_operator.py
[2025-06-12T11:54:16.258+0200] {processor.py:927} WARNING - No viable dags retrieved from /Users/gordanaristova/MyProjects/MyRpaProject/venv/lib/python3.10/site-packages/airflow/example_dags/example_branch_operator.py
[2025-06-12T11:54:16.283+0200] {processor.py:208} INFO - Processing /Users/gordanaristova/MyProjects/MyRpaProject/venv/lib/python3.10/site-packages/airflow/example_dags/example_branch_operator.py took 0.034 seconds
[2025-06-12T11:56:04.014+0200] {processor.py:186} INFO - Started process (PID=10992) to work on /Users/gordanaristova/MyProjects/MyRpaProject/venv/lib/python3.10/site-packages/airflow/example_dags/example_branch_operator.py
[2025-06-12T11:56:04.015+0200] {processor.py:914} INFO - Processing file /Users/gordanaristova/MyProjects/MyRpaProject/venv/lib/python3.10/site-packages/airflow/example_dags/example_branch_operator.py for tasks to queue
[2025-06-12T11:56:04.015+0200] {logging_mixin.py:190} INFO - [2025-06-12T11:56:04.015+0200] {dagbag.py:588} INFO - Filling up the DagBag from /Users/gordanaristova/MyProjects/MyRpaProject/venv/lib/python3.10/site-packages/airflow/example_dags/example_branch_operator.py
[2025-06-12T11:56:04.022+0200] {processor.py:927} WARNING - No viable dags retrieved from /Users/gordanaristova/MyProjects/MyRpaProject/venv/lib/python3.10/site-packages/airflow/example_dags/example_branch_operator.py
[2025-06-12T11:56:04.048+0200] {processor.py:208} INFO - Processing /Users/gordanaristova/MyProjects/MyRpaProject/venv/lib/python3.10/site-packages/airflow/example_dags/example_branch_operator.py took 0.035 seconds
[2025-06-12T13:15:28.178+0200] {processor.py:186} INFO - Started process (PID=13049) to work on /Users/gordanaristova/MyProjects/MyRpaProject/venv/lib/python3.10/site-packages/airflow/example_dags/example_branch_operator.py
[2025-06-12T13:15:28.179+0200] {processor.py:914} INFO - Processing file /Users/gordanaristova/MyProjects/MyRpaProject/venv/lib/python3.10/site-packages/airflow/example_dags/example_branch_operator.py for tasks to queue
[2025-06-12T13:15:28.180+0200] {logging_mixin.py:190} INFO - [2025-06-12T13:15:28.180+0200] {dagbag.py:588} INFO - Filling up the DagBag from /Users/gordanaristova/MyProjects/MyRpaProject/venv/lib/python3.10/site-packages/airflow/example_dags/example_branch_operator.py
[2025-06-12T13:15:28.186+0200] {processor.py:927} WARNING - No viable dags retrieved from /Users/gordanaristova/MyProjects/MyRpaProject/venv/lib/python3.10/site-packages/airflow/example_dags/example_branch_operator.py
[2025-06-12T13:15:28.212+0200] {processor.py:208} INFO - Processing /Users/gordanaristova/MyProjects/MyRpaProject/venv/lib/python3.10/site-packages/airflow/example_dags/example_branch_operator.py took 0.035 seconds
[2025-06-12T18:43:11.524+0200] {processor.py:186} INFO - Started process (PID=15709) to work on /Users/gordanaristova/MyProjects/MyRpaProject/venv/lib/python3.10/site-packages/airflow/example_dags/example_branch_operator.py
[2025-06-12T18:43:11.524+0200] {processor.py:914} INFO - Processing file /Users/gordanaristova/MyProjects/MyRpaProject/venv/lib/python3.10/site-packages/airflow/example_dags/example_branch_operator.py for tasks to queue
[2025-06-12T18:43:11.525+0200] {logging_mixin.py:190} INFO - [2025-06-12T18:43:11.525+0200] {dagbag.py:588} INFO - Filling up the DagBag from /Users/gordanaristova/MyProjects/MyRpaProject/venv/lib/python3.10/site-packages/airflow/example_dags/example_branch_operator.py
[2025-06-12T18:43:11.532+0200] {processor.py:927} WARNING - No viable dags retrieved from /Users/gordanaristova/MyProjects/MyRpaProject/venv/lib/python3.10/site-packages/airflow/example_dags/example_branch_operator.py
[2025-06-12T18:43:11.558+0200] {processor.py:208} INFO - Processing /Users/gordanaristova/MyProjects/MyRpaProject/venv/lib/python3.10/site-packages/airflow/example_dags/example_branch_operator.py took 0.035 seconds
[2025-06-12T19:11:50.417+0200] {processor.py:186} INFO - Started process (PID=16500) to work on /Users/gordanaristova/MyProjects/MyRpaProject/venv/lib/python3.10/site-packages/airflow/example_dags/example_branch_operator.py
[2025-06-12T19:11:50.419+0200] {processor.py:914} INFO - Processing file /Users/gordanaristova/MyProjects/MyRpaProject/venv/lib/python3.10/site-packages/airflow/example_dags/example_branch_operator.py for tasks to queue
[2025-06-12T19:11:50.419+0200] {logging_mixin.py:190} INFO - [2025-06-12T19:11:50.419+0200] {dagbag.py:588} INFO - Filling up the DagBag from /Users/gordanaristova/MyProjects/MyRpaProject/venv/lib/python3.10/site-packages/airflow/example_dags/example_branch_operator.py
[2025-06-12T19:11:50.426+0200] {processor.py:927} WARNING - No viable dags retrieved from /Users/gordanaristova/MyProjects/MyRpaProject/venv/lib/python3.10/site-packages/airflow/example_dags/example_branch_operator.py
[2025-06-12T19:11:50.452+0200] {processor.py:208} INFO - Processing /Users/gordanaristova/MyProjects/MyRpaProject/venv/lib/python3.10/site-packages/airflow/example_dags/example_branch_operator.py took 0.036 seconds
