[2025-06-12T10:37:27.848+0200] {processor.py:186} INFO - Started process (PID=8464) to work on /Users/gordanaristova/MyProjects/MyRpaProject/venv/lib/python3.10/site-packages/airflow/example_dags/example_complex.py
[2025-06-12T10:37:27.849+0200] {processor.py:914} INFO - Processing file /Users/gordanaristova/MyProjects/MyRpaProject/venv/lib/python3.10/site-packages/airflow/example_dags/example_complex.py for tasks to queue
[2025-06-12T10:37:27.849+0200] {logging_mixin.py:190} INFO - [2025-06-12T10:37:27.849+0200] {dagbag.py:588} INFO - Filling up the DagBag from /Users/gordanaristova/MyProjects/MyRpaProject/venv/lib/python3.10/site-packages/airflow/example_dags/example_complex.py
[2025-06-12T10:37:27.853+0200] {processor.py:925} INFO - DAG(s) 'example_complex' retrieved from /Users/gordanaristova/MyProjects/MyRpaProject/venv/lib/python3.10/site-packages/airflow/example_dags/example_complex.py
[2025-06-12T10:37:27.909+0200] {logging_mixin.py:190} INFO - [2025-06-12T10:37:27.909+0200] {override.py:1900} INFO - Created Permission View: can edit on DAG:example_complex
[2025-06-12T10:37:27.912+0200] {logging_mixin.py:190} INFO - [2025-06-12T10:37:27.912+0200] {override.py:1900} INFO - Created Permission View: can delete on DAG:example_complex
[2025-06-12T10:37:27.913+0200] {logging_mixin.py:190} INFO - [2025-06-12T10:37:27.913+0200] {override.py:1900} INFO - Created Permission View: can read on DAG:example_complex
[2025-06-12T10:37:27.915+0200] {logging_mixin.py:190} INFO - [2025-06-12T10:37:27.915+0200] {override.py:1900} INFO - Created Permission View: can create on DAG Run:example_complex
[2025-06-12T10:37:27.917+0200] {logging_mixin.py:190} INFO - [2025-06-12T10:37:27.917+0200] {override.py:1900} INFO - Created Permission View: can delete on DAG Run:example_complex
[2025-06-12T10:37:27.918+0200] {logging_mixin.py:190} INFO - [2025-06-12T10:37:27.918+0200] {override.py:1900} INFO - Created Permission View: can read on DAG Run:example_complex
[2025-06-12T10:37:27.919+0200] {logging_mixin.py:190} INFO - [2025-06-12T10:37:27.919+0200] {override.py:1900} INFO - Created Permission View: menu access on DAG Run:example_complex
[2025-06-12T10:37:27.919+0200] {logging_mixin.py:190} INFO - [2025-06-12T10:37:27.919+0200] {dag.py:3239} INFO - Sync 1 DAGs
[2025-06-12T10:37:27.923+0200] {logging_mixin.py:190} INFO - [2025-06-12T10:37:27.923+0200] {dag.py:3262} INFO - Creating ORM DAG for example_complex
[2025-06-12T10:37:27.923+0200] {logging_mixin.py:190} INFO - [2025-06-12T10:37:27.923+0200] {dag.py:4180} INFO - Setting next_dagrun for example_complex to None, run_after=None
[2025-06-12T10:37:27.927+0200] {processor.py:208} INFO - Processing /Users/gordanaristova/MyProjects/MyRpaProject/venv/lib/python3.10/site-packages/airflow/example_dags/example_complex.py took 0.079 seconds
[2025-06-12T10:39:15.898+0200] {processor.py:186} INFO - Started process (PID=8554) to work on /Users/gordanaristova/MyProjects/MyRpaProject/venv/lib/python3.10/site-packages/airflow/example_dags/example_complex.py
[2025-06-12T10:39:15.899+0200] {processor.py:914} INFO - Processing file /Users/gordanaristova/MyProjects/MyRpaProject/venv/lib/python3.10/site-packages/airflow/example_dags/example_complex.py for tasks to queue
[2025-06-12T10:39:15.900+0200] {logging_mixin.py:190} INFO - [2025-06-12T10:39:15.900+0200] {dagbag.py:588} INFO - Filling up the DagBag from /Users/gordanaristova/MyProjects/MyRpaProject/venv/lib/python3.10/site-packages/airflow/example_dags/example_complex.py
[2025-06-12T10:39:15.903+0200] {processor.py:925} INFO - DAG(s) 'example_complex' retrieved from /Users/gordanaristova/MyProjects/MyRpaProject/venv/lib/python3.10/site-packages/airflow/example_dags/example_complex.py
[2025-06-12T10:39:15.936+0200] {logging_mixin.py:190} INFO - [2025-06-12T10:39:15.936+0200] {dag.py:3239} INFO - Sync 1 DAGs
[2025-06-12T10:39:15.939+0200] {logging_mixin.py:190} INFO - [2025-06-12T10:39:15.939+0200] {dag.py:4180} INFO - Setting next_dagrun for example_complex to None, run_after=None
[2025-06-12T10:39:15.944+0200] {processor.py:208} INFO - Processing /Users/gordanaristova/MyProjects/MyRpaProject/venv/lib/python3.10/site-packages/airflow/example_dags/example_complex.py took 0.046 seconds
[2025-06-12T10:40:58.979+0200] {processor.py:186} INFO - Started process (PID=8641) to work on /Users/gordanaristova/MyProjects/MyRpaProject/venv/lib/python3.10/site-packages/airflow/example_dags/example_complex.py
[2025-06-12T10:40:58.980+0200] {processor.py:914} INFO - Processing file /Users/gordanaristova/MyProjects/MyRpaProject/venv/lib/python3.10/site-packages/airflow/example_dags/example_complex.py for tasks to queue
[2025-06-12T10:40:58.980+0200] {logging_mixin.py:190} INFO - [2025-06-12T10:40:58.980+0200] {dagbag.py:588} INFO - Filling up the DagBag from /Users/gordanaristova/MyProjects/MyRpaProject/venv/lib/python3.10/site-packages/airflow/example_dags/example_complex.py
[2025-06-12T10:40:58.984+0200] {processor.py:925} INFO - DAG(s) 'example_complex' retrieved from /Users/gordanaristova/MyProjects/MyRpaProject/venv/lib/python3.10/site-packages/airflow/example_dags/example_complex.py
[2025-06-12T10:40:59.016+0200] {logging_mixin.py:190} INFO - [2025-06-12T10:40:59.016+0200] {dag.py:3239} INFO - Sync 1 DAGs
[2025-06-12T10:40:59.019+0200] {logging_mixin.py:190} INFO - [2025-06-12T10:40:59.019+0200] {dag.py:4180} INFO - Setting next_dagrun for example_complex to None, run_after=None
[2025-06-12T10:40:59.024+0200] {processor.py:208} INFO - Processing /Users/gordanaristova/MyProjects/MyRpaProject/venv/lib/python3.10/site-packages/airflow/example_dags/example_complex.py took 0.045 seconds
[2025-06-12T10:42:46.623+0200] {processor.py:186} INFO - Started process (PID=8725) to work on /Users/gordanaristova/MyProjects/MyRpaProject/venv/lib/python3.10/site-packages/airflow/example_dags/example_complex.py
[2025-06-12T10:42:46.623+0200] {processor.py:914} INFO - Processing file /Users/gordanaristova/MyProjects/MyRpaProject/venv/lib/python3.10/site-packages/airflow/example_dags/example_complex.py for tasks to queue
[2025-06-12T10:42:46.624+0200] {logging_mixin.py:190} INFO - [2025-06-12T10:42:46.624+0200] {dagbag.py:588} INFO - Filling up the DagBag from /Users/gordanaristova/MyProjects/MyRpaProject/venv/lib/python3.10/site-packages/airflow/example_dags/example_complex.py
[2025-06-12T10:42:46.627+0200] {processor.py:925} INFO - DAG(s) 'example_complex' retrieved from /Users/gordanaristova/MyProjects/MyRpaProject/venv/lib/python3.10/site-packages/airflow/example_dags/example_complex.py
[2025-06-12T10:42:46.659+0200] {logging_mixin.py:190} INFO - [2025-06-12T10:42:46.659+0200] {dag.py:3239} INFO - Sync 1 DAGs
[2025-06-12T10:42:46.662+0200] {logging_mixin.py:190} INFO - [2025-06-12T10:42:46.662+0200] {dag.py:4180} INFO - Setting next_dagrun for example_complex to None, run_after=None
[2025-06-12T10:42:46.667+0200] {processor.py:208} INFO - Processing /Users/gordanaristova/MyProjects/MyRpaProject/venv/lib/python3.10/site-packages/airflow/example_dags/example_complex.py took 0.044 seconds
[2025-06-12T10:44:32.516+0200] {processor.py:186} INFO - Started process (PID=8879) to work on /Users/gordanaristova/MyProjects/MyRpaProject/venv/lib/python3.10/site-packages/airflow/example_dags/example_complex.py
[2025-06-12T10:44:32.517+0200] {processor.py:914} INFO - Processing file /Users/gordanaristova/MyProjects/MyRpaProject/venv/lib/python3.10/site-packages/airflow/example_dags/example_complex.py for tasks to queue
[2025-06-12T10:44:32.517+0200] {logging_mixin.py:190} INFO - [2025-06-12T10:44:32.517+0200] {dagbag.py:588} INFO - Filling up the DagBag from /Users/gordanaristova/MyProjects/MyRpaProject/venv/lib/python3.10/site-packages/airflow/example_dags/example_complex.py
[2025-06-12T10:44:32.521+0200] {processor.py:925} INFO - DAG(s) 'example_complex' retrieved from /Users/gordanaristova/MyProjects/MyRpaProject/venv/lib/python3.10/site-packages/airflow/example_dags/example_complex.py
[2025-06-12T10:44:32.554+0200] {logging_mixin.py:190} INFO - [2025-06-12T10:44:32.554+0200] {dag.py:3239} INFO - Sync 1 DAGs
[2025-06-12T10:44:32.557+0200] {logging_mixin.py:190} INFO - [2025-06-12T10:44:32.557+0200] {dag.py:4180} INFO - Setting next_dagrun for example_complex to None, run_after=None
[2025-06-12T10:44:32.562+0200] {processor.py:208} INFO - Processing /Users/gordanaristova/MyProjects/MyRpaProject/venv/lib/python3.10/site-packages/airflow/example_dags/example_complex.py took 0.046 seconds
[2025-06-12T10:46:18.218+0200] {processor.py:186} INFO - Started process (PID=8973) to work on /Users/gordanaristova/MyProjects/MyRpaProject/venv/lib/python3.10/site-packages/airflow/example_dags/example_complex.py
[2025-06-12T10:46:18.218+0200] {processor.py:914} INFO - Processing file /Users/gordanaristova/MyProjects/MyRpaProject/venv/lib/python3.10/site-packages/airflow/example_dags/example_complex.py for tasks to queue
[2025-06-12T10:46:18.219+0200] {logging_mixin.py:190} INFO - [2025-06-12T10:46:18.219+0200] {dagbag.py:588} INFO - Filling up the DagBag from /Users/gordanaristova/MyProjects/MyRpaProject/venv/lib/python3.10/site-packages/airflow/example_dags/example_complex.py
[2025-06-12T10:46:18.222+0200] {processor.py:925} INFO - DAG(s) 'example_complex' retrieved from /Users/gordanaristova/MyProjects/MyRpaProject/venv/lib/python3.10/site-packages/airflow/example_dags/example_complex.py
[2025-06-12T10:46:18.256+0200] {logging_mixin.py:190} INFO - [2025-06-12T10:46:18.256+0200] {dag.py:3239} INFO - Sync 1 DAGs
[2025-06-12T10:46:18.260+0200] {logging_mixin.py:190} INFO - [2025-06-12T10:46:18.260+0200] {dag.py:4180} INFO - Setting next_dagrun for example_complex to None, run_after=None
[2025-06-12T10:46:18.265+0200] {processor.py:208} INFO - Processing /Users/gordanaristova/MyProjects/MyRpaProject/venv/lib/python3.10/site-packages/airflow/example_dags/example_complex.py took 0.048 seconds
[2025-06-12T10:48:11.634+0200] {processor.py:186} INFO - Started process (PID=9116) to work on /Users/gordanaristova/MyProjects/MyRpaProject/venv/lib/python3.10/site-packages/airflow/example_dags/example_complex.py
[2025-06-12T10:48:11.635+0200] {processor.py:914} INFO - Processing file /Users/gordanaristova/MyProjects/MyRpaProject/venv/lib/python3.10/site-packages/airflow/example_dags/example_complex.py for tasks to queue
[2025-06-12T10:48:11.635+0200] {logging_mixin.py:190} INFO - [2025-06-12T10:48:11.635+0200] {dagbag.py:588} INFO - Filling up the DagBag from /Users/gordanaristova/MyProjects/MyRpaProject/venv/lib/python3.10/site-packages/airflow/example_dags/example_complex.py
[2025-06-12T10:48:11.639+0200] {processor.py:925} INFO - DAG(s) 'example_complex' retrieved from /Users/gordanaristova/MyProjects/MyRpaProject/venv/lib/python3.10/site-packages/airflow/example_dags/example_complex.py
[2025-06-12T10:48:11.671+0200] {logging_mixin.py:190} INFO - [2025-06-12T10:48:11.671+0200] {dag.py:3239} INFO - Sync 1 DAGs
[2025-06-12T10:48:11.674+0200] {logging_mixin.py:190} INFO - [2025-06-12T10:48:11.674+0200] {dag.py:4180} INFO - Setting next_dagrun for example_complex to None, run_after=None
[2025-06-12T10:48:11.679+0200] {processor.py:208} INFO - Processing /Users/gordanaristova/MyProjects/MyRpaProject/venv/lib/python3.10/site-packages/airflow/example_dags/example_complex.py took 0.046 seconds
[2025-06-12T10:49:58.403+0200] {processor.py:186} INFO - Started process (PID=9237) to work on /Users/gordanaristova/MyProjects/MyRpaProject/venv/lib/python3.10/site-packages/airflow/example_dags/example_complex.py
[2025-06-12T10:49:58.404+0200] {processor.py:914} INFO - Processing file /Users/gordanaristova/MyProjects/MyRpaProject/venv/lib/python3.10/site-packages/airflow/example_dags/example_complex.py for tasks to queue
[2025-06-12T10:49:58.404+0200] {logging_mixin.py:190} INFO - [2025-06-12T10:49:58.404+0200] {dagbag.py:588} INFO - Filling up the DagBag from /Users/gordanaristova/MyProjects/MyRpaProject/venv/lib/python3.10/site-packages/airflow/example_dags/example_complex.py
[2025-06-12T10:49:58.408+0200] {processor.py:925} INFO - DAG(s) 'example_complex' retrieved from /Users/gordanaristova/MyProjects/MyRpaProject/venv/lib/python3.10/site-packages/airflow/example_dags/example_complex.py
[2025-06-12T10:49:58.439+0200] {logging_mixin.py:190} INFO - [2025-06-12T10:49:58.439+0200] {dag.py:3239} INFO - Sync 1 DAGs
[2025-06-12T10:49:58.443+0200] {logging_mixin.py:190} INFO - [2025-06-12T10:49:58.443+0200] {dag.py:4180} INFO - Setting next_dagrun for example_complex to None, run_after=None
[2025-06-12T10:49:58.447+0200] {processor.py:208} INFO - Processing /Users/gordanaristova/MyProjects/MyRpaProject/venv/lib/python3.10/site-packages/airflow/example_dags/example_complex.py took 0.045 seconds
[2025-06-12T10:57:38.620+0200] {processor.py:186} INFO - Started process (PID=9476) to work on /Users/gordanaristova/MyProjects/MyRpaProject/venv/lib/python3.10/site-packages/airflow/example_dags/example_complex.py
[2025-06-12T10:57:38.620+0200] {processor.py:914} INFO - Processing file /Users/gordanaristova/MyProjects/MyRpaProject/venv/lib/python3.10/site-packages/airflow/example_dags/example_complex.py for tasks to queue
[2025-06-12T10:57:38.621+0200] {logging_mixin.py:190} INFO - [2025-06-12T10:57:38.621+0200] {dagbag.py:588} INFO - Filling up the DagBag from /Users/gordanaristova/MyProjects/MyRpaProject/venv/lib/python3.10/site-packages/airflow/example_dags/example_complex.py
[2025-06-12T10:57:38.624+0200] {processor.py:925} INFO - DAG(s) 'example_complex' retrieved from /Users/gordanaristova/MyProjects/MyRpaProject/venv/lib/python3.10/site-packages/airflow/example_dags/example_complex.py
[2025-06-12T10:57:38.656+0200] {logging_mixin.py:190} INFO - [2025-06-12T10:57:38.656+0200] {dag.py:3239} INFO - Sync 1 DAGs
[2025-06-12T10:57:38.660+0200] {logging_mixin.py:190} INFO - [2025-06-12T10:57:38.660+0200] {dag.py:4180} INFO - Setting next_dagrun for example_complex to None, run_after=None
[2025-06-12T10:57:38.665+0200] {processor.py:208} INFO - Processing /Users/gordanaristova/MyProjects/MyRpaProject/venv/lib/python3.10/site-packages/airflow/example_dags/example_complex.py took 0.046 seconds
[2025-06-12T11:12:24.119+0200] {processor.py:186} INFO - Started process (PID=9794) to work on /Users/gordanaristova/MyProjects/MyRpaProject/venv/lib/python3.10/site-packages/airflow/example_dags/example_complex.py
[2025-06-12T11:12:24.120+0200] {processor.py:914} INFO - Processing file /Users/gordanaristova/MyProjects/MyRpaProject/venv/lib/python3.10/site-packages/airflow/example_dags/example_complex.py for tasks to queue
[2025-06-12T11:12:24.120+0200] {logging_mixin.py:190} INFO - [2025-06-12T11:12:24.120+0200] {dagbag.py:588} INFO - Filling up the DagBag from /Users/gordanaristova/MyProjects/MyRpaProject/venv/lib/python3.10/site-packages/airflow/example_dags/example_complex.py
[2025-06-12T11:12:24.124+0200] {processor.py:925} INFO - DAG(s) 'example_complex' retrieved from /Users/gordanaristova/MyProjects/MyRpaProject/venv/lib/python3.10/site-packages/airflow/example_dags/example_complex.py
[2025-06-12T11:12:24.156+0200] {logging_mixin.py:190} INFO - [2025-06-12T11:12:24.156+0200] {dag.py:3239} INFO - Sync 1 DAGs
[2025-06-12T11:12:24.160+0200] {logging_mixin.py:190} INFO - [2025-06-12T11:12:24.159+0200] {dag.py:4180} INFO - Setting next_dagrun for example_complex to None, run_after=None
[2025-06-12T11:12:24.164+0200] {processor.py:208} INFO - Processing /Users/gordanaristova/MyProjects/MyRpaProject/venv/lib/python3.10/site-packages/airflow/example_dags/example_complex.py took 0.046 seconds
[2025-06-12T11:22:29.739+0200] {processor.py:186} INFO - Started process (PID=10084) to work on /Users/gordanaristova/MyProjects/MyRpaProject/venv/lib/python3.10/site-packages/airflow/example_dags/example_complex.py
[2025-06-12T11:22:29.740+0200] {processor.py:914} INFO - Processing file /Users/gordanaristova/MyProjects/MyRpaProject/venv/lib/python3.10/site-packages/airflow/example_dags/example_complex.py for tasks to queue
[2025-06-12T11:22:29.740+0200] {logging_mixin.py:190} INFO - [2025-06-12T11:22:29.740+0200] {dagbag.py:588} INFO - Filling up the DagBag from /Users/gordanaristova/MyProjects/MyRpaProject/venv/lib/python3.10/site-packages/airflow/example_dags/example_complex.py
[2025-06-12T11:22:29.744+0200] {processor.py:925} INFO - DAG(s) 'example_complex' retrieved from /Users/gordanaristova/MyProjects/MyRpaProject/venv/lib/python3.10/site-packages/airflow/example_dags/example_complex.py
[2025-06-12T11:22:29.775+0200] {logging_mixin.py:190} INFO - [2025-06-12T11:22:29.775+0200] {dag.py:3239} INFO - Sync 1 DAGs
[2025-06-12T11:22:29.778+0200] {logging_mixin.py:190} INFO - [2025-06-12T11:22:29.778+0200] {dag.py:4180} INFO - Setting next_dagrun for example_complex to None, run_after=None
[2025-06-12T11:22:29.783+0200] {processor.py:208} INFO - Processing /Users/gordanaristova/MyProjects/MyRpaProject/venv/lib/python3.10/site-packages/airflow/example_dags/example_complex.py took 0.045 seconds
[2025-06-12T11:41:45.708+0200] {processor.py:186} INFO - Started process (PID=10452) to work on /Users/gordanaristova/MyProjects/MyRpaProject/venv/lib/python3.10/site-packages/airflow/example_dags/example_complex.py
[2025-06-12T11:41:45.709+0200] {processor.py:914} INFO - Processing file /Users/gordanaristova/MyProjects/MyRpaProject/venv/lib/python3.10/site-packages/airflow/example_dags/example_complex.py for tasks to queue
[2025-06-12T11:41:45.709+0200] {logging_mixin.py:190} INFO - [2025-06-12T11:41:45.709+0200] {dagbag.py:588} INFO - Filling up the DagBag from /Users/gordanaristova/MyProjects/MyRpaProject/venv/lib/python3.10/site-packages/airflow/example_dags/example_complex.py
[2025-06-12T11:41:45.713+0200] {processor.py:925} INFO - DAG(s) 'example_complex' retrieved from /Users/gordanaristova/MyProjects/MyRpaProject/venv/lib/python3.10/site-packages/airflow/example_dags/example_complex.py
[2025-06-12T11:41:45.745+0200] {logging_mixin.py:190} INFO - [2025-06-12T11:41:45.745+0200] {dag.py:3239} INFO - Sync 1 DAGs
[2025-06-12T11:41:45.748+0200] {logging_mixin.py:190} INFO - [2025-06-12T11:41:45.748+0200] {dag.py:4180} INFO - Setting next_dagrun for example_complex to None, run_after=None
[2025-06-12T11:41:45.753+0200] {processor.py:208} INFO - Processing /Users/gordanaristova/MyProjects/MyRpaProject/venv/lib/python3.10/site-packages/airflow/example_dags/example_complex.py took 0.046 seconds
[2025-06-12T11:50:34.711+0200] {processor.py:186} INFO - Started process (PID=10674) to work on /Users/gordanaristova/MyProjects/MyRpaProject/venv/lib/python3.10/site-packages/airflow/example_dags/example_complex.py
[2025-06-12T11:50:34.712+0200] {processor.py:914} INFO - Processing file /Users/gordanaristova/MyProjects/MyRpaProject/venv/lib/python3.10/site-packages/airflow/example_dags/example_complex.py for tasks to queue
[2025-06-12T11:50:34.712+0200] {logging_mixin.py:190} INFO - [2025-06-12T11:50:34.712+0200] {dagbag.py:588} INFO - Filling up the DagBag from /Users/gordanaristova/MyProjects/MyRpaProject/venv/lib/python3.10/site-packages/airflow/example_dags/example_complex.py
[2025-06-12T11:50:34.716+0200] {processor.py:925} INFO - DAG(s) 'example_complex' retrieved from /Users/gordanaristova/MyProjects/MyRpaProject/venv/lib/python3.10/site-packages/airflow/example_dags/example_complex.py
[2025-06-12T11:50:34.747+0200] {logging_mixin.py:190} INFO - [2025-06-12T11:50:34.747+0200] {dag.py:3239} INFO - Sync 1 DAGs
[2025-06-12T11:50:34.751+0200] {logging_mixin.py:190} INFO - [2025-06-12T11:50:34.751+0200] {dag.py:4180} INFO - Setting next_dagrun for example_complex to None, run_after=None
[2025-06-12T11:50:34.755+0200] {processor.py:208} INFO - Processing /Users/gordanaristova/MyProjects/MyRpaProject/venv/lib/python3.10/site-packages/airflow/example_dags/example_complex.py took 0.045 seconds
[2025-06-12T11:52:22.784+0200] {processor.py:186} INFO - Started process (PID=10797) to work on /Users/gordanaristova/MyProjects/MyRpaProject/venv/lib/python3.10/site-packages/airflow/example_dags/example_complex.py
[2025-06-12T11:52:22.785+0200] {processor.py:914} INFO - Processing file /Users/gordanaristova/MyProjects/MyRpaProject/venv/lib/python3.10/site-packages/airflow/example_dags/example_complex.py for tasks to queue
[2025-06-12T11:52:22.786+0200] {logging_mixin.py:190} INFO - [2025-06-12T11:52:22.786+0200] {dagbag.py:588} INFO - Filling up the DagBag from /Users/gordanaristova/MyProjects/MyRpaProject/venv/lib/python3.10/site-packages/airflow/example_dags/example_complex.py
[2025-06-12T11:52:22.789+0200] {processor.py:925} INFO - DAG(s) 'example_complex' retrieved from /Users/gordanaristova/MyProjects/MyRpaProject/venv/lib/python3.10/site-packages/airflow/example_dags/example_complex.py
[2025-06-12T11:52:22.822+0200] {logging_mixin.py:190} INFO - [2025-06-12T11:52:22.822+0200] {dag.py:3239} INFO - Sync 1 DAGs
[2025-06-12T11:52:22.826+0200] {logging_mixin.py:190} INFO - [2025-06-12T11:52:22.826+0200] {dag.py:4180} INFO - Setting next_dagrun for example_complex to None, run_after=None
[2025-06-12T11:52:22.830+0200] {processor.py:208} INFO - Processing /Users/gordanaristova/MyProjects/MyRpaProject/venv/lib/python3.10/site-packages/airflow/example_dags/example_complex.py took 0.047 seconds
[2025-06-12T11:54:12.386+0200] {processor.py:186} INFO - Started process (PID=10880) to work on /Users/gordanaristova/MyProjects/MyRpaProject/venv/lib/python3.10/site-packages/airflow/example_dags/example_complex.py
[2025-06-12T11:54:12.387+0200] {processor.py:914} INFO - Processing file /Users/gordanaristova/MyProjects/MyRpaProject/venv/lib/python3.10/site-packages/airflow/example_dags/example_complex.py for tasks to queue
[2025-06-12T11:54:12.387+0200] {logging_mixin.py:190} INFO - [2025-06-12T11:54:12.387+0200] {dagbag.py:588} INFO - Filling up the DagBag from /Users/gordanaristova/MyProjects/MyRpaProject/venv/lib/python3.10/site-packages/airflow/example_dags/example_complex.py
[2025-06-12T11:54:12.391+0200] {processor.py:925} INFO - DAG(s) 'example_complex' retrieved from /Users/gordanaristova/MyProjects/MyRpaProject/venv/lib/python3.10/site-packages/airflow/example_dags/example_complex.py
[2025-06-12T11:54:12.423+0200] {logging_mixin.py:190} INFO - [2025-06-12T11:54:12.423+0200] {dag.py:3239} INFO - Sync 1 DAGs
[2025-06-12T11:54:12.427+0200] {logging_mixin.py:190} INFO - [2025-06-12T11:54:12.427+0200] {dag.py:4180} INFO - Setting next_dagrun for example_complex to None, run_after=None
[2025-06-12T11:54:12.431+0200] {processor.py:208} INFO - Processing /Users/gordanaristova/MyProjects/MyRpaProject/venv/lib/python3.10/site-packages/airflow/example_dags/example_complex.py took 0.046 seconds
[2025-06-12T11:55:59.115+0200] {processor.py:186} INFO - Started process (PID=10989) to work on /Users/gordanaristova/MyProjects/MyRpaProject/venv/lib/python3.10/site-packages/airflow/example_dags/example_complex.py
[2025-06-12T11:55:59.116+0200] {processor.py:914} INFO - Processing file /Users/gordanaristova/MyProjects/MyRpaProject/venv/lib/python3.10/site-packages/airflow/example_dags/example_complex.py for tasks to queue
[2025-06-12T11:55:59.116+0200] {logging_mixin.py:190} INFO - [2025-06-12T11:55:59.116+0200] {dagbag.py:588} INFO - Filling up the DagBag from /Users/gordanaristova/MyProjects/MyRpaProject/venv/lib/python3.10/site-packages/airflow/example_dags/example_complex.py
[2025-06-12T11:55:59.120+0200] {processor.py:925} INFO - DAG(s) 'example_complex' retrieved from /Users/gordanaristova/MyProjects/MyRpaProject/venv/lib/python3.10/site-packages/airflow/example_dags/example_complex.py
[2025-06-12T11:55:59.153+0200] {logging_mixin.py:190} INFO - [2025-06-12T11:55:59.153+0200] {dag.py:3239} INFO - Sync 1 DAGs
[2025-06-12T11:55:59.156+0200] {logging_mixin.py:190} INFO - [2025-06-12T11:55:59.156+0200] {dag.py:4180} INFO - Setting next_dagrun for example_complex to None, run_after=None
[2025-06-12T11:55:59.161+0200] {processor.py:208} INFO - Processing /Users/gordanaristova/MyProjects/MyRpaProject/venv/lib/python3.10/site-packages/airflow/example_dags/example_complex.py took 0.047 seconds
[2025-06-12T13:15:23.032+0200] {processor.py:186} INFO - Started process (PID=13044) to work on /Users/gordanaristova/MyProjects/MyRpaProject/venv/lib/python3.10/site-packages/airflow/example_dags/example_complex.py
[2025-06-12T13:15:23.033+0200] {processor.py:914} INFO - Processing file /Users/gordanaristova/MyProjects/MyRpaProject/venv/lib/python3.10/site-packages/airflow/example_dags/example_complex.py for tasks to queue
[2025-06-12T13:15:23.033+0200] {logging_mixin.py:190} INFO - [2025-06-12T13:15:23.033+0200] {dagbag.py:588} INFO - Filling up the DagBag from /Users/gordanaristova/MyProjects/MyRpaProject/venv/lib/python3.10/site-packages/airflow/example_dags/example_complex.py
[2025-06-12T13:15:23.037+0200] {processor.py:925} INFO - DAG(s) 'example_complex' retrieved from /Users/gordanaristova/MyProjects/MyRpaProject/venv/lib/python3.10/site-packages/airflow/example_dags/example_complex.py
[2025-06-12T13:15:23.071+0200] {logging_mixin.py:190} INFO - [2025-06-12T13:15:23.071+0200] {dag.py:3239} INFO - Sync 1 DAGs
[2025-06-12T13:15:23.074+0200] {logging_mixin.py:190} INFO - [2025-06-12T13:15:23.074+0200] {dag.py:4180} INFO - Setting next_dagrun for example_complex to None, run_after=None
[2025-06-12T13:15:23.079+0200] {processor.py:208} INFO - Processing /Users/gordanaristova/MyProjects/MyRpaProject/venv/lib/python3.10/site-packages/airflow/example_dags/example_complex.py took 0.048 seconds
[2025-06-12T18:43:06.386+0200] {processor.py:186} INFO - Started process (PID=15702) to work on /Users/gordanaristova/MyProjects/MyRpaProject/venv/lib/python3.10/site-packages/airflow/example_dags/example_complex.py
[2025-06-12T18:43:06.387+0200] {processor.py:914} INFO - Processing file /Users/gordanaristova/MyProjects/MyRpaProject/venv/lib/python3.10/site-packages/airflow/example_dags/example_complex.py for tasks to queue
[2025-06-12T18:43:06.387+0200] {logging_mixin.py:190} INFO - [2025-06-12T18:43:06.387+0200] {dagbag.py:588} INFO - Filling up the DagBag from /Users/gordanaristova/MyProjects/MyRpaProject/venv/lib/python3.10/site-packages/airflow/example_dags/example_complex.py
[2025-06-12T18:43:06.391+0200] {processor.py:925} INFO - DAG(s) 'example_complex' retrieved from /Users/gordanaristova/MyProjects/MyRpaProject/venv/lib/python3.10/site-packages/airflow/example_dags/example_complex.py
[2025-06-12T18:43:06.425+0200] {logging_mixin.py:190} INFO - [2025-06-12T18:43:06.425+0200] {dag.py:3239} INFO - Sync 1 DAGs
[2025-06-12T18:43:06.429+0200] {logging_mixin.py:190} INFO - [2025-06-12T18:43:06.428+0200] {dag.py:4180} INFO - Setting next_dagrun for example_complex to None, run_after=None
[2025-06-12T18:43:06.433+0200] {processor.py:208} INFO - Processing /Users/gordanaristova/MyProjects/MyRpaProject/venv/lib/python3.10/site-packages/airflow/example_dags/example_complex.py took 0.048 seconds
[2025-06-12T19:11:46.071+0200] {processor.py:186} INFO - Started process (PID=16494) to work on /Users/gordanaristova/MyProjects/MyRpaProject/venv/lib/python3.10/site-packages/airflow/example_dags/example_complex.py
[2025-06-12T19:11:46.071+0200] {processor.py:914} INFO - Processing file /Users/gordanaristova/MyProjects/MyRpaProject/venv/lib/python3.10/site-packages/airflow/example_dags/example_complex.py for tasks to queue
[2025-06-12T19:11:46.071+0200] {logging_mixin.py:190} INFO - [2025-06-12T19:11:46.071+0200] {dagbag.py:588} INFO - Filling up the DagBag from /Users/gordanaristova/MyProjects/MyRpaProject/venv/lib/python3.10/site-packages/airflow/example_dags/example_complex.py
[2025-06-12T19:11:46.076+0200] {processor.py:925} INFO - DAG(s) 'example_complex' retrieved from /Users/gordanaristova/MyProjects/MyRpaProject/venv/lib/python3.10/site-packages/airflow/example_dags/example_complex.py
[2025-06-12T19:11:46.110+0200] {logging_mixin.py:190} INFO - [2025-06-12T19:11:46.110+0200] {dag.py:3239} INFO - Sync 1 DAGs
[2025-06-12T19:11:46.113+0200] {logging_mixin.py:190} INFO - [2025-06-12T19:11:46.113+0200] {dag.py:4180} INFO - Setting next_dagrun for example_complex to None, run_after=None
[2025-06-12T19:11:46.118+0200] {processor.py:208} INFO - Processing /Users/gordanaristova/MyProjects/MyRpaProject/venv/lib/python3.10/site-packages/airflow/example_dags/example_complex.py took 0.048 seconds
