[2025-06-12T10:36:54.180+0200] {processor.py:186} INFO - Started process (PID=8429) to work on /Users/gordanaristova/MyProjects/MyRpaProject/venv/lib/python3.10/site-packages/airflow/example_dags/example_sensors.py
[2025-06-12T10:36:54.180+0200] {processor.py:914} INFO - Processing file /Users/gordanaristova/MyProjects/MyRpaProject/venv/lib/python3.10/site-packages/airflow/example_dags/example_sensors.py for tasks to queue
[2025-06-12T10:36:54.181+0200] {logging_mixin.py:190} INFO - [2025-06-12T10:36:54.181+0200] {dagbag.py:588} INFO - Filling up the DagBag from /Users/gordanaristova/MyProjects/MyRpaProject/venv/lib/python3.10/site-packages/airflow/example_dags/example_sensors.py
[2025-06-12T10:36:54.185+0200] {processor.py:925} INFO - DAG(s) 'example_sensors' retrieved from /Users/gordanaristova/MyProjects/MyRpaProject/venv/lib/python3.10/site-packages/airflow/example_dags/example_sensors.py
[2025-06-12T10:36:54.386+0200] {logging_mixin.py:190} INFO - [2025-06-12T10:36:54.386+0200] {override.py:1900} INFO - Created Permission View: can delete on DAG:example_sensors
[2025-06-12T10:36:54.388+0200] {logging_mixin.py:190} INFO - [2025-06-12T10:36:54.388+0200] {override.py:1900} INFO - Created Permission View: can read on DAG:example_sensors
[2025-06-12T10:36:54.390+0200] {logging_mixin.py:190} INFO - [2025-06-12T10:36:54.390+0200] {override.py:1900} INFO - Created Permission View: can edit on DAG:example_sensors
[2025-06-12T10:36:54.391+0200] {logging_mixin.py:190} INFO - [2025-06-12T10:36:54.391+0200] {override.py:1900} INFO - Created Permission View: can delete on DAG Run:example_sensors
[2025-06-12T10:36:54.393+0200] {logging_mixin.py:190} INFO - [2025-06-12T10:36:54.393+0200] {override.py:1900} INFO - Created Permission View: menu access on DAG Run:example_sensors
[2025-06-12T10:36:54.394+0200] {logging_mixin.py:190} INFO - [2025-06-12T10:36:54.394+0200] {override.py:1900} INFO - Created Permission View: can read on DAG Run:example_sensors
[2025-06-12T10:36:54.395+0200] {logging_mixin.py:190} INFO - [2025-06-12T10:36:54.395+0200] {override.py:1900} INFO - Created Permission View: can create on DAG Run:example_sensors
[2025-06-12T10:36:54.395+0200] {logging_mixin.py:190} INFO - [2025-06-12T10:36:54.395+0200] {dag.py:3239} INFO - Sync 1 DAGs
[2025-06-12T10:36:54.399+0200] {logging_mixin.py:190} INFO - [2025-06-12T10:36:54.399+0200] {dag.py:3262} INFO - Creating ORM DAG for example_sensors
[2025-06-12T10:36:54.399+0200] {logging_mixin.py:190} INFO - [2025-06-12T10:36:54.399+0200] {dag.py:4180} INFO - Setting next_dagrun for example_sensors to None, run_after=None
[2025-06-12T10:36:54.403+0200] {processor.py:208} INFO - Processing /Users/gordanaristova/MyProjects/MyRpaProject/venv/lib/python3.10/site-packages/airflow/example_dags/example_sensors.py took 0.223 seconds
[2025-06-12T10:38:20.422+0200] {processor.py:186} INFO - Started process (PID=8508) to work on /Users/gordanaristova/MyProjects/MyRpaProject/venv/lib/python3.10/site-packages/airflow/example_dags/example_sensors.py
[2025-06-12T10:38:20.423+0200] {processor.py:914} INFO - Processing file /Users/gordanaristova/MyProjects/MyRpaProject/venv/lib/python3.10/site-packages/airflow/example_dags/example_sensors.py for tasks to queue
[2025-06-12T10:38:20.424+0200] {logging_mixin.py:190} INFO - [2025-06-12T10:38:20.424+0200] {dagbag.py:588} INFO - Filling up the DagBag from /Users/gordanaristova/MyProjects/MyRpaProject/venv/lib/python3.10/site-packages/airflow/example_dags/example_sensors.py
[2025-06-12T10:38:20.429+0200] {processor.py:925} INFO - DAG(s) 'example_sensors' retrieved from /Users/gordanaristova/MyProjects/MyRpaProject/venv/lib/python3.10/site-packages/airflow/example_dags/example_sensors.py
[2025-06-12T10:38:20.620+0200] {logging_mixin.py:190} INFO - [2025-06-12T10:38:20.620+0200] {dag.py:3239} INFO - Sync 1 DAGs
[2025-06-12T10:38:20.623+0200] {logging_mixin.py:190} INFO - [2025-06-12T10:38:20.623+0200] {dag.py:4180} INFO - Setting next_dagrun for example_sensors to None, run_after=None
[2025-06-12T10:38:20.628+0200] {processor.py:208} INFO - Processing /Users/gordanaristova/MyProjects/MyRpaProject/venv/lib/python3.10/site-packages/airflow/example_dags/example_sensors.py took 0.206 seconds
[2025-06-12T10:40:03.729+0200] {processor.py:186} INFO - Started process (PID=8589) to work on /Users/gordanaristova/MyProjects/MyRpaProject/venv/lib/python3.10/site-packages/airflow/example_dags/example_sensors.py
[2025-06-12T10:40:03.730+0200] {processor.py:914} INFO - Processing file /Users/gordanaristova/MyProjects/MyRpaProject/venv/lib/python3.10/site-packages/airflow/example_dags/example_sensors.py for tasks to queue
[2025-06-12T10:40:03.730+0200] {logging_mixin.py:190} INFO - [2025-06-12T10:40:03.730+0200] {dagbag.py:588} INFO - Filling up the DagBag from /Users/gordanaristova/MyProjects/MyRpaProject/venv/lib/python3.10/site-packages/airflow/example_dags/example_sensors.py
[2025-06-12T10:40:03.735+0200] {processor.py:925} INFO - DAG(s) 'example_sensors' retrieved from /Users/gordanaristova/MyProjects/MyRpaProject/venv/lib/python3.10/site-packages/airflow/example_dags/example_sensors.py
[2025-06-12T10:40:03.934+0200] {logging_mixin.py:190} INFO - [2025-06-12T10:40:03.934+0200] {dag.py:3239} INFO - Sync 1 DAGs
[2025-06-12T10:40:03.937+0200] {logging_mixin.py:190} INFO - [2025-06-12T10:40:03.937+0200] {dag.py:4180} INFO - Setting next_dagrun for example_sensors to None, run_after=None
[2025-06-12T10:40:03.942+0200] {processor.py:208} INFO - Processing /Users/gordanaristova/MyProjects/MyRpaProject/venv/lib/python3.10/site-packages/airflow/example_dags/example_sensors.py took 0.214 seconds
[2025-06-12T10:41:48.896+0200] {processor.py:186} INFO - Started process (PID=8680) to work on /Users/gordanaristova/MyProjects/MyRpaProject/venv/lib/python3.10/site-packages/airflow/example_dags/example_sensors.py
[2025-06-12T10:41:48.897+0200] {processor.py:914} INFO - Processing file /Users/gordanaristova/MyProjects/MyRpaProject/venv/lib/python3.10/site-packages/airflow/example_dags/example_sensors.py for tasks to queue
[2025-06-12T10:41:48.898+0200] {logging_mixin.py:190} INFO - [2025-06-12T10:41:48.898+0200] {dagbag.py:588} INFO - Filling up the DagBag from /Users/gordanaristova/MyProjects/MyRpaProject/venv/lib/python3.10/site-packages/airflow/example_dags/example_sensors.py
[2025-06-12T10:41:48.902+0200] {processor.py:925} INFO - DAG(s) 'example_sensors' retrieved from /Users/gordanaristova/MyProjects/MyRpaProject/venv/lib/python3.10/site-packages/airflow/example_dags/example_sensors.py
[2025-06-12T10:41:49.089+0200] {logging_mixin.py:190} INFO - [2025-06-12T10:41:49.089+0200] {dag.py:3239} INFO - Sync 1 DAGs
[2025-06-12T10:41:49.092+0200] {logging_mixin.py:190} INFO - [2025-06-12T10:41:49.092+0200] {dag.py:4180} INFO - Setting next_dagrun for example_sensors to None, run_after=None
[2025-06-12T10:41:49.097+0200] {processor.py:208} INFO - Processing /Users/gordanaristova/MyProjects/MyRpaProject/venv/lib/python3.10/site-packages/airflow/example_dags/example_sensors.py took 0.201 seconds
[2025-06-12T10:43:35.743+0200] {processor.py:186} INFO - Started process (PID=8798) to work on /Users/gordanaristova/MyProjects/MyRpaProject/venv/lib/python3.10/site-packages/airflow/example_dags/example_sensors.py
[2025-06-12T10:43:35.744+0200] {processor.py:914} INFO - Processing file /Users/gordanaristova/MyProjects/MyRpaProject/venv/lib/python3.10/site-packages/airflow/example_dags/example_sensors.py for tasks to queue
[2025-06-12T10:43:35.744+0200] {logging_mixin.py:190} INFO - [2025-06-12T10:43:35.744+0200] {dagbag.py:588} INFO - Filling up the DagBag from /Users/gordanaristova/MyProjects/MyRpaProject/venv/lib/python3.10/site-packages/airflow/example_dags/example_sensors.py
[2025-06-12T10:43:35.750+0200] {processor.py:925} INFO - DAG(s) 'example_sensors' retrieved from /Users/gordanaristova/MyProjects/MyRpaProject/venv/lib/python3.10/site-packages/airflow/example_dags/example_sensors.py
[2025-06-12T10:43:36.044+0200] {logging_mixin.py:190} INFO - [2025-06-12T10:43:36.043+0200] {dag.py:3239} INFO - Sync 1 DAGs
[2025-06-12T10:43:36.047+0200] {logging_mixin.py:190} INFO - [2025-06-12T10:43:36.047+0200] {dag.py:4180} INFO - Setting next_dagrun for example_sensors to None, run_after=None
[2025-06-12T10:43:36.052+0200] {processor.py:208} INFO - Processing /Users/gordanaristova/MyProjects/MyRpaProject/venv/lib/python3.10/site-packages/airflow/example_dags/example_sensors.py took 0.310 seconds
[2025-06-12T10:45:21.757+0200] {processor.py:186} INFO - Started process (PID=8915) to work on /Users/gordanaristova/MyProjects/MyRpaProject/venv/lib/python3.10/site-packages/airflow/example_dags/example_sensors.py
[2025-06-12T10:45:21.758+0200] {processor.py:914} INFO - Processing file /Users/gordanaristova/MyProjects/MyRpaProject/venv/lib/python3.10/site-packages/airflow/example_dags/example_sensors.py for tasks to queue
[2025-06-12T10:45:21.759+0200] {logging_mixin.py:190} INFO - [2025-06-12T10:45:21.759+0200] {dagbag.py:588} INFO - Filling up the DagBag from /Users/gordanaristova/MyProjects/MyRpaProject/venv/lib/python3.10/site-packages/airflow/example_dags/example_sensors.py
[2025-06-12T10:45:21.763+0200] {processor.py:925} INFO - DAG(s) 'example_sensors' retrieved from /Users/gordanaristova/MyProjects/MyRpaProject/venv/lib/python3.10/site-packages/airflow/example_dags/example_sensors.py
[2025-06-12T10:45:21.956+0200] {logging_mixin.py:190} INFO - [2025-06-12T10:45:21.956+0200] {dag.py:3239} INFO - Sync 1 DAGs
[2025-06-12T10:45:21.959+0200] {logging_mixin.py:190} INFO - [2025-06-12T10:45:21.959+0200] {dag.py:4180} INFO - Setting next_dagrun for example_sensors to None, run_after=None
[2025-06-12T10:45:21.964+0200] {processor.py:208} INFO - Processing /Users/gordanaristova/MyProjects/MyRpaProject/venv/lib/python3.10/site-packages/airflow/example_dags/example_sensors.py took 0.207 seconds
[2025-06-12T10:47:05.991+0200] {processor.py:186} INFO - Started process (PID=9035) to work on /Users/gordanaristova/MyProjects/MyRpaProject/venv/lib/python3.10/site-packages/airflow/example_dags/example_sensors.py
[2025-06-12T10:47:05.992+0200] {processor.py:914} INFO - Processing file /Users/gordanaristova/MyProjects/MyRpaProject/venv/lib/python3.10/site-packages/airflow/example_dags/example_sensors.py for tasks to queue
[2025-06-12T10:47:05.992+0200] {logging_mixin.py:190} INFO - [2025-06-12T10:47:05.992+0200] {dagbag.py:588} INFO - Filling up the DagBag from /Users/gordanaristova/MyProjects/MyRpaProject/venv/lib/python3.10/site-packages/airflow/example_dags/example_sensors.py
[2025-06-12T10:47:05.997+0200] {processor.py:925} INFO - DAG(s) 'example_sensors' retrieved from /Users/gordanaristova/MyProjects/MyRpaProject/venv/lib/python3.10/site-packages/airflow/example_dags/example_sensors.py
[2025-06-12T10:47:06.245+0200] {logging_mixin.py:190} INFO - [2025-06-12T10:47:06.245+0200] {dag.py:3239} INFO - Sync 1 DAGs
[2025-06-12T10:47:06.249+0200] {logging_mixin.py:190} INFO - [2025-06-12T10:47:06.249+0200] {dag.py:4180} INFO - Setting next_dagrun for example_sensors to None, run_after=None
[2025-06-12T10:47:06.255+0200] {processor.py:208} INFO - Processing /Users/gordanaristova/MyProjects/MyRpaProject/venv/lib/python3.10/site-packages/airflow/example_dags/example_sensors.py took 0.265 seconds
[2025-06-12T10:49:00.708+0200] {processor.py:186} INFO - Started process (PID=9181) to work on /Users/gordanaristova/MyProjects/MyRpaProject/venv/lib/python3.10/site-packages/airflow/example_dags/example_sensors.py
[2025-06-12T10:49:00.709+0200] {processor.py:914} INFO - Processing file /Users/gordanaristova/MyProjects/MyRpaProject/venv/lib/python3.10/site-packages/airflow/example_dags/example_sensors.py for tasks to queue
[2025-06-12T10:49:00.709+0200] {logging_mixin.py:190} INFO - [2025-06-12T10:49:00.709+0200] {dagbag.py:588} INFO - Filling up the DagBag from /Users/gordanaristova/MyProjects/MyRpaProject/venv/lib/python3.10/site-packages/airflow/example_dags/example_sensors.py
[2025-06-12T10:49:00.713+0200] {processor.py:925} INFO - DAG(s) 'example_sensors' retrieved from /Users/gordanaristova/MyProjects/MyRpaProject/venv/lib/python3.10/site-packages/airflow/example_dags/example_sensors.py
[2025-06-12T10:49:00.899+0200] {logging_mixin.py:190} INFO - [2025-06-12T10:49:00.898+0200] {dag.py:3239} INFO - Sync 1 DAGs
[2025-06-12T10:49:00.902+0200] {logging_mixin.py:190} INFO - [2025-06-12T10:49:00.902+0200] {dag.py:4180} INFO - Setting next_dagrun for example_sensors to None, run_after=None
[2025-06-12T10:49:00.906+0200] {processor.py:208} INFO - Processing /Users/gordanaristova/MyProjects/MyRpaProject/venv/lib/python3.10/site-packages/airflow/example_dags/example_sensors.py took 0.199 seconds
[2025-06-12T10:57:06.759+0200] {processor.py:186} INFO - Started process (PID=9440) to work on /Users/gordanaristova/MyProjects/MyRpaProject/venv/lib/python3.10/site-packages/airflow/example_dags/example_sensors.py
[2025-06-12T10:57:06.760+0200] {processor.py:914} INFO - Processing file /Users/gordanaristova/MyProjects/MyRpaProject/venv/lib/python3.10/site-packages/airflow/example_dags/example_sensors.py for tasks to queue
[2025-06-12T10:57:06.760+0200] {logging_mixin.py:190} INFO - [2025-06-12T10:57:06.760+0200] {dagbag.py:588} INFO - Filling up the DagBag from /Users/gordanaristova/MyProjects/MyRpaProject/venv/lib/python3.10/site-packages/airflow/example_dags/example_sensors.py
[2025-06-12T10:57:06.764+0200] {processor.py:925} INFO - DAG(s) 'example_sensors' retrieved from /Users/gordanaristova/MyProjects/MyRpaProject/venv/lib/python3.10/site-packages/airflow/example_dags/example_sensors.py
[2025-06-12T10:57:06.949+0200] {logging_mixin.py:190} INFO - [2025-06-12T10:57:06.948+0200] {dag.py:3239} INFO - Sync 1 DAGs
[2025-06-12T10:57:06.952+0200] {logging_mixin.py:190} INFO - [2025-06-12T10:57:06.952+0200] {dag.py:4180} INFO - Setting next_dagrun for example_sensors to None, run_after=None
[2025-06-12T10:57:06.956+0200] {processor.py:208} INFO - Processing /Users/gordanaristova/MyProjects/MyRpaProject/venv/lib/python3.10/site-packages/airflow/example_dags/example_sensors.py took 0.198 seconds
[2025-06-12T10:58:32.917+0200] {processor.py:186} INFO - Started process (PID=9539) to work on /Users/gordanaristova/MyProjects/MyRpaProject/venv/lib/python3.10/site-packages/airflow/example_dags/example_sensors.py
[2025-06-12T10:58:32.918+0200] {processor.py:914} INFO - Processing file /Users/gordanaristova/MyProjects/MyRpaProject/venv/lib/python3.10/site-packages/airflow/example_dags/example_sensors.py for tasks to queue
[2025-06-12T10:58:32.918+0200] {logging_mixin.py:190} INFO - [2025-06-12T10:58:32.918+0200] {dagbag.py:588} INFO - Filling up the DagBag from /Users/gordanaristova/MyProjects/MyRpaProject/venv/lib/python3.10/site-packages/airflow/example_dags/example_sensors.py
[2025-06-12T10:58:32.923+0200] {processor.py:925} INFO - DAG(s) 'example_sensors' retrieved from /Users/gordanaristova/MyProjects/MyRpaProject/venv/lib/python3.10/site-packages/airflow/example_dags/example_sensors.py
[2025-06-12T10:58:33.110+0200] {logging_mixin.py:190} INFO - [2025-06-12T10:58:33.110+0200] {dag.py:3239} INFO - Sync 1 DAGs
[2025-06-12T10:58:33.113+0200] {logging_mixin.py:190} INFO - [2025-06-12T10:58:33.113+0200] {dag.py:4180} INFO - Setting next_dagrun for example_sensors to None, run_after=None
[2025-06-12T10:58:33.117+0200] {processor.py:208} INFO - Processing /Users/gordanaristova/MyProjects/MyRpaProject/venv/lib/python3.10/site-packages/airflow/example_dags/example_sensors.py took 0.201 seconds
[2025-06-12T11:11:51.171+0200] {processor.py:186} INFO - Started process (PID=9759) to work on /Users/gordanaristova/MyProjects/MyRpaProject/venv/lib/python3.10/site-packages/airflow/example_dags/example_sensors.py
[2025-06-12T11:11:51.172+0200] {processor.py:914} INFO - Processing file /Users/gordanaristova/MyProjects/MyRpaProject/venv/lib/python3.10/site-packages/airflow/example_dags/example_sensors.py for tasks to queue
[2025-06-12T11:11:51.172+0200] {logging_mixin.py:190} INFO - [2025-06-12T11:11:51.172+0200] {dagbag.py:588} INFO - Filling up the DagBag from /Users/gordanaristova/MyProjects/MyRpaProject/venv/lib/python3.10/site-packages/airflow/example_dags/example_sensors.py
[2025-06-12T11:11:51.175+0200] {processor.py:925} INFO - DAG(s) 'example_sensors' retrieved from /Users/gordanaristova/MyProjects/MyRpaProject/venv/lib/python3.10/site-packages/airflow/example_dags/example_sensors.py
[2025-06-12T11:11:51.357+0200] {logging_mixin.py:190} INFO - [2025-06-12T11:11:51.357+0200] {dag.py:3239} INFO - Sync 1 DAGs
[2025-06-12T11:11:51.360+0200] {logging_mixin.py:190} INFO - [2025-06-12T11:11:51.360+0200] {dag.py:4180} INFO - Setting next_dagrun for example_sensors to None, run_after=None
[2025-06-12T11:11:51.365+0200] {processor.py:208} INFO - Processing /Users/gordanaristova/MyProjects/MyRpaProject/venv/lib/python3.10/site-packages/airflow/example_dags/example_sensors.py took 0.195 seconds
[2025-06-12T11:13:18.786+0200] {processor.py:186} INFO - Started process (PID=9854) to work on /Users/gordanaristova/MyProjects/MyRpaProject/venv/lib/python3.10/site-packages/airflow/example_dags/example_sensors.py
[2025-06-12T11:13:18.787+0200] {processor.py:914} INFO - Processing file /Users/gordanaristova/MyProjects/MyRpaProject/venv/lib/python3.10/site-packages/airflow/example_dags/example_sensors.py for tasks to queue
[2025-06-12T11:13:18.787+0200] {logging_mixin.py:190} INFO - [2025-06-12T11:13:18.787+0200] {dagbag.py:588} INFO - Filling up the DagBag from /Users/gordanaristova/MyProjects/MyRpaProject/venv/lib/python3.10/site-packages/airflow/example_dags/example_sensors.py
[2025-06-12T11:13:18.793+0200] {processor.py:925} INFO - DAG(s) 'example_sensors' retrieved from /Users/gordanaristova/MyProjects/MyRpaProject/venv/lib/python3.10/site-packages/airflow/example_dags/example_sensors.py
[2025-06-12T11:13:18.988+0200] {logging_mixin.py:190} INFO - [2025-06-12T11:13:18.988+0200] {dag.py:3239} INFO - Sync 1 DAGs
[2025-06-12T11:13:18.992+0200] {logging_mixin.py:190} INFO - [2025-06-12T11:13:18.992+0200] {dag.py:4180} INFO - Setting next_dagrun for example_sensors to None, run_after=None
[2025-06-12T11:13:18.997+0200] {processor.py:208} INFO - Processing /Users/gordanaristova/MyProjects/MyRpaProject/venv/lib/python3.10/site-packages/airflow/example_dags/example_sensors.py took 0.211 seconds
[2025-06-12T11:21:55.899+0200] {processor.py:186} INFO - Started process (PID=10049) to work on /Users/gordanaristova/MyProjects/MyRpaProject/venv/lib/python3.10/site-packages/airflow/example_dags/example_sensors.py
[2025-06-12T11:21:55.900+0200] {processor.py:914} INFO - Processing file /Users/gordanaristova/MyProjects/MyRpaProject/venv/lib/python3.10/site-packages/airflow/example_dags/example_sensors.py for tasks to queue
[2025-06-12T11:21:55.900+0200] {logging_mixin.py:190} INFO - [2025-06-12T11:21:55.900+0200] {dagbag.py:588} INFO - Filling up the DagBag from /Users/gordanaristova/MyProjects/MyRpaProject/venv/lib/python3.10/site-packages/airflow/example_dags/example_sensors.py
[2025-06-12T11:21:55.904+0200] {processor.py:925} INFO - DAG(s) 'example_sensors' retrieved from /Users/gordanaristova/MyProjects/MyRpaProject/venv/lib/python3.10/site-packages/airflow/example_dags/example_sensors.py
[2025-06-12T11:21:56.088+0200] {logging_mixin.py:190} INFO - [2025-06-12T11:21:56.088+0200] {dag.py:3239} INFO - Sync 1 DAGs
[2025-06-12T11:21:56.091+0200] {logging_mixin.py:190} INFO - [2025-06-12T11:21:56.091+0200] {dag.py:4180} INFO - Setting next_dagrun for example_sensors to None, run_after=None
[2025-06-12T11:21:56.095+0200] {processor.py:208} INFO - Processing /Users/gordanaristova/MyProjects/MyRpaProject/venv/lib/python3.10/site-packages/airflow/example_dags/example_sensors.py took 0.197 seconds
[2025-06-12T11:23:22.637+0200] {processor.py:186} INFO - Started process (PID=10138) to work on /Users/gordanaristova/MyProjects/MyRpaProject/venv/lib/python3.10/site-packages/airflow/example_dags/example_sensors.py
[2025-06-12T11:23:22.638+0200] {processor.py:914} INFO - Processing file /Users/gordanaristova/MyProjects/MyRpaProject/venv/lib/python3.10/site-packages/airflow/example_dags/example_sensors.py for tasks to queue
[2025-06-12T11:23:22.638+0200] {logging_mixin.py:190} INFO - [2025-06-12T11:23:22.638+0200] {dagbag.py:588} INFO - Filling up the DagBag from /Users/gordanaristova/MyProjects/MyRpaProject/venv/lib/python3.10/site-packages/airflow/example_dags/example_sensors.py
[2025-06-12T11:23:22.643+0200] {processor.py:925} INFO - DAG(s) 'example_sensors' retrieved from /Users/gordanaristova/MyProjects/MyRpaProject/venv/lib/python3.10/site-packages/airflow/example_dags/example_sensors.py
[2025-06-12T11:23:22.841+0200] {logging_mixin.py:190} INFO - [2025-06-12T11:23:22.840+0200] {dag.py:3239} INFO - Sync 1 DAGs
[2025-06-12T11:23:22.844+0200] {logging_mixin.py:190} INFO - [2025-06-12T11:23:22.844+0200] {dag.py:4180} INFO - Setting next_dagrun for example_sensors to None, run_after=None
[2025-06-12T11:23:22.848+0200] {processor.py:208} INFO - Processing /Users/gordanaristova/MyProjects/MyRpaProject/venv/lib/python3.10/site-packages/airflow/example_dags/example_sensors.py took 0.212 seconds
[2025-06-12T11:41:11.725+0200] {processor.py:186} INFO - Started process (PID=10415) to work on /Users/gordanaristova/MyProjects/MyRpaProject/venv/lib/python3.10/site-packages/airflow/example_dags/example_sensors.py
[2025-06-12T11:41:11.726+0200] {processor.py:914} INFO - Processing file /Users/gordanaristova/MyProjects/MyRpaProject/venv/lib/python3.10/site-packages/airflow/example_dags/example_sensors.py for tasks to queue
[2025-06-12T11:41:11.727+0200] {logging_mixin.py:190} INFO - [2025-06-12T11:41:11.727+0200] {dagbag.py:588} INFO - Filling up the DagBag from /Users/gordanaristova/MyProjects/MyRpaProject/venv/lib/python3.10/site-packages/airflow/example_dags/example_sensors.py
[2025-06-12T11:41:11.731+0200] {processor.py:925} INFO - DAG(s) 'example_sensors' retrieved from /Users/gordanaristova/MyProjects/MyRpaProject/venv/lib/python3.10/site-packages/airflow/example_dags/example_sensors.py
[2025-06-12T11:41:11.940+0200] {logging_mixin.py:190} INFO - [2025-06-12T11:41:11.940+0200] {dag.py:3239} INFO - Sync 1 DAGs
[2025-06-12T11:41:11.943+0200] {logging_mixin.py:190} INFO - [2025-06-12T11:41:11.943+0200] {dag.py:4180} INFO - Setting next_dagrun for example_sensors to None, run_after=None
[2025-06-12T11:41:11.947+0200] {processor.py:208} INFO - Processing /Users/gordanaristova/MyProjects/MyRpaProject/venv/lib/python3.10/site-packages/airflow/example_dags/example_sensors.py took 0.223 seconds
[2025-06-12T11:42:36.861+0200] {processor.py:186} INFO - Started process (PID=10504) to work on /Users/gordanaristova/MyProjects/MyRpaProject/venv/lib/python3.10/site-packages/airflow/example_dags/example_sensors.py
[2025-06-12T11:42:36.862+0200] {processor.py:914} INFO - Processing file /Users/gordanaristova/MyProjects/MyRpaProject/venv/lib/python3.10/site-packages/airflow/example_dags/example_sensors.py for tasks to queue
[2025-06-12T11:42:36.862+0200] {logging_mixin.py:190} INFO - [2025-06-12T11:42:36.862+0200] {dagbag.py:588} INFO - Filling up the DagBag from /Users/gordanaristova/MyProjects/MyRpaProject/venv/lib/python3.10/site-packages/airflow/example_dags/example_sensors.py
[2025-06-12T11:42:36.867+0200] {processor.py:925} INFO - DAG(s) 'example_sensors' retrieved from /Users/gordanaristova/MyProjects/MyRpaProject/venv/lib/python3.10/site-packages/airflow/example_dags/example_sensors.py
[2025-06-12T11:42:37.052+0200] {logging_mixin.py:190} INFO - [2025-06-12T11:42:37.052+0200] {dag.py:3239} INFO - Sync 1 DAGs
[2025-06-12T11:42:37.055+0200] {logging_mixin.py:190} INFO - [2025-06-12T11:42:37.055+0200] {dag.py:4180} INFO - Setting next_dagrun for example_sensors to None, run_after=None
[2025-06-12T11:42:37.060+0200] {processor.py:208} INFO - Processing /Users/gordanaristova/MyProjects/MyRpaProject/venv/lib/python3.10/site-packages/airflow/example_dags/example_sensors.py took 0.199 seconds
[2025-06-12T11:50:02.030+0200] {processor.py:186} INFO - Started process (PID=10641) to work on /Users/gordanaristova/MyProjects/MyRpaProject/venv/lib/python3.10/site-packages/airflow/example_dags/example_sensors.py
[2025-06-12T11:50:02.031+0200] {processor.py:914} INFO - Processing file /Users/gordanaristova/MyProjects/MyRpaProject/venv/lib/python3.10/site-packages/airflow/example_dags/example_sensors.py for tasks to queue
[2025-06-12T11:50:02.031+0200] {logging_mixin.py:190} INFO - [2025-06-12T11:50:02.031+0200] {dagbag.py:588} INFO - Filling up the DagBag from /Users/gordanaristova/MyProjects/MyRpaProject/venv/lib/python3.10/site-packages/airflow/example_dags/example_sensors.py
[2025-06-12T11:50:02.035+0200] {processor.py:925} INFO - DAG(s) 'example_sensors' retrieved from /Users/gordanaristova/MyProjects/MyRpaProject/venv/lib/python3.10/site-packages/airflow/example_dags/example_sensors.py
[2025-06-12T11:50:02.250+0200] {logging_mixin.py:190} INFO - [2025-06-12T11:50:02.250+0200] {dag.py:3239} INFO - Sync 1 DAGs
[2025-06-12T11:50:02.253+0200] {logging_mixin.py:190} INFO - [2025-06-12T11:50:02.253+0200] {dag.py:4180} INFO - Setting next_dagrun for example_sensors to None, run_after=None
[2025-06-12T11:50:02.257+0200] {processor.py:208} INFO - Processing /Users/gordanaristova/MyProjects/MyRpaProject/venv/lib/python3.10/site-packages/airflow/example_dags/example_sensors.py took 0.228 seconds
[2025-06-12T11:51:27.261+0200] {processor.py:186} INFO - Started process (PID=10728) to work on /Users/gordanaristova/MyProjects/MyRpaProject/venv/lib/python3.10/site-packages/airflow/example_dags/example_sensors.py
[2025-06-12T11:51:27.262+0200] {processor.py:914} INFO - Processing file /Users/gordanaristova/MyProjects/MyRpaProject/venv/lib/python3.10/site-packages/airflow/example_dags/example_sensors.py for tasks to queue
[2025-06-12T11:51:27.262+0200] {logging_mixin.py:190} INFO - [2025-06-12T11:51:27.262+0200] {dagbag.py:588} INFO - Filling up the DagBag from /Users/gordanaristova/MyProjects/MyRpaProject/venv/lib/python3.10/site-packages/airflow/example_dags/example_sensors.py
[2025-06-12T11:51:27.267+0200] {processor.py:925} INFO - DAG(s) 'example_sensors' retrieved from /Users/gordanaristova/MyProjects/MyRpaProject/venv/lib/python3.10/site-packages/airflow/example_dags/example_sensors.py
[2025-06-12T11:51:27.491+0200] {logging_mixin.py:190} INFO - [2025-06-12T11:51:27.491+0200] {dag.py:3239} INFO - Sync 1 DAGs
[2025-06-12T11:51:27.494+0200] {logging_mixin.py:190} INFO - [2025-06-12T11:51:27.494+0200] {dag.py:4180} INFO - Setting next_dagrun for example_sensors to None, run_after=None
[2025-06-12T11:51:27.499+0200] {processor.py:208} INFO - Processing /Users/gordanaristova/MyProjects/MyRpaProject/venv/lib/python3.10/site-packages/airflow/example_dags/example_sensors.py took 0.239 seconds
[2025-06-12T11:53:14.111+0200] {processor.py:186} INFO - Started process (PID=10833) to work on /Users/gordanaristova/MyProjects/MyRpaProject/venv/lib/python3.10/site-packages/airflow/example_dags/example_sensors.py
[2025-06-12T11:53:14.111+0200] {processor.py:914} INFO - Processing file /Users/gordanaristova/MyProjects/MyRpaProject/venv/lib/python3.10/site-packages/airflow/example_dags/example_sensors.py for tasks to queue
[2025-06-12T11:53:14.112+0200] {logging_mixin.py:190} INFO - [2025-06-12T11:53:14.112+0200] {dagbag.py:588} INFO - Filling up the DagBag from /Users/gordanaristova/MyProjects/MyRpaProject/venv/lib/python3.10/site-packages/airflow/example_dags/example_sensors.py
[2025-06-12T11:53:14.117+0200] {processor.py:925} INFO - DAG(s) 'example_sensors' retrieved from /Users/gordanaristova/MyProjects/MyRpaProject/venv/lib/python3.10/site-packages/airflow/example_dags/example_sensors.py
[2025-06-12T11:53:14.305+0200] {logging_mixin.py:190} INFO - [2025-06-12T11:53:14.304+0200] {dag.py:3239} INFO - Sync 1 DAGs
[2025-06-12T11:53:14.308+0200] {logging_mixin.py:190} INFO - [2025-06-12T11:53:14.308+0200] {dag.py:4180} INFO - Setting next_dagrun for example_sensors to None, run_after=None
[2025-06-12T11:53:14.312+0200] {processor.py:208} INFO - Processing /Users/gordanaristova/MyProjects/MyRpaProject/venv/lib/python3.10/site-packages/airflow/example_dags/example_sensors.py took 0.202 seconds
[2025-06-12T11:55:03.144+0200] {processor.py:186} INFO - Started process (PID=10925) to work on /Users/gordanaristova/MyProjects/MyRpaProject/venv/lib/python3.10/site-packages/airflow/example_dags/example_sensors.py
[2025-06-12T11:55:03.144+0200] {processor.py:914} INFO - Processing file /Users/gordanaristova/MyProjects/MyRpaProject/venv/lib/python3.10/site-packages/airflow/example_dags/example_sensors.py for tasks to queue
[2025-06-12T11:55:03.145+0200] {logging_mixin.py:190} INFO - [2025-06-12T11:55:03.145+0200] {dagbag.py:588} INFO - Filling up the DagBag from /Users/gordanaristova/MyProjects/MyRpaProject/venv/lib/python3.10/site-packages/airflow/example_dags/example_sensors.py
[2025-06-12T11:55:03.150+0200] {processor.py:925} INFO - DAG(s) 'example_sensors' retrieved from /Users/gordanaristova/MyProjects/MyRpaProject/venv/lib/python3.10/site-packages/airflow/example_dags/example_sensors.py
[2025-06-12T11:55:03.342+0200] {logging_mixin.py:190} INFO - [2025-06-12T11:55:03.342+0200] {dag.py:3239} INFO - Sync 1 DAGs
[2025-06-12T11:55:03.345+0200] {logging_mixin.py:190} INFO - [2025-06-12T11:55:03.345+0200] {dag.py:4180} INFO - Setting next_dagrun for example_sensors to None, run_after=None
[2025-06-12T11:55:03.350+0200] {processor.py:208} INFO - Processing /Users/gordanaristova/MyProjects/MyRpaProject/venv/lib/python3.10/site-packages/airflow/example_dags/example_sensors.py took 0.207 seconds
[2025-06-12T11:56:51.926+0200] {processor.py:186} INFO - Started process (PID=11038) to work on /Users/gordanaristova/MyProjects/MyRpaProject/venv/lib/python3.10/site-packages/airflow/example_dags/example_sensors.py
[2025-06-12T11:56:51.927+0200] {processor.py:914} INFO - Processing file /Users/gordanaristova/MyProjects/MyRpaProject/venv/lib/python3.10/site-packages/airflow/example_dags/example_sensors.py for tasks to queue
[2025-06-12T11:56:51.927+0200] {logging_mixin.py:190} INFO - [2025-06-12T11:56:51.927+0200] {dagbag.py:588} INFO - Filling up the DagBag from /Users/gordanaristova/MyProjects/MyRpaProject/venv/lib/python3.10/site-packages/airflow/example_dags/example_sensors.py
[2025-06-12T11:56:51.932+0200] {processor.py:925} INFO - DAG(s) 'example_sensors' retrieved from /Users/gordanaristova/MyProjects/MyRpaProject/venv/lib/python3.10/site-packages/airflow/example_dags/example_sensors.py
[2025-06-12T11:56:52.144+0200] {logging_mixin.py:190} INFO - [2025-06-12T11:56:52.144+0200] {dag.py:3239} INFO - Sync 1 DAGs
[2025-06-12T11:56:52.148+0200] {logging_mixin.py:190} INFO - [2025-06-12T11:56:52.148+0200] {dag.py:4180} INFO - Setting next_dagrun for example_sensors to None, run_after=None
[2025-06-12T11:56:52.152+0200] {processor.py:208} INFO - Processing /Users/gordanaristova/MyProjects/MyRpaProject/venv/lib/python3.10/site-packages/airflow/example_dags/example_sensors.py took 0.227 seconds
[2025-06-12T13:14:47.721+0200] {processor.py:186} INFO - Started process (PID=13012) to work on /Users/gordanaristova/MyProjects/MyRpaProject/venv/lib/python3.10/site-packages/airflow/example_dags/example_sensors.py
[2025-06-12T13:14:47.722+0200] {processor.py:914} INFO - Processing file /Users/gordanaristova/MyProjects/MyRpaProject/venv/lib/python3.10/site-packages/airflow/example_dags/example_sensors.py for tasks to queue
[2025-06-12T13:14:47.723+0200] {logging_mixin.py:190} INFO - [2025-06-12T13:14:47.723+0200] {dagbag.py:588} INFO - Filling up the DagBag from /Users/gordanaristova/MyProjects/MyRpaProject/venv/lib/python3.10/site-packages/airflow/example_dags/example_sensors.py
[2025-06-12T13:14:47.727+0200] {processor.py:925} INFO - DAG(s) 'example_sensors' retrieved from /Users/gordanaristova/MyProjects/MyRpaProject/venv/lib/python3.10/site-packages/airflow/example_dags/example_sensors.py
[2025-06-12T13:14:47.965+0200] {logging_mixin.py:190} INFO - [2025-06-12T13:14:47.965+0200] {dag.py:3239} INFO - Sync 1 DAGs
[2025-06-12T13:14:47.968+0200] {logging_mixin.py:190} INFO - [2025-06-12T13:14:47.968+0200] {dag.py:4180} INFO - Setting next_dagrun for example_sensors to None, run_after=None
[2025-06-12T13:14:47.973+0200] {processor.py:208} INFO - Processing /Users/gordanaristova/MyProjects/MyRpaProject/venv/lib/python3.10/site-packages/airflow/example_dags/example_sensors.py took 0.252 seconds
[2025-06-12T18:42:30.181+0200] {processor.py:186} INFO - Started process (PID=15667) to work on /Users/gordanaristova/MyProjects/MyRpaProject/venv/lib/python3.10/site-packages/airflow/example_dags/example_sensors.py
[2025-06-12T18:42:30.182+0200] {processor.py:914} INFO - Processing file /Users/gordanaristova/MyProjects/MyRpaProject/venv/lib/python3.10/site-packages/airflow/example_dags/example_sensors.py for tasks to queue
[2025-06-12T18:42:30.182+0200] {logging_mixin.py:190} INFO - [2025-06-12T18:42:30.182+0200] {dagbag.py:588} INFO - Filling up the DagBag from /Users/gordanaristova/MyProjects/MyRpaProject/venv/lib/python3.10/site-packages/airflow/example_dags/example_sensors.py
[2025-06-12T18:42:30.187+0200] {processor.py:925} INFO - DAG(s) 'example_sensors' retrieved from /Users/gordanaristova/MyProjects/MyRpaProject/venv/lib/python3.10/site-packages/airflow/example_dags/example_sensors.py
[2025-06-12T18:42:30.387+0200] {logging_mixin.py:190} INFO - [2025-06-12T18:42:30.386+0200] {dag.py:3239} INFO - Sync 1 DAGs
[2025-06-12T18:42:30.390+0200] {logging_mixin.py:190} INFO - [2025-06-12T18:42:30.390+0200] {dag.py:4180} INFO - Setting next_dagrun for example_sensors to None, run_after=None
[2025-06-12T18:42:30.395+0200] {processor.py:208} INFO - Processing /Users/gordanaristova/MyProjects/MyRpaProject/venv/lib/python3.10/site-packages/airflow/example_dags/example_sensors.py took 0.215 seconds
[2025-06-12T18:52:14.669+0200] {processor.py:186} INFO - Started process (PID=15898) to work on /Users/gordanaristova/MyProjects/MyRpaProject/venv/lib/python3.10/site-packages/airflow/example_dags/example_sensors.py
[2025-06-12T18:52:14.670+0200] {processor.py:914} INFO - Processing file /Users/gordanaristova/MyProjects/MyRpaProject/venv/lib/python3.10/site-packages/airflow/example_dags/example_sensors.py for tasks to queue
[2025-06-12T18:52:14.670+0200] {logging_mixin.py:190} INFO - [2025-06-12T18:52:14.670+0200] {dagbag.py:588} INFO - Filling up the DagBag from /Users/gordanaristova/MyProjects/MyRpaProject/venv/lib/python3.10/site-packages/airflow/example_dags/example_sensors.py
[2025-06-12T18:52:14.675+0200] {processor.py:925} INFO - DAG(s) 'example_sensors' retrieved from /Users/gordanaristova/MyProjects/MyRpaProject/venv/lib/python3.10/site-packages/airflow/example_dags/example_sensors.py
[2025-06-12T18:52:14.926+0200] {logging_mixin.py:190} INFO - [2025-06-12T18:52:14.926+0200] {dag.py:3239} INFO - Sync 1 DAGs
[2025-06-12T18:52:14.930+0200] {logging_mixin.py:190} INFO - [2025-06-12T18:52:14.930+0200] {dag.py:4180} INFO - Setting next_dagrun for example_sensors to None, run_after=None
[2025-06-12T18:52:14.935+0200] {processor.py:208} INFO - Processing /Users/gordanaristova/MyProjects/MyRpaProject/venv/lib/python3.10/site-packages/airflow/example_dags/example_sensors.py took 0.267 seconds
[2025-06-12T18:55:26.475+0200] {processor.py:186} INFO - Started process (PID=15984) to work on /Users/gordanaristova/MyProjects/MyRpaProject/venv/lib/python3.10/site-packages/airflow/example_dags/example_sensors.py
[2025-06-12T18:55:26.476+0200] {processor.py:914} INFO - Processing file /Users/gordanaristova/MyProjects/MyRpaProject/venv/lib/python3.10/site-packages/airflow/example_dags/example_sensors.py for tasks to queue
[2025-06-12T18:55:26.476+0200] {logging_mixin.py:190} INFO - [2025-06-12T18:55:26.476+0200] {dagbag.py:588} INFO - Filling up the DagBag from /Users/gordanaristova/MyProjects/MyRpaProject/venv/lib/python3.10/site-packages/airflow/example_dags/example_sensors.py
[2025-06-12T18:55:26.480+0200] {processor.py:925} INFO - DAG(s) 'example_sensors' retrieved from /Users/gordanaristova/MyProjects/MyRpaProject/venv/lib/python3.10/site-packages/airflow/example_dags/example_sensors.py
[2025-06-12T18:55:26.694+0200] {logging_mixin.py:190} INFO - [2025-06-12T18:55:26.694+0200] {dag.py:3239} INFO - Sync 1 DAGs
[2025-06-12T18:55:26.697+0200] {logging_mixin.py:190} INFO - [2025-06-12T18:55:26.697+0200] {dag.py:4180} INFO - Setting next_dagrun for example_sensors to None, run_after=None
[2025-06-12T18:55:26.702+0200] {processor.py:208} INFO - Processing /Users/gordanaristova/MyProjects/MyRpaProject/venv/lib/python3.10/site-packages/airflow/example_dags/example_sensors.py took 0.228 seconds
[2025-06-12T19:00:33.475+0200] {processor.py:186} INFO - Started process (PID=16129) to work on /Users/gordanaristova/MyProjects/MyRpaProject/venv/lib/python3.10/site-packages/airflow/example_dags/example_sensors.py
[2025-06-12T19:00:33.476+0200] {processor.py:914} INFO - Processing file /Users/gordanaristova/MyProjects/MyRpaProject/venv/lib/python3.10/site-packages/airflow/example_dags/example_sensors.py for tasks to queue
[2025-06-12T19:00:33.476+0200] {logging_mixin.py:190} INFO - [2025-06-12T19:00:33.476+0200] {dagbag.py:588} INFO - Filling up the DagBag from /Users/gordanaristova/MyProjects/MyRpaProject/venv/lib/python3.10/site-packages/airflow/example_dags/example_sensors.py
[2025-06-12T19:00:33.480+0200] {processor.py:925} INFO - DAG(s) 'example_sensors' retrieved from /Users/gordanaristova/MyProjects/MyRpaProject/venv/lib/python3.10/site-packages/airflow/example_dags/example_sensors.py
[2025-06-12T19:00:33.723+0200] {logging_mixin.py:190} INFO - [2025-06-12T19:00:33.723+0200] {dag.py:3239} INFO - Sync 1 DAGs
[2025-06-12T19:00:33.726+0200] {logging_mixin.py:190} INFO - [2025-06-12T19:00:33.726+0200] {dag.py:4180} INFO - Setting next_dagrun for example_sensors to None, run_after=None
[2025-06-12T19:00:33.731+0200] {processor.py:208} INFO - Processing /Users/gordanaristova/MyProjects/MyRpaProject/venv/lib/python3.10/site-packages/airflow/example_dags/example_sensors.py took 0.257 seconds
[2025-06-12T19:11:09.924+0200] {processor.py:186} INFO - Started process (PID=16459) to work on /Users/gordanaristova/MyProjects/MyRpaProject/venv/lib/python3.10/site-packages/airflow/example_dags/example_sensors.py
[2025-06-12T19:11:09.925+0200] {processor.py:914} INFO - Processing file /Users/gordanaristova/MyProjects/MyRpaProject/venv/lib/python3.10/site-packages/airflow/example_dags/example_sensors.py for tasks to queue
[2025-06-12T19:11:09.925+0200] {logging_mixin.py:190} INFO - [2025-06-12T19:11:09.925+0200] {dagbag.py:588} INFO - Filling up the DagBag from /Users/gordanaristova/MyProjects/MyRpaProject/venv/lib/python3.10/site-packages/airflow/example_dags/example_sensors.py
[2025-06-12T19:11:09.929+0200] {processor.py:925} INFO - DAG(s) 'example_sensors' retrieved from /Users/gordanaristova/MyProjects/MyRpaProject/venv/lib/python3.10/site-packages/airflow/example_dags/example_sensors.py
[2025-06-12T19:11:10.169+0200] {logging_mixin.py:190} INFO - [2025-06-12T19:11:10.169+0200] {dag.py:3239} INFO - Sync 1 DAGs
[2025-06-12T19:11:10.172+0200] {logging_mixin.py:190} INFO - [2025-06-12T19:11:10.172+0200] {dag.py:4180} INFO - Setting next_dagrun for example_sensors to None, run_after=None
[2025-06-12T19:11:10.177+0200] {processor.py:208} INFO - Processing /Users/gordanaristova/MyProjects/MyRpaProject/venv/lib/python3.10/site-packages/airflow/example_dags/example_sensors.py took 0.254 seconds
[2025-06-12T19:14:14.129+0200] {processor.py:186} INFO - Started process (PID=16651) to work on /Users/gordanaristova/MyProjects/MyRpaProject/venv/lib/python3.10/site-packages/airflow/example_dags/example_sensors.py
[2025-06-12T19:14:14.130+0200] {processor.py:914} INFO - Processing file /Users/gordanaristova/MyProjects/MyRpaProject/venv/lib/python3.10/site-packages/airflow/example_dags/example_sensors.py for tasks to queue
[2025-06-12T19:14:14.130+0200] {logging_mixin.py:190} INFO - [2025-06-12T19:14:14.130+0200] {dagbag.py:588} INFO - Filling up the DagBag from /Users/gordanaristova/MyProjects/MyRpaProject/venv/lib/python3.10/site-packages/airflow/example_dags/example_sensors.py
[2025-06-12T19:14:14.134+0200] {processor.py:925} INFO - DAG(s) 'example_sensors' retrieved from /Users/gordanaristova/MyProjects/MyRpaProject/venv/lib/python3.10/site-packages/airflow/example_dags/example_sensors.py
[2025-06-12T19:14:14.376+0200] {logging_mixin.py:190} INFO - [2025-06-12T19:14:14.376+0200] {dag.py:3239} INFO - Sync 1 DAGs
[2025-06-12T19:14:14.379+0200] {logging_mixin.py:190} INFO - [2025-06-12T19:14:14.379+0200] {dag.py:4180} INFO - Setting next_dagrun for example_sensors to None, run_after=None
[2025-06-12T19:14:14.384+0200] {processor.py:208} INFO - Processing /Users/gordanaristova/MyProjects/MyRpaProject/venv/lib/python3.10/site-packages/airflow/example_dags/example_sensors.py took 0.256 seconds
