[2025-06-12T10:36:36.629+0200] {processor.py:186} INFO - Started process (PID=8416) to work on /Users/gordanaristova/MyProjects/MyRpaProject/venv/lib/python3.10/site-packages/airflow/example_dags/example_trigger_controller_dag.py
[2025-06-12T10:36:36.629+0200] {processor.py:914} INFO - Processing file /Users/gordanaristova/MyProjects/MyRpaProject/venv/lib/python3.10/site-packages/airflow/example_dags/example_trigger_controller_dag.py for tasks to queue
[2025-06-12T10:36:36.629+0200] {logging_mixin.py:190} INFO - [2025-06-12T10:36:36.629+0200] {dagbag.py:588} INFO - Filling up the DagBag from /Users/gordanaristova/MyProjects/MyRpaProject/venv/lib/python3.10/site-packages/airflow/example_dags/example_trigger_controller_dag.py
[2025-06-12T10:36:36.632+0200] {processor.py:925} INFO - DAG(s) 'example_trigger_controller_dag' retrieved from /Users/gordanaristova/MyProjects/MyRpaProject/venv/lib/python3.10/site-packages/airflow/example_dags/example_trigger_controller_dag.py
[2025-06-12T10:36:36.677+0200] {logging_mixin.py:190} INFO - [2025-06-12T10:36:36.677+0200] {override.py:1900} INFO - Created Permission View: can read on DAG:example_trigger_controller_dag
[2025-06-12T10:36:36.679+0200] {logging_mixin.py:190} INFO - [2025-06-12T10:36:36.679+0200] {override.py:1900} INFO - Created Permission View: can edit on DAG:example_trigger_controller_dag
[2025-06-12T10:36:36.681+0200] {logging_mixin.py:190} INFO - [2025-06-12T10:36:36.681+0200] {override.py:1900} INFO - Created Permission View: can delete on DAG:example_trigger_controller_dag
[2025-06-12T10:36:36.683+0200] {logging_mixin.py:190} INFO - [2025-06-12T10:36:36.683+0200] {override.py:1900} INFO - Created Permission View: can read on DAG Run:example_trigger_controller_dag
[2025-06-12T10:36:36.684+0200] {logging_mixin.py:190} INFO - [2025-06-12T10:36:36.684+0200] {override.py:1900} INFO - Created Permission View: can create on DAG Run:example_trigger_controller_dag
[2025-06-12T10:36:36.685+0200] {logging_mixin.py:190} INFO - [2025-06-12T10:36:36.685+0200] {override.py:1900} INFO - Created Permission View: menu access on DAG Run:example_trigger_controller_dag
[2025-06-12T10:36:36.687+0200] {logging_mixin.py:190} INFO - [2025-06-12T10:36:36.686+0200] {override.py:1900} INFO - Created Permission View: can delete on DAG Run:example_trigger_controller_dag
[2025-06-12T10:36:36.687+0200] {logging_mixin.py:190} INFO - [2025-06-12T10:36:36.687+0200] {dag.py:3239} INFO - Sync 1 DAGs
[2025-06-12T10:36:36.690+0200] {logging_mixin.py:190} INFO - [2025-06-12T10:36:36.690+0200] {dag.py:3262} INFO - Creating ORM DAG for example_trigger_controller_dag
[2025-06-12T10:36:36.692+0200] {logging_mixin.py:190} INFO - [2025-06-12T10:36:36.692+0200] {dag.py:4180} INFO - Setting next_dagrun for example_trigger_controller_dag to 2021-01-01 00:00:00+00:00, run_after=2021-01-01 00:00:00+00:00
[2025-06-12T10:36:36.696+0200] {processor.py:208} INFO - Processing /Users/gordanaristova/MyProjects/MyRpaProject/venv/lib/python3.10/site-packages/airflow/example_dags/example_trigger_controller_dag.py took 0.068 seconds
[2025-06-12T10:38:05.366+0200] {processor.py:186} INFO - Started process (PID=8497) to work on /Users/gordanaristova/MyProjects/MyRpaProject/venv/lib/python3.10/site-packages/airflow/example_dags/example_trigger_controller_dag.py
[2025-06-12T10:38:05.367+0200] {processor.py:914} INFO - Processing file /Users/gordanaristova/MyProjects/MyRpaProject/venv/lib/python3.10/site-packages/airflow/example_dags/example_trigger_controller_dag.py for tasks to queue
[2025-06-12T10:38:05.367+0200] {logging_mixin.py:190} INFO - [2025-06-12T10:38:05.367+0200] {dagbag.py:588} INFO - Filling up the DagBag from /Users/gordanaristova/MyProjects/MyRpaProject/venv/lib/python3.10/site-packages/airflow/example_dags/example_trigger_controller_dag.py
[2025-06-12T10:38:05.370+0200] {processor.py:925} INFO - DAG(s) 'example_trigger_controller_dag' retrieved from /Users/gordanaristova/MyProjects/MyRpaProject/venv/lib/python3.10/site-packages/airflow/example_dags/example_trigger_controller_dag.py
[2025-06-12T10:38:05.397+0200] {logging_mixin.py:190} INFO - [2025-06-12T10:38:05.397+0200] {dag.py:3239} INFO - Sync 1 DAGs
[2025-06-12T10:38:05.402+0200] {logging_mixin.py:190} INFO - [2025-06-12T10:38:05.402+0200] {dag.py:4180} INFO - Setting next_dagrun for example_trigger_controller_dag to 2021-01-01 00:00:00+00:00, run_after=2021-01-01 00:00:00+00:00
[2025-06-12T10:38:05.407+0200] {processor.py:208} INFO - Processing /Users/gordanaristova/MyProjects/MyRpaProject/venv/lib/python3.10/site-packages/airflow/example_dags/example_trigger_controller_dag.py took 0.041 seconds
[2025-06-12T10:39:00.025+0200] {processor.py:186} INFO - Started process (PID=8541) to work on /Users/gordanaristova/MyProjects/MyRpaProject/venv/lib/python3.10/site-packages/airflow/example_dags/example_trigger_controller_dag.py
[2025-06-12T10:39:00.025+0200] {processor.py:914} INFO - Processing file /Users/gordanaristova/MyProjects/MyRpaProject/venv/lib/python3.10/site-packages/airflow/example_dags/example_trigger_controller_dag.py for tasks to queue
[2025-06-12T10:39:00.026+0200] {logging_mixin.py:190} INFO - [2025-06-12T10:39:00.026+0200] {dagbag.py:588} INFO - Filling up the DagBag from /Users/gordanaristova/MyProjects/MyRpaProject/venv/lib/python3.10/site-packages/airflow/example_dags/example_trigger_controller_dag.py
[2025-06-12T10:39:00.029+0200] {processor.py:925} INFO - DAG(s) 'example_trigger_controller_dag' retrieved from /Users/gordanaristova/MyProjects/MyRpaProject/venv/lib/python3.10/site-packages/airflow/example_dags/example_trigger_controller_dag.py
[2025-06-12T10:39:00.056+0200] {logging_mixin.py:190} INFO - [2025-06-12T10:39:00.056+0200] {dag.py:3239} INFO - Sync 1 DAGs
[2025-06-12T10:39:00.061+0200] {logging_mixin.py:190} INFO - [2025-06-12T10:39:00.061+0200] {dag.py:4180} INFO - Setting next_dagrun for example_trigger_controller_dag to 2021-01-01 00:00:00+00:00, run_after=2021-01-01 00:00:00+00:00
[2025-06-12T10:39:00.065+0200] {processor.py:208} INFO - Processing /Users/gordanaristova/MyProjects/MyRpaProject/venv/lib/python3.10/site-packages/airflow/example_dags/example_trigger_controller_dag.py took 0.041 seconds
[2025-06-12T10:40:40.874+0200] {processor.py:186} INFO - Started process (PID=8620) to work on /Users/gordanaristova/MyProjects/MyRpaProject/venv/lib/python3.10/site-packages/airflow/example_dags/example_trigger_controller_dag.py
[2025-06-12T10:40:40.875+0200] {processor.py:914} INFO - Processing file /Users/gordanaristova/MyProjects/MyRpaProject/venv/lib/python3.10/site-packages/airflow/example_dags/example_trigger_controller_dag.py for tasks to queue
[2025-06-12T10:40:40.875+0200] {logging_mixin.py:190} INFO - [2025-06-12T10:40:40.875+0200] {dagbag.py:588} INFO - Filling up the DagBag from /Users/gordanaristova/MyProjects/MyRpaProject/venv/lib/python3.10/site-packages/airflow/example_dags/example_trigger_controller_dag.py
[2025-06-12T10:40:40.878+0200] {processor.py:925} INFO - DAG(s) 'example_trigger_controller_dag' retrieved from /Users/gordanaristova/MyProjects/MyRpaProject/venv/lib/python3.10/site-packages/airflow/example_dags/example_trigger_controller_dag.py
[2025-06-12T10:40:40.905+0200] {logging_mixin.py:190} INFO - [2025-06-12T10:40:40.905+0200] {dag.py:3239} INFO - Sync 1 DAGs
[2025-06-12T10:40:40.910+0200] {logging_mixin.py:190} INFO - [2025-06-12T10:40:40.910+0200] {dag.py:4180} INFO - Setting next_dagrun for example_trigger_controller_dag to 2021-01-01 00:00:00+00:00, run_after=2021-01-01 00:00:00+00:00
[2025-06-12T10:40:40.914+0200] {processor.py:208} INFO - Processing /Users/gordanaristova/MyProjects/MyRpaProject/venv/lib/python3.10/site-packages/airflow/example_dags/example_trigger_controller_dag.py took 0.041 seconds
[2025-06-12T10:41:34.829+0200] {processor.py:186} INFO - Started process (PID=8670) to work on /Users/gordanaristova/MyProjects/MyRpaProject/venv/lib/python3.10/site-packages/airflow/example_dags/example_trigger_controller_dag.py
[2025-06-12T10:41:34.830+0200] {processor.py:914} INFO - Processing file /Users/gordanaristova/MyProjects/MyRpaProject/venv/lib/python3.10/site-packages/airflow/example_dags/example_trigger_controller_dag.py for tasks to queue
[2025-06-12T10:41:34.830+0200] {logging_mixin.py:190} INFO - [2025-06-12T10:41:34.830+0200] {dagbag.py:588} INFO - Filling up the DagBag from /Users/gordanaristova/MyProjects/MyRpaProject/venv/lib/python3.10/site-packages/airflow/example_dags/example_trigger_controller_dag.py
[2025-06-12T10:41:34.833+0200] {processor.py:925} INFO - DAG(s) 'example_trigger_controller_dag' retrieved from /Users/gordanaristova/MyProjects/MyRpaProject/venv/lib/python3.10/site-packages/airflow/example_dags/example_trigger_controller_dag.py
[2025-06-12T10:41:34.860+0200] {logging_mixin.py:190} INFO - [2025-06-12T10:41:34.860+0200] {dag.py:3239} INFO - Sync 1 DAGs
[2025-06-12T10:41:34.865+0200] {logging_mixin.py:190} INFO - [2025-06-12T10:41:34.865+0200] {dag.py:4180} INFO - Setting next_dagrun for example_trigger_controller_dag to 2021-01-01 00:00:00+00:00, run_after=2021-01-01 00:00:00+00:00
[2025-06-12T10:41:34.869+0200] {processor.py:208} INFO - Processing /Users/gordanaristova/MyProjects/MyRpaProject/venv/lib/python3.10/site-packages/airflow/example_dags/example_trigger_controller_dag.py took 0.041 seconds
[2025-06-12T10:42:27.904+0200] {processor.py:186} INFO - Started process (PID=8711) to work on /Users/gordanaristova/MyProjects/MyRpaProject/venv/lib/python3.10/site-packages/airflow/example_dags/example_trigger_controller_dag.py
[2025-06-12T10:42:27.904+0200] {processor.py:914} INFO - Processing file /Users/gordanaristova/MyProjects/MyRpaProject/venv/lib/python3.10/site-packages/airflow/example_dags/example_trigger_controller_dag.py for tasks to queue
[2025-06-12T10:42:27.905+0200] {logging_mixin.py:190} INFO - [2025-06-12T10:42:27.905+0200] {dagbag.py:588} INFO - Filling up the DagBag from /Users/gordanaristova/MyProjects/MyRpaProject/venv/lib/python3.10/site-packages/airflow/example_dags/example_trigger_controller_dag.py
[2025-06-12T10:42:27.907+0200] {processor.py:925} INFO - DAG(s) 'example_trigger_controller_dag' retrieved from /Users/gordanaristova/MyProjects/MyRpaProject/venv/lib/python3.10/site-packages/airflow/example_dags/example_trigger_controller_dag.py
[2025-06-12T10:42:27.934+0200] {logging_mixin.py:190} INFO - [2025-06-12T10:42:27.934+0200] {dag.py:3239} INFO - Sync 1 DAGs
[2025-06-12T10:42:27.940+0200] {logging_mixin.py:190} INFO - [2025-06-12T10:42:27.939+0200] {dag.py:4180} INFO - Setting next_dagrun for example_trigger_controller_dag to 2021-01-01 00:00:00+00:00, run_after=2021-01-01 00:00:00+00:00
[2025-06-12T10:42:27.944+0200] {processor.py:208} INFO - Processing /Users/gordanaristova/MyProjects/MyRpaProject/venv/lib/python3.10/site-packages/airflow/example_dags/example_trigger_controller_dag.py took 0.041 seconds
[2025-06-12T10:43:21.719+0200] {processor.py:186} INFO - Started process (PID=8772) to work on /Users/gordanaristova/MyProjects/MyRpaProject/venv/lib/python3.10/site-packages/airflow/example_dags/example_trigger_controller_dag.py
[2025-06-12T10:43:21.720+0200] {processor.py:914} INFO - Processing file /Users/gordanaristova/MyProjects/MyRpaProject/venv/lib/python3.10/site-packages/airflow/example_dags/example_trigger_controller_dag.py for tasks to queue
[2025-06-12T10:43:21.720+0200] {logging_mixin.py:190} INFO - [2025-06-12T10:43:21.720+0200] {dagbag.py:588} INFO - Filling up the DagBag from /Users/gordanaristova/MyProjects/MyRpaProject/venv/lib/python3.10/site-packages/airflow/example_dags/example_trigger_controller_dag.py
[2025-06-12T10:43:21.723+0200] {processor.py:925} INFO - DAG(s) 'example_trigger_controller_dag' retrieved from /Users/gordanaristova/MyProjects/MyRpaProject/venv/lib/python3.10/site-packages/airflow/example_dags/example_trigger_controller_dag.py
[2025-06-12T10:43:21.749+0200] {logging_mixin.py:190} INFO - [2025-06-12T10:43:21.749+0200] {dag.py:3239} INFO - Sync 1 DAGs
[2025-06-12T10:43:21.754+0200] {logging_mixin.py:190} INFO - [2025-06-12T10:43:21.754+0200] {dag.py:4180} INFO - Setting next_dagrun for example_trigger_controller_dag to 2021-01-01 00:00:00+00:00, run_after=2021-01-01 00:00:00+00:00
[2025-06-12T10:43:21.758+0200] {processor.py:208} INFO - Processing /Users/gordanaristova/MyProjects/MyRpaProject/venv/lib/python3.10/site-packages/airflow/example_dags/example_trigger_controller_dag.py took 0.040 seconds
[2025-06-12T10:44:15.057+0200] {processor.py:186} INFO - Started process (PID=8863) to work on /Users/gordanaristova/MyProjects/MyRpaProject/venv/lib/python3.10/site-packages/airflow/example_dags/example_trigger_controller_dag.py
[2025-06-12T10:44:15.058+0200] {processor.py:914} INFO - Processing file /Users/gordanaristova/MyProjects/MyRpaProject/venv/lib/python3.10/site-packages/airflow/example_dags/example_trigger_controller_dag.py for tasks to queue
[2025-06-12T10:44:15.059+0200] {logging_mixin.py:190} INFO - [2025-06-12T10:44:15.059+0200] {dagbag.py:588} INFO - Filling up the DagBag from /Users/gordanaristova/MyProjects/MyRpaProject/venv/lib/python3.10/site-packages/airflow/example_dags/example_trigger_controller_dag.py
[2025-06-12T10:44:15.062+0200] {processor.py:925} INFO - DAG(s) 'example_trigger_controller_dag' retrieved from /Users/gordanaristova/MyProjects/MyRpaProject/venv/lib/python3.10/site-packages/airflow/example_dags/example_trigger_controller_dag.py
[2025-06-12T10:44:15.088+0200] {logging_mixin.py:190} INFO - [2025-06-12T10:44:15.088+0200] {dag.py:3239} INFO - Sync 1 DAGs
[2025-06-12T10:44:15.093+0200] {logging_mixin.py:190} INFO - [2025-06-12T10:44:15.093+0200] {dag.py:4180} INFO - Setting next_dagrun for example_trigger_controller_dag to 2021-01-01 00:00:00+00:00, run_after=2021-01-01 00:00:00+00:00
[2025-06-12T10:44:15.097+0200] {processor.py:208} INFO - Processing /Users/gordanaristova/MyProjects/MyRpaProject/venv/lib/python3.10/site-packages/airflow/example_dags/example_trigger_controller_dag.py took 0.041 seconds
[2025-06-12T10:45:07.840+0200] {processor.py:186} INFO - Started process (PID=8903) to work on /Users/gordanaristova/MyProjects/MyRpaProject/venv/lib/python3.10/site-packages/airflow/example_dags/example_trigger_controller_dag.py
[2025-06-12T10:45:07.840+0200] {processor.py:914} INFO - Processing file /Users/gordanaristova/MyProjects/MyRpaProject/venv/lib/python3.10/site-packages/airflow/example_dags/example_trigger_controller_dag.py for tasks to queue
[2025-06-12T10:45:07.841+0200] {logging_mixin.py:190} INFO - [2025-06-12T10:45:07.841+0200] {dagbag.py:588} INFO - Filling up the DagBag from /Users/gordanaristova/MyProjects/MyRpaProject/venv/lib/python3.10/site-packages/airflow/example_dags/example_trigger_controller_dag.py
[2025-06-12T10:45:07.843+0200] {processor.py:925} INFO - DAG(s) 'example_trigger_controller_dag' retrieved from /Users/gordanaristova/MyProjects/MyRpaProject/venv/lib/python3.10/site-packages/airflow/example_dags/example_trigger_controller_dag.py
[2025-06-12T10:45:07.871+0200] {logging_mixin.py:190} INFO - [2025-06-12T10:45:07.871+0200] {dag.py:3239} INFO - Sync 1 DAGs
[2025-06-12T10:45:07.876+0200] {logging_mixin.py:190} INFO - [2025-06-12T10:45:07.876+0200] {dag.py:4180} INFO - Setting next_dagrun for example_trigger_controller_dag to 2021-01-01 00:00:00+00:00, run_after=2021-01-01 00:00:00+00:00
[2025-06-12T10:45:07.881+0200] {processor.py:208} INFO - Processing /Users/gordanaristova/MyProjects/MyRpaProject/venv/lib/python3.10/site-packages/airflow/example_dags/example_trigger_controller_dag.py took 0.041 seconds
[2025-06-12T10:46:01.731+0200] {processor.py:186} INFO - Started process (PID=8951) to work on /Users/gordanaristova/MyProjects/MyRpaProject/venv/lib/python3.10/site-packages/airflow/example_dags/example_trigger_controller_dag.py
[2025-06-12T10:46:01.732+0200] {processor.py:914} INFO - Processing file /Users/gordanaristova/MyProjects/MyRpaProject/venv/lib/python3.10/site-packages/airflow/example_dags/example_trigger_controller_dag.py for tasks to queue
[2025-06-12T10:46:01.733+0200] {logging_mixin.py:190} INFO - [2025-06-12T10:46:01.733+0200] {dagbag.py:588} INFO - Filling up the DagBag from /Users/gordanaristova/MyProjects/MyRpaProject/venv/lib/python3.10/site-packages/airflow/example_dags/example_trigger_controller_dag.py
[2025-06-12T10:46:01.736+0200] {processor.py:925} INFO - DAG(s) 'example_trigger_controller_dag' retrieved from /Users/gordanaristova/MyProjects/MyRpaProject/venv/lib/python3.10/site-packages/airflow/example_dags/example_trigger_controller_dag.py
[2025-06-12T10:46:01.763+0200] {logging_mixin.py:190} INFO - [2025-06-12T10:46:01.763+0200] {dag.py:3239} INFO - Sync 1 DAGs
[2025-06-12T10:46:01.768+0200] {logging_mixin.py:190} INFO - [2025-06-12T10:46:01.768+0200] {dag.py:4180} INFO - Setting next_dagrun for example_trigger_controller_dag to 2021-01-01 00:00:00+00:00, run_after=2021-01-01 00:00:00+00:00
[2025-06-12T10:46:01.773+0200] {processor.py:208} INFO - Processing /Users/gordanaristova/MyProjects/MyRpaProject/venv/lib/python3.10/site-packages/airflow/example_dags/example_trigger_controller_dag.py took 0.042 seconds
[2025-06-12T10:47:51.261+0200] {processor.py:186} INFO - Started process (PID=9081) to work on /Users/gordanaristova/MyProjects/MyRpaProject/venv/lib/python3.10/site-packages/airflow/example_dags/example_trigger_controller_dag.py
[2025-06-12T10:47:51.262+0200] {processor.py:914} INFO - Processing file /Users/gordanaristova/MyProjects/MyRpaProject/venv/lib/python3.10/site-packages/airflow/example_dags/example_trigger_controller_dag.py for tasks to queue
[2025-06-12T10:47:51.263+0200] {logging_mixin.py:190} INFO - [2025-06-12T10:47:51.262+0200] {dagbag.py:588} INFO - Filling up the DagBag from /Users/gordanaristova/MyProjects/MyRpaProject/venv/lib/python3.10/site-packages/airflow/example_dags/example_trigger_controller_dag.py
[2025-06-12T10:47:51.265+0200] {processor.py:925} INFO - DAG(s) 'example_trigger_controller_dag' retrieved from /Users/gordanaristova/MyProjects/MyRpaProject/venv/lib/python3.10/site-packages/airflow/example_dags/example_trigger_controller_dag.py
[2025-06-12T10:47:51.292+0200] {logging_mixin.py:190} INFO - [2025-06-12T10:47:51.292+0200] {dag.py:3239} INFO - Sync 1 DAGs
[2025-06-12T10:47:51.297+0200] {logging_mixin.py:190} INFO - [2025-06-12T10:47:51.296+0200] {dag.py:4180} INFO - Setting next_dagrun for example_trigger_controller_dag to 2021-01-01 00:00:00+00:00, run_after=2021-01-01 00:00:00+00:00
[2025-06-12T10:47:51.301+0200] {processor.py:208} INFO - Processing /Users/gordanaristova/MyProjects/MyRpaProject/venv/lib/python3.10/site-packages/airflow/example_dags/example_trigger_controller_dag.py took 0.041 seconds
[2025-06-12T10:48:46.608+0200] {processor.py:186} INFO - Started process (PID=9163) to work on /Users/gordanaristova/MyProjects/MyRpaProject/venv/lib/python3.10/site-packages/airflow/example_dags/example_trigger_controller_dag.py
[2025-06-12T10:48:46.609+0200] {processor.py:914} INFO - Processing file /Users/gordanaristova/MyProjects/MyRpaProject/venv/lib/python3.10/site-packages/airflow/example_dags/example_trigger_controller_dag.py for tasks to queue
[2025-06-12T10:48:46.609+0200] {logging_mixin.py:190} INFO - [2025-06-12T10:48:46.609+0200] {dagbag.py:588} INFO - Filling up the DagBag from /Users/gordanaristova/MyProjects/MyRpaProject/venv/lib/python3.10/site-packages/airflow/example_dags/example_trigger_controller_dag.py
[2025-06-12T10:48:46.612+0200] {processor.py:925} INFO - DAG(s) 'example_trigger_controller_dag' retrieved from /Users/gordanaristova/MyProjects/MyRpaProject/venv/lib/python3.10/site-packages/airflow/example_dags/example_trigger_controller_dag.py
[2025-06-12T10:48:46.638+0200] {logging_mixin.py:190} INFO - [2025-06-12T10:48:46.638+0200] {dag.py:3239} INFO - Sync 1 DAGs
[2025-06-12T10:48:46.643+0200] {logging_mixin.py:190} INFO - [2025-06-12T10:48:46.643+0200] {dag.py:4180} INFO - Setting next_dagrun for example_trigger_controller_dag to 2021-01-01 00:00:00+00:00, run_after=2021-01-01 00:00:00+00:00
[2025-06-12T10:48:46.648+0200] {processor.py:208} INFO - Processing /Users/gordanaristova/MyProjects/MyRpaProject/venv/lib/python3.10/site-packages/airflow/example_dags/example_trigger_controller_dag.py took 0.041 seconds
[2025-06-12T10:49:39.791+0200] {processor.py:186} INFO - Started process (PID=9220) to work on /Users/gordanaristova/MyProjects/MyRpaProject/venv/lib/python3.10/site-packages/airflow/example_dags/example_trigger_controller_dag.py
[2025-06-12T10:49:39.792+0200] {processor.py:914} INFO - Processing file /Users/gordanaristova/MyProjects/MyRpaProject/venv/lib/python3.10/site-packages/airflow/example_dags/example_trigger_controller_dag.py for tasks to queue
[2025-06-12T10:49:39.793+0200] {logging_mixin.py:190} INFO - [2025-06-12T10:49:39.793+0200] {dagbag.py:588} INFO - Filling up the DagBag from /Users/gordanaristova/MyProjects/MyRpaProject/venv/lib/python3.10/site-packages/airflow/example_dags/example_trigger_controller_dag.py
[2025-06-12T10:49:39.796+0200] {processor.py:925} INFO - DAG(s) 'example_trigger_controller_dag' retrieved from /Users/gordanaristova/MyProjects/MyRpaProject/venv/lib/python3.10/site-packages/airflow/example_dags/example_trigger_controller_dag.py
[2025-06-12T10:49:39.822+0200] {logging_mixin.py:190} INFO - [2025-06-12T10:49:39.822+0200] {dag.py:3239} INFO - Sync 1 DAGs
[2025-06-12T10:49:39.827+0200] {logging_mixin.py:190} INFO - [2025-06-12T10:49:39.827+0200] {dag.py:4180} INFO - Setting next_dagrun for example_trigger_controller_dag to 2021-01-01 00:00:00+00:00, run_after=2021-01-01 00:00:00+00:00
[2025-06-12T10:49:39.831+0200] {processor.py:208} INFO - Processing /Users/gordanaristova/MyProjects/MyRpaProject/venv/lib/python3.10/site-packages/airflow/example_dags/example_trigger_controller_dag.py took 0.041 seconds
[2025-06-12T10:56:49.224+0200] {processor.py:186} INFO - Started process (PID=9423) to work on /Users/gordanaristova/MyProjects/MyRpaProject/venv/lib/python3.10/site-packages/airflow/example_dags/example_trigger_controller_dag.py
[2025-06-12T10:56:49.225+0200] {processor.py:914} INFO - Processing file /Users/gordanaristova/MyProjects/MyRpaProject/venv/lib/python3.10/site-packages/airflow/example_dags/example_trigger_controller_dag.py for tasks to queue
[2025-06-12T10:56:49.225+0200] {logging_mixin.py:190} INFO - [2025-06-12T10:56:49.225+0200] {dagbag.py:588} INFO - Filling up the DagBag from /Users/gordanaristova/MyProjects/MyRpaProject/venv/lib/python3.10/site-packages/airflow/example_dags/example_trigger_controller_dag.py
[2025-06-12T10:56:49.228+0200] {processor.py:925} INFO - DAG(s) 'example_trigger_controller_dag' retrieved from /Users/gordanaristova/MyProjects/MyRpaProject/venv/lib/python3.10/site-packages/airflow/example_dags/example_trigger_controller_dag.py
[2025-06-12T10:56:49.255+0200] {logging_mixin.py:190} INFO - [2025-06-12T10:56:49.255+0200] {dag.py:3239} INFO - Sync 1 DAGs
[2025-06-12T10:56:49.260+0200] {logging_mixin.py:190} INFO - [2025-06-12T10:56:49.260+0200] {dag.py:4180} INFO - Setting next_dagrun for example_trigger_controller_dag to 2021-01-01 00:00:00+00:00, run_after=2021-01-01 00:00:00+00:00
[2025-06-12T10:56:49.265+0200] {processor.py:208} INFO - Processing /Users/gordanaristova/MyProjects/MyRpaProject/venv/lib/python3.10/site-packages/airflow/example_dags/example_trigger_controller_dag.py took 0.042 seconds
[2025-06-12T10:58:15.586+0200] {processor.py:186} INFO - Started process (PID=9522) to work on /Users/gordanaristova/MyProjects/MyRpaProject/venv/lib/python3.10/site-packages/airflow/example_dags/example_trigger_controller_dag.py
[2025-06-12T10:58:15.587+0200] {processor.py:914} INFO - Processing file /Users/gordanaristova/MyProjects/MyRpaProject/venv/lib/python3.10/site-packages/airflow/example_dags/example_trigger_controller_dag.py for tasks to queue
[2025-06-12T10:58:15.587+0200] {logging_mixin.py:190} INFO - [2025-06-12T10:58:15.587+0200] {dagbag.py:588} INFO - Filling up the DagBag from /Users/gordanaristova/MyProjects/MyRpaProject/venv/lib/python3.10/site-packages/airflow/example_dags/example_trigger_controller_dag.py
[2025-06-12T10:58:15.591+0200] {processor.py:925} INFO - DAG(s) 'example_trigger_controller_dag' retrieved from /Users/gordanaristova/MyProjects/MyRpaProject/venv/lib/python3.10/site-packages/airflow/example_dags/example_trigger_controller_dag.py
[2025-06-12T10:58:15.619+0200] {logging_mixin.py:190} INFO - [2025-06-12T10:58:15.619+0200] {dag.py:3239} INFO - Sync 1 DAGs
[2025-06-12T10:58:15.624+0200] {logging_mixin.py:190} INFO - [2025-06-12T10:58:15.624+0200] {dag.py:4180} INFO - Setting next_dagrun for example_trigger_controller_dag to 2021-01-01 00:00:00+00:00, run_after=2021-01-01 00:00:00+00:00
[2025-06-12T10:58:15.628+0200] {processor.py:208} INFO - Processing /Users/gordanaristova/MyProjects/MyRpaProject/venv/lib/python3.10/site-packages/airflow/example_dags/example_trigger_controller_dag.py took 0.043 seconds
[2025-06-12T11:11:33.699+0200] {processor.py:186} INFO - Started process (PID=9739) to work on /Users/gordanaristova/MyProjects/MyRpaProject/venv/lib/python3.10/site-packages/airflow/example_dags/example_trigger_controller_dag.py
[2025-06-12T11:11:33.700+0200] {processor.py:914} INFO - Processing file /Users/gordanaristova/MyProjects/MyRpaProject/venv/lib/python3.10/site-packages/airflow/example_dags/example_trigger_controller_dag.py for tasks to queue
[2025-06-12T11:11:33.700+0200] {logging_mixin.py:190} INFO - [2025-06-12T11:11:33.700+0200] {dagbag.py:588} INFO - Filling up the DagBag from /Users/gordanaristova/MyProjects/MyRpaProject/venv/lib/python3.10/site-packages/airflow/example_dags/example_trigger_controller_dag.py
[2025-06-12T11:11:33.703+0200] {processor.py:925} INFO - DAG(s) 'example_trigger_controller_dag' retrieved from /Users/gordanaristova/MyProjects/MyRpaProject/venv/lib/python3.10/site-packages/airflow/example_dags/example_trigger_controller_dag.py
[2025-06-12T11:11:33.730+0200] {logging_mixin.py:190} INFO - [2025-06-12T11:11:33.730+0200] {dag.py:3239} INFO - Sync 1 DAGs
[2025-06-12T11:11:33.735+0200] {logging_mixin.py:190} INFO - [2025-06-12T11:11:33.735+0200] {dag.py:4180} INFO - Setting next_dagrun for example_trigger_controller_dag to 2021-01-01 00:00:00+00:00, run_after=2021-01-01 00:00:00+00:00
[2025-06-12T11:11:33.739+0200] {processor.py:208} INFO - Processing /Users/gordanaristova/MyProjects/MyRpaProject/venv/lib/python3.10/site-packages/airflow/example_dags/example_trigger_controller_dag.py took 0.041 seconds
[2025-06-12T11:13:01.494+0200] {processor.py:186} INFO - Started process (PID=9836) to work on /Users/gordanaristova/MyProjects/MyRpaProject/venv/lib/python3.10/site-packages/airflow/example_dags/example_trigger_controller_dag.py
[2025-06-12T11:13:01.495+0200] {processor.py:914} INFO - Processing file /Users/gordanaristova/MyProjects/MyRpaProject/venv/lib/python3.10/site-packages/airflow/example_dags/example_trigger_controller_dag.py for tasks to queue
[2025-06-12T11:13:01.495+0200] {logging_mixin.py:190} INFO - [2025-06-12T11:13:01.495+0200] {dagbag.py:588} INFO - Filling up the DagBag from /Users/gordanaristova/MyProjects/MyRpaProject/venv/lib/python3.10/site-packages/airflow/example_dags/example_trigger_controller_dag.py
[2025-06-12T11:13:01.498+0200] {processor.py:925} INFO - DAG(s) 'example_trigger_controller_dag' retrieved from /Users/gordanaristova/MyProjects/MyRpaProject/venv/lib/python3.10/site-packages/airflow/example_dags/example_trigger_controller_dag.py
[2025-06-12T11:13:01.524+0200] {logging_mixin.py:190} INFO - [2025-06-12T11:13:01.524+0200] {dag.py:3239} INFO - Sync 1 DAGs
[2025-06-12T11:13:01.529+0200] {logging_mixin.py:190} INFO - [2025-06-12T11:13:01.529+0200] {dag.py:4180} INFO - Setting next_dagrun for example_trigger_controller_dag to 2021-01-01 00:00:00+00:00, run_after=2021-01-01 00:00:00+00:00
[2025-06-12T11:13:01.534+0200] {processor.py:208} INFO - Processing /Users/gordanaristova/MyProjects/MyRpaProject/venv/lib/python3.10/site-packages/airflow/example_dags/example_trigger_controller_dag.py took 0.040 seconds
[2025-06-12T11:21:39.555+0200] {processor.py:186} INFO - Started process (PID=10031) to work on /Users/gordanaristova/MyProjects/MyRpaProject/venv/lib/python3.10/site-packages/airflow/example_dags/example_trigger_controller_dag.py
[2025-06-12T11:21:39.556+0200] {processor.py:914} INFO - Processing file /Users/gordanaristova/MyProjects/MyRpaProject/venv/lib/python3.10/site-packages/airflow/example_dags/example_trigger_controller_dag.py for tasks to queue
[2025-06-12T11:21:39.556+0200] {logging_mixin.py:190} INFO - [2025-06-12T11:21:39.556+0200] {dagbag.py:588} INFO - Filling up the DagBag from /Users/gordanaristova/MyProjects/MyRpaProject/venv/lib/python3.10/site-packages/airflow/example_dags/example_trigger_controller_dag.py
[2025-06-12T11:21:39.559+0200] {processor.py:925} INFO - DAG(s) 'example_trigger_controller_dag' retrieved from /Users/gordanaristova/MyProjects/MyRpaProject/venv/lib/python3.10/site-packages/airflow/example_dags/example_trigger_controller_dag.py
[2025-06-12T11:21:39.586+0200] {logging_mixin.py:190} INFO - [2025-06-12T11:21:39.586+0200] {dag.py:3239} INFO - Sync 1 DAGs
[2025-06-12T11:21:39.591+0200] {logging_mixin.py:190} INFO - [2025-06-12T11:21:39.590+0200] {dag.py:4180} INFO - Setting next_dagrun for example_trigger_controller_dag to 2021-01-01 00:00:00+00:00, run_after=2021-01-01 00:00:00+00:00
[2025-06-12T11:21:39.595+0200] {processor.py:208} INFO - Processing /Users/gordanaristova/MyProjects/MyRpaProject/venv/lib/python3.10/site-packages/airflow/example_dags/example_trigger_controller_dag.py took 0.041 seconds
[2025-06-12T11:23:05.611+0200] {processor.py:186} INFO - Started process (PID=10122) to work on /Users/gordanaristova/MyProjects/MyRpaProject/venv/lib/python3.10/site-packages/airflow/example_dags/example_trigger_controller_dag.py
[2025-06-12T11:23:05.612+0200] {processor.py:914} INFO - Processing file /Users/gordanaristova/MyProjects/MyRpaProject/venv/lib/python3.10/site-packages/airflow/example_dags/example_trigger_controller_dag.py for tasks to queue
[2025-06-12T11:23:05.612+0200] {logging_mixin.py:190} INFO - [2025-06-12T11:23:05.612+0200] {dagbag.py:588} INFO - Filling up the DagBag from /Users/gordanaristova/MyProjects/MyRpaProject/venv/lib/python3.10/site-packages/airflow/example_dags/example_trigger_controller_dag.py
[2025-06-12T11:23:05.615+0200] {processor.py:925} INFO - DAG(s) 'example_trigger_controller_dag' retrieved from /Users/gordanaristova/MyProjects/MyRpaProject/venv/lib/python3.10/site-packages/airflow/example_dags/example_trigger_controller_dag.py
[2025-06-12T11:23:05.642+0200] {logging_mixin.py:190} INFO - [2025-06-12T11:23:05.642+0200] {dag.py:3239} INFO - Sync 1 DAGs
[2025-06-12T11:23:05.647+0200] {logging_mixin.py:190} INFO - [2025-06-12T11:23:05.647+0200] {dag.py:4180} INFO - Setting next_dagrun for example_trigger_controller_dag to 2021-01-01 00:00:00+00:00, run_after=2021-01-01 00:00:00+00:00
[2025-06-12T11:23:05.651+0200] {processor.py:208} INFO - Processing /Users/gordanaristova/MyProjects/MyRpaProject/venv/lib/python3.10/site-packages/airflow/example_dags/example_trigger_controller_dag.py took 0.041 seconds
[2025-06-12T11:24:00.547+0200] {processor.py:186} INFO - Started process (PID=10183) to work on /Users/gordanaristova/MyProjects/MyRpaProject/venv/lib/python3.10/site-packages/airflow/example_dags/example_trigger_controller_dag.py
[2025-06-12T11:24:00.548+0200] {processor.py:914} INFO - Processing file /Users/gordanaristova/MyProjects/MyRpaProject/venv/lib/python3.10/site-packages/airflow/example_dags/example_trigger_controller_dag.py for tasks to queue
[2025-06-12T11:24:00.548+0200] {logging_mixin.py:190} INFO - [2025-06-12T11:24:00.548+0200] {dagbag.py:588} INFO - Filling up the DagBag from /Users/gordanaristova/MyProjects/MyRpaProject/venv/lib/python3.10/site-packages/airflow/example_dags/example_trigger_controller_dag.py
[2025-06-12T11:24:00.551+0200] {processor.py:925} INFO - DAG(s) 'example_trigger_controller_dag' retrieved from /Users/gordanaristova/MyProjects/MyRpaProject/venv/lib/python3.10/site-packages/airflow/example_dags/example_trigger_controller_dag.py
[2025-06-12T11:24:00.578+0200] {logging_mixin.py:190} INFO - [2025-06-12T11:24:00.578+0200] {dag.py:3239} INFO - Sync 1 DAGs
[2025-06-12T11:24:00.583+0200] {logging_mixin.py:190} INFO - [2025-06-12T11:24:00.583+0200] {dag.py:4180} INFO - Setting next_dagrun for example_trigger_controller_dag to 2021-01-01 00:00:00+00:00, run_after=2021-01-01 00:00:00+00:00
[2025-06-12T11:24:00.588+0200] {processor.py:208} INFO - Processing /Users/gordanaristova/MyProjects/MyRpaProject/venv/lib/python3.10/site-packages/airflow/example_dags/example_trigger_controller_dag.py took 0.042 seconds
[2025-06-12T11:40:55.434+0200] {processor.py:186} INFO - Started process (PID=10399) to work on /Users/gordanaristova/MyProjects/MyRpaProject/venv/lib/python3.10/site-packages/airflow/example_dags/example_trigger_controller_dag.py
[2025-06-12T11:40:55.435+0200] {processor.py:914} INFO - Processing file /Users/gordanaristova/MyProjects/MyRpaProject/venv/lib/python3.10/site-packages/airflow/example_dags/example_trigger_controller_dag.py for tasks to queue
[2025-06-12T11:40:55.435+0200] {logging_mixin.py:190} INFO - [2025-06-12T11:40:55.435+0200] {dagbag.py:588} INFO - Filling up the DagBag from /Users/gordanaristova/MyProjects/MyRpaProject/venv/lib/python3.10/site-packages/airflow/example_dags/example_trigger_controller_dag.py
[2025-06-12T11:40:55.438+0200] {processor.py:925} INFO - DAG(s) 'example_trigger_controller_dag' retrieved from /Users/gordanaristova/MyProjects/MyRpaProject/venv/lib/python3.10/site-packages/airflow/example_dags/example_trigger_controller_dag.py
[2025-06-12T11:40:55.464+0200] {logging_mixin.py:190} INFO - [2025-06-12T11:40:55.464+0200] {dag.py:3239} INFO - Sync 1 DAGs
[2025-06-12T11:40:55.469+0200] {logging_mixin.py:190} INFO - [2025-06-12T11:40:55.469+0200] {dag.py:4180} INFO - Setting next_dagrun for example_trigger_controller_dag to 2021-01-01 00:00:00+00:00, run_after=2021-01-01 00:00:00+00:00
[2025-06-12T11:40:55.474+0200] {processor.py:208} INFO - Processing /Users/gordanaristova/MyProjects/MyRpaProject/venv/lib/python3.10/site-packages/airflow/example_dags/example_trigger_controller_dag.py took 0.041 seconds
[2025-06-12T11:42:20.640+0200] {processor.py:186} INFO - Started process (PID=10487) to work on /Users/gordanaristova/MyProjects/MyRpaProject/venv/lib/python3.10/site-packages/airflow/example_dags/example_trigger_controller_dag.py
[2025-06-12T11:42:20.641+0200] {processor.py:914} INFO - Processing file /Users/gordanaristova/MyProjects/MyRpaProject/venv/lib/python3.10/site-packages/airflow/example_dags/example_trigger_controller_dag.py for tasks to queue
[2025-06-12T11:42:20.641+0200] {logging_mixin.py:190} INFO - [2025-06-12T11:42:20.641+0200] {dagbag.py:588} INFO - Filling up the DagBag from /Users/gordanaristova/MyProjects/MyRpaProject/venv/lib/python3.10/site-packages/airflow/example_dags/example_trigger_controller_dag.py
[2025-06-12T11:42:20.644+0200] {processor.py:925} INFO - DAG(s) 'example_trigger_controller_dag' retrieved from /Users/gordanaristova/MyProjects/MyRpaProject/venv/lib/python3.10/site-packages/airflow/example_dags/example_trigger_controller_dag.py
[2025-06-12T11:42:20.670+0200] {logging_mixin.py:190} INFO - [2025-06-12T11:42:20.669+0200] {dag.py:3239} INFO - Sync 1 DAGs
[2025-06-12T11:42:20.674+0200] {logging_mixin.py:190} INFO - [2025-06-12T11:42:20.674+0200] {dag.py:4180} INFO - Setting next_dagrun for example_trigger_controller_dag to 2021-01-01 00:00:00+00:00, run_after=2021-01-01 00:00:00+00:00
[2025-06-12T11:42:20.679+0200] {processor.py:208} INFO - Processing /Users/gordanaristova/MyProjects/MyRpaProject/venv/lib/python3.10/site-packages/airflow/example_dags/example_trigger_controller_dag.py took 0.039 seconds
[2025-06-12T11:49:43.333+0200] {processor.py:186} INFO - Started process (PID=10622) to work on /Users/gordanaristova/MyProjects/MyRpaProject/venv/lib/python3.10/site-packages/airflow/example_dags/example_trigger_controller_dag.py
[2025-06-12T11:49:43.334+0200] {processor.py:914} INFO - Processing file /Users/gordanaristova/MyProjects/MyRpaProject/venv/lib/python3.10/site-packages/airflow/example_dags/example_trigger_controller_dag.py for tasks to queue
[2025-06-12T11:49:43.334+0200] {logging_mixin.py:190} INFO - [2025-06-12T11:49:43.334+0200] {dagbag.py:588} INFO - Filling up the DagBag from /Users/gordanaristova/MyProjects/MyRpaProject/venv/lib/python3.10/site-packages/airflow/example_dags/example_trigger_controller_dag.py
[2025-06-12T11:49:43.337+0200] {processor.py:925} INFO - DAG(s) 'example_trigger_controller_dag' retrieved from /Users/gordanaristova/MyProjects/MyRpaProject/venv/lib/python3.10/site-packages/airflow/example_dags/example_trigger_controller_dag.py
[2025-06-12T11:49:43.364+0200] {logging_mixin.py:190} INFO - [2025-06-12T11:49:43.364+0200] {dag.py:3239} INFO - Sync 1 DAGs
[2025-06-12T11:49:43.368+0200] {logging_mixin.py:190} INFO - [2025-06-12T11:49:43.368+0200] {dag.py:4180} INFO - Setting next_dagrun for example_trigger_controller_dag to 2021-01-01 00:00:00+00:00, run_after=2021-01-01 00:00:00+00:00
[2025-06-12T11:49:43.373+0200] {processor.py:208} INFO - Processing /Users/gordanaristova/MyProjects/MyRpaProject/venv/lib/python3.10/site-packages/airflow/example_dags/example_trigger_controller_dag.py took 0.041 seconds
[2025-06-12T11:51:09.989+0200] {processor.py:186} INFO - Started process (PID=10710) to work on /Users/gordanaristova/MyProjects/MyRpaProject/venv/lib/python3.10/site-packages/airflow/example_dags/example_trigger_controller_dag.py
[2025-06-12T11:51:09.990+0200] {processor.py:914} INFO - Processing file /Users/gordanaristova/MyProjects/MyRpaProject/venv/lib/python3.10/site-packages/airflow/example_dags/example_trigger_controller_dag.py for tasks to queue
[2025-06-12T11:51:09.990+0200] {logging_mixin.py:190} INFO - [2025-06-12T11:51:09.990+0200] {dagbag.py:588} INFO - Filling up the DagBag from /Users/gordanaristova/MyProjects/MyRpaProject/venv/lib/python3.10/site-packages/airflow/example_dags/example_trigger_controller_dag.py
[2025-06-12T11:51:09.993+0200] {processor.py:925} INFO - DAG(s) 'example_trigger_controller_dag' retrieved from /Users/gordanaristova/MyProjects/MyRpaProject/venv/lib/python3.10/site-packages/airflow/example_dags/example_trigger_controller_dag.py
[2025-06-12T11:51:10.022+0200] {logging_mixin.py:190} INFO - [2025-06-12T11:51:10.022+0200] {dag.py:3239} INFO - Sync 1 DAGs
[2025-06-12T11:51:10.027+0200] {logging_mixin.py:190} INFO - [2025-06-12T11:51:10.027+0200] {dag.py:4180} INFO - Setting next_dagrun for example_trigger_controller_dag to 2021-01-01 00:00:00+00:00, run_after=2021-01-01 00:00:00+00:00
[2025-06-12T11:51:10.032+0200] {processor.py:208} INFO - Processing /Users/gordanaristova/MyProjects/MyRpaProject/venv/lib/python3.10/site-packages/airflow/example_dags/example_trigger_controller_dag.py took 0.044 seconds
[2025-06-12T11:52:04.119+0200] {processor.py:186} INFO - Started process (PID=10780) to work on /Users/gordanaristova/MyProjects/MyRpaProject/venv/lib/python3.10/site-packages/airflow/example_dags/example_trigger_controller_dag.py
[2025-06-12T11:52:04.120+0200] {processor.py:914} INFO - Processing file /Users/gordanaristova/MyProjects/MyRpaProject/venv/lib/python3.10/site-packages/airflow/example_dags/example_trigger_controller_dag.py for tasks to queue
[2025-06-12T11:52:04.120+0200] {logging_mixin.py:190} INFO - [2025-06-12T11:52:04.120+0200] {dagbag.py:588} INFO - Filling up the DagBag from /Users/gordanaristova/MyProjects/MyRpaProject/venv/lib/python3.10/site-packages/airflow/example_dags/example_trigger_controller_dag.py
[2025-06-12T11:52:04.124+0200] {processor.py:925} INFO - DAG(s) 'example_trigger_controller_dag' retrieved from /Users/gordanaristova/MyProjects/MyRpaProject/venv/lib/python3.10/site-packages/airflow/example_dags/example_trigger_controller_dag.py
[2025-06-12T11:52:04.154+0200] {logging_mixin.py:190} INFO - [2025-06-12T11:52:04.154+0200] {dag.py:3239} INFO - Sync 1 DAGs
[2025-06-12T11:52:04.160+0200] {logging_mixin.py:190} INFO - [2025-06-12T11:52:04.160+0200] {dag.py:4180} INFO - Setting next_dagrun for example_trigger_controller_dag to 2021-01-01 00:00:00+00:00, run_after=2021-01-01 00:00:00+00:00
[2025-06-12T11:52:04.165+0200] {processor.py:208} INFO - Processing /Users/gordanaristova/MyProjects/MyRpaProject/venv/lib/python3.10/site-packages/airflow/example_dags/example_trigger_controller_dag.py took 0.047 seconds
[2025-06-12T11:52:57.280+0200] {processor.py:186} INFO - Started process (PID=10822) to work on /Users/gordanaristova/MyProjects/MyRpaProject/venv/lib/python3.10/site-packages/airflow/example_dags/example_trigger_controller_dag.py
[2025-06-12T11:52:57.280+0200] {processor.py:914} INFO - Processing file /Users/gordanaristova/MyProjects/MyRpaProject/venv/lib/python3.10/site-packages/airflow/example_dags/example_trigger_controller_dag.py for tasks to queue
[2025-06-12T11:52:57.280+0200] {logging_mixin.py:190} INFO - [2025-06-12T11:52:57.280+0200] {dagbag.py:588} INFO - Filling up the DagBag from /Users/gordanaristova/MyProjects/MyRpaProject/venv/lib/python3.10/site-packages/airflow/example_dags/example_trigger_controller_dag.py
[2025-06-12T11:52:57.283+0200] {processor.py:925} INFO - DAG(s) 'example_trigger_controller_dag' retrieved from /Users/gordanaristova/MyProjects/MyRpaProject/venv/lib/python3.10/site-packages/airflow/example_dags/example_trigger_controller_dag.py
[2025-06-12T11:52:57.310+0200] {logging_mixin.py:190} INFO - [2025-06-12T11:52:57.310+0200] {dag.py:3239} INFO - Sync 1 DAGs
[2025-06-12T11:52:57.314+0200] {logging_mixin.py:190} INFO - [2025-06-12T11:52:57.314+0200] {dag.py:4180} INFO - Setting next_dagrun for example_trigger_controller_dag to 2021-01-01 00:00:00+00:00, run_after=2021-01-01 00:00:00+00:00
[2025-06-12T11:52:57.319+0200] {processor.py:208} INFO - Processing /Users/gordanaristova/MyProjects/MyRpaProject/venv/lib/python3.10/site-packages/airflow/example_dags/example_trigger_controller_dag.py took 0.040 seconds
[2025-06-12T11:53:51.210+0200] {processor.py:186} INFO - Started process (PID=10863) to work on /Users/gordanaristova/MyProjects/MyRpaProject/venv/lib/python3.10/site-packages/airflow/example_dags/example_trigger_controller_dag.py
[2025-06-12T11:53:51.211+0200] {processor.py:914} INFO - Processing file /Users/gordanaristova/MyProjects/MyRpaProject/venv/lib/python3.10/site-packages/airflow/example_dags/example_trigger_controller_dag.py for tasks to queue
[2025-06-12T11:53:51.211+0200] {logging_mixin.py:190} INFO - [2025-06-12T11:53:51.211+0200] {dagbag.py:588} INFO - Filling up the DagBag from /Users/gordanaristova/MyProjects/MyRpaProject/venv/lib/python3.10/site-packages/airflow/example_dags/example_trigger_controller_dag.py
[2025-06-12T11:53:51.214+0200] {processor.py:925} INFO - DAG(s) 'example_trigger_controller_dag' retrieved from /Users/gordanaristova/MyProjects/MyRpaProject/venv/lib/python3.10/site-packages/airflow/example_dags/example_trigger_controller_dag.py
[2025-06-12T11:53:51.241+0200] {logging_mixin.py:190} INFO - [2025-06-12T11:53:51.241+0200] {dag.py:3239} INFO - Sync 1 DAGs
[2025-06-12T11:53:51.246+0200] {logging_mixin.py:190} INFO - [2025-06-12T11:53:51.246+0200] {dag.py:4180} INFO - Setting next_dagrun for example_trigger_controller_dag to 2021-01-01 00:00:00+00:00, run_after=2021-01-01 00:00:00+00:00
[2025-06-12T11:53:51.251+0200] {processor.py:208} INFO - Processing /Users/gordanaristova/MyProjects/MyRpaProject/venv/lib/python3.10/site-packages/airflow/example_dags/example_trigger_controller_dag.py took 0.041 seconds
[2025-06-12T11:54:45.908+0200] {processor.py:186} INFO - Started process (PID=10910) to work on /Users/gordanaristova/MyProjects/MyRpaProject/venv/lib/python3.10/site-packages/airflow/example_dags/example_trigger_controller_dag.py
[2025-06-12T11:54:45.909+0200] {processor.py:914} INFO - Processing file /Users/gordanaristova/MyProjects/MyRpaProject/venv/lib/python3.10/site-packages/airflow/example_dags/example_trigger_controller_dag.py for tasks to queue
[2025-06-12T11:54:45.909+0200] {logging_mixin.py:190} INFO - [2025-06-12T11:54:45.909+0200] {dagbag.py:588} INFO - Filling up the DagBag from /Users/gordanaristova/MyProjects/MyRpaProject/venv/lib/python3.10/site-packages/airflow/example_dags/example_trigger_controller_dag.py
[2025-06-12T11:54:45.912+0200] {processor.py:925} INFO - DAG(s) 'example_trigger_controller_dag' retrieved from /Users/gordanaristova/MyProjects/MyRpaProject/venv/lib/python3.10/site-packages/airflow/example_dags/example_trigger_controller_dag.py
[2025-06-12T11:54:45.939+0200] {logging_mixin.py:190} INFO - [2025-06-12T11:54:45.939+0200] {dag.py:3239} INFO - Sync 1 DAGs
[2025-06-12T11:54:45.944+0200] {logging_mixin.py:190} INFO - [2025-06-12T11:54:45.944+0200] {dag.py:4180} INFO - Setting next_dagrun for example_trigger_controller_dag to 2021-01-01 00:00:00+00:00, run_after=2021-01-01 00:00:00+00:00
[2025-06-12T11:54:45.948+0200] {processor.py:208} INFO - Processing /Users/gordanaristova/MyProjects/MyRpaProject/venv/lib/python3.10/site-packages/airflow/example_dags/example_trigger_controller_dag.py took 0.041 seconds
[2025-06-12T11:55:39.358+0200] {processor.py:186} INFO - Started process (PID=10969) to work on /Users/gordanaristova/MyProjects/MyRpaProject/venv/lib/python3.10/site-packages/airflow/example_dags/example_trigger_controller_dag.py
[2025-06-12T11:55:39.359+0200] {processor.py:914} INFO - Processing file /Users/gordanaristova/MyProjects/MyRpaProject/venv/lib/python3.10/site-packages/airflow/example_dags/example_trigger_controller_dag.py for tasks to queue
[2025-06-12T11:55:39.360+0200] {logging_mixin.py:190} INFO - [2025-06-12T11:55:39.360+0200] {dagbag.py:588} INFO - Filling up the DagBag from /Users/gordanaristova/MyProjects/MyRpaProject/venv/lib/python3.10/site-packages/airflow/example_dags/example_trigger_controller_dag.py
[2025-06-12T11:55:39.363+0200] {processor.py:925} INFO - DAG(s) 'example_trigger_controller_dag' retrieved from /Users/gordanaristova/MyProjects/MyRpaProject/venv/lib/python3.10/site-packages/airflow/example_dags/example_trigger_controller_dag.py
[2025-06-12T11:55:39.389+0200] {logging_mixin.py:190} INFO - [2025-06-12T11:55:39.389+0200] {dag.py:3239} INFO - Sync 1 DAGs
[2025-06-12T11:55:39.394+0200] {logging_mixin.py:190} INFO - [2025-06-12T11:55:39.394+0200] {dag.py:4180} INFO - Setting next_dagrun for example_trigger_controller_dag to 2021-01-01 00:00:00+00:00, run_after=2021-01-01 00:00:00+00:00
[2025-06-12T11:55:39.398+0200] {processor.py:208} INFO - Processing /Users/gordanaristova/MyProjects/MyRpaProject/venv/lib/python3.10/site-packages/airflow/example_dags/example_trigger_controller_dag.py took 0.041 seconds
[2025-06-12T11:56:34.718+0200] {processor.py:186} INFO - Started process (PID=11022) to work on /Users/gordanaristova/MyProjects/MyRpaProject/venv/lib/python3.10/site-packages/airflow/example_dags/example_trigger_controller_dag.py
[2025-06-12T11:56:34.719+0200] {processor.py:914} INFO - Processing file /Users/gordanaristova/MyProjects/MyRpaProject/venv/lib/python3.10/site-packages/airflow/example_dags/example_trigger_controller_dag.py for tasks to queue
[2025-06-12T11:56:34.719+0200] {logging_mixin.py:190} INFO - [2025-06-12T11:56:34.719+0200] {dagbag.py:588} INFO - Filling up the DagBag from /Users/gordanaristova/MyProjects/MyRpaProject/venv/lib/python3.10/site-packages/airflow/example_dags/example_trigger_controller_dag.py
[2025-06-12T11:56:34.722+0200] {processor.py:925} INFO - DAG(s) 'example_trigger_controller_dag' retrieved from /Users/gordanaristova/MyProjects/MyRpaProject/venv/lib/python3.10/site-packages/airflow/example_dags/example_trigger_controller_dag.py
[2025-06-12T11:56:34.750+0200] {logging_mixin.py:190} INFO - [2025-06-12T11:56:34.750+0200] {dag.py:3239} INFO - Sync 1 DAGs
[2025-06-12T11:56:34.755+0200] {logging_mixin.py:190} INFO - [2025-06-12T11:56:34.755+0200] {dag.py:4180} INFO - Setting next_dagrun for example_trigger_controller_dag to 2021-01-01 00:00:00+00:00, run_after=2021-01-01 00:00:00+00:00
[2025-06-12T11:56:34.759+0200] {processor.py:208} INFO - Processing /Users/gordanaristova/MyProjects/MyRpaProject/venv/lib/python3.10/site-packages/airflow/example_dags/example_trigger_controller_dag.py took 0.042 seconds
[2025-06-12T11:57:30.558+0200] {processor.py:186} INFO - Started process (PID=11091) to work on /Users/gordanaristova/MyProjects/MyRpaProject/venv/lib/python3.10/site-packages/airflow/example_dags/example_trigger_controller_dag.py
[2025-06-12T11:57:30.559+0200] {processor.py:914} INFO - Processing file /Users/gordanaristova/MyProjects/MyRpaProject/venv/lib/python3.10/site-packages/airflow/example_dags/example_trigger_controller_dag.py for tasks to queue
[2025-06-12T11:57:30.560+0200] {logging_mixin.py:190} INFO - [2025-06-12T11:57:30.560+0200] {dagbag.py:588} INFO - Filling up the DagBag from /Users/gordanaristova/MyProjects/MyRpaProject/venv/lib/python3.10/site-packages/airflow/example_dags/example_trigger_controller_dag.py
[2025-06-12T11:57:30.563+0200] {processor.py:925} INFO - DAG(s) 'example_trigger_controller_dag' retrieved from /Users/gordanaristova/MyProjects/MyRpaProject/venv/lib/python3.10/site-packages/airflow/example_dags/example_trigger_controller_dag.py
[2025-06-12T11:57:30.590+0200] {logging_mixin.py:190} INFO - [2025-06-12T11:57:30.590+0200] {dag.py:3239} INFO - Sync 1 DAGs
[2025-06-12T11:57:30.595+0200] {logging_mixin.py:190} INFO - [2025-06-12T11:57:30.595+0200] {dag.py:4180} INFO - Setting next_dagrun for example_trigger_controller_dag to 2021-01-01 00:00:00+00:00, run_after=2021-01-01 00:00:00+00:00
[2025-06-12T11:57:30.600+0200] {processor.py:208} INFO - Processing /Users/gordanaristova/MyProjects/MyRpaProject/venv/lib/python3.10/site-packages/airflow/example_dags/example_trigger_controller_dag.py took 0.043 seconds
[2025-06-12T13:14:29.956+0200] {processor.py:186} INFO - Started process (PID=12996) to work on /Users/gordanaristova/MyProjects/MyRpaProject/venv/lib/python3.10/site-packages/airflow/example_dags/example_trigger_controller_dag.py
[2025-06-12T13:14:29.957+0200] {processor.py:914} INFO - Processing file /Users/gordanaristova/MyProjects/MyRpaProject/venv/lib/python3.10/site-packages/airflow/example_dags/example_trigger_controller_dag.py for tasks to queue
[2025-06-12T13:14:29.958+0200] {logging_mixin.py:190} INFO - [2025-06-12T13:14:29.958+0200] {dagbag.py:588} INFO - Filling up the DagBag from /Users/gordanaristova/MyProjects/MyRpaProject/venv/lib/python3.10/site-packages/airflow/example_dags/example_trigger_controller_dag.py
[2025-06-12T13:14:29.961+0200] {processor.py:925} INFO - DAG(s) 'example_trigger_controller_dag' retrieved from /Users/gordanaristova/MyProjects/MyRpaProject/venv/lib/python3.10/site-packages/airflow/example_dags/example_trigger_controller_dag.py
[2025-06-12T13:14:29.988+0200] {logging_mixin.py:190} INFO - [2025-06-12T13:14:29.988+0200] {dag.py:3239} INFO - Sync 1 DAGs
[2025-06-12T13:14:29.993+0200] {logging_mixin.py:190} INFO - [2025-06-12T13:14:29.993+0200] {dag.py:4180} INFO - Setting next_dagrun for example_trigger_controller_dag to 2021-01-01 00:00:00+00:00, run_after=2021-01-01 00:00:00+00:00
[2025-06-12T13:14:29.998+0200] {processor.py:208} INFO - Processing /Users/gordanaristova/MyProjects/MyRpaProject/venv/lib/python3.10/site-packages/airflow/example_dags/example_trigger_controller_dag.py took 0.043 seconds
[2025-06-12T13:16:01.730+0200] {processor.py:186} INFO - Started process (PID=13085) to work on /Users/gordanaristova/MyProjects/MyRpaProject/venv/lib/python3.10/site-packages/airflow/example_dags/example_trigger_controller_dag.py
[2025-06-12T13:16:01.731+0200] {processor.py:914} INFO - Processing file /Users/gordanaristova/MyProjects/MyRpaProject/venv/lib/python3.10/site-packages/airflow/example_dags/example_trigger_controller_dag.py for tasks to queue
[2025-06-12T13:16:01.732+0200] {logging_mixin.py:190} INFO - [2025-06-12T13:16:01.731+0200] {dagbag.py:588} INFO - Filling up the DagBag from /Users/gordanaristova/MyProjects/MyRpaProject/venv/lib/python3.10/site-packages/airflow/example_dags/example_trigger_controller_dag.py
[2025-06-12T13:16:01.735+0200] {processor.py:925} INFO - DAG(s) 'example_trigger_controller_dag' retrieved from /Users/gordanaristova/MyProjects/MyRpaProject/venv/lib/python3.10/site-packages/airflow/example_dags/example_trigger_controller_dag.py
[2025-06-12T13:16:01.763+0200] {logging_mixin.py:190} INFO - [2025-06-12T13:16:01.763+0200] {dag.py:3239} INFO - Sync 1 DAGs
[2025-06-12T13:16:01.768+0200] {logging_mixin.py:190} INFO - [2025-06-12T13:16:01.768+0200] {dag.py:4180} INFO - Setting next_dagrun for example_trigger_controller_dag to 2021-01-01 00:00:00+00:00, run_after=2021-01-01 00:00:00+00:00
[2025-06-12T13:16:01.773+0200] {processor.py:208} INFO - Processing /Users/gordanaristova/MyProjects/MyRpaProject/venv/lib/python3.10/site-packages/airflow/example_dags/example_trigger_controller_dag.py took 0.043 seconds
