[2025-06-12T10:37:09.184+0200] {processor.py:186} INFO - Started process (PID=8448) to work on /Users/gordanaristova/MyProjects/MyRpaProject/venv/lib/python3.10/site-packages/airflow/example_dags/example_latest_only_with_trigger.py
[2025-06-12T10:37:09.184+0200] {processor.py:914} INFO - Processing file /Users/gordanaristova/MyProjects/MyRpaProject/venv/lib/python3.10/site-packages/airflow/example_dags/example_latest_only_with_trigger.py for tasks to queue
[2025-06-12T10:37:09.184+0200] {logging_mixin.py:190} INFO - [2025-06-12T10:37:09.184+0200] {dagbag.py:588} INFO - Filling up the DagBag from /Users/gordanaristova/MyProjects/MyRpaProject/venv/lib/python3.10/site-packages/airflow/example_dags/example_latest_only_with_trigger.py
[2025-06-12T10:37:09.187+0200] {processor.py:925} INFO - DAG(s) 'latest_only_with_trigger' retrieved from /Users/gordanaristova/MyProjects/MyRpaProject/venv/lib/python3.10/site-packages/airflow/example_dags/example_latest_only_with_trigger.py
[2025-06-12T10:37:09.234+0200] {logging_mixin.py:190} INFO - [2025-06-12T10:37:09.234+0200] {override.py:1900} INFO - Created Permission View: can edit on DAG:latest_only_with_trigger
[2025-06-12T10:37:09.236+0200] {logging_mixin.py:190} INFO - [2025-06-12T10:37:09.236+0200] {override.py:1900} INFO - Created Permission View: can delete on DAG:latest_only_with_trigger
[2025-06-12T10:37:09.237+0200] {logging_mixin.py:190} INFO - [2025-06-12T10:37:09.237+0200] {override.py:1900} INFO - Created Permission View: can read on DAG:latest_only_with_trigger
[2025-06-12T10:37:09.239+0200] {logging_mixin.py:190} INFO - [2025-06-12T10:37:09.239+0200] {override.py:1900} INFO - Created Permission View: can create on DAG Run:latest_only_with_trigger
[2025-06-12T10:37:09.240+0200] {logging_mixin.py:190} INFO - [2025-06-12T10:37:09.240+0200] {override.py:1900} INFO - Created Permission View: can delete on DAG Run:latest_only_with_trigger
[2025-06-12T10:37:09.242+0200] {logging_mixin.py:190} INFO - [2025-06-12T10:37:09.242+0200] {override.py:1900} INFO - Created Permission View: can read on DAG Run:latest_only_with_trigger
[2025-06-12T10:37:09.243+0200] {logging_mixin.py:190} INFO - [2025-06-12T10:37:09.243+0200] {override.py:1900} INFO - Created Permission View: menu access on DAG Run:latest_only_with_trigger
[2025-06-12T10:37:09.243+0200] {logging_mixin.py:190} INFO - [2025-06-12T10:37:09.243+0200] {dag.py:3239} INFO - Sync 1 DAGs
[2025-06-12T10:37:09.246+0200] {logging_mixin.py:190} INFO - [2025-06-12T10:37:09.246+0200] {dag.py:3262} INFO - Creating ORM DAG for latest_only_with_trigger
[2025-06-12T10:37:09.249+0200] {logging_mixin.py:190} INFO - [2025-06-12T10:37:09.248+0200] {dag.py:4180} INFO - Setting next_dagrun for latest_only_with_trigger to 2025-06-12 04:00:00+00:00, run_after=2025-06-12 08:00:00+00:00
[2025-06-12T10:37:09.252+0200] {processor.py:208} INFO - Processing /Users/gordanaristova/MyProjects/MyRpaProject/venv/lib/python3.10/site-packages/airflow/example_dags/example_latest_only_with_trigger.py took 0.070 seconds
[2025-06-12T10:38:34.571+0200] {processor.py:186} INFO - Started process (PID=8518) to work on /Users/gordanaristova/MyProjects/MyRpaProject/venv/lib/python3.10/site-packages/airflow/example_dags/example_latest_only_with_trigger.py
[2025-06-12T10:38:34.572+0200] {processor.py:914} INFO - Processing file /Users/gordanaristova/MyProjects/MyRpaProject/venv/lib/python3.10/site-packages/airflow/example_dags/example_latest_only_with_trigger.py for tasks to queue
[2025-06-12T10:38:34.573+0200] {logging_mixin.py:190} INFO - [2025-06-12T10:38:34.573+0200] {dagbag.py:588} INFO - Filling up the DagBag from /Users/gordanaristova/MyProjects/MyRpaProject/venv/lib/python3.10/site-packages/airflow/example_dags/example_latest_only_with_trigger.py
[2025-06-12T10:38:34.575+0200] {processor.py:925} INFO - DAG(s) 'latest_only_with_trigger' retrieved from /Users/gordanaristova/MyProjects/MyRpaProject/venv/lib/python3.10/site-packages/airflow/example_dags/example_latest_only_with_trigger.py
[2025-06-12T10:38:34.604+0200] {logging_mixin.py:190} INFO - [2025-06-12T10:38:34.604+0200] {dag.py:3239} INFO - Sync 1 DAGs
[2025-06-12T10:38:34.609+0200] {logging_mixin.py:190} INFO - [2025-06-12T10:38:34.609+0200] {dag.py:4180} INFO - Setting next_dagrun for latest_only_with_trigger to 2025-06-12 04:00:00+00:00, run_after=2025-06-12 08:00:00+00:00
[2025-06-12T10:38:34.614+0200] {processor.py:208} INFO - Processing /Users/gordanaristova/MyProjects/MyRpaProject/venv/lib/python3.10/site-packages/airflow/example_dags/example_latest_only_with_trigger.py took 0.043 seconds
[2025-06-12T10:40:18.124+0200] {processor.py:186} INFO - Started process (PID=8602) to work on /Users/gordanaristova/MyProjects/MyRpaProject/venv/lib/python3.10/site-packages/airflow/example_dags/example_latest_only_with_trigger.py
[2025-06-12T10:40:18.125+0200] {processor.py:914} INFO - Processing file /Users/gordanaristova/MyProjects/MyRpaProject/venv/lib/python3.10/site-packages/airflow/example_dags/example_latest_only_with_trigger.py for tasks to queue
[2025-06-12T10:40:18.125+0200] {logging_mixin.py:190} INFO - [2025-06-12T10:40:18.125+0200] {dagbag.py:588} INFO - Filling up the DagBag from /Users/gordanaristova/MyProjects/MyRpaProject/venv/lib/python3.10/site-packages/airflow/example_dags/example_latest_only_with_trigger.py
[2025-06-12T10:40:18.127+0200] {processor.py:925} INFO - DAG(s) 'latest_only_with_trigger' retrieved from /Users/gordanaristova/MyProjects/MyRpaProject/venv/lib/python3.10/site-packages/airflow/example_dags/example_latest_only_with_trigger.py
[2025-06-12T10:40:18.157+0200] {logging_mixin.py:190} INFO - [2025-06-12T10:40:18.156+0200] {dag.py:3239} INFO - Sync 1 DAGs
[2025-06-12T10:40:18.162+0200] {logging_mixin.py:190} INFO - [2025-06-12T10:40:18.162+0200] {dag.py:4180} INFO - Setting next_dagrun for latest_only_with_trigger to 2025-06-12 04:00:00+00:00, run_after=2025-06-12 08:00:00+00:00
[2025-06-12T10:40:18.166+0200] {processor.py:208} INFO - Processing /Users/gordanaristova/MyProjects/MyRpaProject/venv/lib/python3.10/site-packages/airflow/example_dags/example_latest_only_with_trigger.py took 0.043 seconds
[2025-06-12T10:42:02.925+0200] {processor.py:186} INFO - Started process (PID=8691) to work on /Users/gordanaristova/MyProjects/MyRpaProject/venv/lib/python3.10/site-packages/airflow/example_dags/example_latest_only_with_trigger.py
[2025-06-12T10:42:02.926+0200] {processor.py:914} INFO - Processing file /Users/gordanaristova/MyProjects/MyRpaProject/venv/lib/python3.10/site-packages/airflow/example_dags/example_latest_only_with_trigger.py for tasks to queue
[2025-06-12T10:42:02.926+0200] {logging_mixin.py:190} INFO - [2025-06-12T10:42:02.926+0200] {dagbag.py:588} INFO - Filling up the DagBag from /Users/gordanaristova/MyProjects/MyRpaProject/venv/lib/python3.10/site-packages/airflow/example_dags/example_latest_only_with_trigger.py
[2025-06-12T10:42:02.928+0200] {processor.py:925} INFO - DAG(s) 'latest_only_with_trigger' retrieved from /Users/gordanaristova/MyProjects/MyRpaProject/venv/lib/python3.10/site-packages/airflow/example_dags/example_latest_only_with_trigger.py
[2025-06-12T10:42:02.956+0200] {logging_mixin.py:190} INFO - [2025-06-12T10:42:02.956+0200] {dag.py:3239} INFO - Sync 1 DAGs
[2025-06-12T10:42:02.961+0200] {logging_mixin.py:190} INFO - [2025-06-12T10:42:02.961+0200] {dag.py:4180} INFO - Setting next_dagrun for latest_only_with_trigger to 2025-06-12 04:00:00+00:00, run_after=2025-06-12 08:00:00+00:00
[2025-06-12T10:42:02.966+0200] {processor.py:208} INFO - Processing /Users/gordanaristova/MyProjects/MyRpaProject/venv/lib/python3.10/site-packages/airflow/example_dags/example_latest_only_with_trigger.py took 0.042 seconds
[2025-06-12T10:43:51.194+0200] {processor.py:186} INFO - Started process (PID=8841) to work on /Users/gordanaristova/MyProjects/MyRpaProject/venv/lib/python3.10/site-packages/airflow/example_dags/example_latest_only_with_trigger.py
[2025-06-12T10:43:51.194+0200] {processor.py:914} INFO - Processing file /Users/gordanaristova/MyProjects/MyRpaProject/venv/lib/python3.10/site-packages/airflow/example_dags/example_latest_only_with_trigger.py for tasks to queue
[2025-06-12T10:43:51.195+0200] {logging_mixin.py:190} INFO - [2025-06-12T10:43:51.195+0200] {dagbag.py:588} INFO - Filling up the DagBag from /Users/gordanaristova/MyProjects/MyRpaProject/venv/lib/python3.10/site-packages/airflow/example_dags/example_latest_only_with_trigger.py
[2025-06-12T10:43:51.197+0200] {processor.py:925} INFO - DAG(s) 'latest_only_with_trigger' retrieved from /Users/gordanaristova/MyProjects/MyRpaProject/venv/lib/python3.10/site-packages/airflow/example_dags/example_latest_only_with_trigger.py
[2025-06-12T10:43:51.226+0200] {logging_mixin.py:190} INFO - [2025-06-12T10:43:51.226+0200] {dag.py:3239} INFO - Sync 1 DAGs
[2025-06-12T10:43:51.231+0200] {logging_mixin.py:190} INFO - [2025-06-12T10:43:51.231+0200] {dag.py:4180} INFO - Setting next_dagrun for latest_only_with_trigger to 2025-06-12 04:00:00+00:00, run_after=2025-06-12 08:00:00+00:00
[2025-06-12T10:43:51.236+0200] {processor.py:208} INFO - Processing /Users/gordanaristova/MyProjects/MyRpaProject/venv/lib/python3.10/site-packages/airflow/example_dags/example_latest_only_with_trigger.py took 0.043 seconds
[2025-06-12T10:45:36.242+0200] {processor.py:186} INFO - Started process (PID=8925) to work on /Users/gordanaristova/MyProjects/MyRpaProject/venv/lib/python3.10/site-packages/airflow/example_dags/example_latest_only_with_trigger.py
[2025-06-12T10:45:36.243+0200] {processor.py:914} INFO - Processing file /Users/gordanaristova/MyProjects/MyRpaProject/venv/lib/python3.10/site-packages/airflow/example_dags/example_latest_only_with_trigger.py for tasks to queue
[2025-06-12T10:45:36.243+0200] {logging_mixin.py:190} INFO - [2025-06-12T10:45:36.243+0200] {dagbag.py:588} INFO - Filling up the DagBag from /Users/gordanaristova/MyProjects/MyRpaProject/venv/lib/python3.10/site-packages/airflow/example_dags/example_latest_only_with_trigger.py
[2025-06-12T10:45:36.245+0200] {processor.py:925} INFO - DAG(s) 'latest_only_with_trigger' retrieved from /Users/gordanaristova/MyProjects/MyRpaProject/venv/lib/python3.10/site-packages/airflow/example_dags/example_latest_only_with_trigger.py
[2025-06-12T10:45:36.274+0200] {logging_mixin.py:190} INFO - [2025-06-12T10:45:36.274+0200] {dag.py:3239} INFO - Sync 1 DAGs
[2025-06-12T10:45:36.279+0200] {logging_mixin.py:190} INFO - [2025-06-12T10:45:36.279+0200] {dag.py:4180} INFO - Setting next_dagrun for latest_only_with_trigger to 2025-06-12 04:00:00+00:00, run_after=2025-06-12 08:00:00+00:00
[2025-06-12T10:45:36.284+0200] {processor.py:208} INFO - Processing /Users/gordanaristova/MyProjects/MyRpaProject/venv/lib/python3.10/site-packages/airflow/example_dags/example_latest_only_with_trigger.py took 0.043 seconds
[2025-06-12T10:47:20.955+0200] {processor.py:186} INFO - Started process (PID=9048) to work on /Users/gordanaristova/MyProjects/MyRpaProject/venv/lib/python3.10/site-packages/airflow/example_dags/example_latest_only_with_trigger.py
[2025-06-12T10:47:20.956+0200] {processor.py:914} INFO - Processing file /Users/gordanaristova/MyProjects/MyRpaProject/venv/lib/python3.10/site-packages/airflow/example_dags/example_latest_only_with_trigger.py for tasks to queue
[2025-06-12T10:47:20.957+0200] {logging_mixin.py:190} INFO - [2025-06-12T10:47:20.956+0200] {dagbag.py:588} INFO - Filling up the DagBag from /Users/gordanaristova/MyProjects/MyRpaProject/venv/lib/python3.10/site-packages/airflow/example_dags/example_latest_only_with_trigger.py
[2025-06-12T10:47:20.959+0200] {processor.py:925} INFO - DAG(s) 'latest_only_with_trigger' retrieved from /Users/gordanaristova/MyProjects/MyRpaProject/venv/lib/python3.10/site-packages/airflow/example_dags/example_latest_only_with_trigger.py
[2025-06-12T10:47:20.987+0200] {logging_mixin.py:190} INFO - [2025-06-12T10:47:20.986+0200] {dag.py:3239} INFO - Sync 1 DAGs
[2025-06-12T10:47:20.991+0200] {logging_mixin.py:190} INFO - [2025-06-12T10:47:20.991+0200] {dag.py:4180} INFO - Setting next_dagrun for latest_only_with_trigger to 2025-06-12 04:00:00+00:00, run_after=2025-06-12 08:00:00+00:00
[2025-06-12T10:47:20.996+0200] {processor.py:208} INFO - Processing /Users/gordanaristova/MyProjects/MyRpaProject/venv/lib/python3.10/site-packages/airflow/example_dags/example_latest_only_with_trigger.py took 0.042 seconds
[2025-06-12T10:49:14.704+0200] {processor.py:186} INFO - Started process (PID=9195) to work on /Users/gordanaristova/MyProjects/MyRpaProject/venv/lib/python3.10/site-packages/airflow/example_dags/example_latest_only_with_trigger.py
[2025-06-12T10:49:14.704+0200] {processor.py:914} INFO - Processing file /Users/gordanaristova/MyProjects/MyRpaProject/venv/lib/python3.10/site-packages/airflow/example_dags/example_latest_only_with_trigger.py for tasks to queue
[2025-06-12T10:49:14.704+0200] {logging_mixin.py:190} INFO - [2025-06-12T10:49:14.704+0200] {dagbag.py:588} INFO - Filling up the DagBag from /Users/gordanaristova/MyProjects/MyRpaProject/venv/lib/python3.10/site-packages/airflow/example_dags/example_latest_only_with_trigger.py
[2025-06-12T10:49:14.707+0200] {processor.py:925} INFO - DAG(s) 'latest_only_with_trigger' retrieved from /Users/gordanaristova/MyProjects/MyRpaProject/venv/lib/python3.10/site-packages/airflow/example_dags/example_latest_only_with_trigger.py
[2025-06-12T10:49:14.736+0200] {logging_mixin.py:190} INFO - [2025-06-12T10:49:14.735+0200] {dag.py:3239} INFO - Sync 1 DAGs
[2025-06-12T10:49:14.741+0200] {logging_mixin.py:190} INFO - [2025-06-12T10:49:14.741+0200] {dag.py:4180} INFO - Setting next_dagrun for latest_only_with_trigger to 2025-06-12 04:00:00+00:00, run_after=2025-06-12 08:00:00+00:00
[2025-06-12T10:49:14.745+0200] {processor.py:208} INFO - Processing /Users/gordanaristova/MyProjects/MyRpaProject/venv/lib/python3.10/site-packages/airflow/example_dags/example_latest_only_with_trigger.py took 0.042 seconds
[2025-06-12T10:57:21.616+0200] {processor.py:186} INFO - Started process (PID=9456) to work on /Users/gordanaristova/MyProjects/MyRpaProject/venv/lib/python3.10/site-packages/airflow/example_dags/example_latest_only_with_trigger.py
[2025-06-12T10:57:21.617+0200] {processor.py:914} INFO - Processing file /Users/gordanaristova/MyProjects/MyRpaProject/venv/lib/python3.10/site-packages/airflow/example_dags/example_latest_only_with_trigger.py for tasks to queue
[2025-06-12T10:57:21.618+0200] {logging_mixin.py:190} INFO - [2025-06-12T10:57:21.617+0200] {dagbag.py:588} INFO - Filling up the DagBag from /Users/gordanaristova/MyProjects/MyRpaProject/venv/lib/python3.10/site-packages/airflow/example_dags/example_latest_only_with_trigger.py
[2025-06-12T10:57:21.620+0200] {processor.py:925} INFO - DAG(s) 'latest_only_with_trigger' retrieved from /Users/gordanaristova/MyProjects/MyRpaProject/venv/lib/python3.10/site-packages/airflow/example_dags/example_latest_only_with_trigger.py
[2025-06-12T10:57:21.648+0200] {logging_mixin.py:190} INFO - [2025-06-12T10:57:21.647+0200] {dag.py:3239} INFO - Sync 1 DAGs
[2025-06-12T10:57:21.653+0200] {logging_mixin.py:190} INFO - [2025-06-12T10:57:21.653+0200] {dag.py:4180} INFO - Setting next_dagrun for latest_only_with_trigger to 2025-06-12 04:00:00+00:00, run_after=2025-06-12 08:00:00+00:00
[2025-06-12T10:57:21.657+0200] {processor.py:208} INFO - Processing /Users/gordanaristova/MyProjects/MyRpaProject/venv/lib/python3.10/site-packages/airflow/example_dags/example_latest_only_with_trigger.py took 0.041 seconds
[2025-06-12T11:12:05.990+0200] {processor.py:186} INFO - Started process (PID=9778) to work on /Users/gordanaristova/MyProjects/MyRpaProject/venv/lib/python3.10/site-packages/airflow/example_dags/example_latest_only_with_trigger.py
[2025-06-12T11:12:05.991+0200] {processor.py:914} INFO - Processing file /Users/gordanaristova/MyProjects/MyRpaProject/venv/lib/python3.10/site-packages/airflow/example_dags/example_latest_only_with_trigger.py for tasks to queue
[2025-06-12T11:12:05.991+0200] {logging_mixin.py:190} INFO - [2025-06-12T11:12:05.991+0200] {dagbag.py:588} INFO - Filling up the DagBag from /Users/gordanaristova/MyProjects/MyRpaProject/venv/lib/python3.10/site-packages/airflow/example_dags/example_latest_only_with_trigger.py
[2025-06-12T11:12:05.993+0200] {processor.py:925} INFO - DAG(s) 'latest_only_with_trigger' retrieved from /Users/gordanaristova/MyProjects/MyRpaProject/venv/lib/python3.10/site-packages/airflow/example_dags/example_latest_only_with_trigger.py
[2025-06-12T11:12:06.020+0200] {logging_mixin.py:190} INFO - [2025-06-12T11:12:06.020+0200] {dag.py:3239} INFO - Sync 1 DAGs
[2025-06-12T11:12:06.025+0200] {logging_mixin.py:190} INFO - [2025-06-12T11:12:06.025+0200] {dag.py:4180} INFO - Setting next_dagrun for latest_only_with_trigger to 2025-06-12 04:00:00+00:00, run_after=2025-06-12 08:00:00+00:00
[2025-06-12T11:12:06.029+0200] {processor.py:208} INFO - Processing /Users/gordanaristova/MyProjects/MyRpaProject/venv/lib/python3.10/site-packages/airflow/example_dags/example_latest_only_with_trigger.py took 0.041 seconds
[2025-06-12T11:22:11.659+0200] {processor.py:186} INFO - Started process (PID=10064) to work on /Users/gordanaristova/MyProjects/MyRpaProject/venv/lib/python3.10/site-packages/airflow/example_dags/example_latest_only_with_trigger.py
[2025-06-12T11:22:11.660+0200] {processor.py:914} INFO - Processing file /Users/gordanaristova/MyProjects/MyRpaProject/venv/lib/python3.10/site-packages/airflow/example_dags/example_latest_only_with_trigger.py for tasks to queue
[2025-06-12T11:22:11.660+0200] {logging_mixin.py:190} INFO - [2025-06-12T11:22:11.660+0200] {dagbag.py:588} INFO - Filling up the DagBag from /Users/gordanaristova/MyProjects/MyRpaProject/venv/lib/python3.10/site-packages/airflow/example_dags/example_latest_only_with_trigger.py
[2025-06-12T11:22:11.662+0200] {processor.py:925} INFO - DAG(s) 'latest_only_with_trigger' retrieved from /Users/gordanaristova/MyProjects/MyRpaProject/venv/lib/python3.10/site-packages/airflow/example_dags/example_latest_only_with_trigger.py
[2025-06-12T11:22:11.689+0200] {logging_mixin.py:190} INFO - [2025-06-12T11:22:11.689+0200] {dag.py:3239} INFO - Sync 1 DAGs
[2025-06-12T11:22:11.694+0200] {logging_mixin.py:190} INFO - [2025-06-12T11:22:11.694+0200] {dag.py:4180} INFO - Setting next_dagrun for latest_only_with_trigger to 2025-06-12 04:00:00+00:00, run_after=2025-06-12 08:00:00+00:00
[2025-06-12T11:22:11.698+0200] {processor.py:208} INFO - Processing /Users/gordanaristova/MyProjects/MyRpaProject/venv/lib/python3.10/site-packages/airflow/example_dags/example_latest_only_with_trigger.py took 0.041 seconds
[2025-06-12T11:41:27.525+0200] {processor.py:186} INFO - Started process (PID=10430) to work on /Users/gordanaristova/MyProjects/MyRpaProject/venv/lib/python3.10/site-packages/airflow/example_dags/example_latest_only_with_trigger.py
[2025-06-12T11:41:27.526+0200] {processor.py:914} INFO - Processing file /Users/gordanaristova/MyProjects/MyRpaProject/venv/lib/python3.10/site-packages/airflow/example_dags/example_latest_only_with_trigger.py for tasks to queue
[2025-06-12T11:41:27.526+0200] {logging_mixin.py:190} INFO - [2025-06-12T11:41:27.526+0200] {dagbag.py:588} INFO - Filling up the DagBag from /Users/gordanaristova/MyProjects/MyRpaProject/venv/lib/python3.10/site-packages/airflow/example_dags/example_latest_only_with_trigger.py
[2025-06-12T11:41:27.529+0200] {processor.py:925} INFO - DAG(s) 'latest_only_with_trigger' retrieved from /Users/gordanaristova/MyProjects/MyRpaProject/venv/lib/python3.10/site-packages/airflow/example_dags/example_latest_only_with_trigger.py
[2025-06-12T11:41:27.562+0200] {logging_mixin.py:190} INFO - [2025-06-12T11:41:27.562+0200] {dag.py:3239} INFO - Sync 1 DAGs
[2025-06-12T11:41:27.569+0200] {logging_mixin.py:190} INFO - [2025-06-12T11:41:27.569+0200] {dag.py:4180} INFO - Setting next_dagrun for latest_only_with_trigger to 2025-06-12 04:00:00+00:00, run_after=2025-06-12 08:00:00+00:00
[2025-06-12T11:41:27.576+0200] {processor.py:208} INFO - Processing /Users/gordanaristova/MyProjects/MyRpaProject/venv/lib/python3.10/site-packages/airflow/example_dags/example_latest_only_with_trigger.py took 0.052 seconds
[2025-06-12T11:50:17.767+0200] {processor.py:186} INFO - Started process (PID=10657) to work on /Users/gordanaristova/MyProjects/MyRpaProject/venv/lib/python3.10/site-packages/airflow/example_dags/example_latest_only_with_trigger.py
[2025-06-12T11:50:17.767+0200] {processor.py:914} INFO - Processing file /Users/gordanaristova/MyProjects/MyRpaProject/venv/lib/python3.10/site-packages/airflow/example_dags/example_latest_only_with_trigger.py for tasks to queue
[2025-06-12T11:50:17.767+0200] {logging_mixin.py:190} INFO - [2025-06-12T11:50:17.767+0200] {dagbag.py:588} INFO - Filling up the DagBag from /Users/gordanaristova/MyProjects/MyRpaProject/venv/lib/python3.10/site-packages/airflow/example_dags/example_latest_only_with_trigger.py
[2025-06-12T11:50:17.769+0200] {processor.py:925} INFO - DAG(s) 'latest_only_with_trigger' retrieved from /Users/gordanaristova/MyProjects/MyRpaProject/venv/lib/python3.10/site-packages/airflow/example_dags/example_latest_only_with_trigger.py
[2025-06-12T11:50:17.797+0200] {logging_mixin.py:190} INFO - [2025-06-12T11:50:17.797+0200] {dag.py:3239} INFO - Sync 1 DAGs
[2025-06-12T11:50:17.802+0200] {logging_mixin.py:190} INFO - [2025-06-12T11:50:17.802+0200] {dag.py:4180} INFO - Setting next_dagrun for latest_only_with_trigger to 2025-06-12 04:00:00+00:00, run_after=2025-06-12 08:00:00+00:00
[2025-06-12T11:50:17.806+0200] {processor.py:208} INFO - Processing /Users/gordanaristova/MyProjects/MyRpaProject/venv/lib/python3.10/site-packages/airflow/example_dags/example_latest_only_with_trigger.py took 0.041 seconds
[2025-06-12T11:52:05.679+0200] {processor.py:186} INFO - Started process (PID=10785) to work on /Users/gordanaristova/MyProjects/MyRpaProject/venv/lib/python3.10/site-packages/airflow/example_dags/example_latest_only_with_trigger.py
[2025-06-12T11:52:05.680+0200] {processor.py:914} INFO - Processing file /Users/gordanaristova/MyProjects/MyRpaProject/venv/lib/python3.10/site-packages/airflow/example_dags/example_latest_only_with_trigger.py for tasks to queue
[2025-06-12T11:52:05.680+0200] {logging_mixin.py:190} INFO - [2025-06-12T11:52:05.680+0200] {dagbag.py:588} INFO - Filling up the DagBag from /Users/gordanaristova/MyProjects/MyRpaProject/venv/lib/python3.10/site-packages/airflow/example_dags/example_latest_only_with_trigger.py
[2025-06-12T11:52:05.682+0200] {processor.py:925} INFO - DAG(s) 'latest_only_with_trigger' retrieved from /Users/gordanaristova/MyProjects/MyRpaProject/venv/lib/python3.10/site-packages/airflow/example_dags/example_latest_only_with_trigger.py
[2025-06-12T11:52:05.712+0200] {logging_mixin.py:190} INFO - [2025-06-12T11:52:05.712+0200] {dag.py:3239} INFO - Sync 1 DAGs
[2025-06-12T11:52:05.717+0200] {logging_mixin.py:190} INFO - [2025-06-12T11:52:05.717+0200] {dag.py:4180} INFO - Setting next_dagrun for latest_only_with_trigger to 2025-06-12 04:00:00+00:00, run_after=2025-06-12 08:00:00+00:00
[2025-06-12T11:52:05.721+0200] {processor.py:208} INFO - Processing /Users/gordanaristova/MyProjects/MyRpaProject/venv/lib/python3.10/site-packages/airflow/example_dags/example_latest_only_with_trigger.py took 0.044 seconds
[2025-06-12T11:53:54.353+0200] {processor.py:186} INFO - Started process (PID=10865) to work on /Users/gordanaristova/MyProjects/MyRpaProject/venv/lib/python3.10/site-packages/airflow/example_dags/example_latest_only_with_trigger.py
[2025-06-12T11:53:54.354+0200] {processor.py:914} INFO - Processing file /Users/gordanaristova/MyProjects/MyRpaProject/venv/lib/python3.10/site-packages/airflow/example_dags/example_latest_only_with_trigger.py for tasks to queue
[2025-06-12T11:53:54.354+0200] {logging_mixin.py:190} INFO - [2025-06-12T11:53:54.354+0200] {dagbag.py:588} INFO - Filling up the DagBag from /Users/gordanaristova/MyProjects/MyRpaProject/venv/lib/python3.10/site-packages/airflow/example_dags/example_latest_only_with_trigger.py
[2025-06-12T11:53:54.356+0200] {processor.py:925} INFO - DAG(s) 'latest_only_with_trigger' retrieved from /Users/gordanaristova/MyProjects/MyRpaProject/venv/lib/python3.10/site-packages/airflow/example_dags/example_latest_only_with_trigger.py
[2025-06-12T11:53:54.384+0200] {logging_mixin.py:190} INFO - [2025-06-12T11:53:54.384+0200] {dag.py:3239} INFO - Sync 1 DAGs
[2025-06-12T11:53:54.389+0200] {logging_mixin.py:190} INFO - [2025-06-12T11:53:54.389+0200] {dag.py:4180} INFO - Setting next_dagrun for latest_only_with_trigger to 2025-06-12 04:00:00+00:00, run_after=2025-06-12 08:00:00+00:00
[2025-06-12T11:53:54.394+0200] {processor.py:208} INFO - Processing /Users/gordanaristova/MyProjects/MyRpaProject/venv/lib/python3.10/site-packages/airflow/example_dags/example_latest_only_with_trigger.py took 0.042 seconds
[2025-06-12T11:55:40.980+0200] {processor.py:186} INFO - Started process (PID=10971) to work on /Users/gordanaristova/MyProjects/MyRpaProject/venv/lib/python3.10/site-packages/airflow/example_dags/example_latest_only_with_trigger.py
[2025-06-12T11:55:40.981+0200] {processor.py:914} INFO - Processing file /Users/gordanaristova/MyProjects/MyRpaProject/venv/lib/python3.10/site-packages/airflow/example_dags/example_latest_only_with_trigger.py for tasks to queue
[2025-06-12T11:55:40.982+0200] {logging_mixin.py:190} INFO - [2025-06-12T11:55:40.982+0200] {dagbag.py:588} INFO - Filling up the DagBag from /Users/gordanaristova/MyProjects/MyRpaProject/venv/lib/python3.10/site-packages/airflow/example_dags/example_latest_only_with_trigger.py
[2025-06-12T11:55:40.984+0200] {processor.py:925} INFO - DAG(s) 'latest_only_with_trigger' retrieved from /Users/gordanaristova/MyProjects/MyRpaProject/venv/lib/python3.10/site-packages/airflow/example_dags/example_latest_only_with_trigger.py
[2025-06-12T11:55:41.013+0200] {logging_mixin.py:190} INFO - [2025-06-12T11:55:41.013+0200] {dag.py:3239} INFO - Sync 1 DAGs
[2025-06-12T11:55:41.018+0200] {logging_mixin.py:190} INFO - [2025-06-12T11:55:41.018+0200] {dag.py:4180} INFO - Setting next_dagrun for latest_only_with_trigger to 2025-06-12 04:00:00+00:00, run_after=2025-06-12 08:00:00+00:00
[2025-06-12T11:55:41.023+0200] {processor.py:208} INFO - Processing /Users/gordanaristova/MyProjects/MyRpaProject/venv/lib/python3.10/site-packages/airflow/example_dags/example_latest_only_with_trigger.py took 0.043 seconds
[2025-06-12T11:57:06.828+0200] {processor.py:186} INFO - Started process (PID=11061) to work on /Users/gordanaristova/MyProjects/MyRpaProject/venv/lib/python3.10/site-packages/airflow/example_dags/example_latest_only_with_trigger.py
[2025-06-12T11:57:06.828+0200] {processor.py:914} INFO - Processing file /Users/gordanaristova/MyProjects/MyRpaProject/venv/lib/python3.10/site-packages/airflow/example_dags/example_latest_only_with_trigger.py for tasks to queue
[2025-06-12T11:57:06.828+0200] {logging_mixin.py:190} INFO - [2025-06-12T11:57:06.828+0200] {dagbag.py:588} INFO - Filling up the DagBag from /Users/gordanaristova/MyProjects/MyRpaProject/venv/lib/python3.10/site-packages/airflow/example_dags/example_latest_only_with_trigger.py
[2025-06-12T11:57:06.831+0200] {processor.py:925} INFO - DAG(s) 'latest_only_with_trigger' retrieved from /Users/gordanaristova/MyProjects/MyRpaProject/venv/lib/python3.10/site-packages/airflow/example_dags/example_latest_only_with_trigger.py
[2025-06-12T11:57:06.859+0200] {logging_mixin.py:190} INFO - [2025-06-12T11:57:06.859+0200] {dag.py:3239} INFO - Sync 1 DAGs
[2025-06-12T11:57:06.864+0200] {logging_mixin.py:190} INFO - [2025-06-12T11:57:06.864+0200] {dag.py:4180} INFO - Setting next_dagrun for latest_only_with_trigger to 2025-06-12 04:00:00+00:00, run_after=2025-06-12 08:00:00+00:00
[2025-06-12T11:57:06.869+0200] {processor.py:208} INFO - Processing /Users/gordanaristova/MyProjects/MyRpaProject/venv/lib/python3.10/site-packages/airflow/example_dags/example_latest_only_with_trigger.py took 0.042 seconds
[2025-06-12T13:15:03.622+0200] {processor.py:186} INFO - Started process (PID=13027) to work on /Users/gordanaristova/MyProjects/MyRpaProject/venv/lib/python3.10/site-packages/airflow/example_dags/example_latest_only_with_trigger.py
[2025-06-12T13:15:03.623+0200] {processor.py:914} INFO - Processing file /Users/gordanaristova/MyProjects/MyRpaProject/venv/lib/python3.10/site-packages/airflow/example_dags/example_latest_only_with_trigger.py for tasks to queue
[2025-06-12T13:15:03.623+0200] {logging_mixin.py:190} INFO - [2025-06-12T13:15:03.623+0200] {dagbag.py:588} INFO - Filling up the DagBag from /Users/gordanaristova/MyProjects/MyRpaProject/venv/lib/python3.10/site-packages/airflow/example_dags/example_latest_only_with_trigger.py
[2025-06-12T13:15:03.625+0200] {processor.py:925} INFO - DAG(s) 'latest_only_with_trigger' retrieved from /Users/gordanaristova/MyProjects/MyRpaProject/venv/lib/python3.10/site-packages/airflow/example_dags/example_latest_only_with_trigger.py
[2025-06-12T13:15:03.655+0200] {logging_mixin.py:190} INFO - [2025-06-12T13:15:03.655+0200] {dag.py:3239} INFO - Sync 1 DAGs
[2025-06-12T13:15:03.660+0200] {logging_mixin.py:190} INFO - [2025-06-12T13:15:03.660+0200] {dag.py:4180} INFO - Setting next_dagrun for latest_only_with_trigger to 2025-06-12 04:00:00+00:00, run_after=2025-06-12 08:00:00+00:00
[2025-06-12T13:15:03.665+0200] {processor.py:208} INFO - Processing /Users/gordanaristova/MyProjects/MyRpaProject/venv/lib/python3.10/site-packages/airflow/example_dags/example_latest_only_with_trigger.py took 0.044 seconds
[2025-06-12T18:42:46.080+0200] {processor.py:186} INFO - Started process (PID=15681) to work on /Users/gordanaristova/MyProjects/MyRpaProject/venv/lib/python3.10/site-packages/airflow/example_dags/example_latest_only_with_trigger.py
[2025-06-12T18:42:46.080+0200] {processor.py:914} INFO - Processing file /Users/gordanaristova/MyProjects/MyRpaProject/venv/lib/python3.10/site-packages/airflow/example_dags/example_latest_only_with_trigger.py for tasks to queue
[2025-06-12T18:42:46.080+0200] {logging_mixin.py:190} INFO - [2025-06-12T18:42:46.080+0200] {dagbag.py:588} INFO - Filling up the DagBag from /Users/gordanaristova/MyProjects/MyRpaProject/venv/lib/python3.10/site-packages/airflow/example_dags/example_latest_only_with_trigger.py
[2025-06-12T18:42:46.083+0200] {processor.py:925} INFO - DAG(s) 'latest_only_with_trigger' retrieved from /Users/gordanaristova/MyProjects/MyRpaProject/venv/lib/python3.10/site-packages/airflow/example_dags/example_latest_only_with_trigger.py
[2025-06-12T18:42:46.114+0200] {logging_mixin.py:190} INFO - [2025-06-12T18:42:46.114+0200] {dag.py:3239} INFO - Sync 1 DAGs
[2025-06-12T18:42:46.120+0200] {logging_mixin.py:190} INFO - [2025-06-12T18:42:46.120+0200] {dag.py:4180} INFO - Setting next_dagrun for latest_only_with_trigger to 2025-06-12 12:00:00+00:00, run_after=2025-06-12 16:00:00+00:00
[2025-06-12T18:42:46.126+0200] {processor.py:208} INFO - Processing /Users/gordanaristova/MyProjects/MyRpaProject/venv/lib/python3.10/site-packages/airflow/example_dags/example_latest_only_with_trigger.py took 0.047 seconds
[2025-06-12T18:55:44.072+0200] {processor.py:186} INFO - Started process (PID=16001) to work on /Users/gordanaristova/MyProjects/MyRpaProject/venv/lib/python3.10/site-packages/airflow/example_dags/example_latest_only_with_trigger.py
[2025-06-12T18:55:44.073+0200] {processor.py:914} INFO - Processing file /Users/gordanaristova/MyProjects/MyRpaProject/venv/lib/python3.10/site-packages/airflow/example_dags/example_latest_only_with_trigger.py for tasks to queue
[2025-06-12T18:55:44.073+0200] {logging_mixin.py:190} INFO - [2025-06-12T18:55:44.073+0200] {dagbag.py:588} INFO - Filling up the DagBag from /Users/gordanaristova/MyProjects/MyRpaProject/venv/lib/python3.10/site-packages/airflow/example_dags/example_latest_only_with_trigger.py
[2025-06-12T18:55:44.076+0200] {processor.py:925} INFO - DAG(s) 'latest_only_with_trigger' retrieved from /Users/gordanaristova/MyProjects/MyRpaProject/venv/lib/python3.10/site-packages/airflow/example_dags/example_latest_only_with_trigger.py
[2025-06-12T18:55:44.106+0200] {logging_mixin.py:190} INFO - [2025-06-12T18:55:44.106+0200] {dag.py:3239} INFO - Sync 1 DAGs
[2025-06-12T18:55:44.111+0200] {logging_mixin.py:190} INFO - [2025-06-12T18:55:44.111+0200] {dag.py:4180} INFO - Setting next_dagrun for latest_only_with_trigger to 2025-06-12 12:00:00+00:00, run_after=2025-06-12 16:00:00+00:00
[2025-06-12T18:55:44.116+0200] {processor.py:208} INFO - Processing /Users/gordanaristova/MyProjects/MyRpaProject/venv/lib/python3.10/site-packages/airflow/example_dags/example_latest_only_with_trigger.py took 0.045 seconds
[2025-06-12T19:00:51.128+0200] {processor.py:186} INFO - Started process (PID=16145) to work on /Users/gordanaristova/MyProjects/MyRpaProject/venv/lib/python3.10/site-packages/airflow/example_dags/example_latest_only_with_trigger.py
[2025-06-12T19:00:51.129+0200] {processor.py:914} INFO - Processing file /Users/gordanaristova/MyProjects/MyRpaProject/venv/lib/python3.10/site-packages/airflow/example_dags/example_latest_only_with_trigger.py for tasks to queue
[2025-06-12T19:00:51.129+0200] {logging_mixin.py:190} INFO - [2025-06-12T19:00:51.129+0200] {dagbag.py:588} INFO - Filling up the DagBag from /Users/gordanaristova/MyProjects/MyRpaProject/venv/lib/python3.10/site-packages/airflow/example_dags/example_latest_only_with_trigger.py
[2025-06-12T19:00:51.132+0200] {processor.py:925} INFO - DAG(s) 'latest_only_with_trigger' retrieved from /Users/gordanaristova/MyProjects/MyRpaProject/venv/lib/python3.10/site-packages/airflow/example_dags/example_latest_only_with_trigger.py
[2025-06-12T19:00:51.161+0200] {logging_mixin.py:190} INFO - [2025-06-12T19:00:51.161+0200] {dag.py:3239} INFO - Sync 1 DAGs
[2025-06-12T19:00:51.166+0200] {logging_mixin.py:190} INFO - [2025-06-12T19:00:51.166+0200] {dag.py:4180} INFO - Setting next_dagrun for latest_only_with_trigger to 2025-06-12 12:00:00+00:00, run_after=2025-06-12 16:00:00+00:00
[2025-06-12T19:00:51.171+0200] {processor.py:208} INFO - Processing /Users/gordanaristova/MyProjects/MyRpaProject/venv/lib/python3.10/site-packages/airflow/example_dags/example_latest_only_with_trigger.py took 0.044 seconds
[2025-06-12T19:11:27.298+0200] {processor.py:186} INFO - Started process (PID=16475) to work on /Users/gordanaristova/MyProjects/MyRpaProject/venv/lib/python3.10/site-packages/airflow/example_dags/example_latest_only_with_trigger.py
[2025-06-12T19:11:27.299+0200] {processor.py:914} INFO - Processing file /Users/gordanaristova/MyProjects/MyRpaProject/venv/lib/python3.10/site-packages/airflow/example_dags/example_latest_only_with_trigger.py for tasks to queue
[2025-06-12T19:11:27.300+0200] {logging_mixin.py:190} INFO - [2025-06-12T19:11:27.300+0200] {dagbag.py:588} INFO - Filling up the DagBag from /Users/gordanaristova/MyProjects/MyRpaProject/venv/lib/python3.10/site-packages/airflow/example_dags/example_latest_only_with_trigger.py
[2025-06-12T19:11:27.302+0200] {processor.py:925} INFO - DAG(s) 'latest_only_with_trigger' retrieved from /Users/gordanaristova/MyProjects/MyRpaProject/venv/lib/python3.10/site-packages/airflow/example_dags/example_latest_only_with_trigger.py
[2025-06-12T19:11:27.331+0200] {logging_mixin.py:190} INFO - [2025-06-12T19:11:27.331+0200] {dag.py:3239} INFO - Sync 1 DAGs
[2025-06-12T19:11:27.336+0200] {logging_mixin.py:190} INFO - [2025-06-12T19:11:27.336+0200] {dag.py:4180} INFO - Setting next_dagrun for latest_only_with_trigger to 2025-06-12 12:00:00+00:00, run_after=2025-06-12 16:00:00+00:00
[2025-06-12T19:11:27.341+0200] {processor.py:208} INFO - Processing /Users/gordanaristova/MyProjects/MyRpaProject/venv/lib/python3.10/site-packages/airflow/example_dags/example_latest_only_with_trigger.py took 0.044 seconds
