[2025-06-12T10:37:33.877+0200] {processor.py:186} INFO - Started process (PID=8471) to work on /Users/gordanaristova/MyProjects/MyRpaProject/venv/lib/python3.10/site-packages/airflow/example_dags/example_branch_labels.py
[2025-06-12T10:37:33.877+0200] {processor.py:914} INFO - Processing file /Users/gordanaristova/MyProjects/MyRpaProject/venv/lib/python3.10/site-packages/airflow/example_dags/example_branch_labels.py for tasks to queue
[2025-06-12T10:37:33.878+0200] {logging_mixin.py:190} INFO - [2025-06-12T10:37:33.878+0200] {dagbag.py:588} INFO - Filling up the DagBag from /Users/gordanaristova/MyProjects/MyRpaProject/venv/lib/python3.10/site-packages/airflow/example_dags/example_branch_labels.py
[2025-06-12T10:37:33.881+0200] {processor.py:925} INFO - DAG(s) 'example_branch_labels' retrieved from /Users/gordanaristova/MyProjects/MyRpaProject/venv/lib/python3.10/site-packages/airflow/example_dags/example_branch_labels.py
[2025-06-12T10:37:33.928+0200] {logging_mixin.py:190} INFO - [2025-06-12T10:37:33.928+0200] {override.py:1900} INFO - Created Permission View: can delete on DAG:example_branch_labels
[2025-06-12T10:37:33.931+0200] {logging_mixin.py:190} INFO - [2025-06-12T10:37:33.931+0200] {override.py:1900} INFO - Created Permission View: can edit on DAG:example_branch_labels
[2025-06-12T10:37:33.932+0200] {logging_mixin.py:190} INFO - [2025-06-12T10:37:33.932+0200] {override.py:1900} INFO - Created Permission View: can read on DAG:example_branch_labels
[2025-06-12T10:37:33.934+0200] {logging_mixin.py:190} INFO - [2025-06-12T10:37:33.934+0200] {override.py:1900} INFO - Created Permission View: can create on DAG Run:example_branch_labels
[2025-06-12T10:37:33.935+0200] {logging_mixin.py:190} INFO - [2025-06-12T10:37:33.935+0200] {override.py:1900} INFO - Created Permission View: menu access on DAG Run:example_branch_labels
[2025-06-12T10:37:33.936+0200] {logging_mixin.py:190} INFO - [2025-06-12T10:37:33.936+0200] {override.py:1900} INFO - Created Permission View: can delete on DAG Run:example_branch_labels
[2025-06-12T10:37:33.938+0200] {logging_mixin.py:190} INFO - [2025-06-12T10:37:33.938+0200] {override.py:1900} INFO - Created Permission View: can read on DAG Run:example_branch_labels
[2025-06-12T10:37:33.938+0200] {logging_mixin.py:190} INFO - [2025-06-12T10:37:33.938+0200] {dag.py:3239} INFO - Sync 1 DAGs
[2025-06-12T10:37:33.941+0200] {logging_mixin.py:190} INFO - [2025-06-12T10:37:33.941+0200] {dag.py:3262} INFO - Creating ORM DAG for example_branch_labels
[2025-06-12T10:37:33.943+0200] {logging_mixin.py:190} INFO - [2025-06-12T10:37:33.943+0200] {dag.py:4180} INFO - Setting next_dagrun for example_branch_labels to 2025-06-11 00:00:00+00:00, run_after=2025-06-12 00:00:00+00:00
[2025-06-12T10:37:33.947+0200] {processor.py:208} INFO - Processing /Users/gordanaristova/MyProjects/MyRpaProject/venv/lib/python3.10/site-packages/airflow/example_dags/example_branch_labels.py took 0.071 seconds
[2025-06-12T10:39:21.833+0200] {processor.py:186} INFO - Started process (PID=8558) to work on /Users/gordanaristova/MyProjects/MyRpaProject/venv/lib/python3.10/site-packages/airflow/example_dags/example_branch_labels.py
[2025-06-12T10:39:21.834+0200] {processor.py:914} INFO - Processing file /Users/gordanaristova/MyProjects/MyRpaProject/venv/lib/python3.10/site-packages/airflow/example_dags/example_branch_labels.py for tasks to queue
[2025-06-12T10:39:21.835+0200] {logging_mixin.py:190} INFO - [2025-06-12T10:39:21.835+0200] {dagbag.py:588} INFO - Filling up the DagBag from /Users/gordanaristova/MyProjects/MyRpaProject/venv/lib/python3.10/site-packages/airflow/example_dags/example_branch_labels.py
[2025-06-12T10:39:21.837+0200] {processor.py:925} INFO - DAG(s) 'example_branch_labels' retrieved from /Users/gordanaristova/MyProjects/MyRpaProject/venv/lib/python3.10/site-packages/airflow/example_dags/example_branch_labels.py
[2025-06-12T10:39:21.867+0200] {logging_mixin.py:190} INFO - [2025-06-12T10:39:21.866+0200] {dag.py:3239} INFO - Sync 1 DAGs
[2025-06-12T10:39:21.872+0200] {logging_mixin.py:190} INFO - [2025-06-12T10:39:21.872+0200] {dag.py:4180} INFO - Setting next_dagrun for example_branch_labels to 2025-06-11 00:00:00+00:00, run_after=2025-06-12 00:00:00+00:00
[2025-06-12T10:39:21.876+0200] {processor.py:208} INFO - Processing /Users/gordanaristova/MyProjects/MyRpaProject/venv/lib/python3.10/site-packages/airflow/example_dags/example_branch_labels.py took 0.044 seconds
[2025-06-12T10:41:04.562+0200] {processor.py:186} INFO - Started process (PID=8645) to work on /Users/gordanaristova/MyProjects/MyRpaProject/venv/lib/python3.10/site-packages/airflow/example_dags/example_branch_labels.py
[2025-06-12T10:41:04.563+0200] {processor.py:914} INFO - Processing file /Users/gordanaristova/MyProjects/MyRpaProject/venv/lib/python3.10/site-packages/airflow/example_dags/example_branch_labels.py for tasks to queue
[2025-06-12T10:41:04.564+0200] {logging_mixin.py:190} INFO - [2025-06-12T10:41:04.563+0200] {dagbag.py:588} INFO - Filling up the DagBag from /Users/gordanaristova/MyProjects/MyRpaProject/venv/lib/python3.10/site-packages/airflow/example_dags/example_branch_labels.py
[2025-06-12T10:41:04.566+0200] {processor.py:925} INFO - DAG(s) 'example_branch_labels' retrieved from /Users/gordanaristova/MyProjects/MyRpaProject/venv/lib/python3.10/site-packages/airflow/example_dags/example_branch_labels.py
[2025-06-12T10:41:04.595+0200] {logging_mixin.py:190} INFO - [2025-06-12T10:41:04.595+0200] {dag.py:3239} INFO - Sync 1 DAGs
[2025-06-12T10:41:04.601+0200] {logging_mixin.py:190} INFO - [2025-06-12T10:41:04.601+0200] {dag.py:4180} INFO - Setting next_dagrun for example_branch_labels to 2025-06-11 00:00:00+00:00, run_after=2025-06-12 00:00:00+00:00
[2025-06-12T10:41:04.605+0200] {processor.py:208} INFO - Processing /Users/gordanaristova/MyProjects/MyRpaProject/venv/lib/python3.10/site-packages/airflow/example_dags/example_branch_labels.py took 0.044 seconds
[2025-06-12T10:42:51.603+0200] {processor.py:186} INFO - Started process (PID=8729) to work on /Users/gordanaristova/MyProjects/MyRpaProject/venv/lib/python3.10/site-packages/airflow/example_dags/example_branch_labels.py
[2025-06-12T10:42:51.604+0200] {processor.py:914} INFO - Processing file /Users/gordanaristova/MyProjects/MyRpaProject/venv/lib/python3.10/site-packages/airflow/example_dags/example_branch_labels.py for tasks to queue
[2025-06-12T10:42:51.604+0200] {logging_mixin.py:190} INFO - [2025-06-12T10:42:51.604+0200] {dagbag.py:588} INFO - Filling up the DagBag from /Users/gordanaristova/MyProjects/MyRpaProject/venv/lib/python3.10/site-packages/airflow/example_dags/example_branch_labels.py
[2025-06-12T10:42:51.606+0200] {processor.py:925} INFO - DAG(s) 'example_branch_labels' retrieved from /Users/gordanaristova/MyProjects/MyRpaProject/venv/lib/python3.10/site-packages/airflow/example_dags/example_branch_labels.py
[2025-06-12T10:42:51.635+0200] {logging_mixin.py:190} INFO - [2025-06-12T10:42:51.635+0200] {dag.py:3239} INFO - Sync 1 DAGs
[2025-06-12T10:42:51.641+0200] {logging_mixin.py:190} INFO - [2025-06-12T10:42:51.641+0200] {dag.py:4180} INFO - Setting next_dagrun for example_branch_labels to 2025-06-11 00:00:00+00:00, run_after=2025-06-12 00:00:00+00:00
[2025-06-12T10:42:51.645+0200] {processor.py:208} INFO - Processing /Users/gordanaristova/MyProjects/MyRpaProject/venv/lib/python3.10/site-packages/airflow/example_dags/example_branch_labels.py took 0.043 seconds
[2025-06-12T10:44:37.695+0200] {processor.py:186} INFO - Started process (PID=8883) to work on /Users/gordanaristova/MyProjects/MyRpaProject/venv/lib/python3.10/site-packages/airflow/example_dags/example_branch_labels.py
[2025-06-12T10:44:37.696+0200] {processor.py:914} INFO - Processing file /Users/gordanaristova/MyProjects/MyRpaProject/venv/lib/python3.10/site-packages/airflow/example_dags/example_branch_labels.py for tasks to queue
[2025-06-12T10:44:37.696+0200] {logging_mixin.py:190} INFO - [2025-06-12T10:44:37.696+0200] {dagbag.py:588} INFO - Filling up the DagBag from /Users/gordanaristova/MyProjects/MyRpaProject/venv/lib/python3.10/site-packages/airflow/example_dags/example_branch_labels.py
[2025-06-12T10:44:37.699+0200] {processor.py:925} INFO - DAG(s) 'example_branch_labels' retrieved from /Users/gordanaristova/MyProjects/MyRpaProject/venv/lib/python3.10/site-packages/airflow/example_dags/example_branch_labels.py
[2025-06-12T10:44:37.727+0200] {logging_mixin.py:190} INFO - [2025-06-12T10:44:37.727+0200] {dag.py:3239} INFO - Sync 1 DAGs
[2025-06-12T10:44:37.732+0200] {logging_mixin.py:190} INFO - [2025-06-12T10:44:37.732+0200] {dag.py:4180} INFO - Setting next_dagrun for example_branch_labels to 2025-06-11 00:00:00+00:00, run_after=2025-06-12 00:00:00+00:00
[2025-06-12T10:44:37.737+0200] {processor.py:208} INFO - Processing /Users/gordanaristova/MyProjects/MyRpaProject/venv/lib/python3.10/site-packages/airflow/example_dags/example_branch_labels.py took 0.043 seconds
[2025-06-12T10:46:23.382+0200] {processor.py:186} INFO - Started process (PID=8979) to work on /Users/gordanaristova/MyProjects/MyRpaProject/venv/lib/python3.10/site-packages/airflow/example_dags/example_branch_labels.py
[2025-06-12T10:46:23.383+0200] {processor.py:914} INFO - Processing file /Users/gordanaristova/MyProjects/MyRpaProject/venv/lib/python3.10/site-packages/airflow/example_dags/example_branch_labels.py for tasks to queue
[2025-06-12T10:46:23.383+0200] {logging_mixin.py:190} INFO - [2025-06-12T10:46:23.383+0200] {dagbag.py:588} INFO - Filling up the DagBag from /Users/gordanaristova/MyProjects/MyRpaProject/venv/lib/python3.10/site-packages/airflow/example_dags/example_branch_labels.py
[2025-06-12T10:46:23.385+0200] {processor.py:925} INFO - DAG(s) 'example_branch_labels' retrieved from /Users/gordanaristova/MyProjects/MyRpaProject/venv/lib/python3.10/site-packages/airflow/example_dags/example_branch_labels.py
[2025-06-12T10:46:23.415+0200] {logging_mixin.py:190} INFO - [2025-06-12T10:46:23.414+0200] {dag.py:3239} INFO - Sync 1 DAGs
[2025-06-12T10:46:23.420+0200] {logging_mixin.py:190} INFO - [2025-06-12T10:46:23.420+0200] {dag.py:4180} INFO - Setting next_dagrun for example_branch_labels to 2025-06-11 00:00:00+00:00, run_after=2025-06-12 00:00:00+00:00
[2025-06-12T10:46:23.424+0200] {processor.py:208} INFO - Processing /Users/gordanaristova/MyProjects/MyRpaProject/venv/lib/python3.10/site-packages/airflow/example_dags/example_branch_labels.py took 0.044 seconds
[2025-06-12T10:48:16.389+0200] {processor.py:186} INFO - Started process (PID=9120) to work on /Users/gordanaristova/MyProjects/MyRpaProject/venv/lib/python3.10/site-packages/airflow/example_dags/example_branch_labels.py
[2025-06-12T10:48:16.390+0200] {processor.py:914} INFO - Processing file /Users/gordanaristova/MyProjects/MyRpaProject/venv/lib/python3.10/site-packages/airflow/example_dags/example_branch_labels.py for tasks to queue
[2025-06-12T10:48:16.390+0200] {logging_mixin.py:190} INFO - [2025-06-12T10:48:16.390+0200] {dagbag.py:588} INFO - Filling up the DagBag from /Users/gordanaristova/MyProjects/MyRpaProject/venv/lib/python3.10/site-packages/airflow/example_dags/example_branch_labels.py
[2025-06-12T10:48:16.393+0200] {processor.py:925} INFO - DAG(s) 'example_branch_labels' retrieved from /Users/gordanaristova/MyProjects/MyRpaProject/venv/lib/python3.10/site-packages/airflow/example_dags/example_branch_labels.py
[2025-06-12T10:48:16.421+0200] {logging_mixin.py:190} INFO - [2025-06-12T10:48:16.421+0200] {dag.py:3239} INFO - Sync 1 DAGs
[2025-06-12T10:48:16.426+0200] {logging_mixin.py:190} INFO - [2025-06-12T10:48:16.426+0200] {dag.py:4180} INFO - Setting next_dagrun for example_branch_labels to 2025-06-11 00:00:00+00:00, run_after=2025-06-12 00:00:00+00:00
[2025-06-12T10:48:16.431+0200] {processor.py:208} INFO - Processing /Users/gordanaristova/MyProjects/MyRpaProject/venv/lib/python3.10/site-packages/airflow/example_dags/example_branch_labels.py took 0.042 seconds
[2025-06-12T10:50:04.018+0200] {processor.py:186} INFO - Started process (PID=9241) to work on /Users/gordanaristova/MyProjects/MyRpaProject/venv/lib/python3.10/site-packages/airflow/example_dags/example_branch_labels.py
[2025-06-12T10:50:04.019+0200] {processor.py:914} INFO - Processing file /Users/gordanaristova/MyProjects/MyRpaProject/venv/lib/python3.10/site-packages/airflow/example_dags/example_branch_labels.py for tasks to queue
[2025-06-12T10:50:04.020+0200] {logging_mixin.py:190} INFO - [2025-06-12T10:50:04.019+0200] {dagbag.py:588} INFO - Filling up the DagBag from /Users/gordanaristova/MyProjects/MyRpaProject/venv/lib/python3.10/site-packages/airflow/example_dags/example_branch_labels.py
[2025-06-12T10:50:04.022+0200] {processor.py:925} INFO - DAG(s) 'example_branch_labels' retrieved from /Users/gordanaristova/MyProjects/MyRpaProject/venv/lib/python3.10/site-packages/airflow/example_dags/example_branch_labels.py
[2025-06-12T10:50:04.051+0200] {logging_mixin.py:190} INFO - [2025-06-12T10:50:04.051+0200] {dag.py:3239} INFO - Sync 1 DAGs
[2025-06-12T10:50:04.056+0200] {logging_mixin.py:190} INFO - [2025-06-12T10:50:04.056+0200] {dag.py:4180} INFO - Setting next_dagrun for example_branch_labels to 2025-06-11 00:00:00+00:00, run_after=2025-06-12 00:00:00+00:00
[2025-06-12T10:50:04.060+0200] {processor.py:208} INFO - Processing /Users/gordanaristova/MyProjects/MyRpaProject/venv/lib/python3.10/site-packages/airflow/example_dags/example_branch_labels.py took 0.043 seconds
[2025-06-12T10:57:44.667+0200] {processor.py:186} INFO - Started process (PID=9484) to work on /Users/gordanaristova/MyProjects/MyRpaProject/venv/lib/python3.10/site-packages/airflow/example_dags/example_branch_labels.py
[2025-06-12T10:57:44.667+0200] {processor.py:914} INFO - Processing file /Users/gordanaristova/MyProjects/MyRpaProject/venv/lib/python3.10/site-packages/airflow/example_dags/example_branch_labels.py for tasks to queue
[2025-06-12T10:57:44.668+0200] {logging_mixin.py:190} INFO - [2025-06-12T10:57:44.668+0200] {dagbag.py:588} INFO - Filling up the DagBag from /Users/gordanaristova/MyProjects/MyRpaProject/venv/lib/python3.10/site-packages/airflow/example_dags/example_branch_labels.py
[2025-06-12T10:57:44.670+0200] {processor.py:925} INFO - DAG(s) 'example_branch_labels' retrieved from /Users/gordanaristova/MyProjects/MyRpaProject/venv/lib/python3.10/site-packages/airflow/example_dags/example_branch_labels.py
[2025-06-12T10:57:44.698+0200] {logging_mixin.py:190} INFO - [2025-06-12T10:57:44.698+0200] {dag.py:3239} INFO - Sync 1 DAGs
[2025-06-12T10:57:44.704+0200] {logging_mixin.py:190} INFO - [2025-06-12T10:57:44.704+0200] {dag.py:4180} INFO - Setting next_dagrun for example_branch_labels to 2025-06-11 00:00:00+00:00, run_after=2025-06-12 00:00:00+00:00
[2025-06-12T10:57:44.708+0200] {processor.py:208} INFO - Processing /Users/gordanaristova/MyProjects/MyRpaProject/venv/lib/python3.10/site-packages/airflow/example_dags/example_branch_labels.py took 0.042 seconds
[2025-06-12T11:12:29.000+0200] {processor.py:186} INFO - Started process (PID=9802) to work on /Users/gordanaristova/MyProjects/MyRpaProject/venv/lib/python3.10/site-packages/airflow/example_dags/example_branch_labels.py
[2025-06-12T11:12:29.001+0200] {processor.py:914} INFO - Processing file /Users/gordanaristova/MyProjects/MyRpaProject/venv/lib/python3.10/site-packages/airflow/example_dags/example_branch_labels.py for tasks to queue
[2025-06-12T11:12:29.002+0200] {logging_mixin.py:190} INFO - [2025-06-12T11:12:29.002+0200] {dagbag.py:588} INFO - Filling up the DagBag from /Users/gordanaristova/MyProjects/MyRpaProject/venv/lib/python3.10/site-packages/airflow/example_dags/example_branch_labels.py
[2025-06-12T11:12:29.004+0200] {processor.py:925} INFO - DAG(s) 'example_branch_labels' retrieved from /Users/gordanaristova/MyProjects/MyRpaProject/venv/lib/python3.10/site-packages/airflow/example_dags/example_branch_labels.py
[2025-06-12T11:12:29.033+0200] {logging_mixin.py:190} INFO - [2025-06-12T11:12:29.033+0200] {dag.py:3239} INFO - Sync 1 DAGs
[2025-06-12T11:12:29.038+0200] {logging_mixin.py:190} INFO - [2025-06-12T11:12:29.038+0200] {dag.py:4180} INFO - Setting next_dagrun for example_branch_labels to 2025-06-11 00:00:00+00:00, run_after=2025-06-12 00:00:00+00:00
[2025-06-12T11:12:29.042+0200] {processor.py:208} INFO - Processing /Users/gordanaristova/MyProjects/MyRpaProject/venv/lib/python3.10/site-packages/airflow/example_dags/example_branch_labels.py took 0.043 seconds
[2025-06-12T11:22:34.676+0200] {processor.py:186} INFO - Started process (PID=10089) to work on /Users/gordanaristova/MyProjects/MyRpaProject/venv/lib/python3.10/site-packages/airflow/example_dags/example_branch_labels.py
[2025-06-12T11:22:34.677+0200] {processor.py:914} INFO - Processing file /Users/gordanaristova/MyProjects/MyRpaProject/venv/lib/python3.10/site-packages/airflow/example_dags/example_branch_labels.py for tasks to queue
[2025-06-12T11:22:34.677+0200] {logging_mixin.py:190} INFO - [2025-06-12T11:22:34.677+0200] {dagbag.py:588} INFO - Filling up the DagBag from /Users/gordanaristova/MyProjects/MyRpaProject/venv/lib/python3.10/site-packages/airflow/example_dags/example_branch_labels.py
[2025-06-12T11:22:34.680+0200] {processor.py:925} INFO - DAG(s) 'example_branch_labels' retrieved from /Users/gordanaristova/MyProjects/MyRpaProject/venv/lib/python3.10/site-packages/airflow/example_dags/example_branch_labels.py
[2025-06-12T11:22:34.709+0200] {logging_mixin.py:190} INFO - [2025-06-12T11:22:34.709+0200] {dag.py:3239} INFO - Sync 1 DAGs
[2025-06-12T11:22:34.714+0200] {logging_mixin.py:190} INFO - [2025-06-12T11:22:34.714+0200] {dag.py:4180} INFO - Setting next_dagrun for example_branch_labels to 2025-06-11 00:00:00+00:00, run_after=2025-06-12 00:00:00+00:00
[2025-06-12T11:22:34.718+0200] {processor.py:208} INFO - Processing /Users/gordanaristova/MyProjects/MyRpaProject/venv/lib/python3.10/site-packages/airflow/example_dags/example_branch_labels.py took 0.043 seconds
[2025-06-12T11:41:50.580+0200] {processor.py:186} INFO - Started process (PID=10456) to work on /Users/gordanaristova/MyProjects/MyRpaProject/venv/lib/python3.10/site-packages/airflow/example_dags/example_branch_labels.py
[2025-06-12T11:41:50.580+0200] {processor.py:914} INFO - Processing file /Users/gordanaristova/MyProjects/MyRpaProject/venv/lib/python3.10/site-packages/airflow/example_dags/example_branch_labels.py for tasks to queue
[2025-06-12T11:41:50.580+0200] {logging_mixin.py:190} INFO - [2025-06-12T11:41:50.580+0200] {dagbag.py:588} INFO - Filling up the DagBag from /Users/gordanaristova/MyProjects/MyRpaProject/venv/lib/python3.10/site-packages/airflow/example_dags/example_branch_labels.py
[2025-06-12T11:41:50.583+0200] {processor.py:925} INFO - DAG(s) 'example_branch_labels' retrieved from /Users/gordanaristova/MyProjects/MyRpaProject/venv/lib/python3.10/site-packages/airflow/example_dags/example_branch_labels.py
[2025-06-12T11:41:50.610+0200] {logging_mixin.py:190} INFO - [2025-06-12T11:41:50.610+0200] {dag.py:3239} INFO - Sync 1 DAGs
[2025-06-12T11:41:50.615+0200] {logging_mixin.py:190} INFO - [2025-06-12T11:41:50.615+0200] {dag.py:4180} INFO - Setting next_dagrun for example_branch_labels to 2025-06-11 00:00:00+00:00, run_after=2025-06-12 00:00:00+00:00
[2025-06-12T11:41:50.620+0200] {processor.py:208} INFO - Processing /Users/gordanaristova/MyProjects/MyRpaProject/venv/lib/python3.10/site-packages/airflow/example_dags/example_branch_labels.py took 0.041 seconds
[2025-06-12T11:50:40.336+0200] {processor.py:186} INFO - Started process (PID=10678) to work on /Users/gordanaristova/MyProjects/MyRpaProject/venv/lib/python3.10/site-packages/airflow/example_dags/example_branch_labels.py
[2025-06-12T11:50:40.337+0200] {processor.py:914} INFO - Processing file /Users/gordanaristova/MyProjects/MyRpaProject/venv/lib/python3.10/site-packages/airflow/example_dags/example_branch_labels.py for tasks to queue
[2025-06-12T11:50:40.338+0200] {logging_mixin.py:190} INFO - [2025-06-12T11:50:40.338+0200] {dagbag.py:588} INFO - Filling up the DagBag from /Users/gordanaristova/MyProjects/MyRpaProject/venv/lib/python3.10/site-packages/airflow/example_dags/example_branch_labels.py
[2025-06-12T11:50:40.340+0200] {processor.py:925} INFO - DAG(s) 'example_branch_labels' retrieved from /Users/gordanaristova/MyProjects/MyRpaProject/venv/lib/python3.10/site-packages/airflow/example_dags/example_branch_labels.py
[2025-06-12T11:50:40.368+0200] {logging_mixin.py:190} INFO - [2025-06-12T11:50:40.368+0200] {dag.py:3239} INFO - Sync 1 DAGs
[2025-06-12T11:50:40.373+0200] {logging_mixin.py:190} INFO - [2025-06-12T11:50:40.373+0200] {dag.py:4180} INFO - Setting next_dagrun for example_branch_labels to 2025-06-11 00:00:00+00:00, run_after=2025-06-12 00:00:00+00:00
[2025-06-12T11:50:40.377+0200] {processor.py:208} INFO - Processing /Users/gordanaristova/MyProjects/MyRpaProject/venv/lib/python3.10/site-packages/airflow/example_dags/example_branch_labels.py took 0.042 seconds
[2025-06-12T11:52:28.575+0200] {processor.py:186} INFO - Started process (PID=10801) to work on /Users/gordanaristova/MyProjects/MyRpaProject/venv/lib/python3.10/site-packages/airflow/example_dags/example_branch_labels.py
[2025-06-12T11:52:28.576+0200] {processor.py:914} INFO - Processing file /Users/gordanaristova/MyProjects/MyRpaProject/venv/lib/python3.10/site-packages/airflow/example_dags/example_branch_labels.py for tasks to queue
[2025-06-12T11:52:28.577+0200] {logging_mixin.py:190} INFO - [2025-06-12T11:52:28.577+0200] {dagbag.py:588} INFO - Filling up the DagBag from /Users/gordanaristova/MyProjects/MyRpaProject/venv/lib/python3.10/site-packages/airflow/example_dags/example_branch_labels.py
[2025-06-12T11:52:28.579+0200] {processor.py:925} INFO - DAG(s) 'example_branch_labels' retrieved from /Users/gordanaristova/MyProjects/MyRpaProject/venv/lib/python3.10/site-packages/airflow/example_dags/example_branch_labels.py
[2025-06-12T11:52:28.609+0200] {logging_mixin.py:190} INFO - [2025-06-12T11:52:28.608+0200] {dag.py:3239} INFO - Sync 1 DAGs
[2025-06-12T11:52:28.614+0200] {logging_mixin.py:190} INFO - [2025-06-12T11:52:28.614+0200] {dag.py:4180} INFO - Setting next_dagrun for example_branch_labels to 2025-06-11 00:00:00+00:00, run_after=2025-06-12 00:00:00+00:00
[2025-06-12T11:52:28.618+0200] {processor.py:208} INFO - Processing /Users/gordanaristova/MyProjects/MyRpaProject/venv/lib/python3.10/site-packages/airflow/example_dags/example_branch_labels.py took 0.044 seconds
[2025-06-12T11:54:17.873+0200] {processor.py:186} INFO - Started process (PID=10884) to work on /Users/gordanaristova/MyProjects/MyRpaProject/venv/lib/python3.10/site-packages/airflow/example_dags/example_branch_labels.py
[2025-06-12T11:54:17.874+0200] {processor.py:914} INFO - Processing file /Users/gordanaristova/MyProjects/MyRpaProject/venv/lib/python3.10/site-packages/airflow/example_dags/example_branch_labels.py for tasks to queue
[2025-06-12T11:54:17.875+0200] {logging_mixin.py:190} INFO - [2025-06-12T11:54:17.875+0200] {dagbag.py:588} INFO - Filling up the DagBag from /Users/gordanaristova/MyProjects/MyRpaProject/venv/lib/python3.10/site-packages/airflow/example_dags/example_branch_labels.py
[2025-06-12T11:54:17.877+0200] {processor.py:925} INFO - DAG(s) 'example_branch_labels' retrieved from /Users/gordanaristova/MyProjects/MyRpaProject/venv/lib/python3.10/site-packages/airflow/example_dags/example_branch_labels.py
[2025-06-12T11:54:17.906+0200] {logging_mixin.py:190} INFO - [2025-06-12T11:54:17.906+0200] {dag.py:3239} INFO - Sync 1 DAGs
[2025-06-12T11:54:17.911+0200] {logging_mixin.py:190} INFO - [2025-06-12T11:54:17.911+0200] {dag.py:4180} INFO - Setting next_dagrun for example_branch_labels to 2025-06-11 00:00:00+00:00, run_after=2025-06-12 00:00:00+00:00
[2025-06-12T11:54:17.916+0200] {processor.py:208} INFO - Processing /Users/gordanaristova/MyProjects/MyRpaProject/venv/lib/python3.10/site-packages/airflow/example_dags/example_branch_labels.py took 0.043 seconds
[2025-06-12T11:56:04.722+0200] {processor.py:186} INFO - Started process (PID=10993) to work on /Users/gordanaristova/MyProjects/MyRpaProject/venv/lib/python3.10/site-packages/airflow/example_dags/example_branch_labels.py
[2025-06-12T11:56:04.723+0200] {processor.py:914} INFO - Processing file /Users/gordanaristova/MyProjects/MyRpaProject/venv/lib/python3.10/site-packages/airflow/example_dags/example_branch_labels.py for tasks to queue
[2025-06-12T11:56:04.724+0200] {logging_mixin.py:190} INFO - [2025-06-12T11:56:04.724+0200] {dagbag.py:588} INFO - Filling up the DagBag from /Users/gordanaristova/MyProjects/MyRpaProject/venv/lib/python3.10/site-packages/airflow/example_dags/example_branch_labels.py
[2025-06-12T11:56:04.726+0200] {processor.py:925} INFO - DAG(s) 'example_branch_labels' retrieved from /Users/gordanaristova/MyProjects/MyRpaProject/venv/lib/python3.10/site-packages/airflow/example_dags/example_branch_labels.py
[2025-06-12T11:56:04.755+0200] {logging_mixin.py:190} INFO - [2025-06-12T11:56:04.755+0200] {dag.py:3239} INFO - Sync 1 DAGs
[2025-06-12T11:56:04.760+0200] {logging_mixin.py:190} INFO - [2025-06-12T11:56:04.760+0200] {dag.py:4180} INFO - Setting next_dagrun for example_branch_labels to 2025-06-11 00:00:00+00:00, run_after=2025-06-12 00:00:00+00:00
[2025-06-12T11:56:04.765+0200] {processor.py:208} INFO - Processing /Users/gordanaristova/MyProjects/MyRpaProject/venv/lib/python3.10/site-packages/airflow/example_dags/example_branch_labels.py took 0.043 seconds
[2025-06-12T13:15:29.820+0200] {processor.py:186} INFO - Started process (PID=13054) to work on /Users/gordanaristova/MyProjects/MyRpaProject/venv/lib/python3.10/site-packages/airflow/example_dags/example_branch_labels.py
[2025-06-12T13:15:29.821+0200] {processor.py:914} INFO - Processing file /Users/gordanaristova/MyProjects/MyRpaProject/venv/lib/python3.10/site-packages/airflow/example_dags/example_branch_labels.py for tasks to queue
[2025-06-12T13:15:29.821+0200] {logging_mixin.py:190} INFO - [2025-06-12T13:15:29.821+0200] {dagbag.py:588} INFO - Filling up the DagBag from /Users/gordanaristova/MyProjects/MyRpaProject/venv/lib/python3.10/site-packages/airflow/example_dags/example_branch_labels.py
[2025-06-12T13:15:29.824+0200] {processor.py:925} INFO - DAG(s) 'example_branch_labels' retrieved from /Users/gordanaristova/MyProjects/MyRpaProject/venv/lib/python3.10/site-packages/airflow/example_dags/example_branch_labels.py
[2025-06-12T13:15:29.853+0200] {logging_mixin.py:190} INFO - [2025-06-12T13:15:29.853+0200] {dag.py:3239} INFO - Sync 1 DAGs
[2025-06-12T13:15:29.859+0200] {logging_mixin.py:190} INFO - [2025-06-12T13:15:29.859+0200] {dag.py:4180} INFO - Setting next_dagrun for example_branch_labels to 2025-06-11 00:00:00+00:00, run_after=2025-06-12 00:00:00+00:00
[2025-06-12T13:15:29.863+0200] {processor.py:208} INFO - Processing /Users/gordanaristova/MyProjects/MyRpaProject/venv/lib/python3.10/site-packages/airflow/example_dags/example_branch_labels.py took 0.044 seconds
[2025-06-12T18:43:13.392+0200] {processor.py:186} INFO - Started process (PID=15710) to work on /Users/gordanaristova/MyProjects/MyRpaProject/venv/lib/python3.10/site-packages/airflow/example_dags/example_branch_labels.py
[2025-06-12T18:43:13.393+0200] {processor.py:914} INFO - Processing file /Users/gordanaristova/MyProjects/MyRpaProject/venv/lib/python3.10/site-packages/airflow/example_dags/example_branch_labels.py for tasks to queue
[2025-06-12T18:43:13.393+0200] {logging_mixin.py:190} INFO - [2025-06-12T18:43:13.393+0200] {dagbag.py:588} INFO - Filling up the DagBag from /Users/gordanaristova/MyProjects/MyRpaProject/venv/lib/python3.10/site-packages/airflow/example_dags/example_branch_labels.py
[2025-06-12T18:43:13.396+0200] {processor.py:925} INFO - DAG(s) 'example_branch_labels' retrieved from /Users/gordanaristova/MyProjects/MyRpaProject/venv/lib/python3.10/site-packages/airflow/example_dags/example_branch_labels.py
[2025-06-12T18:43:13.430+0200] {logging_mixin.py:190} INFO - [2025-06-12T18:43:13.430+0200] {dag.py:3239} INFO - Sync 1 DAGs
[2025-06-12T18:43:13.437+0200] {logging_mixin.py:190} INFO - [2025-06-12T18:43:13.437+0200] {dag.py:4180} INFO - Setting next_dagrun for example_branch_labels to 2025-06-11 00:00:00+00:00, run_after=2025-06-12 00:00:00+00:00
[2025-06-12T18:43:13.443+0200] {processor.py:208} INFO - Processing /Users/gordanaristova/MyProjects/MyRpaProject/venv/lib/python3.10/site-packages/airflow/example_dags/example_branch_labels.py took 0.052 seconds
[2025-06-12T19:11:51.792+0200] {processor.py:186} INFO - Started process (PID=16502) to work on /Users/gordanaristova/MyProjects/MyRpaProject/venv/lib/python3.10/site-packages/airflow/example_dags/example_branch_labels.py
[2025-06-12T19:11:51.793+0200] {processor.py:914} INFO - Processing file /Users/gordanaristova/MyProjects/MyRpaProject/venv/lib/python3.10/site-packages/airflow/example_dags/example_branch_labels.py for tasks to queue
[2025-06-12T19:11:51.793+0200] {logging_mixin.py:190} INFO - [2025-06-12T19:11:51.793+0200] {dagbag.py:588} INFO - Filling up the DagBag from /Users/gordanaristova/MyProjects/MyRpaProject/venv/lib/python3.10/site-packages/airflow/example_dags/example_branch_labels.py
[2025-06-12T19:11:51.796+0200] {processor.py:925} INFO - DAG(s) 'example_branch_labels' retrieved from /Users/gordanaristova/MyProjects/MyRpaProject/venv/lib/python3.10/site-packages/airflow/example_dags/example_branch_labels.py
[2025-06-12T19:11:51.826+0200] {logging_mixin.py:190} INFO - [2025-06-12T19:11:51.826+0200] {dag.py:3239} INFO - Sync 1 DAGs
[2025-06-12T19:11:51.832+0200] {logging_mixin.py:190} INFO - [2025-06-12T19:11:51.832+0200] {dag.py:4180} INFO - Setting next_dagrun for example_branch_labels to 2025-06-11 00:00:00+00:00, run_after=2025-06-12 00:00:00+00:00
[2025-06-12T19:11:51.837+0200] {processor.py:208} INFO - Processing /Users/gordanaristova/MyProjects/MyRpaProject/venv/lib/python3.10/site-packages/airflow/example_dags/example_branch_labels.py took 0.045 seconds
