[2025-06-12T10:37:22.389+0200] {processor.py:186} INFO - Started process (PID=8459) to work on /Users/gordanaristova/MyProjects/MyRpaProject/venv/lib/python3.10/site-packages/airflow/example_dags/example_dataset_alias_with_no_taskflow.py
[2025-06-12T10:37:22.390+0200] {processor.py:914} INFO - Processing file /Users/gordanaristova/MyProjects/MyRpaProject/venv/lib/python3.10/site-packages/airflow/example_dags/example_dataset_alias_with_no_taskflow.py for tasks to queue
[2025-06-12T10:37:22.390+0200] {logging_mixin.py:190} INFO - [2025-06-12T10:37:22.390+0200] {dagbag.py:588} INFO - Filling up the DagBag from /Users/gordanaristova/MyProjects/MyRpaProject/venv/lib/python3.10/site-packages/airflow/example_dags/example_dataset_alias_with_no_taskflow.py
[2025-06-12T10:37:22.430+0200] {processor.py:925} INFO - DAG(s) 'dataset_s3_bucket_producer_with_no_taskflow', 'dataset_s3_bucket_consumer_with_no_taskflow', 'dataset_alias_example_alias_consumer_with_no_taskflow', 'dataset_alias_example_alias_producer_with_no_taskflow' retrieved from /Users/gordanaristova/MyProjects/MyRpaProject/venv/lib/python3.10/site-packages/airflow/example_dags/example_dataset_alias_with_no_taskflow.py
[2025-06-12T10:37:22.453+0200] {logging_mixin.py:190} INFO - [2025-06-12T10:37:22.453+0200] {override.py:1900} INFO - Created Permission View: can delete on DAG:dataset_s3_bucket_producer_with_no_taskflow
[2025-06-12T10:37:22.455+0200] {logging_mixin.py:190} INFO - [2025-06-12T10:37:22.455+0200] {override.py:1900} INFO - Created Permission View: can edit on DAG:dataset_s3_bucket_producer_with_no_taskflow
[2025-06-12T10:37:22.457+0200] {logging_mixin.py:190} INFO - [2025-06-12T10:37:22.457+0200] {override.py:1900} INFO - Created Permission View: can read on DAG:dataset_s3_bucket_producer_with_no_taskflow
[2025-06-12T10:37:22.458+0200] {logging_mixin.py:190} INFO - [2025-06-12T10:37:22.458+0200] {override.py:1900} INFO - Created Permission View: menu access on DAG Run:dataset_s3_bucket_producer_with_no_taskflow
[2025-06-12T10:37:22.460+0200] {logging_mixin.py:190} INFO - [2025-06-12T10:37:22.460+0200] {override.py:1900} INFO - Created Permission View: can delete on DAG Run:dataset_s3_bucket_producer_with_no_taskflow
[2025-06-12T10:37:22.461+0200] {logging_mixin.py:190} INFO - [2025-06-12T10:37:22.461+0200] {override.py:1900} INFO - Created Permission View: can create on DAG Run:dataset_s3_bucket_producer_with_no_taskflow
[2025-06-12T10:37:22.462+0200] {logging_mixin.py:190} INFO - [2025-06-12T10:37:22.462+0200] {override.py:1900} INFO - Created Permission View: can read on DAG Run:dataset_s3_bucket_producer_with_no_taskflow
[2025-06-12T10:37:22.465+0200] {logging_mixin.py:190} INFO - [2025-06-12T10:37:22.465+0200] {override.py:1900} INFO - Created Permission View: can delete on DAG:dataset_s3_bucket_consumer_with_no_taskflow
[2025-06-12T10:37:22.466+0200] {logging_mixin.py:190} INFO - [2025-06-12T10:37:22.466+0200] {override.py:1900} INFO - Created Permission View: can edit on DAG:dataset_s3_bucket_consumer_with_no_taskflow
[2025-06-12T10:37:22.468+0200] {logging_mixin.py:190} INFO - [2025-06-12T10:37:22.468+0200] {override.py:1900} INFO - Created Permission View: can read on DAG:dataset_s3_bucket_consumer_with_no_taskflow
[2025-06-12T10:37:22.469+0200] {logging_mixin.py:190} INFO - [2025-06-12T10:37:22.469+0200] {override.py:1900} INFO - Created Permission View: menu access on DAG Run:dataset_s3_bucket_consumer_with_no_taskflow
[2025-06-12T10:37:22.471+0200] {logging_mixin.py:190} INFO - [2025-06-12T10:37:22.471+0200] {override.py:1900} INFO - Created Permission View: can delete on DAG Run:dataset_s3_bucket_consumer_with_no_taskflow
[2025-06-12T10:37:22.472+0200] {logging_mixin.py:190} INFO - [2025-06-12T10:37:22.472+0200] {override.py:1900} INFO - Created Permission View: can create on DAG Run:dataset_s3_bucket_consumer_with_no_taskflow
[2025-06-12T10:37:22.474+0200] {logging_mixin.py:190} INFO - [2025-06-12T10:37:22.474+0200] {override.py:1900} INFO - Created Permission View: can read on DAG Run:dataset_s3_bucket_consumer_with_no_taskflow
[2025-06-12T10:37:22.476+0200] {logging_mixin.py:190} INFO - [2025-06-12T10:37:22.476+0200] {override.py:1900} INFO - Created Permission View: can delete on DAG:dataset_alias_example_alias_consumer_with_no_taskflow
[2025-06-12T10:37:22.478+0200] {logging_mixin.py:190} INFO - [2025-06-12T10:37:22.478+0200] {override.py:1900} INFO - Created Permission View: can edit on DAG:dataset_alias_example_alias_consumer_with_no_taskflow
[2025-06-12T10:37:22.479+0200] {logging_mixin.py:190} INFO - [2025-06-12T10:37:22.479+0200] {override.py:1900} INFO - Created Permission View: can read on DAG:dataset_alias_example_alias_consumer_with_no_taskflow
[2025-06-12T10:37:22.481+0200] {logging_mixin.py:190} INFO - [2025-06-12T10:37:22.481+0200] {override.py:1900} INFO - Created Permission View: menu access on DAG Run:dataset_alias_example_alias_consumer_with_no_taskflow
[2025-06-12T10:37:22.482+0200] {logging_mixin.py:190} INFO - [2025-06-12T10:37:22.482+0200] {override.py:1900} INFO - Created Permission View: can delete on DAG Run:dataset_alias_example_alias_consumer_with_no_taskflow
[2025-06-12T10:37:22.483+0200] {logging_mixin.py:190} INFO - [2025-06-12T10:37:22.483+0200] {override.py:1900} INFO - Created Permission View: can create on DAG Run:dataset_alias_example_alias_consumer_with_no_taskflow
[2025-06-12T10:37:22.486+0200] {logging_mixin.py:190} INFO - [2025-06-12T10:37:22.486+0200] {override.py:1900} INFO - Created Permission View: can read on DAG Run:dataset_alias_example_alias_consumer_with_no_taskflow
[2025-06-12T10:37:22.489+0200] {logging_mixin.py:190} INFO - [2025-06-12T10:37:22.489+0200] {override.py:1900} INFO - Created Permission View: can delete on DAG:dataset_alias_example_alias_producer_with_no_taskflow
[2025-06-12T10:37:22.490+0200] {logging_mixin.py:190} INFO - [2025-06-12T10:37:22.490+0200] {override.py:1900} INFO - Created Permission View: can edit on DAG:dataset_alias_example_alias_producer_with_no_taskflow
[2025-06-12T10:37:22.491+0200] {logging_mixin.py:190} INFO - [2025-06-12T10:37:22.491+0200] {override.py:1900} INFO - Created Permission View: can read on DAG:dataset_alias_example_alias_producer_with_no_taskflow
[2025-06-12T10:37:22.493+0200] {logging_mixin.py:190} INFO - [2025-06-12T10:37:22.493+0200] {override.py:1900} INFO - Created Permission View: menu access on DAG Run:dataset_alias_example_alias_producer_with_no_taskflow
[2025-06-12T10:37:22.494+0200] {logging_mixin.py:190} INFO - [2025-06-12T10:37:22.494+0200] {override.py:1900} INFO - Created Permission View: can delete on DAG Run:dataset_alias_example_alias_producer_with_no_taskflow
[2025-06-12T10:37:22.497+0200] {logging_mixin.py:190} INFO - [2025-06-12T10:37:22.497+0200] {override.py:1900} INFO - Created Permission View: can create on DAG Run:dataset_alias_example_alias_producer_with_no_taskflow
[2025-06-12T10:37:22.498+0200] {logging_mixin.py:190} INFO - [2025-06-12T10:37:22.498+0200] {override.py:1900} INFO - Created Permission View: can read on DAG Run:dataset_alias_example_alias_producer_with_no_taskflow
[2025-06-12T10:37:22.498+0200] {logging_mixin.py:190} INFO - [2025-06-12T10:37:22.498+0200] {dag.py:3239} INFO - Sync 4 DAGs
[2025-06-12T10:37:22.502+0200] {logging_mixin.py:190} INFO - [2025-06-12T10:37:22.502+0200] {dag.py:3262} INFO - Creating ORM DAG for dataset_alias_example_alias_consumer_with_no_taskflow
[2025-06-12T10:37:22.502+0200] {logging_mixin.py:190} INFO - [2025-06-12T10:37:22.502+0200] {dag.py:3262} INFO - Creating ORM DAG for dataset_alias_example_alias_producer_with_no_taskflow
[2025-06-12T10:37:22.502+0200] {logging_mixin.py:190} INFO - [2025-06-12T10:37:22.502+0200] {dag.py:3262} INFO - Creating ORM DAG for dataset_s3_bucket_consumer_with_no_taskflow
[2025-06-12T10:37:22.502+0200] {logging_mixin.py:190} INFO - [2025-06-12T10:37:22.502+0200] {dag.py:3262} INFO - Creating ORM DAG for dataset_s3_bucket_producer_with_no_taskflow
[2025-06-12T10:37:22.504+0200] {logging_mixin.py:190} INFO - [2025-06-12T10:37:22.504+0200] {dag.py:4180} INFO - Setting next_dagrun for dataset_alias_example_alias_consumer_with_no_taskflow to None, run_after=None
[2025-06-12T10:37:22.504+0200] {logging_mixin.py:190} INFO - [2025-06-12T10:37:22.504+0200] {dag.py:4180} INFO - Setting next_dagrun for dataset_alias_example_alias_producer_with_no_taskflow to None, run_after=None
[2025-06-12T10:37:22.504+0200] {logging_mixin.py:190} INFO - [2025-06-12T10:37:22.504+0200] {dag.py:4180} INFO - Setting next_dagrun for dataset_s3_bucket_consumer_with_no_taskflow to None, run_after=None
[2025-06-12T10:37:22.505+0200] {logging_mixin.py:190} INFO - [2025-06-12T10:37:22.505+0200] {dag.py:4180} INFO - Setting next_dagrun for dataset_s3_bucket_producer_with_no_taskflow to None, run_after=None
[2025-06-12T10:37:22.667+0200] {processor.py:208} INFO - Processing /Users/gordanaristova/MyProjects/MyRpaProject/venv/lib/python3.10/site-packages/airflow/example_dags/example_dataset_alias_with_no_taskflow.py took 0.279 seconds
[2025-06-12T10:39:12.829+0200] {processor.py:186} INFO - Started process (PID=8551) to work on /Users/gordanaristova/MyProjects/MyRpaProject/venv/lib/python3.10/site-packages/airflow/example_dags/example_dataset_alias_with_no_taskflow.py
[2025-06-12T10:39:12.830+0200] {processor.py:914} INFO - Processing file /Users/gordanaristova/MyProjects/MyRpaProject/venv/lib/python3.10/site-packages/airflow/example_dags/example_dataset_alias_with_no_taskflow.py for tasks to queue
[2025-06-12T10:39:12.830+0200] {logging_mixin.py:190} INFO - [2025-06-12T10:39:12.830+0200] {dagbag.py:588} INFO - Filling up the DagBag from /Users/gordanaristova/MyProjects/MyRpaProject/venv/lib/python3.10/site-packages/airflow/example_dags/example_dataset_alias_with_no_taskflow.py
[2025-06-12T10:39:12.873+0200] {processor.py:925} INFO - DAG(s) 'dataset_alias_example_alias_producer_with_no_taskflow', 'dataset_alias_example_alias_consumer_with_no_taskflow', 'dataset_s3_bucket_producer_with_no_taskflow', 'dataset_s3_bucket_consumer_with_no_taskflow' retrieved from /Users/gordanaristova/MyProjects/MyRpaProject/venv/lib/python3.10/site-packages/airflow/example_dags/example_dataset_alias_with_no_taskflow.py
[2025-06-12T10:39:12.879+0200] {logging_mixin.py:190} INFO - [2025-06-12T10:39:12.879+0200] {dag.py:3239} INFO - Sync 4 DAGs
[2025-06-12T10:39:12.883+0200] {logging_mixin.py:190} INFO - [2025-06-12T10:39:12.883+0200] {dag.py:4180} INFO - Setting next_dagrun for dataset_alias_example_alias_consumer_with_no_taskflow to None, run_after=None
[2025-06-12T10:39:12.884+0200] {logging_mixin.py:190} INFO - [2025-06-12T10:39:12.884+0200] {dag.py:4180} INFO - Setting next_dagrun for dataset_alias_example_alias_producer_with_no_taskflow to None, run_after=None
[2025-06-12T10:39:12.884+0200] {logging_mixin.py:190} INFO - [2025-06-12T10:39:12.884+0200] {dag.py:4180} INFO - Setting next_dagrun for dataset_s3_bucket_consumer_with_no_taskflow to None, run_after=None
[2025-06-12T10:39:12.884+0200] {logging_mixin.py:190} INFO - [2025-06-12T10:39:12.884+0200] {dag.py:4180} INFO - Setting next_dagrun for dataset_s3_bucket_producer_with_no_taskflow to None, run_after=None
[2025-06-12T10:39:12.890+0200] {processor.py:208} INFO - Processing /Users/gordanaristova/MyProjects/MyRpaProject/venv/lib/python3.10/site-packages/airflow/example_dags/example_dataset_alias_with_no_taskflow.py took 0.061 seconds
[2025-06-12T10:40:55.003+0200] {processor.py:186} INFO - Started process (PID=8636) to work on /Users/gordanaristova/MyProjects/MyRpaProject/venv/lib/python3.10/site-packages/airflow/example_dags/example_dataset_alias_with_no_taskflow.py
[2025-06-12T10:40:55.004+0200] {processor.py:914} INFO - Processing file /Users/gordanaristova/MyProjects/MyRpaProject/venv/lib/python3.10/site-packages/airflow/example_dags/example_dataset_alias_with_no_taskflow.py for tasks to queue
[2025-06-12T10:40:55.004+0200] {logging_mixin.py:190} INFO - [2025-06-12T10:40:55.004+0200] {dagbag.py:588} INFO - Filling up the DagBag from /Users/gordanaristova/MyProjects/MyRpaProject/venv/lib/python3.10/site-packages/airflow/example_dags/example_dataset_alias_with_no_taskflow.py
[2025-06-12T10:40:55.047+0200] {processor.py:925} INFO - DAG(s) 'dataset_s3_bucket_producer_with_no_taskflow', 'dataset_alias_example_alias_producer_with_no_taskflow', 'dataset_alias_example_alias_consumer_with_no_taskflow', 'dataset_s3_bucket_consumer_with_no_taskflow' retrieved from /Users/gordanaristova/MyProjects/MyRpaProject/venv/lib/python3.10/site-packages/airflow/example_dags/example_dataset_alias_with_no_taskflow.py
[2025-06-12T10:40:55.053+0200] {logging_mixin.py:190} INFO - [2025-06-12T10:40:55.052+0200] {dag.py:3239} INFO - Sync 4 DAGs
[2025-06-12T10:40:55.057+0200] {logging_mixin.py:190} INFO - [2025-06-12T10:40:55.057+0200] {dag.py:4180} INFO - Setting next_dagrun for dataset_alias_example_alias_consumer_with_no_taskflow to None, run_after=None
[2025-06-12T10:40:55.058+0200] {logging_mixin.py:190} INFO - [2025-06-12T10:40:55.058+0200] {dag.py:4180} INFO - Setting next_dagrun for dataset_alias_example_alias_producer_with_no_taskflow to None, run_after=None
[2025-06-12T10:40:55.058+0200] {logging_mixin.py:190} INFO - [2025-06-12T10:40:55.058+0200] {dag.py:4180} INFO - Setting next_dagrun for dataset_s3_bucket_consumer_with_no_taskflow to None, run_after=None
[2025-06-12T10:40:55.058+0200] {logging_mixin.py:190} INFO - [2025-06-12T10:40:55.058+0200] {dag.py:4180} INFO - Setting next_dagrun for dataset_s3_bucket_producer_with_no_taskflow to None, run_after=None
[2025-06-12T10:40:55.064+0200] {processor.py:208} INFO - Processing /Users/gordanaristova/MyProjects/MyRpaProject/venv/lib/python3.10/site-packages/airflow/example_dags/example_dataset_alias_with_no_taskflow.py took 0.062 seconds
[2025-06-12T10:42:41.623+0200] {processor.py:186} INFO - Started process (PID=8722) to work on /Users/gordanaristova/MyProjects/MyRpaProject/venv/lib/python3.10/site-packages/airflow/example_dags/example_dataset_alias_with_no_taskflow.py
[2025-06-12T10:42:41.624+0200] {processor.py:914} INFO - Processing file /Users/gordanaristova/MyProjects/MyRpaProject/venv/lib/python3.10/site-packages/airflow/example_dags/example_dataset_alias_with_no_taskflow.py for tasks to queue
[2025-06-12T10:42:41.624+0200] {logging_mixin.py:190} INFO - [2025-06-12T10:42:41.624+0200] {dagbag.py:588} INFO - Filling up the DagBag from /Users/gordanaristova/MyProjects/MyRpaProject/venv/lib/python3.10/site-packages/airflow/example_dags/example_dataset_alias_with_no_taskflow.py
[2025-06-12T10:42:41.665+0200] {processor.py:925} INFO - DAG(s) 'dataset_alias_example_alias_consumer_with_no_taskflow', 'dataset_s3_bucket_consumer_with_no_taskflow', 'dataset_alias_example_alias_producer_with_no_taskflow', 'dataset_s3_bucket_producer_with_no_taskflow' retrieved from /Users/gordanaristova/MyProjects/MyRpaProject/venv/lib/python3.10/site-packages/airflow/example_dags/example_dataset_alias_with_no_taskflow.py
[2025-06-12T10:42:41.671+0200] {logging_mixin.py:190} INFO - [2025-06-12T10:42:41.671+0200] {dag.py:3239} INFO - Sync 4 DAGs
[2025-06-12T10:42:41.676+0200] {logging_mixin.py:190} INFO - [2025-06-12T10:42:41.675+0200] {dag.py:4180} INFO - Setting next_dagrun for dataset_alias_example_alias_consumer_with_no_taskflow to None, run_after=None
[2025-06-12T10:42:41.676+0200] {logging_mixin.py:190} INFO - [2025-06-12T10:42:41.676+0200] {dag.py:4180} INFO - Setting next_dagrun for dataset_alias_example_alias_producer_with_no_taskflow to None, run_after=None
[2025-06-12T10:42:41.676+0200] {logging_mixin.py:190} INFO - [2025-06-12T10:42:41.676+0200] {dag.py:4180} INFO - Setting next_dagrun for dataset_s3_bucket_consumer_with_no_taskflow to None, run_after=None
[2025-06-12T10:42:41.677+0200] {logging_mixin.py:190} INFO - [2025-06-12T10:42:41.677+0200] {dag.py:4180} INFO - Setting next_dagrun for dataset_s3_bucket_producer_with_no_taskflow to None, run_after=None
[2025-06-12T10:42:41.682+0200] {processor.py:208} INFO - Processing /Users/gordanaristova/MyProjects/MyRpaProject/venv/lib/python3.10/site-packages/airflow/example_dags/example_dataset_alias_with_no_taskflow.py took 0.060 seconds
[2025-06-12T10:44:27.722+0200] {processor.py:186} INFO - Started process (PID=8874) to work on /Users/gordanaristova/MyProjects/MyRpaProject/venv/lib/python3.10/site-packages/airflow/example_dags/example_dataset_alias_with_no_taskflow.py
[2025-06-12T10:44:27.723+0200] {processor.py:914} INFO - Processing file /Users/gordanaristova/MyProjects/MyRpaProject/venv/lib/python3.10/site-packages/airflow/example_dags/example_dataset_alias_with_no_taskflow.py for tasks to queue
[2025-06-12T10:44:27.723+0200] {logging_mixin.py:190} INFO - [2025-06-12T10:44:27.723+0200] {dagbag.py:588} INFO - Filling up the DagBag from /Users/gordanaristova/MyProjects/MyRpaProject/venv/lib/python3.10/site-packages/airflow/example_dags/example_dataset_alias_with_no_taskflow.py
[2025-06-12T10:44:27.767+0200] {processor.py:925} INFO - DAG(s) 'dataset_s3_bucket_producer_with_no_taskflow', 'dataset_alias_example_alias_consumer_with_no_taskflow', 'dataset_alias_example_alias_producer_with_no_taskflow', 'dataset_s3_bucket_consumer_with_no_taskflow' retrieved from /Users/gordanaristova/MyProjects/MyRpaProject/venv/lib/python3.10/site-packages/airflow/example_dags/example_dataset_alias_with_no_taskflow.py
[2025-06-12T10:44:27.773+0200] {logging_mixin.py:190} INFO - [2025-06-12T10:44:27.773+0200] {dag.py:3239} INFO - Sync 4 DAGs
[2025-06-12T10:44:27.778+0200] {logging_mixin.py:190} INFO - [2025-06-12T10:44:27.778+0200] {dag.py:4180} INFO - Setting next_dagrun for dataset_alias_example_alias_consumer_with_no_taskflow to None, run_after=None
[2025-06-12T10:44:27.778+0200] {logging_mixin.py:190} INFO - [2025-06-12T10:44:27.778+0200] {dag.py:4180} INFO - Setting next_dagrun for dataset_alias_example_alias_producer_with_no_taskflow to None, run_after=None
[2025-06-12T10:44:27.779+0200] {logging_mixin.py:190} INFO - [2025-06-12T10:44:27.778+0200] {dag.py:4180} INFO - Setting next_dagrun for dataset_s3_bucket_consumer_with_no_taskflow to None, run_after=None
[2025-06-12T10:44:27.779+0200] {logging_mixin.py:190} INFO - [2025-06-12T10:44:27.779+0200] {dag.py:4180} INFO - Setting next_dagrun for dataset_s3_bucket_producer_with_no_taskflow to None, run_after=None
[2025-06-12T10:44:27.784+0200] {processor.py:208} INFO - Processing /Users/gordanaristova/MyProjects/MyRpaProject/venv/lib/python3.10/site-packages/airflow/example_dags/example_dataset_alias_with_no_taskflow.py took 0.063 seconds
[2025-06-12T10:46:14.040+0200] {processor.py:186} INFO - Started process (PID=8967) to work on /Users/gordanaristova/MyProjects/MyRpaProject/venv/lib/python3.10/site-packages/airflow/example_dags/example_dataset_alias_with_no_taskflow.py
[2025-06-12T10:46:14.041+0200] {processor.py:914} INFO - Processing file /Users/gordanaristova/MyProjects/MyRpaProject/venv/lib/python3.10/site-packages/airflow/example_dags/example_dataset_alias_with_no_taskflow.py for tasks to queue
[2025-06-12T10:46:14.041+0200] {logging_mixin.py:190} INFO - [2025-06-12T10:46:14.041+0200] {dagbag.py:588} INFO - Filling up the DagBag from /Users/gordanaristova/MyProjects/MyRpaProject/venv/lib/python3.10/site-packages/airflow/example_dags/example_dataset_alias_with_no_taskflow.py
[2025-06-12T10:46:14.084+0200] {processor.py:925} INFO - DAG(s) 'dataset_alias_example_alias_consumer_with_no_taskflow', 'dataset_alias_example_alias_producer_with_no_taskflow', 'dataset_s3_bucket_producer_with_no_taskflow', 'dataset_s3_bucket_consumer_with_no_taskflow' retrieved from /Users/gordanaristova/MyProjects/MyRpaProject/venv/lib/python3.10/site-packages/airflow/example_dags/example_dataset_alias_with_no_taskflow.py
[2025-06-12T10:46:14.090+0200] {logging_mixin.py:190} INFO - [2025-06-12T10:46:14.090+0200] {dag.py:3239} INFO - Sync 4 DAGs
[2025-06-12T10:46:14.095+0200] {logging_mixin.py:190} INFO - [2025-06-12T10:46:14.095+0200] {dag.py:4180} INFO - Setting next_dagrun for dataset_alias_example_alias_consumer_with_no_taskflow to None, run_after=None
[2025-06-12T10:46:14.095+0200] {logging_mixin.py:190} INFO - [2025-06-12T10:46:14.095+0200] {dag.py:4180} INFO - Setting next_dagrun for dataset_alias_example_alias_producer_with_no_taskflow to None, run_after=None
[2025-06-12T10:46:14.096+0200] {logging_mixin.py:190} INFO - [2025-06-12T10:46:14.096+0200] {dag.py:4180} INFO - Setting next_dagrun for dataset_s3_bucket_consumer_with_no_taskflow to None, run_after=None
[2025-06-12T10:46:14.096+0200] {logging_mixin.py:190} INFO - [2025-06-12T10:46:14.096+0200] {dag.py:4180} INFO - Setting next_dagrun for dataset_s3_bucket_producer_with_no_taskflow to None, run_after=None
[2025-06-12T10:46:14.101+0200] {processor.py:208} INFO - Processing /Users/gordanaristova/MyProjects/MyRpaProject/venv/lib/python3.10/site-packages/airflow/example_dags/example_dataset_alias_with_no_taskflow.py took 0.062 seconds
[2025-06-12T10:48:07.514+0200] {processor.py:186} INFO - Started process (PID=9104) to work on /Users/gordanaristova/MyProjects/MyRpaProject/venv/lib/python3.10/site-packages/airflow/example_dags/example_dataset_alias_with_no_taskflow.py
[2025-06-12T10:48:07.514+0200] {processor.py:914} INFO - Processing file /Users/gordanaristova/MyProjects/MyRpaProject/venv/lib/python3.10/site-packages/airflow/example_dags/example_dataset_alias_with_no_taskflow.py for tasks to queue
[2025-06-12T10:48:07.514+0200] {logging_mixin.py:190} INFO - [2025-06-12T10:48:07.514+0200] {dagbag.py:588} INFO - Filling up the DagBag from /Users/gordanaristova/MyProjects/MyRpaProject/venv/lib/python3.10/site-packages/airflow/example_dags/example_dataset_alias_with_no_taskflow.py
[2025-06-12T10:48:07.558+0200] {processor.py:925} INFO - DAG(s) 'dataset_s3_bucket_producer_with_no_taskflow', 'dataset_alias_example_alias_consumer_with_no_taskflow', 'dataset_alias_example_alias_producer_with_no_taskflow', 'dataset_s3_bucket_consumer_with_no_taskflow' retrieved from /Users/gordanaristova/MyProjects/MyRpaProject/venv/lib/python3.10/site-packages/airflow/example_dags/example_dataset_alias_with_no_taskflow.py
[2025-06-12T10:48:07.564+0200] {logging_mixin.py:190} INFO - [2025-06-12T10:48:07.564+0200] {dag.py:3239} INFO - Sync 4 DAGs
[2025-06-12T10:48:07.569+0200] {logging_mixin.py:190} INFO - [2025-06-12T10:48:07.569+0200] {dag.py:4180} INFO - Setting next_dagrun for dataset_alias_example_alias_consumer_with_no_taskflow to None, run_after=None
[2025-06-12T10:48:07.569+0200] {logging_mixin.py:190} INFO - [2025-06-12T10:48:07.569+0200] {dag.py:4180} INFO - Setting next_dagrun for dataset_alias_example_alias_producer_with_no_taskflow to None, run_after=None
[2025-06-12T10:48:07.569+0200] {logging_mixin.py:190} INFO - [2025-06-12T10:48:07.569+0200] {dag.py:4180} INFO - Setting next_dagrun for dataset_s3_bucket_consumer_with_no_taskflow to None, run_after=None
[2025-06-12T10:48:07.570+0200] {logging_mixin.py:190} INFO - [2025-06-12T10:48:07.570+0200] {dag.py:4180} INFO - Setting next_dagrun for dataset_s3_bucket_producer_with_no_taskflow to None, run_after=None
[2025-06-12T10:48:07.576+0200] {processor.py:208} INFO - Processing /Users/gordanaristova/MyProjects/MyRpaProject/venv/lib/python3.10/site-packages/airflow/example_dags/example_dataset_alias_with_no_taskflow.py took 0.063 seconds
[2025-06-12T10:49:53.344+0200] {processor.py:186} INFO - Started process (PID=9234) to work on /Users/gordanaristova/MyProjects/MyRpaProject/venv/lib/python3.10/site-packages/airflow/example_dags/example_dataset_alias_with_no_taskflow.py
[2025-06-12T10:49:53.345+0200] {processor.py:914} INFO - Processing file /Users/gordanaristova/MyProjects/MyRpaProject/venv/lib/python3.10/site-packages/airflow/example_dags/example_dataset_alias_with_no_taskflow.py for tasks to queue
[2025-06-12T10:49:53.346+0200] {logging_mixin.py:190} INFO - [2025-06-12T10:49:53.346+0200] {dagbag.py:588} INFO - Filling up the DagBag from /Users/gordanaristova/MyProjects/MyRpaProject/venv/lib/python3.10/site-packages/airflow/example_dags/example_dataset_alias_with_no_taskflow.py
[2025-06-12T10:49:53.388+0200] {processor.py:925} INFO - DAG(s) 'dataset_s3_bucket_consumer_with_no_taskflow', 'dataset_alias_example_alias_consumer_with_no_taskflow', 'dataset_alias_example_alias_producer_with_no_taskflow', 'dataset_s3_bucket_producer_with_no_taskflow' retrieved from /Users/gordanaristova/MyProjects/MyRpaProject/venv/lib/python3.10/site-packages/airflow/example_dags/example_dataset_alias_with_no_taskflow.py
[2025-06-12T10:49:53.394+0200] {logging_mixin.py:190} INFO - [2025-06-12T10:49:53.394+0200] {dag.py:3239} INFO - Sync 4 DAGs
[2025-06-12T10:49:53.399+0200] {logging_mixin.py:190} INFO - [2025-06-12T10:49:53.399+0200] {dag.py:4180} INFO - Setting next_dagrun for dataset_alias_example_alias_consumer_with_no_taskflow to None, run_after=None
[2025-06-12T10:49:53.399+0200] {logging_mixin.py:190} INFO - [2025-06-12T10:49:53.399+0200] {dag.py:4180} INFO - Setting next_dagrun for dataset_alias_example_alias_producer_with_no_taskflow to None, run_after=None
[2025-06-12T10:49:53.400+0200] {logging_mixin.py:190} INFO - [2025-06-12T10:49:53.399+0200] {dag.py:4180} INFO - Setting next_dagrun for dataset_s3_bucket_consumer_with_no_taskflow to None, run_after=None
[2025-06-12T10:49:53.400+0200] {logging_mixin.py:190} INFO - [2025-06-12T10:49:53.400+0200] {dag.py:4180} INFO - Setting next_dagrun for dataset_s3_bucket_producer_with_no_taskflow to None, run_after=None
[2025-06-12T10:49:53.405+0200] {processor.py:208} INFO - Processing /Users/gordanaristova/MyProjects/MyRpaProject/venv/lib/python3.10/site-packages/airflow/example_dags/example_dataset_alias_with_no_taskflow.py took 0.062 seconds
[2025-06-12T10:57:34.466+0200] {processor.py:186} INFO - Started process (PID=9469) to work on /Users/gordanaristova/MyProjects/MyRpaProject/venv/lib/python3.10/site-packages/airflow/example_dags/example_dataset_alias_with_no_taskflow.py
[2025-06-12T10:57:34.468+0200] {processor.py:914} INFO - Processing file /Users/gordanaristova/MyProjects/MyRpaProject/venv/lib/python3.10/site-packages/airflow/example_dags/example_dataset_alias_with_no_taskflow.py for tasks to queue
[2025-06-12T10:57:34.468+0200] {logging_mixin.py:190} INFO - [2025-06-12T10:57:34.468+0200] {dagbag.py:588} INFO - Filling up the DagBag from /Users/gordanaristova/MyProjects/MyRpaProject/venv/lib/python3.10/site-packages/airflow/example_dags/example_dataset_alias_with_no_taskflow.py
[2025-06-12T10:57:34.511+0200] {processor.py:925} INFO - DAG(s) 'dataset_s3_bucket_producer_with_no_taskflow', 'dataset_alias_example_alias_producer_with_no_taskflow', 'dataset_alias_example_alias_consumer_with_no_taskflow', 'dataset_s3_bucket_consumer_with_no_taskflow' retrieved from /Users/gordanaristova/MyProjects/MyRpaProject/venv/lib/python3.10/site-packages/airflow/example_dags/example_dataset_alias_with_no_taskflow.py
[2025-06-12T10:57:34.517+0200] {logging_mixin.py:190} INFO - [2025-06-12T10:57:34.517+0200] {dag.py:3239} INFO - Sync 4 DAGs
[2025-06-12T10:57:34.522+0200] {logging_mixin.py:190} INFO - [2025-06-12T10:57:34.522+0200] {dag.py:4180} INFO - Setting next_dagrun for dataset_alias_example_alias_consumer_with_no_taskflow to None, run_after=None
[2025-06-12T10:57:34.522+0200] {logging_mixin.py:190} INFO - [2025-06-12T10:57:34.522+0200] {dag.py:4180} INFO - Setting next_dagrun for dataset_alias_example_alias_producer_with_no_taskflow to None, run_after=None
[2025-06-12T10:57:34.523+0200] {logging_mixin.py:190} INFO - [2025-06-12T10:57:34.523+0200] {dag.py:4180} INFO - Setting next_dagrun for dataset_s3_bucket_consumer_with_no_taskflow to None, run_after=None
[2025-06-12T10:57:34.523+0200] {logging_mixin.py:190} INFO - [2025-06-12T10:57:34.523+0200] {dag.py:4180} INFO - Setting next_dagrun for dataset_s3_bucket_producer_with_no_taskflow to None, run_after=None
[2025-06-12T10:57:34.529+0200] {processor.py:208} INFO - Processing /Users/gordanaristova/MyProjects/MyRpaProject/venv/lib/python3.10/site-packages/airflow/example_dags/example_dataset_alias_with_no_taskflow.py took 0.063 seconds
[2025-06-12T11:12:19.036+0200] {processor.py:186} INFO - Started process (PID=9791) to work on /Users/gordanaristova/MyProjects/MyRpaProject/venv/lib/python3.10/site-packages/airflow/example_dags/example_dataset_alias_with_no_taskflow.py
[2025-06-12T11:12:19.037+0200] {processor.py:914} INFO - Processing file /Users/gordanaristova/MyProjects/MyRpaProject/venv/lib/python3.10/site-packages/airflow/example_dags/example_dataset_alias_with_no_taskflow.py for tasks to queue
[2025-06-12T11:12:19.037+0200] {logging_mixin.py:190} INFO - [2025-06-12T11:12:19.037+0200] {dagbag.py:588} INFO - Filling up the DagBag from /Users/gordanaristova/MyProjects/MyRpaProject/venv/lib/python3.10/site-packages/airflow/example_dags/example_dataset_alias_with_no_taskflow.py
[2025-06-12T11:12:19.079+0200] {processor.py:925} INFO - DAG(s) 'dataset_s3_bucket_consumer_with_no_taskflow', 'dataset_alias_example_alias_producer_with_no_taskflow', 'dataset_alias_example_alias_consumer_with_no_taskflow', 'dataset_s3_bucket_producer_with_no_taskflow' retrieved from /Users/gordanaristova/MyProjects/MyRpaProject/venv/lib/python3.10/site-packages/airflow/example_dags/example_dataset_alias_with_no_taskflow.py
[2025-06-12T11:12:19.085+0200] {logging_mixin.py:190} INFO - [2025-06-12T11:12:19.085+0200] {dag.py:3239} INFO - Sync 4 DAGs
[2025-06-12T11:12:19.090+0200] {logging_mixin.py:190} INFO - [2025-06-12T11:12:19.090+0200] {dag.py:4180} INFO - Setting next_dagrun for dataset_alias_example_alias_consumer_with_no_taskflow to None, run_after=None
[2025-06-12T11:12:19.090+0200] {logging_mixin.py:190} INFO - [2025-06-12T11:12:19.090+0200] {dag.py:4180} INFO - Setting next_dagrun for dataset_alias_example_alias_producer_with_no_taskflow to None, run_after=None
[2025-06-12T11:12:19.091+0200] {logging_mixin.py:190} INFO - [2025-06-12T11:12:19.090+0200] {dag.py:4180} INFO - Setting next_dagrun for dataset_s3_bucket_consumer_with_no_taskflow to None, run_after=None
[2025-06-12T11:12:19.091+0200] {logging_mixin.py:190} INFO - [2025-06-12T11:12:19.091+0200] {dag.py:4180} INFO - Setting next_dagrun for dataset_s3_bucket_producer_with_no_taskflow to None, run_after=None
[2025-06-12T11:12:19.096+0200] {processor.py:208} INFO - Processing /Users/gordanaristova/MyProjects/MyRpaProject/venv/lib/python3.10/site-packages/airflow/example_dags/example_dataset_alias_with_no_taskflow.py took 0.061 seconds
[2025-06-12T11:22:24.705+0200] {processor.py:186} INFO - Started process (PID=10077) to work on /Users/gordanaristova/MyProjects/MyRpaProject/venv/lib/python3.10/site-packages/airflow/example_dags/example_dataset_alias_with_no_taskflow.py
[2025-06-12T11:22:24.705+0200] {processor.py:914} INFO - Processing file /Users/gordanaristova/MyProjects/MyRpaProject/venv/lib/python3.10/site-packages/airflow/example_dags/example_dataset_alias_with_no_taskflow.py for tasks to queue
[2025-06-12T11:22:24.706+0200] {logging_mixin.py:190} INFO - [2025-06-12T11:22:24.706+0200] {dagbag.py:588} INFO - Filling up the DagBag from /Users/gordanaristova/MyProjects/MyRpaProject/venv/lib/python3.10/site-packages/airflow/example_dags/example_dataset_alias_with_no_taskflow.py
[2025-06-12T11:22:24.748+0200] {processor.py:925} INFO - DAG(s) 'dataset_alias_example_alias_producer_with_no_taskflow', 'dataset_s3_bucket_producer_with_no_taskflow', 'dataset_s3_bucket_consumer_with_no_taskflow', 'dataset_alias_example_alias_consumer_with_no_taskflow' retrieved from /Users/gordanaristova/MyProjects/MyRpaProject/venv/lib/python3.10/site-packages/airflow/example_dags/example_dataset_alias_with_no_taskflow.py
[2025-06-12T11:22:24.754+0200] {logging_mixin.py:190} INFO - [2025-06-12T11:22:24.754+0200] {dag.py:3239} INFO - Sync 4 DAGs
[2025-06-12T11:22:24.759+0200] {logging_mixin.py:190} INFO - [2025-06-12T11:22:24.759+0200] {dag.py:4180} INFO - Setting next_dagrun for dataset_alias_example_alias_consumer_with_no_taskflow to None, run_after=None
[2025-06-12T11:22:24.760+0200] {logging_mixin.py:190} INFO - [2025-06-12T11:22:24.759+0200] {dag.py:4180} INFO - Setting next_dagrun for dataset_alias_example_alias_producer_with_no_taskflow to None, run_after=None
[2025-06-12T11:22:24.760+0200] {logging_mixin.py:190} INFO - [2025-06-12T11:22:24.760+0200] {dag.py:4180} INFO - Setting next_dagrun for dataset_s3_bucket_consumer_with_no_taskflow to None, run_after=None
[2025-06-12T11:22:24.760+0200] {logging_mixin.py:190} INFO - [2025-06-12T11:22:24.760+0200] {dag.py:4180} INFO - Setting next_dagrun for dataset_s3_bucket_producer_with_no_taskflow to None, run_after=None
[2025-06-12T11:22:24.766+0200] {processor.py:208} INFO - Processing /Users/gordanaristova/MyProjects/MyRpaProject/venv/lib/python3.10/site-packages/airflow/example_dags/example_dataset_alias_with_no_taskflow.py took 0.062 seconds
[2025-06-12T11:41:40.600+0200] {processor.py:186} INFO - Started process (PID=10443) to work on /Users/gordanaristova/MyProjects/MyRpaProject/venv/lib/python3.10/site-packages/airflow/example_dags/example_dataset_alias_with_no_taskflow.py
[2025-06-12T11:41:40.600+0200] {processor.py:914} INFO - Processing file /Users/gordanaristova/MyProjects/MyRpaProject/venv/lib/python3.10/site-packages/airflow/example_dags/example_dataset_alias_with_no_taskflow.py for tasks to queue
[2025-06-12T11:41:40.601+0200] {logging_mixin.py:190} INFO - [2025-06-12T11:41:40.601+0200] {dagbag.py:588} INFO - Filling up the DagBag from /Users/gordanaristova/MyProjects/MyRpaProject/venv/lib/python3.10/site-packages/airflow/example_dags/example_dataset_alias_with_no_taskflow.py
[2025-06-12T11:41:40.644+0200] {processor.py:925} INFO - DAG(s) 'dataset_s3_bucket_producer_with_no_taskflow', 'dataset_s3_bucket_consumer_with_no_taskflow', 'dataset_alias_example_alias_consumer_with_no_taskflow', 'dataset_alias_example_alias_producer_with_no_taskflow' retrieved from /Users/gordanaristova/MyProjects/MyRpaProject/venv/lib/python3.10/site-packages/airflow/example_dags/example_dataset_alias_with_no_taskflow.py
[2025-06-12T11:41:40.650+0200] {logging_mixin.py:190} INFO - [2025-06-12T11:41:40.650+0200] {dag.py:3239} INFO - Sync 4 DAGs
[2025-06-12T11:41:40.655+0200] {logging_mixin.py:190} INFO - [2025-06-12T11:41:40.655+0200] {dag.py:4180} INFO - Setting next_dagrun for dataset_alias_example_alias_consumer_with_no_taskflow to None, run_after=None
[2025-06-12T11:41:40.656+0200] {logging_mixin.py:190} INFO - [2025-06-12T11:41:40.656+0200] {dag.py:4180} INFO - Setting next_dagrun for dataset_alias_example_alias_producer_with_no_taskflow to None, run_after=None
[2025-06-12T11:41:40.656+0200] {logging_mixin.py:190} INFO - [2025-06-12T11:41:40.656+0200] {dag.py:4180} INFO - Setting next_dagrun for dataset_s3_bucket_consumer_with_no_taskflow to None, run_after=None
[2025-06-12T11:41:40.656+0200] {logging_mixin.py:190} INFO - [2025-06-12T11:41:40.656+0200] {dag.py:4180} INFO - Setting next_dagrun for dataset_s3_bucket_producer_with_no_taskflow to None, run_after=None
[2025-06-12T11:41:40.661+0200] {processor.py:208} INFO - Processing /Users/gordanaristova/MyProjects/MyRpaProject/venv/lib/python3.10/site-packages/airflow/example_dags/example_dataset_alias_with_no_taskflow.py took 0.063 seconds
[2025-06-12T11:50:30.700+0200] {processor.py:186} INFO - Started process (PID=10667) to work on /Users/gordanaristova/MyProjects/MyRpaProject/venv/lib/python3.10/site-packages/airflow/example_dags/example_dataset_alias_with_no_taskflow.py
[2025-06-12T11:50:30.701+0200] {processor.py:914} INFO - Processing file /Users/gordanaristova/MyProjects/MyRpaProject/venv/lib/python3.10/site-packages/airflow/example_dags/example_dataset_alias_with_no_taskflow.py for tasks to queue
[2025-06-12T11:50:30.702+0200] {logging_mixin.py:190} INFO - [2025-06-12T11:50:30.702+0200] {dagbag.py:588} INFO - Filling up the DagBag from /Users/gordanaristova/MyProjects/MyRpaProject/venv/lib/python3.10/site-packages/airflow/example_dags/example_dataset_alias_with_no_taskflow.py
[2025-06-12T11:50:30.745+0200] {processor.py:925} INFO - DAG(s) 'dataset_s3_bucket_consumer_with_no_taskflow', 'dataset_s3_bucket_producer_with_no_taskflow', 'dataset_alias_example_alias_consumer_with_no_taskflow', 'dataset_alias_example_alias_producer_with_no_taskflow' retrieved from /Users/gordanaristova/MyProjects/MyRpaProject/venv/lib/python3.10/site-packages/airflow/example_dags/example_dataset_alias_with_no_taskflow.py
[2025-06-12T11:50:30.753+0200] {logging_mixin.py:190} INFO - [2025-06-12T11:50:30.753+0200] {dag.py:3239} INFO - Sync 4 DAGs
[2025-06-12T11:50:30.759+0200] {logging_mixin.py:190} INFO - [2025-06-12T11:50:30.759+0200] {dag.py:4180} INFO - Setting next_dagrun for dataset_alias_example_alias_consumer_with_no_taskflow to None, run_after=None
[2025-06-12T11:50:30.760+0200] {logging_mixin.py:190} INFO - [2025-06-12T11:50:30.760+0200] {dag.py:4180} INFO - Setting next_dagrun for dataset_alias_example_alias_producer_with_no_taskflow to None, run_after=None
[2025-06-12T11:50:30.760+0200] {logging_mixin.py:190} INFO - [2025-06-12T11:50:30.760+0200] {dag.py:4180} INFO - Setting next_dagrun for dataset_s3_bucket_consumer_with_no_taskflow to None, run_after=None
[2025-06-12T11:50:30.760+0200] {logging_mixin.py:190} INFO - [2025-06-12T11:50:30.760+0200] {dag.py:4180} INFO - Setting next_dagrun for dataset_s3_bucket_producer_with_no_taskflow to None, run_after=None
[2025-06-12T11:50:30.769+0200] {processor.py:208} INFO - Processing /Users/gordanaristova/MyProjects/MyRpaProject/venv/lib/python3.10/site-packages/airflow/example_dags/example_dataset_alias_with_no_taskflow.py took 0.069 seconds
[2025-06-12T11:52:17.965+0200] {processor.py:186} INFO - Started process (PID=10794) to work on /Users/gordanaristova/MyProjects/MyRpaProject/venv/lib/python3.10/site-packages/airflow/example_dags/example_dataset_alias_with_no_taskflow.py
[2025-06-12T11:52:17.966+0200] {processor.py:914} INFO - Processing file /Users/gordanaristova/MyProjects/MyRpaProject/venv/lib/python3.10/site-packages/airflow/example_dags/example_dataset_alias_with_no_taskflow.py for tasks to queue
[2025-06-12T11:52:17.966+0200] {logging_mixin.py:190} INFO - [2025-06-12T11:52:17.966+0200] {dagbag.py:588} INFO - Filling up the DagBag from /Users/gordanaristova/MyProjects/MyRpaProject/venv/lib/python3.10/site-packages/airflow/example_dags/example_dataset_alias_with_no_taskflow.py
[2025-06-12T11:52:18.009+0200] {processor.py:925} INFO - DAG(s) 'dataset_s3_bucket_consumer_with_no_taskflow', 'dataset_s3_bucket_producer_with_no_taskflow', 'dataset_alias_example_alias_producer_with_no_taskflow', 'dataset_alias_example_alias_consumer_with_no_taskflow' retrieved from /Users/gordanaristova/MyProjects/MyRpaProject/venv/lib/python3.10/site-packages/airflow/example_dags/example_dataset_alias_with_no_taskflow.py
[2025-06-12T11:52:18.015+0200] {logging_mixin.py:190} INFO - [2025-06-12T11:52:18.015+0200] {dag.py:3239} INFO - Sync 4 DAGs
[2025-06-12T11:52:18.020+0200] {logging_mixin.py:190} INFO - [2025-06-12T11:52:18.020+0200] {dag.py:4180} INFO - Setting next_dagrun for dataset_alias_example_alias_consumer_with_no_taskflow to None, run_after=None
[2025-06-12T11:52:18.020+0200] {logging_mixin.py:190} INFO - [2025-06-12T11:52:18.020+0200] {dag.py:4180} INFO - Setting next_dagrun for dataset_alias_example_alias_producer_with_no_taskflow to None, run_after=None
[2025-06-12T11:52:18.021+0200] {logging_mixin.py:190} INFO - [2025-06-12T11:52:18.021+0200] {dag.py:4180} INFO - Setting next_dagrun for dataset_s3_bucket_consumer_with_no_taskflow to None, run_after=None
[2025-06-12T11:52:18.021+0200] {logging_mixin.py:190} INFO - [2025-06-12T11:52:18.021+0200] {dag.py:4180} INFO - Setting next_dagrun for dataset_s3_bucket_producer_with_no_taskflow to None, run_after=None
[2025-06-12T11:52:18.027+0200] {processor.py:208} INFO - Processing /Users/gordanaristova/MyProjects/MyRpaProject/venv/lib/python3.10/site-packages/airflow/example_dags/example_dataset_alias_with_no_taskflow.py took 0.063 seconds
[2025-06-12T11:54:08.303+0200] {processor.py:186} INFO - Started process (PID=10877) to work on /Users/gordanaristova/MyProjects/MyRpaProject/venv/lib/python3.10/site-packages/airflow/example_dags/example_dataset_alias_with_no_taskflow.py
[2025-06-12T11:54:08.304+0200] {processor.py:914} INFO - Processing file /Users/gordanaristova/MyProjects/MyRpaProject/venv/lib/python3.10/site-packages/airflow/example_dags/example_dataset_alias_with_no_taskflow.py for tasks to queue
[2025-06-12T11:54:08.304+0200] {logging_mixin.py:190} INFO - [2025-06-12T11:54:08.304+0200] {dagbag.py:588} INFO - Filling up the DagBag from /Users/gordanaristova/MyProjects/MyRpaProject/venv/lib/python3.10/site-packages/airflow/example_dags/example_dataset_alias_with_no_taskflow.py
[2025-06-12T11:54:08.347+0200] {processor.py:925} INFO - DAG(s) 'dataset_s3_bucket_producer_with_no_taskflow', 'dataset_alias_example_alias_producer_with_no_taskflow', 'dataset_s3_bucket_consumer_with_no_taskflow', 'dataset_alias_example_alias_consumer_with_no_taskflow' retrieved from /Users/gordanaristova/MyProjects/MyRpaProject/venv/lib/python3.10/site-packages/airflow/example_dags/example_dataset_alias_with_no_taskflow.py
[2025-06-12T11:54:08.353+0200] {logging_mixin.py:190} INFO - [2025-06-12T11:54:08.353+0200] {dag.py:3239} INFO - Sync 4 DAGs
[2025-06-12T11:54:08.358+0200] {logging_mixin.py:190} INFO - [2025-06-12T11:54:08.358+0200] {dag.py:4180} INFO - Setting next_dagrun for dataset_alias_example_alias_consumer_with_no_taskflow to None, run_after=None
[2025-06-12T11:54:08.359+0200] {logging_mixin.py:190} INFO - [2025-06-12T11:54:08.359+0200] {dag.py:4180} INFO - Setting next_dagrun for dataset_alias_example_alias_producer_with_no_taskflow to None, run_after=None
[2025-06-12T11:54:08.359+0200] {logging_mixin.py:190} INFO - [2025-06-12T11:54:08.359+0200] {dag.py:4180} INFO - Setting next_dagrun for dataset_s3_bucket_consumer_with_no_taskflow to None, run_after=None
[2025-06-12T11:54:08.359+0200] {logging_mixin.py:190} INFO - [2025-06-12T11:54:08.359+0200] {dag.py:4180} INFO - Setting next_dagrun for dataset_s3_bucket_producer_with_no_taskflow to None, run_after=None
[2025-06-12T11:54:08.365+0200] {processor.py:208} INFO - Processing /Users/gordanaristova/MyProjects/MyRpaProject/venv/lib/python3.10/site-packages/airflow/example_dags/example_dataset_alias_with_no_taskflow.py took 0.063 seconds
[2025-06-12T11:55:54.054+0200] {processor.py:186} INFO - Started process (PID=10982) to work on /Users/gordanaristova/MyProjects/MyRpaProject/venv/lib/python3.10/site-packages/airflow/example_dags/example_dataset_alias_with_no_taskflow.py
[2025-06-12T11:55:54.055+0200] {processor.py:914} INFO - Processing file /Users/gordanaristova/MyProjects/MyRpaProject/venv/lib/python3.10/site-packages/airflow/example_dags/example_dataset_alias_with_no_taskflow.py for tasks to queue
[2025-06-12T11:55:54.055+0200] {logging_mixin.py:190} INFO - [2025-06-12T11:55:54.055+0200] {dagbag.py:588} INFO - Filling up the DagBag from /Users/gordanaristova/MyProjects/MyRpaProject/venv/lib/python3.10/site-packages/airflow/example_dags/example_dataset_alias_with_no_taskflow.py
[2025-06-12T11:55:54.098+0200] {processor.py:925} INFO - DAG(s) 'dataset_alias_example_alias_consumer_with_no_taskflow', 'dataset_s3_bucket_producer_with_no_taskflow', 'dataset_s3_bucket_consumer_with_no_taskflow', 'dataset_alias_example_alias_producer_with_no_taskflow' retrieved from /Users/gordanaristova/MyProjects/MyRpaProject/venv/lib/python3.10/site-packages/airflow/example_dags/example_dataset_alias_with_no_taskflow.py
[2025-06-12T11:55:54.104+0200] {logging_mixin.py:190} INFO - [2025-06-12T11:55:54.104+0200] {dag.py:3239} INFO - Sync 4 DAGs
[2025-06-12T11:55:54.109+0200] {logging_mixin.py:190} INFO - [2025-06-12T11:55:54.109+0200] {dag.py:4180} INFO - Setting next_dagrun for dataset_alias_example_alias_consumer_with_no_taskflow to None, run_after=None
[2025-06-12T11:55:54.110+0200] {logging_mixin.py:190} INFO - [2025-06-12T11:55:54.110+0200] {dag.py:4180} INFO - Setting next_dagrun for dataset_alias_example_alias_producer_with_no_taskflow to None, run_after=None
[2025-06-12T11:55:54.110+0200] {logging_mixin.py:190} INFO - [2025-06-12T11:55:54.110+0200] {dag.py:4180} INFO - Setting next_dagrun for dataset_s3_bucket_consumer_with_no_taskflow to None, run_after=None
[2025-06-12T11:55:54.110+0200] {logging_mixin.py:190} INFO - [2025-06-12T11:55:54.110+0200] {dag.py:4180} INFO - Setting next_dagrun for dataset_s3_bucket_producer_with_no_taskflow to None, run_after=None
[2025-06-12T11:55:54.116+0200] {processor.py:208} INFO - Processing /Users/gordanaristova/MyProjects/MyRpaProject/venv/lib/python3.10/site-packages/airflow/example_dags/example_dataset_alias_with_no_taskflow.py took 0.062 seconds
[2025-06-12T13:15:17.894+0200] {processor.py:186} INFO - Started process (PID=13041) to work on /Users/gordanaristova/MyProjects/MyRpaProject/venv/lib/python3.10/site-packages/airflow/example_dags/example_dataset_alias_with_no_taskflow.py
[2025-06-12T13:15:17.895+0200] {processor.py:914} INFO - Processing file /Users/gordanaristova/MyProjects/MyRpaProject/venv/lib/python3.10/site-packages/airflow/example_dags/example_dataset_alias_with_no_taskflow.py for tasks to queue
[2025-06-12T13:15:17.895+0200] {logging_mixin.py:190} INFO - [2025-06-12T13:15:17.895+0200] {dagbag.py:588} INFO - Filling up the DagBag from /Users/gordanaristova/MyProjects/MyRpaProject/venv/lib/python3.10/site-packages/airflow/example_dags/example_dataset_alias_with_no_taskflow.py
[2025-06-12T13:15:17.939+0200] {processor.py:925} INFO - DAG(s) 'dataset_s3_bucket_consumer_with_no_taskflow', 'dataset_alias_example_alias_consumer_with_no_taskflow', 'dataset_alias_example_alias_producer_with_no_taskflow', 'dataset_s3_bucket_producer_with_no_taskflow' retrieved from /Users/gordanaristova/MyProjects/MyRpaProject/venv/lib/python3.10/site-packages/airflow/example_dags/example_dataset_alias_with_no_taskflow.py
[2025-06-12T13:15:17.945+0200] {logging_mixin.py:190} INFO - [2025-06-12T13:15:17.945+0200] {dag.py:3239} INFO - Sync 4 DAGs
[2025-06-12T13:15:17.950+0200] {logging_mixin.py:190} INFO - [2025-06-12T13:15:17.950+0200] {dag.py:4180} INFO - Setting next_dagrun for dataset_alias_example_alias_consumer_with_no_taskflow to None, run_after=None
[2025-06-12T13:15:17.951+0200] {logging_mixin.py:190} INFO - [2025-06-12T13:15:17.951+0200] {dag.py:4180} INFO - Setting next_dagrun for dataset_alias_example_alias_producer_with_no_taskflow to None, run_after=None
[2025-06-12T13:15:17.951+0200] {logging_mixin.py:190} INFO - [2025-06-12T13:15:17.951+0200] {dag.py:4180} INFO - Setting next_dagrun for dataset_s3_bucket_consumer_with_no_taskflow to None, run_after=None
[2025-06-12T13:15:17.951+0200] {logging_mixin.py:190} INFO - [2025-06-12T13:15:17.951+0200] {dag.py:4180} INFO - Setting next_dagrun for dataset_s3_bucket_producer_with_no_taskflow to None, run_after=None
[2025-06-12T13:15:17.957+0200] {processor.py:208} INFO - Processing /Users/gordanaristova/MyProjects/MyRpaProject/venv/lib/python3.10/site-packages/airflow/example_dags/example_dataset_alias_with_no_taskflow.py took 0.064 seconds
