[2025-06-12T10:36:33.167+0200] {processor.py:186} INFO - Started process (PID=8414) to work on /Users/gordanaristova/MyProjects/MyRpaProject/venv/lib/python3.10/site-packages/airflow/example_dags/example_workday_timetable.py
[2025-06-12T10:36:33.167+0200] {processor.py:914} INFO - Processing file /Users/gordanaristova/MyProjects/MyRpaProject/venv/lib/python3.10/site-packages/airflow/example_dags/example_workday_timetable.py for tasks to queue
[2025-06-12T10:36:33.168+0200] {logging_mixin.py:190} INFO - [2025-06-12T10:36:33.168+0200] {dagbag.py:588} INFO - Filling up the DagBag from /Users/gordanaristova/MyProjects/MyRpaProject/venv/lib/python3.10/site-packages/airflow/example_dags/example_workday_timetable.py
[2025-06-12T10:36:33.299+0200] {processor.py:925} INFO - DAG(s) 'example_workday_timetable' retrieved from /Users/gordanaristova/MyProjects/MyRpaProject/venv/lib/python3.10/site-packages/airflow/example_dags/example_workday_timetable.py
[2025-06-12T10:36:33.372+0200] {logging_mixin.py:190} INFO - [2025-06-12T10:36:33.372+0200] {override.py:1900} INFO - Created Permission View: can edit on DAG:example_workday_timetable
[2025-06-12T10:36:33.374+0200] {logging_mixin.py:190} INFO - [2025-06-12T10:36:33.374+0200] {override.py:1900} INFO - Created Permission View: can delete on DAG:example_workday_timetable
[2025-06-12T10:36:33.375+0200] {logging_mixin.py:190} INFO - [2025-06-12T10:36:33.375+0200] {override.py:1900} INFO - Created Permission View: can read on DAG:example_workday_timetable
[2025-06-12T10:36:33.377+0200] {logging_mixin.py:190} INFO - [2025-06-12T10:36:33.377+0200] {override.py:1900} INFO - Created Permission View: menu access on DAG Run:example_workday_timetable
[2025-06-12T10:36:33.379+0200] {logging_mixin.py:190} INFO - [2025-06-12T10:36:33.379+0200] {override.py:1900} INFO - Created Permission View: can delete on DAG Run:example_workday_timetable
[2025-06-12T10:36:33.380+0200] {logging_mixin.py:190} INFO - [2025-06-12T10:36:33.380+0200] {override.py:1900} INFO - Created Permission View: can read on DAG Run:example_workday_timetable
[2025-06-12T10:36:33.382+0200] {logging_mixin.py:190} INFO - [2025-06-12T10:36:33.381+0200] {override.py:1900} INFO - Created Permission View: can create on DAG Run:example_workday_timetable
[2025-06-12T10:36:33.382+0200] {logging_mixin.py:190} INFO - [2025-06-12T10:36:33.382+0200] {dag.py:3239} INFO - Sync 1 DAGs
[2025-06-12T10:36:33.385+0200] {logging_mixin.py:190} INFO - [2025-06-12T10:36:33.384+0200] {dag.py:3262} INFO - Creating ORM DAG for example_workday_timetable
[2025-06-12T10:36:33.388+0200] {logging_mixin.py:190} INFO - [2025-06-12T10:36:33.387+0200] {dag.py:1182} ERROR - Failed to fetch run info after data interval None for DAG 'example_workday_timetable'
Traceback (most recent call last):
  File "/Users/gordanaristova/MyProjects/MyRpaProject/venv/lib/python3.10/site-packages/airflow/models/dag.py", line 1177, in next_dagrun_info
    info = self.timetable.next_dagrun_info(
  File "/Users/gordanaristova/MyProjects/MyRpaProject/venv/lib/python3.10/site-packages/airflow/example_dags/plugins/workday.py", line 83, in next_dagrun_info
    next_start = max(earliest, DateTime.combine(Date.today(), Time.min))
TypeError: can't compare offset-naive and offset-aware datetimes
[2025-06-12T10:36:33.388+0200] {logging_mixin.py:190} INFO - [2025-06-12T10:36:33.388+0200] {dag.py:4180} INFO - Setting next_dagrun for example_workday_timetable to None, run_after=None
[2025-06-12T10:36:33.392+0200] {processor.py:208} INFO - Processing /Users/gordanaristova/MyProjects/MyRpaProject/venv/lib/python3.10/site-packages/airflow/example_dags/example_workday_timetable.py took 0.226 seconds
[2025-06-12T10:38:01.907+0200] {processor.py:186} INFO - Started process (PID=8493) to work on /Users/gordanaristova/MyProjects/MyRpaProject/venv/lib/python3.10/site-packages/airflow/example_dags/example_workday_timetable.py
[2025-06-12T10:38:01.907+0200] {processor.py:914} INFO - Processing file /Users/gordanaristova/MyProjects/MyRpaProject/venv/lib/python3.10/site-packages/airflow/example_dags/example_workday_timetable.py for tasks to queue
[2025-06-12T10:38:01.908+0200] {logging_mixin.py:190} INFO - [2025-06-12T10:38:01.908+0200] {dagbag.py:588} INFO - Filling up the DagBag from /Users/gordanaristova/MyProjects/MyRpaProject/venv/lib/python3.10/site-packages/airflow/example_dags/example_workday_timetable.py
[2025-06-12T10:38:02.049+0200] {processor.py:925} INFO - DAG(s) 'example_workday_timetable' retrieved from /Users/gordanaristova/MyProjects/MyRpaProject/venv/lib/python3.10/site-packages/airflow/example_dags/example_workday_timetable.py
[2025-06-12T10:38:02.103+0200] {logging_mixin.py:190} INFO - [2025-06-12T10:38:02.103+0200] {dag.py:3239} INFO - Sync 1 DAGs
[2025-06-12T10:38:02.109+0200] {logging_mixin.py:190} INFO - [2025-06-12T10:38:02.108+0200] {dag.py:1182} ERROR - Failed to fetch run info after data interval None for DAG 'example_workday_timetable'
Traceback (most recent call last):
  File "/Users/gordanaristova/MyProjects/MyRpaProject/venv/lib/python3.10/site-packages/airflow/models/dag.py", line 1177, in next_dagrun_info
    info = self.timetable.next_dagrun_info(
  File "/Users/gordanaristova/MyProjects/MyRpaProject/venv/lib/python3.10/site-packages/airflow/example_dags/plugins/workday.py", line 83, in next_dagrun_info
    next_start = max(earliest, DateTime.combine(Date.today(), Time.min))
TypeError: can't compare offset-naive and offset-aware datetimes
[2025-06-12T10:38:02.109+0200] {logging_mixin.py:190} INFO - [2025-06-12T10:38:02.109+0200] {dag.py:4180} INFO - Setting next_dagrun for example_workday_timetable to None, run_after=None
[2025-06-12T10:38:02.114+0200] {processor.py:208} INFO - Processing /Users/gordanaristova/MyProjects/MyRpaProject/venv/lib/python3.10/site-packages/airflow/example_dags/example_workday_timetable.py took 0.208 seconds
[2025-06-12T10:38:56.470+0200] {processor.py:186} INFO - Started process (PID=8538) to work on /Users/gordanaristova/MyProjects/MyRpaProject/venv/lib/python3.10/site-packages/airflow/example_dags/example_workday_timetable.py
[2025-06-12T10:38:56.470+0200] {processor.py:914} INFO - Processing file /Users/gordanaristova/MyProjects/MyRpaProject/venv/lib/python3.10/site-packages/airflow/example_dags/example_workday_timetable.py for tasks to queue
[2025-06-12T10:38:56.471+0200] {logging_mixin.py:190} INFO - [2025-06-12T10:38:56.471+0200] {dagbag.py:588} INFO - Filling up the DagBag from /Users/gordanaristova/MyProjects/MyRpaProject/venv/lib/python3.10/site-packages/airflow/example_dags/example_workday_timetable.py
[2025-06-12T10:38:56.641+0200] {processor.py:925} INFO - DAG(s) 'example_workday_timetable' retrieved from /Users/gordanaristova/MyProjects/MyRpaProject/venv/lib/python3.10/site-packages/airflow/example_dags/example_workday_timetable.py
[2025-06-12T10:38:56.696+0200] {logging_mixin.py:190} INFO - [2025-06-12T10:38:56.696+0200] {dag.py:3239} INFO - Sync 1 DAGs
[2025-06-12T10:38:56.702+0200] {logging_mixin.py:190} INFO - [2025-06-12T10:38:56.701+0200] {dag.py:1182} ERROR - Failed to fetch run info after data interval None for DAG 'example_workday_timetable'
Traceback (most recent call last):
  File "/Users/gordanaristova/MyProjects/MyRpaProject/venv/lib/python3.10/site-packages/airflow/models/dag.py", line 1177, in next_dagrun_info
    info = self.timetable.next_dagrun_info(
  File "/Users/gordanaristova/MyProjects/MyRpaProject/venv/lib/python3.10/site-packages/airflow/example_dags/plugins/workday.py", line 83, in next_dagrun_info
    next_start = max(earliest, DateTime.combine(Date.today(), Time.min))
TypeError: can't compare offset-naive and offset-aware datetimes
[2025-06-12T10:38:56.702+0200] {logging_mixin.py:190} INFO - [2025-06-12T10:38:56.702+0200] {dag.py:4180} INFO - Setting next_dagrun for example_workday_timetable to None, run_after=None
[2025-06-12T10:38:56.707+0200] {processor.py:208} INFO - Processing /Users/gordanaristova/MyProjects/MyRpaProject/venv/lib/python3.10/site-packages/airflow/example_dags/example_workday_timetable.py took 0.238 seconds
[2025-06-12T10:39:48.403+0200] {processor.py:186} INFO - Started process (PID=8578) to work on /Users/gordanaristova/MyProjects/MyRpaProject/venv/lib/python3.10/site-packages/airflow/example_dags/example_workday_timetable.py
[2025-06-12T10:39:48.404+0200] {processor.py:914} INFO - Processing file /Users/gordanaristova/MyProjects/MyRpaProject/venv/lib/python3.10/site-packages/airflow/example_dags/example_workday_timetable.py for tasks to queue
[2025-06-12T10:39:48.404+0200] {logging_mixin.py:190} INFO - [2025-06-12T10:39:48.404+0200] {dagbag.py:588} INFO - Filling up the DagBag from /Users/gordanaristova/MyProjects/MyRpaProject/venv/lib/python3.10/site-packages/airflow/example_dags/example_workday_timetable.py
[2025-06-12T10:39:48.541+0200] {processor.py:925} INFO - DAG(s) 'example_workday_timetable' retrieved from /Users/gordanaristova/MyProjects/MyRpaProject/venv/lib/python3.10/site-packages/airflow/example_dags/example_workday_timetable.py
[2025-06-12T10:39:48.595+0200] {logging_mixin.py:190} INFO - [2025-06-12T10:39:48.595+0200] {dag.py:3239} INFO - Sync 1 DAGs
[2025-06-12T10:39:48.601+0200] {logging_mixin.py:190} INFO - [2025-06-12T10:39:48.600+0200] {dag.py:1182} ERROR - Failed to fetch run info after data interval None for DAG 'example_workday_timetable'
Traceback (most recent call last):
  File "/Users/gordanaristova/MyProjects/MyRpaProject/venv/lib/python3.10/site-packages/airflow/models/dag.py", line 1177, in next_dagrun_info
    info = self.timetable.next_dagrun_info(
  File "/Users/gordanaristova/MyProjects/MyRpaProject/venv/lib/python3.10/site-packages/airflow/example_dags/plugins/workday.py", line 83, in next_dagrun_info
    next_start = max(earliest, DateTime.combine(Date.today(), Time.min))
TypeError: can't compare offset-naive and offset-aware datetimes
[2025-06-12T10:39:48.601+0200] {logging_mixin.py:190} INFO - [2025-06-12T10:39:48.601+0200] {dag.py:4180} INFO - Setting next_dagrun for example_workday_timetable to None, run_after=None
[2025-06-12T10:39:48.605+0200] {processor.py:208} INFO - Processing /Users/gordanaristova/MyProjects/MyRpaProject/venv/lib/python3.10/site-packages/airflow/example_dags/example_workday_timetable.py took 0.203 seconds
[2025-06-12T10:40:39.075+0200] {processor.py:186} INFO - Started process (PID=8618) to work on /Users/gordanaristova/MyProjects/MyRpaProject/venv/lib/python3.10/site-packages/airflow/example_dags/example_workday_timetable.py
[2025-06-12T10:40:39.076+0200] {processor.py:914} INFO - Processing file /Users/gordanaristova/MyProjects/MyRpaProject/venv/lib/python3.10/site-packages/airflow/example_dags/example_workday_timetable.py for tasks to queue
[2025-06-12T10:40:39.076+0200] {logging_mixin.py:190} INFO - [2025-06-12T10:40:39.076+0200] {dagbag.py:588} INFO - Filling up the DagBag from /Users/gordanaristova/MyProjects/MyRpaProject/venv/lib/python3.10/site-packages/airflow/example_dags/example_workday_timetable.py
[2025-06-12T10:40:39.212+0200] {processor.py:925} INFO - DAG(s) 'example_workday_timetable' retrieved from /Users/gordanaristova/MyProjects/MyRpaProject/venv/lib/python3.10/site-packages/airflow/example_dags/example_workday_timetable.py
[2025-06-12T10:40:39.264+0200] {logging_mixin.py:190} INFO - [2025-06-12T10:40:39.264+0200] {dag.py:3239} INFO - Sync 1 DAGs
[2025-06-12T10:40:39.269+0200] {logging_mixin.py:190} INFO - [2025-06-12T10:40:39.269+0200] {dag.py:1182} ERROR - Failed to fetch run info after data interval None for DAG 'example_workday_timetable'
Traceback (most recent call last):
  File "/Users/gordanaristova/MyProjects/MyRpaProject/venv/lib/python3.10/site-packages/airflow/models/dag.py", line 1177, in next_dagrun_info
    info = self.timetable.next_dagrun_info(
  File "/Users/gordanaristova/MyProjects/MyRpaProject/venv/lib/python3.10/site-packages/airflow/example_dags/plugins/workday.py", line 83, in next_dagrun_info
    next_start = max(earliest, DateTime.combine(Date.today(), Time.min))
TypeError: can't compare offset-naive and offset-aware datetimes
[2025-06-12T10:40:39.270+0200] {logging_mixin.py:190} INFO - [2025-06-12T10:40:39.269+0200] {dag.py:4180} INFO - Setting next_dagrun for example_workday_timetable to None, run_after=None
[2025-06-12T10:40:39.274+0200] {processor.py:208} INFO - Processing /Users/gordanaristova/MyProjects/MyRpaProject/venv/lib/python3.10/site-packages/airflow/example_dags/example_workday_timetable.py took 0.200 seconds
[2025-06-12T10:41:31.365+0200] {processor.py:186} INFO - Started process (PID=8668) to work on /Users/gordanaristova/MyProjects/MyRpaProject/venv/lib/python3.10/site-packages/airflow/example_dags/example_workday_timetable.py
[2025-06-12T10:41:31.366+0200] {processor.py:914} INFO - Processing file /Users/gordanaristova/MyProjects/MyRpaProject/venv/lib/python3.10/site-packages/airflow/example_dags/example_workday_timetable.py for tasks to queue
[2025-06-12T10:41:31.366+0200] {logging_mixin.py:190} INFO - [2025-06-12T10:41:31.366+0200] {dagbag.py:588} INFO - Filling up the DagBag from /Users/gordanaristova/MyProjects/MyRpaProject/venv/lib/python3.10/site-packages/airflow/example_dags/example_workday_timetable.py
[2025-06-12T10:41:31.499+0200] {processor.py:925} INFO - DAG(s) 'example_workday_timetable' retrieved from /Users/gordanaristova/MyProjects/MyRpaProject/venv/lib/python3.10/site-packages/airflow/example_dags/example_workday_timetable.py
[2025-06-12T10:41:31.551+0200] {logging_mixin.py:190} INFO - [2025-06-12T10:41:31.551+0200] {dag.py:3239} INFO - Sync 1 DAGs
[2025-06-12T10:41:31.558+0200] {logging_mixin.py:190} INFO - [2025-06-12T10:41:31.556+0200] {dag.py:1182} ERROR - Failed to fetch run info after data interval None for DAG 'example_workday_timetable'
Traceback (most recent call last):
  File "/Users/gordanaristova/MyProjects/MyRpaProject/venv/lib/python3.10/site-packages/airflow/models/dag.py", line 1177, in next_dagrun_info
    info = self.timetable.next_dagrun_info(
  File "/Users/gordanaristova/MyProjects/MyRpaProject/venv/lib/python3.10/site-packages/airflow/example_dags/plugins/workday.py", line 83, in next_dagrun_info
    next_start = max(earliest, DateTime.combine(Date.today(), Time.min))
TypeError: can't compare offset-naive and offset-aware datetimes
[2025-06-12T10:41:31.558+0200] {logging_mixin.py:190} INFO - [2025-06-12T10:41:31.558+0200] {dag.py:4180} INFO - Setting next_dagrun for example_workday_timetable to None, run_after=None
[2025-06-12T10:41:31.562+0200] {processor.py:208} INFO - Processing /Users/gordanaristova/MyProjects/MyRpaProject/venv/lib/python3.10/site-packages/airflow/example_dags/example_workday_timetable.py took 0.198 seconds
[2025-06-12T10:42:25.263+0200] {processor.py:186} INFO - Started process (PID=8709) to work on /Users/gordanaristova/MyProjects/MyRpaProject/venv/lib/python3.10/site-packages/airflow/example_dags/example_workday_timetable.py
[2025-06-12T10:42:25.263+0200] {processor.py:914} INFO - Processing file /Users/gordanaristova/MyProjects/MyRpaProject/venv/lib/python3.10/site-packages/airflow/example_dags/example_workday_timetable.py for tasks to queue
[2025-06-12T10:42:25.264+0200] {logging_mixin.py:190} INFO - [2025-06-12T10:42:25.264+0200] {dagbag.py:588} INFO - Filling up the DagBag from /Users/gordanaristova/MyProjects/MyRpaProject/venv/lib/python3.10/site-packages/airflow/example_dags/example_workday_timetable.py
[2025-06-12T10:42:25.396+0200] {processor.py:925} INFO - DAG(s) 'example_workday_timetable' retrieved from /Users/gordanaristova/MyProjects/MyRpaProject/venv/lib/python3.10/site-packages/airflow/example_dags/example_workday_timetable.py
[2025-06-12T10:42:25.448+0200] {logging_mixin.py:190} INFO - [2025-06-12T10:42:25.448+0200] {dag.py:3239} INFO - Sync 1 DAGs
[2025-06-12T10:42:25.453+0200] {logging_mixin.py:190} INFO - [2025-06-12T10:42:25.453+0200] {dag.py:1182} ERROR - Failed to fetch run info after data interval None for DAG 'example_workday_timetable'
Traceback (most recent call last):
  File "/Users/gordanaristova/MyProjects/MyRpaProject/venv/lib/python3.10/site-packages/airflow/models/dag.py", line 1177, in next_dagrun_info
    info = self.timetable.next_dagrun_info(
  File "/Users/gordanaristova/MyProjects/MyRpaProject/venv/lib/python3.10/site-packages/airflow/example_dags/plugins/workday.py", line 83, in next_dagrun_info
    next_start = max(earliest, DateTime.combine(Date.today(), Time.min))
TypeError: can't compare offset-naive and offset-aware datetimes
[2025-06-12T10:42:25.453+0200] {logging_mixin.py:190} INFO - [2025-06-12T10:42:25.453+0200] {dag.py:4180} INFO - Setting next_dagrun for example_workday_timetable to None, run_after=None
[2025-06-12T10:42:25.458+0200] {processor.py:208} INFO - Processing /Users/gordanaristova/MyProjects/MyRpaProject/venv/lib/python3.10/site-packages/airflow/example_dags/example_workday_timetable.py took 0.196 seconds
[2025-06-12T10:43:18.201+0200] {processor.py:186} INFO - Started process (PID=8770) to work on /Users/gordanaristova/MyProjects/MyRpaProject/venv/lib/python3.10/site-packages/airflow/example_dags/example_workday_timetable.py
[2025-06-12T10:43:18.202+0200] {processor.py:914} INFO - Processing file /Users/gordanaristova/MyProjects/MyRpaProject/venv/lib/python3.10/site-packages/airflow/example_dags/example_workday_timetable.py for tasks to queue
[2025-06-12T10:43:18.202+0200] {logging_mixin.py:190} INFO - [2025-06-12T10:43:18.202+0200] {dagbag.py:588} INFO - Filling up the DagBag from /Users/gordanaristova/MyProjects/MyRpaProject/venv/lib/python3.10/site-packages/airflow/example_dags/example_workday_timetable.py
[2025-06-12T10:43:18.370+0200] {processor.py:925} INFO - DAG(s) 'example_workday_timetable' retrieved from /Users/gordanaristova/MyProjects/MyRpaProject/venv/lib/python3.10/site-packages/airflow/example_dags/example_workday_timetable.py
[2025-06-12T10:43:18.424+0200] {logging_mixin.py:190} INFO - [2025-06-12T10:43:18.424+0200] {dag.py:3239} INFO - Sync 1 DAGs
[2025-06-12T10:43:18.429+0200] {logging_mixin.py:190} INFO - [2025-06-12T10:43:18.428+0200] {dag.py:1182} ERROR - Failed to fetch run info after data interval None for DAG 'example_workday_timetable'
Traceback (most recent call last):
  File "/Users/gordanaristova/MyProjects/MyRpaProject/venv/lib/python3.10/site-packages/airflow/models/dag.py", line 1177, in next_dagrun_info
    info = self.timetable.next_dagrun_info(
  File "/Users/gordanaristova/MyProjects/MyRpaProject/venv/lib/python3.10/site-packages/airflow/example_dags/plugins/workday.py", line 83, in next_dagrun_info
    next_start = max(earliest, DateTime.combine(Date.today(), Time.min))
TypeError: can't compare offset-naive and offset-aware datetimes
[2025-06-12T10:43:18.430+0200] {logging_mixin.py:190} INFO - [2025-06-12T10:43:18.430+0200] {dag.py:4180} INFO - Setting next_dagrun for example_workday_timetable to None, run_after=None
[2025-06-12T10:43:18.434+0200] {processor.py:208} INFO - Processing /Users/gordanaristova/MyProjects/MyRpaProject/venv/lib/python3.10/site-packages/airflow/example_dags/example_workday_timetable.py took 0.234 seconds
[2025-06-12T10:44:12.301+0200] {processor.py:186} INFO - Started process (PID=8861) to work on /Users/gordanaristova/MyProjects/MyRpaProject/venv/lib/python3.10/site-packages/airflow/example_dags/example_workday_timetable.py
[2025-06-12T10:44:12.302+0200] {processor.py:914} INFO - Processing file /Users/gordanaristova/MyProjects/MyRpaProject/venv/lib/python3.10/site-packages/airflow/example_dags/example_workday_timetable.py for tasks to queue
[2025-06-12T10:44:12.302+0200] {logging_mixin.py:190} INFO - [2025-06-12T10:44:12.302+0200] {dagbag.py:588} INFO - Filling up the DagBag from /Users/gordanaristova/MyProjects/MyRpaProject/venv/lib/python3.10/site-packages/airflow/example_dags/example_workday_timetable.py
[2025-06-12T10:44:12.436+0200] {processor.py:925} INFO - DAG(s) 'example_workday_timetable' retrieved from /Users/gordanaristova/MyProjects/MyRpaProject/venv/lib/python3.10/site-packages/airflow/example_dags/example_workday_timetable.py
[2025-06-12T10:44:12.489+0200] {logging_mixin.py:190} INFO - [2025-06-12T10:44:12.489+0200] {dag.py:3239} INFO - Sync 1 DAGs
[2025-06-12T10:44:12.495+0200] {logging_mixin.py:190} INFO - [2025-06-12T10:44:12.493+0200] {dag.py:1182} ERROR - Failed to fetch run info after data interval None for DAG 'example_workday_timetable'
Traceback (most recent call last):
  File "/Users/gordanaristova/MyProjects/MyRpaProject/venv/lib/python3.10/site-packages/airflow/models/dag.py", line 1177, in next_dagrun_info
    info = self.timetable.next_dagrun_info(
  File "/Users/gordanaristova/MyProjects/MyRpaProject/venv/lib/python3.10/site-packages/airflow/example_dags/plugins/workday.py", line 83, in next_dagrun_info
    next_start = max(earliest, DateTime.combine(Date.today(), Time.min))
TypeError: can't compare offset-naive and offset-aware datetimes
[2025-06-12T10:44:12.495+0200] {logging_mixin.py:190} INFO - [2025-06-12T10:44:12.495+0200] {dag.py:4180} INFO - Setting next_dagrun for example_workday_timetable to None, run_after=None
[2025-06-12T10:44:12.500+0200] {processor.py:208} INFO - Processing /Users/gordanaristova/MyProjects/MyRpaProject/venv/lib/python3.10/site-packages/airflow/example_dags/example_workday_timetable.py took 0.200 seconds
[2025-06-12T10:45:04.948+0200] {processor.py:186} INFO - Started process (PID=8901) to work on /Users/gordanaristova/MyProjects/MyRpaProject/venv/lib/python3.10/site-packages/airflow/example_dags/example_workday_timetable.py
[2025-06-12T10:45:04.948+0200] {processor.py:914} INFO - Processing file /Users/gordanaristova/MyProjects/MyRpaProject/venv/lib/python3.10/site-packages/airflow/example_dags/example_workday_timetable.py for tasks to queue
[2025-06-12T10:45:04.948+0200] {logging_mixin.py:190} INFO - [2025-06-12T10:45:04.948+0200] {dagbag.py:588} INFO - Filling up the DagBag from /Users/gordanaristova/MyProjects/MyRpaProject/venv/lib/python3.10/site-packages/airflow/example_dags/example_workday_timetable.py
[2025-06-12T10:45:05.084+0200] {processor.py:925} INFO - DAG(s) 'example_workday_timetable' retrieved from /Users/gordanaristova/MyProjects/MyRpaProject/venv/lib/python3.10/site-packages/airflow/example_dags/example_workday_timetable.py
[2025-06-12T10:45:05.136+0200] {logging_mixin.py:190} INFO - [2025-06-12T10:45:05.136+0200] {dag.py:3239} INFO - Sync 1 DAGs
[2025-06-12T10:45:05.142+0200] {logging_mixin.py:190} INFO - [2025-06-12T10:45:05.141+0200] {dag.py:1182} ERROR - Failed to fetch run info after data interval None for DAG 'example_workday_timetable'
Traceback (most recent call last):
  File "/Users/gordanaristova/MyProjects/MyRpaProject/venv/lib/python3.10/site-packages/airflow/models/dag.py", line 1177, in next_dagrun_info
    info = self.timetable.next_dagrun_info(
  File "/Users/gordanaristova/MyProjects/MyRpaProject/venv/lib/python3.10/site-packages/airflow/example_dags/plugins/workday.py", line 83, in next_dagrun_info
    next_start = max(earliest, DateTime.combine(Date.today(), Time.min))
TypeError: can't compare offset-naive and offset-aware datetimes
[2025-06-12T10:45:05.142+0200] {logging_mixin.py:190} INFO - [2025-06-12T10:45:05.142+0200] {dag.py:4180} INFO - Setting next_dagrun for example_workday_timetable to None, run_after=None
[2025-06-12T10:45:05.147+0200] {processor.py:208} INFO - Processing /Users/gordanaristova/MyProjects/MyRpaProject/venv/lib/python3.10/site-packages/airflow/example_dags/example_workday_timetable.py took 0.200 seconds
[2025-06-12T10:45:58.167+0200] {processor.py:186} INFO - Started process (PID=8949) to work on /Users/gordanaristova/MyProjects/MyRpaProject/venv/lib/python3.10/site-packages/airflow/example_dags/example_workday_timetable.py
[2025-06-12T10:45:58.167+0200] {processor.py:914} INFO - Processing file /Users/gordanaristova/MyProjects/MyRpaProject/venv/lib/python3.10/site-packages/airflow/example_dags/example_workday_timetable.py for tasks to queue
[2025-06-12T10:45:58.168+0200] {logging_mixin.py:190} INFO - [2025-06-12T10:45:58.167+0200] {dagbag.py:588} INFO - Filling up the DagBag from /Users/gordanaristova/MyProjects/MyRpaProject/venv/lib/python3.10/site-packages/airflow/example_dags/example_workday_timetable.py
[2025-06-12T10:45:58.352+0200] {processor.py:925} INFO - DAG(s) 'example_workday_timetable' retrieved from /Users/gordanaristova/MyProjects/MyRpaProject/venv/lib/python3.10/site-packages/airflow/example_dags/example_workday_timetable.py
[2025-06-12T10:45:58.406+0200] {logging_mixin.py:190} INFO - [2025-06-12T10:45:58.406+0200] {dag.py:3239} INFO - Sync 1 DAGs
[2025-06-12T10:45:58.412+0200] {logging_mixin.py:190} INFO - [2025-06-12T10:45:58.410+0200] {dag.py:1182} ERROR - Failed to fetch run info after data interval None for DAG 'example_workday_timetable'
Traceback (most recent call last):
  File "/Users/gordanaristova/MyProjects/MyRpaProject/venv/lib/python3.10/site-packages/airflow/models/dag.py", line 1177, in next_dagrun_info
    info = self.timetable.next_dagrun_info(
  File "/Users/gordanaristova/MyProjects/MyRpaProject/venv/lib/python3.10/site-packages/airflow/example_dags/plugins/workday.py", line 83, in next_dagrun_info
    next_start = max(earliest, DateTime.combine(Date.today(), Time.min))
TypeError: can't compare offset-naive and offset-aware datetimes
[2025-06-12T10:45:58.412+0200] {logging_mixin.py:190} INFO - [2025-06-12T10:45:58.412+0200] {dag.py:4180} INFO - Setting next_dagrun for example_workday_timetable to None, run_after=None
[2025-06-12T10:45:58.416+0200] {processor.py:208} INFO - Processing /Users/gordanaristova/MyProjects/MyRpaProject/venv/lib/python3.10/site-packages/airflow/example_dags/example_workday_timetable.py took 0.250 seconds
[2025-06-12T10:46:50.112+0200] {processor.py:186} INFO - Started process (PID=9009) to work on /Users/gordanaristova/MyProjects/MyRpaProject/venv/lib/python3.10/site-packages/airflow/example_dags/example_workday_timetable.py
[2025-06-12T10:46:50.113+0200] {processor.py:914} INFO - Processing file /Users/gordanaristova/MyProjects/MyRpaProject/venv/lib/python3.10/site-packages/airflow/example_dags/example_workday_timetable.py for tasks to queue
[2025-06-12T10:46:50.114+0200] {logging_mixin.py:190} INFO - [2025-06-12T10:46:50.113+0200] {dagbag.py:588} INFO - Filling up the DagBag from /Users/gordanaristova/MyProjects/MyRpaProject/venv/lib/python3.10/site-packages/airflow/example_dags/example_workday_timetable.py
[2025-06-12T10:46:50.248+0200] {processor.py:925} INFO - DAG(s) 'example_workday_timetable' retrieved from /Users/gordanaristova/MyProjects/MyRpaProject/venv/lib/python3.10/site-packages/airflow/example_dags/example_workday_timetable.py
[2025-06-12T10:46:50.300+0200] {logging_mixin.py:190} INFO - [2025-06-12T10:46:50.300+0200] {dag.py:3239} INFO - Sync 1 DAGs
[2025-06-12T10:46:50.306+0200] {logging_mixin.py:190} INFO - [2025-06-12T10:46:50.304+0200] {dag.py:1182} ERROR - Failed to fetch run info after data interval None for DAG 'example_workday_timetable'
Traceback (most recent call last):
  File "/Users/gordanaristova/MyProjects/MyRpaProject/venv/lib/python3.10/site-packages/airflow/models/dag.py", line 1177, in next_dagrun_info
    info = self.timetable.next_dagrun_info(
  File "/Users/gordanaristova/MyProjects/MyRpaProject/venv/lib/python3.10/site-packages/airflow/example_dags/plugins/workday.py", line 83, in next_dagrun_info
    next_start = max(earliest, DateTime.combine(Date.today(), Time.min))
TypeError: can't compare offset-naive and offset-aware datetimes
[2025-06-12T10:46:50.306+0200] {logging_mixin.py:190} INFO - [2025-06-12T10:46:50.306+0200] {dag.py:4180} INFO - Setting next_dagrun for example_workday_timetable to None, run_after=None
[2025-06-12T10:46:50.311+0200] {processor.py:208} INFO - Processing /Users/gordanaristova/MyProjects/MyRpaProject/venv/lib/python3.10/site-packages/airflow/example_dags/example_workday_timetable.py took 0.199 seconds
[2025-06-12T10:47:47.858+0200] {processor.py:186} INFO - Started process (PID=9079) to work on /Users/gordanaristova/MyProjects/MyRpaProject/venv/lib/python3.10/site-packages/airflow/example_dags/example_workday_timetable.py
[2025-06-12T10:47:47.859+0200] {processor.py:914} INFO - Processing file /Users/gordanaristova/MyProjects/MyRpaProject/venv/lib/python3.10/site-packages/airflow/example_dags/example_workday_timetable.py for tasks to queue
[2025-06-12T10:47:47.859+0200] {logging_mixin.py:190} INFO - [2025-06-12T10:47:47.859+0200] {dagbag.py:588} INFO - Filling up the DagBag from /Users/gordanaristova/MyProjects/MyRpaProject/venv/lib/python3.10/site-packages/airflow/example_dags/example_workday_timetable.py
[2025-06-12T10:47:48.005+0200] {processor.py:925} INFO - DAG(s) 'example_workday_timetable' retrieved from /Users/gordanaristova/MyProjects/MyRpaProject/venv/lib/python3.10/site-packages/airflow/example_dags/example_workday_timetable.py
[2025-06-12T10:47:48.065+0200] {logging_mixin.py:190} INFO - [2025-06-12T10:47:48.064+0200] {dag.py:3239} INFO - Sync 1 DAGs
[2025-06-12T10:47:48.071+0200] {logging_mixin.py:190} INFO - [2025-06-12T10:47:48.069+0200] {dag.py:1182} ERROR - Failed to fetch run info after data interval None for DAG 'example_workday_timetable'
Traceback (most recent call last):
  File "/Users/gordanaristova/MyProjects/MyRpaProject/venv/lib/python3.10/site-packages/airflow/models/dag.py", line 1177, in next_dagrun_info
    info = self.timetable.next_dagrun_info(
  File "/Users/gordanaristova/MyProjects/MyRpaProject/venv/lib/python3.10/site-packages/airflow/example_dags/plugins/workday.py", line 83, in next_dagrun_info
    next_start = max(earliest, DateTime.combine(Date.today(), Time.min))
TypeError: can't compare offset-naive and offset-aware datetimes
[2025-06-12T10:47:48.071+0200] {logging_mixin.py:190} INFO - [2025-06-12T10:47:48.071+0200] {dag.py:4180} INFO - Setting next_dagrun for example_workday_timetable to None, run_after=None
[2025-06-12T10:47:48.076+0200] {processor.py:208} INFO - Processing /Users/gordanaristova/MyProjects/MyRpaProject/venv/lib/python3.10/site-packages/airflow/example_dags/example_workday_timetable.py took 0.219 seconds
[2025-06-12T10:48:43.174+0200] {processor.py:186} INFO - Started process (PID=9161) to work on /Users/gordanaristova/MyProjects/MyRpaProject/venv/lib/python3.10/site-packages/airflow/example_dags/example_workday_timetable.py
[2025-06-12T10:48:43.175+0200] {processor.py:914} INFO - Processing file /Users/gordanaristova/MyProjects/MyRpaProject/venv/lib/python3.10/site-packages/airflow/example_dags/example_workday_timetable.py for tasks to queue
[2025-06-12T10:48:43.176+0200] {logging_mixin.py:190} INFO - [2025-06-12T10:48:43.176+0200] {dagbag.py:588} INFO - Filling up the DagBag from /Users/gordanaristova/MyProjects/MyRpaProject/venv/lib/python3.10/site-packages/airflow/example_dags/example_workday_timetable.py
[2025-06-12T10:48:43.312+0200] {processor.py:925} INFO - DAG(s) 'example_workday_timetable' retrieved from /Users/gordanaristova/MyProjects/MyRpaProject/venv/lib/python3.10/site-packages/airflow/example_dags/example_workday_timetable.py
[2025-06-12T10:48:43.366+0200] {logging_mixin.py:190} INFO - [2025-06-12T10:48:43.366+0200] {dag.py:3239} INFO - Sync 1 DAGs
[2025-06-12T10:48:43.373+0200] {logging_mixin.py:190} INFO - [2025-06-12T10:48:43.371+0200] {dag.py:1182} ERROR - Failed to fetch run info after data interval None for DAG 'example_workday_timetable'
Traceback (most recent call last):
  File "/Users/gordanaristova/MyProjects/MyRpaProject/venv/lib/python3.10/site-packages/airflow/models/dag.py", line 1177, in next_dagrun_info
    info = self.timetable.next_dagrun_info(
  File "/Users/gordanaristova/MyProjects/MyRpaProject/venv/lib/python3.10/site-packages/airflow/example_dags/plugins/workday.py", line 83, in next_dagrun_info
    next_start = max(earliest, DateTime.combine(Date.today(), Time.min))
TypeError: can't compare offset-naive and offset-aware datetimes
[2025-06-12T10:48:43.373+0200] {logging_mixin.py:190} INFO - [2025-06-12T10:48:43.373+0200] {dag.py:4180} INFO - Setting next_dagrun for example_workday_timetable to None, run_after=None
[2025-06-12T10:48:43.378+0200] {processor.py:208} INFO - Processing /Users/gordanaristova/MyProjects/MyRpaProject/venv/lib/python3.10/site-packages/airflow/example_dags/example_workday_timetable.py took 0.204 seconds
[2025-06-12T10:49:36.360+0200] {processor.py:186} INFO - Started process (PID=9214) to work on /Users/gordanaristova/MyProjects/MyRpaProject/venv/lib/python3.10/site-packages/airflow/example_dags/example_workday_timetable.py
[2025-06-12T10:49:36.361+0200] {processor.py:914} INFO - Processing file /Users/gordanaristova/MyProjects/MyRpaProject/venv/lib/python3.10/site-packages/airflow/example_dags/example_workday_timetable.py for tasks to queue
[2025-06-12T10:49:36.361+0200] {logging_mixin.py:190} INFO - [2025-06-12T10:49:36.361+0200] {dagbag.py:588} INFO - Filling up the DagBag from /Users/gordanaristova/MyProjects/MyRpaProject/venv/lib/python3.10/site-packages/airflow/example_dags/example_workday_timetable.py
[2025-06-12T10:49:36.495+0200] {processor.py:925} INFO - DAG(s) 'example_workday_timetable' retrieved from /Users/gordanaristova/MyProjects/MyRpaProject/venv/lib/python3.10/site-packages/airflow/example_dags/example_workday_timetable.py
[2025-06-12T10:49:36.548+0200] {logging_mixin.py:190} INFO - [2025-06-12T10:49:36.548+0200] {dag.py:3239} INFO - Sync 1 DAGs
[2025-06-12T10:49:36.554+0200] {logging_mixin.py:190} INFO - [2025-06-12T10:49:36.552+0200] {dag.py:1182} ERROR - Failed to fetch run info after data interval None for DAG 'example_workday_timetable'
Traceback (most recent call last):
  File "/Users/gordanaristova/MyProjects/MyRpaProject/venv/lib/python3.10/site-packages/airflow/models/dag.py", line 1177, in next_dagrun_info
    info = self.timetable.next_dagrun_info(
  File "/Users/gordanaristova/MyProjects/MyRpaProject/venv/lib/python3.10/site-packages/airflow/example_dags/plugins/workday.py", line 83, in next_dagrun_info
    next_start = max(earliest, DateTime.combine(Date.today(), Time.min))
TypeError: can't compare offset-naive and offset-aware datetimes
[2025-06-12T10:49:36.554+0200] {logging_mixin.py:190} INFO - [2025-06-12T10:49:36.554+0200] {dag.py:4180} INFO - Setting next_dagrun for example_workday_timetable to None, run_after=None
[2025-06-12T10:49:36.559+0200] {processor.py:208} INFO - Processing /Users/gordanaristova/MyProjects/MyRpaProject/venv/lib/python3.10/site-packages/airflow/example_dags/example_workday_timetable.py took 0.200 seconds
[2025-06-12T10:56:45.782+0200] {processor.py:186} INFO - Started process (PID=9421) to work on /Users/gordanaristova/MyProjects/MyRpaProject/venv/lib/python3.10/site-packages/airflow/example_dags/example_workday_timetable.py
[2025-06-12T10:56:45.783+0200] {processor.py:914} INFO - Processing file /Users/gordanaristova/MyProjects/MyRpaProject/venv/lib/python3.10/site-packages/airflow/example_dags/example_workday_timetable.py for tasks to queue
[2025-06-12T10:56:45.783+0200] {logging_mixin.py:190} INFO - [2025-06-12T10:56:45.783+0200] {dagbag.py:588} INFO - Filling up the DagBag from /Users/gordanaristova/MyProjects/MyRpaProject/venv/lib/python3.10/site-packages/airflow/example_dags/example_workday_timetable.py
[2025-06-12T10:56:45.919+0200] {processor.py:925} INFO - DAG(s) 'example_workday_timetable' retrieved from /Users/gordanaristova/MyProjects/MyRpaProject/venv/lib/python3.10/site-packages/airflow/example_dags/example_workday_timetable.py
[2025-06-12T10:56:45.973+0200] {logging_mixin.py:190} INFO - [2025-06-12T10:56:45.973+0200] {dag.py:3239} INFO - Sync 1 DAGs
[2025-06-12T10:56:45.978+0200] {logging_mixin.py:190} INFO - [2025-06-12T10:56:45.977+0200] {dag.py:1182} ERROR - Failed to fetch run info after data interval None for DAG 'example_workday_timetable'
Traceback (most recent call last):
  File "/Users/gordanaristova/MyProjects/MyRpaProject/venv/lib/python3.10/site-packages/airflow/models/dag.py", line 1177, in next_dagrun_info
    info = self.timetable.next_dagrun_info(
  File "/Users/gordanaristova/MyProjects/MyRpaProject/venv/lib/python3.10/site-packages/airflow/example_dags/plugins/workday.py", line 83, in next_dagrun_info
    next_start = max(earliest, DateTime.combine(Date.today(), Time.min))
TypeError: can't compare offset-naive and offset-aware datetimes
[2025-06-12T10:56:45.978+0200] {logging_mixin.py:190} INFO - [2025-06-12T10:56:45.978+0200] {dag.py:4180} INFO - Setting next_dagrun for example_workday_timetable to None, run_after=None
[2025-06-12T10:56:45.983+0200] {processor.py:208} INFO - Processing /Users/gordanaristova/MyProjects/MyRpaProject/venv/lib/python3.10/site-packages/airflow/example_dags/example_workday_timetable.py took 0.202 seconds
[2025-06-12T10:58:12.161+0200] {processor.py:186} INFO - Started process (PID=9520) to work on /Users/gordanaristova/MyProjects/MyRpaProject/venv/lib/python3.10/site-packages/airflow/example_dags/example_workday_timetable.py
[2025-06-12T10:58:12.162+0200] {processor.py:914} INFO - Processing file /Users/gordanaristova/MyProjects/MyRpaProject/venv/lib/python3.10/site-packages/airflow/example_dags/example_workday_timetable.py for tasks to queue
[2025-06-12T10:58:12.163+0200] {logging_mixin.py:190} INFO - [2025-06-12T10:58:12.163+0200] {dagbag.py:588} INFO - Filling up the DagBag from /Users/gordanaristova/MyProjects/MyRpaProject/venv/lib/python3.10/site-packages/airflow/example_dags/example_workday_timetable.py
[2025-06-12T10:58:12.299+0200] {processor.py:925} INFO - DAG(s) 'example_workday_timetable' retrieved from /Users/gordanaristova/MyProjects/MyRpaProject/venv/lib/python3.10/site-packages/airflow/example_dags/example_workday_timetable.py
[2025-06-12T10:58:12.352+0200] {logging_mixin.py:190} INFO - [2025-06-12T10:58:12.352+0200] {dag.py:3239} INFO - Sync 1 DAGs
[2025-06-12T10:58:12.358+0200] {logging_mixin.py:190} INFO - [2025-06-12T10:58:12.356+0200] {dag.py:1182} ERROR - Failed to fetch run info after data interval None for DAG 'example_workday_timetable'
Traceback (most recent call last):
  File "/Users/gordanaristova/MyProjects/MyRpaProject/venv/lib/python3.10/site-packages/airflow/models/dag.py", line 1177, in next_dagrun_info
    info = self.timetable.next_dagrun_info(
  File "/Users/gordanaristova/MyProjects/MyRpaProject/venv/lib/python3.10/site-packages/airflow/example_dags/plugins/workday.py", line 83, in next_dagrun_info
    next_start = max(earliest, DateTime.combine(Date.today(), Time.min))
TypeError: can't compare offset-naive and offset-aware datetimes
[2025-06-12T10:58:12.358+0200] {logging_mixin.py:190} INFO - [2025-06-12T10:58:12.358+0200] {dag.py:4180} INFO - Setting next_dagrun for example_workday_timetable to None, run_after=None
[2025-06-12T10:58:12.363+0200] {processor.py:208} INFO - Processing /Users/gordanaristova/MyProjects/MyRpaProject/venv/lib/python3.10/site-packages/airflow/example_dags/example_workday_timetable.py took 0.202 seconds
[2025-06-12T11:11:31.480+0200] {processor.py:186} INFO - Started process (PID=9736) to work on /Users/gordanaristova/MyProjects/MyRpaProject/venv/lib/python3.10/site-packages/airflow/example_dags/example_workday_timetable.py
[2025-06-12T11:11:31.481+0200] {processor.py:914} INFO - Processing file /Users/gordanaristova/MyProjects/MyRpaProject/venv/lib/python3.10/site-packages/airflow/example_dags/example_workday_timetable.py for tasks to queue
[2025-06-12T11:11:31.482+0200] {logging_mixin.py:190} INFO - [2025-06-12T11:11:31.482+0200] {dagbag.py:588} INFO - Filling up the DagBag from /Users/gordanaristova/MyProjects/MyRpaProject/venv/lib/python3.10/site-packages/airflow/example_dags/example_workday_timetable.py
[2025-06-12T11:11:31.609+0200] {processor.py:925} INFO - DAG(s) 'example_workday_timetable' retrieved from /Users/gordanaristova/MyProjects/MyRpaProject/venv/lib/python3.10/site-packages/airflow/example_dags/example_workday_timetable.py
[2025-06-12T11:11:31.660+0200] {logging_mixin.py:190} INFO - [2025-06-12T11:11:31.660+0200] {dag.py:3239} INFO - Sync 1 DAGs
[2025-06-12T11:11:31.666+0200] {logging_mixin.py:190} INFO - [2025-06-12T11:11:31.664+0200] {dag.py:1182} ERROR - Failed to fetch run info after data interval None for DAG 'example_workday_timetable'
Traceback (most recent call last):
  File "/Users/gordanaristova/MyProjects/MyRpaProject/venv/lib/python3.10/site-packages/airflow/models/dag.py", line 1177, in next_dagrun_info
    info = self.timetable.next_dagrun_info(
  File "/Users/gordanaristova/MyProjects/MyRpaProject/venv/lib/python3.10/site-packages/airflow/example_dags/plugins/workday.py", line 83, in next_dagrun_info
    next_start = max(earliest, DateTime.combine(Date.today(), Time.min))
TypeError: can't compare offset-naive and offset-aware datetimes
[2025-06-12T11:11:31.666+0200] {logging_mixin.py:190} INFO - [2025-06-12T11:11:31.666+0200] {dag.py:4180} INFO - Setting next_dagrun for example_workday_timetable to None, run_after=None
[2025-06-12T11:11:31.671+0200] {processor.py:208} INFO - Processing /Users/gordanaristova/MyProjects/MyRpaProject/venv/lib/python3.10/site-packages/airflow/example_dags/example_workday_timetable.py took 0.191 seconds
[2025-06-12T11:12:57.964+0200] {processor.py:186} INFO - Started process (PID=9832) to work on /Users/gordanaristova/MyProjects/MyRpaProject/venv/lib/python3.10/site-packages/airflow/example_dags/example_workday_timetable.py
[2025-06-12T11:12:57.964+0200] {processor.py:914} INFO - Processing file /Users/gordanaristova/MyProjects/MyRpaProject/venv/lib/python3.10/site-packages/airflow/example_dags/example_workday_timetable.py for tasks to queue
[2025-06-12T11:12:57.964+0200] {logging_mixin.py:190} INFO - [2025-06-12T11:12:57.964+0200] {dagbag.py:588} INFO - Filling up the DagBag from /Users/gordanaristova/MyProjects/MyRpaProject/venv/lib/python3.10/site-packages/airflow/example_dags/example_workday_timetable.py
[2025-06-12T11:12:58.112+0200] {processor.py:925} INFO - DAG(s) 'example_workday_timetable' retrieved from /Users/gordanaristova/MyProjects/MyRpaProject/venv/lib/python3.10/site-packages/airflow/example_dags/example_workday_timetable.py
[2025-06-12T11:12:58.169+0200] {logging_mixin.py:190} INFO - [2025-06-12T11:12:58.169+0200] {dag.py:3239} INFO - Sync 1 DAGs
[2025-06-12T11:12:58.174+0200] {logging_mixin.py:190} INFO - [2025-06-12T11:12:58.174+0200] {dag.py:1182} ERROR - Failed to fetch run info after data interval None for DAG 'example_workday_timetable'
Traceback (most recent call last):
  File "/Users/gordanaristova/MyProjects/MyRpaProject/venv/lib/python3.10/site-packages/airflow/models/dag.py", line 1177, in next_dagrun_info
    info = self.timetable.next_dagrun_info(
  File "/Users/gordanaristova/MyProjects/MyRpaProject/venv/lib/python3.10/site-packages/airflow/example_dags/plugins/workday.py", line 83, in next_dagrun_info
    next_start = max(earliest, DateTime.combine(Date.today(), Time.min))
TypeError: can't compare offset-naive and offset-aware datetimes
[2025-06-12T11:12:58.175+0200] {logging_mixin.py:190} INFO - [2025-06-12T11:12:58.175+0200] {dag.py:4180} INFO - Setting next_dagrun for example_workday_timetable to None, run_after=None
[2025-06-12T11:12:58.180+0200] {processor.py:208} INFO - Processing /Users/gordanaristova/MyProjects/MyRpaProject/venv/lib/python3.10/site-packages/airflow/example_dags/example_workday_timetable.py took 0.217 seconds
[2025-06-12T11:21:37.394+0200] {processor.py:186} INFO - Started process (PID=10029) to work on /Users/gordanaristova/MyProjects/MyRpaProject/venv/lib/python3.10/site-packages/airflow/example_dags/example_workday_timetable.py
[2025-06-12T11:21:37.394+0200] {processor.py:914} INFO - Processing file /Users/gordanaristova/MyProjects/MyRpaProject/venv/lib/python3.10/site-packages/airflow/example_dags/example_workday_timetable.py for tasks to queue
[2025-06-12T11:21:37.394+0200] {logging_mixin.py:190} INFO - [2025-06-12T11:21:37.394+0200] {dagbag.py:588} INFO - Filling up the DagBag from /Users/gordanaristova/MyProjects/MyRpaProject/venv/lib/python3.10/site-packages/airflow/example_dags/example_workday_timetable.py
[2025-06-12T11:21:37.526+0200] {processor.py:925} INFO - DAG(s) 'example_workday_timetable' retrieved from /Users/gordanaristova/MyProjects/MyRpaProject/venv/lib/python3.10/site-packages/airflow/example_dags/example_workday_timetable.py
[2025-06-12T11:21:37.579+0200] {logging_mixin.py:190} INFO - [2025-06-12T11:21:37.579+0200] {dag.py:3239} INFO - Sync 1 DAGs
[2025-06-12T11:21:37.584+0200] {logging_mixin.py:190} INFO - [2025-06-12T11:21:37.583+0200] {dag.py:1182} ERROR - Failed to fetch run info after data interval None for DAG 'example_workday_timetable'
Traceback (most recent call last):
  File "/Users/gordanaristova/MyProjects/MyRpaProject/venv/lib/python3.10/site-packages/airflow/models/dag.py", line 1177, in next_dagrun_info
    info = self.timetable.next_dagrun_info(
  File "/Users/gordanaristova/MyProjects/MyRpaProject/venv/lib/python3.10/site-packages/airflow/example_dags/plugins/workday.py", line 83, in next_dagrun_info
    next_start = max(earliest, DateTime.combine(Date.today(), Time.min))
TypeError: can't compare offset-naive and offset-aware datetimes
[2025-06-12T11:21:37.584+0200] {logging_mixin.py:190} INFO - [2025-06-12T11:21:37.584+0200] {dag.py:4180} INFO - Setting next_dagrun for example_workday_timetable to None, run_after=None
[2025-06-12T11:21:37.589+0200] {processor.py:208} INFO - Processing /Users/gordanaristova/MyProjects/MyRpaProject/venv/lib/python3.10/site-packages/airflow/example_dags/example_workday_timetable.py took 0.196 seconds
[2025-06-12T11:23:02.845+0200] {processor.py:186} INFO - Started process (PID=10120) to work on /Users/gordanaristova/MyProjects/MyRpaProject/venv/lib/python3.10/site-packages/airflow/example_dags/example_workday_timetable.py
[2025-06-12T11:23:02.846+0200] {processor.py:914} INFO - Processing file /Users/gordanaristova/MyProjects/MyRpaProject/venv/lib/python3.10/site-packages/airflow/example_dags/example_workday_timetable.py for tasks to queue
[2025-06-12T11:23:02.846+0200] {logging_mixin.py:190} INFO - [2025-06-12T11:23:02.846+0200] {dagbag.py:588} INFO - Filling up the DagBag from /Users/gordanaristova/MyProjects/MyRpaProject/venv/lib/python3.10/site-packages/airflow/example_dags/example_workday_timetable.py
[2025-06-12T11:23:03.038+0200] {processor.py:925} INFO - DAG(s) 'example_workday_timetable' retrieved from /Users/gordanaristova/MyProjects/MyRpaProject/venv/lib/python3.10/site-packages/airflow/example_dags/example_workday_timetable.py
[2025-06-12T11:23:03.100+0200] {logging_mixin.py:190} INFO - [2025-06-12T11:23:03.100+0200] {dag.py:3239} INFO - Sync 1 DAGs
[2025-06-12T11:23:03.106+0200] {logging_mixin.py:190} INFO - [2025-06-12T11:23:03.105+0200] {dag.py:1182} ERROR - Failed to fetch run info after data interval None for DAG 'example_workday_timetable'
Traceback (most recent call last):
  File "/Users/gordanaristova/MyProjects/MyRpaProject/venv/lib/python3.10/site-packages/airflow/models/dag.py", line 1177, in next_dagrun_info
    info = self.timetable.next_dagrun_info(
  File "/Users/gordanaristova/MyProjects/MyRpaProject/venv/lib/python3.10/site-packages/airflow/example_dags/plugins/workday.py", line 83, in next_dagrun_info
    next_start = max(earliest, DateTime.combine(Date.today(), Time.min))
TypeError: can't compare offset-naive and offset-aware datetimes
[2025-06-12T11:23:03.106+0200] {logging_mixin.py:190} INFO - [2025-06-12T11:23:03.106+0200] {dag.py:4180} INFO - Setting next_dagrun for example_workday_timetable to None, run_after=None
[2025-06-12T11:23:03.111+0200] {processor.py:208} INFO - Processing /Users/gordanaristova/MyProjects/MyRpaProject/venv/lib/python3.10/site-packages/airflow/example_dags/example_workday_timetable.py took 0.268 seconds
[2025-06-12T11:23:57.623+0200] {processor.py:186} INFO - Started process (PID=10175) to work on /Users/gordanaristova/MyProjects/MyRpaProject/venv/lib/python3.10/site-packages/airflow/example_dags/example_workday_timetable.py
[2025-06-12T11:23:57.623+0200] {processor.py:914} INFO - Processing file /Users/gordanaristova/MyProjects/MyRpaProject/venv/lib/python3.10/site-packages/airflow/example_dags/example_workday_timetable.py for tasks to queue
[2025-06-12T11:23:57.623+0200] {logging_mixin.py:190} INFO - [2025-06-12T11:23:57.623+0200] {dagbag.py:588} INFO - Filling up the DagBag from /Users/gordanaristova/MyProjects/MyRpaProject/venv/lib/python3.10/site-packages/airflow/example_dags/example_workday_timetable.py
[2025-06-12T11:23:57.771+0200] {processor.py:925} INFO - DAG(s) 'example_workday_timetable' retrieved from /Users/gordanaristova/MyProjects/MyRpaProject/venv/lib/python3.10/site-packages/airflow/example_dags/example_workday_timetable.py
[2025-06-12T11:23:57.831+0200] {logging_mixin.py:190} INFO - [2025-06-12T11:23:57.831+0200] {dag.py:3239} INFO - Sync 1 DAGs
[2025-06-12T11:23:57.837+0200] {logging_mixin.py:190} INFO - [2025-06-12T11:23:57.836+0200] {dag.py:1182} ERROR - Failed to fetch run info after data interval None for DAG 'example_workday_timetable'
Traceback (most recent call last):
  File "/Users/gordanaristova/MyProjects/MyRpaProject/venv/lib/python3.10/site-packages/airflow/models/dag.py", line 1177, in next_dagrun_info
    info = self.timetable.next_dagrun_info(
  File "/Users/gordanaristova/MyProjects/MyRpaProject/venv/lib/python3.10/site-packages/airflow/example_dags/plugins/workday.py", line 83, in next_dagrun_info
    next_start = max(earliest, DateTime.combine(Date.today(), Time.min))
TypeError: can't compare offset-naive and offset-aware datetimes
[2025-06-12T11:23:57.837+0200] {logging_mixin.py:190} INFO - [2025-06-12T11:23:57.837+0200] {dag.py:4180} INFO - Setting next_dagrun for example_workday_timetable to None, run_after=None
[2025-06-12T11:23:57.843+0200] {processor.py:208} INFO - Processing /Users/gordanaristova/MyProjects/MyRpaProject/venv/lib/python3.10/site-packages/airflow/example_dags/example_workday_timetable.py took 0.221 seconds
[2025-06-12T11:40:53.258+0200] {processor.py:186} INFO - Started process (PID=10397) to work on /Users/gordanaristova/MyProjects/MyRpaProject/venv/lib/python3.10/site-packages/airflow/example_dags/example_workday_timetable.py
[2025-06-12T11:40:53.259+0200] {processor.py:914} INFO - Processing file /Users/gordanaristova/MyProjects/MyRpaProject/venv/lib/python3.10/site-packages/airflow/example_dags/example_workday_timetable.py for tasks to queue
[2025-06-12T11:40:53.259+0200] {logging_mixin.py:190} INFO - [2025-06-12T11:40:53.259+0200] {dagbag.py:588} INFO - Filling up the DagBag from /Users/gordanaristova/MyProjects/MyRpaProject/venv/lib/python3.10/site-packages/airflow/example_dags/example_workday_timetable.py
[2025-06-12T11:40:53.403+0200] {processor.py:925} INFO - DAG(s) 'example_workday_timetable' retrieved from /Users/gordanaristova/MyProjects/MyRpaProject/venv/lib/python3.10/site-packages/airflow/example_dags/example_workday_timetable.py
[2025-06-12T11:40:53.458+0200] {logging_mixin.py:190} INFO - [2025-06-12T11:40:53.458+0200] {dag.py:3239} INFO - Sync 1 DAGs
[2025-06-12T11:40:53.463+0200] {logging_mixin.py:190} INFO - [2025-06-12T11:40:53.462+0200] {dag.py:1182} ERROR - Failed to fetch run info after data interval None for DAG 'example_workday_timetable'
Traceback (most recent call last):
  File "/Users/gordanaristova/MyProjects/MyRpaProject/venv/lib/python3.10/site-packages/airflow/models/dag.py", line 1177, in next_dagrun_info
    info = self.timetable.next_dagrun_info(
  File "/Users/gordanaristova/MyProjects/MyRpaProject/venv/lib/python3.10/site-packages/airflow/example_dags/plugins/workday.py", line 83, in next_dagrun_info
    next_start = max(earliest, DateTime.combine(Date.today(), Time.min))
TypeError: can't compare offset-naive and offset-aware datetimes
[2025-06-12T11:40:53.463+0200] {logging_mixin.py:190} INFO - [2025-06-12T11:40:53.463+0200] {dag.py:4180} INFO - Setting next_dagrun for example_workday_timetable to None, run_after=None
[2025-06-12T11:40:53.468+0200] {processor.py:208} INFO - Processing /Users/gordanaristova/MyProjects/MyRpaProject/venv/lib/python3.10/site-packages/airflow/example_dags/example_workday_timetable.py took 0.210 seconds
[2025-06-12T11:42:17.288+0200] {processor.py:186} INFO - Started process (PID=10485) to work on /Users/gordanaristova/MyProjects/MyRpaProject/venv/lib/python3.10/site-packages/airflow/example_dags/example_workday_timetable.py
[2025-06-12T11:42:17.289+0200] {processor.py:914} INFO - Processing file /Users/gordanaristova/MyProjects/MyRpaProject/venv/lib/python3.10/site-packages/airflow/example_dags/example_workday_timetable.py for tasks to queue
[2025-06-12T11:42:17.290+0200] {logging_mixin.py:190} INFO - [2025-06-12T11:42:17.290+0200] {dagbag.py:588} INFO - Filling up the DagBag from /Users/gordanaristova/MyProjects/MyRpaProject/venv/lib/python3.10/site-packages/airflow/example_dags/example_workday_timetable.py
[2025-06-12T11:42:17.457+0200] {processor.py:925} INFO - DAG(s) 'example_workday_timetable' retrieved from /Users/gordanaristova/MyProjects/MyRpaProject/venv/lib/python3.10/site-packages/airflow/example_dags/example_workday_timetable.py
[2025-06-12T11:42:17.509+0200] {logging_mixin.py:190} INFO - [2025-06-12T11:42:17.509+0200] {dag.py:3239} INFO - Sync 1 DAGs
[2025-06-12T11:42:17.515+0200] {logging_mixin.py:190} INFO - [2025-06-12T11:42:17.514+0200] {dag.py:1182} ERROR - Failed to fetch run info after data interval None for DAG 'example_workday_timetable'
Traceback (most recent call last):
  File "/Users/gordanaristova/MyProjects/MyRpaProject/venv/lib/python3.10/site-packages/airflow/models/dag.py", line 1177, in next_dagrun_info
    info = self.timetable.next_dagrun_info(
  File "/Users/gordanaristova/MyProjects/MyRpaProject/venv/lib/python3.10/site-packages/airflow/example_dags/plugins/workday.py", line 83, in next_dagrun_info
    next_start = max(earliest, DateTime.combine(Date.today(), Time.min))
TypeError: can't compare offset-naive and offset-aware datetimes
[2025-06-12T11:42:17.515+0200] {logging_mixin.py:190} INFO - [2025-06-12T11:42:17.515+0200] {dag.py:4180} INFO - Setting next_dagrun for example_workday_timetable to None, run_after=None
[2025-06-12T11:42:17.519+0200] {processor.py:208} INFO - Processing /Users/gordanaristova/MyProjects/MyRpaProject/venv/lib/python3.10/site-packages/airflow/example_dags/example_workday_timetable.py took 0.232 seconds
[2025-06-12T11:49:39.901+0200] {processor.py:186} INFO - Started process (PID=10620) to work on /Users/gordanaristova/MyProjects/MyRpaProject/venv/lib/python3.10/site-packages/airflow/example_dags/example_workday_timetable.py
[2025-06-12T11:49:39.901+0200] {processor.py:914} INFO - Processing file /Users/gordanaristova/MyProjects/MyRpaProject/venv/lib/python3.10/site-packages/airflow/example_dags/example_workday_timetable.py for tasks to queue
[2025-06-12T11:49:39.901+0200] {logging_mixin.py:190} INFO - [2025-06-12T11:49:39.901+0200] {dagbag.py:588} INFO - Filling up the DagBag from /Users/gordanaristova/MyProjects/MyRpaProject/venv/lib/python3.10/site-packages/airflow/example_dags/example_workday_timetable.py
[2025-06-12T11:49:40.034+0200] {processor.py:925} INFO - DAG(s) 'example_workday_timetable' retrieved from /Users/gordanaristova/MyProjects/MyRpaProject/venv/lib/python3.10/site-packages/airflow/example_dags/example_workday_timetable.py
[2025-06-12T11:49:40.086+0200] {logging_mixin.py:190} INFO - [2025-06-12T11:49:40.086+0200] {dag.py:3239} INFO - Sync 1 DAGs
[2025-06-12T11:49:40.092+0200] {logging_mixin.py:190} INFO - [2025-06-12T11:49:40.091+0200] {dag.py:1182} ERROR - Failed to fetch run info after data interval None for DAG 'example_workday_timetable'
Traceback (most recent call last):
  File "/Users/gordanaristova/MyProjects/MyRpaProject/venv/lib/python3.10/site-packages/airflow/models/dag.py", line 1177, in next_dagrun_info
    info = self.timetable.next_dagrun_info(
  File "/Users/gordanaristova/MyProjects/MyRpaProject/venv/lib/python3.10/site-packages/airflow/example_dags/plugins/workday.py", line 83, in next_dagrun_info
    next_start = max(earliest, DateTime.combine(Date.today(), Time.min))
TypeError: can't compare offset-naive and offset-aware datetimes
[2025-06-12T11:49:40.092+0200] {logging_mixin.py:190} INFO - [2025-06-12T11:49:40.092+0200] {dag.py:4180} INFO - Setting next_dagrun for example_workday_timetable to None, run_after=None
[2025-06-12T11:49:40.096+0200] {processor.py:208} INFO - Processing /Users/gordanaristova/MyProjects/MyRpaProject/venv/lib/python3.10/site-packages/airflow/example_dags/example_workday_timetable.py took 0.197 seconds
[2025-06-12T11:51:07.146+0200] {processor.py:186} INFO - Started process (PID=10708) to work on /Users/gordanaristova/MyProjects/MyRpaProject/venv/lib/python3.10/site-packages/airflow/example_dags/example_workday_timetable.py
[2025-06-12T11:51:07.147+0200] {processor.py:914} INFO - Processing file /Users/gordanaristova/MyProjects/MyRpaProject/venv/lib/python3.10/site-packages/airflow/example_dags/example_workday_timetable.py for tasks to queue
[2025-06-12T11:51:07.147+0200] {logging_mixin.py:190} INFO - [2025-06-12T11:51:07.147+0200] {dagbag.py:588} INFO - Filling up the DagBag from /Users/gordanaristova/MyProjects/MyRpaProject/venv/lib/python3.10/site-packages/airflow/example_dags/example_workday_timetable.py
[2025-06-12T11:51:07.282+0200] {processor.py:925} INFO - DAG(s) 'example_workday_timetable' retrieved from /Users/gordanaristova/MyProjects/MyRpaProject/venv/lib/python3.10/site-packages/airflow/example_dags/example_workday_timetable.py
[2025-06-12T11:51:07.334+0200] {logging_mixin.py:190} INFO - [2025-06-12T11:51:07.334+0200] {dag.py:3239} INFO - Sync 1 DAGs
[2025-06-12T11:51:07.340+0200] {logging_mixin.py:190} INFO - [2025-06-12T11:51:07.339+0200] {dag.py:1182} ERROR - Failed to fetch run info after data interval None for DAG 'example_workday_timetable'
Traceback (most recent call last):
  File "/Users/gordanaristova/MyProjects/MyRpaProject/venv/lib/python3.10/site-packages/airflow/models/dag.py", line 1177, in next_dagrun_info
    info = self.timetable.next_dagrun_info(
  File "/Users/gordanaristova/MyProjects/MyRpaProject/venv/lib/python3.10/site-packages/airflow/example_dags/plugins/workday.py", line 83, in next_dagrun_info
    next_start = max(earliest, DateTime.combine(Date.today(), Time.min))
TypeError: can't compare offset-naive and offset-aware datetimes
[2025-06-12T11:51:07.340+0200] {logging_mixin.py:190} INFO - [2025-06-12T11:51:07.340+0200] {dag.py:4180} INFO - Setting next_dagrun for example_workday_timetable to None, run_after=None
[2025-06-12T11:51:07.345+0200] {processor.py:208} INFO - Processing /Users/gordanaristova/MyProjects/MyRpaProject/venv/lib/python3.10/site-packages/airflow/example_dags/example_workday_timetable.py took 0.199 seconds
[2025-06-12T11:52:00.636+0200] {processor.py:186} INFO - Started process (PID=10765) to work on /Users/gordanaristova/MyProjects/MyRpaProject/venv/lib/python3.10/site-packages/airflow/example_dags/example_workday_timetable.py
[2025-06-12T11:52:00.637+0200] {processor.py:914} INFO - Processing file /Users/gordanaristova/MyProjects/MyRpaProject/venv/lib/python3.10/site-packages/airflow/example_dags/example_workday_timetable.py for tasks to queue
[2025-06-12T11:52:00.637+0200] {logging_mixin.py:190} INFO - [2025-06-12T11:52:00.637+0200] {dagbag.py:588} INFO - Filling up the DagBag from /Users/gordanaristova/MyProjects/MyRpaProject/venv/lib/python3.10/site-packages/airflow/example_dags/example_workday_timetable.py
[2025-06-12T11:52:00.774+0200] {processor.py:925} INFO - DAG(s) 'example_workday_timetable' retrieved from /Users/gordanaristova/MyProjects/MyRpaProject/venv/lib/python3.10/site-packages/airflow/example_dags/example_workday_timetable.py
[2025-06-12T11:52:00.828+0200] {logging_mixin.py:190} INFO - [2025-06-12T11:52:00.828+0200] {dag.py:3239} INFO - Sync 1 DAGs
[2025-06-12T11:52:00.835+0200] {logging_mixin.py:190} INFO - [2025-06-12T11:52:00.833+0200] {dag.py:1182} ERROR - Failed to fetch run info after data interval None for DAG 'example_workday_timetable'
Traceback (most recent call last):
  File "/Users/gordanaristova/MyProjects/MyRpaProject/venv/lib/python3.10/site-packages/airflow/models/dag.py", line 1177, in next_dagrun_info
    info = self.timetable.next_dagrun_info(
  File "/Users/gordanaristova/MyProjects/MyRpaProject/venv/lib/python3.10/site-packages/airflow/example_dags/plugins/workday.py", line 83, in next_dagrun_info
    next_start = max(earliest, DateTime.combine(Date.today(), Time.min))
TypeError: can't compare offset-naive and offset-aware datetimes
[2025-06-12T11:52:00.835+0200] {logging_mixin.py:190} INFO - [2025-06-12T11:52:00.835+0200] {dag.py:4180} INFO - Setting next_dagrun for example_workday_timetable to None, run_after=None
[2025-06-12T11:52:00.840+0200] {processor.py:208} INFO - Processing /Users/gordanaristova/MyProjects/MyRpaProject/venv/lib/python3.10/site-packages/airflow/example_dags/example_workday_timetable.py took 0.205 seconds
[2025-06-12T11:52:54.500+0200] {processor.py:186} INFO - Started process (PID=10820) to work on /Users/gordanaristova/MyProjects/MyRpaProject/venv/lib/python3.10/site-packages/airflow/example_dags/example_workday_timetable.py
[2025-06-12T11:52:54.501+0200] {processor.py:914} INFO - Processing file /Users/gordanaristova/MyProjects/MyRpaProject/venv/lib/python3.10/site-packages/airflow/example_dags/example_workday_timetable.py for tasks to queue
[2025-06-12T11:52:54.501+0200] {logging_mixin.py:190} INFO - [2025-06-12T11:52:54.501+0200] {dagbag.py:588} INFO - Filling up the DagBag from /Users/gordanaristova/MyProjects/MyRpaProject/venv/lib/python3.10/site-packages/airflow/example_dags/example_workday_timetable.py
[2025-06-12T11:52:54.635+0200] {processor.py:925} INFO - DAG(s) 'example_workday_timetable' retrieved from /Users/gordanaristova/MyProjects/MyRpaProject/venv/lib/python3.10/site-packages/airflow/example_dags/example_workday_timetable.py
[2025-06-12T11:52:54.689+0200] {logging_mixin.py:190} INFO - [2025-06-12T11:52:54.688+0200] {dag.py:3239} INFO - Sync 1 DAGs
[2025-06-12T11:52:54.695+0200] {logging_mixin.py:190} INFO - [2025-06-12T11:52:54.693+0200] {dag.py:1182} ERROR - Failed to fetch run info after data interval None for DAG 'example_workday_timetable'
Traceback (most recent call last):
  File "/Users/gordanaristova/MyProjects/MyRpaProject/venv/lib/python3.10/site-packages/airflow/models/dag.py", line 1177, in next_dagrun_info
    info = self.timetable.next_dagrun_info(
  File "/Users/gordanaristova/MyProjects/MyRpaProject/venv/lib/python3.10/site-packages/airflow/example_dags/plugins/workday.py", line 83, in next_dagrun_info
    next_start = max(earliest, DateTime.combine(Date.today(), Time.min))
TypeError: can't compare offset-naive and offset-aware datetimes
[2025-06-12T11:52:54.695+0200] {logging_mixin.py:190} INFO - [2025-06-12T11:52:54.695+0200] {dag.py:4180} INFO - Setting next_dagrun for example_workday_timetable to None, run_after=None
[2025-06-12T11:52:54.700+0200] {processor.py:208} INFO - Processing /Users/gordanaristova/MyProjects/MyRpaProject/venv/lib/python3.10/site-packages/airflow/example_dags/example_workday_timetable.py took 0.200 seconds
[2025-06-12T11:53:48.557+0200] {processor.py:186} INFO - Started process (PID=10861) to work on /Users/gordanaristova/MyProjects/MyRpaProject/venv/lib/python3.10/site-packages/airflow/example_dags/example_workday_timetable.py
[2025-06-12T11:53:48.558+0200] {processor.py:914} INFO - Processing file /Users/gordanaristova/MyProjects/MyRpaProject/venv/lib/python3.10/site-packages/airflow/example_dags/example_workday_timetable.py for tasks to queue
[2025-06-12T11:53:48.558+0200] {logging_mixin.py:190} INFO - [2025-06-12T11:53:48.558+0200] {dagbag.py:588} INFO - Filling up the DagBag from /Users/gordanaristova/MyProjects/MyRpaProject/venv/lib/python3.10/site-packages/airflow/example_dags/example_workday_timetable.py
[2025-06-12T11:53:48.694+0200] {processor.py:925} INFO - DAG(s) 'example_workday_timetable' retrieved from /Users/gordanaristova/MyProjects/MyRpaProject/venv/lib/python3.10/site-packages/airflow/example_dags/example_workday_timetable.py
[2025-06-12T11:53:48.747+0200] {logging_mixin.py:190} INFO - [2025-06-12T11:53:48.747+0200] {dag.py:3239} INFO - Sync 1 DAGs
[2025-06-12T11:53:48.754+0200] {logging_mixin.py:190} INFO - [2025-06-12T11:53:48.752+0200] {dag.py:1182} ERROR - Failed to fetch run info after data interval None for DAG 'example_workday_timetable'
Traceback (most recent call last):
  File "/Users/gordanaristova/MyProjects/MyRpaProject/venv/lib/python3.10/site-packages/airflow/models/dag.py", line 1177, in next_dagrun_info
    info = self.timetable.next_dagrun_info(
  File "/Users/gordanaristova/MyProjects/MyRpaProject/venv/lib/python3.10/site-packages/airflow/example_dags/plugins/workday.py", line 83, in next_dagrun_info
    next_start = max(earliest, DateTime.combine(Date.today(), Time.min))
TypeError: can't compare offset-naive and offset-aware datetimes
[2025-06-12T11:53:48.754+0200] {logging_mixin.py:190} INFO - [2025-06-12T11:53:48.754+0200] {dag.py:4180} INFO - Setting next_dagrun for example_workday_timetable to None, run_after=None
[2025-06-12T11:53:48.758+0200] {processor.py:208} INFO - Processing /Users/gordanaristova/MyProjects/MyRpaProject/venv/lib/python3.10/site-packages/airflow/example_dags/example_workday_timetable.py took 0.202 seconds
[2025-06-12T11:54:42.478+0200] {processor.py:186} INFO - Started process (PID=10908) to work on /Users/gordanaristova/MyProjects/MyRpaProject/venv/lib/python3.10/site-packages/airflow/example_dags/example_workday_timetable.py
[2025-06-12T11:54:42.479+0200] {processor.py:914} INFO - Processing file /Users/gordanaristova/MyProjects/MyRpaProject/venv/lib/python3.10/site-packages/airflow/example_dags/example_workday_timetable.py for tasks to queue
[2025-06-12T11:54:42.479+0200] {logging_mixin.py:190} INFO - [2025-06-12T11:54:42.479+0200] {dagbag.py:588} INFO - Filling up the DagBag from /Users/gordanaristova/MyProjects/MyRpaProject/venv/lib/python3.10/site-packages/airflow/example_dags/example_workday_timetable.py
[2025-06-12T11:54:42.611+0200] {processor.py:925} INFO - DAG(s) 'example_workday_timetable' retrieved from /Users/gordanaristova/MyProjects/MyRpaProject/venv/lib/python3.10/site-packages/airflow/example_dags/example_workday_timetable.py
[2025-06-12T11:54:42.664+0200] {logging_mixin.py:190} INFO - [2025-06-12T11:54:42.664+0200] {dag.py:3239} INFO - Sync 1 DAGs
[2025-06-12T11:54:42.670+0200] {logging_mixin.py:190} INFO - [2025-06-12T11:54:42.669+0200] {dag.py:1182} ERROR - Failed to fetch run info after data interval None for DAG 'example_workday_timetable'
Traceback (most recent call last):
  File "/Users/gordanaristova/MyProjects/MyRpaProject/venv/lib/python3.10/site-packages/airflow/models/dag.py", line 1177, in next_dagrun_info
    info = self.timetable.next_dagrun_info(
  File "/Users/gordanaristova/MyProjects/MyRpaProject/venv/lib/python3.10/site-packages/airflow/example_dags/plugins/workday.py", line 83, in next_dagrun_info
    next_start = max(earliest, DateTime.combine(Date.today(), Time.min))
TypeError: can't compare offset-naive and offset-aware datetimes
[2025-06-12T11:54:42.670+0200] {logging_mixin.py:190} INFO - [2025-06-12T11:54:42.670+0200] {dag.py:4180} INFO - Setting next_dagrun for example_workday_timetable to None, run_after=None
[2025-06-12T11:54:42.674+0200] {processor.py:208} INFO - Processing /Users/gordanaristova/MyProjects/MyRpaProject/venv/lib/python3.10/site-packages/airflow/example_dags/example_workday_timetable.py took 0.197 seconds
[2025-06-12T11:55:36.308+0200] {processor.py:186} INFO - Started process (PID=10962) to work on /Users/gordanaristova/MyProjects/MyRpaProject/venv/lib/python3.10/site-packages/airflow/example_dags/example_workday_timetable.py
[2025-06-12T11:55:36.309+0200] {processor.py:914} INFO - Processing file /Users/gordanaristova/MyProjects/MyRpaProject/venv/lib/python3.10/site-packages/airflow/example_dags/example_workday_timetable.py for tasks to queue
[2025-06-12T11:55:36.309+0200] {logging_mixin.py:190} INFO - [2025-06-12T11:55:36.309+0200] {dagbag.py:588} INFO - Filling up the DagBag from /Users/gordanaristova/MyProjects/MyRpaProject/venv/lib/python3.10/site-packages/airflow/example_dags/example_workday_timetable.py
[2025-06-12T11:55:36.444+0200] {processor.py:925} INFO - DAG(s) 'example_workday_timetable' retrieved from /Users/gordanaristova/MyProjects/MyRpaProject/venv/lib/python3.10/site-packages/airflow/example_dags/example_workday_timetable.py
[2025-06-12T11:55:36.495+0200] {logging_mixin.py:190} INFO - [2025-06-12T11:55:36.495+0200] {dag.py:3239} INFO - Sync 1 DAGs
[2025-06-12T11:55:36.501+0200] {logging_mixin.py:190} INFO - [2025-06-12T11:55:36.500+0200] {dag.py:1182} ERROR - Failed to fetch run info after data interval None for DAG 'example_workday_timetable'
Traceback (most recent call last):
  File "/Users/gordanaristova/MyProjects/MyRpaProject/venv/lib/python3.10/site-packages/airflow/models/dag.py", line 1177, in next_dagrun_info
    info = self.timetable.next_dagrun_info(
  File "/Users/gordanaristova/MyProjects/MyRpaProject/venv/lib/python3.10/site-packages/airflow/example_dags/plugins/workday.py", line 83, in next_dagrun_info
    next_start = max(earliest, DateTime.combine(Date.today(), Time.min))
TypeError: can't compare offset-naive and offset-aware datetimes
[2025-06-12T11:55:36.501+0200] {logging_mixin.py:190} INFO - [2025-06-12T11:55:36.501+0200] {dag.py:4180} INFO - Setting next_dagrun for example_workday_timetable to None, run_after=None
[2025-06-12T11:55:36.506+0200] {processor.py:208} INFO - Processing /Users/gordanaristova/MyProjects/MyRpaProject/venv/lib/python3.10/site-packages/airflow/example_dags/example_workday_timetable.py took 0.199 seconds
[2025-06-12T11:56:32.155+0200] {processor.py:186} INFO - Started process (PID=11020) to work on /Users/gordanaristova/MyProjects/MyRpaProject/venv/lib/python3.10/site-packages/airflow/example_dags/example_workday_timetable.py
[2025-06-12T11:56:32.156+0200] {processor.py:914} INFO - Processing file /Users/gordanaristova/MyProjects/MyRpaProject/venv/lib/python3.10/site-packages/airflow/example_dags/example_workday_timetable.py for tasks to queue
[2025-06-12T11:56:32.156+0200] {logging_mixin.py:190} INFO - [2025-06-12T11:56:32.156+0200] {dagbag.py:588} INFO - Filling up the DagBag from /Users/gordanaristova/MyProjects/MyRpaProject/venv/lib/python3.10/site-packages/airflow/example_dags/example_workday_timetable.py
[2025-06-12T11:56:32.292+0200] {processor.py:925} INFO - DAG(s) 'example_workday_timetable' retrieved from /Users/gordanaristova/MyProjects/MyRpaProject/venv/lib/python3.10/site-packages/airflow/example_dags/example_workday_timetable.py
[2025-06-12T11:56:32.345+0200] {logging_mixin.py:190} INFO - [2025-06-12T11:56:32.345+0200] {dag.py:3239} INFO - Sync 1 DAGs
[2025-06-12T11:56:32.351+0200] {logging_mixin.py:190} INFO - [2025-06-12T11:56:32.350+0200] {dag.py:1182} ERROR - Failed to fetch run info after data interval None for DAG 'example_workday_timetable'
Traceback (most recent call last):
  File "/Users/gordanaristova/MyProjects/MyRpaProject/venv/lib/python3.10/site-packages/airflow/models/dag.py", line 1177, in next_dagrun_info
    info = self.timetable.next_dagrun_info(
  File "/Users/gordanaristova/MyProjects/MyRpaProject/venv/lib/python3.10/site-packages/airflow/example_dags/plugins/workday.py", line 83, in next_dagrun_info
    next_start = max(earliest, DateTime.combine(Date.today(), Time.min))
TypeError: can't compare offset-naive and offset-aware datetimes
[2025-06-12T11:56:32.351+0200] {logging_mixin.py:190} INFO - [2025-06-12T11:56:32.351+0200] {dag.py:4180} INFO - Setting next_dagrun for example_workday_timetable to None, run_after=None
[2025-06-12T11:56:32.356+0200] {processor.py:208} INFO - Processing /Users/gordanaristova/MyProjects/MyRpaProject/venv/lib/python3.10/site-packages/airflow/example_dags/example_workday_timetable.py took 0.202 seconds
[2025-06-12T11:57:27.093+0200] {processor.py:186} INFO - Started process (PID=11089) to work on /Users/gordanaristova/MyProjects/MyRpaProject/venv/lib/python3.10/site-packages/airflow/example_dags/example_workday_timetable.py
[2025-06-12T11:57:27.094+0200] {processor.py:914} INFO - Processing file /Users/gordanaristova/MyProjects/MyRpaProject/venv/lib/python3.10/site-packages/airflow/example_dags/example_workday_timetable.py for tasks to queue
[2025-06-12T11:57:27.094+0200] {logging_mixin.py:190} INFO - [2025-06-12T11:57:27.094+0200] {dagbag.py:588} INFO - Filling up the DagBag from /Users/gordanaristova/MyProjects/MyRpaProject/venv/lib/python3.10/site-packages/airflow/example_dags/example_workday_timetable.py
[2025-06-12T11:57:27.228+0200] {processor.py:925} INFO - DAG(s) 'example_workday_timetable' retrieved from /Users/gordanaristova/MyProjects/MyRpaProject/venv/lib/python3.10/site-packages/airflow/example_dags/example_workday_timetable.py
[2025-06-12T11:57:27.286+0200] {logging_mixin.py:190} INFO - [2025-06-12T11:57:27.286+0200] {dag.py:3239} INFO - Sync 1 DAGs
[2025-06-12T11:57:27.293+0200] {logging_mixin.py:190} INFO - [2025-06-12T11:57:27.292+0200] {dag.py:1182} ERROR - Failed to fetch run info after data interval None for DAG 'example_workday_timetable'
Traceback (most recent call last):
  File "/Users/gordanaristova/MyProjects/MyRpaProject/venv/lib/python3.10/site-packages/airflow/models/dag.py", line 1177, in next_dagrun_info
    info = self.timetable.next_dagrun_info(
  File "/Users/gordanaristova/MyProjects/MyRpaProject/venv/lib/python3.10/site-packages/airflow/example_dags/plugins/workday.py", line 83, in next_dagrun_info
    next_start = max(earliest, DateTime.combine(Date.today(), Time.min))
TypeError: can't compare offset-naive and offset-aware datetimes
[2025-06-12T11:57:27.293+0200] {logging_mixin.py:190} INFO - [2025-06-12T11:57:27.293+0200] {dag.py:4180} INFO - Setting next_dagrun for example_workday_timetable to None, run_after=None
[2025-06-12T11:57:27.298+0200] {processor.py:208} INFO - Processing /Users/gordanaristova/MyProjects/MyRpaProject/venv/lib/python3.10/site-packages/airflow/example_dags/example_workday_timetable.py took 0.206 seconds
[2025-06-12T13:14:26.470+0200] {processor.py:186} INFO - Started process (PID=12990) to work on /Users/gordanaristova/MyProjects/MyRpaProject/venv/lib/python3.10/site-packages/airflow/example_dags/example_workday_timetable.py
[2025-06-12T13:14:26.470+0200] {processor.py:914} INFO - Processing file /Users/gordanaristova/MyProjects/MyRpaProject/venv/lib/python3.10/site-packages/airflow/example_dags/example_workday_timetable.py for tasks to queue
[2025-06-12T13:14:26.470+0200] {logging_mixin.py:190} INFO - [2025-06-12T13:14:26.470+0200] {dagbag.py:588} INFO - Filling up the DagBag from /Users/gordanaristova/MyProjects/MyRpaProject/venv/lib/python3.10/site-packages/airflow/example_dags/example_workday_timetable.py
[2025-06-12T13:14:26.615+0200] {processor.py:925} INFO - DAG(s) 'example_workday_timetable' retrieved from /Users/gordanaristova/MyProjects/MyRpaProject/venv/lib/python3.10/site-packages/airflow/example_dags/example_workday_timetable.py
[2025-06-12T13:14:26.673+0200] {logging_mixin.py:190} INFO - [2025-06-12T13:14:26.673+0200] {dag.py:3239} INFO - Sync 1 DAGs
[2025-06-12T13:14:26.678+0200] {logging_mixin.py:190} INFO - [2025-06-12T13:14:26.677+0200] {dag.py:1182} ERROR - Failed to fetch run info after data interval None for DAG 'example_workday_timetable'
Traceback (most recent call last):
  File "/Users/gordanaristova/MyProjects/MyRpaProject/venv/lib/python3.10/site-packages/airflow/models/dag.py", line 1177, in next_dagrun_info
    info = self.timetable.next_dagrun_info(
  File "/Users/gordanaristova/MyProjects/MyRpaProject/venv/lib/python3.10/site-packages/airflow/example_dags/plugins/workday.py", line 83, in next_dagrun_info
    next_start = max(earliest, DateTime.combine(Date.today(), Time.min))
TypeError: can't compare offset-naive and offset-aware datetimes
[2025-06-12T13:14:26.678+0200] {logging_mixin.py:190} INFO - [2025-06-12T13:14:26.678+0200] {dag.py:4180} INFO - Setting next_dagrun for example_workday_timetable to None, run_after=None
[2025-06-12T13:14:26.683+0200] {processor.py:208} INFO - Processing /Users/gordanaristova/MyProjects/MyRpaProject/venv/lib/python3.10/site-packages/airflow/example_dags/example_workday_timetable.py took 0.215 seconds
[2025-06-12T13:15:58.707+0200] {processor.py:186} INFO - Started process (PID=13083) to work on /Users/gordanaristova/MyProjects/MyRpaProject/venv/lib/python3.10/site-packages/airflow/example_dags/example_workday_timetable.py
[2025-06-12T13:15:58.708+0200] {processor.py:914} INFO - Processing file /Users/gordanaristova/MyProjects/MyRpaProject/venv/lib/python3.10/site-packages/airflow/example_dags/example_workday_timetable.py for tasks to queue
[2025-06-12T13:15:58.708+0200] {logging_mixin.py:190} INFO - [2025-06-12T13:15:58.708+0200] {dagbag.py:588} INFO - Filling up the DagBag from /Users/gordanaristova/MyProjects/MyRpaProject/venv/lib/python3.10/site-packages/airflow/example_dags/example_workday_timetable.py
[2025-06-12T13:15:58.886+0200] {processor.py:925} INFO - DAG(s) 'example_workday_timetable' retrieved from /Users/gordanaristova/MyProjects/MyRpaProject/venv/lib/python3.10/site-packages/airflow/example_dags/example_workday_timetable.py
[2025-06-12T13:15:58.946+0200] {logging_mixin.py:190} INFO - [2025-06-12T13:15:58.945+0200] {dag.py:3239} INFO - Sync 1 DAGs
[2025-06-12T13:15:58.951+0200] {logging_mixin.py:190} INFO - [2025-06-12T13:15:58.950+0200] {dag.py:1182} ERROR - Failed to fetch run info after data interval None for DAG 'example_workday_timetable'
Traceback (most recent call last):
  File "/Users/gordanaristova/MyProjects/MyRpaProject/venv/lib/python3.10/site-packages/airflow/models/dag.py", line 1177, in next_dagrun_info
    info = self.timetable.next_dagrun_info(
  File "/Users/gordanaristova/MyProjects/MyRpaProject/venv/lib/python3.10/site-packages/airflow/example_dags/plugins/workday.py", line 83, in next_dagrun_info
    next_start = max(earliest, DateTime.combine(Date.today(), Time.min))
TypeError: can't compare offset-naive and offset-aware datetimes
[2025-06-12T13:15:58.952+0200] {logging_mixin.py:190} INFO - [2025-06-12T13:15:58.952+0200] {dag.py:4180} INFO - Setting next_dagrun for example_workday_timetable to None, run_after=None
[2025-06-12T13:15:58.956+0200] {processor.py:208} INFO - Processing /Users/gordanaristova/MyProjects/MyRpaProject/venv/lib/python3.10/site-packages/airflow/example_dags/example_workday_timetable.py took 0.250 seconds
