[2025-06-12T10:37:24.245+0200] {processor.py:186} INFO - Started process (PID=8462) to work on /Users/gordanaristova/MyProjects/MyRpaProject/venv/lib/python3.10/site-packages/airflow/example_dags/example_dataset_alias.py
[2025-06-12T10:37:24.245+0200] {processor.py:914} INFO - Processing file /Users/gordanaristova/MyProjects/MyRpaProject/venv/lib/python3.10/site-packages/airflow/example_dags/example_dataset_alias.py for tasks to queue
[2025-06-12T10:37:24.245+0200] {logging_mixin.py:190} INFO - [2025-06-12T10:37:24.245+0200] {dagbag.py:588} INFO - Filling up the DagBag from /Users/gordanaristova/MyProjects/MyRpaProject/venv/lib/python3.10/site-packages/airflow/example_dags/example_dataset_alias.py
[2025-06-12T10:37:24.289+0200] {processor.py:925} INFO - DAG(s) 'dataset_alias_example_alias_producer', 'dataset_s3_bucket_consumer', 'dataset_alias_example_alias_consumer', 'dataset_s3_bucket_producer' retrieved from /Users/gordanaristova/MyProjects/MyRpaProject/venv/lib/python3.10/site-packages/airflow/example_dags/example_dataset_alias.py
[2025-06-12T10:37:24.314+0200] {logging_mixin.py:190} INFO - [2025-06-12T10:37:24.313+0200] {override.py:1900} INFO - Created Permission View: can delete on DAG:dataset_alias_example_alias_producer
[2025-06-12T10:37:24.316+0200] {logging_mixin.py:190} INFO - [2025-06-12T10:37:24.316+0200] {override.py:1900} INFO - Created Permission View: can read on DAG:dataset_alias_example_alias_producer
[2025-06-12T10:37:24.317+0200] {logging_mixin.py:190} INFO - [2025-06-12T10:37:24.317+0200] {override.py:1900} INFO - Created Permission View: can edit on DAG:dataset_alias_example_alias_producer
[2025-06-12T10:37:24.319+0200] {logging_mixin.py:190} INFO - [2025-06-12T10:37:24.319+0200] {override.py:1900} INFO - Created Permission View: can delete on DAG Run:dataset_alias_example_alias_producer
[2025-06-12T10:37:24.320+0200] {logging_mixin.py:190} INFO - [2025-06-12T10:37:24.320+0200] {override.py:1900} INFO - Created Permission View: can read on DAG Run:dataset_alias_example_alias_producer
[2025-06-12T10:37:24.321+0200] {logging_mixin.py:190} INFO - [2025-06-12T10:37:24.321+0200] {override.py:1900} INFO - Created Permission View: can create on DAG Run:dataset_alias_example_alias_producer
[2025-06-12T10:37:24.323+0200] {logging_mixin.py:190} INFO - [2025-06-12T10:37:24.323+0200] {override.py:1900} INFO - Created Permission View: menu access on DAG Run:dataset_alias_example_alias_producer
[2025-06-12T10:37:24.325+0200] {logging_mixin.py:190} INFO - [2025-06-12T10:37:24.325+0200] {override.py:1900} INFO - Created Permission View: can delete on DAG:dataset_s3_bucket_consumer
[2025-06-12T10:37:24.327+0200] {logging_mixin.py:190} INFO - [2025-06-12T10:37:24.327+0200] {override.py:1900} INFO - Created Permission View: can read on DAG:dataset_s3_bucket_consumer
[2025-06-12T10:37:24.328+0200] {logging_mixin.py:190} INFO - [2025-06-12T10:37:24.328+0200] {override.py:1900} INFO - Created Permission View: can edit on DAG:dataset_s3_bucket_consumer
[2025-06-12T10:37:24.330+0200] {logging_mixin.py:190} INFO - [2025-06-12T10:37:24.330+0200] {override.py:1900} INFO - Created Permission View: can delete on DAG Run:dataset_s3_bucket_consumer
[2025-06-12T10:37:24.331+0200] {logging_mixin.py:190} INFO - [2025-06-12T10:37:24.331+0200] {override.py:1900} INFO - Created Permission View: can read on DAG Run:dataset_s3_bucket_consumer
[2025-06-12T10:37:24.332+0200] {logging_mixin.py:190} INFO - [2025-06-12T10:37:24.332+0200] {override.py:1900} INFO - Created Permission View: can create on DAG Run:dataset_s3_bucket_consumer
[2025-06-12T10:37:24.334+0200] {logging_mixin.py:190} INFO - [2025-06-12T10:37:24.334+0200] {override.py:1900} INFO - Created Permission View: menu access on DAG Run:dataset_s3_bucket_consumer
[2025-06-12T10:37:24.336+0200] {logging_mixin.py:190} INFO - [2025-06-12T10:37:24.336+0200] {override.py:1900} INFO - Created Permission View: can delete on DAG:dataset_alias_example_alias_consumer
[2025-06-12T10:37:24.338+0200] {logging_mixin.py:190} INFO - [2025-06-12T10:37:24.338+0200] {override.py:1900} INFO - Created Permission View: can read on DAG:dataset_alias_example_alias_consumer
[2025-06-12T10:37:24.339+0200] {logging_mixin.py:190} INFO - [2025-06-12T10:37:24.339+0200] {override.py:1900} INFO - Created Permission View: can edit on DAG:dataset_alias_example_alias_consumer
[2025-06-12T10:37:24.341+0200] {logging_mixin.py:190} INFO - [2025-06-12T10:37:24.341+0200] {override.py:1900} INFO - Created Permission View: can delete on DAG Run:dataset_alias_example_alias_consumer
[2025-06-12T10:37:24.342+0200] {logging_mixin.py:190} INFO - [2025-06-12T10:37:24.342+0200] {override.py:1900} INFO - Created Permission View: can read on DAG Run:dataset_alias_example_alias_consumer
[2025-06-12T10:37:24.343+0200] {logging_mixin.py:190} INFO - [2025-06-12T10:37:24.343+0200] {override.py:1900} INFO - Created Permission View: can create on DAG Run:dataset_alias_example_alias_consumer
[2025-06-12T10:37:24.345+0200] {logging_mixin.py:190} INFO - [2025-06-12T10:37:24.345+0200] {override.py:1900} INFO - Created Permission View: menu access on DAG Run:dataset_alias_example_alias_consumer
[2025-06-12T10:37:24.347+0200] {logging_mixin.py:190} INFO - [2025-06-12T10:37:24.347+0200] {override.py:1900} INFO - Created Permission View: can delete on DAG:dataset_s3_bucket_producer
[2025-06-12T10:37:24.348+0200] {logging_mixin.py:190} INFO - [2025-06-12T10:37:24.348+0200] {override.py:1900} INFO - Created Permission View: can read on DAG:dataset_s3_bucket_producer
[2025-06-12T10:37:24.350+0200] {logging_mixin.py:190} INFO - [2025-06-12T10:37:24.350+0200] {override.py:1900} INFO - Created Permission View: can edit on DAG:dataset_s3_bucket_producer
[2025-06-12T10:37:24.352+0200] {logging_mixin.py:190} INFO - [2025-06-12T10:37:24.351+0200] {override.py:1900} INFO - Created Permission View: can delete on DAG Run:dataset_s3_bucket_producer
[2025-06-12T10:37:24.353+0200] {logging_mixin.py:190} INFO - [2025-06-12T10:37:24.353+0200] {override.py:1900} INFO - Created Permission View: can read on DAG Run:dataset_s3_bucket_producer
[2025-06-12T10:37:24.354+0200] {logging_mixin.py:190} INFO - [2025-06-12T10:37:24.354+0200] {override.py:1900} INFO - Created Permission View: can create on DAG Run:dataset_s3_bucket_producer
[2025-06-12T10:37:24.356+0200] {logging_mixin.py:190} INFO - [2025-06-12T10:37:24.355+0200] {override.py:1900} INFO - Created Permission View: menu access on DAG Run:dataset_s3_bucket_producer
[2025-06-12T10:37:24.356+0200] {logging_mixin.py:190} INFO - [2025-06-12T10:37:24.356+0200] {dag.py:3239} INFO - Sync 4 DAGs
[2025-06-12T10:37:24.359+0200] {logging_mixin.py:190} INFO - [2025-06-12T10:37:24.359+0200] {dag.py:3262} INFO - Creating ORM DAG for dataset_alias_example_alias_consumer
[2025-06-12T10:37:24.359+0200] {logging_mixin.py:190} INFO - [2025-06-12T10:37:24.359+0200] {dag.py:3262} INFO - Creating ORM DAG for dataset_s3_bucket_consumer
[2025-06-12T10:37:24.359+0200] {logging_mixin.py:190} INFO - [2025-06-12T10:37:24.359+0200] {dag.py:3262} INFO - Creating ORM DAG for dataset_alias_example_alias_producer
[2025-06-12T10:37:24.360+0200] {logging_mixin.py:190} INFO - [2025-06-12T10:37:24.360+0200] {dag.py:3262} INFO - Creating ORM DAG for dataset_s3_bucket_producer
[2025-06-12T10:37:24.362+0200] {logging_mixin.py:190} INFO - [2025-06-12T10:37:24.361+0200] {dag.py:4180} INFO - Setting next_dagrun for dataset_alias_example_alias_consumer to None, run_after=None
[2025-06-12T10:37:24.362+0200] {logging_mixin.py:190} INFO - [2025-06-12T10:37:24.362+0200] {dag.py:4180} INFO - Setting next_dagrun for dataset_alias_example_alias_producer to None, run_after=None
[2025-06-12T10:37:24.362+0200] {logging_mixin.py:190} INFO - [2025-06-12T10:37:24.362+0200] {dag.py:4180} INFO - Setting next_dagrun for dataset_s3_bucket_consumer to None, run_after=None
[2025-06-12T10:37:24.362+0200] {logging_mixin.py:190} INFO - [2025-06-12T10:37:24.362+0200] {dag.py:4180} INFO - Setting next_dagrun for dataset_s3_bucket_producer to None, run_after=None
[2025-06-12T10:37:24.524+0200] {processor.py:208} INFO - Processing /Users/gordanaristova/MyProjects/MyRpaProject/venv/lib/python3.10/site-packages/airflow/example_dags/example_dataset_alias.py took 0.280 seconds
[2025-06-12T10:39:13.519+0200] {processor.py:186} INFO - Started process (PID=8552) to work on /Users/gordanaristova/MyProjects/MyRpaProject/venv/lib/python3.10/site-packages/airflow/example_dags/example_dataset_alias.py
[2025-06-12T10:39:13.520+0200] {processor.py:914} INFO - Processing file /Users/gordanaristova/MyProjects/MyRpaProject/venv/lib/python3.10/site-packages/airflow/example_dags/example_dataset_alias.py for tasks to queue
[2025-06-12T10:39:13.520+0200] {logging_mixin.py:190} INFO - [2025-06-12T10:39:13.520+0200] {dagbag.py:588} INFO - Filling up the DagBag from /Users/gordanaristova/MyProjects/MyRpaProject/venv/lib/python3.10/site-packages/airflow/example_dags/example_dataset_alias.py
[2025-06-12T10:39:13.564+0200] {processor.py:925} INFO - DAG(s) 'dataset_s3_bucket_producer', 'dataset_alias_example_alias_consumer', 'dataset_alias_example_alias_producer', 'dataset_s3_bucket_consumer' retrieved from /Users/gordanaristova/MyProjects/MyRpaProject/venv/lib/python3.10/site-packages/airflow/example_dags/example_dataset_alias.py
[2025-06-12T10:39:13.570+0200] {logging_mixin.py:190} INFO - [2025-06-12T10:39:13.570+0200] {dag.py:3239} INFO - Sync 4 DAGs
[2025-06-12T10:39:13.575+0200] {logging_mixin.py:190} INFO - [2025-06-12T10:39:13.575+0200] {dag.py:4180} INFO - Setting next_dagrun for dataset_alias_example_alias_consumer to None, run_after=None
[2025-06-12T10:39:13.576+0200] {logging_mixin.py:190} INFO - [2025-06-12T10:39:13.575+0200] {dag.py:4180} INFO - Setting next_dagrun for dataset_alias_example_alias_producer to None, run_after=None
[2025-06-12T10:39:13.576+0200] {logging_mixin.py:190} INFO - [2025-06-12T10:39:13.576+0200] {dag.py:4180} INFO - Setting next_dagrun for dataset_s3_bucket_consumer to None, run_after=None
[2025-06-12T10:39:13.576+0200] {logging_mixin.py:190} INFO - [2025-06-12T10:39:13.576+0200] {dag.py:4180} INFO - Setting next_dagrun for dataset_s3_bucket_producer to None, run_after=None
[2025-06-12T10:39:13.581+0200] {processor.py:208} INFO - Processing /Users/gordanaristova/MyProjects/MyRpaProject/venv/lib/python3.10/site-packages/airflow/example_dags/example_dataset_alias.py took 0.063 seconds
[2025-06-12T10:40:56.432+0200] {processor.py:186} INFO - Started process (PID=8638) to work on /Users/gordanaristova/MyProjects/MyRpaProject/venv/lib/python3.10/site-packages/airflow/example_dags/example_dataset_alias.py
[2025-06-12T10:40:56.433+0200] {processor.py:914} INFO - Processing file /Users/gordanaristova/MyProjects/MyRpaProject/venv/lib/python3.10/site-packages/airflow/example_dags/example_dataset_alias.py for tasks to queue
[2025-06-12T10:40:56.433+0200] {logging_mixin.py:190} INFO - [2025-06-12T10:40:56.433+0200] {dagbag.py:588} INFO - Filling up the DagBag from /Users/gordanaristova/MyProjects/MyRpaProject/venv/lib/python3.10/site-packages/airflow/example_dags/example_dataset_alias.py
[2025-06-12T10:40:56.477+0200] {processor.py:925} INFO - DAG(s) 'dataset_s3_bucket_consumer', 'dataset_alias_example_alias_producer', 'dataset_alias_example_alias_consumer', 'dataset_s3_bucket_producer' retrieved from /Users/gordanaristova/MyProjects/MyRpaProject/venv/lib/python3.10/site-packages/airflow/example_dags/example_dataset_alias.py
[2025-06-12T10:40:56.483+0200] {logging_mixin.py:190} INFO - [2025-06-12T10:40:56.483+0200] {dag.py:3239} INFO - Sync 4 DAGs
[2025-06-12T10:40:56.489+0200] {logging_mixin.py:190} INFO - [2025-06-12T10:40:56.488+0200] {dag.py:4180} INFO - Setting next_dagrun for dataset_alias_example_alias_consumer to None, run_after=None
[2025-06-12T10:40:56.489+0200] {logging_mixin.py:190} INFO - [2025-06-12T10:40:56.489+0200] {dag.py:4180} INFO - Setting next_dagrun for dataset_alias_example_alias_producer to None, run_after=None
[2025-06-12T10:40:56.489+0200] {logging_mixin.py:190} INFO - [2025-06-12T10:40:56.489+0200] {dag.py:4180} INFO - Setting next_dagrun for dataset_s3_bucket_consumer to None, run_after=None
[2025-06-12T10:40:56.490+0200] {logging_mixin.py:190} INFO - [2025-06-12T10:40:56.490+0200] {dag.py:4180} INFO - Setting next_dagrun for dataset_s3_bucket_producer to None, run_after=None
[2025-06-12T10:40:56.495+0200] {processor.py:208} INFO - Processing /Users/gordanaristova/MyProjects/MyRpaProject/venv/lib/python3.10/site-packages/airflow/example_dags/example_dataset_alias.py took 0.065 seconds
[2025-06-12T10:42:43.265+0200] {processor.py:186} INFO - Started process (PID=8723) to work on /Users/gordanaristova/MyProjects/MyRpaProject/venv/lib/python3.10/site-packages/airflow/example_dags/example_dataset_alias.py
[2025-06-12T10:42:43.265+0200] {processor.py:914} INFO - Processing file /Users/gordanaristova/MyProjects/MyRpaProject/venv/lib/python3.10/site-packages/airflow/example_dags/example_dataset_alias.py for tasks to queue
[2025-06-12T10:42:43.265+0200] {logging_mixin.py:190} INFO - [2025-06-12T10:42:43.265+0200] {dagbag.py:588} INFO - Filling up the DagBag from /Users/gordanaristova/MyProjects/MyRpaProject/venv/lib/python3.10/site-packages/airflow/example_dags/example_dataset_alias.py
[2025-06-12T10:42:43.310+0200] {processor.py:925} INFO - DAG(s) 'dataset_s3_bucket_consumer', 'dataset_alias_example_alias_producer', 'dataset_s3_bucket_producer', 'dataset_alias_example_alias_consumer' retrieved from /Users/gordanaristova/MyProjects/MyRpaProject/venv/lib/python3.10/site-packages/airflow/example_dags/example_dataset_alias.py
[2025-06-12T10:42:43.317+0200] {logging_mixin.py:190} INFO - [2025-06-12T10:42:43.317+0200] {dag.py:3239} INFO - Sync 4 DAGs
[2025-06-12T10:42:43.322+0200] {logging_mixin.py:190} INFO - [2025-06-12T10:42:43.322+0200] {dag.py:4180} INFO - Setting next_dagrun for dataset_alias_example_alias_consumer to None, run_after=None
[2025-06-12T10:42:43.322+0200] {logging_mixin.py:190} INFO - [2025-06-12T10:42:43.322+0200] {dag.py:4180} INFO - Setting next_dagrun for dataset_alias_example_alias_producer to None, run_after=None
[2025-06-12T10:42:43.323+0200] {logging_mixin.py:190} INFO - [2025-06-12T10:42:43.323+0200] {dag.py:4180} INFO - Setting next_dagrun for dataset_s3_bucket_consumer to None, run_after=None
[2025-06-12T10:42:43.323+0200] {logging_mixin.py:190} INFO - [2025-06-12T10:42:43.323+0200] {dag.py:4180} INFO - Setting next_dagrun for dataset_s3_bucket_producer to None, run_after=None
[2025-06-12T10:42:43.328+0200] {processor.py:208} INFO - Processing /Users/gordanaristova/MyProjects/MyRpaProject/venv/lib/python3.10/site-packages/airflow/example_dags/example_dataset_alias.py took 0.064 seconds
[2025-06-12T10:44:29.375+0200] {processor.py:186} INFO - Started process (PID=8875) to work on /Users/gordanaristova/MyProjects/MyRpaProject/venv/lib/python3.10/site-packages/airflow/example_dags/example_dataset_alias.py
[2025-06-12T10:44:29.375+0200] {processor.py:914} INFO - Processing file /Users/gordanaristova/MyProjects/MyRpaProject/venv/lib/python3.10/site-packages/airflow/example_dags/example_dataset_alias.py for tasks to queue
[2025-06-12T10:44:29.376+0200] {logging_mixin.py:190} INFO - [2025-06-12T10:44:29.376+0200] {dagbag.py:588} INFO - Filling up the DagBag from /Users/gordanaristova/MyProjects/MyRpaProject/venv/lib/python3.10/site-packages/airflow/example_dags/example_dataset_alias.py
[2025-06-12T10:44:29.421+0200] {processor.py:925} INFO - DAG(s) 'dataset_s3_bucket_producer', 'dataset_s3_bucket_consumer', 'dataset_alias_example_alias_producer', 'dataset_alias_example_alias_consumer' retrieved from /Users/gordanaristova/MyProjects/MyRpaProject/venv/lib/python3.10/site-packages/airflow/example_dags/example_dataset_alias.py
[2025-06-12T10:44:29.428+0200] {logging_mixin.py:190} INFO - [2025-06-12T10:44:29.428+0200] {dag.py:3239} INFO - Sync 4 DAGs
[2025-06-12T10:44:29.433+0200] {logging_mixin.py:190} INFO - [2025-06-12T10:44:29.433+0200] {dag.py:4180} INFO - Setting next_dagrun for dataset_alias_example_alias_consumer to None, run_after=None
[2025-06-12T10:44:29.434+0200] {logging_mixin.py:190} INFO - [2025-06-12T10:44:29.434+0200] {dag.py:4180} INFO - Setting next_dagrun for dataset_alias_example_alias_producer to None, run_after=None
[2025-06-12T10:44:29.434+0200] {logging_mixin.py:190} INFO - [2025-06-12T10:44:29.434+0200] {dag.py:4180} INFO - Setting next_dagrun for dataset_s3_bucket_consumer to None, run_after=None
[2025-06-12T10:44:29.434+0200] {logging_mixin.py:190} INFO - [2025-06-12T10:44:29.434+0200] {dag.py:4180} INFO - Setting next_dagrun for dataset_s3_bucket_producer to None, run_after=None
[2025-06-12T10:44:29.439+0200] {processor.py:208} INFO - Processing /Users/gordanaristova/MyProjects/MyRpaProject/venv/lib/python3.10/site-packages/airflow/example_dags/example_dataset_alias.py took 0.066 seconds
[2025-06-12T10:46:15.724+0200] {processor.py:186} INFO - Started process (PID=8968) to work on /Users/gordanaristova/MyProjects/MyRpaProject/venv/lib/python3.10/site-packages/airflow/example_dags/example_dataset_alias.py
[2025-06-12T10:46:15.725+0200] {processor.py:914} INFO - Processing file /Users/gordanaristova/MyProjects/MyRpaProject/venv/lib/python3.10/site-packages/airflow/example_dags/example_dataset_alias.py for tasks to queue
[2025-06-12T10:46:15.725+0200] {logging_mixin.py:190} INFO - [2025-06-12T10:46:15.725+0200] {dagbag.py:588} INFO - Filling up the DagBag from /Users/gordanaristova/MyProjects/MyRpaProject/venv/lib/python3.10/site-packages/airflow/example_dags/example_dataset_alias.py
[2025-06-12T10:46:15.770+0200] {processor.py:925} INFO - DAG(s) 'dataset_s3_bucket_consumer', 'dataset_s3_bucket_producer', 'dataset_alias_example_alias_consumer', 'dataset_alias_example_alias_producer' retrieved from /Users/gordanaristova/MyProjects/MyRpaProject/venv/lib/python3.10/site-packages/airflow/example_dags/example_dataset_alias.py
[2025-06-12T10:46:15.777+0200] {logging_mixin.py:190} INFO - [2025-06-12T10:46:15.777+0200] {dag.py:3239} INFO - Sync 4 DAGs
[2025-06-12T10:46:15.781+0200] {logging_mixin.py:190} INFO - [2025-06-12T10:46:15.781+0200] {dag.py:4180} INFO - Setting next_dagrun for dataset_alias_example_alias_consumer to None, run_after=None
[2025-06-12T10:46:15.782+0200] {logging_mixin.py:190} INFO - [2025-06-12T10:46:15.782+0200] {dag.py:4180} INFO - Setting next_dagrun for dataset_alias_example_alias_producer to None, run_after=None
[2025-06-12T10:46:15.783+0200] {logging_mixin.py:190} INFO - [2025-06-12T10:46:15.783+0200] {dag.py:4180} INFO - Setting next_dagrun for dataset_s3_bucket_consumer to None, run_after=None
[2025-06-12T10:46:15.783+0200] {logging_mixin.py:190} INFO - [2025-06-12T10:46:15.783+0200] {dag.py:4180} INFO - Setting next_dagrun for dataset_s3_bucket_producer to None, run_after=None
[2025-06-12T10:46:15.788+0200] {processor.py:208} INFO - Processing /Users/gordanaristova/MyProjects/MyRpaProject/venv/lib/python3.10/site-packages/airflow/example_dags/example_dataset_alias.py took 0.065 seconds
[2025-06-12T10:48:08.168+0200] {processor.py:186} INFO - Started process (PID=9108) to work on /Users/gordanaristova/MyProjects/MyRpaProject/venv/lib/python3.10/site-packages/airflow/example_dags/example_dataset_alias.py
[2025-06-12T10:48:08.168+0200] {processor.py:914} INFO - Processing file /Users/gordanaristova/MyProjects/MyRpaProject/venv/lib/python3.10/site-packages/airflow/example_dags/example_dataset_alias.py for tasks to queue
[2025-06-12T10:48:08.169+0200] {logging_mixin.py:190} INFO - [2025-06-12T10:48:08.169+0200] {dagbag.py:588} INFO - Filling up the DagBag from /Users/gordanaristova/MyProjects/MyRpaProject/venv/lib/python3.10/site-packages/airflow/example_dags/example_dataset_alias.py
[2025-06-12T10:48:08.215+0200] {processor.py:925} INFO - DAG(s) 'dataset_s3_bucket_producer', 'dataset_alias_example_alias_producer', 'dataset_alias_example_alias_consumer', 'dataset_s3_bucket_consumer' retrieved from /Users/gordanaristova/MyProjects/MyRpaProject/venv/lib/python3.10/site-packages/airflow/example_dags/example_dataset_alias.py
[2025-06-12T10:48:08.221+0200] {logging_mixin.py:190} INFO - [2025-06-12T10:48:08.221+0200] {dag.py:3239} INFO - Sync 4 DAGs
[2025-06-12T10:48:08.227+0200] {logging_mixin.py:190} INFO - [2025-06-12T10:48:08.227+0200] {dag.py:4180} INFO - Setting next_dagrun for dataset_alias_example_alias_consumer to None, run_after=None
[2025-06-12T10:48:08.227+0200] {logging_mixin.py:190} INFO - [2025-06-12T10:48:08.227+0200] {dag.py:4180} INFO - Setting next_dagrun for dataset_alias_example_alias_producer to None, run_after=None
[2025-06-12T10:48:08.228+0200] {logging_mixin.py:190} INFO - [2025-06-12T10:48:08.227+0200] {dag.py:4180} INFO - Setting next_dagrun for dataset_s3_bucket_consumer to None, run_after=None
[2025-06-12T10:48:08.228+0200] {logging_mixin.py:190} INFO - [2025-06-12T10:48:08.228+0200] {dag.py:4180} INFO - Setting next_dagrun for dataset_s3_bucket_producer to None, run_after=None
[2025-06-12T10:48:08.233+0200] {processor.py:208} INFO - Processing /Users/gordanaristova/MyProjects/MyRpaProject/venv/lib/python3.10/site-packages/airflow/example_dags/example_dataset_alias.py took 0.066 seconds
[2025-06-12T10:49:54.998+0200] {processor.py:186} INFO - Started process (PID=9235) to work on /Users/gordanaristova/MyProjects/MyRpaProject/venv/lib/python3.10/site-packages/airflow/example_dags/example_dataset_alias.py
[2025-06-12T10:49:54.999+0200] {processor.py:914} INFO - Processing file /Users/gordanaristova/MyProjects/MyRpaProject/venv/lib/python3.10/site-packages/airflow/example_dags/example_dataset_alias.py for tasks to queue
[2025-06-12T10:49:54.999+0200] {logging_mixin.py:190} INFO - [2025-06-12T10:49:54.999+0200] {dagbag.py:588} INFO - Filling up the DagBag from /Users/gordanaristova/MyProjects/MyRpaProject/venv/lib/python3.10/site-packages/airflow/example_dags/example_dataset_alias.py
[2025-06-12T10:49:55.043+0200] {processor.py:925} INFO - DAG(s) 'dataset_alias_example_alias_consumer', 'dataset_alias_example_alias_producer', 'dataset_s3_bucket_producer', 'dataset_s3_bucket_consumer' retrieved from /Users/gordanaristova/MyProjects/MyRpaProject/venv/lib/python3.10/site-packages/airflow/example_dags/example_dataset_alias.py
[2025-06-12T10:49:55.049+0200] {logging_mixin.py:190} INFO - [2025-06-12T10:49:55.049+0200] {dag.py:3239} INFO - Sync 4 DAGs
[2025-06-12T10:49:55.054+0200] {logging_mixin.py:190} INFO - [2025-06-12T10:49:55.054+0200] {dag.py:4180} INFO - Setting next_dagrun for dataset_alias_example_alias_consumer to None, run_after=None
[2025-06-12T10:49:55.055+0200] {logging_mixin.py:190} INFO - [2025-06-12T10:49:55.055+0200] {dag.py:4180} INFO - Setting next_dagrun for dataset_alias_example_alias_producer to None, run_after=None
[2025-06-12T10:49:55.055+0200] {logging_mixin.py:190} INFO - [2025-06-12T10:49:55.055+0200] {dag.py:4180} INFO - Setting next_dagrun for dataset_s3_bucket_consumer to None, run_after=None
[2025-06-12T10:49:55.055+0200] {logging_mixin.py:190} INFO - [2025-06-12T10:49:55.055+0200] {dag.py:4180} INFO - Setting next_dagrun for dataset_s3_bucket_producer to None, run_after=None
[2025-06-12T10:49:55.060+0200] {processor.py:208} INFO - Processing /Users/gordanaristova/MyProjects/MyRpaProject/venv/lib/python3.10/site-packages/airflow/example_dags/example_dataset_alias.py took 0.063 seconds
[2025-06-12T10:57:36.115+0200] {processor.py:186} INFO - Started process (PID=9470) to work on /Users/gordanaristova/MyProjects/MyRpaProject/venv/lib/python3.10/site-packages/airflow/example_dags/example_dataset_alias.py
[2025-06-12T10:57:36.117+0200] {processor.py:914} INFO - Processing file /Users/gordanaristova/MyProjects/MyRpaProject/venv/lib/python3.10/site-packages/airflow/example_dags/example_dataset_alias.py for tasks to queue
[2025-06-12T10:57:36.117+0200] {logging_mixin.py:190} INFO - [2025-06-12T10:57:36.117+0200] {dagbag.py:588} INFO - Filling up the DagBag from /Users/gordanaristova/MyProjects/MyRpaProject/venv/lib/python3.10/site-packages/airflow/example_dags/example_dataset_alias.py
[2025-06-12T10:57:36.165+0200] {processor.py:925} INFO - DAG(s) 'dataset_alias_example_alias_producer', 'dataset_alias_example_alias_consumer', 'dataset_s3_bucket_producer', 'dataset_s3_bucket_consumer' retrieved from /Users/gordanaristova/MyProjects/MyRpaProject/venv/lib/python3.10/site-packages/airflow/example_dags/example_dataset_alias.py
[2025-06-12T10:57:36.173+0200] {logging_mixin.py:190} INFO - [2025-06-12T10:57:36.173+0200] {dag.py:3239} INFO - Sync 4 DAGs
[2025-06-12T10:57:36.181+0200] {logging_mixin.py:190} INFO - [2025-06-12T10:57:36.181+0200] {dag.py:4180} INFO - Setting next_dagrun for dataset_alias_example_alias_consumer to None, run_after=None
[2025-06-12T10:57:36.182+0200] {logging_mixin.py:190} INFO - [2025-06-12T10:57:36.182+0200] {dag.py:4180} INFO - Setting next_dagrun for dataset_alias_example_alias_producer to None, run_after=None
[2025-06-12T10:57:36.182+0200] {logging_mixin.py:190} INFO - [2025-06-12T10:57:36.182+0200] {dag.py:4180} INFO - Setting next_dagrun for dataset_s3_bucket_consumer to None, run_after=None
[2025-06-12T10:57:36.183+0200] {logging_mixin.py:190} INFO - [2025-06-12T10:57:36.183+0200] {dag.py:4180} INFO - Setting next_dagrun for dataset_s3_bucket_producer to None, run_after=None
[2025-06-12T10:57:36.189+0200] {processor.py:208} INFO - Processing /Users/gordanaristova/MyProjects/MyRpaProject/venv/lib/python3.10/site-packages/airflow/example_dags/example_dataset_alias.py took 0.075 seconds
[2025-06-12T11:12:20.683+0200] {processor.py:186} INFO - Started process (PID=9792) to work on /Users/gordanaristova/MyProjects/MyRpaProject/venv/lib/python3.10/site-packages/airflow/example_dags/example_dataset_alias.py
[2025-06-12T11:12:20.684+0200] {processor.py:914} INFO - Processing file /Users/gordanaristova/MyProjects/MyRpaProject/venv/lib/python3.10/site-packages/airflow/example_dags/example_dataset_alias.py for tasks to queue
[2025-06-12T11:12:20.684+0200] {logging_mixin.py:190} INFO - [2025-06-12T11:12:20.684+0200] {dagbag.py:588} INFO - Filling up the DagBag from /Users/gordanaristova/MyProjects/MyRpaProject/venv/lib/python3.10/site-packages/airflow/example_dags/example_dataset_alias.py
[2025-06-12T11:12:20.728+0200] {processor.py:925} INFO - DAG(s) 'dataset_alias_example_alias_producer', 'dataset_alias_example_alias_consumer', 'dataset_s3_bucket_consumer', 'dataset_s3_bucket_producer' retrieved from /Users/gordanaristova/MyProjects/MyRpaProject/venv/lib/python3.10/site-packages/airflow/example_dags/example_dataset_alias.py
[2025-06-12T11:12:20.734+0200] {logging_mixin.py:190} INFO - [2025-06-12T11:12:20.734+0200] {dag.py:3239} INFO - Sync 4 DAGs
[2025-06-12T11:12:20.739+0200] {logging_mixin.py:190} INFO - [2025-06-12T11:12:20.739+0200] {dag.py:4180} INFO - Setting next_dagrun for dataset_alias_example_alias_consumer to None, run_after=None
[2025-06-12T11:12:20.740+0200] {logging_mixin.py:190} INFO - [2025-06-12T11:12:20.740+0200] {dag.py:4180} INFO - Setting next_dagrun for dataset_alias_example_alias_producer to None, run_after=None
[2025-06-12T11:12:20.740+0200] {logging_mixin.py:190} INFO - [2025-06-12T11:12:20.740+0200] {dag.py:4180} INFO - Setting next_dagrun for dataset_s3_bucket_consumer to None, run_after=None
[2025-06-12T11:12:20.740+0200] {logging_mixin.py:190} INFO - [2025-06-12T11:12:20.740+0200] {dag.py:4180} INFO - Setting next_dagrun for dataset_s3_bucket_producer to None, run_after=None
[2025-06-12T11:12:20.745+0200] {processor.py:208} INFO - Processing /Users/gordanaristova/MyProjects/MyRpaProject/venv/lib/python3.10/site-packages/airflow/example_dags/example_dataset_alias.py took 0.063 seconds
[2025-06-12T11:22:26.333+0200] {processor.py:186} INFO - Started process (PID=10078) to work on /Users/gordanaristova/MyProjects/MyRpaProject/venv/lib/python3.10/site-packages/airflow/example_dags/example_dataset_alias.py
[2025-06-12T11:22:26.334+0200] {processor.py:914} INFO - Processing file /Users/gordanaristova/MyProjects/MyRpaProject/venv/lib/python3.10/site-packages/airflow/example_dags/example_dataset_alias.py for tasks to queue
[2025-06-12T11:22:26.334+0200] {logging_mixin.py:190} INFO - [2025-06-12T11:22:26.334+0200] {dagbag.py:588} INFO - Filling up the DagBag from /Users/gordanaristova/MyProjects/MyRpaProject/venv/lib/python3.10/site-packages/airflow/example_dags/example_dataset_alias.py
[2025-06-12T11:22:26.378+0200] {processor.py:925} INFO - DAG(s) 'dataset_alias_example_alias_consumer', 'dataset_s3_bucket_consumer', 'dataset_alias_example_alias_producer', 'dataset_s3_bucket_producer' retrieved from /Users/gordanaristova/MyProjects/MyRpaProject/venv/lib/python3.10/site-packages/airflow/example_dags/example_dataset_alias.py
[2025-06-12T11:22:26.384+0200] {logging_mixin.py:190} INFO - [2025-06-12T11:22:26.384+0200] {dag.py:3239} INFO - Sync 4 DAGs
[2025-06-12T11:22:26.389+0200] {logging_mixin.py:190} INFO - [2025-06-12T11:22:26.389+0200] {dag.py:4180} INFO - Setting next_dagrun for dataset_alias_example_alias_consumer to None, run_after=None
[2025-06-12T11:22:26.390+0200] {logging_mixin.py:190} INFO - [2025-06-12T11:22:26.390+0200] {dag.py:4180} INFO - Setting next_dagrun for dataset_alias_example_alias_producer to None, run_after=None
[2025-06-12T11:22:26.390+0200] {logging_mixin.py:190} INFO - [2025-06-12T11:22:26.390+0200] {dag.py:4180} INFO - Setting next_dagrun for dataset_s3_bucket_consumer to None, run_after=None
[2025-06-12T11:22:26.390+0200] {logging_mixin.py:190} INFO - [2025-06-12T11:22:26.390+0200] {dag.py:4180} INFO - Setting next_dagrun for dataset_s3_bucket_producer to None, run_after=None
[2025-06-12T11:22:26.395+0200] {processor.py:208} INFO - Processing /Users/gordanaristova/MyProjects/MyRpaProject/venv/lib/python3.10/site-packages/airflow/example_dags/example_dataset_alias.py took 0.063 seconds
[2025-06-12T11:41:42.330+0200] {processor.py:186} INFO - Started process (PID=10446) to work on /Users/gordanaristova/MyProjects/MyRpaProject/venv/lib/python3.10/site-packages/airflow/example_dags/example_dataset_alias.py
[2025-06-12T11:41:42.330+0200] {processor.py:914} INFO - Processing file /Users/gordanaristova/MyProjects/MyRpaProject/venv/lib/python3.10/site-packages/airflow/example_dags/example_dataset_alias.py for tasks to queue
[2025-06-12T11:41:42.331+0200] {logging_mixin.py:190} INFO - [2025-06-12T11:41:42.331+0200] {dagbag.py:588} INFO - Filling up the DagBag from /Users/gordanaristova/MyProjects/MyRpaProject/venv/lib/python3.10/site-packages/airflow/example_dags/example_dataset_alias.py
[2025-06-12T11:41:42.376+0200] {processor.py:925} INFO - DAG(s) 'dataset_alias_example_alias_producer', 'dataset_s3_bucket_consumer', 'dataset_alias_example_alias_consumer', 'dataset_s3_bucket_producer' retrieved from /Users/gordanaristova/MyProjects/MyRpaProject/venv/lib/python3.10/site-packages/airflow/example_dags/example_dataset_alias.py
[2025-06-12T11:41:42.382+0200] {logging_mixin.py:190} INFO - [2025-06-12T11:41:42.382+0200] {dag.py:3239} INFO - Sync 4 DAGs
[2025-06-12T11:41:42.387+0200] {logging_mixin.py:190} INFO - [2025-06-12T11:41:42.387+0200] {dag.py:4180} INFO - Setting next_dagrun for dataset_alias_example_alias_consumer to None, run_after=None
[2025-06-12T11:41:42.387+0200] {logging_mixin.py:190} INFO - [2025-06-12T11:41:42.387+0200] {dag.py:4180} INFO - Setting next_dagrun for dataset_alias_example_alias_producer to None, run_after=None
[2025-06-12T11:41:42.388+0200] {logging_mixin.py:190} INFO - [2025-06-12T11:41:42.388+0200] {dag.py:4180} INFO - Setting next_dagrun for dataset_s3_bucket_consumer to None, run_after=None
[2025-06-12T11:41:42.388+0200] {logging_mixin.py:190} INFO - [2025-06-12T11:41:42.388+0200] {dag.py:4180} INFO - Setting next_dagrun for dataset_s3_bucket_producer to None, run_after=None
[2025-06-12T11:41:42.393+0200] {processor.py:208} INFO - Processing /Users/gordanaristova/MyProjects/MyRpaProject/venv/lib/python3.10/site-packages/airflow/example_dags/example_dataset_alias.py took 0.064 seconds
[2025-06-12T11:50:31.830+0200] {processor.py:186} INFO - Started process (PID=10671) to work on /Users/gordanaristova/MyProjects/MyRpaProject/venv/lib/python3.10/site-packages/airflow/example_dags/example_dataset_alias.py
[2025-06-12T11:50:31.830+0200] {processor.py:914} INFO - Processing file /Users/gordanaristova/MyProjects/MyRpaProject/venv/lib/python3.10/site-packages/airflow/example_dags/example_dataset_alias.py for tasks to queue
[2025-06-12T11:50:31.830+0200] {logging_mixin.py:190} INFO - [2025-06-12T11:50:31.830+0200] {dagbag.py:588} INFO - Filling up the DagBag from /Users/gordanaristova/MyProjects/MyRpaProject/venv/lib/python3.10/site-packages/airflow/example_dags/example_dataset_alias.py
[2025-06-12T11:50:31.874+0200] {processor.py:925} INFO - DAG(s) 'dataset_alias_example_alias_consumer', 'dataset_s3_bucket_producer', 'dataset_s3_bucket_consumer', 'dataset_alias_example_alias_producer' retrieved from /Users/gordanaristova/MyProjects/MyRpaProject/venv/lib/python3.10/site-packages/airflow/example_dags/example_dataset_alias.py
[2025-06-12T11:50:31.881+0200] {logging_mixin.py:190} INFO - [2025-06-12T11:50:31.881+0200] {dag.py:3239} INFO - Sync 4 DAGs
[2025-06-12T11:50:31.886+0200] {logging_mixin.py:190} INFO - [2025-06-12T11:50:31.885+0200] {dag.py:4180} INFO - Setting next_dagrun for dataset_alias_example_alias_consumer to None, run_after=None
[2025-06-12T11:50:31.886+0200] {logging_mixin.py:190} INFO - [2025-06-12T11:50:31.886+0200] {dag.py:4180} INFO - Setting next_dagrun for dataset_alias_example_alias_producer to None, run_after=None
[2025-06-12T11:50:31.887+0200] {logging_mixin.py:190} INFO - [2025-06-12T11:50:31.887+0200] {dag.py:4180} INFO - Setting next_dagrun for dataset_s3_bucket_consumer to None, run_after=None
[2025-06-12T11:50:31.887+0200] {logging_mixin.py:190} INFO - [2025-06-12T11:50:31.887+0200] {dag.py:4180} INFO - Setting next_dagrun for dataset_s3_bucket_producer to None, run_after=None
[2025-06-12T11:50:31.892+0200] {processor.py:208} INFO - Processing /Users/gordanaristova/MyProjects/MyRpaProject/venv/lib/python3.10/site-packages/airflow/example_dags/example_dataset_alias.py took 0.063 seconds
[2025-06-12T11:52:19.372+0200] {processor.py:186} INFO - Started process (PID=10795) to work on /Users/gordanaristova/MyProjects/MyRpaProject/venv/lib/python3.10/site-packages/airflow/example_dags/example_dataset_alias.py
[2025-06-12T11:52:19.373+0200] {processor.py:914} INFO - Processing file /Users/gordanaristova/MyProjects/MyRpaProject/venv/lib/python3.10/site-packages/airflow/example_dags/example_dataset_alias.py for tasks to queue
[2025-06-12T11:52:19.373+0200] {logging_mixin.py:190} INFO - [2025-06-12T11:52:19.373+0200] {dagbag.py:588} INFO - Filling up the DagBag from /Users/gordanaristova/MyProjects/MyRpaProject/venv/lib/python3.10/site-packages/airflow/example_dags/example_dataset_alias.py
[2025-06-12T11:52:19.418+0200] {processor.py:925} INFO - DAG(s) 'dataset_s3_bucket_consumer', 'dataset_alias_example_alias_producer', 'dataset_alias_example_alias_consumer', 'dataset_s3_bucket_producer' retrieved from /Users/gordanaristova/MyProjects/MyRpaProject/venv/lib/python3.10/site-packages/airflow/example_dags/example_dataset_alias.py
[2025-06-12T11:52:19.424+0200] {logging_mixin.py:190} INFO - [2025-06-12T11:52:19.424+0200] {dag.py:3239} INFO - Sync 4 DAGs
[2025-06-12T11:52:19.429+0200] {logging_mixin.py:190} INFO - [2025-06-12T11:52:19.429+0200] {dag.py:4180} INFO - Setting next_dagrun for dataset_alias_example_alias_consumer to None, run_after=None
[2025-06-12T11:52:19.429+0200] {logging_mixin.py:190} INFO - [2025-06-12T11:52:19.429+0200] {dag.py:4180} INFO - Setting next_dagrun for dataset_alias_example_alias_producer to None, run_after=None
[2025-06-12T11:52:19.430+0200] {logging_mixin.py:190} INFO - [2025-06-12T11:52:19.430+0200] {dag.py:4180} INFO - Setting next_dagrun for dataset_s3_bucket_consumer to None, run_after=None
[2025-06-12T11:52:19.430+0200] {logging_mixin.py:190} INFO - [2025-06-12T11:52:19.430+0200] {dag.py:4180} INFO - Setting next_dagrun for dataset_s3_bucket_producer to None, run_after=None
[2025-06-12T11:52:19.435+0200] {processor.py:208} INFO - Processing /Users/gordanaristova/MyProjects/MyRpaProject/venv/lib/python3.10/site-packages/airflow/example_dags/example_dataset_alias.py took 0.064 seconds
[2025-06-12T11:54:08.994+0200] {processor.py:186} INFO - Started process (PID=10878) to work on /Users/gordanaristova/MyProjects/MyRpaProject/venv/lib/python3.10/site-packages/airflow/example_dags/example_dataset_alias.py
[2025-06-12T11:54:08.994+0200] {processor.py:914} INFO - Processing file /Users/gordanaristova/MyProjects/MyRpaProject/venv/lib/python3.10/site-packages/airflow/example_dags/example_dataset_alias.py for tasks to queue
[2025-06-12T11:54:08.995+0200] {logging_mixin.py:190} INFO - [2025-06-12T11:54:08.994+0200] {dagbag.py:588} INFO - Filling up the DagBag from /Users/gordanaristova/MyProjects/MyRpaProject/venv/lib/python3.10/site-packages/airflow/example_dags/example_dataset_alias.py
[2025-06-12T11:54:09.039+0200] {processor.py:925} INFO - DAG(s) 'dataset_alias_example_alias_consumer', 'dataset_s3_bucket_producer', 'dataset_s3_bucket_consumer', 'dataset_alias_example_alias_producer' retrieved from /Users/gordanaristova/MyProjects/MyRpaProject/venv/lib/python3.10/site-packages/airflow/example_dags/example_dataset_alias.py
[2025-06-12T11:54:09.045+0200] {logging_mixin.py:190} INFO - [2025-06-12T11:54:09.045+0200] {dag.py:3239} INFO - Sync 4 DAGs
[2025-06-12T11:54:09.050+0200] {logging_mixin.py:190} INFO - [2025-06-12T11:54:09.049+0200] {dag.py:4180} INFO - Setting next_dagrun for dataset_alias_example_alias_consumer to None, run_after=None
[2025-06-12T11:54:09.050+0200] {logging_mixin.py:190} INFO - [2025-06-12T11:54:09.050+0200] {dag.py:4180} INFO - Setting next_dagrun for dataset_alias_example_alias_producer to None, run_after=None
[2025-06-12T11:54:09.050+0200] {logging_mixin.py:190} INFO - [2025-06-12T11:54:09.050+0200] {dag.py:4180} INFO - Setting next_dagrun for dataset_s3_bucket_consumer to None, run_after=None
[2025-06-12T11:54:09.051+0200] {logging_mixin.py:190} INFO - [2025-06-12T11:54:09.051+0200] {dag.py:4180} INFO - Setting next_dagrun for dataset_s3_bucket_producer to None, run_after=None
[2025-06-12T11:54:09.056+0200] {processor.py:208} INFO - Processing /Users/gordanaristova/MyProjects/MyRpaProject/venv/lib/python3.10/site-packages/airflow/example_dags/example_dataset_alias.py took 0.063 seconds
[2025-06-12T11:55:55.708+0200] {processor.py:186} INFO - Started process (PID=10987) to work on /Users/gordanaristova/MyProjects/MyRpaProject/venv/lib/python3.10/site-packages/airflow/example_dags/example_dataset_alias.py
[2025-06-12T11:55:55.708+0200] {processor.py:914} INFO - Processing file /Users/gordanaristova/MyProjects/MyRpaProject/venv/lib/python3.10/site-packages/airflow/example_dags/example_dataset_alias.py for tasks to queue
[2025-06-12T11:55:55.709+0200] {logging_mixin.py:190} INFO - [2025-06-12T11:55:55.709+0200] {dagbag.py:588} INFO - Filling up the DagBag from /Users/gordanaristova/MyProjects/MyRpaProject/venv/lib/python3.10/site-packages/airflow/example_dags/example_dataset_alias.py
[2025-06-12T11:55:55.753+0200] {processor.py:925} INFO - DAG(s) 'dataset_s3_bucket_consumer', 'dataset_alias_example_alias_consumer', 'dataset_alias_example_alias_producer', 'dataset_s3_bucket_producer' retrieved from /Users/gordanaristova/MyProjects/MyRpaProject/venv/lib/python3.10/site-packages/airflow/example_dags/example_dataset_alias.py
[2025-06-12T11:55:55.759+0200] {logging_mixin.py:190} INFO - [2025-06-12T11:55:55.759+0200] {dag.py:3239} INFO - Sync 4 DAGs
[2025-06-12T11:55:55.764+0200] {logging_mixin.py:190} INFO - [2025-06-12T11:55:55.764+0200] {dag.py:4180} INFO - Setting next_dagrun for dataset_alias_example_alias_consumer to None, run_after=None
[2025-06-12T11:55:55.765+0200] {logging_mixin.py:190} INFO - [2025-06-12T11:55:55.765+0200] {dag.py:4180} INFO - Setting next_dagrun for dataset_alias_example_alias_producer to None, run_after=None
[2025-06-12T11:55:55.765+0200] {logging_mixin.py:190} INFO - [2025-06-12T11:55:55.765+0200] {dag.py:4180} INFO - Setting next_dagrun for dataset_s3_bucket_consumer to None, run_after=None
[2025-06-12T11:55:55.765+0200] {logging_mixin.py:190} INFO - [2025-06-12T11:55:55.765+0200] {dag.py:4180} INFO - Setting next_dagrun for dataset_s3_bucket_producer to None, run_after=None
[2025-06-12T11:55:55.771+0200] {processor.py:208} INFO - Processing /Users/gordanaristova/MyProjects/MyRpaProject/venv/lib/python3.10/site-packages/airflow/example_dags/example_dataset_alias.py took 0.064 seconds
[2025-06-12T13:15:19.582+0200] {processor.py:186} INFO - Started process (PID=13042) to work on /Users/gordanaristova/MyProjects/MyRpaProject/venv/lib/python3.10/site-packages/airflow/example_dags/example_dataset_alias.py
[2025-06-12T13:15:19.583+0200] {processor.py:914} INFO - Processing file /Users/gordanaristova/MyProjects/MyRpaProject/venv/lib/python3.10/site-packages/airflow/example_dags/example_dataset_alias.py for tasks to queue
[2025-06-12T13:15:19.583+0200] {logging_mixin.py:190} INFO - [2025-06-12T13:15:19.583+0200] {dagbag.py:588} INFO - Filling up the DagBag from /Users/gordanaristova/MyProjects/MyRpaProject/venv/lib/python3.10/site-packages/airflow/example_dags/example_dataset_alias.py
[2025-06-12T13:15:19.630+0200] {processor.py:925} INFO - DAG(s) 'dataset_s3_bucket_consumer', 'dataset_s3_bucket_producer', 'dataset_alias_example_alias_producer', 'dataset_alias_example_alias_consumer' retrieved from /Users/gordanaristova/MyProjects/MyRpaProject/venv/lib/python3.10/site-packages/airflow/example_dags/example_dataset_alias.py
[2025-06-12T13:15:19.636+0200] {logging_mixin.py:190} INFO - [2025-06-12T13:15:19.636+0200] {dag.py:3239} INFO - Sync 4 DAGs
[2025-06-12T13:15:19.641+0200] {logging_mixin.py:190} INFO - [2025-06-12T13:15:19.641+0200] {dag.py:4180} INFO - Setting next_dagrun for dataset_alias_example_alias_consumer to None, run_after=None
[2025-06-12T13:15:19.642+0200] {logging_mixin.py:190} INFO - [2025-06-12T13:15:19.642+0200] {dag.py:4180} INFO - Setting next_dagrun for dataset_alias_example_alias_producer to None, run_after=None
[2025-06-12T13:15:19.642+0200] {logging_mixin.py:190} INFO - [2025-06-12T13:15:19.642+0200] {dag.py:4180} INFO - Setting next_dagrun for dataset_s3_bucket_consumer to None, run_after=None
[2025-06-12T13:15:19.643+0200] {logging_mixin.py:190} INFO - [2025-06-12T13:15:19.643+0200] {dag.py:4180} INFO - Setting next_dagrun for dataset_s3_bucket_producer to None, run_after=None
[2025-06-12T13:15:19.648+0200] {processor.py:208} INFO - Processing /Users/gordanaristova/MyProjects/MyRpaProject/venv/lib/python3.10/site-packages/airflow/example_dags/example_dataset_alias.py took 0.067 seconds
