[2025-06-12T10:36:46.912+0200] {processor.py:186} INFO - Started process (PID=8423) to work on /Users/gordanaristova/MyProjects/MyRpaProject/venv/lib/python3.10/site-packages/airflow/example_dags/example_skip_dag.py
[2025-06-12T10:36:46.912+0200] {processor.py:914} INFO - Processing file /Users/gordanaristova/MyProjects/MyRpaProject/venv/lib/python3.10/site-packages/airflow/example_dags/example_skip_dag.py for tasks to queue
[2025-06-12T10:36:46.913+0200] {logging_mixin.py:190} INFO - [2025-06-12T10:36:46.913+0200] {dagbag.py:588} INFO - Filling up the DagBag from /Users/gordanaristova/MyProjects/MyRpaProject/venv/lib/python3.10/site-packages/airflow/example_dags/example_skip_dag.py
[2025-06-12T10:36:46.915+0200] {processor.py:925} INFO - DAG(s) 'example_skip_dag' retrieved from /Users/gordanaristova/MyProjects/MyRpaProject/venv/lib/python3.10/site-packages/airflow/example_dags/example_skip_dag.py
[2025-06-12T10:36:46.962+0200] {logging_mixin.py:190} INFO - [2025-06-12T10:36:46.962+0200] {override.py:1900} INFO - Created Permission View: can delete on DAG:example_skip_dag
[2025-06-12T10:36:46.964+0200] {logging_mixin.py:190} INFO - [2025-06-12T10:36:46.964+0200] {override.py:1900} INFO - Created Permission View: can edit on DAG:example_skip_dag
[2025-06-12T10:36:46.966+0200] {logging_mixin.py:190} INFO - [2025-06-12T10:36:46.966+0200] {override.py:1900} INFO - Created Permission View: can read on DAG:example_skip_dag
[2025-06-12T10:36:46.967+0200] {logging_mixin.py:190} INFO - [2025-06-12T10:36:46.967+0200] {override.py:1900} INFO - Created Permission View: menu access on DAG Run:example_skip_dag
[2025-06-12T10:36:46.969+0200] {logging_mixin.py:190} INFO - [2025-06-12T10:36:46.969+0200] {override.py:1900} INFO - Created Permission View: can delete on DAG Run:example_skip_dag
[2025-06-12T10:36:46.970+0200] {logging_mixin.py:190} INFO - [2025-06-12T10:36:46.970+0200] {override.py:1900} INFO - Created Permission View: can read on DAG Run:example_skip_dag
[2025-06-12T10:36:46.972+0200] {logging_mixin.py:190} INFO - [2025-06-12T10:36:46.972+0200] {override.py:1900} INFO - Created Permission View: can create on DAG Run:example_skip_dag
[2025-06-12T10:36:46.972+0200] {logging_mixin.py:190} INFO - [2025-06-12T10:36:46.972+0200] {dag.py:3239} INFO - Sync 1 DAGs
[2025-06-12T10:36:46.975+0200] {logging_mixin.py:190} INFO - [2025-06-12T10:36:46.975+0200] {dag.py:3262} INFO - Creating ORM DAG for example_skip_dag
[2025-06-12T10:36:46.977+0200] {logging_mixin.py:190} INFO - [2025-06-12T10:36:46.977+0200] {dag.py:4180} INFO - Setting next_dagrun for example_skip_dag to 2025-06-11 00:00:00+00:00, run_after=2025-06-12 00:00:00+00:00
[2025-06-12T10:36:46.981+0200] {processor.py:208} INFO - Processing /Users/gordanaristova/MyProjects/MyRpaProject/venv/lib/python3.10/site-packages/airflow/example_dags/example_skip_dag.py took 0.070 seconds
[2025-06-12T10:38:13.538+0200] {processor.py:186} INFO - Started process (PID=8503) to work on /Users/gordanaristova/MyProjects/MyRpaProject/venv/lib/python3.10/site-packages/airflow/example_dags/example_skip_dag.py
[2025-06-12T10:38:13.539+0200] {processor.py:914} INFO - Processing file /Users/gordanaristova/MyProjects/MyRpaProject/venv/lib/python3.10/site-packages/airflow/example_dags/example_skip_dag.py for tasks to queue
[2025-06-12T10:38:13.539+0200] {logging_mixin.py:190} INFO - [2025-06-12T10:38:13.539+0200] {dagbag.py:588} INFO - Filling up the DagBag from /Users/gordanaristova/MyProjects/MyRpaProject/venv/lib/python3.10/site-packages/airflow/example_dags/example_skip_dag.py
[2025-06-12T10:38:13.542+0200] {processor.py:925} INFO - DAG(s) 'example_skip_dag' retrieved from /Users/gordanaristova/MyProjects/MyRpaProject/venv/lib/python3.10/site-packages/airflow/example_dags/example_skip_dag.py
[2025-06-12T10:38:13.570+0200] {logging_mixin.py:190} INFO - [2025-06-12T10:38:13.570+0200] {dag.py:3239} INFO - Sync 1 DAGs
[2025-06-12T10:38:13.575+0200] {logging_mixin.py:190} INFO - [2025-06-12T10:38:13.575+0200] {dag.py:4180} INFO - Setting next_dagrun for example_skip_dag to 2025-06-11 00:00:00+00:00, run_after=2025-06-12 00:00:00+00:00
[2025-06-12T10:38:13.579+0200] {processor.py:208} INFO - Processing /Users/gordanaristova/MyProjects/MyRpaProject/venv/lib/python3.10/site-packages/airflow/example_dags/example_skip_dag.py took 0.042 seconds
[2025-06-12T10:39:56.968+0200] {processor.py:186} INFO - Started process (PID=8584) to work on /Users/gordanaristova/MyProjects/MyRpaProject/venv/lib/python3.10/site-packages/airflow/example_dags/example_skip_dag.py
[2025-06-12T10:39:56.969+0200] {processor.py:914} INFO - Processing file /Users/gordanaristova/MyProjects/MyRpaProject/venv/lib/python3.10/site-packages/airflow/example_dags/example_skip_dag.py for tasks to queue
[2025-06-12T10:39:56.969+0200] {logging_mixin.py:190} INFO - [2025-06-12T10:39:56.969+0200] {dagbag.py:588} INFO - Filling up the DagBag from /Users/gordanaristova/MyProjects/MyRpaProject/venv/lib/python3.10/site-packages/airflow/example_dags/example_skip_dag.py
[2025-06-12T10:39:56.972+0200] {processor.py:925} INFO - DAG(s) 'example_skip_dag' retrieved from /Users/gordanaristova/MyProjects/MyRpaProject/venv/lib/python3.10/site-packages/airflow/example_dags/example_skip_dag.py
[2025-06-12T10:39:57.002+0200] {logging_mixin.py:190} INFO - [2025-06-12T10:39:57.002+0200] {dag.py:3239} INFO - Sync 1 DAGs
[2025-06-12T10:39:57.007+0200] {logging_mixin.py:190} INFO - [2025-06-12T10:39:57.007+0200] {dag.py:4180} INFO - Setting next_dagrun for example_skip_dag to 2025-06-11 00:00:00+00:00, run_after=2025-06-12 00:00:00+00:00
[2025-06-12T10:39:57.012+0200] {processor.py:208} INFO - Processing /Users/gordanaristova/MyProjects/MyRpaProject/venv/lib/python3.10/site-packages/airflow/example_dags/example_skip_dag.py took 0.045 seconds
[2025-06-12T10:41:42.141+0200] {processor.py:186} INFO - Started process (PID=8675) to work on /Users/gordanaristova/MyProjects/MyRpaProject/venv/lib/python3.10/site-packages/airflow/example_dags/example_skip_dag.py
[2025-06-12T10:41:42.142+0200] {processor.py:914} INFO - Processing file /Users/gordanaristova/MyProjects/MyRpaProject/venv/lib/python3.10/site-packages/airflow/example_dags/example_skip_dag.py for tasks to queue
[2025-06-12T10:41:42.142+0200] {logging_mixin.py:190} INFO - [2025-06-12T10:41:42.142+0200] {dagbag.py:588} INFO - Filling up the DagBag from /Users/gordanaristova/MyProjects/MyRpaProject/venv/lib/python3.10/site-packages/airflow/example_dags/example_skip_dag.py
[2025-06-12T10:41:42.144+0200] {processor.py:925} INFO - DAG(s) 'example_skip_dag' retrieved from /Users/gordanaristova/MyProjects/MyRpaProject/venv/lib/python3.10/site-packages/airflow/example_dags/example_skip_dag.py
[2025-06-12T10:41:42.174+0200] {logging_mixin.py:190} INFO - [2025-06-12T10:41:42.174+0200] {dag.py:3239} INFO - Sync 1 DAGs
[2025-06-12T10:41:42.179+0200] {logging_mixin.py:190} INFO - [2025-06-12T10:41:42.179+0200] {dag.py:4180} INFO - Setting next_dagrun for example_skip_dag to 2025-06-11 00:00:00+00:00, run_after=2025-06-12 00:00:00+00:00
[2025-06-12T10:41:42.184+0200] {processor.py:208} INFO - Processing /Users/gordanaristova/MyProjects/MyRpaProject/venv/lib/python3.10/site-packages/airflow/example_dags/example_skip_dag.py took 0.043 seconds
[2025-06-12T10:43:28.167+0200] {processor.py:186} INFO - Started process (PID=8777) to work on /Users/gordanaristova/MyProjects/MyRpaProject/venv/lib/python3.10/site-packages/airflow/example_dags/example_skip_dag.py
[2025-06-12T10:43:28.167+0200] {processor.py:914} INFO - Processing file /Users/gordanaristova/MyProjects/MyRpaProject/venv/lib/python3.10/site-packages/airflow/example_dags/example_skip_dag.py for tasks to queue
[2025-06-12T10:43:28.167+0200] {logging_mixin.py:190} INFO - [2025-06-12T10:43:28.167+0200] {dagbag.py:588} INFO - Filling up the DagBag from /Users/gordanaristova/MyProjects/MyRpaProject/venv/lib/python3.10/site-packages/airflow/example_dags/example_skip_dag.py
[2025-06-12T10:43:28.170+0200] {processor.py:925} INFO - DAG(s) 'example_skip_dag' retrieved from /Users/gordanaristova/MyProjects/MyRpaProject/venv/lib/python3.10/site-packages/airflow/example_dags/example_skip_dag.py
[2025-06-12T10:43:28.199+0200] {logging_mixin.py:190} INFO - [2025-06-12T10:43:28.199+0200] {dag.py:3239} INFO - Sync 1 DAGs
[2025-06-12T10:43:28.204+0200] {logging_mixin.py:190} INFO - [2025-06-12T10:43:28.204+0200] {dag.py:4180} INFO - Setting next_dagrun for example_skip_dag to 2025-06-11 00:00:00+00:00, run_after=2025-06-12 00:00:00+00:00
[2025-06-12T10:43:28.209+0200] {processor.py:208} INFO - Processing /Users/gordanaristova/MyProjects/MyRpaProject/venv/lib/python3.10/site-packages/airflow/example_dags/example_skip_dag.py took 0.043 seconds
[2025-06-12T10:45:15.265+0200] {processor.py:186} INFO - Started process (PID=8908) to work on /Users/gordanaristova/MyProjects/MyRpaProject/venv/lib/python3.10/site-packages/airflow/example_dags/example_skip_dag.py
[2025-06-12T10:45:15.266+0200] {processor.py:914} INFO - Processing file /Users/gordanaristova/MyProjects/MyRpaProject/venv/lib/python3.10/site-packages/airflow/example_dags/example_skip_dag.py for tasks to queue
[2025-06-12T10:45:15.266+0200] {logging_mixin.py:190} INFO - [2025-06-12T10:45:15.266+0200] {dagbag.py:588} INFO - Filling up the DagBag from /Users/gordanaristova/MyProjects/MyRpaProject/venv/lib/python3.10/site-packages/airflow/example_dags/example_skip_dag.py
[2025-06-12T10:45:15.268+0200] {processor.py:925} INFO - DAG(s) 'example_skip_dag' retrieved from /Users/gordanaristova/MyProjects/MyRpaProject/venv/lib/python3.10/site-packages/airflow/example_dags/example_skip_dag.py
[2025-06-12T10:45:15.298+0200] {logging_mixin.py:190} INFO - [2025-06-12T10:45:15.298+0200] {dag.py:3239} INFO - Sync 1 DAGs
[2025-06-12T10:45:15.303+0200] {logging_mixin.py:190} INFO - [2025-06-12T10:45:15.303+0200] {dag.py:4180} INFO - Setting next_dagrun for example_skip_dag to 2025-06-11 00:00:00+00:00, run_after=2025-06-12 00:00:00+00:00
[2025-06-12T10:45:15.308+0200] {processor.py:208} INFO - Processing /Users/gordanaristova/MyProjects/MyRpaProject/venv/lib/python3.10/site-packages/airflow/example_dags/example_skip_dag.py took 0.044 seconds
[2025-06-12T10:46:58.710+0200] {processor.py:186} INFO - Started process (PID=9025) to work on /Users/gordanaristova/MyProjects/MyRpaProject/venv/lib/python3.10/site-packages/airflow/example_dags/example_skip_dag.py
[2025-06-12T10:46:58.711+0200] {processor.py:914} INFO - Processing file /Users/gordanaristova/MyProjects/MyRpaProject/venv/lib/python3.10/site-packages/airflow/example_dags/example_skip_dag.py for tasks to queue
[2025-06-12T10:46:58.712+0200] {logging_mixin.py:190} INFO - [2025-06-12T10:46:58.712+0200] {dagbag.py:588} INFO - Filling up the DagBag from /Users/gordanaristova/MyProjects/MyRpaProject/venv/lib/python3.10/site-packages/airflow/example_dags/example_skip_dag.py
[2025-06-12T10:46:58.714+0200] {processor.py:925} INFO - DAG(s) 'example_skip_dag' retrieved from /Users/gordanaristova/MyProjects/MyRpaProject/venv/lib/python3.10/site-packages/airflow/example_dags/example_skip_dag.py
[2025-06-12T10:46:58.745+0200] {logging_mixin.py:190} INFO - [2025-06-12T10:46:58.745+0200] {dag.py:3239} INFO - Sync 1 DAGs
[2025-06-12T10:46:58.752+0200] {logging_mixin.py:190} INFO - [2025-06-12T10:46:58.752+0200] {dag.py:4180} INFO - Setting next_dagrun for example_skip_dag to 2025-06-11 00:00:00+00:00, run_after=2025-06-12 00:00:00+00:00
[2025-06-12T10:46:58.758+0200] {processor.py:208} INFO - Processing /Users/gordanaristova/MyProjects/MyRpaProject/venv/lib/python3.10/site-packages/airflow/example_dags/example_skip_dag.py took 0.048 seconds
[2025-06-12T10:48:53.470+0200] {processor.py:186} INFO - Started process (PID=9172) to work on /Users/gordanaristova/MyProjects/MyRpaProject/venv/lib/python3.10/site-packages/airflow/example_dags/example_skip_dag.py
[2025-06-12T10:48:53.472+0200] {processor.py:914} INFO - Processing file /Users/gordanaristova/MyProjects/MyRpaProject/venv/lib/python3.10/site-packages/airflow/example_dags/example_skip_dag.py for tasks to queue
[2025-06-12T10:48:53.472+0200] {logging_mixin.py:190} INFO - [2025-06-12T10:48:53.472+0200] {dagbag.py:588} INFO - Filling up the DagBag from /Users/gordanaristova/MyProjects/MyRpaProject/venv/lib/python3.10/site-packages/airflow/example_dags/example_skip_dag.py
[2025-06-12T10:48:53.474+0200] {processor.py:925} INFO - DAG(s) 'example_skip_dag' retrieved from /Users/gordanaristova/MyProjects/MyRpaProject/venv/lib/python3.10/site-packages/airflow/example_dags/example_skip_dag.py
[2025-06-12T10:48:53.502+0200] {logging_mixin.py:190} INFO - [2025-06-12T10:48:53.502+0200] {dag.py:3239} INFO - Sync 1 DAGs
[2025-06-12T10:48:53.507+0200] {logging_mixin.py:190} INFO - [2025-06-12T10:48:53.507+0200] {dag.py:4180} INFO - Setting next_dagrun for example_skip_dag to 2025-06-11 00:00:00+00:00, run_after=2025-06-12 00:00:00+00:00
[2025-06-12T10:48:53.512+0200] {processor.py:208} INFO - Processing /Users/gordanaristova/MyProjects/MyRpaProject/venv/lib/python3.10/site-packages/airflow/example_dags/example_skip_dag.py took 0.042 seconds
[2025-06-12T10:56:59.490+0200] {processor.py:186} INFO - Started process (PID=9433) to work on /Users/gordanaristova/MyProjects/MyRpaProject/venv/lib/python3.10/site-packages/airflow/example_dags/example_skip_dag.py
[2025-06-12T10:56:59.491+0200] {processor.py:914} INFO - Processing file /Users/gordanaristova/MyProjects/MyRpaProject/venv/lib/python3.10/site-packages/airflow/example_dags/example_skip_dag.py for tasks to queue
[2025-06-12T10:56:59.491+0200] {logging_mixin.py:190} INFO - [2025-06-12T10:56:59.491+0200] {dagbag.py:588} INFO - Filling up the DagBag from /Users/gordanaristova/MyProjects/MyRpaProject/venv/lib/python3.10/site-packages/airflow/example_dags/example_skip_dag.py
[2025-06-12T10:56:59.493+0200] {processor.py:925} INFO - DAG(s) 'example_skip_dag' retrieved from /Users/gordanaristova/MyProjects/MyRpaProject/venv/lib/python3.10/site-packages/airflow/example_dags/example_skip_dag.py
[2025-06-12T10:56:59.521+0200] {logging_mixin.py:190} INFO - [2025-06-12T10:56:59.521+0200] {dag.py:3239} INFO - Sync 1 DAGs
[2025-06-12T10:56:59.526+0200] {logging_mixin.py:190} INFO - [2025-06-12T10:56:59.526+0200] {dag.py:4180} INFO - Setting next_dagrun for example_skip_dag to 2025-06-11 00:00:00+00:00, run_after=2025-06-12 00:00:00+00:00
[2025-06-12T10:56:59.531+0200] {processor.py:208} INFO - Processing /Users/gordanaristova/MyProjects/MyRpaProject/venv/lib/python3.10/site-packages/airflow/example_dags/example_skip_dag.py took 0.042 seconds
[2025-06-12T10:58:25.736+0200] {processor.py:186} INFO - Started process (PID=9530) to work on /Users/gordanaristova/MyProjects/MyRpaProject/venv/lib/python3.10/site-packages/airflow/example_dags/example_skip_dag.py
[2025-06-12T10:58:25.737+0200] {processor.py:914} INFO - Processing file /Users/gordanaristova/MyProjects/MyRpaProject/venv/lib/python3.10/site-packages/airflow/example_dags/example_skip_dag.py for tasks to queue
[2025-06-12T10:58:25.737+0200] {logging_mixin.py:190} INFO - [2025-06-12T10:58:25.737+0200] {dagbag.py:588} INFO - Filling up the DagBag from /Users/gordanaristova/MyProjects/MyRpaProject/venv/lib/python3.10/site-packages/airflow/example_dags/example_skip_dag.py
[2025-06-12T10:58:25.739+0200] {processor.py:925} INFO - DAG(s) 'example_skip_dag' retrieved from /Users/gordanaristova/MyProjects/MyRpaProject/venv/lib/python3.10/site-packages/airflow/example_dags/example_skip_dag.py
[2025-06-12T10:58:25.768+0200] {logging_mixin.py:190} INFO - [2025-06-12T10:58:25.768+0200] {dag.py:3239} INFO - Sync 1 DAGs
[2025-06-12T10:58:25.773+0200] {logging_mixin.py:190} INFO - [2025-06-12T10:58:25.773+0200] {dag.py:4180} INFO - Setting next_dagrun for example_skip_dag to 2025-06-11 00:00:00+00:00, run_after=2025-06-12 00:00:00+00:00
[2025-06-12T10:58:25.777+0200] {processor.py:208} INFO - Processing /Users/gordanaristova/MyProjects/MyRpaProject/venv/lib/python3.10/site-packages/airflow/example_dags/example_skip_dag.py took 0.042 seconds
[2025-06-12T11:11:43.946+0200] {processor.py:186} INFO - Started process (PID=9753) to work on /Users/gordanaristova/MyProjects/MyRpaProject/venv/lib/python3.10/site-packages/airflow/example_dags/example_skip_dag.py
[2025-06-12T11:11:43.947+0200] {processor.py:914} INFO - Processing file /Users/gordanaristova/MyProjects/MyRpaProject/venv/lib/python3.10/site-packages/airflow/example_dags/example_skip_dag.py for tasks to queue
[2025-06-12T11:11:43.947+0200] {logging_mixin.py:190} INFO - [2025-06-12T11:11:43.947+0200] {dagbag.py:588} INFO - Filling up the DagBag from /Users/gordanaristova/MyProjects/MyRpaProject/venv/lib/python3.10/site-packages/airflow/example_dags/example_skip_dag.py
[2025-06-12T11:11:43.949+0200] {processor.py:925} INFO - DAG(s) 'example_skip_dag' retrieved from /Users/gordanaristova/MyProjects/MyRpaProject/venv/lib/python3.10/site-packages/airflow/example_dags/example_skip_dag.py
[2025-06-12T11:11:43.977+0200] {logging_mixin.py:190} INFO - [2025-06-12T11:11:43.977+0200] {dag.py:3239} INFO - Sync 1 DAGs
[2025-06-12T11:11:43.982+0200] {logging_mixin.py:190} INFO - [2025-06-12T11:11:43.982+0200] {dag.py:4180} INFO - Setting next_dagrun for example_skip_dag to 2025-06-11 00:00:00+00:00, run_after=2025-06-12 00:00:00+00:00
[2025-06-12T11:11:43.986+0200] {processor.py:208} INFO - Processing /Users/gordanaristova/MyProjects/MyRpaProject/venv/lib/python3.10/site-packages/airflow/example_dags/example_skip_dag.py took 0.042 seconds
[2025-06-12T11:13:11.726+0200] {processor.py:186} INFO - Started process (PID=9846) to work on /Users/gordanaristova/MyProjects/MyRpaProject/venv/lib/python3.10/site-packages/airflow/example_dags/example_skip_dag.py
[2025-06-12T11:13:11.726+0200] {processor.py:914} INFO - Processing file /Users/gordanaristova/MyProjects/MyRpaProject/venv/lib/python3.10/site-packages/airflow/example_dags/example_skip_dag.py for tasks to queue
[2025-06-12T11:13:11.726+0200] {logging_mixin.py:190} INFO - [2025-06-12T11:13:11.726+0200] {dagbag.py:588} INFO - Filling up the DagBag from /Users/gordanaristova/MyProjects/MyRpaProject/venv/lib/python3.10/site-packages/airflow/example_dags/example_skip_dag.py
[2025-06-12T11:13:11.728+0200] {processor.py:925} INFO - DAG(s) 'example_skip_dag' retrieved from /Users/gordanaristova/MyProjects/MyRpaProject/venv/lib/python3.10/site-packages/airflow/example_dags/example_skip_dag.py
[2025-06-12T11:13:11.757+0200] {logging_mixin.py:190} INFO - [2025-06-12T11:13:11.756+0200] {dag.py:3239} INFO - Sync 1 DAGs
[2025-06-12T11:13:11.761+0200] {logging_mixin.py:190} INFO - [2025-06-12T11:13:11.761+0200] {dag.py:4180} INFO - Setting next_dagrun for example_skip_dag to 2025-06-11 00:00:00+00:00, run_after=2025-06-12 00:00:00+00:00
[2025-06-12T11:13:11.766+0200] {processor.py:208} INFO - Processing /Users/gordanaristova/MyProjects/MyRpaProject/venv/lib/python3.10/site-packages/airflow/example_dags/example_skip_dag.py took 0.041 seconds
[2025-06-12T11:21:48.796+0200] {processor.py:186} INFO - Started process (PID=10043) to work on /Users/gordanaristova/MyProjects/MyRpaProject/venv/lib/python3.10/site-packages/airflow/example_dags/example_skip_dag.py
[2025-06-12T11:21:48.797+0200] {processor.py:914} INFO - Processing file /Users/gordanaristova/MyProjects/MyRpaProject/venv/lib/python3.10/site-packages/airflow/example_dags/example_skip_dag.py for tasks to queue
[2025-06-12T11:21:48.797+0200] {logging_mixin.py:190} INFO - [2025-06-12T11:21:48.797+0200] {dagbag.py:588} INFO - Filling up the DagBag from /Users/gordanaristova/MyProjects/MyRpaProject/venv/lib/python3.10/site-packages/airflow/example_dags/example_skip_dag.py
[2025-06-12T11:21:48.799+0200] {processor.py:925} INFO - DAG(s) 'example_skip_dag' retrieved from /Users/gordanaristova/MyProjects/MyRpaProject/venv/lib/python3.10/site-packages/airflow/example_dags/example_skip_dag.py
[2025-06-12T11:21:48.828+0200] {logging_mixin.py:190} INFO - [2025-06-12T11:21:48.828+0200] {dag.py:3239} INFO - Sync 1 DAGs
[2025-06-12T11:21:48.834+0200] {logging_mixin.py:190} INFO - [2025-06-12T11:21:48.833+0200] {dag.py:4180} INFO - Setting next_dagrun for example_skip_dag to 2025-06-11 00:00:00+00:00, run_after=2025-06-12 00:00:00+00:00
[2025-06-12T11:21:48.838+0200] {processor.py:208} INFO - Processing /Users/gordanaristova/MyProjects/MyRpaProject/venv/lib/python3.10/site-packages/airflow/example_dags/example_skip_dag.py took 0.043 seconds
[2025-06-12T11:23:15.352+0200] {processor.py:186} INFO - Started process (PID=10133) to work on /Users/gordanaristova/MyProjects/MyRpaProject/venv/lib/python3.10/site-packages/airflow/example_dags/example_skip_dag.py
[2025-06-12T11:23:15.353+0200] {processor.py:914} INFO - Processing file /Users/gordanaristova/MyProjects/MyRpaProject/venv/lib/python3.10/site-packages/airflow/example_dags/example_skip_dag.py for tasks to queue
[2025-06-12T11:23:15.353+0200] {logging_mixin.py:190} INFO - [2025-06-12T11:23:15.353+0200] {dagbag.py:588} INFO - Filling up the DagBag from /Users/gordanaristova/MyProjects/MyRpaProject/venv/lib/python3.10/site-packages/airflow/example_dags/example_skip_dag.py
[2025-06-12T11:23:15.355+0200] {processor.py:925} INFO - DAG(s) 'example_skip_dag' retrieved from /Users/gordanaristova/MyProjects/MyRpaProject/venv/lib/python3.10/site-packages/airflow/example_dags/example_skip_dag.py
[2025-06-12T11:23:15.385+0200] {logging_mixin.py:190} INFO - [2025-06-12T11:23:15.385+0200] {dag.py:3239} INFO - Sync 1 DAGs
[2025-06-12T11:23:15.390+0200] {logging_mixin.py:190} INFO - [2025-06-12T11:23:15.390+0200] {dag.py:4180} INFO - Setting next_dagrun for example_skip_dag to 2025-06-11 00:00:00+00:00, run_after=2025-06-12 00:00:00+00:00
[2025-06-12T11:23:15.395+0200] {processor.py:208} INFO - Processing /Users/gordanaristova/MyProjects/MyRpaProject/venv/lib/python3.10/site-packages/airflow/example_dags/example_skip_dag.py took 0.044 seconds
[2025-06-12T11:41:04.765+0200] {processor.py:186} INFO - Started process (PID=10410) to work on /Users/gordanaristova/MyProjects/MyRpaProject/venv/lib/python3.10/site-packages/airflow/example_dags/example_skip_dag.py
[2025-06-12T11:41:04.765+0200] {processor.py:914} INFO - Processing file /Users/gordanaristova/MyProjects/MyRpaProject/venv/lib/python3.10/site-packages/airflow/example_dags/example_skip_dag.py for tasks to queue
[2025-06-12T11:41:04.766+0200] {logging_mixin.py:190} INFO - [2025-06-12T11:41:04.766+0200] {dagbag.py:588} INFO - Filling up the DagBag from /Users/gordanaristova/MyProjects/MyRpaProject/venv/lib/python3.10/site-packages/airflow/example_dags/example_skip_dag.py
[2025-06-12T11:41:04.768+0200] {processor.py:925} INFO - DAG(s) 'example_skip_dag' retrieved from /Users/gordanaristova/MyProjects/MyRpaProject/venv/lib/python3.10/site-packages/airflow/example_dags/example_skip_dag.py
[2025-06-12T11:41:04.795+0200] {logging_mixin.py:190} INFO - [2025-06-12T11:41:04.795+0200] {dag.py:3239} INFO - Sync 1 DAGs
[2025-06-12T11:41:04.800+0200] {logging_mixin.py:190} INFO - [2025-06-12T11:41:04.800+0200] {dag.py:4180} INFO - Setting next_dagrun for example_skip_dag to 2025-06-11 00:00:00+00:00, run_after=2025-06-12 00:00:00+00:00
[2025-06-12T11:41:04.805+0200] {processor.py:208} INFO - Processing /Users/gordanaristova/MyProjects/MyRpaProject/venv/lib/python3.10/site-packages/airflow/example_dags/example_skip_dag.py took 0.041 seconds
[2025-06-12T11:42:29.633+0200] {processor.py:186} INFO - Started process (PID=10499) to work on /Users/gordanaristova/MyProjects/MyRpaProject/venv/lib/python3.10/site-packages/airflow/example_dags/example_skip_dag.py
[2025-06-12T11:42:29.634+0200] {processor.py:914} INFO - Processing file /Users/gordanaristova/MyProjects/MyRpaProject/venv/lib/python3.10/site-packages/airflow/example_dags/example_skip_dag.py for tasks to queue
[2025-06-12T11:42:29.634+0200] {logging_mixin.py:190} INFO - [2025-06-12T11:42:29.634+0200] {dagbag.py:588} INFO - Filling up the DagBag from /Users/gordanaristova/MyProjects/MyRpaProject/venv/lib/python3.10/site-packages/airflow/example_dags/example_skip_dag.py
[2025-06-12T11:42:29.636+0200] {processor.py:925} INFO - DAG(s) 'example_skip_dag' retrieved from /Users/gordanaristova/MyProjects/MyRpaProject/venv/lib/python3.10/site-packages/airflow/example_dags/example_skip_dag.py
[2025-06-12T11:42:29.664+0200] {logging_mixin.py:190} INFO - [2025-06-12T11:42:29.664+0200] {dag.py:3239} INFO - Sync 1 DAGs
[2025-06-12T11:42:29.669+0200] {logging_mixin.py:190} INFO - [2025-06-12T11:42:29.669+0200] {dag.py:4180} INFO - Setting next_dagrun for example_skip_dag to 2025-06-11 00:00:00+00:00, run_after=2025-06-12 00:00:00+00:00
[2025-06-12T11:42:29.674+0200] {processor.py:208} INFO - Processing /Users/gordanaristova/MyProjects/MyRpaProject/venv/lib/python3.10/site-packages/airflow/example_dags/example_skip_dag.py took 0.042 seconds
[2025-06-12T11:49:53.765+0200] {processor.py:186} INFO - Started process (PID=10632) to work on /Users/gordanaristova/MyProjects/MyRpaProject/venv/lib/python3.10/site-packages/airflow/example_dags/example_skip_dag.py
[2025-06-12T11:49:53.766+0200] {processor.py:914} INFO - Processing file /Users/gordanaristova/MyProjects/MyRpaProject/venv/lib/python3.10/site-packages/airflow/example_dags/example_skip_dag.py for tasks to queue
[2025-06-12T11:49:53.767+0200] {logging_mixin.py:190} INFO - [2025-06-12T11:49:53.766+0200] {dagbag.py:588} INFO - Filling up the DagBag from /Users/gordanaristova/MyProjects/MyRpaProject/venv/lib/python3.10/site-packages/airflow/example_dags/example_skip_dag.py
[2025-06-12T11:49:53.769+0200] {processor.py:925} INFO - DAG(s) 'example_skip_dag' retrieved from /Users/gordanaristova/MyProjects/MyRpaProject/venv/lib/python3.10/site-packages/airflow/example_dags/example_skip_dag.py
[2025-06-12T11:49:53.796+0200] {logging_mixin.py:190} INFO - [2025-06-12T11:49:53.796+0200] {dag.py:3239} INFO - Sync 1 DAGs
[2025-06-12T11:49:53.801+0200] {logging_mixin.py:190} INFO - [2025-06-12T11:49:53.801+0200] {dag.py:4180} INFO - Setting next_dagrun for example_skip_dag to 2025-06-11 00:00:00+00:00, run_after=2025-06-12 00:00:00+00:00
[2025-06-12T11:49:53.806+0200] {processor.py:208} INFO - Processing /Users/gordanaristova/MyProjects/MyRpaProject/venv/lib/python3.10/site-packages/airflow/example_dags/example_skip_dag.py took 0.041 seconds
[2025-06-12T11:51:20.082+0200] {processor.py:186} INFO - Started process (PID=10722) to work on /Users/gordanaristova/MyProjects/MyRpaProject/venv/lib/python3.10/site-packages/airflow/example_dags/example_skip_dag.py
[2025-06-12T11:51:20.083+0200] {processor.py:914} INFO - Processing file /Users/gordanaristova/MyProjects/MyRpaProject/venv/lib/python3.10/site-packages/airflow/example_dags/example_skip_dag.py for tasks to queue
[2025-06-12T11:51:20.084+0200] {logging_mixin.py:190} INFO - [2025-06-12T11:51:20.083+0200] {dagbag.py:588} INFO - Filling up the DagBag from /Users/gordanaristova/MyProjects/MyRpaProject/venv/lib/python3.10/site-packages/airflow/example_dags/example_skip_dag.py
[2025-06-12T11:51:20.086+0200] {processor.py:925} INFO - DAG(s) 'example_skip_dag' retrieved from /Users/gordanaristova/MyProjects/MyRpaProject/venv/lib/python3.10/site-packages/airflow/example_dags/example_skip_dag.py
[2025-06-12T11:51:20.114+0200] {logging_mixin.py:190} INFO - [2025-06-12T11:51:20.114+0200] {dag.py:3239} INFO - Sync 1 DAGs
[2025-06-12T11:51:20.119+0200] {logging_mixin.py:190} INFO - [2025-06-12T11:51:20.119+0200] {dag.py:4180} INFO - Setting next_dagrun for example_skip_dag to 2025-06-11 00:00:00+00:00, run_after=2025-06-12 00:00:00+00:00
[2025-06-12T11:51:20.123+0200] {processor.py:208} INFO - Processing /Users/gordanaristova/MyProjects/MyRpaProject/venv/lib/python3.10/site-packages/airflow/example_dags/example_skip_dag.py took 0.042 seconds
[2025-06-12T11:53:06.999+0200] {processor.py:186} INFO - Started process (PID=10828) to work on /Users/gordanaristova/MyProjects/MyRpaProject/venv/lib/python3.10/site-packages/airflow/example_dags/example_skip_dag.py
[2025-06-12T11:53:06.999+0200] {processor.py:914} INFO - Processing file /Users/gordanaristova/MyProjects/MyRpaProject/venv/lib/python3.10/site-packages/airflow/example_dags/example_skip_dag.py for tasks to queue
[2025-06-12T11:53:06.999+0200] {logging_mixin.py:190} INFO - [2025-06-12T11:53:06.999+0200] {dagbag.py:588} INFO - Filling up the DagBag from /Users/gordanaristova/MyProjects/MyRpaProject/venv/lib/python3.10/site-packages/airflow/example_dags/example_skip_dag.py
[2025-06-12T11:53:07.001+0200] {processor.py:925} INFO - DAG(s) 'example_skip_dag' retrieved from /Users/gordanaristova/MyProjects/MyRpaProject/venv/lib/python3.10/site-packages/airflow/example_dags/example_skip_dag.py
[2025-06-12T11:53:07.031+0200] {logging_mixin.py:190} INFO - [2025-06-12T11:53:07.031+0200] {dag.py:3239} INFO - Sync 1 DAGs
[2025-06-12T11:53:07.036+0200] {logging_mixin.py:190} INFO - [2025-06-12T11:53:07.036+0200] {dag.py:4180} INFO - Setting next_dagrun for example_skip_dag to 2025-06-11 00:00:00+00:00, run_after=2025-06-12 00:00:00+00:00
[2025-06-12T11:53:07.040+0200] {processor.py:208} INFO - Processing /Users/gordanaristova/MyProjects/MyRpaProject/venv/lib/python3.10/site-packages/airflow/example_dags/example_skip_dag.py took 0.043 seconds
[2025-06-12T11:54:56.059+0200] {processor.py:186} INFO - Started process (PID=10920) to work on /Users/gordanaristova/MyProjects/MyRpaProject/venv/lib/python3.10/site-packages/airflow/example_dags/example_skip_dag.py
[2025-06-12T11:54:56.059+0200] {processor.py:914} INFO - Processing file /Users/gordanaristova/MyProjects/MyRpaProject/venv/lib/python3.10/site-packages/airflow/example_dags/example_skip_dag.py for tasks to queue
[2025-06-12T11:54:56.059+0200] {logging_mixin.py:190} INFO - [2025-06-12T11:54:56.059+0200] {dagbag.py:588} INFO - Filling up the DagBag from /Users/gordanaristova/MyProjects/MyRpaProject/venv/lib/python3.10/site-packages/airflow/example_dags/example_skip_dag.py
[2025-06-12T11:54:56.061+0200] {processor.py:925} INFO - DAG(s) 'example_skip_dag' retrieved from /Users/gordanaristova/MyProjects/MyRpaProject/venv/lib/python3.10/site-packages/airflow/example_dags/example_skip_dag.py
[2025-06-12T11:54:56.091+0200] {logging_mixin.py:190} INFO - [2025-06-12T11:54:56.091+0200] {dag.py:3239} INFO - Sync 1 DAGs
[2025-06-12T11:54:56.097+0200] {logging_mixin.py:190} INFO - [2025-06-12T11:54:56.097+0200] {dag.py:4180} INFO - Setting next_dagrun for example_skip_dag to 2025-06-11 00:00:00+00:00, run_after=2025-06-12 00:00:00+00:00
[2025-06-12T11:54:56.101+0200] {processor.py:208} INFO - Processing /Users/gordanaristova/MyProjects/MyRpaProject/venv/lib/python3.10/site-packages/airflow/example_dags/example_skip_dag.py took 0.043 seconds
[2025-06-12T11:56:44.714+0200] {processor.py:186} INFO - Started process (PID=11033) to work on /Users/gordanaristova/MyProjects/MyRpaProject/venv/lib/python3.10/site-packages/airflow/example_dags/example_skip_dag.py
[2025-06-12T11:56:44.715+0200] {processor.py:914} INFO - Processing file /Users/gordanaristova/MyProjects/MyRpaProject/venv/lib/python3.10/site-packages/airflow/example_dags/example_skip_dag.py for tasks to queue
[2025-06-12T11:56:44.715+0200] {logging_mixin.py:190} INFO - [2025-06-12T11:56:44.715+0200] {dagbag.py:588} INFO - Filling up the DagBag from /Users/gordanaristova/MyProjects/MyRpaProject/venv/lib/python3.10/site-packages/airflow/example_dags/example_skip_dag.py
[2025-06-12T11:56:44.717+0200] {processor.py:925} INFO - DAG(s) 'example_skip_dag' retrieved from /Users/gordanaristova/MyProjects/MyRpaProject/venv/lib/python3.10/site-packages/airflow/example_dags/example_skip_dag.py
[2025-06-12T11:56:44.748+0200] {logging_mixin.py:190} INFO - [2025-06-12T11:56:44.748+0200] {dag.py:3239} INFO - Sync 1 DAGs
[2025-06-12T11:56:44.753+0200] {logging_mixin.py:190} INFO - [2025-06-12T11:56:44.753+0200] {dag.py:4180} INFO - Setting next_dagrun for example_skip_dag to 2025-06-11 00:00:00+00:00, run_after=2025-06-12 00:00:00+00:00
[2025-06-12T11:56:44.758+0200] {processor.py:208} INFO - Processing /Users/gordanaristova/MyProjects/MyRpaProject/venv/lib/python3.10/site-packages/airflow/example_dags/example_skip_dag.py took 0.045 seconds
[2025-06-12T13:14:40.356+0200] {processor.py:186} INFO - Started process (PID=13002) to work on /Users/gordanaristova/MyProjects/MyRpaProject/venv/lib/python3.10/site-packages/airflow/example_dags/example_skip_dag.py
[2025-06-12T13:14:40.356+0200] {processor.py:914} INFO - Processing file /Users/gordanaristova/MyProjects/MyRpaProject/venv/lib/python3.10/site-packages/airflow/example_dags/example_skip_dag.py for tasks to queue
[2025-06-12T13:14:40.356+0200] {logging_mixin.py:190} INFO - [2025-06-12T13:14:40.356+0200] {dagbag.py:588} INFO - Filling up the DagBag from /Users/gordanaristova/MyProjects/MyRpaProject/venv/lib/python3.10/site-packages/airflow/example_dags/example_skip_dag.py
[2025-06-12T13:14:40.359+0200] {processor.py:925} INFO - DAG(s) 'example_skip_dag' retrieved from /Users/gordanaristova/MyProjects/MyRpaProject/venv/lib/python3.10/site-packages/airflow/example_dags/example_skip_dag.py
[2025-06-12T13:14:40.389+0200] {logging_mixin.py:190} INFO - [2025-06-12T13:14:40.389+0200] {dag.py:3239} INFO - Sync 1 DAGs
[2025-06-12T13:14:40.395+0200] {logging_mixin.py:190} INFO - [2025-06-12T13:14:40.395+0200] {dag.py:4180} INFO - Setting next_dagrun for example_skip_dag to 2025-06-11 00:00:00+00:00, run_after=2025-06-12 00:00:00+00:00
[2025-06-12T13:14:40.400+0200] {processor.py:208} INFO - Processing /Users/gordanaristova/MyProjects/MyRpaProject/venv/lib/python3.10/site-packages/airflow/example_dags/example_skip_dag.py took 0.045 seconds
