[2025-06-12T10:36:31.372+0200] {processor.py:186} INFO - Started process (PID=8413) to work on /Users/gordanaristova/MyProjects/MyRpaProject/venv/lib/python3.10/site-packages/airflow/example_dags/example_xcom.py
[2025-06-12T10:36:31.372+0200] {processor.py:914} INFO - Processing file /Users/gordanaristova/MyProjects/MyRpaProject/venv/lib/python3.10/site-packages/airflow/example_dags/example_xcom.py for tasks to queue
[2025-06-12T10:36:31.372+0200] {logging_mixin.py:190} INFO - [2025-06-12T10:36:31.372+0200] {dagbag.py:588} INFO - Filling up the DagBag from /Users/gordanaristova/MyProjects/MyRpaProject/venv/lib/python3.10/site-packages/airflow/example_dags/example_xcom.py
[2025-06-12T10:36:31.383+0200] {processor.py:925} INFO - DAG(s) 'example_xcom' retrieved from /Users/gordanaristova/MyProjects/MyRpaProject/venv/lib/python3.10/site-packages/airflow/example_dags/example_xcom.py
[2025-06-12T10:36:31.431+0200] {logging_mixin.py:190} INFO - [2025-06-12T10:36:31.431+0200] {override.py:1900} INFO - Created Permission View: can read on DAG:example_xcom
[2025-06-12T10:36:31.433+0200] {logging_mixin.py:190} INFO - [2025-06-12T10:36:31.433+0200] {override.py:1900} INFO - Created Permission View: can edit on DAG:example_xcom
[2025-06-12T10:36:31.434+0200] {logging_mixin.py:190} INFO - [2025-06-12T10:36:31.434+0200] {override.py:1900} INFO - Created Permission View: can delete on DAG:example_xcom
[2025-06-12T10:36:31.436+0200] {logging_mixin.py:190} INFO - [2025-06-12T10:36:31.436+0200] {override.py:1900} INFO - Created Permission View: can read on DAG Run:example_xcom
[2025-06-12T10:36:31.437+0200] {logging_mixin.py:190} INFO - [2025-06-12T10:36:31.437+0200] {override.py:1900} INFO - Created Permission View: can create on DAG Run:example_xcom
[2025-06-12T10:36:31.439+0200] {logging_mixin.py:190} INFO - [2025-06-12T10:36:31.439+0200] {override.py:1900} INFO - Created Permission View: can delete on DAG Run:example_xcom
[2025-06-12T10:36:31.440+0200] {logging_mixin.py:190} INFO - [2025-06-12T10:36:31.440+0200] {override.py:1900} INFO - Created Permission View: menu access on DAG Run:example_xcom
[2025-06-12T10:36:31.440+0200] {logging_mixin.py:190} INFO - [2025-06-12T10:36:31.440+0200] {dag.py:3239} INFO - Sync 1 DAGs
[2025-06-12T10:36:31.443+0200] {logging_mixin.py:190} INFO - [2025-06-12T10:36:31.443+0200] {dag.py:3262} INFO - Creating ORM DAG for example_xcom
[2025-06-12T10:36:31.445+0200] {logging_mixin.py:190} INFO - [2025-06-12T10:36:31.445+0200] {dag.py:4180} INFO - Setting next_dagrun for example_xcom to 2021-01-01 00:00:00+00:00, run_after=2021-01-01 00:00:00+00:00
[2025-06-12T10:36:31.449+0200] {processor.py:208} INFO - Processing /Users/gordanaristova/MyProjects/MyRpaProject/venv/lib/python3.10/site-packages/airflow/example_dags/example_xcom.py took 0.078 seconds
[2025-06-12T10:38:01.049+0200] {processor.py:186} INFO - Started process (PID=8492) to work on /Users/gordanaristova/MyProjects/MyRpaProject/venv/lib/python3.10/site-packages/airflow/example_dags/example_xcom.py
[2025-06-12T10:38:01.049+0200] {processor.py:914} INFO - Processing file /Users/gordanaristova/MyProjects/MyRpaProject/venv/lib/python3.10/site-packages/airflow/example_dags/example_xcom.py for tasks to queue
[2025-06-12T10:38:01.050+0200] {logging_mixin.py:190} INFO - [2025-06-12T10:38:01.050+0200] {dagbag.py:588} INFO - Filling up the DagBag from /Users/gordanaristova/MyProjects/MyRpaProject/venv/lib/python3.10/site-packages/airflow/example_dags/example_xcom.py
[2025-06-12T10:38:01.069+0200] {processor.py:925} INFO - DAG(s) 'example_xcom' retrieved from /Users/gordanaristova/MyProjects/MyRpaProject/venv/lib/python3.10/site-packages/airflow/example_dags/example_xcom.py
[2025-06-12T10:38:01.100+0200] {logging_mixin.py:190} INFO - [2025-06-12T10:38:01.100+0200] {dag.py:3239} INFO - Sync 1 DAGs
[2025-06-12T10:38:01.105+0200] {logging_mixin.py:190} INFO - [2025-06-12T10:38:01.105+0200] {dag.py:4180} INFO - Setting next_dagrun for example_xcom to 2021-01-01 00:00:00+00:00, run_after=2021-01-01 00:00:00+00:00
[2025-06-12T10:38:01.110+0200] {processor.py:208} INFO - Processing /Users/gordanaristova/MyProjects/MyRpaProject/venv/lib/python3.10/site-packages/airflow/example_dags/example_xcom.py took 0.063 seconds
[2025-06-12T10:38:54.797+0200] {processor.py:186} INFO - Started process (PID=8535) to work on /Users/gordanaristova/MyProjects/MyRpaProject/venv/lib/python3.10/site-packages/airflow/example_dags/example_xcom.py
[2025-06-12T10:38:54.798+0200] {processor.py:914} INFO - Processing file /Users/gordanaristova/MyProjects/MyRpaProject/venv/lib/python3.10/site-packages/airflow/example_dags/example_xcom.py for tasks to queue
[2025-06-12T10:38:54.799+0200] {logging_mixin.py:190} INFO - [2025-06-12T10:38:54.798+0200] {dagbag.py:588} INFO - Filling up the DagBag from /Users/gordanaristova/MyProjects/MyRpaProject/venv/lib/python3.10/site-packages/airflow/example_dags/example_xcom.py
[2025-06-12T10:38:54.810+0200] {processor.py:925} INFO - DAG(s) 'example_xcom' retrieved from /Users/gordanaristova/MyProjects/MyRpaProject/venv/lib/python3.10/site-packages/airflow/example_dags/example_xcom.py
[2025-06-12T10:38:54.838+0200] {logging_mixin.py:190} INFO - [2025-06-12T10:38:54.838+0200] {dag.py:3239} INFO - Sync 1 DAGs
[2025-06-12T10:38:54.842+0200] {logging_mixin.py:190} INFO - [2025-06-12T10:38:54.842+0200] {dag.py:4180} INFO - Setting next_dagrun for example_xcom to 2021-01-01 00:00:00+00:00, run_after=2021-01-01 00:00:00+00:00
[2025-06-12T10:38:54.847+0200] {processor.py:208} INFO - Processing /Users/gordanaristova/MyProjects/MyRpaProject/venv/lib/python3.10/site-packages/airflow/example_dags/example_xcom.py took 0.050 seconds
[2025-06-12T10:39:46.733+0200] {processor.py:186} INFO - Started process (PID=8577) to work on /Users/gordanaristova/MyProjects/MyRpaProject/venv/lib/python3.10/site-packages/airflow/example_dags/example_xcom.py
[2025-06-12T10:39:46.733+0200] {processor.py:914} INFO - Processing file /Users/gordanaristova/MyProjects/MyRpaProject/venv/lib/python3.10/site-packages/airflow/example_dags/example_xcom.py for tasks to queue
[2025-06-12T10:39:46.733+0200] {logging_mixin.py:190} INFO - [2025-06-12T10:39:46.733+0200] {dagbag.py:588} INFO - Filling up the DagBag from /Users/gordanaristova/MyProjects/MyRpaProject/venv/lib/python3.10/site-packages/airflow/example_dags/example_xcom.py
[2025-06-12T10:39:46.747+0200] {processor.py:925} INFO - DAG(s) 'example_xcom' retrieved from /Users/gordanaristova/MyProjects/MyRpaProject/venv/lib/python3.10/site-packages/airflow/example_dags/example_xcom.py
[2025-06-12T10:39:46.779+0200] {logging_mixin.py:190} INFO - [2025-06-12T10:39:46.779+0200] {dag.py:3239} INFO - Sync 1 DAGs
[2025-06-12T10:39:46.784+0200] {logging_mixin.py:190} INFO - [2025-06-12T10:39:46.784+0200] {dag.py:4180} INFO - Setting next_dagrun for example_xcom to 2021-01-01 00:00:00+00:00, run_after=2021-01-01 00:00:00+00:00
[2025-06-12T10:39:46.789+0200] {processor.py:208} INFO - Processing /Users/gordanaristova/MyProjects/MyRpaProject/venv/lib/python3.10/site-packages/airflow/example_dags/example_xcom.py took 0.057 seconds
[2025-06-12T10:40:37.440+0200] {processor.py:186} INFO - Started process (PID=8617) to work on /Users/gordanaristova/MyProjects/MyRpaProject/venv/lib/python3.10/site-packages/airflow/example_dags/example_xcom.py
[2025-06-12T10:40:37.440+0200] {processor.py:914} INFO - Processing file /Users/gordanaristova/MyProjects/MyRpaProject/venv/lib/python3.10/site-packages/airflow/example_dags/example_xcom.py for tasks to queue
[2025-06-12T10:40:37.441+0200] {logging_mixin.py:190} INFO - [2025-06-12T10:40:37.440+0200] {dagbag.py:588} INFO - Filling up the DagBag from /Users/gordanaristova/MyProjects/MyRpaProject/venv/lib/python3.10/site-packages/airflow/example_dags/example_xcom.py
[2025-06-12T10:40:37.451+0200] {processor.py:925} INFO - DAG(s) 'example_xcom' retrieved from /Users/gordanaristova/MyProjects/MyRpaProject/venv/lib/python3.10/site-packages/airflow/example_dags/example_xcom.py
[2025-06-12T10:40:37.480+0200] {logging_mixin.py:190} INFO - [2025-06-12T10:40:37.480+0200] {dag.py:3239} INFO - Sync 1 DAGs
[2025-06-12T10:40:37.485+0200] {logging_mixin.py:190} INFO - [2025-06-12T10:40:37.485+0200] {dag.py:4180} INFO - Setting next_dagrun for example_xcom to 2021-01-01 00:00:00+00:00, run_after=2021-01-01 00:00:00+00:00
[2025-06-12T10:40:37.489+0200] {processor.py:208} INFO - Processing /Users/gordanaristova/MyProjects/MyRpaProject/venv/lib/python3.10/site-packages/airflow/example_dags/example_xcom.py took 0.050 seconds
[2025-06-12T10:41:29.716+0200] {processor.py:186} INFO - Started process (PID=8667) to work on /Users/gordanaristova/MyProjects/MyRpaProject/venv/lib/python3.10/site-packages/airflow/example_dags/example_xcom.py
[2025-06-12T10:41:29.717+0200] {processor.py:914} INFO - Processing file /Users/gordanaristova/MyProjects/MyRpaProject/venv/lib/python3.10/site-packages/airflow/example_dags/example_xcom.py for tasks to queue
[2025-06-12T10:41:29.717+0200] {logging_mixin.py:190} INFO - [2025-06-12T10:41:29.717+0200] {dagbag.py:588} INFO - Filling up the DagBag from /Users/gordanaristova/MyProjects/MyRpaProject/venv/lib/python3.10/site-packages/airflow/example_dags/example_xcom.py
[2025-06-12T10:41:29.728+0200] {processor.py:925} INFO - DAG(s) 'example_xcom' retrieved from /Users/gordanaristova/MyProjects/MyRpaProject/venv/lib/python3.10/site-packages/airflow/example_dags/example_xcom.py
[2025-06-12T10:41:29.756+0200] {logging_mixin.py:190} INFO - [2025-06-12T10:41:29.756+0200] {dag.py:3239} INFO - Sync 1 DAGs
[2025-06-12T10:41:29.761+0200] {logging_mixin.py:190} INFO - [2025-06-12T10:41:29.761+0200] {dag.py:4180} INFO - Setting next_dagrun for example_xcom to 2021-01-01 00:00:00+00:00, run_after=2021-01-01 00:00:00+00:00
[2025-06-12T10:41:29.765+0200] {processor.py:208} INFO - Processing /Users/gordanaristova/MyProjects/MyRpaProject/venv/lib/python3.10/site-packages/airflow/example_dags/example_xcom.py took 0.050 seconds
[2025-06-12T10:42:23.616+0200] {processor.py:186} INFO - Started process (PID=8708) to work on /Users/gordanaristova/MyProjects/MyRpaProject/venv/lib/python3.10/site-packages/airflow/example_dags/example_xcom.py
[2025-06-12T10:42:23.616+0200] {processor.py:914} INFO - Processing file /Users/gordanaristova/MyProjects/MyRpaProject/venv/lib/python3.10/site-packages/airflow/example_dags/example_xcom.py for tasks to queue
[2025-06-12T10:42:23.616+0200] {logging_mixin.py:190} INFO - [2025-06-12T10:42:23.616+0200] {dagbag.py:588} INFO - Filling up the DagBag from /Users/gordanaristova/MyProjects/MyRpaProject/venv/lib/python3.10/site-packages/airflow/example_dags/example_xcom.py
[2025-06-12T10:42:23.628+0200] {processor.py:925} INFO - DAG(s) 'example_xcom' retrieved from /Users/gordanaristova/MyProjects/MyRpaProject/venv/lib/python3.10/site-packages/airflow/example_dags/example_xcom.py
[2025-06-12T10:42:23.657+0200] {logging_mixin.py:190} INFO - [2025-06-12T10:42:23.656+0200] {dag.py:3239} INFO - Sync 1 DAGs
[2025-06-12T10:42:23.661+0200] {logging_mixin.py:190} INFO - [2025-06-12T10:42:23.661+0200] {dag.py:4180} INFO - Setting next_dagrun for example_xcom to 2021-01-01 00:00:00+00:00, run_after=2021-01-01 00:00:00+00:00
[2025-06-12T10:42:23.666+0200] {processor.py:208} INFO - Processing /Users/gordanaristova/MyProjects/MyRpaProject/venv/lib/python3.10/site-packages/airflow/example_dags/example_xcom.py took 0.051 seconds
[2025-06-12T10:43:16.533+0200] {processor.py:186} INFO - Started process (PID=8764) to work on /Users/gordanaristova/MyProjects/MyRpaProject/venv/lib/python3.10/site-packages/airflow/example_dags/example_xcom.py
[2025-06-12T10:43:16.533+0200] {processor.py:914} INFO - Processing file /Users/gordanaristova/MyProjects/MyRpaProject/venv/lib/python3.10/site-packages/airflow/example_dags/example_xcom.py for tasks to queue
[2025-06-12T10:43:16.533+0200] {logging_mixin.py:190} INFO - [2025-06-12T10:43:16.533+0200] {dagbag.py:588} INFO - Filling up the DagBag from /Users/gordanaristova/MyProjects/MyRpaProject/venv/lib/python3.10/site-packages/airflow/example_dags/example_xcom.py
[2025-06-12T10:43:16.545+0200] {processor.py:925} INFO - DAG(s) 'example_xcom' retrieved from /Users/gordanaristova/MyProjects/MyRpaProject/venv/lib/python3.10/site-packages/airflow/example_dags/example_xcom.py
[2025-06-12T10:43:16.575+0200] {logging_mixin.py:190} INFO - [2025-06-12T10:43:16.575+0200] {dag.py:3239} INFO - Sync 1 DAGs
[2025-06-12T10:43:16.580+0200] {logging_mixin.py:190} INFO - [2025-06-12T10:43:16.580+0200] {dag.py:4180} INFO - Setting next_dagrun for example_xcom to 2021-01-01 00:00:00+00:00, run_after=2021-01-01 00:00:00+00:00
[2025-06-12T10:43:16.585+0200] {processor.py:208} INFO - Processing /Users/gordanaristova/MyProjects/MyRpaProject/venv/lib/python3.10/site-packages/airflow/example_dags/example_xcom.py took 0.053 seconds
[2025-06-12T10:44:10.658+0200] {processor.py:186} INFO - Started process (PID=8860) to work on /Users/gordanaristova/MyProjects/MyRpaProject/venv/lib/python3.10/site-packages/airflow/example_dags/example_xcom.py
[2025-06-12T10:44:10.659+0200] {processor.py:914} INFO - Processing file /Users/gordanaristova/MyProjects/MyRpaProject/venv/lib/python3.10/site-packages/airflow/example_dags/example_xcom.py for tasks to queue
[2025-06-12T10:44:10.659+0200] {logging_mixin.py:190} INFO - [2025-06-12T10:44:10.659+0200] {dagbag.py:588} INFO - Filling up the DagBag from /Users/gordanaristova/MyProjects/MyRpaProject/venv/lib/python3.10/site-packages/airflow/example_dags/example_xcom.py
[2025-06-12T10:44:10.671+0200] {processor.py:925} INFO - DAG(s) 'example_xcom' retrieved from /Users/gordanaristova/MyProjects/MyRpaProject/venv/lib/python3.10/site-packages/airflow/example_dags/example_xcom.py
[2025-06-12T10:44:10.699+0200] {logging_mixin.py:190} INFO - [2025-06-12T10:44:10.699+0200] {dag.py:3239} INFO - Sync 1 DAGs
[2025-06-12T10:44:10.704+0200] {logging_mixin.py:190} INFO - [2025-06-12T10:44:10.704+0200] {dag.py:4180} INFO - Setting next_dagrun for example_xcom to 2021-01-01 00:00:00+00:00, run_after=2021-01-01 00:00:00+00:00
[2025-06-12T10:44:10.709+0200] {processor.py:208} INFO - Processing /Users/gordanaristova/MyProjects/MyRpaProject/venv/lib/python3.10/site-packages/airflow/example_dags/example_xcom.py took 0.051 seconds
[2025-06-12T10:45:03.295+0200] {processor.py:186} INFO - Started process (PID=8900) to work on /Users/gordanaristova/MyProjects/MyRpaProject/venv/lib/python3.10/site-packages/airflow/example_dags/example_xcom.py
[2025-06-12T10:45:03.295+0200] {processor.py:914} INFO - Processing file /Users/gordanaristova/MyProjects/MyRpaProject/venv/lib/python3.10/site-packages/airflow/example_dags/example_xcom.py for tasks to queue
[2025-06-12T10:45:03.295+0200] {logging_mixin.py:190} INFO - [2025-06-12T10:45:03.295+0200] {dagbag.py:588} INFO - Filling up the DagBag from /Users/gordanaristova/MyProjects/MyRpaProject/venv/lib/python3.10/site-packages/airflow/example_dags/example_xcom.py
[2025-06-12T10:45:03.308+0200] {processor.py:925} INFO - DAG(s) 'example_xcom' retrieved from /Users/gordanaristova/MyProjects/MyRpaProject/venv/lib/python3.10/site-packages/airflow/example_dags/example_xcom.py
[2025-06-12T10:45:03.337+0200] {logging_mixin.py:190} INFO - [2025-06-12T10:45:03.337+0200] {dag.py:3239} INFO - Sync 1 DAGs
[2025-06-12T10:45:03.342+0200] {logging_mixin.py:190} INFO - [2025-06-12T10:45:03.342+0200] {dag.py:4180} INFO - Setting next_dagrun for example_xcom to 2021-01-01 00:00:00+00:00, run_after=2021-01-01 00:00:00+00:00
[2025-06-12T10:45:03.346+0200] {processor.py:208} INFO - Processing /Users/gordanaristova/MyProjects/MyRpaProject/venv/lib/python3.10/site-packages/airflow/example_dags/example_xcom.py took 0.052 seconds
[2025-06-12T10:45:56.497+0200] {processor.py:186} INFO - Started process (PID=8947) to work on /Users/gordanaristova/MyProjects/MyRpaProject/venv/lib/python3.10/site-packages/airflow/example_dags/example_xcom.py
[2025-06-12T10:45:56.497+0200] {processor.py:914} INFO - Processing file /Users/gordanaristova/MyProjects/MyRpaProject/venv/lib/python3.10/site-packages/airflow/example_dags/example_xcom.py for tasks to queue
[2025-06-12T10:45:56.497+0200] {logging_mixin.py:190} INFO - [2025-06-12T10:45:56.497+0200] {dagbag.py:588} INFO - Filling up the DagBag from /Users/gordanaristova/MyProjects/MyRpaProject/venv/lib/python3.10/site-packages/airflow/example_dags/example_xcom.py
[2025-06-12T10:45:56.508+0200] {processor.py:925} INFO - DAG(s) 'example_xcom' retrieved from /Users/gordanaristova/MyProjects/MyRpaProject/venv/lib/python3.10/site-packages/airflow/example_dags/example_xcom.py
[2025-06-12T10:45:56.536+0200] {logging_mixin.py:190} INFO - [2025-06-12T10:45:56.536+0200] {dag.py:3239} INFO - Sync 1 DAGs
[2025-06-12T10:45:56.541+0200] {logging_mixin.py:190} INFO - [2025-06-12T10:45:56.541+0200] {dag.py:4180} INFO - Setting next_dagrun for example_xcom to 2021-01-01 00:00:00+00:00, run_after=2021-01-01 00:00:00+00:00
[2025-06-12T10:45:56.545+0200] {processor.py:208} INFO - Processing /Users/gordanaristova/MyProjects/MyRpaProject/venv/lib/python3.10/site-packages/airflow/example_dags/example_xcom.py took 0.049 seconds
[2025-06-12T10:46:48.479+0200] {processor.py:186} INFO - Started process (PID=9008) to work on /Users/gordanaristova/MyProjects/MyRpaProject/venv/lib/python3.10/site-packages/airflow/example_dags/example_xcom.py
[2025-06-12T10:46:48.480+0200] {processor.py:914} INFO - Processing file /Users/gordanaristova/MyProjects/MyRpaProject/venv/lib/python3.10/site-packages/airflow/example_dags/example_xcom.py for tasks to queue
[2025-06-12T10:46:48.481+0200] {logging_mixin.py:190} INFO - [2025-06-12T10:46:48.480+0200] {dagbag.py:588} INFO - Filling up the DagBag from /Users/gordanaristova/MyProjects/MyRpaProject/venv/lib/python3.10/site-packages/airflow/example_dags/example_xcom.py
[2025-06-12T10:46:48.492+0200] {processor.py:925} INFO - DAG(s) 'example_xcom' retrieved from /Users/gordanaristova/MyProjects/MyRpaProject/venv/lib/python3.10/site-packages/airflow/example_dags/example_xcom.py
[2025-06-12T10:46:48.520+0200] {logging_mixin.py:190} INFO - [2025-06-12T10:46:48.520+0200] {dag.py:3239} INFO - Sync 1 DAGs
[2025-06-12T10:46:48.525+0200] {logging_mixin.py:190} INFO - [2025-06-12T10:46:48.525+0200] {dag.py:4180} INFO - Setting next_dagrun for example_xcom to 2021-01-01 00:00:00+00:00, run_after=2021-01-01 00:00:00+00:00
[2025-06-12T10:46:48.529+0200] {processor.py:208} INFO - Processing /Users/gordanaristova/MyProjects/MyRpaProject/venv/lib/python3.10/site-packages/airflow/example_dags/example_xcom.py took 0.051 seconds
[2025-06-12T10:47:46.194+0200] {processor.py:186} INFO - Started process (PID=9078) to work on /Users/gordanaristova/MyProjects/MyRpaProject/venv/lib/python3.10/site-packages/airflow/example_dags/example_xcom.py
[2025-06-12T10:47:46.195+0200] {processor.py:914} INFO - Processing file /Users/gordanaristova/MyProjects/MyRpaProject/venv/lib/python3.10/site-packages/airflow/example_dags/example_xcom.py for tasks to queue
[2025-06-12T10:47:46.196+0200] {logging_mixin.py:190} INFO - [2025-06-12T10:47:46.196+0200] {dagbag.py:588} INFO - Filling up the DagBag from /Users/gordanaristova/MyProjects/MyRpaProject/venv/lib/python3.10/site-packages/airflow/example_dags/example_xcom.py
[2025-06-12T10:47:46.207+0200] {processor.py:925} INFO - DAG(s) 'example_xcom' retrieved from /Users/gordanaristova/MyProjects/MyRpaProject/venv/lib/python3.10/site-packages/airflow/example_dags/example_xcom.py
[2025-06-12T10:47:46.235+0200] {logging_mixin.py:190} INFO - [2025-06-12T10:47:46.235+0200] {dag.py:3239} INFO - Sync 1 DAGs
[2025-06-12T10:47:46.240+0200] {logging_mixin.py:190} INFO - [2025-06-12T10:47:46.240+0200] {dag.py:4180} INFO - Setting next_dagrun for example_xcom to 2021-01-01 00:00:00+00:00, run_after=2021-01-01 00:00:00+00:00
[2025-06-12T10:47:46.244+0200] {processor.py:208} INFO - Processing /Users/gordanaristova/MyProjects/MyRpaProject/venv/lib/python3.10/site-packages/airflow/example_dags/example_xcom.py took 0.051 seconds
[2025-06-12T10:48:41.533+0200] {processor.py:186} INFO - Started process (PID=9160) to work on /Users/gordanaristova/MyProjects/MyRpaProject/venv/lib/python3.10/site-packages/airflow/example_dags/example_xcom.py
[2025-06-12T10:48:41.534+0200] {processor.py:914} INFO - Processing file /Users/gordanaristova/MyProjects/MyRpaProject/venv/lib/python3.10/site-packages/airflow/example_dags/example_xcom.py for tasks to queue
[2025-06-12T10:48:41.535+0200] {logging_mixin.py:190} INFO - [2025-06-12T10:48:41.535+0200] {dagbag.py:588} INFO - Filling up the DagBag from /Users/gordanaristova/MyProjects/MyRpaProject/venv/lib/python3.10/site-packages/airflow/example_dags/example_xcom.py
[2025-06-12T10:48:41.546+0200] {processor.py:925} INFO - DAG(s) 'example_xcom' retrieved from /Users/gordanaristova/MyProjects/MyRpaProject/venv/lib/python3.10/site-packages/airflow/example_dags/example_xcom.py
[2025-06-12T10:48:41.574+0200] {logging_mixin.py:190} INFO - [2025-06-12T10:48:41.574+0200] {dag.py:3239} INFO - Sync 1 DAGs
[2025-06-12T10:48:41.579+0200] {logging_mixin.py:190} INFO - [2025-06-12T10:48:41.579+0200] {dag.py:4180} INFO - Setting next_dagrun for example_xcom to 2021-01-01 00:00:00+00:00, run_after=2021-01-01 00:00:00+00:00
[2025-06-12T10:48:41.583+0200] {processor.py:208} INFO - Processing /Users/gordanaristova/MyProjects/MyRpaProject/venv/lib/python3.10/site-packages/airflow/example_dags/example_xcom.py took 0.051 seconds
[2025-06-12T10:49:35.620+0200] {processor.py:186} INFO - Started process (PID=9213) to work on /Users/gordanaristova/MyProjects/MyRpaProject/venv/lib/python3.10/site-packages/airflow/example_dags/example_xcom.py
[2025-06-12T10:49:35.621+0200] {processor.py:914} INFO - Processing file /Users/gordanaristova/MyProjects/MyRpaProject/venv/lib/python3.10/site-packages/airflow/example_dags/example_xcom.py for tasks to queue
[2025-06-12T10:49:35.621+0200] {logging_mixin.py:190} INFO - [2025-06-12T10:49:35.621+0200] {dagbag.py:588} INFO - Filling up the DagBag from /Users/gordanaristova/MyProjects/MyRpaProject/venv/lib/python3.10/site-packages/airflow/example_dags/example_xcom.py
[2025-06-12T10:49:35.632+0200] {processor.py:925} INFO - DAG(s) 'example_xcom' retrieved from /Users/gordanaristova/MyProjects/MyRpaProject/venv/lib/python3.10/site-packages/airflow/example_dags/example_xcom.py
[2025-06-12T10:49:35.659+0200] {logging_mixin.py:190} INFO - [2025-06-12T10:49:35.659+0200] {dag.py:3239} INFO - Sync 1 DAGs
[2025-06-12T10:49:35.664+0200] {logging_mixin.py:190} INFO - [2025-06-12T10:49:35.664+0200] {dag.py:4180} INFO - Setting next_dagrun for example_xcom to 2021-01-01 00:00:00+00:00, run_after=2021-01-01 00:00:00+00:00
[2025-06-12T10:49:35.668+0200] {processor.py:208} INFO - Processing /Users/gordanaristova/MyProjects/MyRpaProject/venv/lib/python3.10/site-packages/airflow/example_dags/example_xcom.py took 0.049 seconds
[2025-06-12T10:56:43.943+0200] {processor.py:186} INFO - Started process (PID=9419) to work on /Users/gordanaristova/MyProjects/MyRpaProject/venv/lib/python3.10/site-packages/airflow/example_dags/example_xcom.py
[2025-06-12T10:56:43.944+0200] {processor.py:914} INFO - Processing file /Users/gordanaristova/MyProjects/MyRpaProject/venv/lib/python3.10/site-packages/airflow/example_dags/example_xcom.py for tasks to queue
[2025-06-12T10:56:43.944+0200] {logging_mixin.py:190} INFO - [2025-06-12T10:56:43.944+0200] {dagbag.py:588} INFO - Filling up the DagBag from /Users/gordanaristova/MyProjects/MyRpaProject/venv/lib/python3.10/site-packages/airflow/example_dags/example_xcom.py
[2025-06-12T10:56:43.955+0200] {processor.py:925} INFO - DAG(s) 'example_xcom' retrieved from /Users/gordanaristova/MyProjects/MyRpaProject/venv/lib/python3.10/site-packages/airflow/example_dags/example_xcom.py
[2025-06-12T10:56:43.984+0200] {logging_mixin.py:190} INFO - [2025-06-12T10:56:43.984+0200] {dag.py:3239} INFO - Sync 1 DAGs
[2025-06-12T10:56:43.988+0200] {logging_mixin.py:190} INFO - [2025-06-12T10:56:43.988+0200] {dag.py:4180} INFO - Setting next_dagrun for example_xcom to 2021-01-01 00:00:00+00:00, run_after=2021-01-01 00:00:00+00:00
[2025-06-12T10:56:43.992+0200] {processor.py:208} INFO - Processing /Users/gordanaristova/MyProjects/MyRpaProject/venv/lib/python3.10/site-packages/airflow/example_dags/example_xcom.py took 0.050 seconds
[2025-06-12T10:58:10.510+0200] {processor.py:186} INFO - Started process (PID=9518) to work on /Users/gordanaristova/MyProjects/MyRpaProject/venv/lib/python3.10/site-packages/airflow/example_dags/example_xcom.py
[2025-06-12T10:58:10.512+0200] {processor.py:914} INFO - Processing file /Users/gordanaristova/MyProjects/MyRpaProject/venv/lib/python3.10/site-packages/airflow/example_dags/example_xcom.py for tasks to queue
[2025-06-12T10:58:10.512+0200] {logging_mixin.py:190} INFO - [2025-06-12T10:58:10.512+0200] {dagbag.py:588} INFO - Filling up the DagBag from /Users/gordanaristova/MyProjects/MyRpaProject/venv/lib/python3.10/site-packages/airflow/example_dags/example_xcom.py
[2025-06-12T10:58:10.523+0200] {processor.py:925} INFO - DAG(s) 'example_xcom' retrieved from /Users/gordanaristova/MyProjects/MyRpaProject/venv/lib/python3.10/site-packages/airflow/example_dags/example_xcom.py
[2025-06-12T10:58:10.552+0200] {logging_mixin.py:190} INFO - [2025-06-12T10:58:10.551+0200] {dag.py:3239} INFO - Sync 1 DAGs
[2025-06-12T10:58:10.556+0200] {logging_mixin.py:190} INFO - [2025-06-12T10:58:10.556+0200] {dag.py:4180} INFO - Setting next_dagrun for example_xcom to 2021-01-01 00:00:00+00:00, run_after=2021-01-01 00:00:00+00:00
[2025-06-12T10:58:10.561+0200] {processor.py:208} INFO - Processing /Users/gordanaristova/MyProjects/MyRpaProject/venv/lib/python3.10/site-packages/airflow/example_dags/example_xcom.py took 0.051 seconds
[2025-06-12T11:11:29.700+0200] {processor.py:186} INFO - Started process (PID=9735) to work on /Users/gordanaristova/MyProjects/MyRpaProject/venv/lib/python3.10/site-packages/airflow/example_dags/example_xcom.py
[2025-06-12T11:11:29.700+0200] {processor.py:914} INFO - Processing file /Users/gordanaristova/MyProjects/MyRpaProject/venv/lib/python3.10/site-packages/airflow/example_dags/example_xcom.py for tasks to queue
[2025-06-12T11:11:29.700+0200] {logging_mixin.py:190} INFO - [2025-06-12T11:11:29.700+0200] {dagbag.py:588} INFO - Filling up the DagBag from /Users/gordanaristova/MyProjects/MyRpaProject/venv/lib/python3.10/site-packages/airflow/example_dags/example_xcom.py
[2025-06-12T11:11:29.711+0200] {processor.py:925} INFO - DAG(s) 'example_xcom' retrieved from /Users/gordanaristova/MyProjects/MyRpaProject/venv/lib/python3.10/site-packages/airflow/example_dags/example_xcom.py
[2025-06-12T11:11:29.737+0200] {logging_mixin.py:190} INFO - [2025-06-12T11:11:29.737+0200] {dag.py:3239} INFO - Sync 1 DAGs
[2025-06-12T11:11:29.741+0200] {logging_mixin.py:190} INFO - [2025-06-12T11:11:29.741+0200] {dag.py:4180} INFO - Setting next_dagrun for example_xcom to 2021-01-01 00:00:00+00:00, run_after=2021-01-01 00:00:00+00:00
[2025-06-12T11:11:29.746+0200] {processor.py:208} INFO - Processing /Users/gordanaristova/MyProjects/MyRpaProject/venv/lib/python3.10/site-packages/airflow/example_dags/example_xcom.py took 0.047 seconds
[2025-06-12T11:12:56.261+0200] {processor.py:186} INFO - Started process (PID=9829) to work on /Users/gordanaristova/MyProjects/MyRpaProject/venv/lib/python3.10/site-packages/airflow/example_dags/example_xcom.py
[2025-06-12T11:12:56.262+0200] {processor.py:914} INFO - Processing file /Users/gordanaristova/MyProjects/MyRpaProject/venv/lib/python3.10/site-packages/airflow/example_dags/example_xcom.py for tasks to queue
[2025-06-12T11:12:56.262+0200] {logging_mixin.py:190} INFO - [2025-06-12T11:12:56.262+0200] {dagbag.py:588} INFO - Filling up the DagBag from /Users/gordanaristova/MyProjects/MyRpaProject/venv/lib/python3.10/site-packages/airflow/example_dags/example_xcom.py
[2025-06-12T11:12:56.274+0200] {processor.py:925} INFO - DAG(s) 'example_xcom' retrieved from /Users/gordanaristova/MyProjects/MyRpaProject/venv/lib/python3.10/site-packages/airflow/example_dags/example_xcom.py
[2025-06-12T11:12:56.303+0200] {logging_mixin.py:190} INFO - [2025-06-12T11:12:56.303+0200] {dag.py:3239} INFO - Sync 1 DAGs
[2025-06-12T11:12:56.308+0200] {logging_mixin.py:190} INFO - [2025-06-12T11:12:56.308+0200] {dag.py:4180} INFO - Setting next_dagrun for example_xcom to 2021-01-01 00:00:00+00:00, run_after=2021-01-01 00:00:00+00:00
[2025-06-12T11:12:56.313+0200] {processor.py:208} INFO - Processing /Users/gordanaristova/MyProjects/MyRpaProject/venv/lib/python3.10/site-packages/airflow/example_dags/example_xcom.py took 0.053 seconds
[2025-06-12T11:21:35.564+0200] {processor.py:186} INFO - Started process (PID=10028) to work on /Users/gordanaristova/MyProjects/MyRpaProject/venv/lib/python3.10/site-packages/airflow/example_dags/example_xcom.py
[2025-06-12T11:21:35.564+0200] {processor.py:914} INFO - Processing file /Users/gordanaristova/MyProjects/MyRpaProject/venv/lib/python3.10/site-packages/airflow/example_dags/example_xcom.py for tasks to queue
[2025-06-12T11:21:35.564+0200] {logging_mixin.py:190} INFO - [2025-06-12T11:21:35.564+0200] {dagbag.py:588} INFO - Filling up the DagBag from /Users/gordanaristova/MyProjects/MyRpaProject/venv/lib/python3.10/site-packages/airflow/example_dags/example_xcom.py
[2025-06-12T11:21:35.576+0200] {processor.py:925} INFO - DAG(s) 'example_xcom' retrieved from /Users/gordanaristova/MyProjects/MyRpaProject/venv/lib/python3.10/site-packages/airflow/example_dags/example_xcom.py
[2025-06-12T11:21:35.604+0200] {logging_mixin.py:190} INFO - [2025-06-12T11:21:35.604+0200] {dag.py:3239} INFO - Sync 1 DAGs
[2025-06-12T11:21:35.608+0200] {logging_mixin.py:190} INFO - [2025-06-12T11:21:35.608+0200] {dag.py:4180} INFO - Setting next_dagrun for example_xcom to 2021-01-01 00:00:00+00:00, run_after=2021-01-01 00:00:00+00:00
[2025-06-12T11:21:35.613+0200] {processor.py:208} INFO - Processing /Users/gordanaristova/MyProjects/MyRpaProject/venv/lib/python3.10/site-packages/airflow/example_dags/example_xcom.py took 0.050 seconds
[2025-06-12T11:23:01.118+0200] {processor.py:186} INFO - Started process (PID=10119) to work on /Users/gordanaristova/MyProjects/MyRpaProject/venv/lib/python3.10/site-packages/airflow/example_dags/example_xcom.py
[2025-06-12T11:23:01.119+0200] {processor.py:914} INFO - Processing file /Users/gordanaristova/MyProjects/MyRpaProject/venv/lib/python3.10/site-packages/airflow/example_dags/example_xcom.py for tasks to queue
[2025-06-12T11:23:01.119+0200] {logging_mixin.py:190} INFO - [2025-06-12T11:23:01.119+0200] {dagbag.py:588} INFO - Filling up the DagBag from /Users/gordanaristova/MyProjects/MyRpaProject/venv/lib/python3.10/site-packages/airflow/example_dags/example_xcom.py
[2025-06-12T11:23:01.131+0200] {processor.py:925} INFO - DAG(s) 'example_xcom' retrieved from /Users/gordanaristova/MyProjects/MyRpaProject/venv/lib/python3.10/site-packages/airflow/example_dags/example_xcom.py
[2025-06-12T11:23:01.162+0200] {logging_mixin.py:190} INFO - [2025-06-12T11:23:01.162+0200] {dag.py:3239} INFO - Sync 1 DAGs
[2025-06-12T11:23:01.167+0200] {logging_mixin.py:190} INFO - [2025-06-12T11:23:01.167+0200] {dag.py:4180} INFO - Setting next_dagrun for example_xcom to 2021-01-01 00:00:00+00:00, run_after=2021-01-01 00:00:00+00:00
[2025-06-12T11:23:01.172+0200] {processor.py:208} INFO - Processing /Users/gordanaristova/MyProjects/MyRpaProject/venv/lib/python3.10/site-packages/airflow/example_dags/example_xcom.py took 0.054 seconds
[2025-06-12T11:23:55.893+0200] {processor.py:186} INFO - Started process (PID=10172) to work on /Users/gordanaristova/MyProjects/MyRpaProject/venv/lib/python3.10/site-packages/airflow/example_dags/example_xcom.py
[2025-06-12T11:23:55.894+0200] {processor.py:914} INFO - Processing file /Users/gordanaristova/MyProjects/MyRpaProject/venv/lib/python3.10/site-packages/airflow/example_dags/example_xcom.py for tasks to queue
[2025-06-12T11:23:55.894+0200] {logging_mixin.py:190} INFO - [2025-06-12T11:23:55.894+0200] {dagbag.py:588} INFO - Filling up the DagBag from /Users/gordanaristova/MyProjects/MyRpaProject/venv/lib/python3.10/site-packages/airflow/example_dags/example_xcom.py
[2025-06-12T11:23:55.906+0200] {processor.py:925} INFO - DAG(s) 'example_xcom' retrieved from /Users/gordanaristova/MyProjects/MyRpaProject/venv/lib/python3.10/site-packages/airflow/example_dags/example_xcom.py
[2025-06-12T11:23:55.934+0200] {logging_mixin.py:190} INFO - [2025-06-12T11:23:55.934+0200] {dag.py:3239} INFO - Sync 1 DAGs
[2025-06-12T11:23:55.939+0200] {logging_mixin.py:190} INFO - [2025-06-12T11:23:55.939+0200] {dag.py:4180} INFO - Setting next_dagrun for example_xcom to 2021-01-01 00:00:00+00:00, run_after=2021-01-01 00:00:00+00:00
[2025-06-12T11:23:55.943+0200] {processor.py:208} INFO - Processing /Users/gordanaristova/MyProjects/MyRpaProject/venv/lib/python3.10/site-packages/airflow/example_dags/example_xcom.py took 0.051 seconds
[2025-06-12T11:40:51.452+0200] {processor.py:186} INFO - Started process (PID=10396) to work on /Users/gordanaristova/MyProjects/MyRpaProject/venv/lib/python3.10/site-packages/airflow/example_dags/example_xcom.py
[2025-06-12T11:40:51.453+0200] {processor.py:914} INFO - Processing file /Users/gordanaristova/MyProjects/MyRpaProject/venv/lib/python3.10/site-packages/airflow/example_dags/example_xcom.py for tasks to queue
[2025-06-12T11:40:51.453+0200] {logging_mixin.py:190} INFO - [2025-06-12T11:40:51.453+0200] {dagbag.py:588} INFO - Filling up the DagBag from /Users/gordanaristova/MyProjects/MyRpaProject/venv/lib/python3.10/site-packages/airflow/example_dags/example_xcom.py
[2025-06-12T11:40:51.464+0200] {processor.py:925} INFO - DAG(s) 'example_xcom' retrieved from /Users/gordanaristova/MyProjects/MyRpaProject/venv/lib/python3.10/site-packages/airflow/example_dags/example_xcom.py
[2025-06-12T11:40:51.492+0200] {logging_mixin.py:190} INFO - [2025-06-12T11:40:51.492+0200] {dag.py:3239} INFO - Sync 1 DAGs
[2025-06-12T11:40:51.497+0200] {logging_mixin.py:190} INFO - [2025-06-12T11:40:51.497+0200] {dag.py:4180} INFO - Setting next_dagrun for example_xcom to 2021-01-01 00:00:00+00:00, run_after=2021-01-01 00:00:00+00:00
[2025-06-12T11:40:51.501+0200] {processor.py:208} INFO - Processing /Users/gordanaristova/MyProjects/MyRpaProject/venv/lib/python3.10/site-packages/airflow/example_dags/example_xcom.py took 0.050 seconds
[2025-06-12T11:42:15.651+0200] {processor.py:186} INFO - Started process (PID=10484) to work on /Users/gordanaristova/MyProjects/MyRpaProject/venv/lib/python3.10/site-packages/airflow/example_dags/example_xcom.py
[2025-06-12T11:42:15.652+0200] {processor.py:914} INFO - Processing file /Users/gordanaristova/MyProjects/MyRpaProject/venv/lib/python3.10/site-packages/airflow/example_dags/example_xcom.py for tasks to queue
[2025-06-12T11:42:15.653+0200] {logging_mixin.py:190} INFO - [2025-06-12T11:42:15.653+0200] {dagbag.py:588} INFO - Filling up the DagBag from /Users/gordanaristova/MyProjects/MyRpaProject/venv/lib/python3.10/site-packages/airflow/example_dags/example_xcom.py
[2025-06-12T11:42:15.663+0200] {processor.py:925} INFO - DAG(s) 'example_xcom' retrieved from /Users/gordanaristova/MyProjects/MyRpaProject/venv/lib/python3.10/site-packages/airflow/example_dags/example_xcom.py
[2025-06-12T11:42:15.691+0200] {logging_mixin.py:190} INFO - [2025-06-12T11:42:15.691+0200] {dag.py:3239} INFO - Sync 1 DAGs
[2025-06-12T11:42:15.695+0200] {logging_mixin.py:190} INFO - [2025-06-12T11:42:15.695+0200] {dag.py:4180} INFO - Setting next_dagrun for example_xcom to 2021-01-01 00:00:00+00:00, run_after=2021-01-01 00:00:00+00:00
[2025-06-12T11:42:15.700+0200] {processor.py:208} INFO - Processing /Users/gordanaristova/MyProjects/MyRpaProject/venv/lib/python3.10/site-packages/airflow/example_dags/example_xcom.py took 0.049 seconds
[2025-06-12T11:49:38.076+0200] {processor.py:186} INFO - Started process (PID=10619) to work on /Users/gordanaristova/MyProjects/MyRpaProject/venv/lib/python3.10/site-packages/airflow/example_dags/example_xcom.py
[2025-06-12T11:49:38.077+0200] {processor.py:914} INFO - Processing file /Users/gordanaristova/MyProjects/MyRpaProject/venv/lib/python3.10/site-packages/airflow/example_dags/example_xcom.py for tasks to queue
[2025-06-12T11:49:38.077+0200] {logging_mixin.py:190} INFO - [2025-06-12T11:49:38.077+0200] {dagbag.py:588} INFO - Filling up the DagBag from /Users/gordanaristova/MyProjects/MyRpaProject/venv/lib/python3.10/site-packages/airflow/example_dags/example_xcom.py
[2025-06-12T11:49:38.088+0200] {processor.py:925} INFO - DAG(s) 'example_xcom' retrieved from /Users/gordanaristova/MyProjects/MyRpaProject/venv/lib/python3.10/site-packages/airflow/example_dags/example_xcom.py
[2025-06-12T11:49:38.115+0200] {logging_mixin.py:190} INFO - [2025-06-12T11:49:38.115+0200] {dag.py:3239} INFO - Sync 1 DAGs
[2025-06-12T11:49:38.119+0200] {logging_mixin.py:190} INFO - [2025-06-12T11:49:38.119+0200] {dag.py:4180} INFO - Setting next_dagrun for example_xcom to 2021-01-01 00:00:00+00:00, run_after=2021-01-01 00:00:00+00:00
[2025-06-12T11:49:38.124+0200] {processor.py:208} INFO - Processing /Users/gordanaristova/MyProjects/MyRpaProject/venv/lib/python3.10/site-packages/airflow/example_dags/example_xcom.py took 0.049 seconds
[2025-06-12T11:51:06.039+0200] {processor.py:186} INFO - Started process (PID=10707) to work on /Users/gordanaristova/MyProjects/MyRpaProject/venv/lib/python3.10/site-packages/airflow/example_dags/example_xcom.py
[2025-06-12T11:51:06.040+0200] {processor.py:914} INFO - Processing file /Users/gordanaristova/MyProjects/MyRpaProject/venv/lib/python3.10/site-packages/airflow/example_dags/example_xcom.py for tasks to queue
[2025-06-12T11:51:06.040+0200] {logging_mixin.py:190} INFO - [2025-06-12T11:51:06.040+0200] {dagbag.py:588} INFO - Filling up the DagBag from /Users/gordanaristova/MyProjects/MyRpaProject/venv/lib/python3.10/site-packages/airflow/example_dags/example_xcom.py
[2025-06-12T11:51:06.051+0200] {processor.py:925} INFO - DAG(s) 'example_xcom' retrieved from /Users/gordanaristova/MyProjects/MyRpaProject/venv/lib/python3.10/site-packages/airflow/example_dags/example_xcom.py
[2025-06-12T11:51:06.079+0200] {logging_mixin.py:190} INFO - [2025-06-12T11:51:06.079+0200] {dag.py:3239} INFO - Sync 1 DAGs
[2025-06-12T11:51:06.083+0200] {logging_mixin.py:190} INFO - [2025-06-12T11:51:06.083+0200] {dag.py:4180} INFO - Setting next_dagrun for example_xcom to 2021-01-01 00:00:00+00:00, run_after=2021-01-01 00:00:00+00:00
[2025-06-12T11:51:06.088+0200] {processor.py:208} INFO - Processing /Users/gordanaristova/MyProjects/MyRpaProject/venv/lib/python3.10/site-packages/airflow/example_dags/example_xcom.py took 0.049 seconds
[2025-06-12T11:51:58.993+0200] {processor.py:186} INFO - Started process (PID=10764) to work on /Users/gordanaristova/MyProjects/MyRpaProject/venv/lib/python3.10/site-packages/airflow/example_dags/example_xcom.py
[2025-06-12T11:51:58.994+0200] {processor.py:914} INFO - Processing file /Users/gordanaristova/MyProjects/MyRpaProject/venv/lib/python3.10/site-packages/airflow/example_dags/example_xcom.py for tasks to queue
[2025-06-12T11:51:58.994+0200] {logging_mixin.py:190} INFO - [2025-06-12T11:51:58.994+0200] {dagbag.py:588} INFO - Filling up the DagBag from /Users/gordanaristova/MyProjects/MyRpaProject/venv/lib/python3.10/site-packages/airflow/example_dags/example_xcom.py
[2025-06-12T11:51:59.005+0200] {processor.py:925} INFO - DAG(s) 'example_xcom' retrieved from /Users/gordanaristova/MyProjects/MyRpaProject/venv/lib/python3.10/site-packages/airflow/example_dags/example_xcom.py
[2025-06-12T11:51:59.034+0200] {logging_mixin.py:190} INFO - [2025-06-12T11:51:59.034+0200] {dag.py:3239} INFO - Sync 1 DAGs
[2025-06-12T11:51:59.038+0200] {logging_mixin.py:190} INFO - [2025-06-12T11:51:59.038+0200] {dag.py:4180} INFO - Setting next_dagrun for example_xcom to 2021-01-01 00:00:00+00:00, run_after=2021-01-01 00:00:00+00:00
[2025-06-12T11:51:59.043+0200] {processor.py:208} INFO - Processing /Users/gordanaristova/MyProjects/MyRpaProject/venv/lib/python3.10/site-packages/airflow/example_dags/example_xcom.py took 0.051 seconds
[2025-06-12T11:52:52.864+0200] {processor.py:186} INFO - Started process (PID=10819) to work on /Users/gordanaristova/MyProjects/MyRpaProject/venv/lib/python3.10/site-packages/airflow/example_dags/example_xcom.py
[2025-06-12T11:52:52.864+0200] {processor.py:914} INFO - Processing file /Users/gordanaristova/MyProjects/MyRpaProject/venv/lib/python3.10/site-packages/airflow/example_dags/example_xcom.py for tasks to queue
[2025-06-12T11:52:52.864+0200] {logging_mixin.py:190} INFO - [2025-06-12T11:52:52.864+0200] {dagbag.py:588} INFO - Filling up the DagBag from /Users/gordanaristova/MyProjects/MyRpaProject/venv/lib/python3.10/site-packages/airflow/example_dags/example_xcom.py
[2025-06-12T11:52:52.876+0200] {processor.py:925} INFO - DAG(s) 'example_xcom' retrieved from /Users/gordanaristova/MyProjects/MyRpaProject/venv/lib/python3.10/site-packages/airflow/example_dags/example_xcom.py
[2025-06-12T11:52:52.903+0200] {logging_mixin.py:190} INFO - [2025-06-12T11:52:52.903+0200] {dag.py:3239} INFO - Sync 1 DAGs
[2025-06-12T11:52:52.908+0200] {logging_mixin.py:190} INFO - [2025-06-12T11:52:52.908+0200] {dag.py:4180} INFO - Setting next_dagrun for example_xcom to 2021-01-01 00:00:00+00:00, run_after=2021-01-01 00:00:00+00:00
[2025-06-12T11:52:52.912+0200] {processor.py:208} INFO - Processing /Users/gordanaristova/MyProjects/MyRpaProject/venv/lib/python3.10/site-packages/airflow/example_dags/example_xcom.py took 0.049 seconds
[2025-06-12T11:53:46.922+0200] {processor.py:186} INFO - Started process (PID=10860) to work on /Users/gordanaristova/MyProjects/MyRpaProject/venv/lib/python3.10/site-packages/airflow/example_dags/example_xcom.py
[2025-06-12T11:53:46.923+0200] {processor.py:914} INFO - Processing file /Users/gordanaristova/MyProjects/MyRpaProject/venv/lib/python3.10/site-packages/airflow/example_dags/example_xcom.py for tasks to queue
[2025-06-12T11:53:46.923+0200] {logging_mixin.py:190} INFO - [2025-06-12T11:53:46.923+0200] {dagbag.py:588} INFO - Filling up the DagBag from /Users/gordanaristova/MyProjects/MyRpaProject/venv/lib/python3.10/site-packages/airflow/example_dags/example_xcom.py
[2025-06-12T11:53:46.935+0200] {processor.py:925} INFO - DAG(s) 'example_xcom' retrieved from /Users/gordanaristova/MyProjects/MyRpaProject/venv/lib/python3.10/site-packages/airflow/example_dags/example_xcom.py
[2025-06-12T11:53:46.963+0200] {logging_mixin.py:190} INFO - [2025-06-12T11:53:46.963+0200] {dag.py:3239} INFO - Sync 1 DAGs
[2025-06-12T11:53:46.967+0200] {logging_mixin.py:190} INFO - [2025-06-12T11:53:46.967+0200] {dag.py:4180} INFO - Setting next_dagrun for example_xcom to 2021-01-01 00:00:00+00:00, run_after=2021-01-01 00:00:00+00:00
[2025-06-12T11:53:46.972+0200] {processor.py:208} INFO - Processing /Users/gordanaristova/MyProjects/MyRpaProject/venv/lib/python3.10/site-packages/airflow/example_dags/example_xcom.py took 0.050 seconds
[2025-06-12T11:54:41.803+0200] {processor.py:186} INFO - Started process (PID=10907) to work on /Users/gordanaristova/MyProjects/MyRpaProject/venv/lib/python3.10/site-packages/airflow/example_dags/example_xcom.py
[2025-06-12T11:54:41.804+0200] {processor.py:914} INFO - Processing file /Users/gordanaristova/MyProjects/MyRpaProject/venv/lib/python3.10/site-packages/airflow/example_dags/example_xcom.py for tasks to queue
[2025-06-12T11:54:41.805+0200] {logging_mixin.py:190} INFO - [2025-06-12T11:54:41.804+0200] {dagbag.py:588} INFO - Filling up the DagBag from /Users/gordanaristova/MyProjects/MyRpaProject/venv/lib/python3.10/site-packages/airflow/example_dags/example_xcom.py
[2025-06-12T11:54:41.815+0200] {processor.py:925} INFO - DAG(s) 'example_xcom' retrieved from /Users/gordanaristova/MyProjects/MyRpaProject/venv/lib/python3.10/site-packages/airflow/example_dags/example_xcom.py
[2025-06-12T11:54:41.844+0200] {logging_mixin.py:190} INFO - [2025-06-12T11:54:41.844+0200] {dag.py:3239} INFO - Sync 1 DAGs
[2025-06-12T11:54:41.849+0200] {logging_mixin.py:190} INFO - [2025-06-12T11:54:41.849+0200] {dag.py:4180} INFO - Setting next_dagrun for example_xcom to 2021-01-01 00:00:00+00:00, run_after=2021-01-01 00:00:00+00:00
[2025-06-12T11:54:41.853+0200] {processor.py:208} INFO - Processing /Users/gordanaristova/MyProjects/MyRpaProject/venv/lib/python3.10/site-packages/airflow/example_dags/example_xcom.py took 0.051 seconds
[2025-06-12T11:55:35.399+0200] {processor.py:186} INFO - Started process (PID=10961) to work on /Users/gordanaristova/MyProjects/MyRpaProject/venv/lib/python3.10/site-packages/airflow/example_dags/example_xcom.py
[2025-06-12T11:55:35.400+0200] {processor.py:914} INFO - Processing file /Users/gordanaristova/MyProjects/MyRpaProject/venv/lib/python3.10/site-packages/airflow/example_dags/example_xcom.py for tasks to queue
[2025-06-12T11:55:35.400+0200] {logging_mixin.py:190} INFO - [2025-06-12T11:55:35.400+0200] {dagbag.py:588} INFO - Filling up the DagBag from /Users/gordanaristova/MyProjects/MyRpaProject/venv/lib/python3.10/site-packages/airflow/example_dags/example_xcom.py
[2025-06-12T11:55:35.411+0200] {processor.py:925} INFO - DAG(s) 'example_xcom' retrieved from /Users/gordanaristova/MyProjects/MyRpaProject/venv/lib/python3.10/site-packages/airflow/example_dags/example_xcom.py
[2025-06-12T11:55:35.438+0200] {logging_mixin.py:190} INFO - [2025-06-12T11:55:35.438+0200] {dag.py:3239} INFO - Sync 1 DAGs
[2025-06-12T11:55:35.443+0200] {logging_mixin.py:190} INFO - [2025-06-12T11:55:35.443+0200] {dag.py:4180} INFO - Setting next_dagrun for example_xcom to 2021-01-01 00:00:00+00:00, run_after=2021-01-01 00:00:00+00:00
[2025-06-12T11:55:35.447+0200] {processor.py:208} INFO - Processing /Users/gordanaristova/MyProjects/MyRpaProject/venv/lib/python3.10/site-packages/airflow/example_dags/example_xcom.py took 0.049 seconds
[2025-06-12T11:56:30.977+0200] {processor.py:186} INFO - Started process (PID=11019) to work on /Users/gordanaristova/MyProjects/MyRpaProject/venv/lib/python3.10/site-packages/airflow/example_dags/example_xcom.py
[2025-06-12T11:56:30.978+0200] {processor.py:914} INFO - Processing file /Users/gordanaristova/MyProjects/MyRpaProject/venv/lib/python3.10/site-packages/airflow/example_dags/example_xcom.py for tasks to queue
[2025-06-12T11:56:30.978+0200] {logging_mixin.py:190} INFO - [2025-06-12T11:56:30.978+0200] {dagbag.py:588} INFO - Filling up the DagBag from /Users/gordanaristova/MyProjects/MyRpaProject/venv/lib/python3.10/site-packages/airflow/example_dags/example_xcom.py
[2025-06-12T11:56:30.990+0200] {processor.py:925} INFO - DAG(s) 'example_xcom' retrieved from /Users/gordanaristova/MyProjects/MyRpaProject/venv/lib/python3.10/site-packages/airflow/example_dags/example_xcom.py
[2025-06-12T11:56:31.019+0200] {logging_mixin.py:190} INFO - [2025-06-12T11:56:31.019+0200] {dag.py:3239} INFO - Sync 1 DAGs
[2025-06-12T11:56:31.024+0200] {logging_mixin.py:190} INFO - [2025-06-12T11:56:31.023+0200] {dag.py:4180} INFO - Setting next_dagrun for example_xcom to 2021-01-01 00:00:00+00:00, run_after=2021-01-01 00:00:00+00:00
[2025-06-12T11:56:31.028+0200] {processor.py:208} INFO - Processing /Users/gordanaristova/MyProjects/MyRpaProject/venv/lib/python3.10/site-packages/airflow/example_dags/example_xcom.py took 0.052 seconds
[2025-06-12T11:57:25.453+0200] {processor.py:186} INFO - Started process (PID=11088) to work on /Users/gordanaristova/MyProjects/MyRpaProject/venv/lib/python3.10/site-packages/airflow/example_dags/example_xcom.py
[2025-06-12T11:57:25.454+0200] {processor.py:914} INFO - Processing file /Users/gordanaristova/MyProjects/MyRpaProject/venv/lib/python3.10/site-packages/airflow/example_dags/example_xcom.py for tasks to queue
[2025-06-12T11:57:25.455+0200] {logging_mixin.py:190} INFO - [2025-06-12T11:57:25.454+0200] {dagbag.py:588} INFO - Filling up the DagBag from /Users/gordanaristova/MyProjects/MyRpaProject/venv/lib/python3.10/site-packages/airflow/example_dags/example_xcom.py
[2025-06-12T11:57:25.465+0200] {processor.py:925} INFO - DAG(s) 'example_xcom' retrieved from /Users/gordanaristova/MyProjects/MyRpaProject/venv/lib/python3.10/site-packages/airflow/example_dags/example_xcom.py
[2025-06-12T11:57:25.493+0200] {logging_mixin.py:190} INFO - [2025-06-12T11:57:25.493+0200] {dag.py:3239} INFO - Sync 1 DAGs
[2025-06-12T11:57:25.498+0200] {logging_mixin.py:190} INFO - [2025-06-12T11:57:25.497+0200] {dag.py:4180} INFO - Setting next_dagrun for example_xcom to 2021-01-01 00:00:00+00:00, run_after=2021-01-01 00:00:00+00:00
[2025-06-12T11:57:25.502+0200] {processor.py:208} INFO - Processing /Users/gordanaristova/MyProjects/MyRpaProject/venv/lib/python3.10/site-packages/airflow/example_dags/example_xcom.py took 0.050 seconds
[2025-06-12T13:14:24.599+0200] {processor.py:186} INFO - Started process (PID=12989) to work on /Users/gordanaristova/MyProjects/MyRpaProject/venv/lib/python3.10/site-packages/airflow/example_dags/example_xcom.py
[2025-06-12T13:14:24.600+0200] {processor.py:914} INFO - Processing file /Users/gordanaristova/MyProjects/MyRpaProject/venv/lib/python3.10/site-packages/airflow/example_dags/example_xcom.py for tasks to queue
[2025-06-12T13:14:24.601+0200] {logging_mixin.py:190} INFO - [2025-06-12T13:14:24.601+0200] {dagbag.py:588} INFO - Filling up the DagBag from /Users/gordanaristova/MyProjects/MyRpaProject/venv/lib/python3.10/site-packages/airflow/example_dags/example_xcom.py
[2025-06-12T13:14:24.613+0200] {processor.py:925} INFO - DAG(s) 'example_xcom' retrieved from /Users/gordanaristova/MyProjects/MyRpaProject/venv/lib/python3.10/site-packages/airflow/example_dags/example_xcom.py
[2025-06-12T13:14:24.642+0200] {logging_mixin.py:190} INFO - [2025-06-12T13:14:24.641+0200] {dag.py:3239} INFO - Sync 1 DAGs
[2025-06-12T13:14:24.646+0200] {logging_mixin.py:190} INFO - [2025-06-12T13:14:24.646+0200] {dag.py:4180} INFO - Setting next_dagrun for example_xcom to 2021-01-01 00:00:00+00:00, run_after=2021-01-01 00:00:00+00:00
[2025-06-12T13:14:24.651+0200] {processor.py:208} INFO - Processing /Users/gordanaristova/MyProjects/MyRpaProject/venv/lib/python3.10/site-packages/airflow/example_dags/example_xcom.py took 0.053 seconds
[2025-06-12T13:15:57.006+0200] {processor.py:186} INFO - Started process (PID=13078) to work on /Users/gordanaristova/MyProjects/MyRpaProject/venv/lib/python3.10/site-packages/airflow/example_dags/example_xcom.py
[2025-06-12T13:15:57.007+0200] {processor.py:914} INFO - Processing file /Users/gordanaristova/MyProjects/MyRpaProject/venv/lib/python3.10/site-packages/airflow/example_dags/example_xcom.py for tasks to queue
[2025-06-12T13:15:57.007+0200] {logging_mixin.py:190} INFO - [2025-06-12T13:15:57.007+0200] {dagbag.py:588} INFO - Filling up the DagBag from /Users/gordanaristova/MyProjects/MyRpaProject/venv/lib/python3.10/site-packages/airflow/example_dags/example_xcom.py
[2025-06-12T13:15:57.019+0200] {processor.py:925} INFO - DAG(s) 'example_xcom' retrieved from /Users/gordanaristova/MyProjects/MyRpaProject/venv/lib/python3.10/site-packages/airflow/example_dags/example_xcom.py
[2025-06-12T13:15:57.048+0200] {logging_mixin.py:190} INFO - [2025-06-12T13:15:57.048+0200] {dag.py:3239} INFO - Sync 1 DAGs
[2025-06-12T13:15:57.053+0200] {logging_mixin.py:190} INFO - [2025-06-12T13:15:57.053+0200] {dag.py:4180} INFO - Setting next_dagrun for example_xcom to 2021-01-01 00:00:00+00:00, run_after=2021-01-01 00:00:00+00:00
[2025-06-12T13:15:57.058+0200] {processor.py:208} INFO - Processing /Users/gordanaristova/MyProjects/MyRpaProject/venv/lib/python3.10/site-packages/airflow/example_dags/example_xcom.py took 0.053 seconds
[2025-06-12T18:42:06.406+0200] {processor.py:186} INFO - Started process (PID=15644) to work on /Users/gordanaristova/MyProjects/MyRpaProject/venv/lib/python3.10/site-packages/airflow/example_dags/example_xcom.py
[2025-06-12T18:42:06.407+0200] {processor.py:914} INFO - Processing file /Users/gordanaristova/MyProjects/MyRpaProject/venv/lib/python3.10/site-packages/airflow/example_dags/example_xcom.py for tasks to queue
[2025-06-12T18:42:06.408+0200] {logging_mixin.py:190} INFO - [2025-06-12T18:42:06.407+0200] {dagbag.py:588} INFO - Filling up the DagBag from /Users/gordanaristova/MyProjects/MyRpaProject/venv/lib/python3.10/site-packages/airflow/example_dags/example_xcom.py
[2025-06-12T18:42:06.419+0200] {processor.py:925} INFO - DAG(s) 'example_xcom' retrieved from /Users/gordanaristova/MyProjects/MyRpaProject/venv/lib/python3.10/site-packages/airflow/example_dags/example_xcom.py
[2025-06-12T18:42:06.449+0200] {logging_mixin.py:190} INFO - [2025-06-12T18:42:06.449+0200] {dag.py:3239} INFO - Sync 1 DAGs
[2025-06-12T18:42:06.454+0200] {logging_mixin.py:190} INFO - [2025-06-12T18:42:06.454+0200] {dag.py:4180} INFO - Setting next_dagrun for example_xcom to 2021-01-01 00:00:00+00:00, run_after=2021-01-01 00:00:00+00:00
[2025-06-12T18:42:06.459+0200] {processor.py:208} INFO - Processing /Users/gordanaristova/MyProjects/MyRpaProject/venv/lib/python3.10/site-packages/airflow/example_dags/example_xcom.py took 0.053 seconds
[2025-06-12T18:51:49.907+0200] {processor.py:186} INFO - Started process (PID=15871) to work on /Users/gordanaristova/MyProjects/MyRpaProject/venv/lib/python3.10/site-packages/airflow/example_dags/example_xcom.py
[2025-06-12T18:51:49.908+0200] {processor.py:914} INFO - Processing file /Users/gordanaristova/MyProjects/MyRpaProject/venv/lib/python3.10/site-packages/airflow/example_dags/example_xcom.py for tasks to queue
[2025-06-12T18:51:49.908+0200] {logging_mixin.py:190} INFO - [2025-06-12T18:51:49.908+0200] {dagbag.py:588} INFO - Filling up the DagBag from /Users/gordanaristova/MyProjects/MyRpaProject/venv/lib/python3.10/site-packages/airflow/example_dags/example_xcom.py
[2025-06-12T18:51:49.920+0200] {processor.py:925} INFO - DAG(s) 'example_xcom' retrieved from /Users/gordanaristova/MyProjects/MyRpaProject/venv/lib/python3.10/site-packages/airflow/example_dags/example_xcom.py
[2025-06-12T18:51:49.949+0200] {logging_mixin.py:190} INFO - [2025-06-12T18:51:49.949+0200] {dag.py:3239} INFO - Sync 1 DAGs
[2025-06-12T18:51:49.954+0200] {logging_mixin.py:190} INFO - [2025-06-12T18:51:49.954+0200] {dag.py:4180} INFO - Setting next_dagrun for example_xcom to 2021-01-01 00:00:00+00:00, run_after=2021-01-01 00:00:00+00:00
[2025-06-12T18:51:49.959+0200] {processor.py:208} INFO - Processing /Users/gordanaristova/MyProjects/MyRpaProject/venv/lib/python3.10/site-packages/airflow/example_dags/example_xcom.py took 0.053 seconds
[2025-06-12T18:55:02.005+0200] {processor.py:186} INFO - Started process (PID=15960) to work on /Users/gordanaristova/MyProjects/MyRpaProject/venv/lib/python3.10/site-packages/airflow/example_dags/example_xcom.py
[2025-06-12T18:55:02.006+0200] {processor.py:914} INFO - Processing file /Users/gordanaristova/MyProjects/MyRpaProject/venv/lib/python3.10/site-packages/airflow/example_dags/example_xcom.py for tasks to queue
[2025-06-12T18:55:02.006+0200] {logging_mixin.py:190} INFO - [2025-06-12T18:55:02.006+0200] {dagbag.py:588} INFO - Filling up the DagBag from /Users/gordanaristova/MyProjects/MyRpaProject/venv/lib/python3.10/site-packages/airflow/example_dags/example_xcom.py
[2025-06-12T18:55:02.018+0200] {processor.py:925} INFO - DAG(s) 'example_xcom' retrieved from /Users/gordanaristova/MyProjects/MyRpaProject/venv/lib/python3.10/site-packages/airflow/example_dags/example_xcom.py
[2025-06-12T18:55:02.046+0200] {logging_mixin.py:190} INFO - [2025-06-12T18:55:02.046+0200] {dag.py:3239} INFO - Sync 1 DAGs
[2025-06-12T18:55:02.051+0200] {logging_mixin.py:190} INFO - [2025-06-12T18:55:02.051+0200] {dag.py:4180} INFO - Setting next_dagrun for example_xcom to 2021-01-01 00:00:00+00:00, run_after=2021-01-01 00:00:00+00:00
[2025-06-12T18:55:02.056+0200] {processor.py:208} INFO - Processing /Users/gordanaristova/MyProjects/MyRpaProject/venv/lib/python3.10/site-packages/airflow/example_dags/example_xcom.py took 0.052 seconds
[2025-06-12T19:00:08.890+0200] {processor.py:186} INFO - Started process (PID=16097) to work on /Users/gordanaristova/MyProjects/MyRpaProject/venv/lib/python3.10/site-packages/airflow/example_dags/example_xcom.py
[2025-06-12T19:00:08.891+0200] {processor.py:914} INFO - Processing file /Users/gordanaristova/MyProjects/MyRpaProject/venv/lib/python3.10/site-packages/airflow/example_dags/example_xcom.py for tasks to queue
[2025-06-12T19:00:08.892+0200] {logging_mixin.py:190} INFO - [2025-06-12T19:00:08.891+0200] {dagbag.py:588} INFO - Filling up the DagBag from /Users/gordanaristova/MyProjects/MyRpaProject/venv/lib/python3.10/site-packages/airflow/example_dags/example_xcom.py
[2025-06-12T19:00:08.903+0200] {processor.py:925} INFO - DAG(s) 'example_xcom' retrieved from /Users/gordanaristova/MyProjects/MyRpaProject/venv/lib/python3.10/site-packages/airflow/example_dags/example_xcom.py
[2025-06-12T19:00:08.932+0200] {logging_mixin.py:190} INFO - [2025-06-12T19:00:08.932+0200] {dag.py:3239} INFO - Sync 1 DAGs
[2025-06-12T19:00:08.936+0200] {logging_mixin.py:190} INFO - [2025-06-12T19:00:08.936+0200] {dag.py:4180} INFO - Setting next_dagrun for example_xcom to 2021-01-01 00:00:00+00:00, run_after=2021-01-01 00:00:00+00:00
[2025-06-12T19:00:08.942+0200] {processor.py:208} INFO - Processing /Users/gordanaristova/MyProjects/MyRpaProject/venv/lib/python3.10/site-packages/airflow/example_dags/example_xcom.py took 0.052 seconds
[2025-06-12T19:03:51.200+0200] {processor.py:186} INFO - Started process (PID=16237) to work on /Users/gordanaristova/MyProjects/MyRpaProject/venv/lib/python3.10/site-packages/airflow/example_dags/example_xcom.py
[2025-06-12T19:03:51.200+0200] {processor.py:914} INFO - Processing file /Users/gordanaristova/MyProjects/MyRpaProject/venv/lib/python3.10/site-packages/airflow/example_dags/example_xcom.py for tasks to queue
[2025-06-12T19:03:51.201+0200] {logging_mixin.py:190} INFO - [2025-06-12T19:03:51.201+0200] {dagbag.py:588} INFO - Filling up the DagBag from /Users/gordanaristova/MyProjects/MyRpaProject/venv/lib/python3.10/site-packages/airflow/example_dags/example_xcom.py
[2025-06-12T19:03:51.213+0200] {processor.py:925} INFO - DAG(s) 'example_xcom' retrieved from /Users/gordanaristova/MyProjects/MyRpaProject/venv/lib/python3.10/site-packages/airflow/example_dags/example_xcom.py
[2025-06-12T19:03:51.242+0200] {logging_mixin.py:190} INFO - [2025-06-12T19:03:51.242+0200] {dag.py:3239} INFO - Sync 1 DAGs
[2025-06-12T19:03:51.247+0200] {logging_mixin.py:190} INFO - [2025-06-12T19:03:51.247+0200] {dag.py:4180} INFO - Setting next_dagrun for example_xcom to 2021-01-01 00:00:00+00:00, run_after=2021-01-01 00:00:00+00:00
[2025-06-12T19:03:51.252+0200] {processor.py:208} INFO - Processing /Users/gordanaristova/MyProjects/MyRpaProject/venv/lib/python3.10/site-packages/airflow/example_dags/example_xcom.py took 0.053 seconds
[2025-06-12T19:10:47.391+0200] {processor.py:186} INFO - Started process (PID=16426) to work on /Users/gordanaristova/MyProjects/MyRpaProject/venv/lib/python3.10/site-packages/airflow/example_dags/example_xcom.py
[2025-06-12T19:10:47.391+0200] {processor.py:914} INFO - Processing file /Users/gordanaristova/MyProjects/MyRpaProject/venv/lib/python3.10/site-packages/airflow/example_dags/example_xcom.py for tasks to queue
[2025-06-12T19:10:47.392+0200] {logging_mixin.py:190} INFO - [2025-06-12T19:10:47.391+0200] {dagbag.py:588} INFO - Filling up the DagBag from /Users/gordanaristova/MyProjects/MyRpaProject/venv/lib/python3.10/site-packages/airflow/example_dags/example_xcom.py
[2025-06-12T19:10:47.403+0200] {processor.py:925} INFO - DAG(s) 'example_xcom' retrieved from /Users/gordanaristova/MyProjects/MyRpaProject/venv/lib/python3.10/site-packages/airflow/example_dags/example_xcom.py
[2025-06-12T19:10:47.432+0200] {logging_mixin.py:190} INFO - [2025-06-12T19:10:47.432+0200] {dag.py:3239} INFO - Sync 1 DAGs
[2025-06-12T19:10:47.437+0200] {logging_mixin.py:190} INFO - [2025-06-12T19:10:47.437+0200] {dag.py:4180} INFO - Setting next_dagrun for example_xcom to 2021-01-01 00:00:00+00:00, run_after=2021-01-01 00:00:00+00:00
[2025-06-12T19:10:47.442+0200] {processor.py:208} INFO - Processing /Users/gordanaristova/MyProjects/MyRpaProject/venv/lib/python3.10/site-packages/airflow/example_dags/example_xcom.py took 0.052 seconds
[2025-06-12T19:13:49.477+0200] {processor.py:186} INFO - Started process (PID=16622) to work on /Users/gordanaristova/MyProjects/MyRpaProject/venv/lib/python3.10/site-packages/airflow/example_dags/example_xcom.py
[2025-06-12T19:13:49.478+0200] {processor.py:914} INFO - Processing file /Users/gordanaristova/MyProjects/MyRpaProject/venv/lib/python3.10/site-packages/airflow/example_dags/example_xcom.py for tasks to queue
[2025-06-12T19:13:49.478+0200] {logging_mixin.py:190} INFO - [2025-06-12T19:13:49.478+0200] {dagbag.py:588} INFO - Filling up the DagBag from /Users/gordanaristova/MyProjects/MyRpaProject/venv/lib/python3.10/site-packages/airflow/example_dags/example_xcom.py
[2025-06-12T19:13:49.490+0200] {processor.py:925} INFO - DAG(s) 'example_xcom' retrieved from /Users/gordanaristova/MyProjects/MyRpaProject/venv/lib/python3.10/site-packages/airflow/example_dags/example_xcom.py
[2025-06-12T19:13:49.520+0200] {logging_mixin.py:190} INFO - [2025-06-12T19:13:49.519+0200] {dag.py:3239} INFO - Sync 1 DAGs
[2025-06-12T19:13:49.524+0200] {logging_mixin.py:190} INFO - [2025-06-12T19:13:49.524+0200] {dag.py:4180} INFO - Setting next_dagrun for example_xcom to 2021-01-01 00:00:00+00:00, run_after=2021-01-01 00:00:00+00:00
[2025-06-12T19:13:49.529+0200] {processor.py:208} INFO - Processing /Users/gordanaristova/MyProjects/MyRpaProject/venv/lib/python3.10/site-packages/airflow/example_dags/example_xcom.py took 0.053 seconds
