[2025-06-12T10:37:40.249+0200] {processor.py:186} INFO - Started process (PID=8475) to work on /Users/gordanaristova/MyProjects/MyRpaProject/venv/lib/python3.10/site-packages/airflow/example_dags/example_bash_decorator.py
[2025-06-12T10:37:40.250+0200] {processor.py:914} INFO - Processing file /Users/gordanaristova/MyProjects/MyRpaProject/venv/lib/python3.10/site-packages/airflow/example_dags/example_bash_decorator.py for tasks to queue
[2025-06-12T10:37:40.250+0200] {logging_mixin.py:190} INFO - [2025-06-12T10:37:40.250+0200] {dagbag.py:588} INFO - Filling up the DagBag from /Users/gordanaristova/MyProjects/MyRpaProject/venv/lib/python3.10/site-packages/airflow/example_dags/example_bash_decorator.py
[2025-06-12T10:37:40.263+0200] {processor.py:925} INFO - DAG(s) 'example_bash_decorator' retrieved from /Users/gordanaristova/MyProjects/MyRpaProject/venv/lib/python3.10/site-packages/airflow/example_dags/example_bash_decorator.py
[2025-06-12T10:37:40.312+0200] {logging_mixin.py:190} INFO - [2025-06-12T10:37:40.312+0200] {override.py:1900} INFO - Created Permission View: can edit on DAG:example_bash_decorator
[2025-06-12T10:37:40.315+0200] {logging_mixin.py:190} INFO - [2025-06-12T10:37:40.314+0200] {override.py:1900} INFO - Created Permission View: can delete on DAG:example_bash_decorator
[2025-06-12T10:37:40.316+0200] {logging_mixin.py:190} INFO - [2025-06-12T10:37:40.316+0200] {override.py:1900} INFO - Created Permission View: can read on DAG:example_bash_decorator
[2025-06-12T10:37:40.318+0200] {logging_mixin.py:190} INFO - [2025-06-12T10:37:40.318+0200] {override.py:1900} INFO - Created Permission View: menu access on DAG Run:example_bash_decorator
[2025-06-12T10:37:40.319+0200] {logging_mixin.py:190} INFO - [2025-06-12T10:37:40.319+0200] {override.py:1900} INFO - Created Permission View: can create on DAG Run:example_bash_decorator
[2025-06-12T10:37:40.321+0200] {logging_mixin.py:190} INFO - [2025-06-12T10:37:40.320+0200] {override.py:1900} INFO - Created Permission View: can delete on DAG Run:example_bash_decorator
[2025-06-12T10:37:40.322+0200] {logging_mixin.py:190} INFO - [2025-06-12T10:37:40.322+0200] {override.py:1900} INFO - Created Permission View: can read on DAG Run:example_bash_decorator
[2025-06-12T10:37:40.322+0200] {logging_mixin.py:190} INFO - [2025-06-12T10:37:40.322+0200] {dag.py:3239} INFO - Sync 1 DAGs
[2025-06-12T10:37:40.325+0200] {logging_mixin.py:190} INFO - [2025-06-12T10:37:40.325+0200] {dag.py:3262} INFO - Creating ORM DAG for example_bash_decorator
[2025-06-12T10:37:40.325+0200] {logging_mixin.py:190} INFO - [2025-06-12T10:37:40.325+0200] {dag.py:4180} INFO - Setting next_dagrun for example_bash_decorator to None, run_after=None
[2025-06-12T10:37:40.329+0200] {processor.py:208} INFO - Processing /Users/gordanaristova/MyProjects/MyRpaProject/venv/lib/python3.10/site-packages/airflow/example_dags/example_bash_decorator.py took 0.081 seconds
[2025-06-12T10:39:28.037+0200] {processor.py:186} INFO - Started process (PID=8562) to work on /Users/gordanaristova/MyProjects/MyRpaProject/venv/lib/python3.10/site-packages/airflow/example_dags/example_bash_decorator.py
[2025-06-12T10:39:28.038+0200] {processor.py:914} INFO - Processing file /Users/gordanaristova/MyProjects/MyRpaProject/venv/lib/python3.10/site-packages/airflow/example_dags/example_bash_decorator.py for tasks to queue
[2025-06-12T10:39:28.039+0200] {logging_mixin.py:190} INFO - [2025-06-12T10:39:28.039+0200] {dagbag.py:588} INFO - Filling up the DagBag from /Users/gordanaristova/MyProjects/MyRpaProject/venv/lib/python3.10/site-packages/airflow/example_dags/example_bash_decorator.py
[2025-06-12T10:39:28.051+0200] {processor.py:925} INFO - DAG(s) 'example_bash_decorator' retrieved from /Users/gordanaristova/MyProjects/MyRpaProject/venv/lib/python3.10/site-packages/airflow/example_dags/example_bash_decorator.py
[2025-06-12T10:39:28.100+0200] {logging_mixin.py:190} INFO - [2025-06-12T10:39:28.100+0200] {dag.py:3239} INFO - Sync 1 DAGs
[2025-06-12T10:39:28.103+0200] {logging_mixin.py:190} INFO - [2025-06-12T10:39:28.103+0200] {dag.py:4180} INFO - Setting next_dagrun for example_bash_decorator to None, run_after=None
[2025-06-12T10:39:28.108+0200] {processor.py:208} INFO - Processing /Users/gordanaristova/MyProjects/MyRpaProject/venv/lib/python3.10/site-packages/airflow/example_dags/example_bash_decorator.py took 0.071 seconds
[2025-06-12T10:41:09.889+0200] {processor.py:186} INFO - Started process (PID=8651) to work on /Users/gordanaristova/MyProjects/MyRpaProject/venv/lib/python3.10/site-packages/airflow/example_dags/example_bash_decorator.py
[2025-06-12T10:41:09.890+0200] {processor.py:914} INFO - Processing file /Users/gordanaristova/MyProjects/MyRpaProject/venv/lib/python3.10/site-packages/airflow/example_dags/example_bash_decorator.py for tasks to queue
[2025-06-12T10:41:09.890+0200] {logging_mixin.py:190} INFO - [2025-06-12T10:41:09.890+0200] {dagbag.py:588} INFO - Filling up the DagBag from /Users/gordanaristova/MyProjects/MyRpaProject/venv/lib/python3.10/site-packages/airflow/example_dags/example_bash_decorator.py
[2025-06-12T10:41:09.902+0200] {processor.py:925} INFO - DAG(s) 'example_bash_decorator' retrieved from /Users/gordanaristova/MyProjects/MyRpaProject/venv/lib/python3.10/site-packages/airflow/example_dags/example_bash_decorator.py
[2025-06-12T10:41:09.954+0200] {logging_mixin.py:190} INFO - [2025-06-12T10:41:09.954+0200] {dag.py:3239} INFO - Sync 1 DAGs
[2025-06-12T10:41:09.957+0200] {logging_mixin.py:190} INFO - [2025-06-12T10:41:09.957+0200] {dag.py:4180} INFO - Setting next_dagrun for example_bash_decorator to None, run_after=None
[2025-06-12T10:41:09.962+0200] {processor.py:208} INFO - Processing /Users/gordanaristova/MyProjects/MyRpaProject/venv/lib/python3.10/site-packages/airflow/example_dags/example_bash_decorator.py took 0.074 seconds
[2025-06-12T10:42:57.272+0200] {processor.py:186} INFO - Started process (PID=8737) to work on /Users/gordanaristova/MyProjects/MyRpaProject/venv/lib/python3.10/site-packages/airflow/example_dags/example_bash_decorator.py
[2025-06-12T10:42:57.272+0200] {processor.py:914} INFO - Processing file /Users/gordanaristova/MyProjects/MyRpaProject/venv/lib/python3.10/site-packages/airflow/example_dags/example_bash_decorator.py for tasks to queue
[2025-06-12T10:42:57.273+0200] {logging_mixin.py:190} INFO - [2025-06-12T10:42:57.273+0200] {dagbag.py:588} INFO - Filling up the DagBag from /Users/gordanaristova/MyProjects/MyRpaProject/venv/lib/python3.10/site-packages/airflow/example_dags/example_bash_decorator.py
[2025-06-12T10:42:57.285+0200] {processor.py:925} INFO - DAG(s) 'example_bash_decorator' retrieved from /Users/gordanaristova/MyProjects/MyRpaProject/venv/lib/python3.10/site-packages/airflow/example_dags/example_bash_decorator.py
[2025-06-12T10:42:57.334+0200] {logging_mixin.py:190} INFO - [2025-06-12T10:42:57.334+0200] {dag.py:3239} INFO - Sync 1 DAGs
[2025-06-12T10:42:57.337+0200] {logging_mixin.py:190} INFO - [2025-06-12T10:42:57.337+0200] {dag.py:4180} INFO - Setting next_dagrun for example_bash_decorator to None, run_after=None
[2025-06-12T10:42:57.342+0200] {processor.py:208} INFO - Processing /Users/gordanaristova/MyProjects/MyRpaProject/venv/lib/python3.10/site-packages/airflow/example_dags/example_bash_decorator.py took 0.070 seconds
[2025-06-12T10:44:44.055+0200] {processor.py:186} INFO - Started process (PID=8887) to work on /Users/gordanaristova/MyProjects/MyRpaProject/venv/lib/python3.10/site-packages/airflow/example_dags/example_bash_decorator.py
[2025-06-12T10:44:44.056+0200] {processor.py:914} INFO - Processing file /Users/gordanaristova/MyProjects/MyRpaProject/venv/lib/python3.10/site-packages/airflow/example_dags/example_bash_decorator.py for tasks to queue
[2025-06-12T10:44:44.056+0200] {logging_mixin.py:190} INFO - [2025-06-12T10:44:44.056+0200] {dagbag.py:588} INFO - Filling up the DagBag from /Users/gordanaristova/MyProjects/MyRpaProject/venv/lib/python3.10/site-packages/airflow/example_dags/example_bash_decorator.py
[2025-06-12T10:44:44.071+0200] {processor.py:925} INFO - DAG(s) 'example_bash_decorator' retrieved from /Users/gordanaristova/MyProjects/MyRpaProject/venv/lib/python3.10/site-packages/airflow/example_dags/example_bash_decorator.py
[2025-06-12T10:44:44.127+0200] {logging_mixin.py:190} INFO - [2025-06-12T10:44:44.126+0200] {dag.py:3239} INFO - Sync 1 DAGs
[2025-06-12T10:44:44.130+0200] {logging_mixin.py:190} INFO - [2025-06-12T10:44:44.130+0200] {dag.py:4180} INFO - Setting next_dagrun for example_bash_decorator to None, run_after=None
[2025-06-12T10:44:44.136+0200] {processor.py:208} INFO - Processing /Users/gordanaristova/MyProjects/MyRpaProject/venv/lib/python3.10/site-packages/airflow/example_dags/example_bash_decorator.py took 0.082 seconds
[2025-06-12T10:46:29.001+0200] {processor.py:186} INFO - Started process (PID=8984) to work on /Users/gordanaristova/MyProjects/MyRpaProject/venv/lib/python3.10/site-packages/airflow/example_dags/example_bash_decorator.py
[2025-06-12T10:46:29.002+0200] {processor.py:914} INFO - Processing file /Users/gordanaristova/MyProjects/MyRpaProject/venv/lib/python3.10/site-packages/airflow/example_dags/example_bash_decorator.py for tasks to queue
[2025-06-12T10:46:29.002+0200] {logging_mixin.py:190} INFO - [2025-06-12T10:46:29.002+0200] {dagbag.py:588} INFO - Filling up the DagBag from /Users/gordanaristova/MyProjects/MyRpaProject/venv/lib/python3.10/site-packages/airflow/example_dags/example_bash_decorator.py
[2025-06-12T10:46:29.015+0200] {processor.py:925} INFO - DAG(s) 'example_bash_decorator' retrieved from /Users/gordanaristova/MyProjects/MyRpaProject/venv/lib/python3.10/site-packages/airflow/example_dags/example_bash_decorator.py
[2025-06-12T10:46:29.075+0200] {logging_mixin.py:190} INFO - [2025-06-12T10:46:29.075+0200] {dag.py:3239} INFO - Sync 1 DAGs
[2025-06-12T10:46:29.078+0200] {logging_mixin.py:190} INFO - [2025-06-12T10:46:29.078+0200] {dag.py:4180} INFO - Setting next_dagrun for example_bash_decorator to None, run_after=None
[2025-06-12T10:46:29.083+0200] {processor.py:208} INFO - Processing /Users/gordanaristova/MyProjects/MyRpaProject/venv/lib/python3.10/site-packages/airflow/example_dags/example_bash_decorator.py took 0.083 seconds
[2025-06-12T10:48:22.629+0200] {processor.py:186} INFO - Started process (PID=9135) to work on /Users/gordanaristova/MyProjects/MyRpaProject/venv/lib/python3.10/site-packages/airflow/example_dags/example_bash_decorator.py
[2025-06-12T10:48:22.630+0200] {processor.py:914} INFO - Processing file /Users/gordanaristova/MyProjects/MyRpaProject/venv/lib/python3.10/site-packages/airflow/example_dags/example_bash_decorator.py for tasks to queue
[2025-06-12T10:48:22.631+0200] {logging_mixin.py:190} INFO - [2025-06-12T10:48:22.631+0200] {dagbag.py:588} INFO - Filling up the DagBag from /Users/gordanaristova/MyProjects/MyRpaProject/venv/lib/python3.10/site-packages/airflow/example_dags/example_bash_decorator.py
[2025-06-12T10:48:22.643+0200] {processor.py:925} INFO - DAG(s) 'example_bash_decorator' retrieved from /Users/gordanaristova/MyProjects/MyRpaProject/venv/lib/python3.10/site-packages/airflow/example_dags/example_bash_decorator.py
[2025-06-12T10:48:22.694+0200] {logging_mixin.py:190} INFO - [2025-06-12T10:48:22.694+0200] {dag.py:3239} INFO - Sync 1 DAGs
[2025-06-12T10:48:22.697+0200] {logging_mixin.py:190} INFO - [2025-06-12T10:48:22.697+0200] {dag.py:4180} INFO - Setting next_dagrun for example_bash_decorator to None, run_after=None
[2025-06-12T10:48:22.702+0200] {processor.py:208} INFO - Processing /Users/gordanaristova/MyProjects/MyRpaProject/venv/lib/python3.10/site-packages/airflow/example_dags/example_bash_decorator.py took 0.074 seconds
[2025-06-12T10:50:09.617+0200] {processor.py:186} INFO - Started process (PID=9249) to work on /Users/gordanaristova/MyProjects/MyRpaProject/venv/lib/python3.10/site-packages/airflow/example_dags/example_bash_decorator.py
[2025-06-12T10:50:09.618+0200] {processor.py:914} INFO - Processing file /Users/gordanaristova/MyProjects/MyRpaProject/venv/lib/python3.10/site-packages/airflow/example_dags/example_bash_decorator.py for tasks to queue
[2025-06-12T10:50:09.618+0200] {logging_mixin.py:190} INFO - [2025-06-12T10:50:09.618+0200] {dagbag.py:588} INFO - Filling up the DagBag from /Users/gordanaristova/MyProjects/MyRpaProject/venv/lib/python3.10/site-packages/airflow/example_dags/example_bash_decorator.py
[2025-06-12T10:50:09.630+0200] {processor.py:925} INFO - DAG(s) 'example_bash_decorator' retrieved from /Users/gordanaristova/MyProjects/MyRpaProject/venv/lib/python3.10/site-packages/airflow/example_dags/example_bash_decorator.py
[2025-06-12T10:50:09.688+0200] {logging_mixin.py:190} INFO - [2025-06-12T10:50:09.688+0200] {dag.py:3239} INFO - Sync 1 DAGs
[2025-06-12T10:50:09.692+0200] {logging_mixin.py:190} INFO - [2025-06-12T10:50:09.691+0200] {dag.py:4180} INFO - Setting next_dagrun for example_bash_decorator to None, run_after=None
[2025-06-12T10:50:09.700+0200] {processor.py:208} INFO - Processing /Users/gordanaristova/MyProjects/MyRpaProject/venv/lib/python3.10/site-packages/airflow/example_dags/example_bash_decorator.py took 0.084 seconds
[2025-06-12T10:57:50.893+0200] {processor.py:186} INFO - Started process (PID=9495) to work on /Users/gordanaristova/MyProjects/MyRpaProject/venv/lib/python3.10/site-packages/airflow/example_dags/example_bash_decorator.py
[2025-06-12T10:57:50.893+0200] {processor.py:914} INFO - Processing file /Users/gordanaristova/MyProjects/MyRpaProject/venv/lib/python3.10/site-packages/airflow/example_dags/example_bash_decorator.py for tasks to queue
[2025-06-12T10:57:50.894+0200] {logging_mixin.py:190} INFO - [2025-06-12T10:57:50.894+0200] {dagbag.py:588} INFO - Filling up the DagBag from /Users/gordanaristova/MyProjects/MyRpaProject/venv/lib/python3.10/site-packages/airflow/example_dags/example_bash_decorator.py
[2025-06-12T10:57:50.906+0200] {processor.py:925} INFO - DAG(s) 'example_bash_decorator' retrieved from /Users/gordanaristova/MyProjects/MyRpaProject/venv/lib/python3.10/site-packages/airflow/example_dags/example_bash_decorator.py
[2025-06-12T10:57:50.959+0200] {logging_mixin.py:190} INFO - [2025-06-12T10:57:50.959+0200] {dag.py:3239} INFO - Sync 1 DAGs
[2025-06-12T10:57:50.962+0200] {logging_mixin.py:190} INFO - [2025-06-12T10:57:50.962+0200] {dag.py:4180} INFO - Setting next_dagrun for example_bash_decorator to None, run_after=None
[2025-06-12T10:57:50.967+0200] {processor.py:208} INFO - Processing /Users/gordanaristova/MyProjects/MyRpaProject/venv/lib/python3.10/site-packages/airflow/example_dags/example_bash_decorator.py took 0.075 seconds
[2025-06-12T11:12:35.376+0200] {processor.py:186} INFO - Started process (PID=9808) to work on /Users/gordanaristova/MyProjects/MyRpaProject/venv/lib/python3.10/site-packages/airflow/example_dags/example_bash_decorator.py
[2025-06-12T11:12:35.377+0200] {processor.py:914} INFO - Processing file /Users/gordanaristova/MyProjects/MyRpaProject/venv/lib/python3.10/site-packages/airflow/example_dags/example_bash_decorator.py for tasks to queue
[2025-06-12T11:12:35.377+0200] {logging_mixin.py:190} INFO - [2025-06-12T11:12:35.377+0200] {dagbag.py:588} INFO - Filling up the DagBag from /Users/gordanaristova/MyProjects/MyRpaProject/venv/lib/python3.10/site-packages/airflow/example_dags/example_bash_decorator.py
[2025-06-12T11:12:35.390+0200] {processor.py:925} INFO - DAG(s) 'example_bash_decorator' retrieved from /Users/gordanaristova/MyProjects/MyRpaProject/venv/lib/python3.10/site-packages/airflow/example_dags/example_bash_decorator.py
[2025-06-12T11:12:35.439+0200] {logging_mixin.py:190} INFO - [2025-06-12T11:12:35.439+0200] {dag.py:3239} INFO - Sync 1 DAGs
[2025-06-12T11:12:35.442+0200] {logging_mixin.py:190} INFO - [2025-06-12T11:12:35.442+0200] {dag.py:4180} INFO - Setting next_dagrun for example_bash_decorator to None, run_after=None
[2025-06-12T11:12:35.447+0200] {processor.py:208} INFO - Processing /Users/gordanaristova/MyProjects/MyRpaProject/venv/lib/python3.10/site-packages/airflow/example_dags/example_bash_decorator.py took 0.072 seconds
[2025-06-12T11:22:41.017+0200] {processor.py:186} INFO - Started process (PID=10093) to work on /Users/gordanaristova/MyProjects/MyRpaProject/venv/lib/python3.10/site-packages/airflow/example_dags/example_bash_decorator.py
[2025-06-12T11:22:41.018+0200] {processor.py:914} INFO - Processing file /Users/gordanaristova/MyProjects/MyRpaProject/venv/lib/python3.10/site-packages/airflow/example_dags/example_bash_decorator.py for tasks to queue
[2025-06-12T11:22:41.019+0200] {logging_mixin.py:190} INFO - [2025-06-12T11:22:41.018+0200] {dagbag.py:588} INFO - Filling up the DagBag from /Users/gordanaristova/MyProjects/MyRpaProject/venv/lib/python3.10/site-packages/airflow/example_dags/example_bash_decorator.py
[2025-06-12T11:22:41.031+0200] {processor.py:925} INFO - DAG(s) 'example_bash_decorator' retrieved from /Users/gordanaristova/MyProjects/MyRpaProject/venv/lib/python3.10/site-packages/airflow/example_dags/example_bash_decorator.py
[2025-06-12T11:22:41.080+0200] {logging_mixin.py:190} INFO - [2025-06-12T11:22:41.080+0200] {dag.py:3239} INFO - Sync 1 DAGs
[2025-06-12T11:22:41.083+0200] {logging_mixin.py:190} INFO - [2025-06-12T11:22:41.083+0200] {dag.py:4180} INFO - Setting next_dagrun for example_bash_decorator to None, run_after=None
[2025-06-12T11:22:41.088+0200] {processor.py:208} INFO - Processing /Users/gordanaristova/MyProjects/MyRpaProject/venv/lib/python3.10/site-packages/airflow/example_dags/example_bash_decorator.py took 0.071 seconds
[2025-06-12T11:41:56.980+0200] {processor.py:186} INFO - Started process (PID=10460) to work on /Users/gordanaristova/MyProjects/MyRpaProject/venv/lib/python3.10/site-packages/airflow/example_dags/example_bash_decorator.py
[2025-06-12T11:41:56.981+0200] {processor.py:914} INFO - Processing file /Users/gordanaristova/MyProjects/MyRpaProject/venv/lib/python3.10/site-packages/airflow/example_dags/example_bash_decorator.py for tasks to queue
[2025-06-12T11:41:56.981+0200] {logging_mixin.py:190} INFO - [2025-06-12T11:41:56.981+0200] {dagbag.py:588} INFO - Filling up the DagBag from /Users/gordanaristova/MyProjects/MyRpaProject/venv/lib/python3.10/site-packages/airflow/example_dags/example_bash_decorator.py
[2025-06-12T11:41:56.993+0200] {processor.py:925} INFO - DAG(s) 'example_bash_decorator' retrieved from /Users/gordanaristova/MyProjects/MyRpaProject/venv/lib/python3.10/site-packages/airflow/example_dags/example_bash_decorator.py
[2025-06-12T11:41:57.043+0200] {logging_mixin.py:190} INFO - [2025-06-12T11:41:57.042+0200] {dag.py:3239} INFO - Sync 1 DAGs
[2025-06-12T11:41:57.045+0200] {logging_mixin.py:190} INFO - [2025-06-12T11:41:57.045+0200] {dag.py:4180} INFO - Setting next_dagrun for example_bash_decorator to None, run_after=None
[2025-06-12T11:41:57.050+0200] {processor.py:208} INFO - Processing /Users/gordanaristova/MyProjects/MyRpaProject/venv/lib/python3.10/site-packages/airflow/example_dags/example_bash_decorator.py took 0.071 seconds
[2025-06-12T11:50:45.943+0200] {processor.py:186} INFO - Started process (PID=10682) to work on /Users/gordanaristova/MyProjects/MyRpaProject/venv/lib/python3.10/site-packages/airflow/example_dags/example_bash_decorator.py
[2025-06-12T11:50:45.943+0200] {processor.py:914} INFO - Processing file /Users/gordanaristova/MyProjects/MyRpaProject/venv/lib/python3.10/site-packages/airflow/example_dags/example_bash_decorator.py for tasks to queue
[2025-06-12T11:50:45.944+0200] {logging_mixin.py:190} INFO - [2025-06-12T11:50:45.944+0200] {dagbag.py:588} INFO - Filling up the DagBag from /Users/gordanaristova/MyProjects/MyRpaProject/venv/lib/python3.10/site-packages/airflow/example_dags/example_bash_decorator.py
[2025-06-12T11:50:45.956+0200] {processor.py:925} INFO - DAG(s) 'example_bash_decorator' retrieved from /Users/gordanaristova/MyProjects/MyRpaProject/venv/lib/python3.10/site-packages/airflow/example_dags/example_bash_decorator.py
[2025-06-12T11:50:46.006+0200] {logging_mixin.py:190} INFO - [2025-06-12T11:50:46.005+0200] {dag.py:3239} INFO - Sync 1 DAGs
[2025-06-12T11:50:46.008+0200] {logging_mixin.py:190} INFO - [2025-06-12T11:50:46.008+0200] {dag.py:4180} INFO - Setting next_dagrun for example_bash_decorator to None, run_after=None
[2025-06-12T11:50:46.013+0200] {processor.py:208} INFO - Processing /Users/gordanaristova/MyProjects/MyRpaProject/venv/lib/python3.10/site-packages/airflow/example_dags/example_bash_decorator.py took 0.072 seconds
[2025-06-12T11:52:34.966+0200] {processor.py:186} INFO - Started process (PID=10805) to work on /Users/gordanaristova/MyProjects/MyRpaProject/venv/lib/python3.10/site-packages/airflow/example_dags/example_bash_decorator.py
[2025-06-12T11:52:34.967+0200] {processor.py:914} INFO - Processing file /Users/gordanaristova/MyProjects/MyRpaProject/venv/lib/python3.10/site-packages/airflow/example_dags/example_bash_decorator.py for tasks to queue
[2025-06-12T11:52:34.968+0200] {logging_mixin.py:190} INFO - [2025-06-12T11:52:34.968+0200] {dagbag.py:588} INFO - Filling up the DagBag from /Users/gordanaristova/MyProjects/MyRpaProject/venv/lib/python3.10/site-packages/airflow/example_dags/example_bash_decorator.py
[2025-06-12T11:52:34.980+0200] {processor.py:925} INFO - DAG(s) 'example_bash_decorator' retrieved from /Users/gordanaristova/MyProjects/MyRpaProject/venv/lib/python3.10/site-packages/airflow/example_dags/example_bash_decorator.py
[2025-06-12T11:52:35.031+0200] {logging_mixin.py:190} INFO - [2025-06-12T11:52:35.031+0200] {dag.py:3239} INFO - Sync 1 DAGs
[2025-06-12T11:52:35.034+0200] {logging_mixin.py:190} INFO - [2025-06-12T11:52:35.034+0200] {dag.py:4180} INFO - Setting next_dagrun for example_bash_decorator to None, run_after=None
[2025-06-12T11:52:35.039+0200] {processor.py:208} INFO - Processing /Users/gordanaristova/MyProjects/MyRpaProject/venv/lib/python3.10/site-packages/airflow/example_dags/example_bash_decorator.py took 0.074 seconds
[2025-06-12T11:54:23.010+0200] {processor.py:186} INFO - Started process (PID=10888) to work on /Users/gordanaristova/MyProjects/MyRpaProject/venv/lib/python3.10/site-packages/airflow/example_dags/example_bash_decorator.py
[2025-06-12T11:54:23.011+0200] {processor.py:914} INFO - Processing file /Users/gordanaristova/MyProjects/MyRpaProject/venv/lib/python3.10/site-packages/airflow/example_dags/example_bash_decorator.py for tasks to queue
[2025-06-12T11:54:23.011+0200] {logging_mixin.py:190} INFO - [2025-06-12T11:54:23.011+0200] {dagbag.py:588} INFO - Filling up the DagBag from /Users/gordanaristova/MyProjects/MyRpaProject/venv/lib/python3.10/site-packages/airflow/example_dags/example_bash_decorator.py
[2025-06-12T11:54:23.023+0200] {processor.py:925} INFO - DAG(s) 'example_bash_decorator' retrieved from /Users/gordanaristova/MyProjects/MyRpaProject/venv/lib/python3.10/site-packages/airflow/example_dags/example_bash_decorator.py
[2025-06-12T11:54:23.081+0200] {logging_mixin.py:190} INFO - [2025-06-12T11:54:23.081+0200] {dag.py:3239} INFO - Sync 1 DAGs
[2025-06-12T11:54:23.084+0200] {logging_mixin.py:190} INFO - [2025-06-12T11:54:23.084+0200] {dag.py:4180} INFO - Setting next_dagrun for example_bash_decorator to None, run_after=None
[2025-06-12T11:54:23.089+0200] {processor.py:208} INFO - Processing /Users/gordanaristova/MyProjects/MyRpaProject/venv/lib/python3.10/site-packages/airflow/example_dags/example_bash_decorator.py took 0.080 seconds
[2025-06-12T11:56:10.308+0200] {processor.py:186} INFO - Started process (PID=11001) to work on /Users/gordanaristova/MyProjects/MyRpaProject/venv/lib/python3.10/site-packages/airflow/example_dags/example_bash_decorator.py
[2025-06-12T11:56:10.309+0200] {processor.py:914} INFO - Processing file /Users/gordanaristova/MyProjects/MyRpaProject/venv/lib/python3.10/site-packages/airflow/example_dags/example_bash_decorator.py for tasks to queue
[2025-06-12T11:56:10.310+0200] {logging_mixin.py:190} INFO - [2025-06-12T11:56:10.310+0200] {dagbag.py:588} INFO - Filling up the DagBag from /Users/gordanaristova/MyProjects/MyRpaProject/venv/lib/python3.10/site-packages/airflow/example_dags/example_bash_decorator.py
[2025-06-12T11:56:10.322+0200] {processor.py:925} INFO - DAG(s) 'example_bash_decorator' retrieved from /Users/gordanaristova/MyProjects/MyRpaProject/venv/lib/python3.10/site-packages/airflow/example_dags/example_bash_decorator.py
[2025-06-12T11:56:10.373+0200] {logging_mixin.py:190} INFO - [2025-06-12T11:56:10.372+0200] {dag.py:3239} INFO - Sync 1 DAGs
[2025-06-12T11:56:10.375+0200] {logging_mixin.py:190} INFO - [2025-06-12T11:56:10.375+0200] {dag.py:4180} INFO - Setting next_dagrun for example_bash_decorator to None, run_after=None
[2025-06-12T11:56:10.380+0200] {processor.py:208} INFO - Processing /Users/gordanaristova/MyProjects/MyRpaProject/venv/lib/python3.10/site-packages/airflow/example_dags/example_bash_decorator.py took 0.073 seconds
[2025-06-12T13:15:36.585+0200] {processor.py:186} INFO - Started process (PID=13060) to work on /Users/gordanaristova/MyProjects/MyRpaProject/venv/lib/python3.10/site-packages/airflow/example_dags/example_bash_decorator.py
[2025-06-12T13:15:36.586+0200] {processor.py:914} INFO - Processing file /Users/gordanaristova/MyProjects/MyRpaProject/venv/lib/python3.10/site-packages/airflow/example_dags/example_bash_decorator.py for tasks to queue
[2025-06-12T13:15:36.587+0200] {logging_mixin.py:190} INFO - [2025-06-12T13:15:36.587+0200] {dagbag.py:588} INFO - Filling up the DagBag from /Users/gordanaristova/MyProjects/MyRpaProject/venv/lib/python3.10/site-packages/airflow/example_dags/example_bash_decorator.py
[2025-06-12T13:15:36.600+0200] {processor.py:925} INFO - DAG(s) 'example_bash_decorator' retrieved from /Users/gordanaristova/MyProjects/MyRpaProject/venv/lib/python3.10/site-packages/airflow/example_dags/example_bash_decorator.py
[2025-06-12T13:15:36.660+0200] {logging_mixin.py:190} INFO - [2025-06-12T13:15:36.660+0200] {dag.py:3239} INFO - Sync 1 DAGs
[2025-06-12T13:15:36.663+0200] {logging_mixin.py:190} INFO - [2025-06-12T13:15:36.663+0200] {dag.py:4180} INFO - Setting next_dagrun for example_bash_decorator to None, run_after=None
[2025-06-12T13:15:36.668+0200] {processor.py:208} INFO - Processing /Users/gordanaristova/MyProjects/MyRpaProject/venv/lib/python3.10/site-packages/airflow/example_dags/example_bash_decorator.py took 0.084 seconds
[2025-06-12T19:11:58.212+0200] {processor.py:186} INFO - Started process (PID=16506) to work on /Users/gordanaristova/MyProjects/MyRpaProject/venv/lib/python3.10/site-packages/airflow/example_dags/example_bash_decorator.py
[2025-06-12T19:11:58.213+0200] {processor.py:914} INFO - Processing file /Users/gordanaristova/MyProjects/MyRpaProject/venv/lib/python3.10/site-packages/airflow/example_dags/example_bash_decorator.py for tasks to queue
[2025-06-12T19:11:58.214+0200] {logging_mixin.py:190} INFO - [2025-06-12T19:11:58.214+0200] {dagbag.py:588} INFO - Filling up the DagBag from /Users/gordanaristova/MyProjects/MyRpaProject/venv/lib/python3.10/site-packages/airflow/example_dags/example_bash_decorator.py
[2025-06-12T19:11:58.228+0200] {processor.py:925} INFO - DAG(s) 'example_bash_decorator' retrieved from /Users/gordanaristova/MyProjects/MyRpaProject/venv/lib/python3.10/site-packages/airflow/example_dags/example_bash_decorator.py
[2025-06-12T19:11:58.290+0200] {logging_mixin.py:190} INFO - [2025-06-12T19:11:58.290+0200] {dag.py:3239} INFO - Sync 1 DAGs
[2025-06-12T19:11:58.293+0200] {logging_mixin.py:190} INFO - [2025-06-12T19:11:58.293+0200] {dag.py:4180} INFO - Setting next_dagrun for example_bash_decorator to None, run_after=None
[2025-06-12T19:11:58.298+0200] {processor.py:208} INFO - Processing /Users/gordanaristova/MyProjects/MyRpaProject/venv/lib/python3.10/site-packages/airflow/example_dags/example_bash_decorator.py took 0.087 seconds
