[2025-06-12T10:36:59.235+0200] {processor.py:186} INFO - Started process (PID=8437) to work on /Users/gordanaristova/MyProjects/MyRpaProject/venv/lib/python3.10/site-packages/airflow/example_dags/example_python_decorator.py
[2025-06-12T10:36:59.235+0200] {processor.py:914} INFO - Processing file /Users/gordanaristova/MyProjects/MyRpaProject/venv/lib/python3.10/site-packages/airflow/example_dags/example_python_decorator.py for tasks to queue
[2025-06-12T10:36:59.236+0200] {logging_mixin.py:190} INFO - [2025-06-12T10:36:59.236+0200] {dagbag.py:588} INFO - Filling up the DagBag from /Users/gordanaristova/MyProjects/MyRpaProject/venv/lib/python3.10/site-packages/airflow/example_dags/example_python_decorator.py
[2025-06-12T10:36:59.247+0200] {logging_mixin.py:190} INFO - [2025-06-12T10:36:59.247+0200] {example_python_decorator.py:80} WARNING - The virtalenv_python example task requires virtualenv, please install it.
[2025-06-12T10:36:59.248+0200] {processor.py:925} INFO - DAG(s) 'example_python_decorator' retrieved from /Users/gordanaristova/MyProjects/MyRpaProject/venv/lib/python3.10/site-packages/airflow/example_dags/example_python_decorator.py
[2025-06-12T10:36:59.296+0200] {logging_mixin.py:190} INFO - [2025-06-12T10:36:59.296+0200] {override.py:1900} INFO - Created Permission View: can edit on DAG:example_python_decorator
[2025-06-12T10:36:59.298+0200] {logging_mixin.py:190} INFO - [2025-06-12T10:36:59.298+0200] {override.py:1900} INFO - Created Permission View: can delete on DAG:example_python_decorator
[2025-06-12T10:36:59.300+0200] {logging_mixin.py:190} INFO - [2025-06-12T10:36:59.300+0200] {override.py:1900} INFO - Created Permission View: can read on DAG:example_python_decorator
[2025-06-12T10:36:59.302+0200] {logging_mixin.py:190} INFO - [2025-06-12T10:36:59.302+0200] {override.py:1900} INFO - Created Permission View: can create on DAG Run:example_python_decorator
[2025-06-12T10:36:59.303+0200] {logging_mixin.py:190} INFO - [2025-06-12T10:36:59.303+0200] {override.py:1900} INFO - Created Permission View: menu access on DAG Run:example_python_decorator
[2025-06-12T10:36:59.304+0200] {logging_mixin.py:190} INFO - [2025-06-12T10:36:59.304+0200] {override.py:1900} INFO - Created Permission View: can delete on DAG Run:example_python_decorator
[2025-06-12T10:36:59.306+0200] {logging_mixin.py:190} INFO - [2025-06-12T10:36:59.306+0200] {override.py:1900} INFO - Created Permission View: can read on DAG Run:example_python_decorator
[2025-06-12T10:36:59.306+0200] {logging_mixin.py:190} INFO - [2025-06-12T10:36:59.306+0200] {dag.py:3239} INFO - Sync 1 DAGs
[2025-06-12T10:36:59.309+0200] {logging_mixin.py:190} INFO - [2025-06-12T10:36:59.309+0200] {dag.py:3262} INFO - Creating ORM DAG for example_python_decorator
[2025-06-12T10:36:59.309+0200] {logging_mixin.py:190} INFO - [2025-06-12T10:36:59.309+0200] {dag.py:4180} INFO - Setting next_dagrun for example_python_decorator to None, run_after=None
[2025-06-12T10:36:59.313+0200] {processor.py:208} INFO - Processing /Users/gordanaristova/MyProjects/MyRpaProject/venv/lib/python3.10/site-packages/airflow/example_dags/example_python_decorator.py took 0.079 seconds
[2025-06-12T10:38:24.982+0200] {processor.py:186} INFO - Started process (PID=8511) to work on /Users/gordanaristova/MyProjects/MyRpaProject/venv/lib/python3.10/site-packages/airflow/example_dags/example_python_decorator.py
[2025-06-12T10:38:24.983+0200] {processor.py:914} INFO - Processing file /Users/gordanaristova/MyProjects/MyRpaProject/venv/lib/python3.10/site-packages/airflow/example_dags/example_python_decorator.py for tasks to queue
[2025-06-12T10:38:24.984+0200] {logging_mixin.py:190} INFO - [2025-06-12T10:38:24.984+0200] {dagbag.py:588} INFO - Filling up the DagBag from /Users/gordanaristova/MyProjects/MyRpaProject/venv/lib/python3.10/site-packages/airflow/example_dags/example_python_decorator.py
[2025-06-12T10:38:24.995+0200] {logging_mixin.py:190} INFO - [2025-06-12T10:38:24.995+0200] {example_python_decorator.py:80} WARNING - The virtalenv_python example task requires virtualenv, please install it.
[2025-06-12T10:38:24.996+0200] {processor.py:925} INFO - DAG(s) 'example_python_decorator' retrieved from /Users/gordanaristova/MyProjects/MyRpaProject/venv/lib/python3.10/site-packages/airflow/example_dags/example_python_decorator.py
[2025-06-12T10:38:25.024+0200] {logging_mixin.py:190} INFO - [2025-06-12T10:38:25.024+0200] {dag.py:3239} INFO - Sync 1 DAGs
[2025-06-12T10:38:25.027+0200] {logging_mixin.py:190} INFO - [2025-06-12T10:38:25.026+0200] {dag.py:4180} INFO - Setting next_dagrun for example_python_decorator to None, run_after=None
[2025-06-12T10:38:25.031+0200] {processor.py:208} INFO - Processing /Users/gordanaristova/MyProjects/MyRpaProject/venv/lib/python3.10/site-packages/airflow/example_dags/example_python_decorator.py took 0.050 seconds
[2025-06-12T10:40:08.389+0200] {processor.py:186} INFO - Started process (PID=8595) to work on /Users/gordanaristova/MyProjects/MyRpaProject/venv/lib/python3.10/site-packages/airflow/example_dags/example_python_decorator.py
[2025-06-12T10:40:08.390+0200] {processor.py:914} INFO - Processing file /Users/gordanaristova/MyProjects/MyRpaProject/venv/lib/python3.10/site-packages/airflow/example_dags/example_python_decorator.py for tasks to queue
[2025-06-12T10:40:08.390+0200] {logging_mixin.py:190} INFO - [2025-06-12T10:40:08.390+0200] {dagbag.py:588} INFO - Filling up the DagBag from /Users/gordanaristova/MyProjects/MyRpaProject/venv/lib/python3.10/site-packages/airflow/example_dags/example_python_decorator.py
[2025-06-12T10:40:08.401+0200] {logging_mixin.py:190} INFO - [2025-06-12T10:40:08.401+0200] {example_python_decorator.py:80} WARNING - The virtalenv_python example task requires virtualenv, please install it.
[2025-06-12T10:40:08.402+0200] {processor.py:925} INFO - DAG(s) 'example_python_decorator' retrieved from /Users/gordanaristova/MyProjects/MyRpaProject/venv/lib/python3.10/site-packages/airflow/example_dags/example_python_decorator.py
[2025-06-12T10:40:08.429+0200] {logging_mixin.py:190} INFO - [2025-06-12T10:40:08.429+0200] {dag.py:3239} INFO - Sync 1 DAGs
[2025-06-12T10:40:08.432+0200] {logging_mixin.py:190} INFO - [2025-06-12T10:40:08.432+0200] {dag.py:4180} INFO - Setting next_dagrun for example_python_decorator to None, run_after=None
[2025-06-12T10:40:08.437+0200] {processor.py:208} INFO - Processing /Users/gordanaristova/MyProjects/MyRpaProject/venv/lib/python3.10/site-packages/airflow/example_dags/example_python_decorator.py took 0.049 seconds
[2025-06-12T10:41:53.355+0200] {processor.py:186} INFO - Started process (PID=8683) to work on /Users/gordanaristova/MyProjects/MyRpaProject/venv/lib/python3.10/site-packages/airflow/example_dags/example_python_decorator.py
[2025-06-12T10:41:53.356+0200] {processor.py:914} INFO - Processing file /Users/gordanaristova/MyProjects/MyRpaProject/venv/lib/python3.10/site-packages/airflow/example_dags/example_python_decorator.py for tasks to queue
[2025-06-12T10:41:53.357+0200] {logging_mixin.py:190} INFO - [2025-06-12T10:41:53.357+0200] {dagbag.py:588} INFO - Filling up the DagBag from /Users/gordanaristova/MyProjects/MyRpaProject/venv/lib/python3.10/site-packages/airflow/example_dags/example_python_decorator.py
[2025-06-12T10:41:53.368+0200] {logging_mixin.py:190} INFO - [2025-06-12T10:41:53.368+0200] {example_python_decorator.py:80} WARNING - The virtalenv_python example task requires virtualenv, please install it.
[2025-06-12T10:41:53.368+0200] {processor.py:925} INFO - DAG(s) 'example_python_decorator' retrieved from /Users/gordanaristova/MyProjects/MyRpaProject/venv/lib/python3.10/site-packages/airflow/example_dags/example_python_decorator.py
[2025-06-12T10:41:53.397+0200] {logging_mixin.py:190} INFO - [2025-06-12T10:41:53.397+0200] {dag.py:3239} INFO - Sync 1 DAGs
[2025-06-12T10:41:53.400+0200] {logging_mixin.py:190} INFO - [2025-06-12T10:41:53.400+0200] {dag.py:4180} INFO - Setting next_dagrun for example_python_decorator to None, run_after=None
[2025-06-12T10:41:53.405+0200] {processor.py:208} INFO - Processing /Users/gordanaristova/MyProjects/MyRpaProject/venv/lib/python3.10/site-packages/airflow/example_dags/example_python_decorator.py took 0.050 seconds
[2025-06-12T10:43:40.776+0200] {processor.py:186} INFO - Started process (PID=8827) to work on /Users/gordanaristova/MyProjects/MyRpaProject/venv/lib/python3.10/site-packages/airflow/example_dags/example_python_decorator.py
[2025-06-12T10:43:40.776+0200] {processor.py:914} INFO - Processing file /Users/gordanaristova/MyProjects/MyRpaProject/venv/lib/python3.10/site-packages/airflow/example_dags/example_python_decorator.py for tasks to queue
[2025-06-12T10:43:40.777+0200] {logging_mixin.py:190} INFO - [2025-06-12T10:43:40.776+0200] {dagbag.py:588} INFO - Filling up the DagBag from /Users/gordanaristova/MyProjects/MyRpaProject/venv/lib/python3.10/site-packages/airflow/example_dags/example_python_decorator.py
[2025-06-12T10:43:40.788+0200] {logging_mixin.py:190} INFO - [2025-06-12T10:43:40.788+0200] {example_python_decorator.py:80} WARNING - The virtalenv_python example task requires virtualenv, please install it.
[2025-06-12T10:43:40.788+0200] {processor.py:925} INFO - DAG(s) 'example_python_decorator' retrieved from /Users/gordanaristova/MyProjects/MyRpaProject/venv/lib/python3.10/site-packages/airflow/example_dags/example_python_decorator.py
[2025-06-12T10:43:40.817+0200] {logging_mixin.py:190} INFO - [2025-06-12T10:43:40.817+0200] {dag.py:3239} INFO - Sync 1 DAGs
[2025-06-12T10:43:40.820+0200] {logging_mixin.py:190} INFO - [2025-06-12T10:43:40.820+0200] {dag.py:4180} INFO - Setting next_dagrun for example_python_decorator to None, run_after=None
[2025-06-12T10:43:40.825+0200] {processor.py:208} INFO - Processing /Users/gordanaristova/MyProjects/MyRpaProject/venv/lib/python3.10/site-packages/airflow/example_dags/example_python_decorator.py took 0.049 seconds
[2025-06-12T10:45:26.688+0200] {processor.py:186} INFO - Started process (PID=8918) to work on /Users/gordanaristova/MyProjects/MyRpaProject/venv/lib/python3.10/site-packages/airflow/example_dags/example_python_decorator.py
[2025-06-12T10:45:26.689+0200] {processor.py:914} INFO - Processing file /Users/gordanaristova/MyProjects/MyRpaProject/venv/lib/python3.10/site-packages/airflow/example_dags/example_python_decorator.py for tasks to queue
[2025-06-12T10:45:26.689+0200] {logging_mixin.py:190} INFO - [2025-06-12T10:45:26.689+0200] {dagbag.py:588} INFO - Filling up the DagBag from /Users/gordanaristova/MyProjects/MyRpaProject/venv/lib/python3.10/site-packages/airflow/example_dags/example_python_decorator.py
[2025-06-12T10:45:26.700+0200] {logging_mixin.py:190} INFO - [2025-06-12T10:45:26.700+0200] {example_python_decorator.py:80} WARNING - The virtalenv_python example task requires virtualenv, please install it.
[2025-06-12T10:45:26.701+0200] {processor.py:925} INFO - DAG(s) 'example_python_decorator' retrieved from /Users/gordanaristova/MyProjects/MyRpaProject/venv/lib/python3.10/site-packages/airflow/example_dags/example_python_decorator.py
[2025-06-12T10:45:26.730+0200] {logging_mixin.py:190} INFO - [2025-06-12T10:45:26.730+0200] {dag.py:3239} INFO - Sync 1 DAGs
[2025-06-12T10:45:26.733+0200] {logging_mixin.py:190} INFO - [2025-06-12T10:45:26.733+0200] {dag.py:4180} INFO - Setting next_dagrun for example_python_decorator to None, run_after=None
[2025-06-12T10:45:26.738+0200] {processor.py:208} INFO - Processing /Users/gordanaristova/MyProjects/MyRpaProject/venv/lib/python3.10/site-packages/airflow/example_dags/example_python_decorator.py took 0.051 seconds
[2025-06-12T10:47:11.411+0200] {processor.py:186} INFO - Started process (PID=9039) to work on /Users/gordanaristova/MyProjects/MyRpaProject/venv/lib/python3.10/site-packages/airflow/example_dags/example_python_decorator.py
[2025-06-12T10:47:11.412+0200] {processor.py:914} INFO - Processing file /Users/gordanaristova/MyProjects/MyRpaProject/venv/lib/python3.10/site-packages/airflow/example_dags/example_python_decorator.py for tasks to queue
[2025-06-12T10:47:11.412+0200] {logging_mixin.py:190} INFO - [2025-06-12T10:47:11.412+0200] {dagbag.py:588} INFO - Filling up the DagBag from /Users/gordanaristova/MyProjects/MyRpaProject/venv/lib/python3.10/site-packages/airflow/example_dags/example_python_decorator.py
[2025-06-12T10:47:11.423+0200] {logging_mixin.py:190} INFO - [2025-06-12T10:47:11.423+0200] {example_python_decorator.py:80} WARNING - The virtalenv_python example task requires virtualenv, please install it.
[2025-06-12T10:47:11.424+0200] {processor.py:925} INFO - DAG(s) 'example_python_decorator' retrieved from /Users/gordanaristova/MyProjects/MyRpaProject/venv/lib/python3.10/site-packages/airflow/example_dags/example_python_decorator.py
[2025-06-12T10:47:11.452+0200] {logging_mixin.py:190} INFO - [2025-06-12T10:47:11.452+0200] {dag.py:3239} INFO - Sync 1 DAGs
[2025-06-12T10:47:11.455+0200] {logging_mixin.py:190} INFO - [2025-06-12T10:47:11.455+0200] {dag.py:4180} INFO - Setting next_dagrun for example_python_decorator to None, run_after=None
[2025-06-12T10:47:11.460+0200] {processor.py:208} INFO - Processing /Users/gordanaristova/MyProjects/MyRpaProject/venv/lib/python3.10/site-packages/airflow/example_dags/example_python_decorator.py took 0.050 seconds
[2025-06-12T10:49:05.730+0200] {processor.py:186} INFO - Started process (PID=9184) to work on /Users/gordanaristova/MyProjects/MyRpaProject/venv/lib/python3.10/site-packages/airflow/example_dags/example_python_decorator.py
[2025-06-12T10:49:05.731+0200] {processor.py:914} INFO - Processing file /Users/gordanaristova/MyProjects/MyRpaProject/venv/lib/python3.10/site-packages/airflow/example_dags/example_python_decorator.py for tasks to queue
[2025-06-12T10:49:05.732+0200] {logging_mixin.py:190} INFO - [2025-06-12T10:49:05.731+0200] {dagbag.py:588} INFO - Filling up the DagBag from /Users/gordanaristova/MyProjects/MyRpaProject/venv/lib/python3.10/site-packages/airflow/example_dags/example_python_decorator.py
[2025-06-12T10:49:05.743+0200] {logging_mixin.py:190} INFO - [2025-06-12T10:49:05.743+0200] {example_python_decorator.py:80} WARNING - The virtalenv_python example task requires virtualenv, please install it.
[2025-06-12T10:49:05.743+0200] {processor.py:925} INFO - DAG(s) 'example_python_decorator' retrieved from /Users/gordanaristova/MyProjects/MyRpaProject/venv/lib/python3.10/site-packages/airflow/example_dags/example_python_decorator.py
[2025-06-12T10:49:05.772+0200] {logging_mixin.py:190} INFO - [2025-06-12T10:49:05.772+0200] {dag.py:3239} INFO - Sync 1 DAGs
[2025-06-12T10:49:05.775+0200] {logging_mixin.py:190} INFO - [2025-06-12T10:49:05.775+0200] {dag.py:4180} INFO - Setting next_dagrun for example_python_decorator to None, run_after=None
[2025-06-12T10:49:05.780+0200] {processor.py:208} INFO - Processing /Users/gordanaristova/MyProjects/MyRpaProject/venv/lib/python3.10/site-packages/airflow/example_dags/example_python_decorator.py took 0.050 seconds
[2025-06-12T10:57:11.858+0200] {processor.py:186} INFO - Started process (PID=9447) to work on /Users/gordanaristova/MyProjects/MyRpaProject/venv/lib/python3.10/site-packages/airflow/example_dags/example_python_decorator.py
[2025-06-12T10:57:11.859+0200] {processor.py:914} INFO - Processing file /Users/gordanaristova/MyProjects/MyRpaProject/venv/lib/python3.10/site-packages/airflow/example_dags/example_python_decorator.py for tasks to queue
[2025-06-12T10:57:11.859+0200] {logging_mixin.py:190} INFO - [2025-06-12T10:57:11.859+0200] {dagbag.py:588} INFO - Filling up the DagBag from /Users/gordanaristova/MyProjects/MyRpaProject/venv/lib/python3.10/site-packages/airflow/example_dags/example_python_decorator.py
[2025-06-12T10:57:11.871+0200] {logging_mixin.py:190} INFO - [2025-06-12T10:57:11.871+0200] {example_python_decorator.py:80} WARNING - The virtalenv_python example task requires virtualenv, please install it.
[2025-06-12T10:57:11.871+0200] {processor.py:925} INFO - DAG(s) 'example_python_decorator' retrieved from /Users/gordanaristova/MyProjects/MyRpaProject/venv/lib/python3.10/site-packages/airflow/example_dags/example_python_decorator.py
[2025-06-12T10:57:11.899+0200] {logging_mixin.py:190} INFO - [2025-06-12T10:57:11.899+0200] {dag.py:3239} INFO - Sync 1 DAGs
[2025-06-12T10:57:11.901+0200] {logging_mixin.py:190} INFO - [2025-06-12T10:57:11.901+0200] {dag.py:4180} INFO - Setting next_dagrun for example_python_decorator to None, run_after=None
[2025-06-12T10:57:11.906+0200] {processor.py:208} INFO - Processing /Users/gordanaristova/MyProjects/MyRpaProject/venv/lib/python3.10/site-packages/airflow/example_dags/example_python_decorator.py took 0.049 seconds
[2025-06-12T10:58:38.170+0200] {processor.py:186} INFO - Started process (PID=9542) to work on /Users/gordanaristova/MyProjects/MyRpaProject/venv/lib/python3.10/site-packages/airflow/example_dags/example_python_decorator.py
[2025-06-12T10:58:38.171+0200] {processor.py:914} INFO - Processing file /Users/gordanaristova/MyProjects/MyRpaProject/venv/lib/python3.10/site-packages/airflow/example_dags/example_python_decorator.py for tasks to queue
[2025-06-12T10:58:38.171+0200] {logging_mixin.py:190} INFO - [2025-06-12T10:58:38.171+0200] {dagbag.py:588} INFO - Filling up the DagBag from /Users/gordanaristova/MyProjects/MyRpaProject/venv/lib/python3.10/site-packages/airflow/example_dags/example_python_decorator.py
[2025-06-12T10:58:38.183+0200] {logging_mixin.py:190} INFO - [2025-06-12T10:58:38.183+0200] {example_python_decorator.py:80} WARNING - The virtalenv_python example task requires virtualenv, please install it.
[2025-06-12T10:58:38.183+0200] {processor.py:925} INFO - DAG(s) 'example_python_decorator' retrieved from /Users/gordanaristova/MyProjects/MyRpaProject/venv/lib/python3.10/site-packages/airflow/example_dags/example_python_decorator.py
[2025-06-12T10:58:38.212+0200] {logging_mixin.py:190} INFO - [2025-06-12T10:58:38.212+0200] {dag.py:3239} INFO - Sync 1 DAGs
[2025-06-12T10:58:38.215+0200] {logging_mixin.py:190} INFO - [2025-06-12T10:58:38.215+0200] {dag.py:4180} INFO - Setting next_dagrun for example_python_decorator to None, run_after=None
[2025-06-12T10:58:38.220+0200] {processor.py:208} INFO - Processing /Users/gordanaristova/MyProjects/MyRpaProject/venv/lib/python3.10/site-packages/airflow/example_dags/example_python_decorator.py took 0.051 seconds
[2025-06-12T11:11:56.386+0200] {processor.py:186} INFO - Started process (PID=9769) to work on /Users/gordanaristova/MyProjects/MyRpaProject/venv/lib/python3.10/site-packages/airflow/example_dags/example_python_decorator.py
[2025-06-12T11:11:56.387+0200] {processor.py:914} INFO - Processing file /Users/gordanaristova/MyProjects/MyRpaProject/venv/lib/python3.10/site-packages/airflow/example_dags/example_python_decorator.py for tasks to queue
[2025-06-12T11:11:56.387+0200] {logging_mixin.py:190} INFO - [2025-06-12T11:11:56.387+0200] {dagbag.py:588} INFO - Filling up the DagBag from /Users/gordanaristova/MyProjects/MyRpaProject/venv/lib/python3.10/site-packages/airflow/example_dags/example_python_decorator.py
[2025-06-12T11:11:56.398+0200] {logging_mixin.py:190} INFO - [2025-06-12T11:11:56.398+0200] {example_python_decorator.py:80} WARNING - The virtalenv_python example task requires virtualenv, please install it.
[2025-06-12T11:11:56.398+0200] {processor.py:925} INFO - DAG(s) 'example_python_decorator' retrieved from /Users/gordanaristova/MyProjects/MyRpaProject/venv/lib/python3.10/site-packages/airflow/example_dags/example_python_decorator.py
[2025-06-12T11:11:56.426+0200] {logging_mixin.py:190} INFO - [2025-06-12T11:11:56.426+0200] {dag.py:3239} INFO - Sync 1 DAGs
[2025-06-12T11:11:56.429+0200] {logging_mixin.py:190} INFO - [2025-06-12T11:11:56.429+0200] {dag.py:4180} INFO - Setting next_dagrun for example_python_decorator to None, run_after=None
[2025-06-12T11:11:56.433+0200] {processor.py:208} INFO - Processing /Users/gordanaristova/MyProjects/MyRpaProject/venv/lib/python3.10/site-packages/airflow/example_dags/example_python_decorator.py took 0.048 seconds
[2025-06-12T11:13:24.059+0200] {processor.py:186} INFO - Started process (PID=9857) to work on /Users/gordanaristova/MyProjects/MyRpaProject/venv/lib/python3.10/site-packages/airflow/example_dags/example_python_decorator.py
[2025-06-12T11:13:24.060+0200] {processor.py:914} INFO - Processing file /Users/gordanaristova/MyProjects/MyRpaProject/venv/lib/python3.10/site-packages/airflow/example_dags/example_python_decorator.py for tasks to queue
[2025-06-12T11:13:24.060+0200] {logging_mixin.py:190} INFO - [2025-06-12T11:13:24.060+0200] {dagbag.py:588} INFO - Filling up the DagBag from /Users/gordanaristova/MyProjects/MyRpaProject/venv/lib/python3.10/site-packages/airflow/example_dags/example_python_decorator.py
[2025-06-12T11:13:24.071+0200] {logging_mixin.py:190} INFO - [2025-06-12T11:13:24.071+0200] {example_python_decorator.py:80} WARNING - The virtalenv_python example task requires virtualenv, please install it.
[2025-06-12T11:13:24.072+0200] {processor.py:925} INFO - DAG(s) 'example_python_decorator' retrieved from /Users/gordanaristova/MyProjects/MyRpaProject/venv/lib/python3.10/site-packages/airflow/example_dags/example_python_decorator.py
[2025-06-12T11:13:24.101+0200] {logging_mixin.py:190} INFO - [2025-06-12T11:13:24.100+0200] {dag.py:3239} INFO - Sync 1 DAGs
[2025-06-12T11:13:24.104+0200] {logging_mixin.py:190} INFO - [2025-06-12T11:13:24.104+0200] {dag.py:4180} INFO - Setting next_dagrun for example_python_decorator to None, run_after=None
[2025-06-12T11:13:24.108+0200] {processor.py:208} INFO - Processing /Users/gordanaristova/MyProjects/MyRpaProject/venv/lib/python3.10/site-packages/airflow/example_dags/example_python_decorator.py took 0.050 seconds
[2025-06-12T11:22:01.080+0200] {processor.py:186} INFO - Started process (PID=10056) to work on /Users/gordanaristova/MyProjects/MyRpaProject/venv/lib/python3.10/site-packages/airflow/example_dags/example_python_decorator.py
[2025-06-12T11:22:01.081+0200] {processor.py:914} INFO - Processing file /Users/gordanaristova/MyProjects/MyRpaProject/venv/lib/python3.10/site-packages/airflow/example_dags/example_python_decorator.py for tasks to queue
[2025-06-12T11:22:01.081+0200] {logging_mixin.py:190} INFO - [2025-06-12T11:22:01.081+0200] {dagbag.py:588} INFO - Filling up the DagBag from /Users/gordanaristova/MyProjects/MyRpaProject/venv/lib/python3.10/site-packages/airflow/example_dags/example_python_decorator.py
[2025-06-12T11:22:01.092+0200] {logging_mixin.py:190} INFO - [2025-06-12T11:22:01.092+0200] {example_python_decorator.py:80} WARNING - The virtalenv_python example task requires virtualenv, please install it.
[2025-06-12T11:22:01.092+0200] {processor.py:925} INFO - DAG(s) 'example_python_decorator' retrieved from /Users/gordanaristova/MyProjects/MyRpaProject/venv/lib/python3.10/site-packages/airflow/example_dags/example_python_decorator.py
[2025-06-12T11:22:01.119+0200] {logging_mixin.py:190} INFO - [2025-06-12T11:22:01.119+0200] {dag.py:3239} INFO - Sync 1 DAGs
[2025-06-12T11:22:01.122+0200] {logging_mixin.py:190} INFO - [2025-06-12T11:22:01.122+0200] {dag.py:4180} INFO - Setting next_dagrun for example_python_decorator to None, run_after=None
[2025-06-12T11:22:01.127+0200] {processor.py:208} INFO - Processing /Users/gordanaristova/MyProjects/MyRpaProject/venv/lib/python3.10/site-packages/airflow/example_dags/example_python_decorator.py took 0.048 seconds
[2025-06-12T11:23:27.939+0200] {processor.py:186} INFO - Started process (PID=10144) to work on /Users/gordanaristova/MyProjects/MyRpaProject/venv/lib/python3.10/site-packages/airflow/example_dags/example_python_decorator.py
[2025-06-12T11:23:27.940+0200] {processor.py:914} INFO - Processing file /Users/gordanaristova/MyProjects/MyRpaProject/venv/lib/python3.10/site-packages/airflow/example_dags/example_python_decorator.py for tasks to queue
[2025-06-12T11:23:27.940+0200] {logging_mixin.py:190} INFO - [2025-06-12T11:23:27.940+0200] {dagbag.py:588} INFO - Filling up the DagBag from /Users/gordanaristova/MyProjects/MyRpaProject/venv/lib/python3.10/site-packages/airflow/example_dags/example_python_decorator.py
[2025-06-12T11:23:27.951+0200] {logging_mixin.py:190} INFO - [2025-06-12T11:23:27.951+0200] {example_python_decorator.py:80} WARNING - The virtalenv_python example task requires virtualenv, please install it.
[2025-06-12T11:23:27.952+0200] {processor.py:925} INFO - DAG(s) 'example_python_decorator' retrieved from /Users/gordanaristova/MyProjects/MyRpaProject/venv/lib/python3.10/site-packages/airflow/example_dags/example_python_decorator.py
[2025-06-12T11:23:27.980+0200] {logging_mixin.py:190} INFO - [2025-06-12T11:23:27.979+0200] {dag.py:3239} INFO - Sync 1 DAGs
[2025-06-12T11:23:27.983+0200] {logging_mixin.py:190} INFO - [2025-06-12T11:23:27.982+0200] {dag.py:4180} INFO - Setting next_dagrun for example_python_decorator to None, run_after=None
[2025-06-12T11:23:27.987+0200] {processor.py:208} INFO - Processing /Users/gordanaristova/MyProjects/MyRpaProject/venv/lib/python3.10/site-packages/airflow/example_dags/example_python_decorator.py took 0.049 seconds
[2025-06-12T11:41:17.045+0200] {processor.py:186} INFO - Started process (PID=10422) to work on /Users/gordanaristova/MyProjects/MyRpaProject/venv/lib/python3.10/site-packages/airflow/example_dags/example_python_decorator.py
[2025-06-12T11:41:17.046+0200] {processor.py:914} INFO - Processing file /Users/gordanaristova/MyProjects/MyRpaProject/venv/lib/python3.10/site-packages/airflow/example_dags/example_python_decorator.py for tasks to queue
[2025-06-12T11:41:17.046+0200] {logging_mixin.py:190} INFO - [2025-06-12T11:41:17.046+0200] {dagbag.py:588} INFO - Filling up the DagBag from /Users/gordanaristova/MyProjects/MyRpaProject/venv/lib/python3.10/site-packages/airflow/example_dags/example_python_decorator.py
[2025-06-12T11:41:17.057+0200] {logging_mixin.py:190} INFO - [2025-06-12T11:41:17.057+0200] {example_python_decorator.py:80} WARNING - The virtalenv_python example task requires virtualenv, please install it.
[2025-06-12T11:41:17.057+0200] {processor.py:925} INFO - DAG(s) 'example_python_decorator' retrieved from /Users/gordanaristova/MyProjects/MyRpaProject/venv/lib/python3.10/site-packages/airflow/example_dags/example_python_decorator.py
[2025-06-12T11:41:17.085+0200] {logging_mixin.py:190} INFO - [2025-06-12T11:41:17.085+0200] {dag.py:3239} INFO - Sync 1 DAGs
[2025-06-12T11:41:17.088+0200] {logging_mixin.py:190} INFO - [2025-06-12T11:41:17.087+0200] {dag.py:4180} INFO - Setting next_dagrun for example_python_decorator to None, run_after=None
[2025-06-12T11:41:17.092+0200] {processor.py:208} INFO - Processing /Users/gordanaristova/MyProjects/MyRpaProject/venv/lib/python3.10/site-packages/airflow/example_dags/example_python_decorator.py took 0.048 seconds
[2025-06-12T11:42:41.880+0200] {processor.py:186} INFO - Started process (PID=10507) to work on /Users/gordanaristova/MyProjects/MyRpaProject/venv/lib/python3.10/site-packages/airflow/example_dags/example_python_decorator.py
[2025-06-12T11:42:41.881+0200] {processor.py:914} INFO - Processing file /Users/gordanaristova/MyProjects/MyRpaProject/venv/lib/python3.10/site-packages/airflow/example_dags/example_python_decorator.py for tasks to queue
[2025-06-12T11:42:41.881+0200] {logging_mixin.py:190} INFO - [2025-06-12T11:42:41.881+0200] {dagbag.py:588} INFO - Filling up the DagBag from /Users/gordanaristova/MyProjects/MyRpaProject/venv/lib/python3.10/site-packages/airflow/example_dags/example_python_decorator.py
[2025-06-12T11:42:41.892+0200] {logging_mixin.py:190} INFO - [2025-06-12T11:42:41.892+0200] {example_python_decorator.py:80} WARNING - The virtalenv_python example task requires virtualenv, please install it.
[2025-06-12T11:42:41.893+0200] {processor.py:925} INFO - DAG(s) 'example_python_decorator' retrieved from /Users/gordanaristova/MyProjects/MyRpaProject/venv/lib/python3.10/site-packages/airflow/example_dags/example_python_decorator.py
[2025-06-12T11:42:41.922+0200] {logging_mixin.py:190} INFO - [2025-06-12T11:42:41.921+0200] {dag.py:3239} INFO - Sync 1 DAGs
[2025-06-12T11:42:41.924+0200] {logging_mixin.py:190} INFO - [2025-06-12T11:42:41.924+0200] {dag.py:4180} INFO - Setting next_dagrun for example_python_decorator to None, run_after=None
[2025-06-12T11:42:41.929+0200] {processor.py:208} INFO - Processing /Users/gordanaristova/MyProjects/MyRpaProject/venv/lib/python3.10/site-packages/airflow/example_dags/example_python_decorator.py took 0.050 seconds
[2025-06-12T11:50:07.257+0200] {processor.py:186} INFO - Started process (PID=10645) to work on /Users/gordanaristova/MyProjects/MyRpaProject/venv/lib/python3.10/site-packages/airflow/example_dags/example_python_decorator.py
[2025-06-12T11:50:07.258+0200] {processor.py:914} INFO - Processing file /Users/gordanaristova/MyProjects/MyRpaProject/venv/lib/python3.10/site-packages/airflow/example_dags/example_python_decorator.py for tasks to queue
[2025-06-12T11:50:07.259+0200] {logging_mixin.py:190} INFO - [2025-06-12T11:50:07.259+0200] {dagbag.py:588} INFO - Filling up the DagBag from /Users/gordanaristova/MyProjects/MyRpaProject/venv/lib/python3.10/site-packages/airflow/example_dags/example_python_decorator.py
[2025-06-12T11:50:07.269+0200] {logging_mixin.py:190} INFO - [2025-06-12T11:50:07.269+0200] {example_python_decorator.py:80} WARNING - The virtalenv_python example task requires virtualenv, please install it.
[2025-06-12T11:50:07.270+0200] {processor.py:925} INFO - DAG(s) 'example_python_decorator' retrieved from /Users/gordanaristova/MyProjects/MyRpaProject/venv/lib/python3.10/site-packages/airflow/example_dags/example_python_decorator.py
[2025-06-12T11:50:07.297+0200] {logging_mixin.py:190} INFO - [2025-06-12T11:50:07.297+0200] {dag.py:3239} INFO - Sync 1 DAGs
[2025-06-12T11:50:07.300+0200] {logging_mixin.py:190} INFO - [2025-06-12T11:50:07.300+0200] {dag.py:4180} INFO - Setting next_dagrun for example_python_decorator to None, run_after=None
[2025-06-12T11:50:07.304+0200] {processor.py:208} INFO - Processing /Users/gordanaristova/MyProjects/MyRpaProject/venv/lib/python3.10/site-packages/airflow/example_dags/example_python_decorator.py took 0.048 seconds
[2025-06-12T11:51:32.562+0200] {processor.py:186} INFO - Started process (PID=10735) to work on /Users/gordanaristova/MyProjects/MyRpaProject/venv/lib/python3.10/site-packages/airflow/example_dags/example_python_decorator.py
[2025-06-12T11:51:32.563+0200] {processor.py:914} INFO - Processing file /Users/gordanaristova/MyProjects/MyRpaProject/venv/lib/python3.10/site-packages/airflow/example_dags/example_python_decorator.py for tasks to queue
[2025-06-12T11:51:32.563+0200] {logging_mixin.py:190} INFO - [2025-06-12T11:51:32.563+0200] {dagbag.py:588} INFO - Filling up the DagBag from /Users/gordanaristova/MyProjects/MyRpaProject/venv/lib/python3.10/site-packages/airflow/example_dags/example_python_decorator.py
[2025-06-12T11:51:32.575+0200] {logging_mixin.py:190} INFO - [2025-06-12T11:51:32.575+0200] {example_python_decorator.py:80} WARNING - The virtalenv_python example task requires virtualenv, please install it.
[2025-06-12T11:51:32.576+0200] {processor.py:925} INFO - DAG(s) 'example_python_decorator' retrieved from /Users/gordanaristova/MyProjects/MyRpaProject/venv/lib/python3.10/site-packages/airflow/example_dags/example_python_decorator.py
[2025-06-12T11:51:32.605+0200] {logging_mixin.py:190} INFO - [2025-06-12T11:51:32.605+0200] {dag.py:3239} INFO - Sync 1 DAGs
[2025-06-12T11:51:32.609+0200] {logging_mixin.py:190} INFO - [2025-06-12T11:51:32.608+0200] {dag.py:4180} INFO - Setting next_dagrun for example_python_decorator to None, run_after=None
[2025-06-12T11:51:32.613+0200] {processor.py:208} INFO - Processing /Users/gordanaristova/MyProjects/MyRpaProject/venv/lib/python3.10/site-packages/airflow/example_dags/example_python_decorator.py took 0.052 seconds
[2025-06-12T11:53:19.341+0200] {processor.py:186} INFO - Started process (PID=10836) to work on /Users/gordanaristova/MyProjects/MyRpaProject/venv/lib/python3.10/site-packages/airflow/example_dags/example_python_decorator.py
[2025-06-12T11:53:19.341+0200] {processor.py:914} INFO - Processing file /Users/gordanaristova/MyProjects/MyRpaProject/venv/lib/python3.10/site-packages/airflow/example_dags/example_python_decorator.py for tasks to queue
[2025-06-12T11:53:19.341+0200] {logging_mixin.py:190} INFO - [2025-06-12T11:53:19.341+0200] {dagbag.py:588} INFO - Filling up the DagBag from /Users/gordanaristova/MyProjects/MyRpaProject/venv/lib/python3.10/site-packages/airflow/example_dags/example_python_decorator.py
[2025-06-12T11:53:19.352+0200] {logging_mixin.py:190} INFO - [2025-06-12T11:53:19.352+0200] {example_python_decorator.py:80} WARNING - The virtalenv_python example task requires virtualenv, please install it.
[2025-06-12T11:53:19.353+0200] {processor.py:925} INFO - DAG(s) 'example_python_decorator' retrieved from /Users/gordanaristova/MyProjects/MyRpaProject/venv/lib/python3.10/site-packages/airflow/example_dags/example_python_decorator.py
[2025-06-12T11:53:19.380+0200] {logging_mixin.py:190} INFO - [2025-06-12T11:53:19.380+0200] {dag.py:3239} INFO - Sync 1 DAGs
[2025-06-12T11:53:19.383+0200] {logging_mixin.py:190} INFO - [2025-06-12T11:53:19.383+0200] {dag.py:4180} INFO - Setting next_dagrun for example_python_decorator to None, run_after=None
[2025-06-12T11:53:19.388+0200] {processor.py:208} INFO - Processing /Users/gordanaristova/MyProjects/MyRpaProject/venv/lib/python3.10/site-packages/airflow/example_dags/example_python_decorator.py took 0.048 seconds
[2025-06-12T11:55:06.724+0200] {processor.py:186} INFO - Started process (PID=10930) to work on /Users/gordanaristova/MyProjects/MyRpaProject/venv/lib/python3.10/site-packages/airflow/example_dags/example_python_decorator.py
[2025-06-12T11:55:06.725+0200] {processor.py:914} INFO - Processing file /Users/gordanaristova/MyProjects/MyRpaProject/venv/lib/python3.10/site-packages/airflow/example_dags/example_python_decorator.py for tasks to queue
[2025-06-12T11:55:06.725+0200] {logging_mixin.py:190} INFO - [2025-06-12T11:55:06.725+0200] {dagbag.py:588} INFO - Filling up the DagBag from /Users/gordanaristova/MyProjects/MyRpaProject/venv/lib/python3.10/site-packages/airflow/example_dags/example_python_decorator.py
[2025-06-12T11:55:06.737+0200] {logging_mixin.py:190} INFO - [2025-06-12T11:55:06.736+0200] {example_python_decorator.py:80} WARNING - The virtalenv_python example task requires virtualenv, please install it.
[2025-06-12T11:55:06.737+0200] {processor.py:925} INFO - DAG(s) 'example_python_decorator' retrieved from /Users/gordanaristova/MyProjects/MyRpaProject/venv/lib/python3.10/site-packages/airflow/example_dags/example_python_decorator.py
[2025-06-12T11:55:06.765+0200] {logging_mixin.py:190} INFO - [2025-06-12T11:55:06.765+0200] {dag.py:3239} INFO - Sync 1 DAGs
[2025-06-12T11:55:06.768+0200] {logging_mixin.py:190} INFO - [2025-06-12T11:55:06.768+0200] {dag.py:4180} INFO - Setting next_dagrun for example_python_decorator to None, run_after=None
[2025-06-12T11:55:06.772+0200] {processor.py:208} INFO - Processing /Users/gordanaristova/MyProjects/MyRpaProject/venv/lib/python3.10/site-packages/airflow/example_dags/example_python_decorator.py took 0.049 seconds
[2025-06-12T11:56:57.240+0200] {processor.py:186} INFO - Started process (PID=11049) to work on /Users/gordanaristova/MyProjects/MyRpaProject/venv/lib/python3.10/site-packages/airflow/example_dags/example_python_decorator.py
[2025-06-12T11:56:57.241+0200] {processor.py:914} INFO - Processing file /Users/gordanaristova/MyProjects/MyRpaProject/venv/lib/python3.10/site-packages/airflow/example_dags/example_python_decorator.py for tasks to queue
[2025-06-12T11:56:57.242+0200] {logging_mixin.py:190} INFO - [2025-06-12T11:56:57.242+0200] {dagbag.py:588} INFO - Filling up the DagBag from /Users/gordanaristova/MyProjects/MyRpaProject/venv/lib/python3.10/site-packages/airflow/example_dags/example_python_decorator.py
[2025-06-12T11:56:57.253+0200] {logging_mixin.py:190} INFO - [2025-06-12T11:56:57.253+0200] {example_python_decorator.py:80} WARNING - The virtalenv_python example task requires virtualenv, please install it.
[2025-06-12T11:56:57.254+0200] {processor.py:925} INFO - DAG(s) 'example_python_decorator' retrieved from /Users/gordanaristova/MyProjects/MyRpaProject/venv/lib/python3.10/site-packages/airflow/example_dags/example_python_decorator.py
[2025-06-12T11:56:57.282+0200] {logging_mixin.py:190} INFO - [2025-06-12T11:56:57.282+0200] {dag.py:3239} INFO - Sync 1 DAGs
[2025-06-12T11:56:57.285+0200] {logging_mixin.py:190} INFO - [2025-06-12T11:56:57.285+0200] {dag.py:4180} INFO - Setting next_dagrun for example_python_decorator to None, run_after=None
[2025-06-12T11:56:57.290+0200] {processor.py:208} INFO - Processing /Users/gordanaristova/MyProjects/MyRpaProject/venv/lib/python3.10/site-packages/airflow/example_dags/example_python_decorator.py took 0.050 seconds
[2025-06-12T13:14:53.202+0200] {processor.py:186} INFO - Started process (PID=13016) to work on /Users/gordanaristova/MyProjects/MyRpaProject/venv/lib/python3.10/site-packages/airflow/example_dags/example_python_decorator.py
[2025-06-12T13:14:53.203+0200] {processor.py:914} INFO - Processing file /Users/gordanaristova/MyProjects/MyRpaProject/venv/lib/python3.10/site-packages/airflow/example_dags/example_python_decorator.py for tasks to queue
[2025-06-12T13:14:53.204+0200] {logging_mixin.py:190} INFO - [2025-06-12T13:14:53.203+0200] {dagbag.py:588} INFO - Filling up the DagBag from /Users/gordanaristova/MyProjects/MyRpaProject/venv/lib/python3.10/site-packages/airflow/example_dags/example_python_decorator.py
[2025-06-12T13:14:53.216+0200] {logging_mixin.py:190} INFO - [2025-06-12T13:14:53.216+0200] {example_python_decorator.py:80} WARNING - The virtalenv_python example task requires virtualenv, please install it.
[2025-06-12T13:14:53.216+0200] {processor.py:925} INFO - DAG(s) 'example_python_decorator' retrieved from /Users/gordanaristova/MyProjects/MyRpaProject/venv/lib/python3.10/site-packages/airflow/example_dags/example_python_decorator.py
[2025-06-12T13:14:53.246+0200] {logging_mixin.py:190} INFO - [2025-06-12T13:14:53.246+0200] {dag.py:3239} INFO - Sync 1 DAGs
[2025-06-12T13:14:53.249+0200] {logging_mixin.py:190} INFO - [2025-06-12T13:14:53.249+0200] {dag.py:4180} INFO - Setting next_dagrun for example_python_decorator to None, run_after=None
[2025-06-12T13:14:53.254+0200] {processor.py:208} INFO - Processing /Users/gordanaristova/MyProjects/MyRpaProject/venv/lib/python3.10/site-packages/airflow/example_dags/example_python_decorator.py took 0.052 seconds
