[2025-06-12T10:36:48.564+0200] {processor.py:186} INFO - Started process (PID=8424) to work on /Users/gordanaristova/MyProjects/MyRpaProject/venv/lib/python3.10/site-packages/airflow/example_dags/example_short_circuit_operator.py
[2025-06-12T10:36:48.565+0200] {processor.py:914} INFO - Processing file /Users/gordanaristova/MyProjects/MyRpaProject/venv/lib/python3.10/site-packages/airflow/example_dags/example_short_circuit_operator.py for tasks to queue
[2025-06-12T10:36:48.565+0200] {logging_mixin.py:190} INFO - [2025-06-12T10:36:48.565+0200] {dagbag.py:588} INFO - Filling up the DagBag from /Users/gordanaristova/MyProjects/MyRpaProject/venv/lib/python3.10/site-packages/airflow/example_dags/example_short_circuit_operator.py
[2025-06-12T10:36:48.574+0200] {processor.py:925} INFO - DAG(s) 'example_short_circuit_operator' retrieved from /Users/gordanaristova/MyProjects/MyRpaProject/venv/lib/python3.10/site-packages/airflow/example_dags/example_short_circuit_operator.py
[2025-06-12T10:36:48.623+0200] {logging_mixin.py:190} INFO - [2025-06-12T10:36:48.622+0200] {override.py:1900} INFO - Created Permission View: can delete on DAG:example_short_circuit_operator
[2025-06-12T10:36:48.625+0200] {logging_mixin.py:190} INFO - [2025-06-12T10:36:48.625+0200] {override.py:1900} INFO - Created Permission View: can edit on DAG:example_short_circuit_operator
[2025-06-12T10:36:48.626+0200] {logging_mixin.py:190} INFO - [2025-06-12T10:36:48.626+0200] {override.py:1900} INFO - Created Permission View: can read on DAG:example_short_circuit_operator
[2025-06-12T10:36:48.628+0200] {logging_mixin.py:190} INFO - [2025-06-12T10:36:48.628+0200] {override.py:1900} INFO - Created Permission View: can create on DAG Run:example_short_circuit_operator
[2025-06-12T10:36:48.629+0200] {logging_mixin.py:190} INFO - [2025-06-12T10:36:48.629+0200] {override.py:1900} INFO - Created Permission View: can delete on DAG Run:example_short_circuit_operator
[2025-06-12T10:36:48.630+0200] {logging_mixin.py:190} INFO - [2025-06-12T10:36:48.630+0200] {override.py:1900} INFO - Created Permission View: can read on DAG Run:example_short_circuit_operator
[2025-06-12T10:36:48.632+0200] {logging_mixin.py:190} INFO - [2025-06-12T10:36:48.632+0200] {override.py:1900} INFO - Created Permission View: menu access on DAG Run:example_short_circuit_operator
[2025-06-12T10:36:48.632+0200] {logging_mixin.py:190} INFO - [2025-06-12T10:36:48.632+0200] {dag.py:3239} INFO - Sync 1 DAGs
[2025-06-12T10:36:48.635+0200] {logging_mixin.py:190} INFO - [2025-06-12T10:36:48.635+0200] {dag.py:3262} INFO - Creating ORM DAG for example_short_circuit_operator
[2025-06-12T10:36:48.635+0200] {logging_mixin.py:190} INFO - [2025-06-12T10:36:48.635+0200] {dag.py:4180} INFO - Setting next_dagrun for example_short_circuit_operator to None, run_after=None
[2025-06-12T10:36:48.639+0200] {processor.py:208} INFO - Processing /Users/gordanaristova/MyProjects/MyRpaProject/venv/lib/python3.10/site-packages/airflow/example_dags/example_short_circuit_operator.py took 0.075 seconds
[2025-06-12T10:38:15.182+0200] {processor.py:186} INFO - Started process (PID=8504) to work on /Users/gordanaristova/MyProjects/MyRpaProject/venv/lib/python3.10/site-packages/airflow/example_dags/example_short_circuit_operator.py
[2025-06-12T10:38:15.183+0200] {processor.py:914} INFO - Processing file /Users/gordanaristova/MyProjects/MyRpaProject/venv/lib/python3.10/site-packages/airflow/example_dags/example_short_circuit_operator.py for tasks to queue
[2025-06-12T10:38:15.184+0200] {logging_mixin.py:190} INFO - [2025-06-12T10:38:15.184+0200] {dagbag.py:588} INFO - Filling up the DagBag from /Users/gordanaristova/MyProjects/MyRpaProject/venv/lib/python3.10/site-packages/airflow/example_dags/example_short_circuit_operator.py
[2025-06-12T10:38:15.192+0200] {processor.py:925} INFO - DAG(s) 'example_short_circuit_operator' retrieved from /Users/gordanaristova/MyProjects/MyRpaProject/venv/lib/python3.10/site-packages/airflow/example_dags/example_short_circuit_operator.py
[2025-06-12T10:38:15.221+0200] {logging_mixin.py:190} INFO - [2025-06-12T10:38:15.221+0200] {dag.py:3239} INFO - Sync 1 DAGs
[2025-06-12T10:38:15.225+0200] {logging_mixin.py:190} INFO - [2025-06-12T10:38:15.224+0200] {dag.py:4180} INFO - Setting next_dagrun for example_short_circuit_operator to None, run_after=None
[2025-06-12T10:38:15.229+0200] {processor.py:208} INFO - Processing /Users/gordanaristova/MyProjects/MyRpaProject/venv/lib/python3.10/site-packages/airflow/example_dags/example_short_circuit_operator.py took 0.048 seconds
[2025-06-12T10:39:58.118+0200] {processor.py:186} INFO - Started process (PID=8585) to work on /Users/gordanaristova/MyProjects/MyRpaProject/venv/lib/python3.10/site-packages/airflow/example_dags/example_short_circuit_operator.py
[2025-06-12T10:39:58.119+0200] {processor.py:914} INFO - Processing file /Users/gordanaristova/MyProjects/MyRpaProject/venv/lib/python3.10/site-packages/airflow/example_dags/example_short_circuit_operator.py for tasks to queue
[2025-06-12T10:39:58.119+0200] {logging_mixin.py:190} INFO - [2025-06-12T10:39:58.119+0200] {dagbag.py:588} INFO - Filling up the DagBag from /Users/gordanaristova/MyProjects/MyRpaProject/venv/lib/python3.10/site-packages/airflow/example_dags/example_short_circuit_operator.py
[2025-06-12T10:39:58.128+0200] {processor.py:925} INFO - DAG(s) 'example_short_circuit_operator' retrieved from /Users/gordanaristova/MyProjects/MyRpaProject/venv/lib/python3.10/site-packages/airflow/example_dags/example_short_circuit_operator.py
[2025-06-12T10:39:58.156+0200] {logging_mixin.py:190} INFO - [2025-06-12T10:39:58.156+0200] {dag.py:3239} INFO - Sync 1 DAGs
[2025-06-12T10:39:58.160+0200] {logging_mixin.py:190} INFO - [2025-06-12T10:39:58.159+0200] {dag.py:4180} INFO - Setting next_dagrun for example_short_circuit_operator to None, run_after=None
[2025-06-12T10:39:58.164+0200] {processor.py:208} INFO - Processing /Users/gordanaristova/MyProjects/MyRpaProject/venv/lib/python3.10/site-packages/airflow/example_dags/example_short_circuit_operator.py took 0.047 seconds
[2025-06-12T10:41:43.776+0200] {processor.py:186} INFO - Started process (PID=8676) to work on /Users/gordanaristova/MyProjects/MyRpaProject/venv/lib/python3.10/site-packages/airflow/example_dags/example_short_circuit_operator.py
[2025-06-12T10:41:43.777+0200] {processor.py:914} INFO - Processing file /Users/gordanaristova/MyProjects/MyRpaProject/venv/lib/python3.10/site-packages/airflow/example_dags/example_short_circuit_operator.py for tasks to queue
[2025-06-12T10:41:43.777+0200] {logging_mixin.py:190} INFO - [2025-06-12T10:41:43.777+0200] {dagbag.py:588} INFO - Filling up the DagBag from /Users/gordanaristova/MyProjects/MyRpaProject/venv/lib/python3.10/site-packages/airflow/example_dags/example_short_circuit_operator.py
[2025-06-12T10:41:43.785+0200] {processor.py:925} INFO - DAG(s) 'example_short_circuit_operator' retrieved from /Users/gordanaristova/MyProjects/MyRpaProject/venv/lib/python3.10/site-packages/airflow/example_dags/example_short_circuit_operator.py
[2025-06-12T10:41:43.814+0200] {logging_mixin.py:190} INFO - [2025-06-12T10:41:43.813+0200] {dag.py:3239} INFO - Sync 1 DAGs
[2025-06-12T10:41:43.817+0200] {logging_mixin.py:190} INFO - [2025-06-12T10:41:43.816+0200] {dag.py:4180} INFO - Setting next_dagrun for example_short_circuit_operator to None, run_after=None
[2025-06-12T10:41:43.821+0200] {processor.py:208} INFO - Processing /Users/gordanaristova/MyProjects/MyRpaProject/venv/lib/python3.10/site-packages/airflow/example_dags/example_short_circuit_operator.py took 0.046 seconds
[2025-06-12T10:43:29.785+0200] {processor.py:186} INFO - Started process (PID=8778) to work on /Users/gordanaristova/MyProjects/MyRpaProject/venv/lib/python3.10/site-packages/airflow/example_dags/example_short_circuit_operator.py
[2025-06-12T10:43:29.786+0200] {processor.py:914} INFO - Processing file /Users/gordanaristova/MyProjects/MyRpaProject/venv/lib/python3.10/site-packages/airflow/example_dags/example_short_circuit_operator.py for tasks to queue
[2025-06-12T10:43:29.787+0200] {logging_mixin.py:190} INFO - [2025-06-12T10:43:29.787+0200] {dagbag.py:588} INFO - Filling up the DagBag from /Users/gordanaristova/MyProjects/MyRpaProject/venv/lib/python3.10/site-packages/airflow/example_dags/example_short_circuit_operator.py
[2025-06-12T10:43:29.796+0200] {processor.py:925} INFO - DAG(s) 'example_short_circuit_operator' retrieved from /Users/gordanaristova/MyProjects/MyRpaProject/venv/lib/python3.10/site-packages/airflow/example_dags/example_short_circuit_operator.py
[2025-06-12T10:43:29.825+0200] {logging_mixin.py:190} INFO - [2025-06-12T10:43:29.825+0200] {dag.py:3239} INFO - Sync 1 DAGs
[2025-06-12T10:43:29.828+0200] {logging_mixin.py:190} INFO - [2025-06-12T10:43:29.828+0200] {dag.py:4180} INFO - Setting next_dagrun for example_short_circuit_operator to None, run_after=None
[2025-06-12T10:43:29.833+0200] {processor.py:208} INFO - Processing /Users/gordanaristova/MyProjects/MyRpaProject/venv/lib/python3.10/site-packages/airflow/example_dags/example_short_circuit_operator.py took 0.048 seconds
[2025-06-12T10:45:16.919+0200] {processor.py:186} INFO - Started process (PID=8911) to work on /Users/gordanaristova/MyProjects/MyRpaProject/venv/lib/python3.10/site-packages/airflow/example_dags/example_short_circuit_operator.py
[2025-06-12T10:45:16.920+0200] {processor.py:914} INFO - Processing file /Users/gordanaristova/MyProjects/MyRpaProject/venv/lib/python3.10/site-packages/airflow/example_dags/example_short_circuit_operator.py for tasks to queue
[2025-06-12T10:45:16.921+0200] {logging_mixin.py:190} INFO - [2025-06-12T10:45:16.921+0200] {dagbag.py:588} INFO - Filling up the DagBag from /Users/gordanaristova/MyProjects/MyRpaProject/venv/lib/python3.10/site-packages/airflow/example_dags/example_short_circuit_operator.py
[2025-06-12T10:45:16.929+0200] {processor.py:925} INFO - DAG(s) 'example_short_circuit_operator' retrieved from /Users/gordanaristova/MyProjects/MyRpaProject/venv/lib/python3.10/site-packages/airflow/example_dags/example_short_circuit_operator.py
[2025-06-12T10:45:16.958+0200] {logging_mixin.py:190} INFO - [2025-06-12T10:45:16.958+0200] {dag.py:3239} INFO - Sync 1 DAGs
[2025-06-12T10:45:16.961+0200] {logging_mixin.py:190} INFO - [2025-06-12T10:45:16.961+0200] {dag.py:4180} INFO - Setting next_dagrun for example_short_circuit_operator to None, run_after=None
[2025-06-12T10:45:16.966+0200] {processor.py:208} INFO - Processing /Users/gordanaristova/MyProjects/MyRpaProject/venv/lib/python3.10/site-packages/airflow/example_dags/example_short_circuit_operator.py took 0.047 seconds
[2025-06-12T10:47:00.441+0200] {processor.py:186} INFO - Started process (PID=9026) to work on /Users/gordanaristova/MyProjects/MyRpaProject/venv/lib/python3.10/site-packages/airflow/example_dags/example_short_circuit_operator.py
[2025-06-12T10:47:00.442+0200] {processor.py:914} INFO - Processing file /Users/gordanaristova/MyProjects/MyRpaProject/venv/lib/python3.10/site-packages/airflow/example_dags/example_short_circuit_operator.py for tasks to queue
[2025-06-12T10:47:00.442+0200] {logging_mixin.py:190} INFO - [2025-06-12T10:47:00.442+0200] {dagbag.py:588} INFO - Filling up the DagBag from /Users/gordanaristova/MyProjects/MyRpaProject/venv/lib/python3.10/site-packages/airflow/example_dags/example_short_circuit_operator.py
[2025-06-12T10:47:00.450+0200] {processor.py:925} INFO - DAG(s) 'example_short_circuit_operator' retrieved from /Users/gordanaristova/MyProjects/MyRpaProject/venv/lib/python3.10/site-packages/airflow/example_dags/example_short_circuit_operator.py
[2025-06-12T10:47:00.480+0200] {logging_mixin.py:190} INFO - [2025-06-12T10:47:00.479+0200] {dag.py:3239} INFO - Sync 1 DAGs
[2025-06-12T10:47:00.483+0200] {logging_mixin.py:190} INFO - [2025-06-12T10:47:00.483+0200] {dag.py:4180} INFO - Setting next_dagrun for example_short_circuit_operator to None, run_after=None
[2025-06-12T10:47:00.487+0200] {processor.py:208} INFO - Processing /Users/gordanaristova/MyProjects/MyRpaProject/venv/lib/python3.10/site-packages/airflow/example_dags/example_short_circuit_operator.py took 0.046 seconds
[2025-06-12T10:48:55.107+0200] {processor.py:186} INFO - Started process (PID=9174) to work on /Users/gordanaristova/MyProjects/MyRpaProject/venv/lib/python3.10/site-packages/airflow/example_dags/example_short_circuit_operator.py
[2025-06-12T10:48:55.108+0200] {processor.py:914} INFO - Processing file /Users/gordanaristova/MyProjects/MyRpaProject/venv/lib/python3.10/site-packages/airflow/example_dags/example_short_circuit_operator.py for tasks to queue
[2025-06-12T10:48:55.109+0200] {logging_mixin.py:190} INFO - [2025-06-12T10:48:55.109+0200] {dagbag.py:588} INFO - Filling up the DagBag from /Users/gordanaristova/MyProjects/MyRpaProject/venv/lib/python3.10/site-packages/airflow/example_dags/example_short_circuit_operator.py
[2025-06-12T10:48:55.117+0200] {processor.py:925} INFO - DAG(s) 'example_short_circuit_operator' retrieved from /Users/gordanaristova/MyProjects/MyRpaProject/venv/lib/python3.10/site-packages/airflow/example_dags/example_short_circuit_operator.py
[2025-06-12T10:48:55.145+0200] {logging_mixin.py:190} INFO - [2025-06-12T10:48:55.144+0200] {dag.py:3239} INFO - Sync 1 DAGs
[2025-06-12T10:48:55.147+0200] {logging_mixin.py:190} INFO - [2025-06-12T10:48:55.147+0200] {dag.py:4180} INFO - Setting next_dagrun for example_short_circuit_operator to None, run_after=None
[2025-06-12T10:48:55.152+0200] {processor.py:208} INFO - Processing /Users/gordanaristova/MyProjects/MyRpaProject/venv/lib/python3.10/site-packages/airflow/example_dags/example_short_circuit_operator.py took 0.045 seconds
[2025-06-12T10:57:01.110+0200] {processor.py:186} INFO - Started process (PID=9434) to work on /Users/gordanaristova/MyProjects/MyRpaProject/venv/lib/python3.10/site-packages/airflow/example_dags/example_short_circuit_operator.py
[2025-06-12T10:57:01.111+0200] {processor.py:914} INFO - Processing file /Users/gordanaristova/MyProjects/MyRpaProject/venv/lib/python3.10/site-packages/airflow/example_dags/example_short_circuit_operator.py for tasks to queue
[2025-06-12T10:57:01.112+0200] {logging_mixin.py:190} INFO - [2025-06-12T10:57:01.112+0200] {dagbag.py:588} INFO - Filling up the DagBag from /Users/gordanaristova/MyProjects/MyRpaProject/venv/lib/python3.10/site-packages/airflow/example_dags/example_short_circuit_operator.py
[2025-06-12T10:57:01.120+0200] {processor.py:925} INFO - DAG(s) 'example_short_circuit_operator' retrieved from /Users/gordanaristova/MyProjects/MyRpaProject/venv/lib/python3.10/site-packages/airflow/example_dags/example_short_circuit_operator.py
[2025-06-12T10:57:01.147+0200] {logging_mixin.py:190} INFO - [2025-06-12T10:57:01.147+0200] {dag.py:3239} INFO - Sync 1 DAGs
[2025-06-12T10:57:01.150+0200] {logging_mixin.py:190} INFO - [2025-06-12T10:57:01.150+0200] {dag.py:4180} INFO - Setting next_dagrun for example_short_circuit_operator to None, run_after=None
[2025-06-12T10:57:01.154+0200] {processor.py:208} INFO - Processing /Users/gordanaristova/MyProjects/MyRpaProject/venv/lib/python3.10/site-packages/airflow/example_dags/example_short_circuit_operator.py took 0.045 seconds
[2025-06-12T10:58:27.365+0200] {processor.py:186} INFO - Started process (PID=9531) to work on /Users/gordanaristova/MyProjects/MyRpaProject/venv/lib/python3.10/site-packages/airflow/example_dags/example_short_circuit_operator.py
[2025-06-12T10:58:27.367+0200] {processor.py:914} INFO - Processing file /Users/gordanaristova/MyProjects/MyRpaProject/venv/lib/python3.10/site-packages/airflow/example_dags/example_short_circuit_operator.py for tasks to queue
[2025-06-12T10:58:27.367+0200] {logging_mixin.py:190} INFO - [2025-06-12T10:58:27.367+0200] {dagbag.py:588} INFO - Filling up the DagBag from /Users/gordanaristova/MyProjects/MyRpaProject/venv/lib/python3.10/site-packages/airflow/example_dags/example_short_circuit_operator.py
[2025-06-12T10:58:27.376+0200] {processor.py:925} INFO - DAG(s) 'example_short_circuit_operator' retrieved from /Users/gordanaristova/MyProjects/MyRpaProject/venv/lib/python3.10/site-packages/airflow/example_dags/example_short_circuit_operator.py
[2025-06-12T10:58:27.404+0200] {logging_mixin.py:190} INFO - [2025-06-12T10:58:27.404+0200] {dag.py:3239} INFO - Sync 1 DAGs
[2025-06-12T10:58:27.407+0200] {logging_mixin.py:190} INFO - [2025-06-12T10:58:27.407+0200] {dag.py:4180} INFO - Setting next_dagrun for example_short_circuit_operator to None, run_after=None
[2025-06-12T10:58:27.412+0200] {processor.py:208} INFO - Processing /Users/gordanaristova/MyProjects/MyRpaProject/venv/lib/python3.10/site-packages/airflow/example_dags/example_short_circuit_operator.py took 0.047 seconds
[2025-06-12T11:11:45.568+0200] {processor.py:186} INFO - Started process (PID=9754) to work on /Users/gordanaristova/MyProjects/MyRpaProject/venv/lib/python3.10/site-packages/airflow/example_dags/example_short_circuit_operator.py
[2025-06-12T11:11:45.569+0200] {processor.py:914} INFO - Processing file /Users/gordanaristova/MyProjects/MyRpaProject/venv/lib/python3.10/site-packages/airflow/example_dags/example_short_circuit_operator.py for tasks to queue
[2025-06-12T11:11:45.569+0200] {logging_mixin.py:190} INFO - [2025-06-12T11:11:45.569+0200] {dagbag.py:588} INFO - Filling up the DagBag from /Users/gordanaristova/MyProjects/MyRpaProject/venv/lib/python3.10/site-packages/airflow/example_dags/example_short_circuit_operator.py
[2025-06-12T11:11:45.577+0200] {processor.py:925} INFO - DAG(s) 'example_short_circuit_operator' retrieved from /Users/gordanaristova/MyProjects/MyRpaProject/venv/lib/python3.10/site-packages/airflow/example_dags/example_short_circuit_operator.py
[2025-06-12T11:11:45.606+0200] {logging_mixin.py:190} INFO - [2025-06-12T11:11:45.605+0200] {dag.py:3239} INFO - Sync 1 DAGs
[2025-06-12T11:11:45.608+0200] {logging_mixin.py:190} INFO - [2025-06-12T11:11:45.608+0200] {dag.py:4180} INFO - Setting next_dagrun for example_short_circuit_operator to None, run_after=None
[2025-06-12T11:11:45.613+0200] {processor.py:208} INFO - Processing /Users/gordanaristova/MyProjects/MyRpaProject/venv/lib/python3.10/site-packages/airflow/example_dags/example_short_circuit_operator.py took 0.046 seconds
[2025-06-12T11:13:12.348+0200] {processor.py:186} INFO - Started process (PID=9847) to work on /Users/gordanaristova/MyProjects/MyRpaProject/venv/lib/python3.10/site-packages/airflow/example_dags/example_short_circuit_operator.py
[2025-06-12T11:13:12.349+0200] {processor.py:914} INFO - Processing file /Users/gordanaristova/MyProjects/MyRpaProject/venv/lib/python3.10/site-packages/airflow/example_dags/example_short_circuit_operator.py for tasks to queue
[2025-06-12T11:13:12.349+0200] {logging_mixin.py:190} INFO - [2025-06-12T11:13:12.349+0200] {dagbag.py:588} INFO - Filling up the DagBag from /Users/gordanaristova/MyProjects/MyRpaProject/venv/lib/python3.10/site-packages/airflow/example_dags/example_short_circuit_operator.py
[2025-06-12T11:13:12.357+0200] {processor.py:925} INFO - DAG(s) 'example_short_circuit_operator' retrieved from /Users/gordanaristova/MyProjects/MyRpaProject/venv/lib/python3.10/site-packages/airflow/example_dags/example_short_circuit_operator.py
[2025-06-12T11:13:12.386+0200] {logging_mixin.py:190} INFO - [2025-06-12T11:13:12.386+0200] {dag.py:3239} INFO - Sync 1 DAGs
[2025-06-12T11:13:12.389+0200] {logging_mixin.py:190} INFO - [2025-06-12T11:13:12.389+0200] {dag.py:4180} INFO - Setting next_dagrun for example_short_circuit_operator to None, run_after=None
[2025-06-12T11:13:12.394+0200] {processor.py:208} INFO - Processing /Users/gordanaristova/MyProjects/MyRpaProject/venv/lib/python3.10/site-packages/airflow/example_dags/example_short_circuit_operator.py took 0.046 seconds
[2025-06-12T11:21:50.309+0200] {processor.py:186} INFO - Started process (PID=10044) to work on /Users/gordanaristova/MyProjects/MyRpaProject/venv/lib/python3.10/site-packages/airflow/example_dags/example_short_circuit_operator.py
[2025-06-12T11:21:50.310+0200] {processor.py:914} INFO - Processing file /Users/gordanaristova/MyProjects/MyRpaProject/venv/lib/python3.10/site-packages/airflow/example_dags/example_short_circuit_operator.py for tasks to queue
[2025-06-12T11:21:50.310+0200] {logging_mixin.py:190} INFO - [2025-06-12T11:21:50.310+0200] {dagbag.py:588} INFO - Filling up the DagBag from /Users/gordanaristova/MyProjects/MyRpaProject/venv/lib/python3.10/site-packages/airflow/example_dags/example_short_circuit_operator.py
[2025-06-12T11:21:50.318+0200] {processor.py:925} INFO - DAG(s) 'example_short_circuit_operator' retrieved from /Users/gordanaristova/MyProjects/MyRpaProject/venv/lib/python3.10/site-packages/airflow/example_dags/example_short_circuit_operator.py
[2025-06-12T11:21:50.346+0200] {logging_mixin.py:190} INFO - [2025-06-12T11:21:50.346+0200] {dag.py:3239} INFO - Sync 1 DAGs
[2025-06-12T11:21:50.349+0200] {logging_mixin.py:190} INFO - [2025-06-12T11:21:50.349+0200] {dag.py:4180} INFO - Setting next_dagrun for example_short_circuit_operator to None, run_after=None
[2025-06-12T11:21:50.354+0200] {processor.py:208} INFO - Processing /Users/gordanaristova/MyProjects/MyRpaProject/venv/lib/python3.10/site-packages/airflow/example_dags/example_short_circuit_operator.py took 0.045 seconds
[2025-06-12T11:23:16.993+0200] {processor.py:186} INFO - Started process (PID=10134) to work on /Users/gordanaristova/MyProjects/MyRpaProject/venv/lib/python3.10/site-packages/airflow/example_dags/example_short_circuit_operator.py
[2025-06-12T11:23:16.994+0200] {processor.py:914} INFO - Processing file /Users/gordanaristova/MyProjects/MyRpaProject/venv/lib/python3.10/site-packages/airflow/example_dags/example_short_circuit_operator.py for tasks to queue
[2025-06-12T11:23:16.994+0200] {logging_mixin.py:190} INFO - [2025-06-12T11:23:16.994+0200] {dagbag.py:588} INFO - Filling up the DagBag from /Users/gordanaristova/MyProjects/MyRpaProject/venv/lib/python3.10/site-packages/airflow/example_dags/example_short_circuit_operator.py
[2025-06-12T11:23:17.002+0200] {processor.py:925} INFO - DAG(s) 'example_short_circuit_operator' retrieved from /Users/gordanaristova/MyProjects/MyRpaProject/venv/lib/python3.10/site-packages/airflow/example_dags/example_short_circuit_operator.py
[2025-06-12T11:23:17.031+0200] {logging_mixin.py:190} INFO - [2025-06-12T11:23:17.031+0200] {dag.py:3239} INFO - Sync 1 DAGs
[2025-06-12T11:23:17.034+0200] {logging_mixin.py:190} INFO - [2025-06-12T11:23:17.034+0200] {dag.py:4180} INFO - Setting next_dagrun for example_short_circuit_operator to None, run_after=None
[2025-06-12T11:23:17.039+0200] {processor.py:208} INFO - Processing /Users/gordanaristova/MyProjects/MyRpaProject/venv/lib/python3.10/site-packages/airflow/example_dags/example_short_circuit_operator.py took 0.046 seconds
[2025-06-12T11:41:06.150+0200] {processor.py:186} INFO - Started process (PID=10411) to work on /Users/gordanaristova/MyProjects/MyRpaProject/venv/lib/python3.10/site-packages/airflow/example_dags/example_short_circuit_operator.py
[2025-06-12T11:41:06.151+0200] {processor.py:914} INFO - Processing file /Users/gordanaristova/MyProjects/MyRpaProject/venv/lib/python3.10/site-packages/airflow/example_dags/example_short_circuit_operator.py for tasks to queue
[2025-06-12T11:41:06.152+0200] {logging_mixin.py:190} INFO - [2025-06-12T11:41:06.152+0200] {dagbag.py:588} INFO - Filling up the DagBag from /Users/gordanaristova/MyProjects/MyRpaProject/venv/lib/python3.10/site-packages/airflow/example_dags/example_short_circuit_operator.py
[2025-06-12T11:41:06.160+0200] {processor.py:925} INFO - DAG(s) 'example_short_circuit_operator' retrieved from /Users/gordanaristova/MyProjects/MyRpaProject/venv/lib/python3.10/site-packages/airflow/example_dags/example_short_circuit_operator.py
[2025-06-12T11:41:06.188+0200] {logging_mixin.py:190} INFO - [2025-06-12T11:41:06.188+0200] {dag.py:3239} INFO - Sync 1 DAGs
[2025-06-12T11:41:06.191+0200] {logging_mixin.py:190} INFO - [2025-06-12T11:41:06.191+0200] {dag.py:4180} INFO - Setting next_dagrun for example_short_circuit_operator to None, run_after=None
[2025-06-12T11:41:06.196+0200] {processor.py:208} INFO - Processing /Users/gordanaristova/MyProjects/MyRpaProject/venv/lib/python3.10/site-packages/airflow/example_dags/example_short_circuit_operator.py took 0.046 seconds
[2025-06-12T11:42:31.262+0200] {processor.py:186} INFO - Started process (PID=10500) to work on /Users/gordanaristova/MyProjects/MyRpaProject/venv/lib/python3.10/site-packages/airflow/example_dags/example_short_circuit_operator.py
[2025-06-12T11:42:31.263+0200] {processor.py:914} INFO - Processing file /Users/gordanaristova/MyProjects/MyRpaProject/venv/lib/python3.10/site-packages/airflow/example_dags/example_short_circuit_operator.py for tasks to queue
[2025-06-12T11:42:31.263+0200] {logging_mixin.py:190} INFO - [2025-06-12T11:42:31.263+0200] {dagbag.py:588} INFO - Filling up the DagBag from /Users/gordanaristova/MyProjects/MyRpaProject/venv/lib/python3.10/site-packages/airflow/example_dags/example_short_circuit_operator.py
[2025-06-12T11:42:31.271+0200] {processor.py:925} INFO - DAG(s) 'example_short_circuit_operator' retrieved from /Users/gordanaristova/MyProjects/MyRpaProject/venv/lib/python3.10/site-packages/airflow/example_dags/example_short_circuit_operator.py
[2025-06-12T11:42:31.299+0200] {logging_mixin.py:190} INFO - [2025-06-12T11:42:31.299+0200] {dag.py:3239} INFO - Sync 1 DAGs
[2025-06-12T11:42:31.302+0200] {logging_mixin.py:190} INFO - [2025-06-12T11:42:31.302+0200] {dag.py:4180} INFO - Setting next_dagrun for example_short_circuit_operator to None, run_after=None
[2025-06-12T11:42:31.307+0200] {processor.py:208} INFO - Processing /Users/gordanaristova/MyProjects/MyRpaProject/venv/lib/python3.10/site-packages/airflow/example_dags/example_short_circuit_operator.py took 0.045 seconds
[2025-06-12T11:49:55.474+0200] {processor.py:186} INFO - Started process (PID=10633) to work on /Users/gordanaristova/MyProjects/MyRpaProject/venv/lib/python3.10/site-packages/airflow/example_dags/example_short_circuit_operator.py
[2025-06-12T11:49:55.475+0200] {processor.py:914} INFO - Processing file /Users/gordanaristova/MyProjects/MyRpaProject/venv/lib/python3.10/site-packages/airflow/example_dags/example_short_circuit_operator.py for tasks to queue
[2025-06-12T11:49:55.475+0200] {logging_mixin.py:190} INFO - [2025-06-12T11:49:55.475+0200] {dagbag.py:588} INFO - Filling up the DagBag from /Users/gordanaristova/MyProjects/MyRpaProject/venv/lib/python3.10/site-packages/airflow/example_dags/example_short_circuit_operator.py
[2025-06-12T11:49:55.484+0200] {processor.py:925} INFO - DAG(s) 'example_short_circuit_operator' retrieved from /Users/gordanaristova/MyProjects/MyRpaProject/venv/lib/python3.10/site-packages/airflow/example_dags/example_short_circuit_operator.py
[2025-06-12T11:49:55.515+0200] {logging_mixin.py:190} INFO - [2025-06-12T11:49:55.515+0200] {dag.py:3239} INFO - Sync 1 DAGs
[2025-06-12T11:49:55.518+0200] {logging_mixin.py:190} INFO - [2025-06-12T11:49:55.518+0200] {dag.py:4180} INFO - Setting next_dagrun for example_short_circuit_operator to None, run_after=None
[2025-06-12T11:49:55.524+0200] {processor.py:208} INFO - Processing /Users/gordanaristova/MyProjects/MyRpaProject/venv/lib/python3.10/site-packages/airflow/example_dags/example_short_circuit_operator.py took 0.051 seconds
[2025-06-12T11:51:20.663+0200] {processor.py:186} INFO - Started process (PID=10723) to work on /Users/gordanaristova/MyProjects/MyRpaProject/venv/lib/python3.10/site-packages/airflow/example_dags/example_short_circuit_operator.py
[2025-06-12T11:51:20.664+0200] {processor.py:914} INFO - Processing file /Users/gordanaristova/MyProjects/MyRpaProject/venv/lib/python3.10/site-packages/airflow/example_dags/example_short_circuit_operator.py for tasks to queue
[2025-06-12T11:51:20.664+0200] {logging_mixin.py:190} INFO - [2025-06-12T11:51:20.664+0200] {dagbag.py:588} INFO - Filling up the DagBag from /Users/gordanaristova/MyProjects/MyRpaProject/venv/lib/python3.10/site-packages/airflow/example_dags/example_short_circuit_operator.py
[2025-06-12T11:51:20.672+0200] {processor.py:925} INFO - DAG(s) 'example_short_circuit_operator' retrieved from /Users/gordanaristova/MyProjects/MyRpaProject/venv/lib/python3.10/site-packages/airflow/example_dags/example_short_circuit_operator.py
[2025-06-12T11:51:20.701+0200] {logging_mixin.py:190} INFO - [2025-06-12T11:51:20.701+0200] {dag.py:3239} INFO - Sync 1 DAGs
[2025-06-12T11:51:20.704+0200] {logging_mixin.py:190} INFO - [2025-06-12T11:51:20.704+0200] {dag.py:4180} INFO - Setting next_dagrun for example_short_circuit_operator to None, run_after=None
[2025-06-12T11:51:20.709+0200] {processor.py:208} INFO - Processing /Users/gordanaristova/MyProjects/MyRpaProject/venv/lib/python3.10/site-packages/airflow/example_dags/example_short_circuit_operator.py took 0.047 seconds
[2025-06-12T11:53:08.623+0200] {processor.py:186} INFO - Started process (PID=10829) to work on /Users/gordanaristova/MyProjects/MyRpaProject/venv/lib/python3.10/site-packages/airflow/example_dags/example_short_circuit_operator.py
[2025-06-12T11:53:08.624+0200] {processor.py:914} INFO - Processing file /Users/gordanaristova/MyProjects/MyRpaProject/venv/lib/python3.10/site-packages/airflow/example_dags/example_short_circuit_operator.py for tasks to queue
[2025-06-12T11:53:08.624+0200] {logging_mixin.py:190} INFO - [2025-06-12T11:53:08.624+0200] {dagbag.py:588} INFO - Filling up the DagBag from /Users/gordanaristova/MyProjects/MyRpaProject/venv/lib/python3.10/site-packages/airflow/example_dags/example_short_circuit_operator.py
[2025-06-12T11:53:08.633+0200] {processor.py:925} INFO - DAG(s) 'example_short_circuit_operator' retrieved from /Users/gordanaristova/MyProjects/MyRpaProject/venv/lib/python3.10/site-packages/airflow/example_dags/example_short_circuit_operator.py
[2025-06-12T11:53:08.662+0200] {logging_mixin.py:190} INFO - [2025-06-12T11:53:08.662+0200] {dag.py:3239} INFO - Sync 1 DAGs
[2025-06-12T11:53:08.665+0200] {logging_mixin.py:190} INFO - [2025-06-12T11:53:08.665+0200] {dag.py:4180} INFO - Setting next_dagrun for example_short_circuit_operator to None, run_after=None
[2025-06-12T11:53:08.670+0200] {processor.py:208} INFO - Processing /Users/gordanaristova/MyProjects/MyRpaProject/venv/lib/python3.10/site-packages/airflow/example_dags/example_short_circuit_operator.py took 0.047 seconds
[2025-06-12T11:54:57.685+0200] {processor.py:186} INFO - Started process (PID=10921) to work on /Users/gordanaristova/MyProjects/MyRpaProject/venv/lib/python3.10/site-packages/airflow/example_dags/example_short_circuit_operator.py
[2025-06-12T11:54:57.685+0200] {processor.py:914} INFO - Processing file /Users/gordanaristova/MyProjects/MyRpaProject/venv/lib/python3.10/site-packages/airflow/example_dags/example_short_circuit_operator.py for tasks to queue
[2025-06-12T11:54:57.685+0200] {logging_mixin.py:190} INFO - [2025-06-12T11:54:57.685+0200] {dagbag.py:588} INFO - Filling up the DagBag from /Users/gordanaristova/MyProjects/MyRpaProject/venv/lib/python3.10/site-packages/airflow/example_dags/example_short_circuit_operator.py
[2025-06-12T11:54:57.694+0200] {processor.py:925} INFO - DAG(s) 'example_short_circuit_operator' retrieved from /Users/gordanaristova/MyProjects/MyRpaProject/venv/lib/python3.10/site-packages/airflow/example_dags/example_short_circuit_operator.py
[2025-06-12T11:54:57.722+0200] {logging_mixin.py:190} INFO - [2025-06-12T11:54:57.722+0200] {dag.py:3239} INFO - Sync 1 DAGs
[2025-06-12T11:54:57.724+0200] {logging_mixin.py:190} INFO - [2025-06-12T11:54:57.724+0200] {dag.py:4180} INFO - Setting next_dagrun for example_short_circuit_operator to None, run_after=None
[2025-06-12T11:54:57.729+0200] {processor.py:208} INFO - Processing /Users/gordanaristova/MyProjects/MyRpaProject/venv/lib/python3.10/site-packages/airflow/example_dags/example_short_circuit_operator.py took 0.045 seconds
[2025-06-12T11:56:46.359+0200] {processor.py:186} INFO - Started process (PID=11034) to work on /Users/gordanaristova/MyProjects/MyRpaProject/venv/lib/python3.10/site-packages/airflow/example_dags/example_short_circuit_operator.py
[2025-06-12T11:56:46.359+0200] {processor.py:914} INFO - Processing file /Users/gordanaristova/MyProjects/MyRpaProject/venv/lib/python3.10/site-packages/airflow/example_dags/example_short_circuit_operator.py for tasks to queue
[2025-06-12T11:56:46.360+0200] {logging_mixin.py:190} INFO - [2025-06-12T11:56:46.360+0200] {dagbag.py:588} INFO - Filling up the DagBag from /Users/gordanaristova/MyProjects/MyRpaProject/venv/lib/python3.10/site-packages/airflow/example_dags/example_short_circuit_operator.py
[2025-06-12T11:56:46.368+0200] {processor.py:925} INFO - DAG(s) 'example_short_circuit_operator' retrieved from /Users/gordanaristova/MyProjects/MyRpaProject/venv/lib/python3.10/site-packages/airflow/example_dags/example_short_circuit_operator.py
[2025-06-12T11:56:46.398+0200] {logging_mixin.py:190} INFO - [2025-06-12T11:56:46.398+0200] {dag.py:3239} INFO - Sync 1 DAGs
[2025-06-12T11:56:46.401+0200] {logging_mixin.py:190} INFO - [2025-06-12T11:56:46.401+0200] {dag.py:4180} INFO - Setting next_dagrun for example_short_circuit_operator to None, run_after=None
[2025-06-12T11:56:46.406+0200] {processor.py:208} INFO - Processing /Users/gordanaristova/MyProjects/MyRpaProject/venv/lib/python3.10/site-packages/airflow/example_dags/example_short_circuit_operator.py took 0.048 seconds
[2025-06-12T13:14:41.994+0200] {processor.py:186} INFO - Started process (PID=13003) to work on /Users/gordanaristova/MyProjects/MyRpaProject/venv/lib/python3.10/site-packages/airflow/example_dags/example_short_circuit_operator.py
[2025-06-12T13:14:41.995+0200] {processor.py:914} INFO - Processing file /Users/gordanaristova/MyProjects/MyRpaProject/venv/lib/python3.10/site-packages/airflow/example_dags/example_short_circuit_operator.py for tasks to queue
[2025-06-12T13:14:41.995+0200] {logging_mixin.py:190} INFO - [2025-06-12T13:14:41.995+0200] {dagbag.py:588} INFO - Filling up the DagBag from /Users/gordanaristova/MyProjects/MyRpaProject/venv/lib/python3.10/site-packages/airflow/example_dags/example_short_circuit_operator.py
[2025-06-12T13:14:42.004+0200] {processor.py:925} INFO - DAG(s) 'example_short_circuit_operator' retrieved from /Users/gordanaristova/MyProjects/MyRpaProject/venv/lib/python3.10/site-packages/airflow/example_dags/example_short_circuit_operator.py
[2025-06-12T13:14:42.033+0200] {logging_mixin.py:190} INFO - [2025-06-12T13:14:42.033+0200] {dag.py:3239} INFO - Sync 1 DAGs
[2025-06-12T13:14:42.036+0200] {logging_mixin.py:190} INFO - [2025-06-12T13:14:42.036+0200] {dag.py:4180} INFO - Setting next_dagrun for example_short_circuit_operator to None, run_after=None
[2025-06-12T13:14:42.041+0200] {processor.py:208} INFO - Processing /Users/gordanaristova/MyProjects/MyRpaProject/venv/lib/python3.10/site-packages/airflow/example_dags/example_short_circuit_operator.py took 0.048 seconds
