[2025-06-12T10:36:29.717+0200] {processor.py:186} INFO - Started process (PID=8412) to work on /Users/gordanaristova/MyProjects/MyRpaProject/venv/lib/python3.10/site-packages/airflow/example_dags/example_xcomargs.py
[2025-06-12T10:36:29.718+0200] {processor.py:914} INFO - Processing file /Users/gordanaristova/MyProjects/MyRpaProject/venv/lib/python3.10/site-packages/airflow/example_dags/example_xcomargs.py for tasks to queue
[2025-06-12T10:36:29.718+0200] {logging_mixin.py:190} INFO - [2025-06-12T10:36:29.718+0200] {dagbag.py:588} INFO - Filling up the DagBag from /Users/gordanaristova/MyProjects/MyRpaProject/venv/lib/python3.10/site-packages/airflow/example_dags/example_xcomargs.py
[2025-06-12T10:36:29.729+0200] {processor.py:925} INFO - DAG(s) 'example_xcom_args', 'example_xcom_args_with_operators' retrieved from /Users/gordanaristova/MyProjects/MyRpaProject/venv/lib/python3.10/site-packages/airflow/example_dags/example_xcomargs.py
[2025-06-12T10:36:29.774+0200] {logging_mixin.py:190} INFO - [2025-06-12T10:36:29.774+0200] {override.py:1900} INFO - Created Permission View: can edit on DAG:example_xcom_args
[2025-06-12T10:36:29.777+0200] {logging_mixin.py:190} INFO - [2025-06-12T10:36:29.777+0200] {override.py:1900} INFO - Created Permission View: can delete on DAG:example_xcom_args
[2025-06-12T10:36:29.778+0200] {logging_mixin.py:190} INFO - [2025-06-12T10:36:29.778+0200] {override.py:1900} INFO - Created Permission View: can read on DAG:example_xcom_args
[2025-06-12T10:36:29.780+0200] {logging_mixin.py:190} INFO - [2025-06-12T10:36:29.780+0200] {override.py:1900} INFO - Created Permission View: can create on DAG Run:example_xcom_args
[2025-06-12T10:36:29.781+0200] {logging_mixin.py:190} INFO - [2025-06-12T10:36:29.781+0200] {override.py:1900} INFO - Created Permission View: menu access on DAG Run:example_xcom_args
[2025-06-12T10:36:29.783+0200] {logging_mixin.py:190} INFO - [2025-06-12T10:36:29.782+0200] {override.py:1900} INFO - Created Permission View: can read on DAG Run:example_xcom_args
[2025-06-12T10:36:29.784+0200] {logging_mixin.py:190} INFO - [2025-06-12T10:36:29.784+0200] {override.py:1900} INFO - Created Permission View: can delete on DAG Run:example_xcom_args
[2025-06-12T10:36:29.787+0200] {logging_mixin.py:190} INFO - [2025-06-12T10:36:29.787+0200] {override.py:1900} INFO - Created Permission View: can edit on DAG:example_xcom_args_with_operators
[2025-06-12T10:36:29.788+0200] {logging_mixin.py:190} INFO - [2025-06-12T10:36:29.788+0200] {override.py:1900} INFO - Created Permission View: can delete on DAG:example_xcom_args_with_operators
[2025-06-12T10:36:29.790+0200] {logging_mixin.py:190} INFO - [2025-06-12T10:36:29.790+0200] {override.py:1900} INFO - Created Permission View: can read on DAG:example_xcom_args_with_operators
[2025-06-12T10:36:29.791+0200] {logging_mixin.py:190} INFO - [2025-06-12T10:36:29.791+0200] {override.py:1900} INFO - Created Permission View: can create on DAG Run:example_xcom_args_with_operators
[2025-06-12T10:36:29.793+0200] {logging_mixin.py:190} INFO - [2025-06-12T10:36:29.793+0200] {override.py:1900} INFO - Created Permission View: menu access on DAG Run:example_xcom_args_with_operators
[2025-06-12T10:36:29.794+0200] {logging_mixin.py:190} INFO - [2025-06-12T10:36:29.794+0200] {override.py:1900} INFO - Created Permission View: can read on DAG Run:example_xcom_args_with_operators
[2025-06-12T10:36:29.796+0200] {logging_mixin.py:190} INFO - [2025-06-12T10:36:29.796+0200] {override.py:1900} INFO - Created Permission View: can delete on DAG Run:example_xcom_args_with_operators
[2025-06-12T10:36:29.796+0200] {logging_mixin.py:190} INFO - [2025-06-12T10:36:29.796+0200] {dag.py:3239} INFO - Sync 2 DAGs
[2025-06-12T10:36:29.799+0200] {logging_mixin.py:190} INFO - [2025-06-12T10:36:29.799+0200] {dag.py:3262} INFO - Creating ORM DAG for example_xcom_args
[2025-06-12T10:36:29.799+0200] {logging_mixin.py:190} INFO - [2025-06-12T10:36:29.799+0200] {dag.py:3262} INFO - Creating ORM DAG for example_xcom_args_with_operators
[2025-06-12T10:36:29.799+0200] {logging_mixin.py:190} INFO - [2025-06-12T10:36:29.799+0200] {dag.py:4180} INFO - Setting next_dagrun for example_xcom_args to None, run_after=None
[2025-06-12T10:36:29.799+0200] {logging_mixin.py:190} INFO - [2025-06-12T10:36:29.799+0200] {dag.py:4180} INFO - Setting next_dagrun for example_xcom_args_with_operators to None, run_after=None
[2025-06-12T10:36:29.804+0200] {processor.py:208} INFO - Processing /Users/gordanaristova/MyProjects/MyRpaProject/venv/lib/python3.10/site-packages/airflow/example_dags/example_xcomargs.py took 0.087 seconds
[2025-06-12T10:37:59.318+0200] {processor.py:186} INFO - Started process (PID=8490) to work on /Users/gordanaristova/MyProjects/MyRpaProject/venv/lib/python3.10/site-packages/airflow/example_dags/example_xcomargs.py
[2025-06-12T10:37:59.319+0200] {processor.py:914} INFO - Processing file /Users/gordanaristova/MyProjects/MyRpaProject/venv/lib/python3.10/site-packages/airflow/example_dags/example_xcomargs.py for tasks to queue
[2025-06-12T10:37:59.320+0200] {logging_mixin.py:190} INFO - [2025-06-12T10:37:59.320+0200] {dagbag.py:588} INFO - Filling up the DagBag from /Users/gordanaristova/MyProjects/MyRpaProject/venv/lib/python3.10/site-packages/airflow/example_dags/example_xcomargs.py
[2025-06-12T10:37:59.332+0200] {processor.py:925} INFO - DAG(s) 'example_xcom_args', 'example_xcom_args_with_operators' retrieved from /Users/gordanaristova/MyProjects/MyRpaProject/venv/lib/python3.10/site-packages/airflow/example_dags/example_xcomargs.py
[2025-06-12T10:37:59.363+0200] {logging_mixin.py:190} INFO - [2025-06-12T10:37:59.363+0200] {dag.py:3239} INFO - Sync 2 DAGs
[2025-06-12T10:37:59.366+0200] {logging_mixin.py:190} INFO - [2025-06-12T10:37:59.366+0200] {dag.py:4180} INFO - Setting next_dagrun for example_xcom_args to None, run_after=None
[2025-06-12T10:37:59.367+0200] {logging_mixin.py:190} INFO - [2025-06-12T10:37:59.367+0200] {dag.py:4180} INFO - Setting next_dagrun for example_xcom_args_with_operators to None, run_after=None
[2025-06-12T10:37:59.371+0200] {processor.py:208} INFO - Processing /Users/gordanaristova/MyProjects/MyRpaProject/venv/lib/python3.10/site-packages/airflow/example_dags/example_xcomargs.py took 0.054 seconds
[2025-06-12T10:38:53.173+0200] {processor.py:186} INFO - Started process (PID=8534) to work on /Users/gordanaristova/MyProjects/MyRpaProject/venv/lib/python3.10/site-packages/airflow/example_dags/example_xcomargs.py
[2025-06-12T10:38:53.174+0200] {processor.py:914} INFO - Processing file /Users/gordanaristova/MyProjects/MyRpaProject/venv/lib/python3.10/site-packages/airflow/example_dags/example_xcomargs.py for tasks to queue
[2025-06-12T10:38:53.175+0200] {logging_mixin.py:190} INFO - [2025-06-12T10:38:53.174+0200] {dagbag.py:588} INFO - Filling up the DagBag from /Users/gordanaristova/MyProjects/MyRpaProject/venv/lib/python3.10/site-packages/airflow/example_dags/example_xcomargs.py
[2025-06-12T10:38:53.186+0200] {processor.py:925} INFO - DAG(s) 'example_xcom_args_with_operators', 'example_xcom_args' retrieved from /Users/gordanaristova/MyProjects/MyRpaProject/venv/lib/python3.10/site-packages/airflow/example_dags/example_xcomargs.py
[2025-06-12T10:38:53.213+0200] {logging_mixin.py:190} INFO - [2025-06-12T10:38:53.213+0200] {dag.py:3239} INFO - Sync 2 DAGs
[2025-06-12T10:38:53.216+0200] {logging_mixin.py:190} INFO - [2025-06-12T10:38:53.216+0200] {dag.py:4180} INFO - Setting next_dagrun for example_xcom_args to None, run_after=None
[2025-06-12T10:38:53.217+0200] {logging_mixin.py:190} INFO - [2025-06-12T10:38:53.217+0200] {dag.py:4180} INFO - Setting next_dagrun for example_xcom_args_with_operators to None, run_after=None
[2025-06-12T10:38:53.221+0200] {processor.py:208} INFO - Processing /Users/gordanaristova/MyProjects/MyRpaProject/venv/lib/python3.10/site-packages/airflow/example_dags/example_xcomargs.py took 0.049 seconds
[2025-06-12T10:39:46.010+0200] {processor.py:186} INFO - Started process (PID=8576) to work on /Users/gordanaristova/MyProjects/MyRpaProject/venv/lib/python3.10/site-packages/airflow/example_dags/example_xcomargs.py
[2025-06-12T10:39:46.011+0200] {processor.py:914} INFO - Processing file /Users/gordanaristova/MyProjects/MyRpaProject/venv/lib/python3.10/site-packages/airflow/example_dags/example_xcomargs.py for tasks to queue
[2025-06-12T10:39:46.011+0200] {logging_mixin.py:190} INFO - [2025-06-12T10:39:46.011+0200] {dagbag.py:588} INFO - Filling up the DagBag from /Users/gordanaristova/MyProjects/MyRpaProject/venv/lib/python3.10/site-packages/airflow/example_dags/example_xcomargs.py
[2025-06-12T10:39:46.025+0200] {processor.py:925} INFO - DAG(s) 'example_xcom_args', 'example_xcom_args_with_operators' retrieved from /Users/gordanaristova/MyProjects/MyRpaProject/venv/lib/python3.10/site-packages/airflow/example_dags/example_xcomargs.py
[2025-06-12T10:39:46.055+0200] {logging_mixin.py:190} INFO - [2025-06-12T10:39:46.055+0200] {dag.py:3239} INFO - Sync 2 DAGs
[2025-06-12T10:39:46.058+0200] {logging_mixin.py:190} INFO - [2025-06-12T10:39:46.058+0200] {dag.py:4180} INFO - Setting next_dagrun for example_xcom_args to None, run_after=None
[2025-06-12T10:39:46.059+0200] {logging_mixin.py:190} INFO - [2025-06-12T10:39:46.059+0200] {dag.py:4180} INFO - Setting next_dagrun for example_xcom_args_with_operators to None, run_after=None
[2025-06-12T10:39:46.063+0200] {processor.py:208} INFO - Processing /Users/gordanaristova/MyProjects/MyRpaProject/venv/lib/python3.10/site-packages/airflow/example_dags/example_xcomargs.py took 0.054 seconds
[2025-06-12T10:40:36.771+0200] {processor.py:186} INFO - Started process (PID=8616) to work on /Users/gordanaristova/MyProjects/MyRpaProject/venv/lib/python3.10/site-packages/airflow/example_dags/example_xcomargs.py
[2025-06-12T10:40:36.771+0200] {processor.py:914} INFO - Processing file /Users/gordanaristova/MyProjects/MyRpaProject/venv/lib/python3.10/site-packages/airflow/example_dags/example_xcomargs.py for tasks to queue
[2025-06-12T10:40:36.771+0200] {logging_mixin.py:190} INFO - [2025-06-12T10:40:36.771+0200] {dagbag.py:588} INFO - Filling up the DagBag from /Users/gordanaristova/MyProjects/MyRpaProject/venv/lib/python3.10/site-packages/airflow/example_dags/example_xcomargs.py
[2025-06-12T10:40:36.782+0200] {processor.py:925} INFO - DAG(s) 'example_xcom_args_with_operators', 'example_xcom_args' retrieved from /Users/gordanaristova/MyProjects/MyRpaProject/venv/lib/python3.10/site-packages/airflow/example_dags/example_xcomargs.py
[2025-06-12T10:40:36.810+0200] {logging_mixin.py:190} INFO - [2025-06-12T10:40:36.810+0200] {dag.py:3239} INFO - Sync 2 DAGs
[2025-06-12T10:40:36.813+0200] {logging_mixin.py:190} INFO - [2025-06-12T10:40:36.813+0200] {dag.py:4180} INFO - Setting next_dagrun for example_xcom_args to None, run_after=None
[2025-06-12T10:40:36.814+0200] {logging_mixin.py:190} INFO - [2025-06-12T10:40:36.814+0200] {dag.py:4180} INFO - Setting next_dagrun for example_xcom_args_with_operators to None, run_after=None
[2025-06-12T10:40:36.818+0200] {processor.py:208} INFO - Processing /Users/gordanaristova/MyProjects/MyRpaProject/venv/lib/python3.10/site-packages/airflow/example_dags/example_xcomargs.py took 0.048 seconds
[2025-06-12T10:41:28.078+0200] {processor.py:186} INFO - Started process (PID=8666) to work on /Users/gordanaristova/MyProjects/MyRpaProject/venv/lib/python3.10/site-packages/airflow/example_dags/example_xcomargs.py
[2025-06-12T10:41:28.079+0200] {processor.py:914} INFO - Processing file /Users/gordanaristova/MyProjects/MyRpaProject/venv/lib/python3.10/site-packages/airflow/example_dags/example_xcomargs.py for tasks to queue
[2025-06-12T10:41:28.079+0200] {logging_mixin.py:190} INFO - [2025-06-12T10:41:28.079+0200] {dagbag.py:588} INFO - Filling up the DagBag from /Users/gordanaristova/MyProjects/MyRpaProject/venv/lib/python3.10/site-packages/airflow/example_dags/example_xcomargs.py
[2025-06-12T10:41:28.090+0200] {processor.py:925} INFO - DAG(s) 'example_xcom_args', 'example_xcom_args_with_operators' retrieved from /Users/gordanaristova/MyProjects/MyRpaProject/venv/lib/python3.10/site-packages/airflow/example_dags/example_xcomargs.py
[2025-06-12T10:41:28.120+0200] {logging_mixin.py:190} INFO - [2025-06-12T10:41:28.120+0200] {dag.py:3239} INFO - Sync 2 DAGs
[2025-06-12T10:41:28.123+0200] {logging_mixin.py:190} INFO - [2025-06-12T10:41:28.123+0200] {dag.py:4180} INFO - Setting next_dagrun for example_xcom_args to None, run_after=None
[2025-06-12T10:41:28.124+0200] {logging_mixin.py:190} INFO - [2025-06-12T10:41:28.124+0200] {dag.py:4180} INFO - Setting next_dagrun for example_xcom_args_with_operators to None, run_after=None
[2025-06-12T10:41:28.128+0200] {processor.py:208} INFO - Processing /Users/gordanaristova/MyProjects/MyRpaProject/venv/lib/python3.10/site-packages/airflow/example_dags/example_xcomargs.py took 0.051 seconds
[2025-06-12T10:42:21.987+0200] {processor.py:186} INFO - Started process (PID=8707) to work on /Users/gordanaristova/MyProjects/MyRpaProject/venv/lib/python3.10/site-packages/airflow/example_dags/example_xcomargs.py
[2025-06-12T10:42:21.987+0200] {processor.py:914} INFO - Processing file /Users/gordanaristova/MyProjects/MyRpaProject/venv/lib/python3.10/site-packages/airflow/example_dags/example_xcomargs.py for tasks to queue
[2025-06-12T10:42:21.988+0200] {logging_mixin.py:190} INFO - [2025-06-12T10:42:21.988+0200] {dagbag.py:588} INFO - Filling up the DagBag from /Users/gordanaristova/MyProjects/MyRpaProject/venv/lib/python3.10/site-packages/airflow/example_dags/example_xcomargs.py
[2025-06-12T10:42:21.999+0200] {processor.py:925} INFO - DAG(s) 'example_xcom_args_with_operators', 'example_xcom_args' retrieved from /Users/gordanaristova/MyProjects/MyRpaProject/venv/lib/python3.10/site-packages/airflow/example_dags/example_xcomargs.py
[2025-06-12T10:42:22.028+0200] {logging_mixin.py:190} INFO - [2025-06-12T10:42:22.028+0200] {dag.py:3239} INFO - Sync 2 DAGs
[2025-06-12T10:42:22.031+0200] {logging_mixin.py:190} INFO - [2025-06-12T10:42:22.031+0200] {dag.py:4180} INFO - Setting next_dagrun for example_xcom_args to None, run_after=None
[2025-06-12T10:42:22.031+0200] {logging_mixin.py:190} INFO - [2025-06-12T10:42:22.031+0200] {dag.py:4180} INFO - Setting next_dagrun for example_xcom_args_with_operators to None, run_after=None
[2025-06-12T10:42:22.036+0200] {processor.py:208} INFO - Processing /Users/gordanaristova/MyProjects/MyRpaProject/venv/lib/python3.10/site-packages/airflow/example_dags/example_xcomargs.py took 0.049 seconds
[2025-06-12T10:43:14.901+0200] {processor.py:186} INFO - Started process (PID=8756) to work on /Users/gordanaristova/MyProjects/MyRpaProject/venv/lib/python3.10/site-packages/airflow/example_dags/example_xcomargs.py
[2025-06-12T10:43:14.901+0200] {processor.py:914} INFO - Processing file /Users/gordanaristova/MyProjects/MyRpaProject/venv/lib/python3.10/site-packages/airflow/example_dags/example_xcomargs.py for tasks to queue
[2025-06-12T10:43:14.901+0200] {logging_mixin.py:190} INFO - [2025-06-12T10:43:14.901+0200] {dagbag.py:588} INFO - Filling up the DagBag from /Users/gordanaristova/MyProjects/MyRpaProject/venv/lib/python3.10/site-packages/airflow/example_dags/example_xcomargs.py
[2025-06-12T10:43:14.912+0200] {processor.py:925} INFO - DAG(s) 'example_xcom_args', 'example_xcom_args_with_operators' retrieved from /Users/gordanaristova/MyProjects/MyRpaProject/venv/lib/python3.10/site-packages/airflow/example_dags/example_xcomargs.py
[2025-06-12T10:43:14.941+0200] {logging_mixin.py:190} INFO - [2025-06-12T10:43:14.941+0200] {dag.py:3239} INFO - Sync 2 DAGs
[2025-06-12T10:43:14.944+0200] {logging_mixin.py:190} INFO - [2025-06-12T10:43:14.944+0200] {dag.py:4180} INFO - Setting next_dagrun for example_xcom_args to None, run_after=None
[2025-06-12T10:43:14.945+0200] {logging_mixin.py:190} INFO - [2025-06-12T10:43:14.945+0200] {dag.py:4180} INFO - Setting next_dagrun for example_xcom_args_with_operators to None, run_after=None
[2025-06-12T10:43:14.949+0200] {processor.py:208} INFO - Processing /Users/gordanaristova/MyProjects/MyRpaProject/venv/lib/python3.10/site-packages/airflow/example_dags/example_xcomargs.py took 0.049 seconds
[2025-06-12T10:44:09.177+0200] {processor.py:186} INFO - Started process (PID=8859) to work on /Users/gordanaristova/MyProjects/MyRpaProject/venv/lib/python3.10/site-packages/airflow/example_dags/example_xcomargs.py
[2025-06-12T10:44:09.178+0200] {processor.py:914} INFO - Processing file /Users/gordanaristova/MyProjects/MyRpaProject/venv/lib/python3.10/site-packages/airflow/example_dags/example_xcomargs.py for tasks to queue
[2025-06-12T10:44:09.178+0200] {logging_mixin.py:190} INFO - [2025-06-12T10:44:09.178+0200] {dagbag.py:588} INFO - Filling up the DagBag from /Users/gordanaristova/MyProjects/MyRpaProject/venv/lib/python3.10/site-packages/airflow/example_dags/example_xcomargs.py
[2025-06-12T10:44:09.190+0200] {processor.py:925} INFO - DAG(s) 'example_xcom_args_with_operators', 'example_xcom_args' retrieved from /Users/gordanaristova/MyProjects/MyRpaProject/venv/lib/python3.10/site-packages/airflow/example_dags/example_xcomargs.py
[2025-06-12T10:44:09.218+0200] {logging_mixin.py:190} INFO - [2025-06-12T10:44:09.218+0200] {dag.py:3239} INFO - Sync 2 DAGs
[2025-06-12T10:44:09.221+0200] {logging_mixin.py:190} INFO - [2025-06-12T10:44:09.221+0200] {dag.py:4180} INFO - Setting next_dagrun for example_xcom_args to None, run_after=None
[2025-06-12T10:44:09.222+0200] {logging_mixin.py:190} INFO - [2025-06-12T10:44:09.222+0200] {dag.py:4180} INFO - Setting next_dagrun for example_xcom_args_with_operators to None, run_after=None
[2025-06-12T10:44:09.226+0200] {processor.py:208} INFO - Processing /Users/gordanaristova/MyProjects/MyRpaProject/venv/lib/python3.10/site-packages/airflow/example_dags/example_xcomargs.py took 0.050 seconds
[2025-06-12T10:45:01.651+0200] {processor.py:186} INFO - Started process (PID=8899) to work on /Users/gordanaristova/MyProjects/MyRpaProject/venv/lib/python3.10/site-packages/airflow/example_dags/example_xcomargs.py
[2025-06-12T10:45:01.652+0200] {processor.py:914} INFO - Processing file /Users/gordanaristova/MyProjects/MyRpaProject/venv/lib/python3.10/site-packages/airflow/example_dags/example_xcomargs.py for tasks to queue
[2025-06-12T10:45:01.652+0200] {logging_mixin.py:190} INFO - [2025-06-12T10:45:01.652+0200] {dagbag.py:588} INFO - Filling up the DagBag from /Users/gordanaristova/MyProjects/MyRpaProject/venv/lib/python3.10/site-packages/airflow/example_dags/example_xcomargs.py
[2025-06-12T10:45:01.663+0200] {processor.py:925} INFO - DAG(s) 'example_xcom_args', 'example_xcom_args_with_operators' retrieved from /Users/gordanaristova/MyProjects/MyRpaProject/venv/lib/python3.10/site-packages/airflow/example_dags/example_xcomargs.py
[2025-06-12T10:45:01.692+0200] {logging_mixin.py:190} INFO - [2025-06-12T10:45:01.692+0200] {dag.py:3239} INFO - Sync 2 DAGs
[2025-06-12T10:45:01.695+0200] {logging_mixin.py:190} INFO - [2025-06-12T10:45:01.695+0200] {dag.py:4180} INFO - Setting next_dagrun for example_xcom_args to None, run_after=None
[2025-06-12T10:45:01.696+0200] {logging_mixin.py:190} INFO - [2025-06-12T10:45:01.696+0200] {dag.py:4180} INFO - Setting next_dagrun for example_xcom_args_with_operators to None, run_after=None
[2025-06-12T10:45:01.701+0200] {processor.py:208} INFO - Processing /Users/gordanaristova/MyProjects/MyRpaProject/venv/lib/python3.10/site-packages/airflow/example_dags/example_xcomargs.py took 0.051 seconds
[2025-06-12T10:45:55.219+0200] {processor.py:186} INFO - Started process (PID=8945) to work on /Users/gordanaristova/MyProjects/MyRpaProject/venv/lib/python3.10/site-packages/airflow/example_dags/example_xcomargs.py
[2025-06-12T10:45:55.219+0200] {processor.py:914} INFO - Processing file /Users/gordanaristova/MyProjects/MyRpaProject/venv/lib/python3.10/site-packages/airflow/example_dags/example_xcomargs.py for tasks to queue
[2025-06-12T10:45:55.220+0200] {logging_mixin.py:190} INFO - [2025-06-12T10:45:55.220+0200] {dagbag.py:588} INFO - Filling up the DagBag from /Users/gordanaristova/MyProjects/MyRpaProject/venv/lib/python3.10/site-packages/airflow/example_dags/example_xcomargs.py
[2025-06-12T10:45:55.231+0200] {processor.py:925} INFO - DAG(s) 'example_xcom_args_with_operators', 'example_xcom_args' retrieved from /Users/gordanaristova/MyProjects/MyRpaProject/venv/lib/python3.10/site-packages/airflow/example_dags/example_xcomargs.py
[2025-06-12T10:45:55.259+0200] {logging_mixin.py:190} INFO - [2025-06-12T10:45:55.259+0200] {dag.py:3239} INFO - Sync 2 DAGs
[2025-06-12T10:45:55.262+0200] {logging_mixin.py:190} INFO - [2025-06-12T10:45:55.262+0200] {dag.py:4180} INFO - Setting next_dagrun for example_xcom_args to None, run_after=None
[2025-06-12T10:45:55.263+0200] {logging_mixin.py:190} INFO - [2025-06-12T10:45:55.263+0200] {dag.py:4180} INFO - Setting next_dagrun for example_xcom_args_with_operators to None, run_after=None
[2025-06-12T10:45:55.267+0200] {processor.py:208} INFO - Processing /Users/gordanaristova/MyProjects/MyRpaProject/venv/lib/python3.10/site-packages/airflow/example_dags/example_xcomargs.py took 0.049 seconds
[2025-06-12T10:46:46.851+0200] {processor.py:186} INFO - Started process (PID=9006) to work on /Users/gordanaristova/MyProjects/MyRpaProject/venv/lib/python3.10/site-packages/airflow/example_dags/example_xcomargs.py
[2025-06-12T10:46:46.852+0200] {processor.py:914} INFO - Processing file /Users/gordanaristova/MyProjects/MyRpaProject/venv/lib/python3.10/site-packages/airflow/example_dags/example_xcomargs.py for tasks to queue
[2025-06-12T10:46:46.853+0200] {logging_mixin.py:190} INFO - [2025-06-12T10:46:46.853+0200] {dagbag.py:588} INFO - Filling up the DagBag from /Users/gordanaristova/MyProjects/MyRpaProject/venv/lib/python3.10/site-packages/airflow/example_dags/example_xcomargs.py
[2025-06-12T10:46:46.864+0200] {processor.py:925} INFO - DAG(s) 'example_xcom_args', 'example_xcom_args_with_operators' retrieved from /Users/gordanaristova/MyProjects/MyRpaProject/venv/lib/python3.10/site-packages/airflow/example_dags/example_xcomargs.py
[2025-06-12T10:46:46.894+0200] {logging_mixin.py:190} INFO - [2025-06-12T10:46:46.894+0200] {dag.py:3239} INFO - Sync 2 DAGs
[2025-06-12T10:46:46.897+0200] {logging_mixin.py:190} INFO - [2025-06-12T10:46:46.897+0200] {dag.py:4180} INFO - Setting next_dagrun for example_xcom_args to None, run_after=None
[2025-06-12T10:46:46.897+0200] {logging_mixin.py:190} INFO - [2025-06-12T10:46:46.897+0200] {dag.py:4180} INFO - Setting next_dagrun for example_xcom_args_with_operators to None, run_after=None
[2025-06-12T10:46:46.902+0200] {processor.py:208} INFO - Processing /Users/gordanaristova/MyProjects/MyRpaProject/venv/lib/python3.10/site-packages/airflow/example_dags/example_xcomargs.py took 0.051 seconds
[2025-06-12T10:47:45.502+0200] {processor.py:186} INFO - Started process (PID=9077) to work on /Users/gordanaristova/MyProjects/MyRpaProject/venv/lib/python3.10/site-packages/airflow/example_dags/example_xcomargs.py
[2025-06-12T10:47:45.503+0200] {processor.py:914} INFO - Processing file /Users/gordanaristova/MyProjects/MyRpaProject/venv/lib/python3.10/site-packages/airflow/example_dags/example_xcomargs.py for tasks to queue
[2025-06-12T10:47:45.504+0200] {logging_mixin.py:190} INFO - [2025-06-12T10:47:45.503+0200] {dagbag.py:588} INFO - Filling up the DagBag from /Users/gordanaristova/MyProjects/MyRpaProject/venv/lib/python3.10/site-packages/airflow/example_dags/example_xcomargs.py
[2025-06-12T10:47:45.515+0200] {processor.py:925} INFO - DAG(s) 'example_xcom_args_with_operators', 'example_xcom_args' retrieved from /Users/gordanaristova/MyProjects/MyRpaProject/venv/lib/python3.10/site-packages/airflow/example_dags/example_xcomargs.py
[2025-06-12T10:47:45.543+0200] {logging_mixin.py:190} INFO - [2025-06-12T10:47:45.543+0200] {dag.py:3239} INFO - Sync 2 DAGs
[2025-06-12T10:47:45.546+0200] {logging_mixin.py:190} INFO - [2025-06-12T10:47:45.546+0200] {dag.py:4180} INFO - Setting next_dagrun for example_xcom_args to None, run_after=None
[2025-06-12T10:47:45.546+0200] {logging_mixin.py:190} INFO - [2025-06-12T10:47:45.546+0200] {dag.py:4180} INFO - Setting next_dagrun for example_xcom_args_with_operators to None, run_after=None
[2025-06-12T10:47:45.550+0200] {processor.py:208} INFO - Processing /Users/gordanaristova/MyProjects/MyRpaProject/venv/lib/python3.10/site-packages/airflow/example_dags/example_xcomargs.py took 0.049 seconds
[2025-06-12T10:48:39.893+0200] {processor.py:186} INFO - Started process (PID=9159) to work on /Users/gordanaristova/MyProjects/MyRpaProject/venv/lib/python3.10/site-packages/airflow/example_dags/example_xcomargs.py
[2025-06-12T10:48:39.894+0200] {processor.py:914} INFO - Processing file /Users/gordanaristova/MyProjects/MyRpaProject/venv/lib/python3.10/site-packages/airflow/example_dags/example_xcomargs.py for tasks to queue
[2025-06-12T10:48:39.894+0200] {logging_mixin.py:190} INFO - [2025-06-12T10:48:39.894+0200] {dagbag.py:588} INFO - Filling up the DagBag from /Users/gordanaristova/MyProjects/MyRpaProject/venv/lib/python3.10/site-packages/airflow/example_dags/example_xcomargs.py
[2025-06-12T10:48:39.906+0200] {processor.py:925} INFO - DAG(s) 'example_xcom_args', 'example_xcom_args_with_operators' retrieved from /Users/gordanaristova/MyProjects/MyRpaProject/venv/lib/python3.10/site-packages/airflow/example_dags/example_xcomargs.py
[2025-06-12T10:48:39.934+0200] {logging_mixin.py:190} INFO - [2025-06-12T10:48:39.934+0200] {dag.py:3239} INFO - Sync 2 DAGs
[2025-06-12T10:48:39.937+0200] {logging_mixin.py:190} INFO - [2025-06-12T10:48:39.937+0200] {dag.py:4180} INFO - Setting next_dagrun for example_xcom_args to None, run_after=None
[2025-06-12T10:48:39.938+0200] {logging_mixin.py:190} INFO - [2025-06-12T10:48:39.938+0200] {dag.py:4180} INFO - Setting next_dagrun for example_xcom_args_with_operators to None, run_after=None
[2025-06-12T10:48:39.942+0200] {processor.py:208} INFO - Processing /Users/gordanaristova/MyProjects/MyRpaProject/venv/lib/python3.10/site-packages/airflow/example_dags/example_xcomargs.py took 0.050 seconds
[2025-06-12T10:49:33.999+0200] {processor.py:186} INFO - Started process (PID=9212) to work on /Users/gordanaristova/MyProjects/MyRpaProject/venv/lib/python3.10/site-packages/airflow/example_dags/example_xcomargs.py
[2025-06-12T10:49:34.000+0200] {processor.py:914} INFO - Processing file /Users/gordanaristova/MyProjects/MyRpaProject/venv/lib/python3.10/site-packages/airflow/example_dags/example_xcomargs.py for tasks to queue
[2025-06-12T10:49:34.000+0200] {logging_mixin.py:190} INFO - [2025-06-12T10:49:34.000+0200] {dagbag.py:588} INFO - Filling up the DagBag from /Users/gordanaristova/MyProjects/MyRpaProject/venv/lib/python3.10/site-packages/airflow/example_dags/example_xcomargs.py
[2025-06-12T10:49:34.011+0200] {processor.py:925} INFO - DAG(s) 'example_xcom_args_with_operators', 'example_xcom_args' retrieved from /Users/gordanaristova/MyProjects/MyRpaProject/venv/lib/python3.10/site-packages/airflow/example_dags/example_xcomargs.py
[2025-06-12T10:49:34.039+0200] {logging_mixin.py:190} INFO - [2025-06-12T10:49:34.039+0200] {dag.py:3239} INFO - Sync 2 DAGs
[2025-06-12T10:49:34.042+0200] {logging_mixin.py:190} INFO - [2025-06-12T10:49:34.042+0200] {dag.py:4180} INFO - Setting next_dagrun for example_xcom_args to None, run_after=None
[2025-06-12T10:49:34.043+0200] {logging_mixin.py:190} INFO - [2025-06-12T10:49:34.043+0200] {dag.py:4180} INFO - Setting next_dagrun for example_xcom_args_with_operators to None, run_after=None
[2025-06-12T10:49:34.047+0200] {processor.py:208} INFO - Processing /Users/gordanaristova/MyProjects/MyRpaProject/venv/lib/python3.10/site-packages/airflow/example_dags/example_xcomargs.py took 0.049 seconds
[2025-06-12T10:56:42.288+0200] {processor.py:186} INFO - Started process (PID=9418) to work on /Users/gordanaristova/MyProjects/MyRpaProject/venv/lib/python3.10/site-packages/airflow/example_dags/example_xcomargs.py
[2025-06-12T10:56:42.288+0200] {processor.py:914} INFO - Processing file /Users/gordanaristova/MyProjects/MyRpaProject/venv/lib/python3.10/site-packages/airflow/example_dags/example_xcomargs.py for tasks to queue
[2025-06-12T10:56:42.289+0200] {logging_mixin.py:190} INFO - [2025-06-12T10:56:42.289+0200] {dagbag.py:588} INFO - Filling up the DagBag from /Users/gordanaristova/MyProjects/MyRpaProject/venv/lib/python3.10/site-packages/airflow/example_dags/example_xcomargs.py
[2025-06-12T10:56:42.299+0200] {processor.py:925} INFO - DAG(s) 'example_xcom_args_with_operators', 'example_xcom_args' retrieved from /Users/gordanaristova/MyProjects/MyRpaProject/venv/lib/python3.10/site-packages/airflow/example_dags/example_xcomargs.py
[2025-06-12T10:56:42.327+0200] {logging_mixin.py:190} INFO - [2025-06-12T10:56:42.327+0200] {dag.py:3239} INFO - Sync 2 DAGs
[2025-06-12T10:56:42.330+0200] {logging_mixin.py:190} INFO - [2025-06-12T10:56:42.330+0200] {dag.py:4180} INFO - Setting next_dagrun for example_xcom_args to None, run_after=None
[2025-06-12T10:56:42.330+0200] {logging_mixin.py:190} INFO - [2025-06-12T10:56:42.330+0200] {dag.py:4180} INFO - Setting next_dagrun for example_xcom_args_with_operators to None, run_after=None
[2025-06-12T10:56:42.334+0200] {processor.py:208} INFO - Processing /Users/gordanaristova/MyProjects/MyRpaProject/venv/lib/python3.10/site-packages/airflow/example_dags/example_xcomargs.py took 0.047 seconds
[2025-06-12T10:58:08.879+0200] {processor.py:186} INFO - Started process (PID=9516) to work on /Users/gordanaristova/MyProjects/MyRpaProject/venv/lib/python3.10/site-packages/airflow/example_dags/example_xcomargs.py
[2025-06-12T10:58:08.880+0200] {processor.py:914} INFO - Processing file /Users/gordanaristova/MyProjects/MyRpaProject/venv/lib/python3.10/site-packages/airflow/example_dags/example_xcomargs.py for tasks to queue
[2025-06-12T10:58:08.880+0200] {logging_mixin.py:190} INFO - [2025-06-12T10:58:08.880+0200] {dagbag.py:588} INFO - Filling up the DagBag from /Users/gordanaristova/MyProjects/MyRpaProject/venv/lib/python3.10/site-packages/airflow/example_dags/example_xcomargs.py
[2025-06-12T10:58:08.891+0200] {processor.py:925} INFO - DAG(s) 'example_xcom_args', 'example_xcom_args_with_operators' retrieved from /Users/gordanaristova/MyProjects/MyRpaProject/venv/lib/python3.10/site-packages/airflow/example_dags/example_xcomargs.py
[2025-06-12T10:58:08.919+0200] {logging_mixin.py:190} INFO - [2025-06-12T10:58:08.919+0200] {dag.py:3239} INFO - Sync 2 DAGs
[2025-06-12T10:58:08.922+0200] {logging_mixin.py:190} INFO - [2025-06-12T10:58:08.922+0200] {dag.py:4180} INFO - Setting next_dagrun for example_xcom_args to None, run_after=None
[2025-06-12T10:58:08.923+0200] {logging_mixin.py:190} INFO - [2025-06-12T10:58:08.923+0200] {dag.py:4180} INFO - Setting next_dagrun for example_xcom_args_with_operators to None, run_after=None
[2025-06-12T10:58:08.927+0200] {processor.py:208} INFO - Processing /Users/gordanaristova/MyProjects/MyRpaProject/venv/lib/python3.10/site-packages/airflow/example_dags/example_xcomargs.py took 0.049 seconds
[2025-06-12T11:11:28.071+0200] {processor.py:186} INFO - Started process (PID=9734) to work on /Users/gordanaristova/MyProjects/MyRpaProject/venv/lib/python3.10/site-packages/airflow/example_dags/example_xcomargs.py
[2025-06-12T11:11:28.072+0200] {processor.py:914} INFO - Processing file /Users/gordanaristova/MyProjects/MyRpaProject/venv/lib/python3.10/site-packages/airflow/example_dags/example_xcomargs.py for tasks to queue
[2025-06-12T11:11:28.072+0200] {logging_mixin.py:190} INFO - [2025-06-12T11:11:28.072+0200] {dagbag.py:588} INFO - Filling up the DagBag from /Users/gordanaristova/MyProjects/MyRpaProject/venv/lib/python3.10/site-packages/airflow/example_dags/example_xcomargs.py
[2025-06-12T11:11:28.083+0200] {processor.py:925} INFO - DAG(s) 'example_xcom_args', 'example_xcom_args_with_operators' retrieved from /Users/gordanaristova/MyProjects/MyRpaProject/venv/lib/python3.10/site-packages/airflow/example_dags/example_xcomargs.py
[2025-06-12T11:11:28.109+0200] {logging_mixin.py:190} INFO - [2025-06-12T11:11:28.109+0200] {dag.py:3239} INFO - Sync 2 DAGs
[2025-06-12T11:11:28.112+0200] {logging_mixin.py:190} INFO - [2025-06-12T11:11:28.112+0200] {dag.py:4180} INFO - Setting next_dagrun for example_xcom_args to None, run_after=None
[2025-06-12T11:11:28.113+0200] {logging_mixin.py:190} INFO - [2025-06-12T11:11:28.113+0200] {dag.py:4180} INFO - Setting next_dagrun for example_xcom_args_with_operators to None, run_after=None
[2025-06-12T11:11:28.117+0200] {processor.py:208} INFO - Processing /Users/gordanaristova/MyProjects/MyRpaProject/venv/lib/python3.10/site-packages/airflow/example_dags/example_xcomargs.py took 0.047 seconds
[2025-06-12T11:12:54.540+0200] {processor.py:186} INFO - Started process (PID=9827) to work on /Users/gordanaristova/MyProjects/MyRpaProject/venv/lib/python3.10/site-packages/airflow/example_dags/example_xcomargs.py
[2025-06-12T11:12:54.540+0200] {processor.py:914} INFO - Processing file /Users/gordanaristova/MyProjects/MyRpaProject/venv/lib/python3.10/site-packages/airflow/example_dags/example_xcomargs.py for tasks to queue
[2025-06-12T11:12:54.540+0200] {logging_mixin.py:190} INFO - [2025-06-12T11:12:54.540+0200] {dagbag.py:588} INFO - Filling up the DagBag from /Users/gordanaristova/MyProjects/MyRpaProject/venv/lib/python3.10/site-packages/airflow/example_dags/example_xcomargs.py
[2025-06-12T11:12:54.553+0200] {processor.py:925} INFO - DAG(s) 'example_xcom_args', 'example_xcom_args_with_operators' retrieved from /Users/gordanaristova/MyProjects/MyRpaProject/venv/lib/python3.10/site-packages/airflow/example_dags/example_xcomargs.py
[2025-06-12T11:12:54.585+0200] {logging_mixin.py:190} INFO - [2025-06-12T11:12:54.585+0200] {dag.py:3239} INFO - Sync 2 DAGs
[2025-06-12T11:12:54.588+0200] {logging_mixin.py:190} INFO - [2025-06-12T11:12:54.588+0200] {dag.py:4180} INFO - Setting next_dagrun for example_xcom_args to None, run_after=None
[2025-06-12T11:12:54.590+0200] {logging_mixin.py:190} INFO - [2025-06-12T11:12:54.590+0200] {dag.py:4180} INFO - Setting next_dagrun for example_xcom_args_with_operators to None, run_after=None
[2025-06-12T11:12:54.595+0200] {processor.py:208} INFO - Processing /Users/gordanaristova/MyProjects/MyRpaProject/venv/lib/python3.10/site-packages/airflow/example_dags/example_xcomargs.py took 0.056 seconds
[2025-06-12T11:21:33.911+0200] {processor.py:186} INFO - Started process (PID=10027) to work on /Users/gordanaristova/MyProjects/MyRpaProject/venv/lib/python3.10/site-packages/airflow/example_dags/example_xcomargs.py
[2025-06-12T11:21:33.911+0200] {processor.py:914} INFO - Processing file /Users/gordanaristova/MyProjects/MyRpaProject/venv/lib/python3.10/site-packages/airflow/example_dags/example_xcomargs.py for tasks to queue
[2025-06-12T11:21:33.912+0200] {logging_mixin.py:190} INFO - [2025-06-12T11:21:33.912+0200] {dagbag.py:588} INFO - Filling up the DagBag from /Users/gordanaristova/MyProjects/MyRpaProject/venv/lib/python3.10/site-packages/airflow/example_dags/example_xcomargs.py
[2025-06-12T11:21:33.923+0200] {processor.py:925} INFO - DAG(s) 'example_xcom_args_with_operators', 'example_xcom_args' retrieved from /Users/gordanaristova/MyProjects/MyRpaProject/venv/lib/python3.10/site-packages/airflow/example_dags/example_xcomargs.py
[2025-06-12T11:21:33.951+0200] {logging_mixin.py:190} INFO - [2025-06-12T11:21:33.951+0200] {dag.py:3239} INFO - Sync 2 DAGs
[2025-06-12T11:21:33.954+0200] {logging_mixin.py:190} INFO - [2025-06-12T11:21:33.953+0200] {dag.py:4180} INFO - Setting next_dagrun for example_xcom_args to None, run_after=None
[2025-06-12T11:21:33.954+0200] {logging_mixin.py:190} INFO - [2025-06-12T11:21:33.954+0200] {dag.py:4180} INFO - Setting next_dagrun for example_xcom_args_with_operators to None, run_after=None
[2025-06-12T11:21:33.959+0200] {processor.py:208} INFO - Processing /Users/gordanaristova/MyProjects/MyRpaProject/venv/lib/python3.10/site-packages/airflow/example_dags/example_xcomargs.py took 0.048 seconds
[2025-06-12T11:22:59.395+0200] {processor.py:186} INFO - Started process (PID=10117) to work on /Users/gordanaristova/MyProjects/MyRpaProject/venv/lib/python3.10/site-packages/airflow/example_dags/example_xcomargs.py
[2025-06-12T11:22:59.396+0200] {processor.py:914} INFO - Processing file /Users/gordanaristova/MyProjects/MyRpaProject/venv/lib/python3.10/site-packages/airflow/example_dags/example_xcomargs.py for tasks to queue
[2025-06-12T11:22:59.397+0200] {logging_mixin.py:190} INFO - [2025-06-12T11:22:59.397+0200] {dagbag.py:588} INFO - Filling up the DagBag from /Users/gordanaristova/MyProjects/MyRpaProject/venv/lib/python3.10/site-packages/airflow/example_dags/example_xcomargs.py
[2025-06-12T11:22:59.409+0200] {processor.py:925} INFO - DAG(s) 'example_xcom_args', 'example_xcom_args_with_operators' retrieved from /Users/gordanaristova/MyProjects/MyRpaProject/venv/lib/python3.10/site-packages/airflow/example_dags/example_xcomargs.py
[2025-06-12T11:22:59.441+0200] {logging_mixin.py:190} INFO - [2025-06-12T11:22:59.441+0200] {dag.py:3239} INFO - Sync 2 DAGs
[2025-06-12T11:22:59.445+0200] {logging_mixin.py:190} INFO - [2025-06-12T11:22:59.444+0200] {dag.py:4180} INFO - Setting next_dagrun for example_xcom_args to None, run_after=None
[2025-06-12T11:22:59.445+0200] {logging_mixin.py:190} INFO - [2025-06-12T11:22:59.445+0200] {dag.py:4180} INFO - Setting next_dagrun for example_xcom_args_with_operators to None, run_after=None
[2025-06-12T11:22:59.450+0200] {processor.py:208} INFO - Processing /Users/gordanaristova/MyProjects/MyRpaProject/venv/lib/python3.10/site-packages/airflow/example_dags/example_xcomargs.py took 0.056 seconds
[2025-06-12T11:23:54.910+0200] {processor.py:186} INFO - Started process (PID=10170) to work on /Users/gordanaristova/MyProjects/MyRpaProject/venv/lib/python3.10/site-packages/airflow/example_dags/example_xcomargs.py
[2025-06-12T11:23:54.911+0200] {processor.py:914} INFO - Processing file /Users/gordanaristova/MyProjects/MyRpaProject/venv/lib/python3.10/site-packages/airflow/example_dags/example_xcomargs.py for tasks to queue
[2025-06-12T11:23:54.911+0200] {logging_mixin.py:190} INFO - [2025-06-12T11:23:54.911+0200] {dagbag.py:588} INFO - Filling up the DagBag from /Users/gordanaristova/MyProjects/MyRpaProject/venv/lib/python3.10/site-packages/airflow/example_dags/example_xcomargs.py
[2025-06-12T11:23:54.922+0200] {processor.py:925} INFO - DAG(s) 'example_xcom_args_with_operators', 'example_xcom_args' retrieved from /Users/gordanaristova/MyProjects/MyRpaProject/venv/lib/python3.10/site-packages/airflow/example_dags/example_xcomargs.py
[2025-06-12T11:23:54.951+0200] {logging_mixin.py:190} INFO - [2025-06-12T11:23:54.951+0200] {dag.py:3239} INFO - Sync 2 DAGs
[2025-06-12T11:23:54.954+0200] {logging_mixin.py:190} INFO - [2025-06-12T11:23:54.954+0200] {dag.py:4180} INFO - Setting next_dagrun for example_xcom_args to None, run_after=None
[2025-06-12T11:23:54.955+0200] {logging_mixin.py:190} INFO - [2025-06-12T11:23:54.955+0200] {dag.py:4180} INFO - Setting next_dagrun for example_xcom_args_with_operators to None, run_after=None
[2025-06-12T11:23:54.959+0200] {processor.py:208} INFO - Processing /Users/gordanaristova/MyProjects/MyRpaProject/venv/lib/python3.10/site-packages/airflow/example_dags/example_xcomargs.py took 0.050 seconds
[2025-06-12T11:40:49.805+0200] {processor.py:186} INFO - Started process (PID=10395) to work on /Users/gordanaristova/MyProjects/MyRpaProject/venv/lib/python3.10/site-packages/airflow/example_dags/example_xcomargs.py
[2025-06-12T11:40:49.806+0200] {processor.py:914} INFO - Processing file /Users/gordanaristova/MyProjects/MyRpaProject/venv/lib/python3.10/site-packages/airflow/example_dags/example_xcomargs.py for tasks to queue
[2025-06-12T11:40:49.806+0200] {logging_mixin.py:190} INFO - [2025-06-12T11:40:49.806+0200] {dagbag.py:588} INFO - Filling up the DagBag from /Users/gordanaristova/MyProjects/MyRpaProject/venv/lib/python3.10/site-packages/airflow/example_dags/example_xcomargs.py
[2025-06-12T11:40:49.817+0200] {processor.py:925} INFO - DAG(s) 'example_xcom_args', 'example_xcom_args_with_operators' retrieved from /Users/gordanaristova/MyProjects/MyRpaProject/venv/lib/python3.10/site-packages/airflow/example_dags/example_xcomargs.py
[2025-06-12T11:40:49.846+0200] {logging_mixin.py:190} INFO - [2025-06-12T11:40:49.846+0200] {dag.py:3239} INFO - Sync 2 DAGs
[2025-06-12T11:40:49.849+0200] {logging_mixin.py:190} INFO - [2025-06-12T11:40:49.849+0200] {dag.py:4180} INFO - Setting next_dagrun for example_xcom_args to None, run_after=None
[2025-06-12T11:40:49.850+0200] {logging_mixin.py:190} INFO - [2025-06-12T11:40:49.850+0200] {dag.py:4180} INFO - Setting next_dagrun for example_xcom_args_with_operators to None, run_after=None
[2025-06-12T11:40:49.854+0200] {processor.py:208} INFO - Processing /Users/gordanaristova/MyProjects/MyRpaProject/venv/lib/python3.10/site-packages/airflow/example_dags/example_xcomargs.py took 0.050 seconds
[2025-06-12T11:42:14.015+0200] {processor.py:186} INFO - Started process (PID=10483) to work on /Users/gordanaristova/MyProjects/MyRpaProject/venv/lib/python3.10/site-packages/airflow/example_dags/example_xcomargs.py
[2025-06-12T11:42:14.015+0200] {processor.py:914} INFO - Processing file /Users/gordanaristova/MyProjects/MyRpaProject/venv/lib/python3.10/site-packages/airflow/example_dags/example_xcomargs.py for tasks to queue
[2025-06-12T11:42:14.016+0200] {logging_mixin.py:190} INFO - [2025-06-12T11:42:14.016+0200] {dagbag.py:588} INFO - Filling up the DagBag from /Users/gordanaristova/MyProjects/MyRpaProject/venv/lib/python3.10/site-packages/airflow/example_dags/example_xcomargs.py
[2025-06-12T11:42:14.027+0200] {processor.py:925} INFO - DAG(s) 'example_xcom_args', 'example_xcom_args_with_operators' retrieved from /Users/gordanaristova/MyProjects/MyRpaProject/venv/lib/python3.10/site-packages/airflow/example_dags/example_xcomargs.py
[2025-06-12T11:42:14.056+0200] {logging_mixin.py:190} INFO - [2025-06-12T11:42:14.055+0200] {dag.py:3239} INFO - Sync 2 DAGs
[2025-06-12T11:42:14.059+0200] {logging_mixin.py:190} INFO - [2025-06-12T11:42:14.058+0200] {dag.py:4180} INFO - Setting next_dagrun for example_xcom_args to None, run_after=None
[2025-06-12T11:42:14.059+0200] {logging_mixin.py:190} INFO - [2025-06-12T11:42:14.059+0200] {dag.py:4180} INFO - Setting next_dagrun for example_xcom_args_with_operators to None, run_after=None
[2025-06-12T11:42:14.063+0200] {processor.py:208} INFO - Processing /Users/gordanaristova/MyProjects/MyRpaProject/venv/lib/python3.10/site-packages/airflow/example_dags/example_xcomargs.py took 0.049 seconds
[2025-06-12T11:49:36.378+0200] {processor.py:186} INFO - Started process (PID=10618) to work on /Users/gordanaristova/MyProjects/MyRpaProject/venv/lib/python3.10/site-packages/airflow/example_dags/example_xcomargs.py
[2025-06-12T11:49:36.379+0200] {processor.py:914} INFO - Processing file /Users/gordanaristova/MyProjects/MyRpaProject/venv/lib/python3.10/site-packages/airflow/example_dags/example_xcomargs.py for tasks to queue
[2025-06-12T11:49:36.379+0200] {logging_mixin.py:190} INFO - [2025-06-12T11:49:36.379+0200] {dagbag.py:588} INFO - Filling up the DagBag from /Users/gordanaristova/MyProjects/MyRpaProject/venv/lib/python3.10/site-packages/airflow/example_dags/example_xcomargs.py
[2025-06-12T11:49:36.393+0200] {processor.py:925} INFO - DAG(s) 'example_xcom_args', 'example_xcom_args_with_operators' retrieved from /Users/gordanaristova/MyProjects/MyRpaProject/venv/lib/python3.10/site-packages/airflow/example_dags/example_xcomargs.py
[2025-06-12T11:49:36.425+0200] {logging_mixin.py:190} INFO - [2025-06-12T11:49:36.425+0200] {dag.py:3239} INFO - Sync 2 DAGs
[2025-06-12T11:49:36.428+0200] {logging_mixin.py:190} INFO - [2025-06-12T11:49:36.428+0200] {dag.py:4180} INFO - Setting next_dagrun for example_xcom_args to None, run_after=None
[2025-06-12T11:49:36.429+0200] {logging_mixin.py:190} INFO - [2025-06-12T11:49:36.429+0200] {dag.py:4180} INFO - Setting next_dagrun for example_xcom_args_with_operators to None, run_after=None
[2025-06-12T11:49:36.433+0200] {processor.py:208} INFO - Processing /Users/gordanaristova/MyProjects/MyRpaProject/venv/lib/python3.10/site-packages/airflow/example_dags/example_xcomargs.py took 0.057 seconds
[2025-06-12T11:51:04.371+0200] {processor.py:186} INFO - Started process (PID=10706) to work on /Users/gordanaristova/MyProjects/MyRpaProject/venv/lib/python3.10/site-packages/airflow/example_dags/example_xcomargs.py
[2025-06-12T11:51:04.372+0200] {processor.py:914} INFO - Processing file /Users/gordanaristova/MyProjects/MyRpaProject/venv/lib/python3.10/site-packages/airflow/example_dags/example_xcomargs.py for tasks to queue
[2025-06-12T11:51:04.372+0200] {logging_mixin.py:190} INFO - [2025-06-12T11:51:04.372+0200] {dagbag.py:588} INFO - Filling up the DagBag from /Users/gordanaristova/MyProjects/MyRpaProject/venv/lib/python3.10/site-packages/airflow/example_dags/example_xcomargs.py
[2025-06-12T11:51:04.384+0200] {processor.py:925} INFO - DAG(s) 'example_xcom_args', 'example_xcom_args_with_operators' retrieved from /Users/gordanaristova/MyProjects/MyRpaProject/venv/lib/python3.10/site-packages/airflow/example_dags/example_xcomargs.py
[2025-06-12T11:51:04.413+0200] {logging_mixin.py:190} INFO - [2025-06-12T11:51:04.413+0200] {dag.py:3239} INFO - Sync 2 DAGs
[2025-06-12T11:51:04.416+0200] {logging_mixin.py:190} INFO - [2025-06-12T11:51:04.416+0200] {dag.py:4180} INFO - Setting next_dagrun for example_xcom_args to None, run_after=None
[2025-06-12T11:51:04.417+0200] {logging_mixin.py:190} INFO - [2025-06-12T11:51:04.417+0200] {dag.py:4180} INFO - Setting next_dagrun for example_xcom_args_with_operators to None, run_after=None
[2025-06-12T11:51:04.421+0200] {processor.py:208} INFO - Processing /Users/gordanaristova/MyProjects/MyRpaProject/venv/lib/python3.10/site-packages/airflow/example_dags/example_xcomargs.py took 0.052 seconds
[2025-06-12T11:51:57.347+0200] {processor.py:186} INFO - Started process (PID=10763) to work on /Users/gordanaristova/MyProjects/MyRpaProject/venv/lib/python3.10/site-packages/airflow/example_dags/example_xcomargs.py
[2025-06-12T11:51:57.348+0200] {processor.py:914} INFO - Processing file /Users/gordanaristova/MyProjects/MyRpaProject/venv/lib/python3.10/site-packages/airflow/example_dags/example_xcomargs.py for tasks to queue
[2025-06-12T11:51:57.348+0200] {logging_mixin.py:190} INFO - [2025-06-12T11:51:57.348+0200] {dagbag.py:588} INFO - Filling up the DagBag from /Users/gordanaristova/MyProjects/MyRpaProject/venv/lib/python3.10/site-packages/airflow/example_dags/example_xcomargs.py
[2025-06-12T11:51:57.359+0200] {processor.py:925} INFO - DAG(s) 'example_xcom_args', 'example_xcom_args_with_operators' retrieved from /Users/gordanaristova/MyProjects/MyRpaProject/venv/lib/python3.10/site-packages/airflow/example_dags/example_xcomargs.py
[2025-06-12T11:51:57.387+0200] {logging_mixin.py:190} INFO - [2025-06-12T11:51:57.387+0200] {dag.py:3239} INFO - Sync 2 DAGs
[2025-06-12T11:51:57.390+0200] {logging_mixin.py:190} INFO - [2025-06-12T11:51:57.390+0200] {dag.py:4180} INFO - Setting next_dagrun for example_xcom_args to None, run_after=None
[2025-06-12T11:51:57.391+0200] {logging_mixin.py:190} INFO - [2025-06-12T11:51:57.390+0200] {dag.py:4180} INFO - Setting next_dagrun for example_xcom_args_with_operators to None, run_after=None
[2025-06-12T11:51:57.395+0200] {processor.py:208} INFO - Processing /Users/gordanaristova/MyProjects/MyRpaProject/venv/lib/python3.10/site-packages/airflow/example_dags/example_xcomargs.py took 0.049 seconds
[2025-06-12T11:52:51.422+0200] {processor.py:186} INFO - Started process (PID=10818) to work on /Users/gordanaristova/MyProjects/MyRpaProject/venv/lib/python3.10/site-packages/airflow/example_dags/example_xcomargs.py
[2025-06-12T11:52:51.423+0200] {processor.py:914} INFO - Processing file /Users/gordanaristova/MyProjects/MyRpaProject/venv/lib/python3.10/site-packages/airflow/example_dags/example_xcomargs.py for tasks to queue
[2025-06-12T11:52:51.423+0200] {logging_mixin.py:190} INFO - [2025-06-12T11:52:51.423+0200] {dagbag.py:588} INFO - Filling up the DagBag from /Users/gordanaristova/MyProjects/MyRpaProject/venv/lib/python3.10/site-packages/airflow/example_dags/example_xcomargs.py
[2025-06-12T11:52:51.435+0200] {processor.py:925} INFO - DAG(s) 'example_xcom_args', 'example_xcom_args_with_operators' retrieved from /Users/gordanaristova/MyProjects/MyRpaProject/venv/lib/python3.10/site-packages/airflow/example_dags/example_xcomargs.py
[2025-06-12T11:52:51.464+0200] {logging_mixin.py:190} INFO - [2025-06-12T11:52:51.464+0200] {dag.py:3239} INFO - Sync 2 DAGs
[2025-06-12T11:52:51.467+0200] {logging_mixin.py:190} INFO - [2025-06-12T11:52:51.467+0200] {dag.py:4180} INFO - Setting next_dagrun for example_xcom_args to None, run_after=None
[2025-06-12T11:52:51.468+0200] {logging_mixin.py:190} INFO - [2025-06-12T11:52:51.468+0200] {dag.py:4180} INFO - Setting next_dagrun for example_xcom_args_with_operators to None, run_after=None
[2025-06-12T11:52:51.472+0200] {processor.py:208} INFO - Processing /Users/gordanaristova/MyProjects/MyRpaProject/venv/lib/python3.10/site-packages/airflow/example_dags/example_xcomargs.py took 0.050 seconds
[2025-06-12T11:53:45.407+0200] {processor.py:186} INFO - Started process (PID=10859) to work on /Users/gordanaristova/MyProjects/MyRpaProject/venv/lib/python3.10/site-packages/airflow/example_dags/example_xcomargs.py
[2025-06-12T11:53:45.408+0200] {processor.py:914} INFO - Processing file /Users/gordanaristova/MyProjects/MyRpaProject/venv/lib/python3.10/site-packages/airflow/example_dags/example_xcomargs.py for tasks to queue
[2025-06-12T11:53:45.408+0200] {logging_mixin.py:190} INFO - [2025-06-12T11:53:45.408+0200] {dagbag.py:588} INFO - Filling up the DagBag from /Users/gordanaristova/MyProjects/MyRpaProject/venv/lib/python3.10/site-packages/airflow/example_dags/example_xcomargs.py
[2025-06-12T11:53:45.420+0200] {processor.py:925} INFO - DAG(s) 'example_xcom_args_with_operators', 'example_xcom_args' retrieved from /Users/gordanaristova/MyProjects/MyRpaProject/venv/lib/python3.10/site-packages/airflow/example_dags/example_xcomargs.py
[2025-06-12T11:53:45.449+0200] {logging_mixin.py:190} INFO - [2025-06-12T11:53:45.449+0200] {dag.py:3239} INFO - Sync 2 DAGs
[2025-06-12T11:53:45.452+0200] {logging_mixin.py:190} INFO - [2025-06-12T11:53:45.452+0200] {dag.py:4180} INFO - Setting next_dagrun for example_xcom_args to None, run_after=None
[2025-06-12T11:53:45.452+0200] {logging_mixin.py:190} INFO - [2025-06-12T11:53:45.452+0200] {dag.py:4180} INFO - Setting next_dagrun for example_xcom_args_with_operators to None, run_after=None
[2025-06-12T11:53:45.456+0200] {processor.py:208} INFO - Processing /Users/gordanaristova/MyProjects/MyRpaProject/venv/lib/python3.10/site-packages/airflow/example_dags/example_xcomargs.py took 0.051 seconds
[2025-06-12T11:54:40.160+0200] {processor.py:186} INFO - Started process (PID=10901) to work on /Users/gordanaristova/MyProjects/MyRpaProject/venv/lib/python3.10/site-packages/airflow/example_dags/example_xcomargs.py
[2025-06-12T11:54:40.161+0200] {processor.py:914} INFO - Processing file /Users/gordanaristova/MyProjects/MyRpaProject/venv/lib/python3.10/site-packages/airflow/example_dags/example_xcomargs.py for tasks to queue
[2025-06-12T11:54:40.161+0200] {logging_mixin.py:190} INFO - [2025-06-12T11:54:40.161+0200] {dagbag.py:588} INFO - Filling up the DagBag from /Users/gordanaristova/MyProjects/MyRpaProject/venv/lib/python3.10/site-packages/airflow/example_dags/example_xcomargs.py
[2025-06-12T11:54:40.172+0200] {processor.py:925} INFO - DAG(s) 'example_xcom_args', 'example_xcom_args_with_operators' retrieved from /Users/gordanaristova/MyProjects/MyRpaProject/venv/lib/python3.10/site-packages/airflow/example_dags/example_xcomargs.py
[2025-06-12T11:54:40.200+0200] {logging_mixin.py:190} INFO - [2025-06-12T11:54:40.200+0200] {dag.py:3239} INFO - Sync 2 DAGs
[2025-06-12T11:54:40.203+0200] {logging_mixin.py:190} INFO - [2025-06-12T11:54:40.203+0200] {dag.py:4180} INFO - Setting next_dagrun for example_xcom_args to None, run_after=None
[2025-06-12T11:54:40.204+0200] {logging_mixin.py:190} INFO - [2025-06-12T11:54:40.204+0200] {dag.py:4180} INFO - Setting next_dagrun for example_xcom_args_with_operators to None, run_after=None
[2025-06-12T11:54:40.208+0200] {processor.py:208} INFO - Processing /Users/gordanaristova/MyProjects/MyRpaProject/venv/lib/python3.10/site-packages/airflow/example_dags/example_xcomargs.py took 0.049 seconds
[2025-06-12T11:55:33.759+0200] {processor.py:186} INFO - Started process (PID=10960) to work on /Users/gordanaristova/MyProjects/MyRpaProject/venv/lib/python3.10/site-packages/airflow/example_dags/example_xcomargs.py
[2025-06-12T11:55:33.760+0200] {processor.py:914} INFO - Processing file /Users/gordanaristova/MyProjects/MyRpaProject/venv/lib/python3.10/site-packages/airflow/example_dags/example_xcomargs.py for tasks to queue
[2025-06-12T11:55:33.760+0200] {logging_mixin.py:190} INFO - [2025-06-12T11:55:33.760+0200] {dagbag.py:588} INFO - Filling up the DagBag from /Users/gordanaristova/MyProjects/MyRpaProject/venv/lib/python3.10/site-packages/airflow/example_dags/example_xcomargs.py
[2025-06-12T11:55:33.771+0200] {processor.py:925} INFO - DAG(s) 'example_xcom_args_with_operators', 'example_xcom_args' retrieved from /Users/gordanaristova/MyProjects/MyRpaProject/venv/lib/python3.10/site-packages/airflow/example_dags/example_xcomargs.py
[2025-06-12T11:55:33.800+0200] {logging_mixin.py:190} INFO - [2025-06-12T11:55:33.800+0200] {dag.py:3239} INFO - Sync 2 DAGs
[2025-06-12T11:55:33.803+0200] {logging_mixin.py:190} INFO - [2025-06-12T11:55:33.803+0200] {dag.py:4180} INFO - Setting next_dagrun for example_xcom_args to None, run_after=None
[2025-06-12T11:55:33.803+0200] {logging_mixin.py:190} INFO - [2025-06-12T11:55:33.803+0200] {dag.py:4180} INFO - Setting next_dagrun for example_xcom_args_with_operators to None, run_after=None
[2025-06-12T11:55:33.808+0200] {processor.py:208} INFO - Processing /Users/gordanaristova/MyProjects/MyRpaProject/venv/lib/python3.10/site-packages/airflow/example_dags/example_xcomargs.py took 0.049 seconds
[2025-06-12T11:56:29.313+0200] {processor.py:186} INFO - Started process (PID=11018) to work on /Users/gordanaristova/MyProjects/MyRpaProject/venv/lib/python3.10/site-packages/airflow/example_dags/example_xcomargs.py
[2025-06-12T11:56:29.314+0200] {processor.py:914} INFO - Processing file /Users/gordanaristova/MyProjects/MyRpaProject/venv/lib/python3.10/site-packages/airflow/example_dags/example_xcomargs.py for tasks to queue
[2025-06-12T11:56:29.314+0200] {logging_mixin.py:190} INFO - [2025-06-12T11:56:29.314+0200] {dagbag.py:588} INFO - Filling up the DagBag from /Users/gordanaristova/MyProjects/MyRpaProject/venv/lib/python3.10/site-packages/airflow/example_dags/example_xcomargs.py
[2025-06-12T11:56:29.327+0200] {processor.py:925} INFO - DAG(s) 'example_xcom_args_with_operators', 'example_xcom_args' retrieved from /Users/gordanaristova/MyProjects/MyRpaProject/venv/lib/python3.10/site-packages/airflow/example_dags/example_xcomargs.py
[2025-06-12T11:56:29.358+0200] {logging_mixin.py:190} INFO - [2025-06-12T11:56:29.358+0200] {dag.py:3239} INFO - Sync 2 DAGs
[2025-06-12T11:56:29.361+0200] {logging_mixin.py:190} INFO - [2025-06-12T11:56:29.361+0200] {dag.py:4180} INFO - Setting next_dagrun for example_xcom_args to None, run_after=None
[2025-06-12T11:56:29.362+0200] {logging_mixin.py:190} INFO - [2025-06-12T11:56:29.362+0200] {dag.py:4180} INFO - Setting next_dagrun for example_xcom_args_with_operators to None, run_after=None
[2025-06-12T11:56:29.366+0200] {processor.py:208} INFO - Processing /Users/gordanaristova/MyProjects/MyRpaProject/venv/lib/python3.10/site-packages/airflow/example_dags/example_xcomargs.py took 0.055 seconds
[2025-06-12T11:57:23.776+0200] {processor.py:186} INFO - Started process (PID=11083) to work on /Users/gordanaristova/MyProjects/MyRpaProject/venv/lib/python3.10/site-packages/airflow/example_dags/example_xcomargs.py
[2025-06-12T11:57:23.776+0200] {processor.py:914} INFO - Processing file /Users/gordanaristova/MyProjects/MyRpaProject/venv/lib/python3.10/site-packages/airflow/example_dags/example_xcomargs.py for tasks to queue
[2025-06-12T11:57:23.776+0200] {logging_mixin.py:190} INFO - [2025-06-12T11:57:23.776+0200] {dagbag.py:588} INFO - Filling up the DagBag from /Users/gordanaristova/MyProjects/MyRpaProject/venv/lib/python3.10/site-packages/airflow/example_dags/example_xcomargs.py
[2025-06-12T11:57:23.788+0200] {processor.py:925} INFO - DAG(s) 'example_xcom_args_with_operators', 'example_xcom_args' retrieved from /Users/gordanaristova/MyProjects/MyRpaProject/venv/lib/python3.10/site-packages/airflow/example_dags/example_xcomargs.py
[2025-06-12T11:57:23.818+0200] {logging_mixin.py:190} INFO - [2025-06-12T11:57:23.818+0200] {dag.py:3239} INFO - Sync 2 DAGs
[2025-06-12T11:57:23.821+0200] {logging_mixin.py:190} INFO - [2025-06-12T11:57:23.821+0200] {dag.py:4180} INFO - Setting next_dagrun for example_xcom_args to None, run_after=None
[2025-06-12T11:57:23.822+0200] {logging_mixin.py:190} INFO - [2025-06-12T11:57:23.822+0200] {dag.py:4180} INFO - Setting next_dagrun for example_xcom_args_with_operators to None, run_after=None
[2025-06-12T11:57:23.827+0200] {processor.py:208} INFO - Processing /Users/gordanaristova/MyProjects/MyRpaProject/venv/lib/python3.10/site-packages/airflow/example_dags/example_xcomargs.py took 0.052 seconds
[2025-06-12T13:14:22.938+0200] {processor.py:186} INFO - Started process (PID=12988) to work on /Users/gordanaristova/MyProjects/MyRpaProject/venv/lib/python3.10/site-packages/airflow/example_dags/example_xcomargs.py
[2025-06-12T13:14:22.939+0200] {processor.py:914} INFO - Processing file /Users/gordanaristova/MyProjects/MyRpaProject/venv/lib/python3.10/site-packages/airflow/example_dags/example_xcomargs.py for tasks to queue
[2025-06-12T13:14:22.939+0200] {logging_mixin.py:190} INFO - [2025-06-12T13:14:22.939+0200] {dagbag.py:588} INFO - Filling up the DagBag from /Users/gordanaristova/MyProjects/MyRpaProject/venv/lib/python3.10/site-packages/airflow/example_dags/example_xcomargs.py
[2025-06-12T13:14:22.951+0200] {processor.py:925} INFO - DAG(s) 'example_xcom_args', 'example_xcom_args_with_operators' retrieved from /Users/gordanaristova/MyProjects/MyRpaProject/venv/lib/python3.10/site-packages/airflow/example_dags/example_xcomargs.py
[2025-06-12T13:14:22.980+0200] {logging_mixin.py:190} INFO - [2025-06-12T13:14:22.980+0200] {dag.py:3239} INFO - Sync 2 DAGs
[2025-06-12T13:14:22.983+0200] {logging_mixin.py:190} INFO - [2025-06-12T13:14:22.983+0200] {dag.py:4180} INFO - Setting next_dagrun for example_xcom_args to None, run_after=None
[2025-06-12T13:14:22.984+0200] {logging_mixin.py:190} INFO - [2025-06-12T13:14:22.984+0200] {dag.py:4180} INFO - Setting next_dagrun for example_xcom_args_with_operators to None, run_after=None
[2025-06-12T13:14:22.988+0200] {processor.py:208} INFO - Processing /Users/gordanaristova/MyProjects/MyRpaProject/venv/lib/python3.10/site-packages/airflow/example_dags/example_xcomargs.py took 0.051 seconds
[2025-06-12T13:15:55.997+0200] {processor.py:186} INFO - Started process (PID=13077) to work on /Users/gordanaristova/MyProjects/MyRpaProject/venv/lib/python3.10/site-packages/airflow/example_dags/example_xcomargs.py
[2025-06-12T13:15:55.998+0200] {processor.py:914} INFO - Processing file /Users/gordanaristova/MyProjects/MyRpaProject/venv/lib/python3.10/site-packages/airflow/example_dags/example_xcomargs.py for tasks to queue
[2025-06-12T13:15:55.998+0200] {logging_mixin.py:190} INFO - [2025-06-12T13:15:55.998+0200] {dagbag.py:588} INFO - Filling up the DagBag from /Users/gordanaristova/MyProjects/MyRpaProject/venv/lib/python3.10/site-packages/airflow/example_dags/example_xcomargs.py
[2025-06-12T13:15:56.011+0200] {processor.py:925} INFO - DAG(s) 'example_xcom_args', 'example_xcom_args_with_operators' retrieved from /Users/gordanaristova/MyProjects/MyRpaProject/venv/lib/python3.10/site-packages/airflow/example_dags/example_xcomargs.py
[2025-06-12T13:15:56.041+0200] {logging_mixin.py:190} INFO - [2025-06-12T13:15:56.041+0200] {dag.py:3239} INFO - Sync 2 DAGs
[2025-06-12T13:15:56.044+0200] {logging_mixin.py:190} INFO - [2025-06-12T13:15:56.044+0200] {dag.py:4180} INFO - Setting next_dagrun for example_xcom_args to None, run_after=None
[2025-06-12T13:15:56.045+0200] {logging_mixin.py:190} INFO - [2025-06-12T13:15:56.045+0200] {dag.py:4180} INFO - Setting next_dagrun for example_xcom_args_with_operators to None, run_after=None
[2025-06-12T13:15:56.050+0200] {processor.py:208} INFO - Processing /Users/gordanaristova/MyProjects/MyRpaProject/venv/lib/python3.10/site-packages/airflow/example_dags/example_xcomargs.py took 0.054 seconds
[2025-06-12T18:42:04.719+0200] {processor.py:186} INFO - Started process (PID=15643) to work on /Users/gordanaristova/MyProjects/MyRpaProject/venv/lib/python3.10/site-packages/airflow/example_dags/example_xcomargs.py
[2025-06-12T18:42:04.720+0200] {processor.py:914} INFO - Processing file /Users/gordanaristova/MyProjects/MyRpaProject/venv/lib/python3.10/site-packages/airflow/example_dags/example_xcomargs.py for tasks to queue
[2025-06-12T18:42:04.720+0200] {logging_mixin.py:190} INFO - [2025-06-12T18:42:04.720+0200] {dagbag.py:588} INFO - Filling up the DagBag from /Users/gordanaristova/MyProjects/MyRpaProject/venv/lib/python3.10/site-packages/airflow/example_dags/example_xcomargs.py
[2025-06-12T18:42:04.733+0200] {processor.py:925} INFO - DAG(s) 'example_xcom_args', 'example_xcom_args_with_operators' retrieved from /Users/gordanaristova/MyProjects/MyRpaProject/venv/lib/python3.10/site-packages/airflow/example_dags/example_xcomargs.py
[2025-06-12T18:42:04.764+0200] {logging_mixin.py:190} INFO - [2025-06-12T18:42:04.764+0200] {dag.py:3239} INFO - Sync 2 DAGs
[2025-06-12T18:42:04.767+0200] {logging_mixin.py:190} INFO - [2025-06-12T18:42:04.767+0200] {dag.py:4180} INFO - Setting next_dagrun for example_xcom_args to None, run_after=None
[2025-06-12T18:42:04.768+0200] {logging_mixin.py:190} INFO - [2025-06-12T18:42:04.768+0200] {dag.py:4180} INFO - Setting next_dagrun for example_xcom_args_with_operators to None, run_after=None
[2025-06-12T18:42:04.773+0200] {processor.py:208} INFO - Processing /Users/gordanaristova/MyProjects/MyRpaProject/venv/lib/python3.10/site-packages/airflow/example_dags/example_xcomargs.py took 0.054 seconds
[2025-06-12T18:51:48.239+0200] {processor.py:186} INFO - Started process (PID=15870) to work on /Users/gordanaristova/MyProjects/MyRpaProject/venv/lib/python3.10/site-packages/airflow/example_dags/example_xcomargs.py
[2025-06-12T18:51:48.240+0200] {processor.py:914} INFO - Processing file /Users/gordanaristova/MyProjects/MyRpaProject/venv/lib/python3.10/site-packages/airflow/example_dags/example_xcomargs.py for tasks to queue
[2025-06-12T18:51:48.240+0200] {logging_mixin.py:190} INFO - [2025-06-12T18:51:48.240+0200] {dagbag.py:588} INFO - Filling up the DagBag from /Users/gordanaristova/MyProjects/MyRpaProject/venv/lib/python3.10/site-packages/airflow/example_dags/example_xcomargs.py
[2025-06-12T18:51:48.252+0200] {processor.py:925} INFO - DAG(s) 'example_xcom_args_with_operators', 'example_xcom_args' retrieved from /Users/gordanaristova/MyProjects/MyRpaProject/venv/lib/python3.10/site-packages/airflow/example_dags/example_xcomargs.py
[2025-06-12T18:51:48.281+0200] {logging_mixin.py:190} INFO - [2025-06-12T18:51:48.281+0200] {dag.py:3239} INFO - Sync 2 DAGs
[2025-06-12T18:51:48.284+0200] {logging_mixin.py:190} INFO - [2025-06-12T18:51:48.284+0200] {dag.py:4180} INFO - Setting next_dagrun for example_xcom_args to None, run_after=None
[2025-06-12T18:51:48.285+0200] {logging_mixin.py:190} INFO - [2025-06-12T18:51:48.285+0200] {dag.py:4180} INFO - Setting next_dagrun for example_xcom_args_with_operators to None, run_after=None
[2025-06-12T18:51:48.290+0200] {processor.py:208} INFO - Processing /Users/gordanaristova/MyProjects/MyRpaProject/venv/lib/python3.10/site-packages/airflow/example_dags/example_xcomargs.py took 0.052 seconds
[2025-06-12T18:55:00.264+0200] {processor.py:186} INFO - Started process (PID=15958) to work on /Users/gordanaristova/MyProjects/MyRpaProject/venv/lib/python3.10/site-packages/airflow/example_dags/example_xcomargs.py
[2025-06-12T18:55:00.265+0200] {processor.py:914} INFO - Processing file /Users/gordanaristova/MyProjects/MyRpaProject/venv/lib/python3.10/site-packages/airflow/example_dags/example_xcomargs.py for tasks to queue
[2025-06-12T18:55:00.265+0200] {logging_mixin.py:190} INFO - [2025-06-12T18:55:00.265+0200] {dagbag.py:588} INFO - Filling up the DagBag from /Users/gordanaristova/MyProjects/MyRpaProject/venv/lib/python3.10/site-packages/airflow/example_dags/example_xcomargs.py
[2025-06-12T18:55:00.278+0200] {processor.py:925} INFO - DAG(s) 'example_xcom_args_with_operators', 'example_xcom_args' retrieved from /Users/gordanaristova/MyProjects/MyRpaProject/venv/lib/python3.10/site-packages/airflow/example_dags/example_xcomargs.py
[2025-06-12T18:55:00.307+0200] {logging_mixin.py:190} INFO - [2025-06-12T18:55:00.307+0200] {dag.py:3239} INFO - Sync 2 DAGs
[2025-06-12T18:55:00.311+0200] {logging_mixin.py:190} INFO - [2025-06-12T18:55:00.311+0200] {dag.py:4180} INFO - Setting next_dagrun for example_xcom_args to None, run_after=None
[2025-06-12T18:55:00.311+0200] {logging_mixin.py:190} INFO - [2025-06-12T18:55:00.311+0200] {dag.py:4180} INFO - Setting next_dagrun for example_xcom_args_with_operators to None, run_after=None
[2025-06-12T18:55:00.316+0200] {processor.py:208} INFO - Processing /Users/gordanaristova/MyProjects/MyRpaProject/venv/lib/python3.10/site-packages/airflow/example_dags/example_xcomargs.py took 0.053 seconds
[2025-06-12T19:00:07.264+0200] {processor.py:186} INFO - Started process (PID=16095) to work on /Users/gordanaristova/MyProjects/MyRpaProject/venv/lib/python3.10/site-packages/airflow/example_dags/example_xcomargs.py
[2025-06-12T19:00:07.264+0200] {processor.py:914} INFO - Processing file /Users/gordanaristova/MyProjects/MyRpaProject/venv/lib/python3.10/site-packages/airflow/example_dags/example_xcomargs.py for tasks to queue
[2025-06-12T19:00:07.264+0200] {logging_mixin.py:190} INFO - [2025-06-12T19:00:07.264+0200] {dagbag.py:588} INFO - Filling up the DagBag from /Users/gordanaristova/MyProjects/MyRpaProject/venv/lib/python3.10/site-packages/airflow/example_dags/example_xcomargs.py
[2025-06-12T19:00:07.277+0200] {processor.py:925} INFO - DAG(s) 'example_xcom_args_with_operators', 'example_xcom_args' retrieved from /Users/gordanaristova/MyProjects/MyRpaProject/venv/lib/python3.10/site-packages/airflow/example_dags/example_xcomargs.py
[2025-06-12T19:00:07.307+0200] {logging_mixin.py:190} INFO - [2025-06-12T19:00:07.307+0200] {dag.py:3239} INFO - Sync 2 DAGs
[2025-06-12T19:00:07.311+0200] {logging_mixin.py:190} INFO - [2025-06-12T19:00:07.311+0200] {dag.py:4180} INFO - Setting next_dagrun for example_xcom_args to None, run_after=None
[2025-06-12T19:00:07.312+0200] {logging_mixin.py:190} INFO - [2025-06-12T19:00:07.312+0200] {dag.py:4180} INFO - Setting next_dagrun for example_xcom_args_with_operators to None, run_after=None
[2025-06-12T19:00:07.317+0200] {processor.py:208} INFO - Processing /Users/gordanaristova/MyProjects/MyRpaProject/venv/lib/python3.10/site-packages/airflow/example_dags/example_xcomargs.py took 0.054 seconds
[2025-06-12T19:03:49.442+0200] {processor.py:186} INFO - Started process (PID=16236) to work on /Users/gordanaristova/MyProjects/MyRpaProject/venv/lib/python3.10/site-packages/airflow/example_dags/example_xcomargs.py
[2025-06-12T19:03:49.443+0200] {processor.py:914} INFO - Processing file /Users/gordanaristova/MyProjects/MyRpaProject/venv/lib/python3.10/site-packages/airflow/example_dags/example_xcomargs.py for tasks to queue
[2025-06-12T19:03:49.443+0200] {logging_mixin.py:190} INFO - [2025-06-12T19:03:49.443+0200] {dagbag.py:588} INFO - Filling up the DagBag from /Users/gordanaristova/MyProjects/MyRpaProject/venv/lib/python3.10/site-packages/airflow/example_dags/example_xcomargs.py
[2025-06-12T19:03:49.456+0200] {processor.py:925} INFO - DAG(s) 'example_xcom_args_with_operators', 'example_xcom_args' retrieved from /Users/gordanaristova/MyProjects/MyRpaProject/venv/lib/python3.10/site-packages/airflow/example_dags/example_xcomargs.py
[2025-06-12T19:03:49.486+0200] {logging_mixin.py:190} INFO - [2025-06-12T19:03:49.486+0200] {dag.py:3239} INFO - Sync 2 DAGs
[2025-06-12T19:03:49.489+0200] {logging_mixin.py:190} INFO - [2025-06-12T19:03:49.489+0200] {dag.py:4180} INFO - Setting next_dagrun for example_xcom_args to None, run_after=None
[2025-06-12T19:03:49.490+0200] {logging_mixin.py:190} INFO - [2025-06-12T19:03:49.490+0200] {dag.py:4180} INFO - Setting next_dagrun for example_xcom_args_with_operators to None, run_after=None
[2025-06-12T19:03:49.494+0200] {processor.py:208} INFO - Processing /Users/gordanaristova/MyProjects/MyRpaProject/venv/lib/python3.10/site-packages/airflow/example_dags/example_xcomargs.py took 0.053 seconds
[2025-06-12T19:10:45.674+0200] {processor.py:186} INFO - Started process (PID=16424) to work on /Users/gordanaristova/MyProjects/MyRpaProject/venv/lib/python3.10/site-packages/airflow/example_dags/example_xcomargs.py
[2025-06-12T19:10:45.675+0200] {processor.py:914} INFO - Processing file /Users/gordanaristova/MyProjects/MyRpaProject/venv/lib/python3.10/site-packages/airflow/example_dags/example_xcomargs.py for tasks to queue
[2025-06-12T19:10:45.675+0200] {logging_mixin.py:190} INFO - [2025-06-12T19:10:45.675+0200] {dagbag.py:588} INFO - Filling up the DagBag from /Users/gordanaristova/MyProjects/MyRpaProject/venv/lib/python3.10/site-packages/airflow/example_dags/example_xcomargs.py
[2025-06-12T19:10:45.687+0200] {processor.py:925} INFO - DAG(s) 'example_xcom_args_with_operators', 'example_xcom_args' retrieved from /Users/gordanaristova/MyProjects/MyRpaProject/venv/lib/python3.10/site-packages/airflow/example_dags/example_xcomargs.py
[2025-06-12T19:10:45.716+0200] {logging_mixin.py:190} INFO - [2025-06-12T19:10:45.716+0200] {dag.py:3239} INFO - Sync 2 DAGs
[2025-06-12T19:10:45.719+0200] {logging_mixin.py:190} INFO - [2025-06-12T19:10:45.719+0200] {dag.py:4180} INFO - Setting next_dagrun for example_xcom_args to None, run_after=None
[2025-06-12T19:10:45.720+0200] {logging_mixin.py:190} INFO - [2025-06-12T19:10:45.720+0200] {dag.py:4180} INFO - Setting next_dagrun for example_xcom_args_with_operators to None, run_after=None
[2025-06-12T19:10:45.724+0200] {processor.py:208} INFO - Processing /Users/gordanaristova/MyProjects/MyRpaProject/venv/lib/python3.10/site-packages/airflow/example_dags/example_xcomargs.py took 0.051 seconds
[2025-06-12T19:13:47.806+0200] {processor.py:186} INFO - Started process (PID=16621) to work on /Users/gordanaristova/MyProjects/MyRpaProject/venv/lib/python3.10/site-packages/airflow/example_dags/example_xcomargs.py
[2025-06-12T19:13:47.807+0200] {processor.py:914} INFO - Processing file /Users/gordanaristova/MyProjects/MyRpaProject/venv/lib/python3.10/site-packages/airflow/example_dags/example_xcomargs.py for tasks to queue
[2025-06-12T19:13:47.807+0200] {logging_mixin.py:190} INFO - [2025-06-12T19:13:47.807+0200] {dagbag.py:588} INFO - Filling up the DagBag from /Users/gordanaristova/MyProjects/MyRpaProject/venv/lib/python3.10/site-packages/airflow/example_dags/example_xcomargs.py
[2025-06-12T19:13:47.820+0200] {processor.py:925} INFO - DAG(s) 'example_xcom_args_with_operators', 'example_xcom_args' retrieved from /Users/gordanaristova/MyProjects/MyRpaProject/venv/lib/python3.10/site-packages/airflow/example_dags/example_xcomargs.py
[2025-06-12T19:13:47.849+0200] {logging_mixin.py:190} INFO - [2025-06-12T19:13:47.849+0200] {dag.py:3239} INFO - Sync 2 DAGs
[2025-06-12T19:13:47.852+0200] {logging_mixin.py:190} INFO - [2025-06-12T19:13:47.852+0200] {dag.py:4180} INFO - Setting next_dagrun for example_xcom_args to None, run_after=None
[2025-06-12T19:13:47.853+0200] {logging_mixin.py:190} INFO - [2025-06-12T19:13:47.853+0200] {dag.py:4180} INFO - Setting next_dagrun for example_xcom_args_with_operators to None, run_after=None
[2025-06-12T19:13:47.857+0200] {processor.py:208} INFO - Processing /Users/gordanaristova/MyProjects/MyRpaProject/venv/lib/python3.10/site-packages/airflow/example_dags/example_xcomargs.py took 0.052 seconds
