[2025-06-12T10:37:17.549+0200] {processor.py:186} INFO - Started process (PID=8455) to work on /Users/gordanaristova/MyProjects/MyRpaProject/venv/lib/python3.10/site-packages/airflow/example_dags/example_dynamic_task_mapping.py
[2025-06-12T10:37:17.549+0200] {processor.py:914} INFO - Processing file /Users/gordanaristova/MyProjects/MyRpaProject/venv/lib/python3.10/site-packages/airflow/example_dags/example_dynamic_task_mapping.py for tasks to queue
[2025-06-12T10:37:17.550+0200] {logging_mixin.py:190} INFO - [2025-06-12T10:37:17.550+0200] {dagbag.py:588} INFO - Filling up the DagBag from /Users/gordanaristova/MyProjects/MyRpaProject/venv/lib/python3.10/site-packages/airflow/example_dags/example_dynamic_task_mapping.py
[2025-06-12T10:37:17.561+0200] {processor.py:925} INFO - DAG(s) 'example_dynamic_task_mapping' retrieved from /Users/gordanaristova/MyProjects/MyRpaProject/venv/lib/python3.10/site-packages/airflow/example_dags/example_dynamic_task_mapping.py
[2025-06-12T10:37:17.609+0200] {logging_mixin.py:190} INFO - [2025-06-12T10:37:17.609+0200] {override.py:1900} INFO - Created Permission View: can read on DAG:example_dynamic_task_mapping
[2025-06-12T10:37:17.611+0200] {logging_mixin.py:190} INFO - [2025-06-12T10:37:17.611+0200] {override.py:1900} INFO - Created Permission View: can edit on DAG:example_dynamic_task_mapping
[2025-06-12T10:37:17.613+0200] {logging_mixin.py:190} INFO - [2025-06-12T10:37:17.613+0200] {override.py:1900} INFO - Created Permission View: can delete on DAG:example_dynamic_task_mapping
[2025-06-12T10:37:17.615+0200] {logging_mixin.py:190} INFO - [2025-06-12T10:37:17.615+0200] {override.py:1900} INFO - Created Permission View: can read on DAG Run:example_dynamic_task_mapping
[2025-06-12T10:37:17.616+0200] {logging_mixin.py:190} INFO - [2025-06-12T10:37:17.616+0200] {override.py:1900} INFO - Created Permission View: can create on DAG Run:example_dynamic_task_mapping
[2025-06-12T10:37:17.617+0200] {logging_mixin.py:190} INFO - [2025-06-12T10:37:17.617+0200] {override.py:1900} INFO - Created Permission View: menu access on DAG Run:example_dynamic_task_mapping
[2025-06-12T10:37:17.619+0200] {logging_mixin.py:190} INFO - [2025-06-12T10:37:17.618+0200] {override.py:1900} INFO - Created Permission View: can delete on DAG Run:example_dynamic_task_mapping
[2025-06-12T10:37:17.619+0200] {logging_mixin.py:190} INFO - [2025-06-12T10:37:17.619+0200] {dag.py:3239} INFO - Sync 1 DAGs
[2025-06-12T10:37:17.622+0200] {logging_mixin.py:190} INFO - [2025-06-12T10:37:17.622+0200] {dag.py:3262} INFO - Creating ORM DAG for example_dynamic_task_mapping
[2025-06-12T10:37:17.622+0200] {logging_mixin.py:190} INFO - [2025-06-12T10:37:17.622+0200] {dag.py:4180} INFO - Setting next_dagrun for example_dynamic_task_mapping to None, run_after=None
[2025-06-12T10:37:17.626+0200] {processor.py:208} INFO - Processing /Users/gordanaristova/MyProjects/MyRpaProject/venv/lib/python3.10/site-packages/airflow/example_dags/example_dynamic_task_mapping.py took 0.077 seconds
[2025-06-12T10:39:07.932+0200] {processor.py:186} INFO - Started process (PID=8548) to work on /Users/gordanaristova/MyProjects/MyRpaProject/venv/lib/python3.10/site-packages/airflow/example_dags/example_dynamic_task_mapping.py
[2025-06-12T10:39:07.933+0200] {processor.py:914} INFO - Processing file /Users/gordanaristova/MyProjects/MyRpaProject/venv/lib/python3.10/site-packages/airflow/example_dags/example_dynamic_task_mapping.py for tasks to queue
[2025-06-12T10:39:07.934+0200] {logging_mixin.py:190} INFO - [2025-06-12T10:39:07.934+0200] {dagbag.py:588} INFO - Filling up the DagBag from /Users/gordanaristova/MyProjects/MyRpaProject/venv/lib/python3.10/site-packages/airflow/example_dags/example_dynamic_task_mapping.py
[2025-06-12T10:39:07.945+0200] {processor.py:925} INFO - DAG(s) 'example_dynamic_task_mapping' retrieved from /Users/gordanaristova/MyProjects/MyRpaProject/venv/lib/python3.10/site-packages/airflow/example_dags/example_dynamic_task_mapping.py
[2025-06-12T10:39:07.972+0200] {logging_mixin.py:190} INFO - [2025-06-12T10:39:07.972+0200] {dag.py:3239} INFO - Sync 1 DAGs
[2025-06-12T10:39:07.975+0200] {logging_mixin.py:190} INFO - [2025-06-12T10:39:07.975+0200] {dag.py:4180} INFO - Setting next_dagrun for example_dynamic_task_mapping to None, run_after=None
[2025-06-12T10:39:07.979+0200] {processor.py:208} INFO - Processing /Users/gordanaristova/MyProjects/MyRpaProject/venv/lib/python3.10/site-packages/airflow/example_dags/example_dynamic_task_mapping.py took 0.047 seconds
[2025-06-12T10:40:50.968+0200] {processor.py:186} INFO - Started process (PID=8627) to work on /Users/gordanaristova/MyProjects/MyRpaProject/venv/lib/python3.10/site-packages/airflow/example_dags/example_dynamic_task_mapping.py
[2025-06-12T10:40:50.969+0200] {processor.py:914} INFO - Processing file /Users/gordanaristova/MyProjects/MyRpaProject/venv/lib/python3.10/site-packages/airflow/example_dags/example_dynamic_task_mapping.py for tasks to queue
[2025-06-12T10:40:50.970+0200] {logging_mixin.py:190} INFO - [2025-06-12T10:40:50.969+0200] {dagbag.py:588} INFO - Filling up the DagBag from /Users/gordanaristova/MyProjects/MyRpaProject/venv/lib/python3.10/site-packages/airflow/example_dags/example_dynamic_task_mapping.py
[2025-06-12T10:40:50.981+0200] {processor.py:925} INFO - DAG(s) 'example_dynamic_task_mapping' retrieved from /Users/gordanaristova/MyProjects/MyRpaProject/venv/lib/python3.10/site-packages/airflow/example_dags/example_dynamic_task_mapping.py
[2025-06-12T10:40:51.008+0200] {logging_mixin.py:190} INFO - [2025-06-12T10:40:51.008+0200] {dag.py:3239} INFO - Sync 1 DAGs
[2025-06-12T10:40:51.011+0200] {logging_mixin.py:190} INFO - [2025-06-12T10:40:51.011+0200] {dag.py:4180} INFO - Setting next_dagrun for example_dynamic_task_mapping to None, run_after=None
[2025-06-12T10:40:51.016+0200] {processor.py:208} INFO - Processing /Users/gordanaristova/MyProjects/MyRpaProject/venv/lib/python3.10/site-packages/airflow/example_dags/example_dynamic_task_mapping.py took 0.048 seconds
[2025-06-12T10:42:37.673+0200] {processor.py:186} INFO - Started process (PID=8717) to work on /Users/gordanaristova/MyProjects/MyRpaProject/venv/lib/python3.10/site-packages/airflow/example_dags/example_dynamic_task_mapping.py
[2025-06-12T10:42:37.673+0200] {processor.py:914} INFO - Processing file /Users/gordanaristova/MyProjects/MyRpaProject/venv/lib/python3.10/site-packages/airflow/example_dags/example_dynamic_task_mapping.py for tasks to queue
[2025-06-12T10:42:37.673+0200] {logging_mixin.py:190} INFO - [2025-06-12T10:42:37.673+0200] {dagbag.py:588} INFO - Filling up the DagBag from /Users/gordanaristova/MyProjects/MyRpaProject/venv/lib/python3.10/site-packages/airflow/example_dags/example_dynamic_task_mapping.py
[2025-06-12T10:42:37.684+0200] {processor.py:925} INFO - DAG(s) 'example_dynamic_task_mapping' retrieved from /Users/gordanaristova/MyProjects/MyRpaProject/venv/lib/python3.10/site-packages/airflow/example_dags/example_dynamic_task_mapping.py
[2025-06-12T10:42:37.712+0200] {logging_mixin.py:190} INFO - [2025-06-12T10:42:37.712+0200] {dag.py:3239} INFO - Sync 1 DAGs
[2025-06-12T10:42:37.715+0200] {logging_mixin.py:190} INFO - [2025-06-12T10:42:37.715+0200] {dag.py:4180} INFO - Setting next_dagrun for example_dynamic_task_mapping to None, run_after=None
[2025-06-12T10:42:37.719+0200] {processor.py:208} INFO - Processing /Users/gordanaristova/MyProjects/MyRpaProject/venv/lib/python3.10/site-packages/airflow/example_dags/example_dynamic_task_mapping.py took 0.047 seconds
[2025-06-12T10:44:23.751+0200] {processor.py:186} INFO - Started process (PID=8869) to work on /Users/gordanaristova/MyProjects/MyRpaProject/venv/lib/python3.10/site-packages/airflow/example_dags/example_dynamic_task_mapping.py
[2025-06-12T10:44:23.752+0200] {processor.py:914} INFO - Processing file /Users/gordanaristova/MyProjects/MyRpaProject/venv/lib/python3.10/site-packages/airflow/example_dags/example_dynamic_task_mapping.py for tasks to queue
[2025-06-12T10:44:23.753+0200] {logging_mixin.py:190} INFO - [2025-06-12T10:44:23.753+0200] {dagbag.py:588} INFO - Filling up the DagBag from /Users/gordanaristova/MyProjects/MyRpaProject/venv/lib/python3.10/site-packages/airflow/example_dags/example_dynamic_task_mapping.py
[2025-06-12T10:44:23.764+0200] {processor.py:925} INFO - DAG(s) 'example_dynamic_task_mapping' retrieved from /Users/gordanaristova/MyProjects/MyRpaProject/venv/lib/python3.10/site-packages/airflow/example_dags/example_dynamic_task_mapping.py
[2025-06-12T10:44:23.792+0200] {logging_mixin.py:190} INFO - [2025-06-12T10:44:23.792+0200] {dag.py:3239} INFO - Sync 1 DAGs
[2025-06-12T10:44:23.795+0200] {logging_mixin.py:190} INFO - [2025-06-12T10:44:23.795+0200] {dag.py:4180} INFO - Setting next_dagrun for example_dynamic_task_mapping to None, run_after=None
[2025-06-12T10:44:23.799+0200] {processor.py:208} INFO - Processing /Users/gordanaristova/MyProjects/MyRpaProject/venv/lib/python3.10/site-packages/airflow/example_dags/example_dynamic_task_mapping.py took 0.049 seconds
[2025-06-12T10:46:10.383+0200] {processor.py:186} INFO - Started process (PID=8961) to work on /Users/gordanaristova/MyProjects/MyRpaProject/venv/lib/python3.10/site-packages/airflow/example_dags/example_dynamic_task_mapping.py
[2025-06-12T10:46:10.383+0200] {processor.py:914} INFO - Processing file /Users/gordanaristova/MyProjects/MyRpaProject/venv/lib/python3.10/site-packages/airflow/example_dags/example_dynamic_task_mapping.py for tasks to queue
[2025-06-12T10:46:10.384+0200] {logging_mixin.py:190} INFO - [2025-06-12T10:46:10.384+0200] {dagbag.py:588} INFO - Filling up the DagBag from /Users/gordanaristova/MyProjects/MyRpaProject/venv/lib/python3.10/site-packages/airflow/example_dags/example_dynamic_task_mapping.py
[2025-06-12T10:46:10.395+0200] {processor.py:925} INFO - DAG(s) 'example_dynamic_task_mapping' retrieved from /Users/gordanaristova/MyProjects/MyRpaProject/venv/lib/python3.10/site-packages/airflow/example_dags/example_dynamic_task_mapping.py
[2025-06-12T10:46:10.423+0200] {logging_mixin.py:190} INFO - [2025-06-12T10:46:10.423+0200] {dag.py:3239} INFO - Sync 1 DAGs
[2025-06-12T10:46:10.426+0200] {logging_mixin.py:190} INFO - [2025-06-12T10:46:10.426+0200] {dag.py:4180} INFO - Setting next_dagrun for example_dynamic_task_mapping to None, run_after=None
[2025-06-12T10:46:10.430+0200] {processor.py:208} INFO - Processing /Users/gordanaristova/MyProjects/MyRpaProject/venv/lib/python3.10/site-packages/airflow/example_dags/example_dynamic_task_mapping.py took 0.048 seconds
[2025-06-12T10:48:02.552+0200] {processor.py:186} INFO - Started process (PID=9100) to work on /Users/gordanaristova/MyProjects/MyRpaProject/venv/lib/python3.10/site-packages/airflow/example_dags/example_dynamic_task_mapping.py
[2025-06-12T10:48:02.552+0200] {processor.py:914} INFO - Processing file /Users/gordanaristova/MyProjects/MyRpaProject/venv/lib/python3.10/site-packages/airflow/example_dags/example_dynamic_task_mapping.py for tasks to queue
[2025-06-12T10:48:02.552+0200] {logging_mixin.py:190} INFO - [2025-06-12T10:48:02.552+0200] {dagbag.py:588} INFO - Filling up the DagBag from /Users/gordanaristova/MyProjects/MyRpaProject/venv/lib/python3.10/site-packages/airflow/example_dags/example_dynamic_task_mapping.py
[2025-06-12T10:48:02.563+0200] {processor.py:925} INFO - DAG(s) 'example_dynamic_task_mapping' retrieved from /Users/gordanaristova/MyProjects/MyRpaProject/venv/lib/python3.10/site-packages/airflow/example_dags/example_dynamic_task_mapping.py
[2025-06-12T10:48:02.591+0200] {logging_mixin.py:190} INFO - [2025-06-12T10:48:02.591+0200] {dag.py:3239} INFO - Sync 1 DAGs
[2025-06-12T10:48:02.594+0200] {logging_mixin.py:190} INFO - [2025-06-12T10:48:02.594+0200] {dag.py:4180} INFO - Setting next_dagrun for example_dynamic_task_mapping to None, run_after=None
[2025-06-12T10:48:02.598+0200] {processor.py:208} INFO - Processing /Users/gordanaristova/MyProjects/MyRpaProject/venv/lib/python3.10/site-packages/airflow/example_dags/example_dynamic_task_mapping.py took 0.047 seconds
[2025-06-12T10:49:49.366+0200] {processor.py:186} INFO - Started process (PID=9227) to work on /Users/gordanaristova/MyProjects/MyRpaProject/venv/lib/python3.10/site-packages/airflow/example_dags/example_dynamic_task_mapping.py
[2025-06-12T10:49:49.367+0200] {processor.py:914} INFO - Processing file /Users/gordanaristova/MyProjects/MyRpaProject/venv/lib/python3.10/site-packages/airflow/example_dags/example_dynamic_task_mapping.py for tasks to queue
[2025-06-12T10:49:49.368+0200] {logging_mixin.py:190} INFO - [2025-06-12T10:49:49.367+0200] {dagbag.py:588} INFO - Filling up the DagBag from /Users/gordanaristova/MyProjects/MyRpaProject/venv/lib/python3.10/site-packages/airflow/example_dags/example_dynamic_task_mapping.py
[2025-06-12T10:49:49.378+0200] {processor.py:925} INFO - DAG(s) 'example_dynamic_task_mapping' retrieved from /Users/gordanaristova/MyProjects/MyRpaProject/venv/lib/python3.10/site-packages/airflow/example_dags/example_dynamic_task_mapping.py
[2025-06-12T10:49:49.405+0200] {logging_mixin.py:190} INFO - [2025-06-12T10:49:49.405+0200] {dag.py:3239} INFO - Sync 1 DAGs
[2025-06-12T10:49:49.408+0200] {logging_mixin.py:190} INFO - [2025-06-12T10:49:49.408+0200] {dag.py:4180} INFO - Setting next_dagrun for example_dynamic_task_mapping to None, run_after=None
[2025-06-12T10:49:49.412+0200] {processor.py:208} INFO - Processing /Users/gordanaristova/MyProjects/MyRpaProject/venv/lib/python3.10/site-packages/airflow/example_dags/example_dynamic_task_mapping.py took 0.047 seconds
[2025-06-12T10:57:29.873+0200] {processor.py:186} INFO - Started process (PID=9466) to work on /Users/gordanaristova/MyProjects/MyRpaProject/venv/lib/python3.10/site-packages/airflow/example_dags/example_dynamic_task_mapping.py
[2025-06-12T10:57:29.874+0200] {processor.py:914} INFO - Processing file /Users/gordanaristova/MyProjects/MyRpaProject/venv/lib/python3.10/site-packages/airflow/example_dags/example_dynamic_task_mapping.py for tasks to queue
[2025-06-12T10:57:29.874+0200] {logging_mixin.py:190} INFO - [2025-06-12T10:57:29.874+0200] {dagbag.py:588} INFO - Filling up the DagBag from /Users/gordanaristova/MyProjects/MyRpaProject/venv/lib/python3.10/site-packages/airflow/example_dags/example_dynamic_task_mapping.py
[2025-06-12T10:57:29.885+0200] {processor.py:925} INFO - DAG(s) 'example_dynamic_task_mapping' retrieved from /Users/gordanaristova/MyProjects/MyRpaProject/venv/lib/python3.10/site-packages/airflow/example_dags/example_dynamic_task_mapping.py
[2025-06-12T10:57:29.914+0200] {logging_mixin.py:190} INFO - [2025-06-12T10:57:29.914+0200] {dag.py:3239} INFO - Sync 1 DAGs
[2025-06-12T10:57:29.917+0200] {logging_mixin.py:190} INFO - [2025-06-12T10:57:29.917+0200] {dag.py:4180} INFO - Setting next_dagrun for example_dynamic_task_mapping to None, run_after=None
[2025-06-12T10:57:29.923+0200] {processor.py:208} INFO - Processing /Users/gordanaristova/MyProjects/MyRpaProject/venv/lib/python3.10/site-packages/airflow/example_dags/example_dynamic_task_mapping.py took 0.050 seconds
[2025-06-12T11:12:14.300+0200] {processor.py:186} INFO - Started process (PID=9788) to work on /Users/gordanaristova/MyProjects/MyRpaProject/venv/lib/python3.10/site-packages/airflow/example_dags/example_dynamic_task_mapping.py
[2025-06-12T11:12:14.301+0200] {processor.py:914} INFO - Processing file /Users/gordanaristova/MyProjects/MyRpaProject/venv/lib/python3.10/site-packages/airflow/example_dags/example_dynamic_task_mapping.py for tasks to queue
[2025-06-12T11:12:14.301+0200] {logging_mixin.py:190} INFO - [2025-06-12T11:12:14.301+0200] {dagbag.py:588} INFO - Filling up the DagBag from /Users/gordanaristova/MyProjects/MyRpaProject/venv/lib/python3.10/site-packages/airflow/example_dags/example_dynamic_task_mapping.py
[2025-06-12T11:12:14.311+0200] {processor.py:925} INFO - DAG(s) 'example_dynamic_task_mapping' retrieved from /Users/gordanaristova/MyProjects/MyRpaProject/venv/lib/python3.10/site-packages/airflow/example_dags/example_dynamic_task_mapping.py
[2025-06-12T11:12:14.338+0200] {logging_mixin.py:190} INFO - [2025-06-12T11:12:14.338+0200] {dag.py:3239} INFO - Sync 1 DAGs
[2025-06-12T11:12:14.341+0200] {logging_mixin.py:190} INFO - [2025-06-12T11:12:14.341+0200] {dag.py:4180} INFO - Setting next_dagrun for example_dynamic_task_mapping to None, run_after=None
[2025-06-12T11:12:14.345+0200] {processor.py:208} INFO - Processing /Users/gordanaristova/MyProjects/MyRpaProject/venv/lib/python3.10/site-packages/airflow/example_dags/example_dynamic_task_mapping.py took 0.045 seconds
[2025-06-12T11:22:20.640+0200] {processor.py:186} INFO - Started process (PID=10074) to work on /Users/gordanaristova/MyProjects/MyRpaProject/venv/lib/python3.10/site-packages/airflow/example_dags/example_dynamic_task_mapping.py
[2025-06-12T11:22:20.640+0200] {processor.py:914} INFO - Processing file /Users/gordanaristova/MyProjects/MyRpaProject/venv/lib/python3.10/site-packages/airflow/example_dags/example_dynamic_task_mapping.py for tasks to queue
[2025-06-12T11:22:20.640+0200] {logging_mixin.py:190} INFO - [2025-06-12T11:22:20.640+0200] {dagbag.py:588} INFO - Filling up the DagBag from /Users/gordanaristova/MyProjects/MyRpaProject/venv/lib/python3.10/site-packages/airflow/example_dags/example_dynamic_task_mapping.py
[2025-06-12T11:22:20.651+0200] {processor.py:925} INFO - DAG(s) 'example_dynamic_task_mapping' retrieved from /Users/gordanaristova/MyProjects/MyRpaProject/venv/lib/python3.10/site-packages/airflow/example_dags/example_dynamic_task_mapping.py
[2025-06-12T11:22:20.679+0200] {logging_mixin.py:190} INFO - [2025-06-12T11:22:20.679+0200] {dag.py:3239} INFO - Sync 1 DAGs
[2025-06-12T11:22:20.682+0200] {logging_mixin.py:190} INFO - [2025-06-12T11:22:20.682+0200] {dag.py:4180} INFO - Setting next_dagrun for example_dynamic_task_mapping to None, run_after=None
[2025-06-12T11:22:20.686+0200] {processor.py:208} INFO - Processing /Users/gordanaristova/MyProjects/MyRpaProject/venv/lib/python3.10/site-packages/airflow/example_dags/example_dynamic_task_mapping.py took 0.047 seconds
[2025-06-12T11:41:36.531+0200] {processor.py:186} INFO - Started process (PID=10440) to work on /Users/gordanaristova/MyProjects/MyRpaProject/venv/lib/python3.10/site-packages/airflow/example_dags/example_dynamic_task_mapping.py
[2025-06-12T11:41:36.532+0200] {processor.py:914} INFO - Processing file /Users/gordanaristova/MyProjects/MyRpaProject/venv/lib/python3.10/site-packages/airflow/example_dags/example_dynamic_task_mapping.py for tasks to queue
[2025-06-12T11:41:36.532+0200] {logging_mixin.py:190} INFO - [2025-06-12T11:41:36.532+0200] {dagbag.py:588} INFO - Filling up the DagBag from /Users/gordanaristova/MyProjects/MyRpaProject/venv/lib/python3.10/site-packages/airflow/example_dags/example_dynamic_task_mapping.py
[2025-06-12T11:41:36.543+0200] {processor.py:925} INFO - DAG(s) 'example_dynamic_task_mapping' retrieved from /Users/gordanaristova/MyProjects/MyRpaProject/venv/lib/python3.10/site-packages/airflow/example_dags/example_dynamic_task_mapping.py
[2025-06-12T11:41:36.571+0200] {logging_mixin.py:190} INFO - [2025-06-12T11:41:36.571+0200] {dag.py:3239} INFO - Sync 1 DAGs
[2025-06-12T11:41:36.574+0200] {logging_mixin.py:190} INFO - [2025-06-12T11:41:36.574+0200] {dag.py:4180} INFO - Setting next_dagrun for example_dynamic_task_mapping to None, run_after=None
[2025-06-12T11:41:36.578+0200] {processor.py:208} INFO - Processing /Users/gordanaristova/MyProjects/MyRpaProject/venv/lib/python3.10/site-packages/airflow/example_dags/example_dynamic_task_mapping.py took 0.048 seconds
[2025-06-12T11:50:25.704+0200] {processor.py:186} INFO - Started process (PID=10663) to work on /Users/gordanaristova/MyProjects/MyRpaProject/venv/lib/python3.10/site-packages/airflow/example_dags/example_dynamic_task_mapping.py
[2025-06-12T11:50:25.704+0200] {processor.py:914} INFO - Processing file /Users/gordanaristova/MyProjects/MyRpaProject/venv/lib/python3.10/site-packages/airflow/example_dags/example_dynamic_task_mapping.py for tasks to queue
[2025-06-12T11:50:25.705+0200] {logging_mixin.py:190} INFO - [2025-06-12T11:50:25.705+0200] {dagbag.py:588} INFO - Filling up the DagBag from /Users/gordanaristova/MyProjects/MyRpaProject/venv/lib/python3.10/site-packages/airflow/example_dags/example_dynamic_task_mapping.py
[2025-06-12T11:50:25.715+0200] {processor.py:925} INFO - DAG(s) 'example_dynamic_task_mapping' retrieved from /Users/gordanaristova/MyProjects/MyRpaProject/venv/lib/python3.10/site-packages/airflow/example_dags/example_dynamic_task_mapping.py
[2025-06-12T11:50:25.743+0200] {logging_mixin.py:190} INFO - [2025-06-12T11:50:25.743+0200] {dag.py:3239} INFO - Sync 1 DAGs
[2025-06-12T11:50:25.746+0200] {logging_mixin.py:190} INFO - [2025-06-12T11:50:25.746+0200] {dag.py:4180} INFO - Setting next_dagrun for example_dynamic_task_mapping to None, run_after=None
[2025-06-12T11:50:25.750+0200] {processor.py:208} INFO - Processing /Users/gordanaristova/MyProjects/MyRpaProject/venv/lib/python3.10/site-packages/airflow/example_dags/example_dynamic_task_mapping.py took 0.047 seconds
[2025-06-12T11:52:13.734+0200] {processor.py:186} INFO - Started process (PID=10791) to work on /Users/gordanaristova/MyProjects/MyRpaProject/venv/lib/python3.10/site-packages/airflow/example_dags/example_dynamic_task_mapping.py
[2025-06-12T11:52:13.734+0200] {processor.py:914} INFO - Processing file /Users/gordanaristova/MyProjects/MyRpaProject/venv/lib/python3.10/site-packages/airflow/example_dags/example_dynamic_task_mapping.py for tasks to queue
[2025-06-12T11:52:13.734+0200] {logging_mixin.py:190} INFO - [2025-06-12T11:52:13.734+0200] {dagbag.py:588} INFO - Filling up the DagBag from /Users/gordanaristova/MyProjects/MyRpaProject/venv/lib/python3.10/site-packages/airflow/example_dags/example_dynamic_task_mapping.py
[2025-06-12T11:52:13.745+0200] {processor.py:925} INFO - DAG(s) 'example_dynamic_task_mapping' retrieved from /Users/gordanaristova/MyProjects/MyRpaProject/venv/lib/python3.10/site-packages/airflow/example_dags/example_dynamic_task_mapping.py
[2025-06-12T11:52:13.773+0200] {logging_mixin.py:190} INFO - [2025-06-12T11:52:13.773+0200] {dag.py:3239} INFO - Sync 1 DAGs
[2025-06-12T11:52:13.776+0200] {logging_mixin.py:190} INFO - [2025-06-12T11:52:13.776+0200] {dag.py:4180} INFO - Setting next_dagrun for example_dynamic_task_mapping to None, run_after=None
[2025-06-12T11:52:13.780+0200] {processor.py:208} INFO - Processing /Users/gordanaristova/MyProjects/MyRpaProject/venv/lib/python3.10/site-packages/airflow/example_dags/example_dynamic_task_mapping.py took 0.048 seconds
[2025-06-12T11:54:03.408+0200] {processor.py:186} INFO - Started process (PID=10874) to work on /Users/gordanaristova/MyProjects/MyRpaProject/venv/lib/python3.10/site-packages/airflow/example_dags/example_dynamic_task_mapping.py
[2025-06-12T11:54:03.409+0200] {processor.py:914} INFO - Processing file /Users/gordanaristova/MyProjects/MyRpaProject/venv/lib/python3.10/site-packages/airflow/example_dags/example_dynamic_task_mapping.py for tasks to queue
[2025-06-12T11:54:03.410+0200] {logging_mixin.py:190} INFO - [2025-06-12T11:54:03.410+0200] {dagbag.py:588} INFO - Filling up the DagBag from /Users/gordanaristova/MyProjects/MyRpaProject/venv/lib/python3.10/site-packages/airflow/example_dags/example_dynamic_task_mapping.py
[2025-06-12T11:54:03.421+0200] {processor.py:925} INFO - DAG(s) 'example_dynamic_task_mapping' retrieved from /Users/gordanaristova/MyProjects/MyRpaProject/venv/lib/python3.10/site-packages/airflow/example_dags/example_dynamic_task_mapping.py
[2025-06-12T11:54:03.449+0200] {logging_mixin.py:190} INFO - [2025-06-12T11:54:03.449+0200] {dag.py:3239} INFO - Sync 1 DAGs
[2025-06-12T11:54:03.452+0200] {logging_mixin.py:190} INFO - [2025-06-12T11:54:03.452+0200] {dag.py:4180} INFO - Setting next_dagrun for example_dynamic_task_mapping to None, run_after=None
[2025-06-12T11:54:03.456+0200] {processor.py:208} INFO - Processing /Users/gordanaristova/MyProjects/MyRpaProject/venv/lib/python3.10/site-packages/airflow/example_dags/example_dynamic_task_mapping.py took 0.049 seconds
[2025-06-12T11:55:50.068+0200] {processor.py:186} INFO - Started process (PID=10979) to work on /Users/gordanaristova/MyProjects/MyRpaProject/venv/lib/python3.10/site-packages/airflow/example_dags/example_dynamic_task_mapping.py
[2025-06-12T11:55:50.069+0200] {processor.py:914} INFO - Processing file /Users/gordanaristova/MyProjects/MyRpaProject/venv/lib/python3.10/site-packages/airflow/example_dags/example_dynamic_task_mapping.py for tasks to queue
[2025-06-12T11:55:50.069+0200] {logging_mixin.py:190} INFO - [2025-06-12T11:55:50.069+0200] {dagbag.py:588} INFO - Filling up the DagBag from /Users/gordanaristova/MyProjects/MyRpaProject/venv/lib/python3.10/site-packages/airflow/example_dags/example_dynamic_task_mapping.py
[2025-06-12T11:55:50.080+0200] {processor.py:925} INFO - DAG(s) 'example_dynamic_task_mapping' retrieved from /Users/gordanaristova/MyProjects/MyRpaProject/venv/lib/python3.10/site-packages/airflow/example_dags/example_dynamic_task_mapping.py
[2025-06-12T11:55:50.108+0200] {logging_mixin.py:190} INFO - [2025-06-12T11:55:50.107+0200] {dag.py:3239} INFO - Sync 1 DAGs
[2025-06-12T11:55:50.111+0200] {logging_mixin.py:190} INFO - [2025-06-12T11:55:50.111+0200] {dag.py:4180} INFO - Setting next_dagrun for example_dynamic_task_mapping to None, run_after=None
[2025-06-12T11:55:50.115+0200] {processor.py:208} INFO - Processing /Users/gordanaristova/MyProjects/MyRpaProject/venv/lib/python3.10/site-packages/airflow/example_dags/example_dynamic_task_mapping.py took 0.048 seconds
[2025-06-12T13:15:12.883+0200] {processor.py:186} INFO - Started process (PID=13033) to work on /Users/gordanaristova/MyProjects/MyRpaProject/venv/lib/python3.10/site-packages/airflow/example_dags/example_dynamic_task_mapping.py
[2025-06-12T13:15:12.883+0200] {processor.py:914} INFO - Processing file /Users/gordanaristova/MyProjects/MyRpaProject/venv/lib/python3.10/site-packages/airflow/example_dags/example_dynamic_task_mapping.py for tasks to queue
[2025-06-12T13:15:12.883+0200] {logging_mixin.py:190} INFO - [2025-06-12T13:15:12.883+0200] {dagbag.py:588} INFO - Filling up the DagBag from /Users/gordanaristova/MyProjects/MyRpaProject/venv/lib/python3.10/site-packages/airflow/example_dags/example_dynamic_task_mapping.py
[2025-06-12T13:15:12.895+0200] {processor.py:925} INFO - DAG(s) 'example_dynamic_task_mapping' retrieved from /Users/gordanaristova/MyProjects/MyRpaProject/venv/lib/python3.10/site-packages/airflow/example_dags/example_dynamic_task_mapping.py
[2025-06-12T13:15:12.924+0200] {logging_mixin.py:190} INFO - [2025-06-12T13:15:12.924+0200] {dag.py:3239} INFO - Sync 1 DAGs
[2025-06-12T13:15:12.927+0200] {logging_mixin.py:190} INFO - [2025-06-12T13:15:12.927+0200] {dag.py:4180} INFO - Setting next_dagrun for example_dynamic_task_mapping to None, run_after=None
[2025-06-12T13:15:12.932+0200] {processor.py:208} INFO - Processing /Users/gordanaristova/MyProjects/MyRpaProject/venv/lib/python3.10/site-packages/airflow/example_dags/example_dynamic_task_mapping.py took 0.050 seconds
