[2025-06-12T10:36:57.940+0200] {processor.py:186} INFO - Started process (PID=8436) to work on /Users/gordanaristova/MyProjects/MyRpaProject/venv/lib/python3.10/site-packages/airflow/example_dags/example_python_operator.py
[2025-06-12T10:36:57.940+0200] {processor.py:914} INFO - Processing file /Users/gordanaristova/MyProjects/MyRpaProject/venv/lib/python3.10/site-packages/airflow/example_dags/example_python_operator.py for tasks to queue
[2025-06-12T10:36:57.940+0200] {logging_mixin.py:190} INFO - [2025-06-12T10:36:57.940+0200] {dagbag.py:588} INFO - Filling up the DagBag from /Users/gordanaristova/MyProjects/MyRpaProject/venv/lib/python3.10/site-packages/airflow/example_dags/example_python_operator.py
[2025-06-12T10:36:57.948+0200] {logging_mixin.py:190} INFO - [2025-06-12T10:36:57.947+0200] {example_python_operator.py:93} WARNING - The virtalenv_python example task requires virtualenv, please install it.
[2025-06-12T10:36:57.949+0200] {processor.py:925} INFO - DAG(s) 'example_python_operator' retrieved from /Users/gordanaristova/MyProjects/MyRpaProject/venv/lib/python3.10/site-packages/airflow/example_dags/example_python_operator.py
[2025-06-12T10:36:57.995+0200] {logging_mixin.py:190} INFO - [2025-06-12T10:36:57.995+0200] {override.py:1900} INFO - Created Permission View: can delete on DAG:example_python_operator
[2025-06-12T10:36:57.997+0200] {logging_mixin.py:190} INFO - [2025-06-12T10:36:57.997+0200] {override.py:1900} INFO - Created Permission View: can edit on DAG:example_python_operator
[2025-06-12T10:36:57.998+0200] {logging_mixin.py:190} INFO - [2025-06-12T10:36:57.998+0200] {override.py:1900} INFO - Created Permission View: can read on DAG:example_python_operator
[2025-06-12T10:36:58.000+0200] {logging_mixin.py:190} INFO - [2025-06-12T10:36:58.000+0200] {override.py:1900} INFO - Created Permission View: can delete on DAG Run:example_python_operator
[2025-06-12T10:36:58.001+0200] {logging_mixin.py:190} INFO - [2025-06-12T10:36:58.001+0200] {override.py:1900} INFO - Created Permission View: menu access on DAG Run:example_python_operator
[2025-06-12T10:36:58.003+0200] {logging_mixin.py:190} INFO - [2025-06-12T10:36:58.003+0200] {override.py:1900} INFO - Created Permission View: can create on DAG Run:example_python_operator
[2025-06-12T10:36:58.004+0200] {logging_mixin.py:190} INFO - [2025-06-12T10:36:58.004+0200] {override.py:1900} INFO - Created Permission View: can read on DAG Run:example_python_operator
[2025-06-12T10:36:58.004+0200] {logging_mixin.py:190} INFO - [2025-06-12T10:36:58.004+0200] {dag.py:3239} INFO - Sync 1 DAGs
[2025-06-12T10:36:58.007+0200] {logging_mixin.py:190} INFO - [2025-06-12T10:36:58.007+0200] {dag.py:3262} INFO - Creating ORM DAG for example_python_operator
[2025-06-12T10:36:58.007+0200] {logging_mixin.py:190} INFO - [2025-06-12T10:36:58.007+0200] {dag.py:4180} INFO - Setting next_dagrun for example_python_operator to None, run_after=None
[2025-06-12T10:36:58.011+0200] {processor.py:208} INFO - Processing /Users/gordanaristova/MyProjects/MyRpaProject/venv/lib/python3.10/site-packages/airflow/example_dags/example_python_operator.py took 0.072 seconds
[2025-06-12T10:38:23.350+0200] {processor.py:186} INFO - Started process (PID=8510) to work on /Users/gordanaristova/MyProjects/MyRpaProject/venv/lib/python3.10/site-packages/airflow/example_dags/example_python_operator.py
[2025-06-12T10:38:23.351+0200] {processor.py:914} INFO - Processing file /Users/gordanaristova/MyProjects/MyRpaProject/venv/lib/python3.10/site-packages/airflow/example_dags/example_python_operator.py for tasks to queue
[2025-06-12T10:38:23.351+0200] {logging_mixin.py:190} INFO - [2025-06-12T10:38:23.351+0200] {dagbag.py:588} INFO - Filling up the DagBag from /Users/gordanaristova/MyProjects/MyRpaProject/venv/lib/python3.10/site-packages/airflow/example_dags/example_python_operator.py
[2025-06-12T10:38:23.358+0200] {logging_mixin.py:190} INFO - [2025-06-12T10:38:23.358+0200] {example_python_operator.py:93} WARNING - The virtalenv_python example task requires virtualenv, please install it.
[2025-06-12T10:38:23.359+0200] {processor.py:925} INFO - DAG(s) 'example_python_operator' retrieved from /Users/gordanaristova/MyProjects/MyRpaProject/venv/lib/python3.10/site-packages/airflow/example_dags/example_python_operator.py
[2025-06-12T10:38:23.388+0200] {logging_mixin.py:190} INFO - [2025-06-12T10:38:23.388+0200] {dag.py:3239} INFO - Sync 1 DAGs
[2025-06-12T10:38:23.391+0200] {logging_mixin.py:190} INFO - [2025-06-12T10:38:23.391+0200] {dag.py:4180} INFO - Setting next_dagrun for example_python_operator to None, run_after=None
[2025-06-12T10:38:23.395+0200] {processor.py:208} INFO - Processing /Users/gordanaristova/MyProjects/MyRpaProject/venv/lib/python3.10/site-packages/airflow/example_dags/example_python_operator.py took 0.046 seconds
[2025-06-12T10:40:06.747+0200] {processor.py:186} INFO - Started process (PID=8594) to work on /Users/gordanaristova/MyProjects/MyRpaProject/venv/lib/python3.10/site-packages/airflow/example_dags/example_python_operator.py
[2025-06-12T10:40:06.748+0200] {processor.py:914} INFO - Processing file /Users/gordanaristova/MyProjects/MyRpaProject/venv/lib/python3.10/site-packages/airflow/example_dags/example_python_operator.py for tasks to queue
[2025-06-12T10:40:06.748+0200] {logging_mixin.py:190} INFO - [2025-06-12T10:40:06.748+0200] {dagbag.py:588} INFO - Filling up the DagBag from /Users/gordanaristova/MyProjects/MyRpaProject/venv/lib/python3.10/site-packages/airflow/example_dags/example_python_operator.py
[2025-06-12T10:40:06.756+0200] {logging_mixin.py:190} INFO - [2025-06-12T10:40:06.755+0200] {example_python_operator.py:93} WARNING - The virtalenv_python example task requires virtualenv, please install it.
[2025-06-12T10:40:06.757+0200] {processor.py:925} INFO - DAG(s) 'example_python_operator' retrieved from /Users/gordanaristova/MyProjects/MyRpaProject/venv/lib/python3.10/site-packages/airflow/example_dags/example_python_operator.py
[2025-06-12T10:40:06.785+0200] {logging_mixin.py:190} INFO - [2025-06-12T10:40:06.785+0200] {dag.py:3239} INFO - Sync 1 DAGs
[2025-06-12T10:40:06.788+0200] {logging_mixin.py:190} INFO - [2025-06-12T10:40:06.788+0200] {dag.py:4180} INFO - Setting next_dagrun for example_python_operator to None, run_after=None
[2025-06-12T10:40:06.793+0200] {processor.py:208} INFO - Processing /Users/gordanaristova/MyProjects/MyRpaProject/venv/lib/python3.10/site-packages/airflow/example_dags/example_python_operator.py took 0.047 seconds
[2025-06-12T10:41:52.511+0200] {processor.py:186} INFO - Started process (PID=8682) to work on /Users/gordanaristova/MyProjects/MyRpaProject/venv/lib/python3.10/site-packages/airflow/example_dags/example_python_operator.py
[2025-06-12T10:41:52.512+0200] {processor.py:914} INFO - Processing file /Users/gordanaristova/MyProjects/MyRpaProject/venv/lib/python3.10/site-packages/airflow/example_dags/example_python_operator.py for tasks to queue
[2025-06-12T10:41:52.512+0200] {logging_mixin.py:190} INFO - [2025-06-12T10:41:52.512+0200] {dagbag.py:588} INFO - Filling up the DagBag from /Users/gordanaristova/MyProjects/MyRpaProject/venv/lib/python3.10/site-packages/airflow/example_dags/example_python_operator.py
[2025-06-12T10:41:52.519+0200] {logging_mixin.py:190} INFO - [2025-06-12T10:41:52.519+0200] {example_python_operator.py:93} WARNING - The virtalenv_python example task requires virtualenv, please install it.
[2025-06-12T10:41:52.520+0200] {processor.py:925} INFO - DAG(s) 'example_python_operator' retrieved from /Users/gordanaristova/MyProjects/MyRpaProject/venv/lib/python3.10/site-packages/airflow/example_dags/example_python_operator.py
[2025-06-12T10:41:52.548+0200] {logging_mixin.py:190} INFO - [2025-06-12T10:41:52.548+0200] {dag.py:3239} INFO - Sync 1 DAGs
[2025-06-12T10:41:52.551+0200] {logging_mixin.py:190} INFO - [2025-06-12T10:41:52.551+0200] {dag.py:4180} INFO - Setting next_dagrun for example_python_operator to None, run_after=None
[2025-06-12T10:41:52.555+0200] {processor.py:208} INFO - Processing /Users/gordanaristova/MyProjects/MyRpaProject/venv/lib/python3.10/site-packages/airflow/example_dags/example_python_operator.py took 0.046 seconds
[2025-06-12T10:43:39.123+0200] {processor.py:186} INFO - Started process (PID=8824) to work on /Users/gordanaristova/MyProjects/MyRpaProject/venv/lib/python3.10/site-packages/airflow/example_dags/example_python_operator.py
[2025-06-12T10:43:39.124+0200] {processor.py:914} INFO - Processing file /Users/gordanaristova/MyProjects/MyRpaProject/venv/lib/python3.10/site-packages/airflow/example_dags/example_python_operator.py for tasks to queue
[2025-06-12T10:43:39.124+0200] {logging_mixin.py:190} INFO - [2025-06-12T10:43:39.124+0200] {dagbag.py:588} INFO - Filling up the DagBag from /Users/gordanaristova/MyProjects/MyRpaProject/venv/lib/python3.10/site-packages/airflow/example_dags/example_python_operator.py
[2025-06-12T10:43:39.131+0200] {logging_mixin.py:190} INFO - [2025-06-12T10:43:39.131+0200] {example_python_operator.py:93} WARNING - The virtalenv_python example task requires virtualenv, please install it.
[2025-06-12T10:43:39.133+0200] {processor.py:925} INFO - DAG(s) 'example_python_operator' retrieved from /Users/gordanaristova/MyProjects/MyRpaProject/venv/lib/python3.10/site-packages/airflow/example_dags/example_python_operator.py
[2025-06-12T10:43:39.161+0200] {logging_mixin.py:190} INFO - [2025-06-12T10:43:39.161+0200] {dag.py:3239} INFO - Sync 1 DAGs
[2025-06-12T10:43:39.164+0200] {logging_mixin.py:190} INFO - [2025-06-12T10:43:39.164+0200] {dag.py:4180} INFO - Setting next_dagrun for example_python_operator to None, run_after=None
[2025-06-12T10:43:39.168+0200] {processor.py:208} INFO - Processing /Users/gordanaristova/MyProjects/MyRpaProject/venv/lib/python3.10/site-packages/airflow/example_dags/example_python_operator.py took 0.046 seconds
[2025-06-12T10:45:25.053+0200] {processor.py:186} INFO - Started process (PID=8917) to work on /Users/gordanaristova/MyProjects/MyRpaProject/venv/lib/python3.10/site-packages/airflow/example_dags/example_python_operator.py
[2025-06-12T10:45:25.054+0200] {processor.py:914} INFO - Processing file /Users/gordanaristova/MyProjects/MyRpaProject/venv/lib/python3.10/site-packages/airflow/example_dags/example_python_operator.py for tasks to queue
[2025-06-12T10:45:25.054+0200] {logging_mixin.py:190} INFO - [2025-06-12T10:45:25.054+0200] {dagbag.py:588} INFO - Filling up the DagBag from /Users/gordanaristova/MyProjects/MyRpaProject/venv/lib/python3.10/site-packages/airflow/example_dags/example_python_operator.py
[2025-06-12T10:45:25.061+0200] {logging_mixin.py:190} INFO - [2025-06-12T10:45:25.061+0200] {example_python_operator.py:93} WARNING - The virtalenv_python example task requires virtualenv, please install it.
[2025-06-12T10:45:25.063+0200] {processor.py:925} INFO - DAG(s) 'example_python_operator' retrieved from /Users/gordanaristova/MyProjects/MyRpaProject/venv/lib/python3.10/site-packages/airflow/example_dags/example_python_operator.py
[2025-06-12T10:45:25.091+0200] {logging_mixin.py:190} INFO - [2025-06-12T10:45:25.091+0200] {dag.py:3239} INFO - Sync 1 DAGs
[2025-06-12T10:45:25.094+0200] {logging_mixin.py:190} INFO - [2025-06-12T10:45:25.094+0200] {dag.py:4180} INFO - Setting next_dagrun for example_python_operator to None, run_after=None
[2025-06-12T10:45:25.099+0200] {processor.py:208} INFO - Processing /Users/gordanaristova/MyProjects/MyRpaProject/venv/lib/python3.10/site-packages/airflow/example_dags/example_python_operator.py took 0.047 seconds
[2025-06-12T10:47:09.772+0200] {processor.py:186} INFO - Started process (PID=9038) to work on /Users/gordanaristova/MyProjects/MyRpaProject/venv/lib/python3.10/site-packages/airflow/example_dags/example_python_operator.py
[2025-06-12T10:47:09.774+0200] {processor.py:914} INFO - Processing file /Users/gordanaristova/MyProjects/MyRpaProject/venv/lib/python3.10/site-packages/airflow/example_dags/example_python_operator.py for tasks to queue
[2025-06-12T10:47:09.774+0200] {logging_mixin.py:190} INFO - [2025-06-12T10:47:09.774+0200] {dagbag.py:588} INFO - Filling up the DagBag from /Users/gordanaristova/MyProjects/MyRpaProject/venv/lib/python3.10/site-packages/airflow/example_dags/example_python_operator.py
[2025-06-12T10:47:09.781+0200] {logging_mixin.py:190} INFO - [2025-06-12T10:47:09.781+0200] {example_python_operator.py:93} WARNING - The virtalenv_python example task requires virtualenv, please install it.
[2025-06-12T10:47:09.782+0200] {processor.py:925} INFO - DAG(s) 'example_python_operator' retrieved from /Users/gordanaristova/MyProjects/MyRpaProject/venv/lib/python3.10/site-packages/airflow/example_dags/example_python_operator.py
[2025-06-12T10:47:09.811+0200] {logging_mixin.py:190} INFO - [2025-06-12T10:47:09.811+0200] {dag.py:3239} INFO - Sync 1 DAGs
[2025-06-12T10:47:09.814+0200] {logging_mixin.py:190} INFO - [2025-06-12T10:47:09.814+0200] {dag.py:4180} INFO - Setting next_dagrun for example_python_operator to None, run_after=None
[2025-06-12T10:47:09.819+0200] {processor.py:208} INFO - Processing /Users/gordanaristova/MyProjects/MyRpaProject/venv/lib/python3.10/site-packages/airflow/example_dags/example_python_operator.py took 0.047 seconds
[2025-06-12T10:49:04.105+0200] {processor.py:186} INFO - Started process (PID=9183) to work on /Users/gordanaristova/MyProjects/MyRpaProject/venv/lib/python3.10/site-packages/airflow/example_dags/example_python_operator.py
[2025-06-12T10:49:04.106+0200] {processor.py:914} INFO - Processing file /Users/gordanaristova/MyProjects/MyRpaProject/venv/lib/python3.10/site-packages/airflow/example_dags/example_python_operator.py for tasks to queue
[2025-06-12T10:49:04.106+0200] {logging_mixin.py:190} INFO - [2025-06-12T10:49:04.106+0200] {dagbag.py:588} INFO - Filling up the DagBag from /Users/gordanaristova/MyProjects/MyRpaProject/venv/lib/python3.10/site-packages/airflow/example_dags/example_python_operator.py
[2025-06-12T10:49:04.113+0200] {logging_mixin.py:190} INFO - [2025-06-12T10:49:04.113+0200] {example_python_operator.py:93} WARNING - The virtalenv_python example task requires virtualenv, please install it.
[2025-06-12T10:49:04.114+0200] {processor.py:925} INFO - DAG(s) 'example_python_operator' retrieved from /Users/gordanaristova/MyProjects/MyRpaProject/venv/lib/python3.10/site-packages/airflow/example_dags/example_python_operator.py
[2025-06-12T10:49:04.143+0200] {logging_mixin.py:190} INFO - [2025-06-12T10:49:04.143+0200] {dag.py:3239} INFO - Sync 1 DAGs
[2025-06-12T10:49:04.146+0200] {logging_mixin.py:190} INFO - [2025-06-12T10:49:04.146+0200] {dag.py:4180} INFO - Setting next_dagrun for example_python_operator to None, run_after=None
[2025-06-12T10:49:04.151+0200] {processor.py:208} INFO - Processing /Users/gordanaristova/MyProjects/MyRpaProject/venv/lib/python3.10/site-packages/airflow/example_dags/example_python_operator.py took 0.047 seconds
[2025-06-12T10:57:10.353+0200] {processor.py:186} INFO - Started process (PID=9446) to work on /Users/gordanaristova/MyProjects/MyRpaProject/venv/lib/python3.10/site-packages/airflow/example_dags/example_python_operator.py
[2025-06-12T10:57:10.354+0200] {processor.py:914} INFO - Processing file /Users/gordanaristova/MyProjects/MyRpaProject/venv/lib/python3.10/site-packages/airflow/example_dags/example_python_operator.py for tasks to queue
[2025-06-12T10:57:10.354+0200] {logging_mixin.py:190} INFO - [2025-06-12T10:57:10.354+0200] {dagbag.py:588} INFO - Filling up the DagBag from /Users/gordanaristova/MyProjects/MyRpaProject/venv/lib/python3.10/site-packages/airflow/example_dags/example_python_operator.py
[2025-06-12T10:57:10.361+0200] {logging_mixin.py:190} INFO - [2025-06-12T10:57:10.361+0200] {example_python_operator.py:93} WARNING - The virtalenv_python example task requires virtualenv, please install it.
[2025-06-12T10:57:10.362+0200] {processor.py:925} INFO - DAG(s) 'example_python_operator' retrieved from /Users/gordanaristova/MyProjects/MyRpaProject/venv/lib/python3.10/site-packages/airflow/example_dags/example_python_operator.py
[2025-06-12T10:57:10.390+0200] {logging_mixin.py:190} INFO - [2025-06-12T10:57:10.389+0200] {dag.py:3239} INFO - Sync 1 DAGs
[2025-06-12T10:57:10.392+0200] {logging_mixin.py:190} INFO - [2025-06-12T10:57:10.392+0200] {dag.py:4180} INFO - Setting next_dagrun for example_python_operator to None, run_after=None
[2025-06-12T10:57:10.397+0200] {processor.py:208} INFO - Processing /Users/gordanaristova/MyProjects/MyRpaProject/venv/lib/python3.10/site-packages/airflow/example_dags/example_python_operator.py took 0.045 seconds
[2025-06-12T10:58:36.537+0200] {processor.py:186} INFO - Started process (PID=9541) to work on /Users/gordanaristova/MyProjects/MyRpaProject/venv/lib/python3.10/site-packages/airflow/example_dags/example_python_operator.py
[2025-06-12T10:58:36.538+0200] {processor.py:914} INFO - Processing file /Users/gordanaristova/MyProjects/MyRpaProject/venv/lib/python3.10/site-packages/airflow/example_dags/example_python_operator.py for tasks to queue
[2025-06-12T10:58:36.539+0200] {logging_mixin.py:190} INFO - [2025-06-12T10:58:36.539+0200] {dagbag.py:588} INFO - Filling up the DagBag from /Users/gordanaristova/MyProjects/MyRpaProject/venv/lib/python3.10/site-packages/airflow/example_dags/example_python_operator.py
[2025-06-12T10:58:36.546+0200] {logging_mixin.py:190} INFO - [2025-06-12T10:58:36.545+0200] {example_python_operator.py:93} WARNING - The virtalenv_python example task requires virtualenv, please install it.
[2025-06-12T10:58:36.547+0200] {processor.py:925} INFO - DAG(s) 'example_python_operator' retrieved from /Users/gordanaristova/MyProjects/MyRpaProject/venv/lib/python3.10/site-packages/airflow/example_dags/example_python_operator.py
[2025-06-12T10:58:36.575+0200] {logging_mixin.py:190} INFO - [2025-06-12T10:58:36.575+0200] {dag.py:3239} INFO - Sync 1 DAGs
[2025-06-12T10:58:36.578+0200] {logging_mixin.py:190} INFO - [2025-06-12T10:58:36.578+0200] {dag.py:4180} INFO - Setting next_dagrun for example_python_operator to None, run_after=None
[2025-06-12T10:58:36.582+0200] {processor.py:208} INFO - Processing /Users/gordanaristova/MyProjects/MyRpaProject/venv/lib/python3.10/site-packages/airflow/example_dags/example_python_operator.py took 0.046 seconds
[2025-06-12T11:11:54.767+0200] {processor.py:186} INFO - Started process (PID=9766) to work on /Users/gordanaristova/MyProjects/MyRpaProject/venv/lib/python3.10/site-packages/airflow/example_dags/example_python_operator.py
[2025-06-12T11:11:54.768+0200] {processor.py:914} INFO - Processing file /Users/gordanaristova/MyProjects/MyRpaProject/venv/lib/python3.10/site-packages/airflow/example_dags/example_python_operator.py for tasks to queue
[2025-06-12T11:11:54.768+0200] {logging_mixin.py:190} INFO - [2025-06-12T11:11:54.768+0200] {dagbag.py:588} INFO - Filling up the DagBag from /Users/gordanaristova/MyProjects/MyRpaProject/venv/lib/python3.10/site-packages/airflow/example_dags/example_python_operator.py
[2025-06-12T11:11:54.775+0200] {logging_mixin.py:190} INFO - [2025-06-12T11:11:54.775+0200] {example_python_operator.py:93} WARNING - The virtalenv_python example task requires virtualenv, please install it.
[2025-06-12T11:11:54.776+0200] {processor.py:925} INFO - DAG(s) 'example_python_operator' retrieved from /Users/gordanaristova/MyProjects/MyRpaProject/venv/lib/python3.10/site-packages/airflow/example_dags/example_python_operator.py
[2025-06-12T11:11:54.803+0200] {logging_mixin.py:190} INFO - [2025-06-12T11:11:54.803+0200] {dag.py:3239} INFO - Sync 1 DAGs
[2025-06-12T11:11:54.806+0200] {logging_mixin.py:190} INFO - [2025-06-12T11:11:54.806+0200] {dag.py:4180} INFO - Setting next_dagrun for example_python_operator to None, run_after=None
[2025-06-12T11:11:54.810+0200] {processor.py:208} INFO - Processing /Users/gordanaristova/MyProjects/MyRpaProject/venv/lib/python3.10/site-packages/airflow/example_dags/example_python_operator.py took 0.044 seconds
[2025-06-12T11:13:22.417+0200] {processor.py:186} INFO - Started process (PID=9856) to work on /Users/gordanaristova/MyProjects/MyRpaProject/venv/lib/python3.10/site-packages/airflow/example_dags/example_python_operator.py
[2025-06-12T11:13:22.418+0200] {processor.py:914} INFO - Processing file /Users/gordanaristova/MyProjects/MyRpaProject/venv/lib/python3.10/site-packages/airflow/example_dags/example_python_operator.py for tasks to queue
[2025-06-12T11:13:22.418+0200] {logging_mixin.py:190} INFO - [2025-06-12T11:13:22.418+0200] {dagbag.py:588} INFO - Filling up the DagBag from /Users/gordanaristova/MyProjects/MyRpaProject/venv/lib/python3.10/site-packages/airflow/example_dags/example_python_operator.py
[2025-06-12T11:13:22.425+0200] {logging_mixin.py:190} INFO - [2025-06-12T11:13:22.425+0200] {example_python_operator.py:93} WARNING - The virtalenv_python example task requires virtualenv, please install it.
[2025-06-12T11:13:22.426+0200] {processor.py:925} INFO - DAG(s) 'example_python_operator' retrieved from /Users/gordanaristova/MyProjects/MyRpaProject/venv/lib/python3.10/site-packages/airflow/example_dags/example_python_operator.py
[2025-06-12T11:13:22.454+0200] {logging_mixin.py:190} INFO - [2025-06-12T11:13:22.454+0200] {dag.py:3239} INFO - Sync 1 DAGs
[2025-06-12T11:13:22.457+0200] {logging_mixin.py:190} INFO - [2025-06-12T11:13:22.457+0200] {dag.py:4180} INFO - Setting next_dagrun for example_python_operator to None, run_after=None
[2025-06-12T11:13:22.462+0200] {processor.py:208} INFO - Processing /Users/gordanaristova/MyProjects/MyRpaProject/venv/lib/python3.10/site-packages/airflow/example_dags/example_python_operator.py took 0.045 seconds
[2025-06-12T11:21:59.449+0200] {processor.py:186} INFO - Started process (PID=10055) to work on /Users/gordanaristova/MyProjects/MyRpaProject/venv/lib/python3.10/site-packages/airflow/example_dags/example_python_operator.py
[2025-06-12T11:21:59.450+0200] {processor.py:914} INFO - Processing file /Users/gordanaristova/MyProjects/MyRpaProject/venv/lib/python3.10/site-packages/airflow/example_dags/example_python_operator.py for tasks to queue
[2025-06-12T11:21:59.450+0200] {logging_mixin.py:190} INFO - [2025-06-12T11:21:59.450+0200] {dagbag.py:588} INFO - Filling up the DagBag from /Users/gordanaristova/MyProjects/MyRpaProject/venv/lib/python3.10/site-packages/airflow/example_dags/example_python_operator.py
[2025-06-12T11:21:59.457+0200] {logging_mixin.py:190} INFO - [2025-06-12T11:21:59.457+0200] {example_python_operator.py:93} WARNING - The virtalenv_python example task requires virtualenv, please install it.
[2025-06-12T11:21:59.459+0200] {processor.py:925} INFO - DAG(s) 'example_python_operator' retrieved from /Users/gordanaristova/MyProjects/MyRpaProject/venv/lib/python3.10/site-packages/airflow/example_dags/example_python_operator.py
[2025-06-12T11:21:59.487+0200] {logging_mixin.py:190} INFO - [2025-06-12T11:21:59.487+0200] {dag.py:3239} INFO - Sync 1 DAGs
[2025-06-12T11:21:59.490+0200] {logging_mixin.py:190} INFO - [2025-06-12T11:21:59.490+0200] {dag.py:4180} INFO - Setting next_dagrun for example_python_operator to None, run_after=None
[2025-06-12T11:21:59.495+0200] {processor.py:208} INFO - Processing /Users/gordanaristova/MyProjects/MyRpaProject/venv/lib/python3.10/site-packages/airflow/example_dags/example_python_operator.py took 0.047 seconds
[2025-06-12T11:23:26.228+0200] {processor.py:186} INFO - Started process (PID=10143) to work on /Users/gordanaristova/MyProjects/MyRpaProject/venv/lib/python3.10/site-packages/airflow/example_dags/example_python_operator.py
[2025-06-12T11:23:26.228+0200] {processor.py:914} INFO - Processing file /Users/gordanaristova/MyProjects/MyRpaProject/venv/lib/python3.10/site-packages/airflow/example_dags/example_python_operator.py for tasks to queue
[2025-06-12T11:23:26.228+0200] {logging_mixin.py:190} INFO - [2025-06-12T11:23:26.228+0200] {dagbag.py:588} INFO - Filling up the DagBag from /Users/gordanaristova/MyProjects/MyRpaProject/venv/lib/python3.10/site-packages/airflow/example_dags/example_python_operator.py
[2025-06-12T11:23:26.236+0200] {logging_mixin.py:190} INFO - [2025-06-12T11:23:26.235+0200] {example_python_operator.py:93} WARNING - The virtalenv_python example task requires virtualenv, please install it.
[2025-06-12T11:23:26.237+0200] {processor.py:925} INFO - DAG(s) 'example_python_operator' retrieved from /Users/gordanaristova/MyProjects/MyRpaProject/venv/lib/python3.10/site-packages/airflow/example_dags/example_python_operator.py
[2025-06-12T11:23:26.266+0200] {logging_mixin.py:190} INFO - [2025-06-12T11:23:26.266+0200] {dag.py:3239} INFO - Sync 1 DAGs
[2025-06-12T11:23:26.269+0200] {logging_mixin.py:190} INFO - [2025-06-12T11:23:26.269+0200] {dag.py:4180} INFO - Setting next_dagrun for example_python_operator to None, run_after=None
[2025-06-12T11:23:26.274+0200] {processor.py:208} INFO - Processing /Users/gordanaristova/MyProjects/MyRpaProject/venv/lib/python3.10/site-packages/airflow/example_dags/example_python_operator.py took 0.047 seconds
[2025-06-12T11:41:15.421+0200] {processor.py:186} INFO - Started process (PID=10421) to work on /Users/gordanaristova/MyProjects/MyRpaProject/venv/lib/python3.10/site-packages/airflow/example_dags/example_python_operator.py
[2025-06-12T11:41:15.422+0200] {processor.py:914} INFO - Processing file /Users/gordanaristova/MyProjects/MyRpaProject/venv/lib/python3.10/site-packages/airflow/example_dags/example_python_operator.py for tasks to queue
[2025-06-12T11:41:15.422+0200] {logging_mixin.py:190} INFO - [2025-06-12T11:41:15.422+0200] {dagbag.py:588} INFO - Filling up the DagBag from /Users/gordanaristova/MyProjects/MyRpaProject/venv/lib/python3.10/site-packages/airflow/example_dags/example_python_operator.py
[2025-06-12T11:41:15.429+0200] {logging_mixin.py:190} INFO - [2025-06-12T11:41:15.429+0200] {example_python_operator.py:93} WARNING - The virtalenv_python example task requires virtualenv, please install it.
[2025-06-12T11:41:15.431+0200] {processor.py:925} INFO - DAG(s) 'example_python_operator' retrieved from /Users/gordanaristova/MyProjects/MyRpaProject/venv/lib/python3.10/site-packages/airflow/example_dags/example_python_operator.py
[2025-06-12T11:41:15.458+0200] {logging_mixin.py:190} INFO - [2025-06-12T11:41:15.458+0200] {dag.py:3239} INFO - Sync 1 DAGs
[2025-06-12T11:41:15.461+0200] {logging_mixin.py:190} INFO - [2025-06-12T11:41:15.461+0200] {dag.py:4180} INFO - Setting next_dagrun for example_python_operator to None, run_after=None
[2025-06-12T11:41:15.466+0200] {processor.py:208} INFO - Processing /Users/gordanaristova/MyProjects/MyRpaProject/venv/lib/python3.10/site-packages/airflow/example_dags/example_python_operator.py took 0.045 seconds
[2025-06-12T11:42:40.261+0200] {processor.py:186} INFO - Started process (PID=10506) to work on /Users/gordanaristova/MyProjects/MyRpaProject/venv/lib/python3.10/site-packages/airflow/example_dags/example_python_operator.py
[2025-06-12T11:42:40.262+0200] {processor.py:914} INFO - Processing file /Users/gordanaristova/MyProjects/MyRpaProject/venv/lib/python3.10/site-packages/airflow/example_dags/example_python_operator.py for tasks to queue
[2025-06-12T11:42:40.262+0200] {logging_mixin.py:190} INFO - [2025-06-12T11:42:40.262+0200] {dagbag.py:588} INFO - Filling up the DagBag from /Users/gordanaristova/MyProjects/MyRpaProject/venv/lib/python3.10/site-packages/airflow/example_dags/example_python_operator.py
[2025-06-12T11:42:40.269+0200] {logging_mixin.py:190} INFO - [2025-06-12T11:42:40.269+0200] {example_python_operator.py:93} WARNING - The virtalenv_python example task requires virtualenv, please install it.
[2025-06-12T11:42:40.270+0200] {processor.py:925} INFO - DAG(s) 'example_python_operator' retrieved from /Users/gordanaristova/MyProjects/MyRpaProject/venv/lib/python3.10/site-packages/airflow/example_dags/example_python_operator.py
[2025-06-12T11:42:40.298+0200] {logging_mixin.py:190} INFO - [2025-06-12T11:42:40.298+0200] {dag.py:3239} INFO - Sync 1 DAGs
[2025-06-12T11:42:40.301+0200] {logging_mixin.py:190} INFO - [2025-06-12T11:42:40.301+0200] {dag.py:4180} INFO - Setting next_dagrun for example_python_operator to None, run_after=None
[2025-06-12T11:42:40.305+0200] {processor.py:208} INFO - Processing /Users/gordanaristova/MyProjects/MyRpaProject/venv/lib/python3.10/site-packages/airflow/example_dags/example_python_operator.py took 0.045 seconds
[2025-06-12T11:50:05.631+0200] {processor.py:186} INFO - Started process (PID=10643) to work on /Users/gordanaristova/MyProjects/MyRpaProject/venv/lib/python3.10/site-packages/airflow/example_dags/example_python_operator.py
[2025-06-12T11:50:05.632+0200] {processor.py:914} INFO - Processing file /Users/gordanaristova/MyProjects/MyRpaProject/venv/lib/python3.10/site-packages/airflow/example_dags/example_python_operator.py for tasks to queue
[2025-06-12T11:50:05.633+0200] {logging_mixin.py:190} INFO - [2025-06-12T11:50:05.633+0200] {dagbag.py:588} INFO - Filling up the DagBag from /Users/gordanaristova/MyProjects/MyRpaProject/venv/lib/python3.10/site-packages/airflow/example_dags/example_python_operator.py
[2025-06-12T11:50:05.640+0200] {logging_mixin.py:190} INFO - [2025-06-12T11:50:05.640+0200] {example_python_operator.py:93} WARNING - The virtalenv_python example task requires virtualenv, please install it.
[2025-06-12T11:50:05.641+0200] {processor.py:925} INFO - DAG(s) 'example_python_operator' retrieved from /Users/gordanaristova/MyProjects/MyRpaProject/venv/lib/python3.10/site-packages/airflow/example_dags/example_python_operator.py
[2025-06-12T11:50:05.669+0200] {logging_mixin.py:190} INFO - [2025-06-12T11:50:05.669+0200] {dag.py:3239} INFO - Sync 1 DAGs
[2025-06-12T11:50:05.672+0200] {logging_mixin.py:190} INFO - [2025-06-12T11:50:05.672+0200] {dag.py:4180} INFO - Setting next_dagrun for example_python_operator to None, run_after=None
[2025-06-12T11:50:05.677+0200] {processor.py:208} INFO - Processing /Users/gordanaristova/MyProjects/MyRpaProject/venv/lib/python3.10/site-packages/airflow/example_dags/example_python_operator.py took 0.046 seconds
[2025-06-12T11:51:30.925+0200] {processor.py:186} INFO - Started process (PID=10730) to work on /Users/gordanaristova/MyProjects/MyRpaProject/venv/lib/python3.10/site-packages/airflow/example_dags/example_python_operator.py
[2025-06-12T11:51:30.926+0200] {processor.py:914} INFO - Processing file /Users/gordanaristova/MyProjects/MyRpaProject/venv/lib/python3.10/site-packages/airflow/example_dags/example_python_operator.py for tasks to queue
[2025-06-12T11:51:30.926+0200] {logging_mixin.py:190} INFO - [2025-06-12T11:51:30.926+0200] {dagbag.py:588} INFO - Filling up the DagBag from /Users/gordanaristova/MyProjects/MyRpaProject/venv/lib/python3.10/site-packages/airflow/example_dags/example_python_operator.py
[2025-06-12T11:51:30.933+0200] {logging_mixin.py:190} INFO - [2025-06-12T11:51:30.933+0200] {example_python_operator.py:93} WARNING - The virtalenv_python example task requires virtualenv, please install it.
[2025-06-12T11:51:30.934+0200] {processor.py:925} INFO - DAG(s) 'example_python_operator' retrieved from /Users/gordanaristova/MyProjects/MyRpaProject/venv/lib/python3.10/site-packages/airflow/example_dags/example_python_operator.py
[2025-06-12T11:51:30.962+0200] {logging_mixin.py:190} INFO - [2025-06-12T11:51:30.962+0200] {dag.py:3239} INFO - Sync 1 DAGs
[2025-06-12T11:51:30.965+0200] {logging_mixin.py:190} INFO - [2025-06-12T11:51:30.965+0200] {dag.py:4180} INFO - Setting next_dagrun for example_python_operator to None, run_after=None
[2025-06-12T11:51:30.969+0200] {processor.py:208} INFO - Processing /Users/gordanaristova/MyProjects/MyRpaProject/venv/lib/python3.10/site-packages/airflow/example_dags/example_python_operator.py took 0.045 seconds
[2025-06-12T11:53:17.713+0200] {processor.py:186} INFO - Started process (PID=10835) to work on /Users/gordanaristova/MyProjects/MyRpaProject/venv/lib/python3.10/site-packages/airflow/example_dags/example_python_operator.py
[2025-06-12T11:53:17.714+0200] {processor.py:914} INFO - Processing file /Users/gordanaristova/MyProjects/MyRpaProject/venv/lib/python3.10/site-packages/airflow/example_dags/example_python_operator.py for tasks to queue
[2025-06-12T11:53:17.714+0200] {logging_mixin.py:190} INFO - [2025-06-12T11:53:17.714+0200] {dagbag.py:588} INFO - Filling up the DagBag from /Users/gordanaristova/MyProjects/MyRpaProject/venv/lib/python3.10/site-packages/airflow/example_dags/example_python_operator.py
[2025-06-12T11:53:17.721+0200] {logging_mixin.py:190} INFO - [2025-06-12T11:53:17.721+0200] {example_python_operator.py:93} WARNING - The virtalenv_python example task requires virtualenv, please install it.
[2025-06-12T11:53:17.722+0200] {processor.py:925} INFO - DAG(s) 'example_python_operator' retrieved from /Users/gordanaristova/MyProjects/MyRpaProject/venv/lib/python3.10/site-packages/airflow/example_dags/example_python_operator.py
[2025-06-12T11:53:17.750+0200] {logging_mixin.py:190} INFO - [2025-06-12T11:53:17.750+0200] {dag.py:3239} INFO - Sync 1 DAGs
[2025-06-12T11:53:17.753+0200] {logging_mixin.py:190} INFO - [2025-06-12T11:53:17.753+0200] {dag.py:4180} INFO - Setting next_dagrun for example_python_operator to None, run_after=None
[2025-06-12T11:53:17.758+0200] {processor.py:208} INFO - Processing /Users/gordanaristova/MyProjects/MyRpaProject/venv/lib/python3.10/site-packages/airflow/example_dags/example_python_operator.py took 0.045 seconds
[2025-06-12T11:55:05.098+0200] {processor.py:186} INFO - Started process (PID=10927) to work on /Users/gordanaristova/MyProjects/MyRpaProject/venv/lib/python3.10/site-packages/airflow/example_dags/example_python_operator.py
[2025-06-12T11:55:05.099+0200] {processor.py:914} INFO - Processing file /Users/gordanaristova/MyProjects/MyRpaProject/venv/lib/python3.10/site-packages/airflow/example_dags/example_python_operator.py for tasks to queue
[2025-06-12T11:55:05.099+0200] {logging_mixin.py:190} INFO - [2025-06-12T11:55:05.099+0200] {dagbag.py:588} INFO - Filling up the DagBag from /Users/gordanaristova/MyProjects/MyRpaProject/venv/lib/python3.10/site-packages/airflow/example_dags/example_python_operator.py
[2025-06-12T11:55:05.106+0200] {logging_mixin.py:190} INFO - [2025-06-12T11:55:05.106+0200] {example_python_operator.py:93} WARNING - The virtalenv_python example task requires virtualenv, please install it.
[2025-06-12T11:55:05.108+0200] {processor.py:925} INFO - DAG(s) 'example_python_operator' retrieved from /Users/gordanaristova/MyProjects/MyRpaProject/venv/lib/python3.10/site-packages/airflow/example_dags/example_python_operator.py
[2025-06-12T11:55:05.136+0200] {logging_mixin.py:190} INFO - [2025-06-12T11:55:05.136+0200] {dag.py:3239} INFO - Sync 1 DAGs
[2025-06-12T11:55:05.139+0200] {logging_mixin.py:190} INFO - [2025-06-12T11:55:05.139+0200] {dag.py:4180} INFO - Setting next_dagrun for example_python_operator to None, run_after=None
[2025-06-12T11:55:05.143+0200] {processor.py:208} INFO - Processing /Users/gordanaristova/MyProjects/MyRpaProject/venv/lib/python3.10/site-packages/airflow/example_dags/example_python_operator.py took 0.046 seconds
[2025-06-12T11:56:55.602+0200] {processor.py:186} INFO - Started process (PID=11047) to work on /Users/gordanaristova/MyProjects/MyRpaProject/venv/lib/python3.10/site-packages/airflow/example_dags/example_python_operator.py
[2025-06-12T11:56:55.602+0200] {processor.py:914} INFO - Processing file /Users/gordanaristova/MyProjects/MyRpaProject/venv/lib/python3.10/site-packages/airflow/example_dags/example_python_operator.py for tasks to queue
[2025-06-12T11:56:55.602+0200] {logging_mixin.py:190} INFO - [2025-06-12T11:56:55.602+0200] {dagbag.py:588} INFO - Filling up the DagBag from /Users/gordanaristova/MyProjects/MyRpaProject/venv/lib/python3.10/site-packages/airflow/example_dags/example_python_operator.py
[2025-06-12T11:56:55.610+0200] {logging_mixin.py:190} INFO - [2025-06-12T11:56:55.610+0200] {example_python_operator.py:93} WARNING - The virtalenv_python example task requires virtualenv, please install it.
[2025-06-12T11:56:55.611+0200] {processor.py:925} INFO - DAG(s) 'example_python_operator' retrieved from /Users/gordanaristova/MyProjects/MyRpaProject/venv/lib/python3.10/site-packages/airflow/example_dags/example_python_operator.py
[2025-06-12T11:56:55.640+0200] {logging_mixin.py:190} INFO - [2025-06-12T11:56:55.639+0200] {dag.py:3239} INFO - Sync 1 DAGs
[2025-06-12T11:56:55.642+0200] {logging_mixin.py:190} INFO - [2025-06-12T11:56:55.642+0200] {dag.py:4180} INFO - Setting next_dagrun for example_python_operator to None, run_after=None
[2025-06-12T11:56:55.647+0200] {processor.py:208} INFO - Processing /Users/gordanaristova/MyProjects/MyRpaProject/venv/lib/python3.10/site-packages/airflow/example_dags/example_python_operator.py took 0.046 seconds
[2025-06-12T13:14:51.551+0200] {processor.py:186} INFO - Started process (PID=13014) to work on /Users/gordanaristova/MyProjects/MyRpaProject/venv/lib/python3.10/site-packages/airflow/example_dags/example_python_operator.py
[2025-06-12T13:14:51.552+0200] {processor.py:914} INFO - Processing file /Users/gordanaristova/MyProjects/MyRpaProject/venv/lib/python3.10/site-packages/airflow/example_dags/example_python_operator.py for tasks to queue
[2025-06-12T13:14:51.553+0200] {logging_mixin.py:190} INFO - [2025-06-12T13:14:51.552+0200] {dagbag.py:588} INFO - Filling up the DagBag from /Users/gordanaristova/MyProjects/MyRpaProject/venv/lib/python3.10/site-packages/airflow/example_dags/example_python_operator.py
[2025-06-12T13:14:51.560+0200] {logging_mixin.py:190} INFO - [2025-06-12T13:14:51.560+0200] {example_python_operator.py:93} WARNING - The virtalenv_python example task requires virtualenv, please install it.
[2025-06-12T13:14:51.561+0200] {processor.py:925} INFO - DAG(s) 'example_python_operator' retrieved from /Users/gordanaristova/MyProjects/MyRpaProject/venv/lib/python3.10/site-packages/airflow/example_dags/example_python_operator.py
[2025-06-12T13:14:51.591+0200] {logging_mixin.py:190} INFO - [2025-06-12T13:14:51.591+0200] {dag.py:3239} INFO - Sync 1 DAGs
[2025-06-12T13:14:51.594+0200] {logging_mixin.py:190} INFO - [2025-06-12T13:14:51.594+0200] {dag.py:4180} INFO - Setting next_dagrun for example_python_operator to None, run_after=None
[2025-06-12T13:14:51.598+0200] {processor.py:208} INFO - Processing /Users/gordanaristova/MyProjects/MyRpaProject/venv/lib/python3.10/site-packages/airflow/example_dags/example_python_operator.py took 0.048 seconds
