[2025-06-12T10:37:03.614+0200] {processor.py:186} INFO - Started process (PID=8440) to work on /Users/gordanaristova/MyProjects/MyRpaProject/venv/lib/python3.10/site-packages/airflow/example_dags/example_params_trigger_ui.py
[2025-06-12T10:37:03.614+0200] {processor.py:914} INFO - Processing file /Users/gordanaristova/MyProjects/MyRpaProject/venv/lib/python3.10/site-packages/airflow/example_dags/example_params_trigger_ui.py for tasks to queue
[2025-06-12T10:37:03.615+0200] {logging_mixin.py:190} INFO - [2025-06-12T10:37:03.614+0200] {dagbag.py:588} INFO - Filling up the DagBag from /Users/gordanaristova/MyProjects/MyRpaProject/venv/lib/python3.10/site-packages/airflow/example_dags/example_params_trigger_ui.py
[2025-06-12T10:37:03.626+0200] {processor.py:925} INFO - DAG(s) 'example_params_trigger_ui' retrieved from /Users/gordanaristova/MyProjects/MyRpaProject/venv/lib/python3.10/site-packages/airflow/example_dags/example_params_trigger_ui.py
[2025-06-12T10:37:03.679+0200] {logging_mixin.py:190} INFO - [2025-06-12T10:37:03.679+0200] {override.py:1900} INFO - Created Permission View: can read on DAG:example_params_trigger_ui
[2025-06-12T10:37:03.681+0200] {logging_mixin.py:190} INFO - [2025-06-12T10:37:03.681+0200] {override.py:1900} INFO - Created Permission View: can edit on DAG:example_params_trigger_ui
[2025-06-12T10:37:03.683+0200] {logging_mixin.py:190} INFO - [2025-06-12T10:37:03.683+0200] {override.py:1900} INFO - Created Permission View: can delete on DAG:example_params_trigger_ui
[2025-06-12T10:37:03.684+0200] {logging_mixin.py:190} INFO - [2025-06-12T10:37:03.684+0200] {override.py:1900} INFO - Created Permission View: can read on DAG Run:example_params_trigger_ui
[2025-06-12T10:37:03.686+0200] {logging_mixin.py:190} INFO - [2025-06-12T10:37:03.686+0200] {override.py:1900} INFO - Created Permission View: can create on DAG Run:example_params_trigger_ui
[2025-06-12T10:37:03.687+0200] {logging_mixin.py:190} INFO - [2025-06-12T10:37:03.687+0200] {override.py:1900} INFO - Created Permission View: can delete on DAG Run:example_params_trigger_ui
[2025-06-12T10:37:03.688+0200] {logging_mixin.py:190} INFO - [2025-06-12T10:37:03.688+0200] {override.py:1900} INFO - Created Permission View: menu access on DAG Run:example_params_trigger_ui
[2025-06-12T10:37:03.688+0200] {logging_mixin.py:190} INFO - [2025-06-12T10:37:03.688+0200] {dag.py:3239} INFO - Sync 1 DAGs
[2025-06-12T10:37:03.691+0200] {logging_mixin.py:190} INFO - [2025-06-12T10:37:03.691+0200] {dag.py:3262} INFO - Creating ORM DAG for example_params_trigger_ui
[2025-06-12T10:37:03.691+0200] {logging_mixin.py:190} INFO - [2025-06-12T10:37:03.691+0200] {dag.py:4180} INFO - Setting next_dagrun for example_params_trigger_ui to None, run_after=None
[2025-06-12T10:37:03.696+0200] {processor.py:208} INFO - Processing /Users/gordanaristova/MyProjects/MyRpaProject/venv/lib/python3.10/site-packages/airflow/example_dags/example_params_trigger_ui.py took 0.083 seconds
[2025-06-12T10:38:28.936+0200] {processor.py:186} INFO - Started process (PID=8514) to work on /Users/gordanaristova/MyProjects/MyRpaProject/venv/lib/python3.10/site-packages/airflow/example_dags/example_params_trigger_ui.py
[2025-06-12T10:38:28.937+0200] {processor.py:914} INFO - Processing file /Users/gordanaristova/MyProjects/MyRpaProject/venv/lib/python3.10/site-packages/airflow/example_dags/example_params_trigger_ui.py for tasks to queue
[2025-06-12T10:38:28.938+0200] {logging_mixin.py:190} INFO - [2025-06-12T10:38:28.938+0200] {dagbag.py:588} INFO - Filling up the DagBag from /Users/gordanaristova/MyProjects/MyRpaProject/venv/lib/python3.10/site-packages/airflow/example_dags/example_params_trigger_ui.py
[2025-06-12T10:38:28.949+0200] {processor.py:925} INFO - DAG(s) 'example_params_trigger_ui' retrieved from /Users/gordanaristova/MyProjects/MyRpaProject/venv/lib/python3.10/site-packages/airflow/example_dags/example_params_trigger_ui.py
[2025-06-12T10:38:28.985+0200] {logging_mixin.py:190} INFO - [2025-06-12T10:38:28.985+0200] {dag.py:3239} INFO - Sync 1 DAGs
[2025-06-12T10:38:28.988+0200] {logging_mixin.py:190} INFO - [2025-06-12T10:38:28.988+0200] {dag.py:4180} INFO - Setting next_dagrun for example_params_trigger_ui to None, run_after=None
[2025-06-12T10:38:28.993+0200] {processor.py:208} INFO - Processing /Users/gordanaristova/MyProjects/MyRpaProject/venv/lib/python3.10/site-packages/airflow/example_dags/example_params_trigger_ui.py took 0.057 seconds
[2025-06-12T10:40:12.809+0200] {processor.py:186} INFO - Started process (PID=8598) to work on /Users/gordanaristova/MyProjects/MyRpaProject/venv/lib/python3.10/site-packages/airflow/example_dags/example_params_trigger_ui.py
[2025-06-12T10:40:12.809+0200] {processor.py:914} INFO - Processing file /Users/gordanaristova/MyProjects/MyRpaProject/venv/lib/python3.10/site-packages/airflow/example_dags/example_params_trigger_ui.py for tasks to queue
[2025-06-12T10:40:12.809+0200] {logging_mixin.py:190} INFO - [2025-06-12T10:40:12.809+0200] {dagbag.py:588} INFO - Filling up the DagBag from /Users/gordanaristova/MyProjects/MyRpaProject/venv/lib/python3.10/site-packages/airflow/example_dags/example_params_trigger_ui.py
[2025-06-12T10:40:12.821+0200] {processor.py:925} INFO - DAG(s) 'example_params_trigger_ui' retrieved from /Users/gordanaristova/MyProjects/MyRpaProject/venv/lib/python3.10/site-packages/airflow/example_dags/example_params_trigger_ui.py
[2025-06-12T10:40:12.855+0200] {logging_mixin.py:190} INFO - [2025-06-12T10:40:12.855+0200] {dag.py:3239} INFO - Sync 1 DAGs
[2025-06-12T10:40:12.858+0200] {logging_mixin.py:190} INFO - [2025-06-12T10:40:12.858+0200] {dag.py:4180} INFO - Setting next_dagrun for example_params_trigger_ui to None, run_after=None
[2025-06-12T10:40:12.863+0200] {processor.py:208} INFO - Processing /Users/gordanaristova/MyProjects/MyRpaProject/venv/lib/python3.10/site-packages/airflow/example_dags/example_params_trigger_ui.py took 0.055 seconds
[2025-06-12T10:41:58.309+0200] {processor.py:186} INFO - Started process (PID=8686) to work on /Users/gordanaristova/MyProjects/MyRpaProject/venv/lib/python3.10/site-packages/airflow/example_dags/example_params_trigger_ui.py
[2025-06-12T10:41:58.310+0200] {processor.py:914} INFO - Processing file /Users/gordanaristova/MyProjects/MyRpaProject/venv/lib/python3.10/site-packages/airflow/example_dags/example_params_trigger_ui.py for tasks to queue
[2025-06-12T10:41:58.310+0200] {logging_mixin.py:190} INFO - [2025-06-12T10:41:58.310+0200] {dagbag.py:588} INFO - Filling up the DagBag from /Users/gordanaristova/MyProjects/MyRpaProject/venv/lib/python3.10/site-packages/airflow/example_dags/example_params_trigger_ui.py
[2025-06-12T10:41:58.321+0200] {processor.py:925} INFO - DAG(s) 'example_params_trigger_ui' retrieved from /Users/gordanaristova/MyProjects/MyRpaProject/venv/lib/python3.10/site-packages/airflow/example_dags/example_params_trigger_ui.py
[2025-06-12T10:41:58.356+0200] {logging_mixin.py:190} INFO - [2025-06-12T10:41:58.356+0200] {dag.py:3239} INFO - Sync 1 DAGs
[2025-06-12T10:41:58.359+0200] {logging_mixin.py:190} INFO - [2025-06-12T10:41:58.359+0200] {dag.py:4180} INFO - Setting next_dagrun for example_params_trigger_ui to None, run_after=None
[2025-06-12T10:41:58.363+0200] {processor.py:208} INFO - Processing /Users/gordanaristova/MyProjects/MyRpaProject/venv/lib/python3.10/site-packages/airflow/example_dags/example_params_trigger_ui.py took 0.055 seconds
[2025-06-12T10:43:44.601+0200] {processor.py:186} INFO - Started process (PID=8837) to work on /Users/gordanaristova/MyProjects/MyRpaProject/venv/lib/python3.10/site-packages/airflow/example_dags/example_params_trigger_ui.py
[2025-06-12T10:43:44.602+0200] {processor.py:914} INFO - Processing file /Users/gordanaristova/MyProjects/MyRpaProject/venv/lib/python3.10/site-packages/airflow/example_dags/example_params_trigger_ui.py for tasks to queue
[2025-06-12T10:43:44.602+0200] {logging_mixin.py:190} INFO - [2025-06-12T10:43:44.602+0200] {dagbag.py:588} INFO - Filling up the DagBag from /Users/gordanaristova/MyProjects/MyRpaProject/venv/lib/python3.10/site-packages/airflow/example_dags/example_params_trigger_ui.py
[2025-06-12T10:43:44.615+0200] {processor.py:925} INFO - DAG(s) 'example_params_trigger_ui' retrieved from /Users/gordanaristova/MyProjects/MyRpaProject/venv/lib/python3.10/site-packages/airflow/example_dags/example_params_trigger_ui.py
[2025-06-12T10:43:44.652+0200] {logging_mixin.py:190} INFO - [2025-06-12T10:43:44.651+0200] {dag.py:3239} INFO - Sync 1 DAGs
[2025-06-12T10:43:44.655+0200] {logging_mixin.py:190} INFO - [2025-06-12T10:43:44.655+0200] {dag.py:4180} INFO - Setting next_dagrun for example_params_trigger_ui to None, run_after=None
[2025-06-12T10:43:44.659+0200] {processor.py:208} INFO - Processing /Users/gordanaristova/MyProjects/MyRpaProject/venv/lib/python3.10/site-packages/airflow/example_dags/example_params_trigger_ui.py took 0.059 seconds
[2025-06-12T10:45:30.659+0200] {processor.py:186} INFO - Started process (PID=8921) to work on /Users/gordanaristova/MyProjects/MyRpaProject/venv/lib/python3.10/site-packages/airflow/example_dags/example_params_trigger_ui.py
[2025-06-12T10:45:30.660+0200] {processor.py:914} INFO - Processing file /Users/gordanaristova/MyProjects/MyRpaProject/venv/lib/python3.10/site-packages/airflow/example_dags/example_params_trigger_ui.py for tasks to queue
[2025-06-12T10:45:30.660+0200] {logging_mixin.py:190} INFO - [2025-06-12T10:45:30.660+0200] {dagbag.py:588} INFO - Filling up the DagBag from /Users/gordanaristova/MyProjects/MyRpaProject/venv/lib/python3.10/site-packages/airflow/example_dags/example_params_trigger_ui.py
[2025-06-12T10:45:30.672+0200] {processor.py:925} INFO - DAG(s) 'example_params_trigger_ui' retrieved from /Users/gordanaristova/MyProjects/MyRpaProject/venv/lib/python3.10/site-packages/airflow/example_dags/example_params_trigger_ui.py
[2025-06-12T10:45:30.708+0200] {logging_mixin.py:190} INFO - [2025-06-12T10:45:30.708+0200] {dag.py:3239} INFO - Sync 1 DAGs
[2025-06-12T10:45:30.711+0200] {logging_mixin.py:190} INFO - [2025-06-12T10:45:30.711+0200] {dag.py:4180} INFO - Setting next_dagrun for example_params_trigger_ui to None, run_after=None
[2025-06-12T10:45:30.716+0200] {processor.py:208} INFO - Processing /Users/gordanaristova/MyProjects/MyRpaProject/venv/lib/python3.10/site-packages/airflow/example_dags/example_params_trigger_ui.py took 0.058 seconds
[2025-06-12T10:47:16.347+0200] {processor.py:186} INFO - Started process (PID=9042) to work on /Users/gordanaristova/MyProjects/MyRpaProject/venv/lib/python3.10/site-packages/airflow/example_dags/example_params_trigger_ui.py
[2025-06-12T10:47:16.348+0200] {processor.py:914} INFO - Processing file /Users/gordanaristova/MyProjects/MyRpaProject/venv/lib/python3.10/site-packages/airflow/example_dags/example_params_trigger_ui.py for tasks to queue
[2025-06-12T10:47:16.349+0200] {logging_mixin.py:190} INFO - [2025-06-12T10:47:16.349+0200] {dagbag.py:588} INFO - Filling up the DagBag from /Users/gordanaristova/MyProjects/MyRpaProject/venv/lib/python3.10/site-packages/airflow/example_dags/example_params_trigger_ui.py
[2025-06-12T10:47:16.360+0200] {processor.py:925} INFO - DAG(s) 'example_params_trigger_ui' retrieved from /Users/gordanaristova/MyProjects/MyRpaProject/venv/lib/python3.10/site-packages/airflow/example_dags/example_params_trigger_ui.py
[2025-06-12T10:47:16.395+0200] {logging_mixin.py:190} INFO - [2025-06-12T10:47:16.395+0200] {dag.py:3239} INFO - Sync 1 DAGs
[2025-06-12T10:47:16.398+0200] {logging_mixin.py:190} INFO - [2025-06-12T10:47:16.398+0200] {dag.py:4180} INFO - Setting next_dagrun for example_params_trigger_ui to None, run_after=None
[2025-06-12T10:47:16.403+0200] {processor.py:208} INFO - Processing /Users/gordanaristova/MyProjects/MyRpaProject/venv/lib/python3.10/site-packages/airflow/example_dags/example_params_trigger_ui.py took 0.056 seconds
[2025-06-12T10:49:09.079+0200] {processor.py:186} INFO - Started process (PID=9191) to work on /Users/gordanaristova/MyProjects/MyRpaProject/venv/lib/python3.10/site-packages/airflow/example_dags/example_params_trigger_ui.py
[2025-06-12T10:49:09.080+0200] {processor.py:914} INFO - Processing file /Users/gordanaristova/MyProjects/MyRpaProject/venv/lib/python3.10/site-packages/airflow/example_dags/example_params_trigger_ui.py for tasks to queue
[2025-06-12T10:49:09.080+0200] {logging_mixin.py:190} INFO - [2025-06-12T10:49:09.080+0200] {dagbag.py:588} INFO - Filling up the DagBag from /Users/gordanaristova/MyProjects/MyRpaProject/venv/lib/python3.10/site-packages/airflow/example_dags/example_params_trigger_ui.py
[2025-06-12T10:49:09.091+0200] {processor.py:925} INFO - DAG(s) 'example_params_trigger_ui' retrieved from /Users/gordanaristova/MyProjects/MyRpaProject/venv/lib/python3.10/site-packages/airflow/example_dags/example_params_trigger_ui.py
[2025-06-12T10:49:09.127+0200] {logging_mixin.py:190} INFO - [2025-06-12T10:49:09.127+0200] {dag.py:3239} INFO - Sync 1 DAGs
[2025-06-12T10:49:09.130+0200] {logging_mixin.py:190} INFO - [2025-06-12T10:49:09.130+0200] {dag.py:4180} INFO - Setting next_dagrun for example_params_trigger_ui to None, run_after=None
[2025-06-12T10:49:09.134+0200] {processor.py:208} INFO - Processing /Users/gordanaristova/MyProjects/MyRpaProject/venv/lib/python3.10/site-packages/airflow/example_dags/example_params_trigger_ui.py took 0.056 seconds
[2025-06-12T10:57:16.002+0200] {processor.py:186} INFO - Started process (PID=9450) to work on /Users/gordanaristova/MyProjects/MyRpaProject/venv/lib/python3.10/site-packages/airflow/example_dags/example_params_trigger_ui.py
[2025-06-12T10:57:16.003+0200] {processor.py:914} INFO - Processing file /Users/gordanaristova/MyProjects/MyRpaProject/venv/lib/python3.10/site-packages/airflow/example_dags/example_params_trigger_ui.py for tasks to queue
[2025-06-12T10:57:16.003+0200] {logging_mixin.py:190} INFO - [2025-06-12T10:57:16.003+0200] {dagbag.py:588} INFO - Filling up the DagBag from /Users/gordanaristova/MyProjects/MyRpaProject/venv/lib/python3.10/site-packages/airflow/example_dags/example_params_trigger_ui.py
[2025-06-12T10:57:16.014+0200] {processor.py:925} INFO - DAG(s) 'example_params_trigger_ui' retrieved from /Users/gordanaristova/MyProjects/MyRpaProject/venv/lib/python3.10/site-packages/airflow/example_dags/example_params_trigger_ui.py
[2025-06-12T10:57:16.048+0200] {logging_mixin.py:190} INFO - [2025-06-12T10:57:16.048+0200] {dag.py:3239} INFO - Sync 1 DAGs
[2025-06-12T10:57:16.051+0200] {logging_mixin.py:190} INFO - [2025-06-12T10:57:16.051+0200] {dag.py:4180} INFO - Setting next_dagrun for example_params_trigger_ui to None, run_after=None
[2025-06-12T10:57:16.056+0200] {processor.py:208} INFO - Processing /Users/gordanaristova/MyProjects/MyRpaProject/venv/lib/python3.10/site-packages/airflow/example_dags/example_params_trigger_ui.py took 0.055 seconds
[2025-06-12T11:12:00.388+0200] {processor.py:186} INFO - Started process (PID=9774) to work on /Users/gordanaristova/MyProjects/MyRpaProject/venv/lib/python3.10/site-packages/airflow/example_dags/example_params_trigger_ui.py
[2025-06-12T11:12:00.389+0200] {processor.py:914} INFO - Processing file /Users/gordanaristova/MyProjects/MyRpaProject/venv/lib/python3.10/site-packages/airflow/example_dags/example_params_trigger_ui.py for tasks to queue
[2025-06-12T11:12:00.389+0200] {logging_mixin.py:190} INFO - [2025-06-12T11:12:00.389+0200] {dagbag.py:588} INFO - Filling up the DagBag from /Users/gordanaristova/MyProjects/MyRpaProject/venv/lib/python3.10/site-packages/airflow/example_dags/example_params_trigger_ui.py
[2025-06-12T11:12:00.400+0200] {processor.py:925} INFO - DAG(s) 'example_params_trigger_ui' retrieved from /Users/gordanaristova/MyProjects/MyRpaProject/venv/lib/python3.10/site-packages/airflow/example_dags/example_params_trigger_ui.py
[2025-06-12T11:12:00.434+0200] {logging_mixin.py:190} INFO - [2025-06-12T11:12:00.434+0200] {dag.py:3239} INFO - Sync 1 DAGs
[2025-06-12T11:12:00.437+0200] {logging_mixin.py:190} INFO - [2025-06-12T11:12:00.437+0200] {dag.py:4180} INFO - Setting next_dagrun for example_params_trigger_ui to None, run_after=None
[2025-06-12T11:12:00.441+0200] {processor.py:208} INFO - Processing /Users/gordanaristova/MyProjects/MyRpaProject/venv/lib/python3.10/site-packages/airflow/example_dags/example_params_trigger_ui.py took 0.054 seconds
[2025-06-12T11:22:05.415+0200] {processor.py:186} INFO - Started process (PID=10059) to work on /Users/gordanaristova/MyProjects/MyRpaProject/venv/lib/python3.10/site-packages/airflow/example_dags/example_params_trigger_ui.py
[2025-06-12T11:22:05.416+0200] {processor.py:914} INFO - Processing file /Users/gordanaristova/MyProjects/MyRpaProject/venv/lib/python3.10/site-packages/airflow/example_dags/example_params_trigger_ui.py for tasks to queue
[2025-06-12T11:22:05.416+0200] {logging_mixin.py:190} INFO - [2025-06-12T11:22:05.416+0200] {dagbag.py:588} INFO - Filling up the DagBag from /Users/gordanaristova/MyProjects/MyRpaProject/venv/lib/python3.10/site-packages/airflow/example_dags/example_params_trigger_ui.py
[2025-06-12T11:22:05.427+0200] {processor.py:925} INFO - DAG(s) 'example_params_trigger_ui' retrieved from /Users/gordanaristova/MyProjects/MyRpaProject/venv/lib/python3.10/site-packages/airflow/example_dags/example_params_trigger_ui.py
[2025-06-12T11:22:05.462+0200] {logging_mixin.py:190} INFO - [2025-06-12T11:22:05.462+0200] {dag.py:3239} INFO - Sync 1 DAGs
[2025-06-12T11:22:05.465+0200] {logging_mixin.py:190} INFO - [2025-06-12T11:22:05.465+0200] {dag.py:4180} INFO - Setting next_dagrun for example_params_trigger_ui to None, run_after=None
[2025-06-12T11:22:05.469+0200] {processor.py:208} INFO - Processing /Users/gordanaristova/MyProjects/MyRpaProject/venv/lib/python3.10/site-packages/airflow/example_dags/example_params_trigger_ui.py took 0.055 seconds
[2025-06-12T11:23:32.889+0200] {processor.py:186} INFO - Started process (PID=10151) to work on /Users/gordanaristova/MyProjects/MyRpaProject/venv/lib/python3.10/site-packages/airflow/example_dags/example_params_trigger_ui.py
[2025-06-12T11:23:32.890+0200] {processor.py:914} INFO - Processing file /Users/gordanaristova/MyProjects/MyRpaProject/venv/lib/python3.10/site-packages/airflow/example_dags/example_params_trigger_ui.py for tasks to queue
[2025-06-12T11:23:32.891+0200] {logging_mixin.py:190} INFO - [2025-06-12T11:23:32.891+0200] {dagbag.py:588} INFO - Filling up the DagBag from /Users/gordanaristova/MyProjects/MyRpaProject/venv/lib/python3.10/site-packages/airflow/example_dags/example_params_trigger_ui.py
[2025-06-12T11:23:32.902+0200] {processor.py:925} INFO - DAG(s) 'example_params_trigger_ui' retrieved from /Users/gordanaristova/MyProjects/MyRpaProject/venv/lib/python3.10/site-packages/airflow/example_dags/example_params_trigger_ui.py
[2025-06-12T11:23:32.937+0200] {logging_mixin.py:190} INFO - [2025-06-12T11:23:32.937+0200] {dag.py:3239} INFO - Sync 1 DAGs
[2025-06-12T11:23:32.940+0200] {logging_mixin.py:190} INFO - [2025-06-12T11:23:32.940+0200] {dag.py:4180} INFO - Setting next_dagrun for example_params_trigger_ui to None, run_after=None
[2025-06-12T11:23:32.944+0200] {processor.py:208} INFO - Processing /Users/gordanaristova/MyProjects/MyRpaProject/venv/lib/python3.10/site-packages/airflow/example_dags/example_params_trigger_ui.py took 0.056 seconds
[2025-06-12T11:41:21.252+0200] {processor.py:186} INFO - Started process (PID=10425) to work on /Users/gordanaristova/MyProjects/MyRpaProject/venv/lib/python3.10/site-packages/airflow/example_dags/example_params_trigger_ui.py
[2025-06-12T11:41:21.253+0200] {processor.py:914} INFO - Processing file /Users/gordanaristova/MyProjects/MyRpaProject/venv/lib/python3.10/site-packages/airflow/example_dags/example_params_trigger_ui.py for tasks to queue
[2025-06-12T11:41:21.254+0200] {logging_mixin.py:190} INFO - [2025-06-12T11:41:21.254+0200] {dagbag.py:588} INFO - Filling up the DagBag from /Users/gordanaristova/MyProjects/MyRpaProject/venv/lib/python3.10/site-packages/airflow/example_dags/example_params_trigger_ui.py
[2025-06-12T11:41:21.265+0200] {processor.py:925} INFO - DAG(s) 'example_params_trigger_ui' retrieved from /Users/gordanaristova/MyProjects/MyRpaProject/venv/lib/python3.10/site-packages/airflow/example_dags/example_params_trigger_ui.py
[2025-06-12T11:41:21.300+0200] {logging_mixin.py:190} INFO - [2025-06-12T11:41:21.300+0200] {dag.py:3239} INFO - Sync 1 DAGs
[2025-06-12T11:41:21.303+0200] {logging_mixin.py:190} INFO - [2025-06-12T11:41:21.303+0200] {dag.py:4180} INFO - Setting next_dagrun for example_params_trigger_ui to None, run_after=None
[2025-06-12T11:41:21.309+0200] {processor.py:208} INFO - Processing /Users/gordanaristova/MyProjects/MyRpaProject/venv/lib/python3.10/site-packages/airflow/example_dags/example_params_trigger_ui.py took 0.057 seconds
[2025-06-12T11:42:46.083+0200] {processor.py:186} INFO - Started process (PID=10514) to work on /Users/gordanaristova/MyProjects/MyRpaProject/venv/lib/python3.10/site-packages/airflow/example_dags/example_params_trigger_ui.py
[2025-06-12T11:42:46.084+0200] {processor.py:914} INFO - Processing file /Users/gordanaristova/MyProjects/MyRpaProject/venv/lib/python3.10/site-packages/airflow/example_dags/example_params_trigger_ui.py for tasks to queue
[2025-06-12T11:42:46.084+0200] {logging_mixin.py:190} INFO - [2025-06-12T11:42:46.084+0200] {dagbag.py:588} INFO - Filling up the DagBag from /Users/gordanaristova/MyProjects/MyRpaProject/venv/lib/python3.10/site-packages/airflow/example_dags/example_params_trigger_ui.py
[2025-06-12T11:42:46.096+0200] {processor.py:925} INFO - DAG(s) 'example_params_trigger_ui' retrieved from /Users/gordanaristova/MyProjects/MyRpaProject/venv/lib/python3.10/site-packages/airflow/example_dags/example_params_trigger_ui.py
[2025-06-12T11:42:46.130+0200] {logging_mixin.py:190} INFO - [2025-06-12T11:42:46.130+0200] {dag.py:3239} INFO - Sync 1 DAGs
[2025-06-12T11:42:46.133+0200] {logging_mixin.py:190} INFO - [2025-06-12T11:42:46.133+0200] {dag.py:4180} INFO - Setting next_dagrun for example_params_trigger_ui to None, run_after=None
[2025-06-12T11:42:46.138+0200] {processor.py:208} INFO - Processing /Users/gordanaristova/MyProjects/MyRpaProject/venv/lib/python3.10/site-packages/airflow/example_dags/example_params_trigger_ui.py took 0.056 seconds
[2025-06-12T11:50:12.179+0200] {processor.py:186} INFO - Started process (PID=10649) to work on /Users/gordanaristova/MyProjects/MyRpaProject/venv/lib/python3.10/site-packages/airflow/example_dags/example_params_trigger_ui.py
[2025-06-12T11:50:12.180+0200] {processor.py:914} INFO - Processing file /Users/gordanaristova/MyProjects/MyRpaProject/venv/lib/python3.10/site-packages/airflow/example_dags/example_params_trigger_ui.py for tasks to queue
[2025-06-12T11:50:12.181+0200] {logging_mixin.py:190} INFO - [2025-06-12T11:50:12.181+0200] {dagbag.py:588} INFO - Filling up the DagBag from /Users/gordanaristova/MyProjects/MyRpaProject/venv/lib/python3.10/site-packages/airflow/example_dags/example_params_trigger_ui.py
[2025-06-12T11:50:12.192+0200] {processor.py:925} INFO - DAG(s) 'example_params_trigger_ui' retrieved from /Users/gordanaristova/MyProjects/MyRpaProject/venv/lib/python3.10/site-packages/airflow/example_dags/example_params_trigger_ui.py
[2025-06-12T11:50:12.226+0200] {logging_mixin.py:190} INFO - [2025-06-12T11:50:12.226+0200] {dag.py:3239} INFO - Sync 1 DAGs
[2025-06-12T11:50:12.229+0200] {logging_mixin.py:190} INFO - [2025-06-12T11:50:12.229+0200] {dag.py:4180} INFO - Setting next_dagrun for example_params_trigger_ui to None, run_after=None
[2025-06-12T11:50:12.233+0200] {processor.py:208} INFO - Processing /Users/gordanaristova/MyProjects/MyRpaProject/venv/lib/python3.10/site-packages/airflow/example_dags/example_params_trigger_ui.py took 0.055 seconds
[2025-06-12T11:51:36.517+0200] {processor.py:186} INFO - Started process (PID=10739) to work on /Users/gordanaristova/MyProjects/MyRpaProject/venv/lib/python3.10/site-packages/airflow/example_dags/example_params_trigger_ui.py
[2025-06-12T11:51:36.518+0200] {processor.py:914} INFO - Processing file /Users/gordanaristova/MyProjects/MyRpaProject/venv/lib/python3.10/site-packages/airflow/example_dags/example_params_trigger_ui.py for tasks to queue
[2025-06-12T11:51:36.518+0200] {logging_mixin.py:190} INFO - [2025-06-12T11:51:36.518+0200] {dagbag.py:588} INFO - Filling up the DagBag from /Users/gordanaristova/MyProjects/MyRpaProject/venv/lib/python3.10/site-packages/airflow/example_dags/example_params_trigger_ui.py
[2025-06-12T11:51:36.530+0200] {processor.py:925} INFO - DAG(s) 'example_params_trigger_ui' retrieved from /Users/gordanaristova/MyProjects/MyRpaProject/venv/lib/python3.10/site-packages/airflow/example_dags/example_params_trigger_ui.py
[2025-06-12T11:51:36.566+0200] {logging_mixin.py:190} INFO - [2025-06-12T11:51:36.566+0200] {dag.py:3239} INFO - Sync 1 DAGs
[2025-06-12T11:51:36.569+0200] {logging_mixin.py:190} INFO - [2025-06-12T11:51:36.569+0200] {dag.py:4180} INFO - Setting next_dagrun for example_params_trigger_ui to None, run_after=None
[2025-06-12T11:51:36.574+0200] {processor.py:208} INFO - Processing /Users/gordanaristova/MyProjects/MyRpaProject/venv/lib/python3.10/site-packages/airflow/example_dags/example_params_trigger_ui.py took 0.057 seconds
[2025-06-12T11:53:23.442+0200] {processor.py:186} INFO - Started process (PID=10839) to work on /Users/gordanaristova/MyProjects/MyRpaProject/venv/lib/python3.10/site-packages/airflow/example_dags/example_params_trigger_ui.py
[2025-06-12T11:53:23.442+0200] {processor.py:914} INFO - Processing file /Users/gordanaristova/MyProjects/MyRpaProject/venv/lib/python3.10/site-packages/airflow/example_dags/example_params_trigger_ui.py for tasks to queue
[2025-06-12T11:53:23.442+0200] {logging_mixin.py:190} INFO - [2025-06-12T11:53:23.442+0200] {dagbag.py:588} INFO - Filling up the DagBag from /Users/gordanaristova/MyProjects/MyRpaProject/venv/lib/python3.10/site-packages/airflow/example_dags/example_params_trigger_ui.py
[2025-06-12T11:53:23.454+0200] {processor.py:925} INFO - DAG(s) 'example_params_trigger_ui' retrieved from /Users/gordanaristova/MyProjects/MyRpaProject/venv/lib/python3.10/site-packages/airflow/example_dags/example_params_trigger_ui.py
[2025-06-12T11:53:23.488+0200] {logging_mixin.py:190} INFO - [2025-06-12T11:53:23.488+0200] {dag.py:3239} INFO - Sync 1 DAGs
[2025-06-12T11:53:23.491+0200] {logging_mixin.py:190} INFO - [2025-06-12T11:53:23.491+0200] {dag.py:4180} INFO - Setting next_dagrun for example_params_trigger_ui to None, run_after=None
[2025-06-12T11:53:23.496+0200] {processor.py:208} INFO - Processing /Users/gordanaristova/MyProjects/MyRpaProject/venv/lib/python3.10/site-packages/airflow/example_dags/example_params_trigger_ui.py took 0.055 seconds
[2025-06-12T11:55:11.444+0200] {processor.py:186} INFO - Started process (PID=10939) to work on /Users/gordanaristova/MyProjects/MyRpaProject/venv/lib/python3.10/site-packages/airflow/example_dags/example_params_trigger_ui.py
[2025-06-12T11:55:11.445+0200] {processor.py:914} INFO - Processing file /Users/gordanaristova/MyProjects/MyRpaProject/venv/lib/python3.10/site-packages/airflow/example_dags/example_params_trigger_ui.py for tasks to queue
[2025-06-12T11:55:11.445+0200] {logging_mixin.py:190} INFO - [2025-06-12T11:55:11.445+0200] {dagbag.py:588} INFO - Filling up the DagBag from /Users/gordanaristova/MyProjects/MyRpaProject/venv/lib/python3.10/site-packages/airflow/example_dags/example_params_trigger_ui.py
[2025-06-12T11:55:11.456+0200] {processor.py:925} INFO - DAG(s) 'example_params_trigger_ui' retrieved from /Users/gordanaristova/MyProjects/MyRpaProject/venv/lib/python3.10/site-packages/airflow/example_dags/example_params_trigger_ui.py
[2025-06-12T11:55:11.491+0200] {logging_mixin.py:190} INFO - [2025-06-12T11:55:11.491+0200] {dag.py:3239} INFO - Sync 1 DAGs
[2025-06-12T11:55:11.494+0200] {logging_mixin.py:190} INFO - [2025-06-12T11:55:11.494+0200] {dag.py:4180} INFO - Setting next_dagrun for example_params_trigger_ui to None, run_after=None
[2025-06-12T11:55:11.498+0200] {processor.py:208} INFO - Processing /Users/gordanaristova/MyProjects/MyRpaProject/venv/lib/python3.10/site-packages/airflow/example_dags/example_params_trigger_ui.py took 0.055 seconds
[2025-06-12T11:57:00.922+0200] {processor.py:186} INFO - Started process (PID=11057) to work on /Users/gordanaristova/MyProjects/MyRpaProject/venv/lib/python3.10/site-packages/airflow/example_dags/example_params_trigger_ui.py
[2025-06-12T11:57:00.923+0200] {processor.py:914} INFO - Processing file /Users/gordanaristova/MyProjects/MyRpaProject/venv/lib/python3.10/site-packages/airflow/example_dags/example_params_trigger_ui.py for tasks to queue
[2025-06-12T11:57:00.923+0200] {logging_mixin.py:190} INFO - [2025-06-12T11:57:00.923+0200] {dagbag.py:588} INFO - Filling up the DagBag from /Users/gordanaristova/MyProjects/MyRpaProject/venv/lib/python3.10/site-packages/airflow/example_dags/example_params_trigger_ui.py
[2025-06-12T11:57:00.936+0200] {processor.py:925} INFO - DAG(s) 'example_params_trigger_ui' retrieved from /Users/gordanaristova/MyProjects/MyRpaProject/venv/lib/python3.10/site-packages/airflow/example_dags/example_params_trigger_ui.py
[2025-06-12T11:57:00.975+0200] {logging_mixin.py:190} INFO - [2025-06-12T11:57:00.974+0200] {dag.py:3239} INFO - Sync 1 DAGs
[2025-06-12T11:57:00.978+0200] {logging_mixin.py:190} INFO - [2025-06-12T11:57:00.978+0200] {dag.py:4180} INFO - Setting next_dagrun for example_params_trigger_ui to None, run_after=None
[2025-06-12T11:57:00.983+0200] {processor.py:208} INFO - Processing /Users/gordanaristova/MyProjects/MyRpaProject/venv/lib/python3.10/site-packages/airflow/example_dags/example_params_trigger_ui.py took 0.062 seconds
[2025-06-12T13:14:57.749+0200] {processor.py:186} INFO - Started process (PID=13019) to work on /Users/gordanaristova/MyProjects/MyRpaProject/venv/lib/python3.10/site-packages/airflow/example_dags/example_params_trigger_ui.py
[2025-06-12T13:14:57.750+0200] {processor.py:914} INFO - Processing file /Users/gordanaristova/MyProjects/MyRpaProject/venv/lib/python3.10/site-packages/airflow/example_dags/example_params_trigger_ui.py for tasks to queue
[2025-06-12T13:14:57.750+0200] {logging_mixin.py:190} INFO - [2025-06-12T13:14:57.750+0200] {dagbag.py:588} INFO - Filling up the DagBag from /Users/gordanaristova/MyProjects/MyRpaProject/venv/lib/python3.10/site-packages/airflow/example_dags/example_params_trigger_ui.py
[2025-06-12T13:14:57.763+0200] {processor.py:925} INFO - DAG(s) 'example_params_trigger_ui' retrieved from /Users/gordanaristova/MyProjects/MyRpaProject/venv/lib/python3.10/site-packages/airflow/example_dags/example_params_trigger_ui.py
[2025-06-12T13:14:57.801+0200] {logging_mixin.py:190} INFO - [2025-06-12T13:14:57.801+0200] {dag.py:3239} INFO - Sync 1 DAGs
[2025-06-12T13:14:57.804+0200] {logging_mixin.py:190} INFO - [2025-06-12T13:14:57.804+0200] {dag.py:4180} INFO - Setting next_dagrun for example_params_trigger_ui to None, run_after=None
[2025-06-12T13:14:57.810+0200] {processor.py:208} INFO - Processing /Users/gordanaristova/MyProjects/MyRpaProject/venv/lib/python3.10/site-packages/airflow/example_dags/example_params_trigger_ui.py took 0.062 seconds
[2025-06-12T18:42:39.691+0200] {processor.py:186} INFO - Started process (PID=15673) to work on /Users/gordanaristova/MyProjects/MyRpaProject/venv/lib/python3.10/site-packages/airflow/example_dags/example_params_trigger_ui.py
[2025-06-12T18:42:39.692+0200] {processor.py:914} INFO - Processing file /Users/gordanaristova/MyProjects/MyRpaProject/venv/lib/python3.10/site-packages/airflow/example_dags/example_params_trigger_ui.py for tasks to queue
[2025-06-12T18:42:39.693+0200] {logging_mixin.py:190} INFO - [2025-06-12T18:42:39.693+0200] {dagbag.py:588} INFO - Filling up the DagBag from /Users/gordanaristova/MyProjects/MyRpaProject/venv/lib/python3.10/site-packages/airflow/example_dags/example_params_trigger_ui.py
[2025-06-12T18:42:39.705+0200] {processor.py:925} INFO - DAG(s) 'example_params_trigger_ui' retrieved from /Users/gordanaristova/MyProjects/MyRpaProject/venv/lib/python3.10/site-packages/airflow/example_dags/example_params_trigger_ui.py
[2025-06-12T18:42:39.742+0200] {logging_mixin.py:190} INFO - [2025-06-12T18:42:39.742+0200] {dag.py:3239} INFO - Sync 1 DAGs
[2025-06-12T18:42:39.745+0200] {logging_mixin.py:190} INFO - [2025-06-12T18:42:39.745+0200] {dag.py:4180} INFO - Setting next_dagrun for example_params_trigger_ui to None, run_after=None
[2025-06-12T18:42:39.751+0200] {processor.py:208} INFO - Processing /Users/gordanaristova/MyProjects/MyRpaProject/venv/lib/python3.10/site-packages/airflow/example_dags/example_params_trigger_ui.py took 0.060 seconds
[2025-06-12T18:55:37.106+0200] {processor.py:186} INFO - Started process (PID=15993) to work on /Users/gordanaristova/MyProjects/MyRpaProject/venv/lib/python3.10/site-packages/airflow/example_dags/example_params_trigger_ui.py
[2025-06-12T18:55:37.107+0200] {processor.py:914} INFO - Processing file /Users/gordanaristova/MyProjects/MyRpaProject/venv/lib/python3.10/site-packages/airflow/example_dags/example_params_trigger_ui.py for tasks to queue
[2025-06-12T18:55:37.107+0200] {logging_mixin.py:190} INFO - [2025-06-12T18:55:37.107+0200] {dagbag.py:588} INFO - Filling up the DagBag from /Users/gordanaristova/MyProjects/MyRpaProject/venv/lib/python3.10/site-packages/airflow/example_dags/example_params_trigger_ui.py
[2025-06-12T18:55:37.119+0200] {processor.py:925} INFO - DAG(s) 'example_params_trigger_ui' retrieved from /Users/gordanaristova/MyProjects/MyRpaProject/venv/lib/python3.10/site-packages/airflow/example_dags/example_params_trigger_ui.py
[2025-06-12T18:55:37.155+0200] {logging_mixin.py:190} INFO - [2025-06-12T18:55:37.155+0200] {dag.py:3239} INFO - Sync 1 DAGs
[2025-06-12T18:55:37.159+0200] {logging_mixin.py:190} INFO - [2025-06-12T18:55:37.159+0200] {dag.py:4180} INFO - Setting next_dagrun for example_params_trigger_ui to None, run_after=None
[2025-06-12T18:55:37.163+0200] {processor.py:208} INFO - Processing /Users/gordanaristova/MyProjects/MyRpaProject/venv/lib/python3.10/site-packages/airflow/example_dags/example_params_trigger_ui.py took 0.058 seconds
[2025-06-12T19:00:44.207+0200] {processor.py:186} INFO - Started process (PID=16139) to work on /Users/gordanaristova/MyProjects/MyRpaProject/venv/lib/python3.10/site-packages/airflow/example_dags/example_params_trigger_ui.py
[2025-06-12T19:00:44.208+0200] {processor.py:914} INFO - Processing file /Users/gordanaristova/MyProjects/MyRpaProject/venv/lib/python3.10/site-packages/airflow/example_dags/example_params_trigger_ui.py for tasks to queue
[2025-06-12T19:00:44.209+0200] {logging_mixin.py:190} INFO - [2025-06-12T19:00:44.209+0200] {dagbag.py:588} INFO - Filling up the DagBag from /Users/gordanaristova/MyProjects/MyRpaProject/venv/lib/python3.10/site-packages/airflow/example_dags/example_params_trigger_ui.py
[2025-06-12T19:00:44.221+0200] {processor.py:925} INFO - DAG(s) 'example_params_trigger_ui' retrieved from /Users/gordanaristova/MyProjects/MyRpaProject/venv/lib/python3.10/site-packages/airflow/example_dags/example_params_trigger_ui.py
[2025-06-12T19:00:44.257+0200] {logging_mixin.py:190} INFO - [2025-06-12T19:00:44.257+0200] {dag.py:3239} INFO - Sync 1 DAGs
[2025-06-12T19:00:44.260+0200] {logging_mixin.py:190} INFO - [2025-06-12T19:00:44.260+0200] {dag.py:4180} INFO - Setting next_dagrun for example_params_trigger_ui to None, run_after=None
[2025-06-12T19:00:44.265+0200] {processor.py:208} INFO - Processing /Users/gordanaristova/MyProjects/MyRpaProject/venv/lib/python3.10/site-packages/airflow/example_dags/example_params_trigger_ui.py took 0.059 seconds
[2025-06-12T19:11:20.555+0200] {processor.py:186} INFO - Started process (PID=16470) to work on /Users/gordanaristova/MyProjects/MyRpaProject/venv/lib/python3.10/site-packages/airflow/example_dags/example_params_trigger_ui.py
[2025-06-12T19:11:20.556+0200] {processor.py:914} INFO - Processing file /Users/gordanaristova/MyProjects/MyRpaProject/venv/lib/python3.10/site-packages/airflow/example_dags/example_params_trigger_ui.py for tasks to queue
[2025-06-12T19:11:20.556+0200] {logging_mixin.py:190} INFO - [2025-06-12T19:11:20.556+0200] {dagbag.py:588} INFO - Filling up the DagBag from /Users/gordanaristova/MyProjects/MyRpaProject/venv/lib/python3.10/site-packages/airflow/example_dags/example_params_trigger_ui.py
[2025-06-12T19:11:20.568+0200] {processor.py:925} INFO - DAG(s) 'example_params_trigger_ui' retrieved from /Users/gordanaristova/MyProjects/MyRpaProject/venv/lib/python3.10/site-packages/airflow/example_dags/example_params_trigger_ui.py
[2025-06-12T19:11:20.604+0200] {logging_mixin.py:190} INFO - [2025-06-12T19:11:20.604+0200] {dag.py:3239} INFO - Sync 1 DAGs
[2025-06-12T19:11:20.607+0200] {logging_mixin.py:190} INFO - [2025-06-12T19:11:20.607+0200] {dag.py:4180} INFO - Setting next_dagrun for example_params_trigger_ui to None, run_after=None
[2025-06-12T19:11:20.612+0200] {processor.py:208} INFO - Processing /Users/gordanaristova/MyProjects/MyRpaProject/venv/lib/python3.10/site-packages/airflow/example_dags/example_params_trigger_ui.py took 0.057 seconds
