[2025-06-12T10:36:43.400+0200] {processor.py:186} INFO - Started process (PID=8421) to work on /Users/gordanaristova/MyProjects/MyRpaProject/venv/lib/python3.10/site-packages/airflow/example_dags/example_subdag_operator.py
[2025-06-12T10:36:43.400+0200] {processor.py:914} INFO - Processing file /Users/gordanaristova/MyProjects/MyRpaProject/venv/lib/python3.10/site-packages/airflow/example_dags/example_subdag_operator.py for tasks to queue
[2025-06-12T10:36:43.401+0200] {logging_mixin.py:190} INFO - [2025-06-12T10:36:43.401+0200] {dagbag.py:588} INFO - Filling up the DagBag from /Users/gordanaristova/MyProjects/MyRpaProject/venv/lib/python3.10/site-packages/airflow/example_dags/example_subdag_operator.py
[2025-06-12T10:36:43.431+0200] {processor.py:925} INFO - DAG(s) 'example_subdag_operator.section-1', 'example_subdag_operator.section-2', 'example_subdag_operator' retrieved from /Users/gordanaristova/MyProjects/MyRpaProject/venv/lib/python3.10/site-packages/airflow/example_dags/example_subdag_operator.py
[2025-06-12T10:36:43.613+0200] {logging_mixin.py:190} INFO - [2025-06-12T10:36:43.613+0200] {override.py:1900} INFO - Created Permission View: can edit on DAG:example_subdag_operator
[2025-06-12T10:36:43.615+0200] {logging_mixin.py:190} INFO - [2025-06-12T10:36:43.615+0200] {override.py:1900} INFO - Created Permission View: can delete on DAG:example_subdag_operator
[2025-06-12T10:36:43.617+0200] {logging_mixin.py:190} INFO - [2025-06-12T10:36:43.617+0200] {override.py:1900} INFO - Created Permission View: can read on DAG:example_subdag_operator
[2025-06-12T10:36:43.619+0200] {logging_mixin.py:190} INFO - [2025-06-12T10:36:43.619+0200] {override.py:1900} INFO - Created Permission View: can delete on DAG Run:example_subdag_operator
[2025-06-12T10:36:43.620+0200] {logging_mixin.py:190} INFO - [2025-06-12T10:36:43.620+0200] {override.py:1900} INFO - Created Permission View: can read on DAG Run:example_subdag_operator
[2025-06-12T10:36:43.621+0200] {logging_mixin.py:190} INFO - [2025-06-12T10:36:43.621+0200] {override.py:1900} INFO - Created Permission View: can create on DAG Run:example_subdag_operator
[2025-06-12T10:36:43.623+0200] {logging_mixin.py:190} INFO - [2025-06-12T10:36:43.623+0200] {override.py:1900} INFO - Created Permission View: menu access on DAG Run:example_subdag_operator
[2025-06-12T10:36:43.623+0200] {logging_mixin.py:190} INFO - [2025-06-12T10:36:43.623+0200] {dag.py:3239} INFO - Sync 3 DAGs
[2025-06-12T10:36:43.626+0200] {logging_mixin.py:190} INFO - [2025-06-12T10:36:43.626+0200] {dag.py:3262} INFO - Creating ORM DAG for example_subdag_operator.section-1
[2025-06-12T10:36:43.626+0200] {logging_mixin.py:190} INFO - [2025-06-12T10:36:43.626+0200] {dag.py:3262} INFO - Creating ORM DAG for example_subdag_operator.section-2
[2025-06-12T10:36:43.627+0200] {logging_mixin.py:190} INFO - [2025-06-12T10:36:43.626+0200] {dag.py:3262} INFO - Creating ORM DAG for example_subdag_operator
[2025-06-12T10:36:43.628+0200] {logging_mixin.py:190} INFO - [2025-06-12T10:36:43.628+0200] {dag.py:4180} INFO - Setting next_dagrun for example_subdag_operator to 2022-01-01 00:00:00+00:00, run_after=2022-01-01 00:00:00+00:00
[2025-06-12T10:36:43.629+0200] {logging_mixin.py:190} INFO - [2025-06-12T10:36:43.629+0200] {dag.py:4180} INFO - Setting next_dagrun for example_subdag_operator.section-1 to None, run_after=None
[2025-06-12T10:36:43.629+0200] {logging_mixin.py:190} INFO - [2025-06-12T10:36:43.629+0200] {dag.py:4180} INFO - Setting next_dagrun for example_subdag_operator.section-2 to None, run_after=None
[2025-06-12T10:36:43.630+0200] {logging_mixin.py:190} INFO - [2025-06-12T10:36:43.630+0200] {dag.py:3239} INFO - Sync 2 DAGs
[2025-06-12T10:36:43.631+0200] {logging_mixin.py:190} INFO - [2025-06-12T10:36:43.631+0200] {dag.py:4180} INFO - Setting next_dagrun for example_subdag_operator.section-1 to None, run_after=None
[2025-06-12T10:36:43.632+0200] {logging_mixin.py:190} INFO - [2025-06-12T10:36:43.632+0200] {dag.py:4180} INFO - Setting next_dagrun for example_subdag_operator.section-2 to None, run_after=None
[2025-06-12T10:36:43.635+0200] {processor.py:208} INFO - Processing /Users/gordanaristova/MyProjects/MyRpaProject/venv/lib/python3.10/site-packages/airflow/example_dags/example_subdag_operator.py took 0.236 seconds
[2025-06-12T10:38:11.437+0200] {processor.py:186} INFO - Started process (PID=8501) to work on /Users/gordanaristova/MyProjects/MyRpaProject/venv/lib/python3.10/site-packages/airflow/example_dags/example_subdag_operator.py
[2025-06-12T10:38:11.438+0200] {processor.py:914} INFO - Processing file /Users/gordanaristova/MyProjects/MyRpaProject/venv/lib/python3.10/site-packages/airflow/example_dags/example_subdag_operator.py for tasks to queue
[2025-06-12T10:38:11.438+0200] {logging_mixin.py:190} INFO - [2025-06-12T10:38:11.438+0200] {dagbag.py:588} INFO - Filling up the DagBag from /Users/gordanaristova/MyProjects/MyRpaProject/venv/lib/python3.10/site-packages/airflow/example_dags/example_subdag_operator.py
[2025-06-12T10:38:11.468+0200] {processor.py:925} INFO - DAG(s) 'example_subdag_operator.section-1', 'example_subdag_operator.section-2', 'example_subdag_operator' retrieved from /Users/gordanaristova/MyProjects/MyRpaProject/venv/lib/python3.10/site-packages/airflow/example_dags/example_subdag_operator.py
[2025-06-12T10:38:11.642+0200] {logging_mixin.py:190} INFO - [2025-06-12T10:38:11.642+0200] {dag.py:3239} INFO - Sync 3 DAGs
[2025-06-12T10:38:11.647+0200] {logging_mixin.py:190} INFO - [2025-06-12T10:38:11.647+0200] {dag.py:4180} INFO - Setting next_dagrun for example_subdag_operator to 2022-01-01 00:00:00+00:00, run_after=2022-01-01 00:00:00+00:00
[2025-06-12T10:38:11.649+0200] {logging_mixin.py:190} INFO - [2025-06-12T10:38:11.649+0200] {dag.py:4180} INFO - Setting next_dagrun for example_subdag_operator.section-1 to None, run_after=None
[2025-06-12T10:38:11.649+0200] {logging_mixin.py:190} INFO - [2025-06-12T10:38:11.649+0200] {dag.py:4180} INFO - Setting next_dagrun for example_subdag_operator.section-2 to None, run_after=None
[2025-06-12T10:38:11.650+0200] {logging_mixin.py:190} INFO - [2025-06-12T10:38:11.650+0200] {dag.py:3239} INFO - Sync 2 DAGs
[2025-06-12T10:38:11.651+0200] {logging_mixin.py:190} INFO - [2025-06-12T10:38:11.651+0200] {dag.py:4180} INFO - Setting next_dagrun for example_subdag_operator.section-1 to None, run_after=None
[2025-06-12T10:38:11.651+0200] {logging_mixin.py:190} INFO - [2025-06-12T10:38:11.651+0200] {dag.py:4180} INFO - Setting next_dagrun for example_subdag_operator.section-2 to None, run_after=None
[2025-06-12T10:38:11.655+0200] {processor.py:208} INFO - Processing /Users/gordanaristova/MyProjects/MyRpaProject/venv/lib/python3.10/site-packages/airflow/example_dags/example_subdag_operator.py took 0.219 seconds
[2025-06-12T10:39:53.471+0200] {processor.py:186} INFO - Started process (PID=8582) to work on /Users/gordanaristova/MyProjects/MyRpaProject/venv/lib/python3.10/site-packages/airflow/example_dags/example_subdag_operator.py
[2025-06-12T10:39:53.472+0200] {processor.py:914} INFO - Processing file /Users/gordanaristova/MyProjects/MyRpaProject/venv/lib/python3.10/site-packages/airflow/example_dags/example_subdag_operator.py for tasks to queue
[2025-06-12T10:39:53.472+0200] {logging_mixin.py:190} INFO - [2025-06-12T10:39:53.472+0200] {dagbag.py:588} INFO - Filling up the DagBag from /Users/gordanaristova/MyProjects/MyRpaProject/venv/lib/python3.10/site-packages/airflow/example_dags/example_subdag_operator.py
[2025-06-12T10:39:53.502+0200] {processor.py:925} INFO - DAG(s) 'example_subdag_operator.section-1', 'example_subdag_operator.section-2', 'example_subdag_operator' retrieved from /Users/gordanaristova/MyProjects/MyRpaProject/venv/lib/python3.10/site-packages/airflow/example_dags/example_subdag_operator.py
[2025-06-12T10:39:53.679+0200] {logging_mixin.py:190} INFO - [2025-06-12T10:39:53.679+0200] {dag.py:3239} INFO - Sync 3 DAGs
[2025-06-12T10:39:53.684+0200] {logging_mixin.py:190} INFO - [2025-06-12T10:39:53.684+0200] {dag.py:4180} INFO - Setting next_dagrun for example_subdag_operator to 2022-01-01 00:00:00+00:00, run_after=2022-01-01 00:00:00+00:00
[2025-06-12T10:39:53.685+0200] {logging_mixin.py:190} INFO - [2025-06-12T10:39:53.684+0200] {dag.py:4180} INFO - Setting next_dagrun for example_subdag_operator.section-1 to None, run_after=None
[2025-06-12T10:39:53.685+0200] {logging_mixin.py:190} INFO - [2025-06-12T10:39:53.685+0200] {dag.py:4180} INFO - Setting next_dagrun for example_subdag_operator.section-2 to None, run_after=None
[2025-06-12T10:39:53.686+0200] {logging_mixin.py:190} INFO - [2025-06-12T10:39:53.686+0200] {dag.py:3239} INFO - Sync 2 DAGs
[2025-06-12T10:39:53.687+0200] {logging_mixin.py:190} INFO - [2025-06-12T10:39:53.687+0200] {dag.py:4180} INFO - Setting next_dagrun for example_subdag_operator.section-1 to None, run_after=None
[2025-06-12T10:39:53.687+0200] {logging_mixin.py:190} INFO - [2025-06-12T10:39:53.687+0200] {dag.py:4180} INFO - Setting next_dagrun for example_subdag_operator.section-2 to None, run_after=None
[2025-06-12T10:39:53.691+0200] {processor.py:208} INFO - Processing /Users/gordanaristova/MyProjects/MyRpaProject/venv/lib/python3.10/site-packages/airflow/example_dags/example_subdag_operator.py took 0.222 seconds
[2025-06-12T10:41:39.565+0200] {processor.py:186} INFO - Started process (PID=8673) to work on /Users/gordanaristova/MyProjects/MyRpaProject/venv/lib/python3.10/site-packages/airflow/example_dags/example_subdag_operator.py
[2025-06-12T10:41:39.566+0200] {processor.py:914} INFO - Processing file /Users/gordanaristova/MyProjects/MyRpaProject/venv/lib/python3.10/site-packages/airflow/example_dags/example_subdag_operator.py for tasks to queue
[2025-06-12T10:41:39.566+0200] {logging_mixin.py:190} INFO - [2025-06-12T10:41:39.566+0200] {dagbag.py:588} INFO - Filling up the DagBag from /Users/gordanaristova/MyProjects/MyRpaProject/venv/lib/python3.10/site-packages/airflow/example_dags/example_subdag_operator.py
[2025-06-12T10:41:39.598+0200] {processor.py:925} INFO - DAG(s) 'example_subdag_operator.section-1', 'example_subdag_operator.section-2', 'example_subdag_operator' retrieved from /Users/gordanaristova/MyProjects/MyRpaProject/venv/lib/python3.10/site-packages/airflow/example_dags/example_subdag_operator.py
[2025-06-12T10:41:39.784+0200] {logging_mixin.py:190} INFO - [2025-06-12T10:41:39.784+0200] {dag.py:3239} INFO - Sync 3 DAGs
[2025-06-12T10:41:39.790+0200] {logging_mixin.py:190} INFO - [2025-06-12T10:41:39.790+0200] {dag.py:4180} INFO - Setting next_dagrun for example_subdag_operator to 2022-01-01 00:00:00+00:00, run_after=2022-01-01 00:00:00+00:00
[2025-06-12T10:41:39.791+0200] {logging_mixin.py:190} INFO - [2025-06-12T10:41:39.790+0200] {dag.py:4180} INFO - Setting next_dagrun for example_subdag_operator.section-1 to None, run_after=None
[2025-06-12T10:41:39.791+0200] {logging_mixin.py:190} INFO - [2025-06-12T10:41:39.791+0200] {dag.py:4180} INFO - Setting next_dagrun for example_subdag_operator.section-2 to None, run_after=None
[2025-06-12T10:41:39.792+0200] {logging_mixin.py:190} INFO - [2025-06-12T10:41:39.792+0200] {dag.py:3239} INFO - Sync 2 DAGs
[2025-06-12T10:41:39.793+0200] {logging_mixin.py:190} INFO - [2025-06-12T10:41:39.793+0200] {dag.py:4180} INFO - Setting next_dagrun for example_subdag_operator.section-1 to None, run_after=None
[2025-06-12T10:41:39.793+0200] {logging_mixin.py:190} INFO - [2025-06-12T10:41:39.793+0200] {dag.py:4180} INFO - Setting next_dagrun for example_subdag_operator.section-2 to None, run_after=None
[2025-06-12T10:41:39.797+0200] {processor.py:208} INFO - Processing /Users/gordanaristova/MyProjects/MyRpaProject/venv/lib/python3.10/site-packages/airflow/example_dags/example_subdag_operator.py took 0.234 seconds
[2025-06-12T10:43:25.682+0200] {processor.py:186} INFO - Started process (PID=8775) to work on /Users/gordanaristova/MyProjects/MyRpaProject/venv/lib/python3.10/site-packages/airflow/example_dags/example_subdag_operator.py
[2025-06-12T10:43:25.683+0200] {processor.py:914} INFO - Processing file /Users/gordanaristova/MyProjects/MyRpaProject/venv/lib/python3.10/site-packages/airflow/example_dags/example_subdag_operator.py for tasks to queue
[2025-06-12T10:43:25.684+0200] {logging_mixin.py:190} INFO - [2025-06-12T10:43:25.683+0200] {dagbag.py:588} INFO - Filling up the DagBag from /Users/gordanaristova/MyProjects/MyRpaProject/venv/lib/python3.10/site-packages/airflow/example_dags/example_subdag_operator.py
[2025-06-12T10:43:25.713+0200] {processor.py:925} INFO - DAG(s) 'example_subdag_operator.section-1', 'example_subdag_operator.section-2', 'example_subdag_operator' retrieved from /Users/gordanaristova/MyProjects/MyRpaProject/venv/lib/python3.10/site-packages/airflow/example_dags/example_subdag_operator.py
[2025-06-12T10:43:25.875+0200] {logging_mixin.py:190} INFO - [2025-06-12T10:43:25.875+0200] {dag.py:3239} INFO - Sync 3 DAGs
[2025-06-12T10:43:25.880+0200] {logging_mixin.py:190} INFO - [2025-06-12T10:43:25.880+0200] {dag.py:4180} INFO - Setting next_dagrun for example_subdag_operator to 2022-01-01 00:00:00+00:00, run_after=2022-01-01 00:00:00+00:00
[2025-06-12T10:43:25.881+0200] {logging_mixin.py:190} INFO - [2025-06-12T10:43:25.881+0200] {dag.py:4180} INFO - Setting next_dagrun for example_subdag_operator.section-1 to None, run_after=None
[2025-06-12T10:43:25.881+0200] {logging_mixin.py:190} INFO - [2025-06-12T10:43:25.881+0200] {dag.py:4180} INFO - Setting next_dagrun for example_subdag_operator.section-2 to None, run_after=None
[2025-06-12T10:43:25.882+0200] {logging_mixin.py:190} INFO - [2025-06-12T10:43:25.882+0200] {dag.py:3239} INFO - Sync 2 DAGs
[2025-06-12T10:43:25.883+0200] {logging_mixin.py:190} INFO - [2025-06-12T10:43:25.883+0200] {dag.py:4180} INFO - Setting next_dagrun for example_subdag_operator.section-1 to None, run_after=None
[2025-06-12T10:43:25.883+0200] {logging_mixin.py:190} INFO - [2025-06-12T10:43:25.883+0200] {dag.py:4180} INFO - Setting next_dagrun for example_subdag_operator.section-2 to None, run_after=None
[2025-06-12T10:43:25.887+0200] {processor.py:208} INFO - Processing /Users/gordanaristova/MyProjects/MyRpaProject/venv/lib/python3.10/site-packages/airflow/example_dags/example_subdag_operator.py took 0.206 seconds
[2025-06-12T10:45:11.806+0200] {processor.py:186} INFO - Started process (PID=8906) to work on /Users/gordanaristova/MyProjects/MyRpaProject/venv/lib/python3.10/site-packages/airflow/example_dags/example_subdag_operator.py
[2025-06-12T10:45:11.807+0200] {processor.py:914} INFO - Processing file /Users/gordanaristova/MyProjects/MyRpaProject/venv/lib/python3.10/site-packages/airflow/example_dags/example_subdag_operator.py for tasks to queue
[2025-06-12T10:45:11.807+0200] {logging_mixin.py:190} INFO - [2025-06-12T10:45:11.807+0200] {dagbag.py:588} INFO - Filling up the DagBag from /Users/gordanaristova/MyProjects/MyRpaProject/venv/lib/python3.10/site-packages/airflow/example_dags/example_subdag_operator.py
[2025-06-12T10:45:11.837+0200] {processor.py:925} INFO - DAG(s) 'example_subdag_operator.section-1', 'example_subdag_operator.section-2', 'example_subdag_operator' retrieved from /Users/gordanaristova/MyProjects/MyRpaProject/venv/lib/python3.10/site-packages/airflow/example_dags/example_subdag_operator.py
[2025-06-12T10:45:12.005+0200] {logging_mixin.py:190} INFO - [2025-06-12T10:45:12.005+0200] {dag.py:3239} INFO - Sync 3 DAGs
[2025-06-12T10:45:12.010+0200] {logging_mixin.py:190} INFO - [2025-06-12T10:45:12.010+0200] {dag.py:4180} INFO - Setting next_dagrun for example_subdag_operator to 2022-01-01 00:00:00+00:00, run_after=2022-01-01 00:00:00+00:00
[2025-06-12T10:45:12.011+0200] {logging_mixin.py:190} INFO - [2025-06-12T10:45:12.011+0200] {dag.py:4180} INFO - Setting next_dagrun for example_subdag_operator.section-1 to None, run_after=None
[2025-06-12T10:45:12.012+0200] {logging_mixin.py:190} INFO - [2025-06-12T10:45:12.012+0200] {dag.py:4180} INFO - Setting next_dagrun for example_subdag_operator.section-2 to None, run_after=None
[2025-06-12T10:45:12.013+0200] {logging_mixin.py:190} INFO - [2025-06-12T10:45:12.013+0200] {dag.py:3239} INFO - Sync 2 DAGs
[2025-06-12T10:45:12.014+0200] {logging_mixin.py:190} INFO - [2025-06-12T10:45:12.014+0200] {dag.py:4180} INFO - Setting next_dagrun for example_subdag_operator.section-1 to None, run_after=None
[2025-06-12T10:45:12.014+0200] {logging_mixin.py:190} INFO - [2025-06-12T10:45:12.014+0200] {dag.py:4180} INFO - Setting next_dagrun for example_subdag_operator.section-2 to None, run_after=None
[2025-06-12T10:45:12.018+0200] {processor.py:208} INFO - Processing /Users/gordanaristova/MyProjects/MyRpaProject/venv/lib/python3.10/site-packages/airflow/example_dags/example_subdag_operator.py took 0.213 seconds
[2025-06-12T10:46:55.208+0200] {processor.py:186} INFO - Started process (PID=9016) to work on /Users/gordanaristova/MyProjects/MyRpaProject/venv/lib/python3.10/site-packages/airflow/example_dags/example_subdag_operator.py
[2025-06-12T10:46:55.209+0200] {processor.py:914} INFO - Processing file /Users/gordanaristova/MyProjects/MyRpaProject/venv/lib/python3.10/site-packages/airflow/example_dags/example_subdag_operator.py for tasks to queue
[2025-06-12T10:46:55.209+0200] {logging_mixin.py:190} INFO - [2025-06-12T10:46:55.209+0200] {dagbag.py:588} INFO - Filling up the DagBag from /Users/gordanaristova/MyProjects/MyRpaProject/venv/lib/python3.10/site-packages/airflow/example_dags/example_subdag_operator.py
[2025-06-12T10:46:55.238+0200] {processor.py:925} INFO - DAG(s) 'example_subdag_operator.section-1', 'example_subdag_operator.section-2', 'example_subdag_operator' retrieved from /Users/gordanaristova/MyProjects/MyRpaProject/venv/lib/python3.10/site-packages/airflow/example_dags/example_subdag_operator.py
[2025-06-12T10:46:55.409+0200] {logging_mixin.py:190} INFO - [2025-06-12T10:46:55.409+0200] {dag.py:3239} INFO - Sync 3 DAGs
[2025-06-12T10:46:55.414+0200] {logging_mixin.py:190} INFO - [2025-06-12T10:46:55.414+0200] {dag.py:4180} INFO - Setting next_dagrun for example_subdag_operator to 2022-01-01 00:00:00+00:00, run_after=2022-01-01 00:00:00+00:00
[2025-06-12T10:46:55.415+0200] {logging_mixin.py:190} INFO - [2025-06-12T10:46:55.415+0200] {dag.py:4180} INFO - Setting next_dagrun for example_subdag_operator.section-1 to None, run_after=None
[2025-06-12T10:46:55.415+0200] {logging_mixin.py:190} INFO - [2025-06-12T10:46:55.415+0200] {dag.py:4180} INFO - Setting next_dagrun for example_subdag_operator.section-2 to None, run_after=None
[2025-06-12T10:46:55.416+0200] {logging_mixin.py:190} INFO - [2025-06-12T10:46:55.416+0200] {dag.py:3239} INFO - Sync 2 DAGs
[2025-06-12T10:46:55.417+0200] {logging_mixin.py:190} INFO - [2025-06-12T10:46:55.417+0200] {dag.py:4180} INFO - Setting next_dagrun for example_subdag_operator.section-1 to None, run_after=None
[2025-06-12T10:46:55.417+0200] {logging_mixin.py:190} INFO - [2025-06-12T10:46:55.417+0200] {dag.py:4180} INFO - Setting next_dagrun for example_subdag_operator.section-2 to None, run_after=None
[2025-06-12T10:46:55.421+0200] {processor.py:208} INFO - Processing /Users/gordanaristova/MyProjects/MyRpaProject/venv/lib/python3.10/site-packages/airflow/example_dags/example_subdag_operator.py took 0.214 seconds
[2025-06-12T10:48:50.011+0200] {processor.py:186} INFO - Started process (PID=9165) to work on /Users/gordanaristova/MyProjects/MyRpaProject/venv/lib/python3.10/site-packages/airflow/example_dags/example_subdag_operator.py
[2025-06-12T10:48:50.012+0200] {processor.py:914} INFO - Processing file /Users/gordanaristova/MyProjects/MyRpaProject/venv/lib/python3.10/site-packages/airflow/example_dags/example_subdag_operator.py for tasks to queue
[2025-06-12T10:48:50.013+0200] {logging_mixin.py:190} INFO - [2025-06-12T10:48:50.013+0200] {dagbag.py:588} INFO - Filling up the DagBag from /Users/gordanaristova/MyProjects/MyRpaProject/venv/lib/python3.10/site-packages/airflow/example_dags/example_subdag_operator.py
[2025-06-12T10:48:50.042+0200] {processor.py:925} INFO - DAG(s) 'example_subdag_operator.section-1', 'example_subdag_operator.section-2', 'example_subdag_operator' retrieved from /Users/gordanaristova/MyProjects/MyRpaProject/venv/lib/python3.10/site-packages/airflow/example_dags/example_subdag_operator.py
[2025-06-12T10:48:50.203+0200] {logging_mixin.py:190} INFO - [2025-06-12T10:48:50.203+0200] {dag.py:3239} INFO - Sync 3 DAGs
[2025-06-12T10:48:50.208+0200] {logging_mixin.py:190} INFO - [2025-06-12T10:48:50.208+0200] {dag.py:4180} INFO - Setting next_dagrun for example_subdag_operator to 2022-01-01 00:00:00+00:00, run_after=2022-01-01 00:00:00+00:00
[2025-06-12T10:48:50.208+0200] {logging_mixin.py:190} INFO - [2025-06-12T10:48:50.208+0200] {dag.py:4180} INFO - Setting next_dagrun for example_subdag_operator.section-1 to None, run_after=None
[2025-06-12T10:48:50.209+0200] {logging_mixin.py:190} INFO - [2025-06-12T10:48:50.209+0200] {dag.py:4180} INFO - Setting next_dagrun for example_subdag_operator.section-2 to None, run_after=None
[2025-06-12T10:48:50.210+0200] {logging_mixin.py:190} INFO - [2025-06-12T10:48:50.210+0200] {dag.py:3239} INFO - Sync 2 DAGs
[2025-06-12T10:48:50.211+0200] {logging_mixin.py:190} INFO - [2025-06-12T10:48:50.211+0200] {dag.py:4180} INFO - Setting next_dagrun for example_subdag_operator.section-1 to None, run_after=None
[2025-06-12T10:48:50.211+0200] {logging_mixin.py:190} INFO - [2025-06-12T10:48:50.211+0200] {dag.py:4180} INFO - Setting next_dagrun for example_subdag_operator.section-2 to None, run_after=None
[2025-06-12T10:48:50.215+0200] {processor.py:208} INFO - Processing /Users/gordanaristova/MyProjects/MyRpaProject/venv/lib/python3.10/site-packages/airflow/example_dags/example_subdag_operator.py took 0.204 seconds
[2025-06-12T10:56:56.051+0200] {processor.py:186} INFO - Started process (PID=9431) to work on /Users/gordanaristova/MyProjects/MyRpaProject/venv/lib/python3.10/site-packages/airflow/example_dags/example_subdag_operator.py
[2025-06-12T10:56:56.052+0200] {processor.py:914} INFO - Processing file /Users/gordanaristova/MyProjects/MyRpaProject/venv/lib/python3.10/site-packages/airflow/example_dags/example_subdag_operator.py for tasks to queue
[2025-06-12T10:56:56.053+0200] {logging_mixin.py:190} INFO - [2025-06-12T10:56:56.053+0200] {dagbag.py:588} INFO - Filling up the DagBag from /Users/gordanaristova/MyProjects/MyRpaProject/venv/lib/python3.10/site-packages/airflow/example_dags/example_subdag_operator.py
[2025-06-12T10:56:56.082+0200] {processor.py:925} INFO - DAG(s) 'example_subdag_operator.section-1', 'example_subdag_operator.section-2', 'example_subdag_operator' retrieved from /Users/gordanaristova/MyProjects/MyRpaProject/venv/lib/python3.10/site-packages/airflow/example_dags/example_subdag_operator.py
[2025-06-12T10:56:56.246+0200] {logging_mixin.py:190} INFO - [2025-06-12T10:56:56.246+0200] {dag.py:3239} INFO - Sync 3 DAGs
[2025-06-12T10:56:56.251+0200] {logging_mixin.py:190} INFO - [2025-06-12T10:56:56.251+0200] {dag.py:4180} INFO - Setting next_dagrun for example_subdag_operator to 2022-01-01 00:00:00+00:00, run_after=2022-01-01 00:00:00+00:00
[2025-06-12T10:56:56.252+0200] {logging_mixin.py:190} INFO - [2025-06-12T10:56:56.252+0200] {dag.py:4180} INFO - Setting next_dagrun for example_subdag_operator.section-1 to None, run_after=None
[2025-06-12T10:56:56.252+0200] {logging_mixin.py:190} INFO - [2025-06-12T10:56:56.252+0200] {dag.py:4180} INFO - Setting next_dagrun for example_subdag_operator.section-2 to None, run_after=None
[2025-06-12T10:56:56.254+0200] {logging_mixin.py:190} INFO - [2025-06-12T10:56:56.254+0200] {dag.py:3239} INFO - Sync 2 DAGs
[2025-06-12T10:56:56.255+0200] {logging_mixin.py:190} INFO - [2025-06-12T10:56:56.255+0200] {dag.py:4180} INFO - Setting next_dagrun for example_subdag_operator.section-1 to None, run_after=None
[2025-06-12T10:56:56.255+0200] {logging_mixin.py:190} INFO - [2025-06-12T10:56:56.255+0200] {dag.py:4180} INFO - Setting next_dagrun for example_subdag_operator.section-2 to None, run_after=None
[2025-06-12T10:56:56.258+0200] {processor.py:208} INFO - Processing /Users/gordanaristova/MyProjects/MyRpaProject/venv/lib/python3.10/site-packages/airflow/example_dags/example_subdag_operator.py took 0.208 seconds
[2025-06-12T10:58:22.278+0200] {processor.py:186} INFO - Started process (PID=9528) to work on /Users/gordanaristova/MyProjects/MyRpaProject/venv/lib/python3.10/site-packages/airflow/example_dags/example_subdag_operator.py
[2025-06-12T10:58:22.278+0200] {processor.py:914} INFO - Processing file /Users/gordanaristova/MyProjects/MyRpaProject/venv/lib/python3.10/site-packages/airflow/example_dags/example_subdag_operator.py for tasks to queue
[2025-06-12T10:58:22.279+0200] {logging_mixin.py:190} INFO - [2025-06-12T10:58:22.279+0200] {dagbag.py:588} INFO - Filling up the DagBag from /Users/gordanaristova/MyProjects/MyRpaProject/venv/lib/python3.10/site-packages/airflow/example_dags/example_subdag_operator.py
[2025-06-12T10:58:22.309+0200] {processor.py:925} INFO - DAG(s) 'example_subdag_operator.section-1', 'example_subdag_operator.section-2', 'example_subdag_operator' retrieved from /Users/gordanaristova/MyProjects/MyRpaProject/venv/lib/python3.10/site-packages/airflow/example_dags/example_subdag_operator.py
[2025-06-12T10:58:22.477+0200] {logging_mixin.py:190} INFO - [2025-06-12T10:58:22.477+0200] {dag.py:3239} INFO - Sync 3 DAGs
[2025-06-12T10:58:22.482+0200] {logging_mixin.py:190} INFO - [2025-06-12T10:58:22.482+0200] {dag.py:4180} INFO - Setting next_dagrun for example_subdag_operator to 2022-01-01 00:00:00+00:00, run_after=2022-01-01 00:00:00+00:00
[2025-06-12T10:58:22.483+0200] {logging_mixin.py:190} INFO - [2025-06-12T10:58:22.483+0200] {dag.py:4180} INFO - Setting next_dagrun for example_subdag_operator.section-1 to None, run_after=None
[2025-06-12T10:58:22.483+0200] {logging_mixin.py:190} INFO - [2025-06-12T10:58:22.483+0200] {dag.py:4180} INFO - Setting next_dagrun for example_subdag_operator.section-2 to None, run_after=None
[2025-06-12T10:58:22.484+0200] {logging_mixin.py:190} INFO - [2025-06-12T10:58:22.484+0200] {dag.py:3239} INFO - Sync 2 DAGs
[2025-06-12T10:58:22.485+0200] {logging_mixin.py:190} INFO - [2025-06-12T10:58:22.485+0200] {dag.py:4180} INFO - Setting next_dagrun for example_subdag_operator.section-1 to None, run_after=None
[2025-06-12T10:58:22.485+0200] {logging_mixin.py:190} INFO - [2025-06-12T10:58:22.485+0200] {dag.py:4180} INFO - Setting next_dagrun for example_subdag_operator.section-2 to None, run_after=None
[2025-06-12T10:58:22.489+0200] {processor.py:208} INFO - Processing /Users/gordanaristova/MyProjects/MyRpaProject/venv/lib/python3.10/site-packages/airflow/example_dags/example_subdag_operator.py took 0.212 seconds
[2025-06-12T11:11:40.484+0200] {processor.py:186} INFO - Started process (PID=9751) to work on /Users/gordanaristova/MyProjects/MyRpaProject/venv/lib/python3.10/site-packages/airflow/example_dags/example_subdag_operator.py
[2025-06-12T11:11:40.484+0200] {processor.py:914} INFO - Processing file /Users/gordanaristova/MyProjects/MyRpaProject/venv/lib/python3.10/site-packages/airflow/example_dags/example_subdag_operator.py for tasks to queue
[2025-06-12T11:11:40.485+0200] {logging_mixin.py:190} INFO - [2025-06-12T11:11:40.484+0200] {dagbag.py:588} INFO - Filling up the DagBag from /Users/gordanaristova/MyProjects/MyRpaProject/venv/lib/python3.10/site-packages/airflow/example_dags/example_subdag_operator.py
[2025-06-12T11:11:40.512+0200] {processor.py:925} INFO - DAG(s) 'example_subdag_operator.section-1', 'example_subdag_operator.section-2', 'example_subdag_operator' retrieved from /Users/gordanaristova/MyProjects/MyRpaProject/venv/lib/python3.10/site-packages/airflow/example_dags/example_subdag_operator.py
[2025-06-12T11:11:40.678+0200] {logging_mixin.py:190} INFO - [2025-06-12T11:11:40.678+0200] {dag.py:3239} INFO - Sync 3 DAGs
[2025-06-12T11:11:40.683+0200] {logging_mixin.py:190} INFO - [2025-06-12T11:11:40.683+0200] {dag.py:4180} INFO - Setting next_dagrun for example_subdag_operator to 2022-01-01 00:00:00+00:00, run_after=2022-01-01 00:00:00+00:00
[2025-06-12T11:11:40.684+0200] {logging_mixin.py:190} INFO - [2025-06-12T11:11:40.684+0200] {dag.py:4180} INFO - Setting next_dagrun for example_subdag_operator.section-1 to None, run_after=None
[2025-06-12T11:11:40.684+0200] {logging_mixin.py:190} INFO - [2025-06-12T11:11:40.684+0200] {dag.py:4180} INFO - Setting next_dagrun for example_subdag_operator.section-2 to None, run_after=None
[2025-06-12T11:11:40.686+0200] {logging_mixin.py:190} INFO - [2025-06-12T11:11:40.686+0200] {dag.py:3239} INFO - Sync 2 DAGs
[2025-06-12T11:11:40.687+0200] {logging_mixin.py:190} INFO - [2025-06-12T11:11:40.687+0200] {dag.py:4180} INFO - Setting next_dagrun for example_subdag_operator.section-1 to None, run_after=None
[2025-06-12T11:11:40.687+0200] {logging_mixin.py:190} INFO - [2025-06-12T11:11:40.687+0200] {dag.py:4180} INFO - Setting next_dagrun for example_subdag_operator.section-2 to None, run_after=None
[2025-06-12T11:11:40.690+0200] {processor.py:208} INFO - Processing /Users/gordanaristova/MyProjects/MyRpaProject/venv/lib/python3.10/site-packages/airflow/example_dags/example_subdag_operator.py took 0.207 seconds
[2025-06-12T11:13:08.246+0200] {processor.py:186} INFO - Started process (PID=9840) to work on /Users/gordanaristova/MyProjects/MyRpaProject/venv/lib/python3.10/site-packages/airflow/example_dags/example_subdag_operator.py
[2025-06-12T11:13:08.246+0200] {processor.py:914} INFO - Processing file /Users/gordanaristova/MyProjects/MyRpaProject/venv/lib/python3.10/site-packages/airflow/example_dags/example_subdag_operator.py for tasks to queue
[2025-06-12T11:13:08.247+0200] {logging_mixin.py:190} INFO - [2025-06-12T11:13:08.247+0200] {dagbag.py:588} INFO - Filling up the DagBag from /Users/gordanaristova/MyProjects/MyRpaProject/venv/lib/python3.10/site-packages/airflow/example_dags/example_subdag_operator.py
[2025-06-12T11:13:08.275+0200] {processor.py:925} INFO - DAG(s) 'example_subdag_operator.section-1', 'example_subdag_operator.section-2', 'example_subdag_operator' retrieved from /Users/gordanaristova/MyProjects/MyRpaProject/venv/lib/python3.10/site-packages/airflow/example_dags/example_subdag_operator.py
[2025-06-12T11:13:08.441+0200] {logging_mixin.py:190} INFO - [2025-06-12T11:13:08.441+0200] {dag.py:3239} INFO - Sync 3 DAGs
[2025-06-12T11:13:08.446+0200] {logging_mixin.py:190} INFO - [2025-06-12T11:13:08.446+0200] {dag.py:4180} INFO - Setting next_dagrun for example_subdag_operator to 2022-01-01 00:00:00+00:00, run_after=2022-01-01 00:00:00+00:00
[2025-06-12T11:13:08.447+0200] {logging_mixin.py:190} INFO - [2025-06-12T11:13:08.446+0200] {dag.py:4180} INFO - Setting next_dagrun for example_subdag_operator.section-1 to None, run_after=None
[2025-06-12T11:13:08.447+0200] {logging_mixin.py:190} INFO - [2025-06-12T11:13:08.447+0200] {dag.py:4180} INFO - Setting next_dagrun for example_subdag_operator.section-2 to None, run_after=None
[2025-06-12T11:13:08.448+0200] {logging_mixin.py:190} INFO - [2025-06-12T11:13:08.448+0200] {dag.py:3239} INFO - Sync 2 DAGs
[2025-06-12T11:13:08.449+0200] {logging_mixin.py:190} INFO - [2025-06-12T11:13:08.449+0200] {dag.py:4180} INFO - Setting next_dagrun for example_subdag_operator.section-1 to None, run_after=None
[2025-06-12T11:13:08.449+0200] {logging_mixin.py:190} INFO - [2025-06-12T11:13:08.449+0200] {dag.py:4180} INFO - Setting next_dagrun for example_subdag_operator.section-2 to None, run_after=None
[2025-06-12T11:13:08.453+0200] {processor.py:208} INFO - Processing /Users/gordanaristova/MyProjects/MyRpaProject/venv/lib/python3.10/site-packages/airflow/example_dags/example_subdag_operator.py took 0.208 seconds
[2025-06-12T11:21:46.294+0200] {processor.py:186} INFO - Started process (PID=10041) to work on /Users/gordanaristova/MyProjects/MyRpaProject/venv/lib/python3.10/site-packages/airflow/example_dags/example_subdag_operator.py
[2025-06-12T11:21:46.295+0200] {processor.py:914} INFO - Processing file /Users/gordanaristova/MyProjects/MyRpaProject/venv/lib/python3.10/site-packages/airflow/example_dags/example_subdag_operator.py for tasks to queue
[2025-06-12T11:21:46.295+0200] {logging_mixin.py:190} INFO - [2025-06-12T11:21:46.295+0200] {dagbag.py:588} INFO - Filling up the DagBag from /Users/gordanaristova/MyProjects/MyRpaProject/venv/lib/python3.10/site-packages/airflow/example_dags/example_subdag_operator.py
[2025-06-12T11:21:46.323+0200] {processor.py:925} INFO - DAG(s) 'example_subdag_operator.section-1', 'example_subdag_operator.section-2', 'example_subdag_operator' retrieved from /Users/gordanaristova/MyProjects/MyRpaProject/venv/lib/python3.10/site-packages/airflow/example_dags/example_subdag_operator.py
[2025-06-12T11:21:46.490+0200] {logging_mixin.py:190} INFO - [2025-06-12T11:21:46.490+0200] {dag.py:3239} INFO - Sync 3 DAGs
[2025-06-12T11:21:46.495+0200] {logging_mixin.py:190} INFO - [2025-06-12T11:21:46.495+0200] {dag.py:4180} INFO - Setting next_dagrun for example_subdag_operator to 2022-01-01 00:00:00+00:00, run_after=2022-01-01 00:00:00+00:00
[2025-06-12T11:21:46.495+0200] {logging_mixin.py:190} INFO - [2025-06-12T11:21:46.495+0200] {dag.py:4180} INFO - Setting next_dagrun for example_subdag_operator.section-1 to None, run_after=None
[2025-06-12T11:21:46.496+0200] {logging_mixin.py:190} INFO - [2025-06-12T11:21:46.496+0200] {dag.py:4180} INFO - Setting next_dagrun for example_subdag_operator.section-2 to None, run_after=None
[2025-06-12T11:21:46.497+0200] {logging_mixin.py:190} INFO - [2025-06-12T11:21:46.497+0200] {dag.py:3239} INFO - Sync 2 DAGs
[2025-06-12T11:21:46.498+0200] {logging_mixin.py:190} INFO - [2025-06-12T11:21:46.498+0200] {dag.py:4180} INFO - Setting next_dagrun for example_subdag_operator.section-1 to None, run_after=None
[2025-06-12T11:21:46.498+0200] {logging_mixin.py:190} INFO - [2025-06-12T11:21:46.498+0200] {dag.py:4180} INFO - Setting next_dagrun for example_subdag_operator.section-2 to None, run_after=None
[2025-06-12T11:21:46.502+0200] {processor.py:208} INFO - Processing /Users/gordanaristova/MyProjects/MyRpaProject/venv/lib/python3.10/site-packages/airflow/example_dags/example_subdag_operator.py took 0.209 seconds
[2025-06-12T11:23:11.912+0200] {processor.py:186} INFO - Started process (PID=10127) to work on /Users/gordanaristova/MyProjects/MyRpaProject/venv/lib/python3.10/site-packages/airflow/example_dags/example_subdag_operator.py
[2025-06-12T11:23:11.913+0200] {processor.py:914} INFO - Processing file /Users/gordanaristova/MyProjects/MyRpaProject/venv/lib/python3.10/site-packages/airflow/example_dags/example_subdag_operator.py for tasks to queue
[2025-06-12T11:23:11.914+0200] {logging_mixin.py:190} INFO - [2025-06-12T11:23:11.913+0200] {dagbag.py:588} INFO - Filling up the DagBag from /Users/gordanaristova/MyProjects/MyRpaProject/venv/lib/python3.10/site-packages/airflow/example_dags/example_subdag_operator.py
[2025-06-12T11:23:11.943+0200] {processor.py:925} INFO - DAG(s) 'example_subdag_operator.section-1', 'example_subdag_operator.section-2', 'example_subdag_operator' retrieved from /Users/gordanaristova/MyProjects/MyRpaProject/venv/lib/python3.10/site-packages/airflow/example_dags/example_subdag_operator.py
[2025-06-12T11:23:12.107+0200] {logging_mixin.py:190} INFO - [2025-06-12T11:23:12.106+0200] {dag.py:3239} INFO - Sync 3 DAGs
[2025-06-12T11:23:12.111+0200] {logging_mixin.py:190} INFO - [2025-06-12T11:23:12.111+0200] {dag.py:4180} INFO - Setting next_dagrun for example_subdag_operator to 2022-01-01 00:00:00+00:00, run_after=2022-01-01 00:00:00+00:00
[2025-06-12T11:23:12.112+0200] {logging_mixin.py:190} INFO - [2025-06-12T11:23:12.112+0200] {dag.py:4180} INFO - Setting next_dagrun for example_subdag_operator.section-1 to None, run_after=None
[2025-06-12T11:23:12.112+0200] {logging_mixin.py:190} INFO - [2025-06-12T11:23:12.112+0200] {dag.py:4180} INFO - Setting next_dagrun for example_subdag_operator.section-2 to None, run_after=None
[2025-06-12T11:23:12.114+0200] {logging_mixin.py:190} INFO - [2025-06-12T11:23:12.114+0200] {dag.py:3239} INFO - Sync 2 DAGs
[2025-06-12T11:23:12.115+0200] {logging_mixin.py:190} INFO - [2025-06-12T11:23:12.115+0200] {dag.py:4180} INFO - Setting next_dagrun for example_subdag_operator.section-1 to None, run_after=None
[2025-06-12T11:23:12.115+0200] {logging_mixin.py:190} INFO - [2025-06-12T11:23:12.115+0200] {dag.py:4180} INFO - Setting next_dagrun for example_subdag_operator.section-2 to None, run_after=None
[2025-06-12T11:23:12.119+0200] {processor.py:208} INFO - Processing /Users/gordanaristova/MyProjects/MyRpaProject/venv/lib/python3.10/site-packages/airflow/example_dags/example_subdag_operator.py took 0.207 seconds
[2025-06-12T11:41:02.155+0200] {processor.py:186} INFO - Started process (PID=10408) to work on /Users/gordanaristova/MyProjects/MyRpaProject/venv/lib/python3.10/site-packages/airflow/example_dags/example_subdag_operator.py
[2025-06-12T11:41:02.156+0200] {processor.py:914} INFO - Processing file /Users/gordanaristova/MyProjects/MyRpaProject/venv/lib/python3.10/site-packages/airflow/example_dags/example_subdag_operator.py for tasks to queue
[2025-06-12T11:41:02.156+0200] {logging_mixin.py:190} INFO - [2025-06-12T11:41:02.156+0200] {dagbag.py:588} INFO - Filling up the DagBag from /Users/gordanaristova/MyProjects/MyRpaProject/venv/lib/python3.10/site-packages/airflow/example_dags/example_subdag_operator.py
[2025-06-12T11:41:02.186+0200] {processor.py:925} INFO - DAG(s) 'example_subdag_operator.section-1', 'example_subdag_operator.section-2', 'example_subdag_operator' retrieved from /Users/gordanaristova/MyProjects/MyRpaProject/venv/lib/python3.10/site-packages/airflow/example_dags/example_subdag_operator.py
[2025-06-12T11:41:02.352+0200] {logging_mixin.py:190} INFO - [2025-06-12T11:41:02.352+0200] {dag.py:3239} INFO - Sync 3 DAGs
[2025-06-12T11:41:02.357+0200] {logging_mixin.py:190} INFO - [2025-06-12T11:41:02.357+0200] {dag.py:4180} INFO - Setting next_dagrun for example_subdag_operator to 2022-01-01 00:00:00+00:00, run_after=2022-01-01 00:00:00+00:00
[2025-06-12T11:41:02.358+0200] {logging_mixin.py:190} INFO - [2025-06-12T11:41:02.358+0200] {dag.py:4180} INFO - Setting next_dagrun for example_subdag_operator.section-1 to None, run_after=None
[2025-06-12T11:41:02.358+0200] {logging_mixin.py:190} INFO - [2025-06-12T11:41:02.358+0200] {dag.py:4180} INFO - Setting next_dagrun for example_subdag_operator.section-2 to None, run_after=None
[2025-06-12T11:41:02.360+0200] {logging_mixin.py:190} INFO - [2025-06-12T11:41:02.360+0200] {dag.py:3239} INFO - Sync 2 DAGs
[2025-06-12T11:41:02.361+0200] {logging_mixin.py:190} INFO - [2025-06-12T11:41:02.361+0200] {dag.py:4180} INFO - Setting next_dagrun for example_subdag_operator.section-1 to None, run_after=None
[2025-06-12T11:41:02.361+0200] {logging_mixin.py:190} INFO - [2025-06-12T11:41:02.361+0200] {dag.py:4180} INFO - Setting next_dagrun for example_subdag_operator.section-2 to None, run_after=None
[2025-06-12T11:41:02.364+0200] {processor.py:208} INFO - Processing /Users/gordanaristova/MyProjects/MyRpaProject/venv/lib/python3.10/site-packages/airflow/example_dags/example_subdag_operator.py took 0.210 seconds
[2025-06-12T11:42:26.349+0200] {processor.py:186} INFO - Started process (PID=10493) to work on /Users/gordanaristova/MyProjects/MyRpaProject/venv/lib/python3.10/site-packages/airflow/example_dags/example_subdag_operator.py
[2025-06-12T11:42:26.350+0200] {processor.py:914} INFO - Processing file /Users/gordanaristova/MyProjects/MyRpaProject/venv/lib/python3.10/site-packages/airflow/example_dags/example_subdag_operator.py for tasks to queue
[2025-06-12T11:42:26.350+0200] {logging_mixin.py:190} INFO - [2025-06-12T11:42:26.350+0200] {dagbag.py:588} INFO - Filling up the DagBag from /Users/gordanaristova/MyProjects/MyRpaProject/venv/lib/python3.10/site-packages/airflow/example_dags/example_subdag_operator.py
[2025-06-12T11:42:26.379+0200] {processor.py:925} INFO - DAG(s) 'example_subdag_operator.section-1', 'example_subdag_operator.section-2', 'example_subdag_operator' retrieved from /Users/gordanaristova/MyProjects/MyRpaProject/venv/lib/python3.10/site-packages/airflow/example_dags/example_subdag_operator.py
[2025-06-12T11:42:26.538+0200] {logging_mixin.py:190} INFO - [2025-06-12T11:42:26.538+0200] {dag.py:3239} INFO - Sync 3 DAGs
[2025-06-12T11:42:26.543+0200] {logging_mixin.py:190} INFO - [2025-06-12T11:42:26.543+0200] {dag.py:4180} INFO - Setting next_dagrun for example_subdag_operator to 2022-01-01 00:00:00+00:00, run_after=2022-01-01 00:00:00+00:00
[2025-06-12T11:42:26.543+0200] {logging_mixin.py:190} INFO - [2025-06-12T11:42:26.543+0200] {dag.py:4180} INFO - Setting next_dagrun for example_subdag_operator.section-1 to None, run_after=None
[2025-06-12T11:42:26.544+0200] {logging_mixin.py:190} INFO - [2025-06-12T11:42:26.544+0200] {dag.py:4180} INFO - Setting next_dagrun for example_subdag_operator.section-2 to None, run_after=None
[2025-06-12T11:42:26.545+0200] {logging_mixin.py:190} INFO - [2025-06-12T11:42:26.545+0200] {dag.py:3239} INFO - Sync 2 DAGs
[2025-06-12T11:42:26.546+0200] {logging_mixin.py:190} INFO - [2025-06-12T11:42:26.546+0200] {dag.py:4180} INFO - Setting next_dagrun for example_subdag_operator.section-1 to None, run_after=None
[2025-06-12T11:42:26.546+0200] {logging_mixin.py:190} INFO - [2025-06-12T11:42:26.546+0200] {dag.py:4180} INFO - Setting next_dagrun for example_subdag_operator.section-2 to None, run_after=None
[2025-06-12T11:42:26.550+0200] {processor.py:208} INFO - Processing /Users/gordanaristova/MyProjects/MyRpaProject/venv/lib/python3.10/site-packages/airflow/example_dags/example_subdag_operator.py took 0.201 seconds
[2025-06-12T11:49:50.056+0200] {processor.py:186} INFO - Started process (PID=10630) to work on /Users/gordanaristova/MyProjects/MyRpaProject/venv/lib/python3.10/site-packages/airflow/example_dags/example_subdag_operator.py
[2025-06-12T11:49:50.057+0200] {processor.py:914} INFO - Processing file /Users/gordanaristova/MyProjects/MyRpaProject/venv/lib/python3.10/site-packages/airflow/example_dags/example_subdag_operator.py for tasks to queue
[2025-06-12T11:49:50.057+0200] {logging_mixin.py:190} INFO - [2025-06-12T11:49:50.057+0200] {dagbag.py:588} INFO - Filling up the DagBag from /Users/gordanaristova/MyProjects/MyRpaProject/venv/lib/python3.10/site-packages/airflow/example_dags/example_subdag_operator.py
[2025-06-12T11:49:50.088+0200] {processor.py:925} INFO - DAG(s) 'example_subdag_operator.section-1', 'example_subdag_operator.section-2', 'example_subdag_operator' retrieved from /Users/gordanaristova/MyProjects/MyRpaProject/venv/lib/python3.10/site-packages/airflow/example_dags/example_subdag_operator.py
[2025-06-12T11:49:50.294+0200] {logging_mixin.py:190} INFO - [2025-06-12T11:49:50.293+0200] {dag.py:3239} INFO - Sync 3 DAGs
[2025-06-12T11:49:50.299+0200] {logging_mixin.py:190} INFO - [2025-06-12T11:49:50.299+0200] {dag.py:4180} INFO - Setting next_dagrun for example_subdag_operator to 2022-01-01 00:00:00+00:00, run_after=2022-01-01 00:00:00+00:00
[2025-06-12T11:49:50.300+0200] {logging_mixin.py:190} INFO - [2025-06-12T11:49:50.300+0200] {dag.py:4180} INFO - Setting next_dagrun for example_subdag_operator.section-1 to None, run_after=None
[2025-06-12T11:49:50.300+0200] {logging_mixin.py:190} INFO - [2025-06-12T11:49:50.300+0200] {dag.py:4180} INFO - Setting next_dagrun for example_subdag_operator.section-2 to None, run_after=None
[2025-06-12T11:49:50.302+0200] {logging_mixin.py:190} INFO - [2025-06-12T11:49:50.302+0200] {dag.py:3239} INFO - Sync 2 DAGs
[2025-06-12T11:49:50.303+0200] {logging_mixin.py:190} INFO - [2025-06-12T11:49:50.303+0200] {dag.py:4180} INFO - Setting next_dagrun for example_subdag_operator.section-1 to None, run_after=None
[2025-06-12T11:49:50.303+0200] {logging_mixin.py:190} INFO - [2025-06-12T11:49:50.303+0200] {dag.py:4180} INFO - Setting next_dagrun for example_subdag_operator.section-2 to None, run_after=None
[2025-06-12T11:49:50.307+0200] {processor.py:208} INFO - Processing /Users/gordanaristova/MyProjects/MyRpaProject/venv/lib/python3.10/site-packages/airflow/example_dags/example_subdag_operator.py took 0.252 seconds
[2025-06-12T11:51:16.631+0200] {processor.py:186} INFO - Started process (PID=10717) to work on /Users/gordanaristova/MyProjects/MyRpaProject/venv/lib/python3.10/site-packages/airflow/example_dags/example_subdag_operator.py
[2025-06-12T11:51:16.632+0200] {processor.py:914} INFO - Processing file /Users/gordanaristova/MyProjects/MyRpaProject/venv/lib/python3.10/site-packages/airflow/example_dags/example_subdag_operator.py for tasks to queue
[2025-06-12T11:51:16.633+0200] {logging_mixin.py:190} INFO - [2025-06-12T11:51:16.632+0200] {dagbag.py:588} INFO - Filling up the DagBag from /Users/gordanaristova/MyProjects/MyRpaProject/venv/lib/python3.10/site-packages/airflow/example_dags/example_subdag_operator.py
[2025-06-12T11:51:16.661+0200] {processor.py:925} INFO - DAG(s) 'example_subdag_operator.section-1', 'example_subdag_operator.section-2', 'example_subdag_operator' retrieved from /Users/gordanaristova/MyProjects/MyRpaProject/venv/lib/python3.10/site-packages/airflow/example_dags/example_subdag_operator.py
[2025-06-12T11:51:16.823+0200] {logging_mixin.py:190} INFO - [2025-06-12T11:51:16.823+0200] {dag.py:3239} INFO - Sync 3 DAGs
[2025-06-12T11:51:16.828+0200] {logging_mixin.py:190} INFO - [2025-06-12T11:51:16.828+0200] {dag.py:4180} INFO - Setting next_dagrun for example_subdag_operator to 2022-01-01 00:00:00+00:00, run_after=2022-01-01 00:00:00+00:00
[2025-06-12T11:51:16.829+0200] {logging_mixin.py:190} INFO - [2025-06-12T11:51:16.829+0200] {dag.py:4180} INFO - Setting next_dagrun for example_subdag_operator.section-1 to None, run_after=None
[2025-06-12T11:51:16.829+0200] {logging_mixin.py:190} INFO - [2025-06-12T11:51:16.829+0200] {dag.py:4180} INFO - Setting next_dagrun for example_subdag_operator.section-2 to None, run_after=None
[2025-06-12T11:51:16.830+0200] {logging_mixin.py:190} INFO - [2025-06-12T11:51:16.830+0200] {dag.py:3239} INFO - Sync 2 DAGs
[2025-06-12T11:51:16.831+0200] {logging_mixin.py:190} INFO - [2025-06-12T11:51:16.831+0200] {dag.py:4180} INFO - Setting next_dagrun for example_subdag_operator.section-1 to None, run_after=None
[2025-06-12T11:51:16.831+0200] {logging_mixin.py:190} INFO - [2025-06-12T11:51:16.831+0200] {dag.py:4180} INFO - Setting next_dagrun for example_subdag_operator.section-2 to None, run_after=None
[2025-06-12T11:51:16.835+0200] {processor.py:208} INFO - Processing /Users/gordanaristova/MyProjects/MyRpaProject/venv/lib/python3.10/site-packages/airflow/example_dags/example_subdag_operator.py took 0.205 seconds
[2025-06-12T11:53:03.568+0200] {processor.py:186} INFO - Started process (PID=10826) to work on /Users/gordanaristova/MyProjects/MyRpaProject/venv/lib/python3.10/site-packages/airflow/example_dags/example_subdag_operator.py
[2025-06-12T11:53:03.568+0200] {processor.py:914} INFO - Processing file /Users/gordanaristova/MyProjects/MyRpaProject/venv/lib/python3.10/site-packages/airflow/example_dags/example_subdag_operator.py for tasks to queue
[2025-06-12T11:53:03.568+0200] {logging_mixin.py:190} INFO - [2025-06-12T11:53:03.568+0200] {dagbag.py:588} INFO - Filling up the DagBag from /Users/gordanaristova/MyProjects/MyRpaProject/venv/lib/python3.10/site-packages/airflow/example_dags/example_subdag_operator.py
[2025-06-12T11:53:03.597+0200] {processor.py:925} INFO - DAG(s) 'example_subdag_operator.section-1', 'example_subdag_operator.section-2', 'example_subdag_operator' retrieved from /Users/gordanaristova/MyProjects/MyRpaProject/venv/lib/python3.10/site-packages/airflow/example_dags/example_subdag_operator.py
[2025-06-12T11:53:03.756+0200] {logging_mixin.py:190} INFO - [2025-06-12T11:53:03.756+0200] {dag.py:3239} INFO - Sync 3 DAGs
[2025-06-12T11:53:03.761+0200] {logging_mixin.py:190} INFO - [2025-06-12T11:53:03.761+0200] {dag.py:4180} INFO - Setting next_dagrun for example_subdag_operator to 2022-01-01 00:00:00+00:00, run_after=2022-01-01 00:00:00+00:00
[2025-06-12T11:53:03.762+0200] {logging_mixin.py:190} INFO - [2025-06-12T11:53:03.762+0200] {dag.py:4180} INFO - Setting next_dagrun for example_subdag_operator.section-1 to None, run_after=None
[2025-06-12T11:53:03.762+0200] {logging_mixin.py:190} INFO - [2025-06-12T11:53:03.762+0200] {dag.py:4180} INFO - Setting next_dagrun for example_subdag_operator.section-2 to None, run_after=None
[2025-06-12T11:53:03.764+0200] {logging_mixin.py:190} INFO - [2025-06-12T11:53:03.764+0200] {dag.py:3239} INFO - Sync 2 DAGs
[2025-06-12T11:53:03.765+0200] {logging_mixin.py:190} INFO - [2025-06-12T11:53:03.765+0200] {dag.py:4180} INFO - Setting next_dagrun for example_subdag_operator.section-1 to None, run_after=None
[2025-06-12T11:53:03.765+0200] {logging_mixin.py:190} INFO - [2025-06-12T11:53:03.765+0200] {dag.py:4180} INFO - Setting next_dagrun for example_subdag_operator.section-2 to None, run_after=None
[2025-06-12T11:53:03.768+0200] {processor.py:208} INFO - Processing /Users/gordanaristova/MyProjects/MyRpaProject/venv/lib/python3.10/site-packages/airflow/example_dags/example_subdag_operator.py took 0.201 seconds
[2025-06-12T11:54:52.606+0200] {processor.py:186} INFO - Started process (PID=10914) to work on /Users/gordanaristova/MyProjects/MyRpaProject/venv/lib/python3.10/site-packages/airflow/example_dags/example_subdag_operator.py
[2025-06-12T11:54:52.607+0200] {processor.py:914} INFO - Processing file /Users/gordanaristova/MyProjects/MyRpaProject/venv/lib/python3.10/site-packages/airflow/example_dags/example_subdag_operator.py for tasks to queue
[2025-06-12T11:54:52.608+0200] {logging_mixin.py:190} INFO - [2025-06-12T11:54:52.607+0200] {dagbag.py:588} INFO - Filling up the DagBag from /Users/gordanaristova/MyProjects/MyRpaProject/venv/lib/python3.10/site-packages/airflow/example_dags/example_subdag_operator.py
[2025-06-12T11:54:52.638+0200] {processor.py:925} INFO - DAG(s) 'example_subdag_operator.section-1', 'example_subdag_operator.section-2', 'example_subdag_operator' retrieved from /Users/gordanaristova/MyProjects/MyRpaProject/venv/lib/python3.10/site-packages/airflow/example_dags/example_subdag_operator.py
[2025-06-12T11:54:52.800+0200] {logging_mixin.py:190} INFO - [2025-06-12T11:54:52.800+0200] {dag.py:3239} INFO - Sync 3 DAGs
[2025-06-12T11:54:52.805+0200] {logging_mixin.py:190} INFO - [2025-06-12T11:54:52.805+0200] {dag.py:4180} INFO - Setting next_dagrun for example_subdag_operator to 2022-01-01 00:00:00+00:00, run_after=2022-01-01 00:00:00+00:00
[2025-06-12T11:54:52.806+0200] {logging_mixin.py:190} INFO - [2025-06-12T11:54:52.806+0200] {dag.py:4180} INFO - Setting next_dagrun for example_subdag_operator.section-1 to None, run_after=None
[2025-06-12T11:54:52.806+0200] {logging_mixin.py:190} INFO - [2025-06-12T11:54:52.806+0200] {dag.py:4180} INFO - Setting next_dagrun for example_subdag_operator.section-2 to None, run_after=None
[2025-06-12T11:54:52.808+0200] {logging_mixin.py:190} INFO - [2025-06-12T11:54:52.808+0200] {dag.py:3239} INFO - Sync 2 DAGs
[2025-06-12T11:54:52.809+0200] {logging_mixin.py:190} INFO - [2025-06-12T11:54:52.809+0200] {dag.py:4180} INFO - Setting next_dagrun for example_subdag_operator.section-1 to None, run_after=None
[2025-06-12T11:54:52.809+0200] {logging_mixin.py:190} INFO - [2025-06-12T11:54:52.809+0200] {dag.py:4180} INFO - Setting next_dagrun for example_subdag_operator.section-2 to None, run_after=None
[2025-06-12T11:54:52.812+0200] {processor.py:208} INFO - Processing /Users/gordanaristova/MyProjects/MyRpaProject/venv/lib/python3.10/site-packages/airflow/example_dags/example_subdag_operator.py took 0.207 seconds
[2025-06-12T11:56:41.246+0200] {processor.py:186} INFO - Started process (PID=11030) to work on /Users/gordanaristova/MyProjects/MyRpaProject/venv/lib/python3.10/site-packages/airflow/example_dags/example_subdag_operator.py
[2025-06-12T11:56:41.247+0200] {processor.py:914} INFO - Processing file /Users/gordanaristova/MyProjects/MyRpaProject/venv/lib/python3.10/site-packages/airflow/example_dags/example_subdag_operator.py for tasks to queue
[2025-06-12T11:56:41.247+0200] {logging_mixin.py:190} INFO - [2025-06-12T11:56:41.247+0200] {dagbag.py:588} INFO - Filling up the DagBag from /Users/gordanaristova/MyProjects/MyRpaProject/venv/lib/python3.10/site-packages/airflow/example_dags/example_subdag_operator.py
[2025-06-12T11:56:41.278+0200] {processor.py:925} INFO - DAG(s) 'example_subdag_operator.section-1', 'example_subdag_operator.section-2', 'example_subdag_operator' retrieved from /Users/gordanaristova/MyProjects/MyRpaProject/venv/lib/python3.10/site-packages/airflow/example_dags/example_subdag_operator.py
[2025-06-12T11:56:41.446+0200] {logging_mixin.py:190} INFO - [2025-06-12T11:56:41.445+0200] {dag.py:3239} INFO - Sync 3 DAGs
[2025-06-12T11:56:41.451+0200] {logging_mixin.py:190} INFO - [2025-06-12T11:56:41.451+0200] {dag.py:4180} INFO - Setting next_dagrun for example_subdag_operator to 2022-01-01 00:00:00+00:00, run_after=2022-01-01 00:00:00+00:00
[2025-06-12T11:56:41.452+0200] {logging_mixin.py:190} INFO - [2025-06-12T11:56:41.451+0200] {dag.py:4180} INFO - Setting next_dagrun for example_subdag_operator.section-1 to None, run_after=None
[2025-06-12T11:56:41.452+0200] {logging_mixin.py:190} INFO - [2025-06-12T11:56:41.452+0200] {dag.py:4180} INFO - Setting next_dagrun for example_subdag_operator.section-2 to None, run_after=None
[2025-06-12T11:56:41.453+0200] {logging_mixin.py:190} INFO - [2025-06-12T11:56:41.453+0200] {dag.py:3239} INFO - Sync 2 DAGs
[2025-06-12T11:56:41.454+0200] {logging_mixin.py:190} INFO - [2025-06-12T11:56:41.454+0200] {dag.py:4180} INFO - Setting next_dagrun for example_subdag_operator.section-1 to None, run_after=None
[2025-06-12T11:56:41.454+0200] {logging_mixin.py:190} INFO - [2025-06-12T11:56:41.454+0200] {dag.py:4180} INFO - Setting next_dagrun for example_subdag_operator.section-2 to None, run_after=None
[2025-06-12T11:56:41.458+0200] {processor.py:208} INFO - Processing /Users/gordanaristova/MyProjects/MyRpaProject/venv/lib/python3.10/site-packages/airflow/example_dags/example_subdag_operator.py took 0.214 seconds
[2025-06-12T13:14:36.827+0200] {processor.py:186} INFO - Started process (PID=13000) to work on /Users/gordanaristova/MyProjects/MyRpaProject/venv/lib/python3.10/site-packages/airflow/example_dags/example_subdag_operator.py
[2025-06-12T13:14:36.828+0200] {processor.py:914} INFO - Processing file /Users/gordanaristova/MyProjects/MyRpaProject/venv/lib/python3.10/site-packages/airflow/example_dags/example_subdag_operator.py for tasks to queue
[2025-06-12T13:14:36.828+0200] {logging_mixin.py:190} INFO - [2025-06-12T13:14:36.828+0200] {dagbag.py:588} INFO - Filling up the DagBag from /Users/gordanaristova/MyProjects/MyRpaProject/venv/lib/python3.10/site-packages/airflow/example_dags/example_subdag_operator.py
[2025-06-12T13:14:36.860+0200] {processor.py:925} INFO - DAG(s) 'example_subdag_operator.section-1', 'example_subdag_operator.section-2', 'example_subdag_operator' retrieved from /Users/gordanaristova/MyProjects/MyRpaProject/venv/lib/python3.10/site-packages/airflow/example_dags/example_subdag_operator.py
[2025-06-12T13:14:37.036+0200] {logging_mixin.py:190} INFO - [2025-06-12T13:14:37.036+0200] {dag.py:3239} INFO - Sync 3 DAGs
[2025-06-12T13:14:37.041+0200] {logging_mixin.py:190} INFO - [2025-06-12T13:14:37.041+0200] {dag.py:4180} INFO - Setting next_dagrun for example_subdag_operator to 2022-01-01 00:00:00+00:00, run_after=2022-01-01 00:00:00+00:00
[2025-06-12T13:14:37.042+0200] {logging_mixin.py:190} INFO - [2025-06-12T13:14:37.042+0200] {dag.py:4180} INFO - Setting next_dagrun for example_subdag_operator.section-1 to None, run_after=None
[2025-06-12T13:14:37.042+0200] {logging_mixin.py:190} INFO - [2025-06-12T13:14:37.042+0200] {dag.py:4180} INFO - Setting next_dagrun for example_subdag_operator.section-2 to None, run_after=None
[2025-06-12T13:14:37.044+0200] {logging_mixin.py:190} INFO - [2025-06-12T13:14:37.044+0200] {dag.py:3239} INFO - Sync 2 DAGs
[2025-06-12T13:14:37.045+0200] {logging_mixin.py:190} INFO - [2025-06-12T13:14:37.045+0200] {dag.py:4180} INFO - Setting next_dagrun for example_subdag_operator.section-1 to None, run_after=None
[2025-06-12T13:14:37.045+0200] {logging_mixin.py:190} INFO - [2025-06-12T13:14:37.045+0200] {dag.py:4180} INFO - Setting next_dagrun for example_subdag_operator.section-2 to None, run_after=None
[2025-06-12T13:14:37.049+0200] {processor.py:208} INFO - Processing /Users/gordanaristova/MyProjects/MyRpaProject/venv/lib/python3.10/site-packages/airflow/example_dags/example_subdag_operator.py took 0.223 seconds
