[2025-06-12T10:37:29.526+0200] {processor.py:186} INFO - Started process (PID=8465) to work on /Users/gordanaristova/MyProjects/MyRpaProject/venv/lib/python3.10/site-packages/airflow/example_dags/example_branch_python_dop_operator_3.py
[2025-06-12T10:37:29.526+0200] {processor.py:914} INFO - Processing file /Users/gordanaristova/MyProjects/MyRpaProject/venv/lib/python3.10/site-packages/airflow/example_dags/example_branch_python_dop_operator_3.py for tasks to queue
[2025-06-12T10:37:29.526+0200] {logging_mixin.py:190} INFO - [2025-06-12T10:37:29.526+0200] {dagbag.py:588} INFO - Filling up the DagBag from /Users/gordanaristova/MyProjects/MyRpaProject/venv/lib/python3.10/site-packages/airflow/example_dags/example_branch_python_dop_operator_3.py
[2025-06-12T10:37:29.538+0200] {processor.py:925} INFO - DAG(s) 'example_branch_dop_operator_v3' retrieved from /Users/gordanaristova/MyProjects/MyRpaProject/venv/lib/python3.10/site-packages/airflow/example_dags/example_branch_python_dop_operator_3.py
[2025-06-12T10:37:29.585+0200] {logging_mixin.py:190} INFO - [2025-06-12T10:37:29.585+0200] {override.py:1900} INFO - Created Permission View: can read on DAG:example_branch_dop_operator_v3
[2025-06-12T10:37:29.587+0200] {logging_mixin.py:190} INFO - [2025-06-12T10:37:29.587+0200] {override.py:1900} INFO - Created Permission View: can edit on DAG:example_branch_dop_operator_v3
[2025-06-12T10:37:29.589+0200] {logging_mixin.py:190} INFO - [2025-06-12T10:37:29.589+0200] {override.py:1900} INFO - Created Permission View: can delete on DAG:example_branch_dop_operator_v3
[2025-06-12T10:37:29.590+0200] {logging_mixin.py:190} INFO - [2025-06-12T10:37:29.590+0200] {override.py:1900} INFO - Created Permission View: menu access on DAG Run:example_branch_dop_operator_v3
[2025-06-12T10:37:29.592+0200] {logging_mixin.py:190} INFO - [2025-06-12T10:37:29.592+0200] {override.py:1900} INFO - Created Permission View: can read on DAG Run:example_branch_dop_operator_v3
[2025-06-12T10:37:29.593+0200] {logging_mixin.py:190} INFO - [2025-06-12T10:37:29.593+0200] {override.py:1900} INFO - Created Permission View: can create on DAG Run:example_branch_dop_operator_v3
[2025-06-12T10:37:29.594+0200] {logging_mixin.py:190} INFO - [2025-06-12T10:37:29.594+0200] {override.py:1900} INFO - Created Permission View: can delete on DAG Run:example_branch_dop_operator_v3
[2025-06-12T10:37:29.595+0200] {logging_mixin.py:190} INFO - [2025-06-12T10:37:29.595+0200] {dag.py:3239} INFO - Sync 1 DAGs
[2025-06-12T10:37:29.598+0200] {logging_mixin.py:190} INFO - [2025-06-12T10:37:29.598+0200] {dag.py:3262} INFO - Creating ORM DAG for example_branch_dop_operator_v3
[2025-06-12T10:37:29.601+0200] {logging_mixin.py:190} INFO - [2025-06-12T10:37:29.601+0200] {dag.py:4180} INFO - Setting next_dagrun for example_branch_dop_operator_v3 to 2025-06-12 08:36:00+00:00, run_after=2025-06-12 08:37:00+00:00
[2025-06-12T10:37:29.606+0200] {processor.py:208} INFO - Processing /Users/gordanaristova/MyProjects/MyRpaProject/venv/lib/python3.10/site-packages/airflow/example_dags/example_branch_python_dop_operator_3.py took 0.081 seconds
[2025-06-12T10:39:17.534+0200] {processor.py:186} INFO - Started process (PID=8555) to work on /Users/gordanaristova/MyProjects/MyRpaProject/venv/lib/python3.10/site-packages/airflow/example_dags/example_branch_python_dop_operator_3.py
[2025-06-12T10:39:17.535+0200] {processor.py:914} INFO - Processing file /Users/gordanaristova/MyProjects/MyRpaProject/venv/lib/python3.10/site-packages/airflow/example_dags/example_branch_python_dop_operator_3.py for tasks to queue
[2025-06-12T10:39:17.535+0200] {logging_mixin.py:190} INFO - [2025-06-12T10:39:17.535+0200] {dagbag.py:588} INFO - Filling up the DagBag from /Users/gordanaristova/MyProjects/MyRpaProject/venv/lib/python3.10/site-packages/airflow/example_dags/example_branch_python_dop_operator_3.py
[2025-06-12T10:39:17.546+0200] {processor.py:925} INFO - DAG(s) 'example_branch_dop_operator_v3' retrieved from /Users/gordanaristova/MyProjects/MyRpaProject/venv/lib/python3.10/site-packages/airflow/example_dags/example_branch_python_dop_operator_3.py
[2025-06-12T10:39:17.574+0200] {logging_mixin.py:190} INFO - [2025-06-12T10:39:17.574+0200] {dag.py:3239} INFO - Sync 1 DAGs
[2025-06-12T10:39:17.581+0200] {logging_mixin.py:190} INFO - [2025-06-12T10:39:17.580+0200] {dag.py:4180} INFO - Setting next_dagrun for example_branch_dop_operator_v3 to 2025-06-12 08:38:00+00:00, run_after=2025-06-12 08:39:00+00:00
[2025-06-12T10:39:17.585+0200] {processor.py:208} INFO - Processing /Users/gordanaristova/MyProjects/MyRpaProject/venv/lib/python3.10/site-packages/airflow/example_dags/example_branch_python_dop_operator_3.py took 0.052 seconds
[2025-06-12T10:41:00.670+0200] {processor.py:186} INFO - Started process (PID=8642) to work on /Users/gordanaristova/MyProjects/MyRpaProject/venv/lib/python3.10/site-packages/airflow/example_dags/example_branch_python_dop_operator_3.py
[2025-06-12T10:41:00.671+0200] {processor.py:914} INFO - Processing file /Users/gordanaristova/MyProjects/MyRpaProject/venv/lib/python3.10/site-packages/airflow/example_dags/example_branch_python_dop_operator_3.py for tasks to queue
[2025-06-12T10:41:00.671+0200] {logging_mixin.py:190} INFO - [2025-06-12T10:41:00.671+0200] {dagbag.py:588} INFO - Filling up the DagBag from /Users/gordanaristova/MyProjects/MyRpaProject/venv/lib/python3.10/site-packages/airflow/example_dags/example_branch_python_dop_operator_3.py
[2025-06-12T10:41:00.685+0200] {processor.py:925} INFO - DAG(s) 'example_branch_dop_operator_v3' retrieved from /Users/gordanaristova/MyProjects/MyRpaProject/venv/lib/python3.10/site-packages/airflow/example_dags/example_branch_python_dop_operator_3.py
[2025-06-12T10:41:00.716+0200] {logging_mixin.py:190} INFO - [2025-06-12T10:41:00.716+0200] {dag.py:3239} INFO - Sync 1 DAGs
[2025-06-12T10:41:00.723+0200] {logging_mixin.py:190} INFO - [2025-06-12T10:41:00.723+0200] {dag.py:4180} INFO - Setting next_dagrun for example_branch_dop_operator_v3 to 2025-06-12 08:40:00+00:00, run_after=2025-06-12 08:41:00+00:00
[2025-06-12T10:41:00.728+0200] {processor.py:208} INFO - Processing /Users/gordanaristova/MyProjects/MyRpaProject/venv/lib/python3.10/site-packages/airflow/example_dags/example_branch_python_dop_operator_3.py took 0.059 seconds
[2025-06-12T10:42:47.223+0200] {processor.py:186} INFO - Started process (PID=8726) to work on /Users/gordanaristova/MyProjects/MyRpaProject/venv/lib/python3.10/site-packages/airflow/example_dags/example_branch_python_dop_operator_3.py
[2025-06-12T10:42:47.223+0200] {processor.py:914} INFO - Processing file /Users/gordanaristova/MyProjects/MyRpaProject/venv/lib/python3.10/site-packages/airflow/example_dags/example_branch_python_dop_operator_3.py for tasks to queue
[2025-06-12T10:42:47.224+0200] {logging_mixin.py:190} INFO - [2025-06-12T10:42:47.224+0200] {dagbag.py:588} INFO - Filling up the DagBag from /Users/gordanaristova/MyProjects/MyRpaProject/venv/lib/python3.10/site-packages/airflow/example_dags/example_branch_python_dop_operator_3.py
[2025-06-12T10:42:47.235+0200] {processor.py:925} INFO - DAG(s) 'example_branch_dop_operator_v3' retrieved from /Users/gordanaristova/MyProjects/MyRpaProject/venv/lib/python3.10/site-packages/airflow/example_dags/example_branch_python_dop_operator_3.py
[2025-06-12T10:42:47.262+0200] {logging_mixin.py:190} INFO - [2025-06-12T10:42:47.262+0200] {dag.py:3239} INFO - Sync 1 DAGs
[2025-06-12T10:42:47.268+0200] {logging_mixin.py:190} INFO - [2025-06-12T10:42:47.268+0200] {dag.py:4180} INFO - Setting next_dagrun for example_branch_dop_operator_v3 to 2025-06-12 08:41:00+00:00, run_after=2025-06-12 08:42:00+00:00
[2025-06-12T10:42:47.273+0200] {processor.py:208} INFO - Processing /Users/gordanaristova/MyProjects/MyRpaProject/venv/lib/python3.10/site-packages/airflow/example_dags/example_branch_python_dop_operator_3.py took 0.050 seconds
[2025-06-12T10:44:33.393+0200] {processor.py:186} INFO - Started process (PID=8880) to work on /Users/gordanaristova/MyProjects/MyRpaProject/venv/lib/python3.10/site-packages/airflow/example_dags/example_branch_python_dop_operator_3.py
[2025-06-12T10:44:33.394+0200] {processor.py:914} INFO - Processing file /Users/gordanaristova/MyProjects/MyRpaProject/venv/lib/python3.10/site-packages/airflow/example_dags/example_branch_python_dop_operator_3.py for tasks to queue
[2025-06-12T10:44:33.395+0200] {logging_mixin.py:190} INFO - [2025-06-12T10:44:33.394+0200] {dagbag.py:588} INFO - Filling up the DagBag from /Users/gordanaristova/MyProjects/MyRpaProject/venv/lib/python3.10/site-packages/airflow/example_dags/example_branch_python_dop_operator_3.py
[2025-06-12T10:44:33.406+0200] {processor.py:925} INFO - DAG(s) 'example_branch_dop_operator_v3' retrieved from /Users/gordanaristova/MyProjects/MyRpaProject/venv/lib/python3.10/site-packages/airflow/example_dags/example_branch_python_dop_operator_3.py
[2025-06-12T10:44:33.433+0200] {logging_mixin.py:190} INFO - [2025-06-12T10:44:33.433+0200] {dag.py:3239} INFO - Sync 1 DAGs
[2025-06-12T10:44:33.439+0200] {logging_mixin.py:190} INFO - [2025-06-12T10:44:33.439+0200] {dag.py:4180} INFO - Setting next_dagrun for example_branch_dop_operator_v3 to 2025-06-12 08:43:00+00:00, run_after=2025-06-12 08:44:00+00:00
[2025-06-12T10:44:33.444+0200] {processor.py:208} INFO - Processing /Users/gordanaristova/MyProjects/MyRpaProject/venv/lib/python3.10/site-packages/airflow/example_dags/example_branch_python_dop_operator_3.py took 0.052 seconds
[2025-06-12T10:46:19.204+0200] {processor.py:186} INFO - Started process (PID=8974) to work on /Users/gordanaristova/MyProjects/MyRpaProject/venv/lib/python3.10/site-packages/airflow/example_dags/example_branch_python_dop_operator_3.py
[2025-06-12T10:46:19.205+0200] {processor.py:914} INFO - Processing file /Users/gordanaristova/MyProjects/MyRpaProject/venv/lib/python3.10/site-packages/airflow/example_dags/example_branch_python_dop_operator_3.py for tasks to queue
[2025-06-12T10:46:19.205+0200] {logging_mixin.py:190} INFO - [2025-06-12T10:46:19.205+0200] {dagbag.py:588} INFO - Filling up the DagBag from /Users/gordanaristova/MyProjects/MyRpaProject/venv/lib/python3.10/site-packages/airflow/example_dags/example_branch_python_dop_operator_3.py
[2025-06-12T10:46:19.218+0200] {processor.py:925} INFO - DAG(s) 'example_branch_dop_operator_v3' retrieved from /Users/gordanaristova/MyProjects/MyRpaProject/venv/lib/python3.10/site-packages/airflow/example_dags/example_branch_python_dop_operator_3.py
[2025-06-12T10:46:19.246+0200] {logging_mixin.py:190} INFO - [2025-06-12T10:46:19.246+0200] {dag.py:3239} INFO - Sync 1 DAGs
[2025-06-12T10:46:19.252+0200] {logging_mixin.py:190} INFO - [2025-06-12T10:46:19.252+0200] {dag.py:4180} INFO - Setting next_dagrun for example_branch_dop_operator_v3 to 2025-06-12 08:45:00+00:00, run_after=2025-06-12 08:46:00+00:00
[2025-06-12T10:46:19.257+0200] {processor.py:208} INFO - Processing /Users/gordanaristova/MyProjects/MyRpaProject/venv/lib/python3.10/site-packages/airflow/example_dags/example_branch_python_dop_operator_3.py took 0.054 seconds
[2025-06-12T10:48:12.540+0200] {processor.py:186} INFO - Started process (PID=9117) to work on /Users/gordanaristova/MyProjects/MyRpaProject/venv/lib/python3.10/site-packages/airflow/example_dags/example_branch_python_dop_operator_3.py
[2025-06-12T10:48:12.540+0200] {processor.py:914} INFO - Processing file /Users/gordanaristova/MyProjects/MyRpaProject/venv/lib/python3.10/site-packages/airflow/example_dags/example_branch_python_dop_operator_3.py for tasks to queue
[2025-06-12T10:48:12.540+0200] {logging_mixin.py:190} INFO - [2025-06-12T10:48:12.540+0200] {dagbag.py:588} INFO - Filling up the DagBag from /Users/gordanaristova/MyProjects/MyRpaProject/venv/lib/python3.10/site-packages/airflow/example_dags/example_branch_python_dop_operator_3.py
[2025-06-12T10:48:12.552+0200] {processor.py:925} INFO - DAG(s) 'example_branch_dop_operator_v3' retrieved from /Users/gordanaristova/MyProjects/MyRpaProject/venv/lib/python3.10/site-packages/airflow/example_dags/example_branch_python_dop_operator_3.py
[2025-06-12T10:48:12.579+0200] {logging_mixin.py:190} INFO - [2025-06-12T10:48:12.579+0200] {dag.py:3239} INFO - Sync 1 DAGs
[2025-06-12T10:48:12.585+0200] {logging_mixin.py:190} INFO - [2025-06-12T10:48:12.585+0200] {dag.py:4180} INFO - Setting next_dagrun for example_branch_dop_operator_v3 to 2025-06-12 08:47:00+00:00, run_after=2025-06-12 08:48:00+00:00
[2025-06-12T10:48:12.589+0200] {processor.py:208} INFO - Processing /Users/gordanaristova/MyProjects/MyRpaProject/venv/lib/python3.10/site-packages/airflow/example_dags/example_branch_python_dop_operator_3.py took 0.051 seconds
[2025-06-12T10:50:00.046+0200] {processor.py:186} INFO - Started process (PID=9238) to work on /Users/gordanaristova/MyProjects/MyRpaProject/venv/lib/python3.10/site-packages/airflow/example_dags/example_branch_python_dop_operator_3.py
[2025-06-12T10:50:00.047+0200] {processor.py:914} INFO - Processing file /Users/gordanaristova/MyProjects/MyRpaProject/venv/lib/python3.10/site-packages/airflow/example_dags/example_branch_python_dop_operator_3.py for tasks to queue
[2025-06-12T10:50:00.048+0200] {logging_mixin.py:190} INFO - [2025-06-12T10:50:00.047+0200] {dagbag.py:588} INFO - Filling up the DagBag from /Users/gordanaristova/MyProjects/MyRpaProject/venv/lib/python3.10/site-packages/airflow/example_dags/example_branch_python_dop_operator_3.py
[2025-06-12T10:50:00.059+0200] {processor.py:925} INFO - DAG(s) 'example_branch_dop_operator_v3' retrieved from /Users/gordanaristova/MyProjects/MyRpaProject/venv/lib/python3.10/site-packages/airflow/example_dags/example_branch_python_dop_operator_3.py
[2025-06-12T10:50:00.089+0200] {logging_mixin.py:190} INFO - [2025-06-12T10:50:00.088+0200] {dag.py:3239} INFO - Sync 1 DAGs
[2025-06-12T10:50:00.095+0200] {logging_mixin.py:190} INFO - [2025-06-12T10:50:00.095+0200] {dag.py:4180} INFO - Setting next_dagrun for example_branch_dop_operator_v3 to 2025-06-12 08:49:00+00:00, run_after=2025-06-12 08:50:00+00:00
[2025-06-12T10:50:00.099+0200] {processor.py:208} INFO - Processing /Users/gordanaristova/MyProjects/MyRpaProject/venv/lib/python3.10/site-packages/airflow/example_dags/example_branch_python_dop_operator_3.py took 0.054 seconds
[2025-06-12T10:57:40.290+0200] {processor.py:186} INFO - Started process (PID=9478) to work on /Users/gordanaristova/MyProjects/MyRpaProject/venv/lib/python3.10/site-packages/airflow/example_dags/example_branch_python_dop_operator_3.py
[2025-06-12T10:57:40.292+0200] {processor.py:914} INFO - Processing file /Users/gordanaristova/MyProjects/MyRpaProject/venv/lib/python3.10/site-packages/airflow/example_dags/example_branch_python_dop_operator_3.py for tasks to queue
[2025-06-12T10:57:40.292+0200] {logging_mixin.py:190} INFO - [2025-06-12T10:57:40.292+0200] {dagbag.py:588} INFO - Filling up the DagBag from /Users/gordanaristova/MyProjects/MyRpaProject/venv/lib/python3.10/site-packages/airflow/example_dags/example_branch_python_dop_operator_3.py
[2025-06-12T10:57:40.305+0200] {processor.py:925} INFO - DAG(s) 'example_branch_dop_operator_v3' retrieved from /Users/gordanaristova/MyProjects/MyRpaProject/venv/lib/python3.10/site-packages/airflow/example_dags/example_branch_python_dop_operator_3.py
[2025-06-12T10:57:40.334+0200] {logging_mixin.py:190} INFO - [2025-06-12T10:57:40.334+0200] {dag.py:3239} INFO - Sync 1 DAGs
[2025-06-12T10:57:40.340+0200] {logging_mixin.py:190} INFO - [2025-06-12T10:57:40.340+0200] {dag.py:4180} INFO - Setting next_dagrun for example_branch_dop_operator_v3 to 2025-06-12 08:56:00+00:00, run_after=2025-06-12 08:57:00+00:00
[2025-06-12T10:57:40.345+0200] {processor.py:208} INFO - Processing /Users/gordanaristova/MyProjects/MyRpaProject/venv/lib/python3.10/site-packages/airflow/example_dags/example_branch_python_dop_operator_3.py took 0.056 seconds
[2025-06-12T11:12:24.926+0200] {processor.py:186} INFO - Started process (PID=9799) to work on /Users/gordanaristova/MyProjects/MyRpaProject/venv/lib/python3.10/site-packages/airflow/example_dags/example_branch_python_dop_operator_3.py
[2025-06-12T11:12:24.927+0200] {processor.py:914} INFO - Processing file /Users/gordanaristova/MyProjects/MyRpaProject/venv/lib/python3.10/site-packages/airflow/example_dags/example_branch_python_dop_operator_3.py for tasks to queue
[2025-06-12T11:12:24.927+0200] {logging_mixin.py:190} INFO - [2025-06-12T11:12:24.927+0200] {dagbag.py:588} INFO - Filling up the DagBag from /Users/gordanaristova/MyProjects/MyRpaProject/venv/lib/python3.10/site-packages/airflow/example_dags/example_branch_python_dop_operator_3.py
[2025-06-12T11:12:24.938+0200] {processor.py:925} INFO - DAG(s) 'example_branch_dop_operator_v3' retrieved from /Users/gordanaristova/MyProjects/MyRpaProject/venv/lib/python3.10/site-packages/airflow/example_dags/example_branch_python_dop_operator_3.py
[2025-06-12T11:12:24.965+0200] {logging_mixin.py:190} INFO - [2025-06-12T11:12:24.965+0200] {dag.py:3239} INFO - Sync 1 DAGs
[2025-06-12T11:12:24.971+0200] {logging_mixin.py:190} INFO - [2025-06-12T11:12:24.971+0200] {dag.py:4180} INFO - Setting next_dagrun for example_branch_dop_operator_v3 to 2025-06-12 09:11:00+00:00, run_after=2025-06-12 09:12:00+00:00
[2025-06-12T11:12:24.975+0200] {processor.py:208} INFO - Processing /Users/gordanaristova/MyProjects/MyRpaProject/venv/lib/python3.10/site-packages/airflow/example_dags/example_branch_python_dop_operator_3.py took 0.050 seconds
[2025-06-12T11:22:31.271+0200] {processor.py:186} INFO - Started process (PID=10085) to work on /Users/gordanaristova/MyProjects/MyRpaProject/venv/lib/python3.10/site-packages/airflow/example_dags/example_branch_python_dop_operator_3.py
[2025-06-12T11:22:31.272+0200] {processor.py:914} INFO - Processing file /Users/gordanaristova/MyProjects/MyRpaProject/venv/lib/python3.10/site-packages/airflow/example_dags/example_branch_python_dop_operator_3.py for tasks to queue
[2025-06-12T11:22:31.272+0200] {logging_mixin.py:190} INFO - [2025-06-12T11:22:31.272+0200] {dagbag.py:588} INFO - Filling up the DagBag from /Users/gordanaristova/MyProjects/MyRpaProject/venv/lib/python3.10/site-packages/airflow/example_dags/example_branch_python_dop_operator_3.py
[2025-06-12T11:22:31.284+0200] {processor.py:925} INFO - DAG(s) 'example_branch_dop_operator_v3' retrieved from /Users/gordanaristova/MyProjects/MyRpaProject/venv/lib/python3.10/site-packages/airflow/example_dags/example_branch_python_dop_operator_3.py
[2025-06-12T11:22:31.312+0200] {logging_mixin.py:190} INFO - [2025-06-12T11:22:31.312+0200] {dag.py:3239} INFO - Sync 1 DAGs
[2025-06-12T11:22:31.318+0200] {logging_mixin.py:190} INFO - [2025-06-12T11:22:31.317+0200] {dag.py:4180} INFO - Setting next_dagrun for example_branch_dop_operator_v3 to 2025-06-12 09:21:00+00:00, run_after=2025-06-12 09:22:00+00:00
[2025-06-12T11:22:31.322+0200] {processor.py:208} INFO - Processing /Users/gordanaristova/MyProjects/MyRpaProject/venv/lib/python3.10/site-packages/airflow/example_dags/example_branch_python_dop_operator_3.py took 0.052 seconds
[2025-06-12T11:41:47.180+0200] {processor.py:186} INFO - Started process (PID=10453) to work on /Users/gordanaristova/MyProjects/MyRpaProject/venv/lib/python3.10/site-packages/airflow/example_dags/example_branch_python_dop_operator_3.py
[2025-06-12T11:41:47.181+0200] {processor.py:914} INFO - Processing file /Users/gordanaristova/MyProjects/MyRpaProject/venv/lib/python3.10/site-packages/airflow/example_dags/example_branch_python_dop_operator_3.py for tasks to queue
[2025-06-12T11:41:47.182+0200] {logging_mixin.py:190} INFO - [2025-06-12T11:41:47.182+0200] {dagbag.py:588} INFO - Filling up the DagBag from /Users/gordanaristova/MyProjects/MyRpaProject/venv/lib/python3.10/site-packages/airflow/example_dags/example_branch_python_dop_operator_3.py
[2025-06-12T11:41:47.193+0200] {processor.py:925} INFO - DAG(s) 'example_branch_dop_operator_v3' retrieved from /Users/gordanaristova/MyProjects/MyRpaProject/venv/lib/python3.10/site-packages/airflow/example_dags/example_branch_python_dop_operator_3.py
[2025-06-12T11:41:47.221+0200] {logging_mixin.py:190} INFO - [2025-06-12T11:41:47.221+0200] {dag.py:3239} INFO - Sync 1 DAGs
[2025-06-12T11:41:47.226+0200] {logging_mixin.py:190} INFO - [2025-06-12T11:41:47.226+0200] {dag.py:4180} INFO - Setting next_dagrun for example_branch_dop_operator_v3 to 2025-06-12 09:40:00+00:00, run_after=2025-06-12 09:41:00+00:00
[2025-06-12T11:41:47.231+0200] {processor.py:208} INFO - Processing /Users/gordanaristova/MyProjects/MyRpaProject/venv/lib/python3.10/site-packages/airflow/example_dags/example_branch_python_dop_operator_3.py took 0.052 seconds
[2025-06-12T11:50:36.337+0200] {processor.py:186} INFO - Started process (PID=10675) to work on /Users/gordanaristova/MyProjects/MyRpaProject/venv/lib/python3.10/site-packages/airflow/example_dags/example_branch_python_dop_operator_3.py
[2025-06-12T11:50:36.339+0200] {processor.py:914} INFO - Processing file /Users/gordanaristova/MyProjects/MyRpaProject/venv/lib/python3.10/site-packages/airflow/example_dags/example_branch_python_dop_operator_3.py for tasks to queue
[2025-06-12T11:50:36.339+0200] {logging_mixin.py:190} INFO - [2025-06-12T11:50:36.339+0200] {dagbag.py:588} INFO - Filling up the DagBag from /Users/gordanaristova/MyProjects/MyRpaProject/venv/lib/python3.10/site-packages/airflow/example_dags/example_branch_python_dop_operator_3.py
[2025-06-12T11:50:36.350+0200] {processor.py:925} INFO - DAG(s) 'example_branch_dop_operator_v3' retrieved from /Users/gordanaristova/MyProjects/MyRpaProject/venv/lib/python3.10/site-packages/airflow/example_dags/example_branch_python_dop_operator_3.py
[2025-06-12T11:50:36.377+0200] {logging_mixin.py:190} INFO - [2025-06-12T11:50:36.377+0200] {dag.py:3239} INFO - Sync 1 DAGs
[2025-06-12T11:50:36.383+0200] {logging_mixin.py:190} INFO - [2025-06-12T11:50:36.383+0200] {dag.py:4180} INFO - Setting next_dagrun for example_branch_dop_operator_v3 to 2025-06-12 09:49:00+00:00, run_after=2025-06-12 09:50:00+00:00
[2025-06-12T11:50:36.387+0200] {processor.py:208} INFO - Processing /Users/gordanaristova/MyProjects/MyRpaProject/venv/lib/python3.10/site-packages/airflow/example_dags/example_branch_python_dop_operator_3.py took 0.051 seconds
[2025-06-12T11:52:24.421+0200] {processor.py:186} INFO - Started process (PID=10798) to work on /Users/gordanaristova/MyProjects/MyRpaProject/venv/lib/python3.10/site-packages/airflow/example_dags/example_branch_python_dop_operator_3.py
[2025-06-12T11:52:24.422+0200] {processor.py:914} INFO - Processing file /Users/gordanaristova/MyProjects/MyRpaProject/venv/lib/python3.10/site-packages/airflow/example_dags/example_branch_python_dop_operator_3.py for tasks to queue
[2025-06-12T11:52:24.423+0200] {logging_mixin.py:190} INFO - [2025-06-12T11:52:24.423+0200] {dagbag.py:588} INFO - Filling up the DagBag from /Users/gordanaristova/MyProjects/MyRpaProject/venv/lib/python3.10/site-packages/airflow/example_dags/example_branch_python_dop_operator_3.py
[2025-06-12T11:52:24.434+0200] {processor.py:925} INFO - DAG(s) 'example_branch_dop_operator_v3' retrieved from /Users/gordanaristova/MyProjects/MyRpaProject/venv/lib/python3.10/site-packages/airflow/example_dags/example_branch_python_dop_operator_3.py
[2025-06-12T11:52:24.461+0200] {logging_mixin.py:190} INFO - [2025-06-12T11:52:24.461+0200] {dag.py:3239} INFO - Sync 1 DAGs
[2025-06-12T11:52:24.467+0200] {logging_mixin.py:190} INFO - [2025-06-12T11:52:24.467+0200] {dag.py:4180} INFO - Setting next_dagrun for example_branch_dop_operator_v3 to 2025-06-12 09:51:00+00:00, run_after=2025-06-12 09:52:00+00:00
[2025-06-12T11:52:24.472+0200] {processor.py:208} INFO - Processing /Users/gordanaristova/MyProjects/MyRpaProject/venv/lib/python3.10/site-packages/airflow/example_dags/example_branch_python_dop_operator_3.py took 0.051 seconds
[2025-06-12T11:54:13.214+0200] {processor.py:186} INFO - Started process (PID=10881) to work on /Users/gordanaristova/MyProjects/MyRpaProject/venv/lib/python3.10/site-packages/airflow/example_dags/example_branch_python_dop_operator_3.py
[2025-06-12T11:54:13.215+0200] {processor.py:914} INFO - Processing file /Users/gordanaristova/MyProjects/MyRpaProject/venv/lib/python3.10/site-packages/airflow/example_dags/example_branch_python_dop_operator_3.py for tasks to queue
[2025-06-12T11:54:13.216+0200] {logging_mixin.py:190} INFO - [2025-06-12T11:54:13.216+0200] {dagbag.py:588} INFO - Filling up the DagBag from /Users/gordanaristova/MyProjects/MyRpaProject/venv/lib/python3.10/site-packages/airflow/example_dags/example_branch_python_dop_operator_3.py
[2025-06-12T11:54:13.227+0200] {processor.py:925} INFO - DAG(s) 'example_branch_dop_operator_v3' retrieved from /Users/gordanaristova/MyProjects/MyRpaProject/venv/lib/python3.10/site-packages/airflow/example_dags/example_branch_python_dop_operator_3.py
[2025-06-12T11:54:13.255+0200] {logging_mixin.py:190} INFO - [2025-06-12T11:54:13.255+0200] {dag.py:3239} INFO - Sync 1 DAGs
[2025-06-12T11:54:13.261+0200] {logging_mixin.py:190} INFO - [2025-06-12T11:54:13.261+0200] {dag.py:4180} INFO - Setting next_dagrun for example_branch_dop_operator_v3 to 2025-06-12 09:53:00+00:00, run_after=2025-06-12 09:54:00+00:00
[2025-06-12T11:54:13.265+0200] {processor.py:208} INFO - Processing /Users/gordanaristova/MyProjects/MyRpaProject/venv/lib/python3.10/site-packages/airflow/example_dags/example_branch_python_dop_operator_3.py took 0.052 seconds
[2025-06-12T11:56:00.764+0200] {processor.py:186} INFO - Started process (PID=10990) to work on /Users/gordanaristova/MyProjects/MyRpaProject/venv/lib/python3.10/site-packages/airflow/example_dags/example_branch_python_dop_operator_3.py
[2025-06-12T11:56:00.765+0200] {processor.py:914} INFO - Processing file /Users/gordanaristova/MyProjects/MyRpaProject/venv/lib/python3.10/site-packages/airflow/example_dags/example_branch_python_dop_operator_3.py for tasks to queue
[2025-06-12T11:56:00.765+0200] {logging_mixin.py:190} INFO - [2025-06-12T11:56:00.765+0200] {dagbag.py:588} INFO - Filling up the DagBag from /Users/gordanaristova/MyProjects/MyRpaProject/venv/lib/python3.10/site-packages/airflow/example_dags/example_branch_python_dop_operator_3.py
[2025-06-12T11:56:00.776+0200] {processor.py:925} INFO - DAG(s) 'example_branch_dop_operator_v3' retrieved from /Users/gordanaristova/MyProjects/MyRpaProject/venv/lib/python3.10/site-packages/airflow/example_dags/example_branch_python_dop_operator_3.py
[2025-06-12T11:56:00.803+0200] {logging_mixin.py:190} INFO - [2025-06-12T11:56:00.803+0200] {dag.py:3239} INFO - Sync 1 DAGs
[2025-06-12T11:56:00.809+0200] {logging_mixin.py:190} INFO - [2025-06-12T11:56:00.809+0200] {dag.py:4180} INFO - Setting next_dagrun for example_branch_dop_operator_v3 to 2025-06-12 09:55:00+00:00, run_after=2025-06-12 09:56:00+00:00
[2025-06-12T11:56:00.814+0200] {processor.py:208} INFO - Processing /Users/gordanaristova/MyProjects/MyRpaProject/venv/lib/python3.10/site-packages/airflow/example_dags/example_branch_python_dop_operator_3.py took 0.051 seconds
[2025-06-12T13:15:24.719+0200] {processor.py:186} INFO - Started process (PID=13046) to work on /Users/gordanaristova/MyProjects/MyRpaProject/venv/lib/python3.10/site-packages/airflow/example_dags/example_branch_python_dop_operator_3.py
[2025-06-12T13:15:24.720+0200] {processor.py:914} INFO - Processing file /Users/gordanaristova/MyProjects/MyRpaProject/venv/lib/python3.10/site-packages/airflow/example_dags/example_branch_python_dop_operator_3.py for tasks to queue
[2025-06-12T13:15:24.720+0200] {logging_mixin.py:190} INFO - [2025-06-12T13:15:24.720+0200] {dagbag.py:588} INFO - Filling up the DagBag from /Users/gordanaristova/MyProjects/MyRpaProject/venv/lib/python3.10/site-packages/airflow/example_dags/example_branch_python_dop_operator_3.py
[2025-06-12T13:15:24.733+0200] {processor.py:925} INFO - DAG(s) 'example_branch_dop_operator_v3' retrieved from /Users/gordanaristova/MyProjects/MyRpaProject/venv/lib/python3.10/site-packages/airflow/example_dags/example_branch_python_dop_operator_3.py
[2025-06-12T13:15:24.761+0200] {logging_mixin.py:190} INFO - [2025-06-12T13:15:24.761+0200] {dag.py:3239} INFO - Sync 1 DAGs
[2025-06-12T13:15:24.767+0200] {logging_mixin.py:190} INFO - [2025-06-12T13:15:24.767+0200] {dag.py:4180} INFO - Setting next_dagrun for example_branch_dop_operator_v3 to 2025-06-12 11:14:00+00:00, run_after=2025-06-12 11:15:00+00:00
[2025-06-12T13:15:24.772+0200] {processor.py:208} INFO - Processing /Users/gordanaristova/MyProjects/MyRpaProject/venv/lib/python3.10/site-packages/airflow/example_dags/example_branch_python_dop_operator_3.py took 0.054 seconds
