[2025-06-12T10:36:34.969+0200] {processor.py:186} INFO - Started process (PID=8415) to work on /Users/gordanaristova/MyProjects/MyRpaProject/venv/lib/python3.10/site-packages/airflow/example_dags/example_trigger_target_dag.py
[2025-06-12T10:36:34.969+0200] {processor.py:914} INFO - Processing file /Users/gordanaristova/MyProjects/MyRpaProject/venv/lib/python3.10/site-packages/airflow/example_dags/example_trigger_target_dag.py for tasks to queue
[2025-06-12T10:36:34.969+0200] {logging_mixin.py:190} INFO - [2025-06-12T10:36:34.969+0200] {dagbag.py:588} INFO - Filling up the DagBag from /Users/gordanaristova/MyProjects/MyRpaProject/venv/lib/python3.10/site-packages/airflow/example_dags/example_trigger_target_dag.py
[2025-06-12T10:36:34.979+0200] {processor.py:925} INFO - DAG(s) 'example_trigger_target_dag' retrieved from /Users/gordanaristova/MyProjects/MyRpaProject/venv/lib/python3.10/site-packages/airflow/example_dags/example_trigger_target_dag.py
[2025-06-12T10:36:35.027+0200] {logging_mixin.py:190} INFO - [2025-06-12T10:36:35.027+0200] {override.py:1900} INFO - Created Permission View: can edit on DAG:example_trigger_target_dag
[2025-06-12T10:36:35.029+0200] {logging_mixin.py:190} INFO - [2025-06-12T10:36:35.029+0200] {override.py:1900} INFO - Created Permission View: can read on DAG:example_trigger_target_dag
[2025-06-12T10:36:35.031+0200] {logging_mixin.py:190} INFO - [2025-06-12T10:36:35.031+0200] {override.py:1900} INFO - Created Permission View: can delete on DAG:example_trigger_target_dag
[2025-06-12T10:36:35.032+0200] {logging_mixin.py:190} INFO - [2025-06-12T10:36:35.032+0200] {override.py:1900} INFO - Created Permission View: menu access on DAG Run:example_trigger_target_dag
[2025-06-12T10:36:35.034+0200] {logging_mixin.py:190} INFO - [2025-06-12T10:36:35.034+0200] {override.py:1900} INFO - Created Permission View: can create on DAG Run:example_trigger_target_dag
[2025-06-12T10:36:35.035+0200] {logging_mixin.py:190} INFO - [2025-06-12T10:36:35.035+0200] {override.py:1900} INFO - Created Permission View: can read on DAG Run:example_trigger_target_dag
[2025-06-12T10:36:35.037+0200] {logging_mixin.py:190} INFO - [2025-06-12T10:36:35.037+0200] {override.py:1900} INFO - Created Permission View: can delete on DAG Run:example_trigger_target_dag
[2025-06-12T10:36:35.037+0200] {logging_mixin.py:190} INFO - [2025-06-12T10:36:35.037+0200] {dag.py:3239} INFO - Sync 1 DAGs
[2025-06-12T10:36:35.040+0200] {logging_mixin.py:190} INFO - [2025-06-12T10:36:35.040+0200] {dag.py:3262} INFO - Creating ORM DAG for example_trigger_target_dag
[2025-06-12T10:36:35.040+0200] {logging_mixin.py:190} INFO - [2025-06-12T10:36:35.040+0200] {dag.py:4180} INFO - Setting next_dagrun for example_trigger_target_dag to None, run_after=None
[2025-06-12T10:36:35.044+0200] {processor.py:208} INFO - Processing /Users/gordanaristova/MyProjects/MyRpaProject/venv/lib/python3.10/site-packages/airflow/example_dags/example_trigger_target_dag.py took 0.077 seconds
[2025-06-12T10:38:03.731+0200] {processor.py:186} INFO - Started process (PID=8496) to work on /Users/gordanaristova/MyProjects/MyRpaProject/venv/lib/python3.10/site-packages/airflow/example_dags/example_trigger_target_dag.py
[2025-06-12T10:38:03.731+0200] {processor.py:914} INFO - Processing file /Users/gordanaristova/MyProjects/MyRpaProject/venv/lib/python3.10/site-packages/airflow/example_dags/example_trigger_target_dag.py for tasks to queue
[2025-06-12T10:38:03.732+0200] {logging_mixin.py:190} INFO - [2025-06-12T10:38:03.732+0200] {dagbag.py:588} INFO - Filling up the DagBag from /Users/gordanaristova/MyProjects/MyRpaProject/venv/lib/python3.10/site-packages/airflow/example_dags/example_trigger_target_dag.py
[2025-06-12T10:38:03.742+0200] {processor.py:925} INFO - DAG(s) 'example_trigger_target_dag' retrieved from /Users/gordanaristova/MyProjects/MyRpaProject/venv/lib/python3.10/site-packages/airflow/example_dags/example_trigger_target_dag.py
[2025-06-12T10:38:03.769+0200] {logging_mixin.py:190} INFO - [2025-06-12T10:38:03.769+0200] {dag.py:3239} INFO - Sync 1 DAGs
[2025-06-12T10:38:03.772+0200] {logging_mixin.py:190} INFO - [2025-06-12T10:38:03.772+0200] {dag.py:4180} INFO - Setting next_dagrun for example_trigger_target_dag to None, run_after=None
[2025-06-12T10:38:03.777+0200] {processor.py:208} INFO - Processing /Users/gordanaristova/MyProjects/MyRpaProject/venv/lib/python3.10/site-packages/airflow/example_dags/example_trigger_target_dag.py took 0.047 seconds
[2025-06-12T10:38:58.354+0200] {processor.py:186} INFO - Started process (PID=8540) to work on /Users/gordanaristova/MyProjects/MyRpaProject/venv/lib/python3.10/site-packages/airflow/example_dags/example_trigger_target_dag.py
[2025-06-12T10:38:58.355+0200] {processor.py:914} INFO - Processing file /Users/gordanaristova/MyProjects/MyRpaProject/venv/lib/python3.10/site-packages/airflow/example_dags/example_trigger_target_dag.py for tasks to queue
[2025-06-12T10:38:58.356+0200] {logging_mixin.py:190} INFO - [2025-06-12T10:38:58.356+0200] {dagbag.py:588} INFO - Filling up the DagBag from /Users/gordanaristova/MyProjects/MyRpaProject/venv/lib/python3.10/site-packages/airflow/example_dags/example_trigger_target_dag.py
[2025-06-12T10:38:58.367+0200] {processor.py:925} INFO - DAG(s) 'example_trigger_target_dag' retrieved from /Users/gordanaristova/MyProjects/MyRpaProject/venv/lib/python3.10/site-packages/airflow/example_dags/example_trigger_target_dag.py
[2025-06-12T10:38:58.394+0200] {logging_mixin.py:190} INFO - [2025-06-12T10:38:58.394+0200] {dag.py:3239} INFO - Sync 1 DAGs
[2025-06-12T10:38:58.397+0200] {logging_mixin.py:190} INFO - [2025-06-12T10:38:58.397+0200] {dag.py:4180} INFO - Setting next_dagrun for example_trigger_target_dag to None, run_after=None
[2025-06-12T10:38:58.402+0200] {processor.py:208} INFO - Processing /Users/gordanaristova/MyProjects/MyRpaProject/venv/lib/python3.10/site-packages/airflow/example_dags/example_trigger_target_dag.py took 0.048 seconds
[2025-06-12T10:39:50.213+0200] {processor.py:186} INFO - Started process (PID=8579) to work on /Users/gordanaristova/MyProjects/MyRpaProject/venv/lib/python3.10/site-packages/airflow/example_dags/example_trigger_target_dag.py
[2025-06-12T10:39:50.213+0200] {processor.py:914} INFO - Processing file /Users/gordanaristova/MyProjects/MyRpaProject/venv/lib/python3.10/site-packages/airflow/example_dags/example_trigger_target_dag.py for tasks to queue
[2025-06-12T10:39:50.214+0200] {logging_mixin.py:190} INFO - [2025-06-12T10:39:50.214+0200] {dagbag.py:588} INFO - Filling up the DagBag from /Users/gordanaristova/MyProjects/MyRpaProject/venv/lib/python3.10/site-packages/airflow/example_dags/example_trigger_target_dag.py
[2025-06-12T10:39:50.224+0200] {processor.py:925} INFO - DAG(s) 'example_trigger_target_dag' retrieved from /Users/gordanaristova/MyProjects/MyRpaProject/venv/lib/python3.10/site-packages/airflow/example_dags/example_trigger_target_dag.py
[2025-06-12T10:39:50.251+0200] {logging_mixin.py:190} INFO - [2025-06-12T10:39:50.251+0200] {dag.py:3239} INFO - Sync 1 DAGs
[2025-06-12T10:39:50.254+0200] {logging_mixin.py:190} INFO - [2025-06-12T10:39:50.254+0200] {dag.py:4180} INFO - Setting next_dagrun for example_trigger_target_dag to None, run_after=None
[2025-06-12T10:39:50.258+0200] {processor.py:208} INFO - Processing /Users/gordanaristova/MyProjects/MyRpaProject/venv/lib/python3.10/site-packages/airflow/example_dags/example_trigger_target_dag.py took 0.046 seconds
[2025-06-12T10:41:33.167+0200] {processor.py:186} INFO - Started process (PID=8669) to work on /Users/gordanaristova/MyProjects/MyRpaProject/venv/lib/python3.10/site-packages/airflow/example_dags/example_trigger_target_dag.py
[2025-06-12T10:41:33.168+0200] {processor.py:914} INFO - Processing file /Users/gordanaristova/MyProjects/MyRpaProject/venv/lib/python3.10/site-packages/airflow/example_dags/example_trigger_target_dag.py for tasks to queue
[2025-06-12T10:41:33.168+0200] {logging_mixin.py:190} INFO - [2025-06-12T10:41:33.168+0200] {dagbag.py:588} INFO - Filling up the DagBag from /Users/gordanaristova/MyProjects/MyRpaProject/venv/lib/python3.10/site-packages/airflow/example_dags/example_trigger_target_dag.py
[2025-06-12T10:41:33.178+0200] {processor.py:925} INFO - DAG(s) 'example_trigger_target_dag' retrieved from /Users/gordanaristova/MyProjects/MyRpaProject/venv/lib/python3.10/site-packages/airflow/example_dags/example_trigger_target_dag.py
[2025-06-12T10:41:33.206+0200] {logging_mixin.py:190} INFO - [2025-06-12T10:41:33.206+0200] {dag.py:3239} INFO - Sync 1 DAGs
[2025-06-12T10:41:33.209+0200] {logging_mixin.py:190} INFO - [2025-06-12T10:41:33.209+0200] {dag.py:4180} INFO - Setting next_dagrun for example_trigger_target_dag to None, run_after=None
[2025-06-12T10:41:33.214+0200] {processor.py:208} INFO - Processing /Users/gordanaristova/MyProjects/MyRpaProject/venv/lib/python3.10/site-packages/airflow/example_dags/example_trigger_target_dag.py took 0.048 seconds
[2025-06-12T10:42:26.270+0200] {processor.py:186} INFO - Started process (PID=8710) to work on /Users/gordanaristova/MyProjects/MyRpaProject/venv/lib/python3.10/site-packages/airflow/example_dags/example_trigger_target_dag.py
[2025-06-12T10:42:26.270+0200] {processor.py:914} INFO - Processing file /Users/gordanaristova/MyProjects/MyRpaProject/venv/lib/python3.10/site-packages/airflow/example_dags/example_trigger_target_dag.py for tasks to queue
[2025-06-12T10:42:26.271+0200] {logging_mixin.py:190} INFO - [2025-06-12T10:42:26.271+0200] {dagbag.py:588} INFO - Filling up the DagBag from /Users/gordanaristova/MyProjects/MyRpaProject/venv/lib/python3.10/site-packages/airflow/example_dags/example_trigger_target_dag.py
[2025-06-12T10:42:26.281+0200] {processor.py:925} INFO - DAG(s) 'example_trigger_target_dag' retrieved from /Users/gordanaristova/MyProjects/MyRpaProject/venv/lib/python3.10/site-packages/airflow/example_dags/example_trigger_target_dag.py
[2025-06-12T10:42:26.309+0200] {logging_mixin.py:190} INFO - [2025-06-12T10:42:26.309+0200] {dag.py:3239} INFO - Sync 1 DAGs
[2025-06-12T10:42:26.312+0200] {logging_mixin.py:190} INFO - [2025-06-12T10:42:26.312+0200] {dag.py:4180} INFO - Setting next_dagrun for example_trigger_target_dag to None, run_after=None
[2025-06-12T10:42:26.317+0200] {processor.py:208} INFO - Processing /Users/gordanaristova/MyProjects/MyRpaProject/venv/lib/python3.10/site-packages/airflow/example_dags/example_trigger_target_dag.py took 0.048 seconds
[2025-06-12T10:43:20.036+0200] {processor.py:186} INFO - Started process (PID=8771) to work on /Users/gordanaristova/MyProjects/MyRpaProject/venv/lib/python3.10/site-packages/airflow/example_dags/example_trigger_target_dag.py
[2025-06-12T10:43:20.037+0200] {processor.py:914} INFO - Processing file /Users/gordanaristova/MyProjects/MyRpaProject/venv/lib/python3.10/site-packages/airflow/example_dags/example_trigger_target_dag.py for tasks to queue
[2025-06-12T10:43:20.037+0200] {logging_mixin.py:190} INFO - [2025-06-12T10:43:20.037+0200] {dagbag.py:588} INFO - Filling up the DagBag from /Users/gordanaristova/MyProjects/MyRpaProject/venv/lib/python3.10/site-packages/airflow/example_dags/example_trigger_target_dag.py
[2025-06-12T10:43:20.048+0200] {processor.py:925} INFO - DAG(s) 'example_trigger_target_dag' retrieved from /Users/gordanaristova/MyProjects/MyRpaProject/venv/lib/python3.10/site-packages/airflow/example_dags/example_trigger_target_dag.py
[2025-06-12T10:43:20.076+0200] {logging_mixin.py:190} INFO - [2025-06-12T10:43:20.076+0200] {dag.py:3239} INFO - Sync 1 DAGs
[2025-06-12T10:43:20.079+0200] {logging_mixin.py:190} INFO - [2025-06-12T10:43:20.079+0200] {dag.py:4180} INFO - Setting next_dagrun for example_trigger_target_dag to None, run_after=None
[2025-06-12T10:43:20.084+0200] {processor.py:208} INFO - Processing /Users/gordanaristova/MyProjects/MyRpaProject/venv/lib/python3.10/site-packages/airflow/example_dags/example_trigger_target_dag.py took 0.049 seconds
[2025-06-12T10:44:14.104+0200] {processor.py:186} INFO - Started process (PID=8862) to work on /Users/gordanaristova/MyProjects/MyRpaProject/venv/lib/python3.10/site-packages/airflow/example_dags/example_trigger_target_dag.py
[2025-06-12T10:44:14.105+0200] {processor.py:914} INFO - Processing file /Users/gordanaristova/MyProjects/MyRpaProject/venv/lib/python3.10/site-packages/airflow/example_dags/example_trigger_target_dag.py for tasks to queue
[2025-06-12T10:44:14.105+0200] {logging_mixin.py:190} INFO - [2025-06-12T10:44:14.105+0200] {dagbag.py:588} INFO - Filling up the DagBag from /Users/gordanaristova/MyProjects/MyRpaProject/venv/lib/python3.10/site-packages/airflow/example_dags/example_trigger_target_dag.py
[2025-06-12T10:44:14.117+0200] {processor.py:925} INFO - DAG(s) 'example_trigger_target_dag' retrieved from /Users/gordanaristova/MyProjects/MyRpaProject/venv/lib/python3.10/site-packages/airflow/example_dags/example_trigger_target_dag.py
[2025-06-12T10:44:14.144+0200] {logging_mixin.py:190} INFO - [2025-06-12T10:44:14.144+0200] {dag.py:3239} INFO - Sync 1 DAGs
[2025-06-12T10:44:14.147+0200] {logging_mixin.py:190} INFO - [2025-06-12T10:44:14.147+0200] {dag.py:4180} INFO - Setting next_dagrun for example_trigger_target_dag to None, run_after=None
[2025-06-12T10:44:14.152+0200] {processor.py:208} INFO - Processing /Users/gordanaristova/MyProjects/MyRpaProject/venv/lib/python3.10/site-packages/airflow/example_dags/example_trigger_target_dag.py took 0.049 seconds
[2025-06-12T10:45:06.201+0200] {processor.py:186} INFO - Started process (PID=8902) to work on /Users/gordanaristova/MyProjects/MyRpaProject/venv/lib/python3.10/site-packages/airflow/example_dags/example_trigger_target_dag.py
[2025-06-12T10:45:06.202+0200] {processor.py:914} INFO - Processing file /Users/gordanaristova/MyProjects/MyRpaProject/venv/lib/python3.10/site-packages/airflow/example_dags/example_trigger_target_dag.py for tasks to queue
[2025-06-12T10:45:06.202+0200] {logging_mixin.py:190} INFO - [2025-06-12T10:45:06.202+0200] {dagbag.py:588} INFO - Filling up the DagBag from /Users/gordanaristova/MyProjects/MyRpaProject/venv/lib/python3.10/site-packages/airflow/example_dags/example_trigger_target_dag.py
[2025-06-12T10:45:06.213+0200] {processor.py:925} INFO - DAG(s) 'example_trigger_target_dag' retrieved from /Users/gordanaristova/MyProjects/MyRpaProject/venv/lib/python3.10/site-packages/airflow/example_dags/example_trigger_target_dag.py
[2025-06-12T10:45:06.241+0200] {logging_mixin.py:190} INFO - [2025-06-12T10:45:06.241+0200] {dag.py:3239} INFO - Sync 1 DAGs
[2025-06-12T10:45:06.244+0200] {logging_mixin.py:190} INFO - [2025-06-12T10:45:06.244+0200] {dag.py:4180} INFO - Setting next_dagrun for example_trigger_target_dag to None, run_after=None
[2025-06-12T10:45:06.249+0200] {processor.py:208} INFO - Processing /Users/gordanaristova/MyProjects/MyRpaProject/venv/lib/python3.10/site-packages/airflow/example_dags/example_trigger_target_dag.py took 0.048 seconds
[2025-06-12T10:46:00.063+0200] {processor.py:186} INFO - Started process (PID=8950) to work on /Users/gordanaristova/MyProjects/MyRpaProject/venv/lib/python3.10/site-packages/airflow/example_dags/example_trigger_target_dag.py
[2025-06-12T10:46:00.064+0200] {processor.py:914} INFO - Processing file /Users/gordanaristova/MyProjects/MyRpaProject/venv/lib/python3.10/site-packages/airflow/example_dags/example_trigger_target_dag.py for tasks to queue
[2025-06-12T10:46:00.064+0200] {logging_mixin.py:190} INFO - [2025-06-12T10:46:00.064+0200] {dagbag.py:588} INFO - Filling up the DagBag from /Users/gordanaristova/MyProjects/MyRpaProject/venv/lib/python3.10/site-packages/airflow/example_dags/example_trigger_target_dag.py
[2025-06-12T10:46:00.076+0200] {processor.py:925} INFO - DAG(s) 'example_trigger_target_dag' retrieved from /Users/gordanaristova/MyProjects/MyRpaProject/venv/lib/python3.10/site-packages/airflow/example_dags/example_trigger_target_dag.py
[2025-06-12T10:46:00.105+0200] {logging_mixin.py:190} INFO - [2025-06-12T10:46:00.105+0200] {dag.py:3239} INFO - Sync 1 DAGs
[2025-06-12T10:46:00.108+0200] {logging_mixin.py:190} INFO - [2025-06-12T10:46:00.108+0200] {dag.py:4180} INFO - Setting next_dagrun for example_trigger_target_dag to None, run_after=None
[2025-06-12T10:46:00.113+0200] {processor.py:208} INFO - Processing /Users/gordanaristova/MyProjects/MyRpaProject/venv/lib/python3.10/site-packages/airflow/example_dags/example_trigger_target_dag.py took 0.051 seconds
[2025-06-12T10:47:49.741+0200] {processor.py:186} INFO - Started process (PID=9080) to work on /Users/gordanaristova/MyProjects/MyRpaProject/venv/lib/python3.10/site-packages/airflow/example_dags/example_trigger_target_dag.py
[2025-06-12T10:47:49.742+0200] {processor.py:914} INFO - Processing file /Users/gordanaristova/MyProjects/MyRpaProject/venv/lib/python3.10/site-packages/airflow/example_dags/example_trigger_target_dag.py for tasks to queue
[2025-06-12T10:47:49.742+0200] {logging_mixin.py:190} INFO - [2025-06-12T10:47:49.742+0200] {dagbag.py:588} INFO - Filling up the DagBag from /Users/gordanaristova/MyProjects/MyRpaProject/venv/lib/python3.10/site-packages/airflow/example_dags/example_trigger_target_dag.py
[2025-06-12T10:47:49.754+0200] {processor.py:925} INFO - DAG(s) 'example_trigger_target_dag' retrieved from /Users/gordanaristova/MyProjects/MyRpaProject/venv/lib/python3.10/site-packages/airflow/example_dags/example_trigger_target_dag.py
[2025-06-12T10:47:49.782+0200] {logging_mixin.py:190} INFO - [2025-06-12T10:47:49.782+0200] {dag.py:3239} INFO - Sync 1 DAGs
[2025-06-12T10:47:49.785+0200] {logging_mixin.py:190} INFO - [2025-06-12T10:47:49.785+0200] {dag.py:4180} INFO - Setting next_dagrun for example_trigger_target_dag to None, run_after=None
[2025-06-12T10:47:49.790+0200] {processor.py:208} INFO - Processing /Users/gordanaristova/MyProjects/MyRpaProject/venv/lib/python3.10/site-packages/airflow/example_dags/example_trigger_target_dag.py took 0.050 seconds
[2025-06-12T10:48:44.976+0200] {processor.py:186} INFO - Started process (PID=9162) to work on /Users/gordanaristova/MyProjects/MyRpaProject/venv/lib/python3.10/site-packages/airflow/example_dags/example_trigger_target_dag.py
[2025-06-12T10:48:44.977+0200] {processor.py:914} INFO - Processing file /Users/gordanaristova/MyProjects/MyRpaProject/venv/lib/python3.10/site-packages/airflow/example_dags/example_trigger_target_dag.py for tasks to queue
[2025-06-12T10:48:44.978+0200] {logging_mixin.py:190} INFO - [2025-06-12T10:48:44.978+0200] {dagbag.py:588} INFO - Filling up the DagBag from /Users/gordanaristova/MyProjects/MyRpaProject/venv/lib/python3.10/site-packages/airflow/example_dags/example_trigger_target_dag.py
[2025-06-12T10:48:44.988+0200] {processor.py:925} INFO - DAG(s) 'example_trigger_target_dag' retrieved from /Users/gordanaristova/MyProjects/MyRpaProject/venv/lib/python3.10/site-packages/airflow/example_dags/example_trigger_target_dag.py
[2025-06-12T10:48:45.015+0200] {logging_mixin.py:190} INFO - [2025-06-12T10:48:45.015+0200] {dag.py:3239} INFO - Sync 1 DAGs
[2025-06-12T10:48:45.018+0200] {logging_mixin.py:190} INFO - [2025-06-12T10:48:45.018+0200] {dag.py:4180} INFO - Setting next_dagrun for example_trigger_target_dag to None, run_after=None
[2025-06-12T10:48:45.023+0200] {processor.py:208} INFO - Processing /Users/gordanaristova/MyProjects/MyRpaProject/venv/lib/python3.10/site-packages/airflow/example_dags/example_trigger_target_dag.py took 0.047 seconds
[2025-06-12T10:49:38.156+0200] {processor.py:186} INFO - Started process (PID=9219) to work on /Users/gordanaristova/MyProjects/MyRpaProject/venv/lib/python3.10/site-packages/airflow/example_dags/example_trigger_target_dag.py
[2025-06-12T10:49:38.157+0200] {processor.py:914} INFO - Processing file /Users/gordanaristova/MyProjects/MyRpaProject/venv/lib/python3.10/site-packages/airflow/example_dags/example_trigger_target_dag.py for tasks to queue
[2025-06-12T10:49:38.157+0200] {logging_mixin.py:190} INFO - [2025-06-12T10:49:38.157+0200] {dagbag.py:588} INFO - Filling up the DagBag from /Users/gordanaristova/MyProjects/MyRpaProject/venv/lib/python3.10/site-packages/airflow/example_dags/example_trigger_target_dag.py
[2025-06-12T10:49:38.168+0200] {processor.py:925} INFO - DAG(s) 'example_trigger_target_dag' retrieved from /Users/gordanaristova/MyProjects/MyRpaProject/venv/lib/python3.10/site-packages/airflow/example_dags/example_trigger_target_dag.py
[2025-06-12T10:49:38.196+0200] {logging_mixin.py:190} INFO - [2025-06-12T10:49:38.196+0200] {dag.py:3239} INFO - Sync 1 DAGs
[2025-06-12T10:49:38.199+0200] {logging_mixin.py:190} INFO - [2025-06-12T10:49:38.199+0200] {dag.py:4180} INFO - Setting next_dagrun for example_trigger_target_dag to None, run_after=None
[2025-06-12T10:49:38.204+0200] {processor.py:208} INFO - Processing /Users/gordanaristova/MyProjects/MyRpaProject/venv/lib/python3.10/site-packages/airflow/example_dags/example_trigger_target_dag.py took 0.049 seconds
[2025-06-12T10:56:47.598+0200] {processor.py:186} INFO - Started process (PID=9422) to work on /Users/gordanaristova/MyProjects/MyRpaProject/venv/lib/python3.10/site-packages/airflow/example_dags/example_trigger_target_dag.py
[2025-06-12T10:56:47.599+0200] {processor.py:914} INFO - Processing file /Users/gordanaristova/MyProjects/MyRpaProject/venv/lib/python3.10/site-packages/airflow/example_dags/example_trigger_target_dag.py for tasks to queue
[2025-06-12T10:56:47.600+0200] {logging_mixin.py:190} INFO - [2025-06-12T10:56:47.600+0200] {dagbag.py:588} INFO - Filling up the DagBag from /Users/gordanaristova/MyProjects/MyRpaProject/venv/lib/python3.10/site-packages/airflow/example_dags/example_trigger_target_dag.py
[2025-06-12T10:56:47.611+0200] {processor.py:925} INFO - DAG(s) 'example_trigger_target_dag' retrieved from /Users/gordanaristova/MyProjects/MyRpaProject/venv/lib/python3.10/site-packages/airflow/example_dags/example_trigger_target_dag.py
[2025-06-12T10:56:47.638+0200] {logging_mixin.py:190} INFO - [2025-06-12T10:56:47.638+0200] {dag.py:3239} INFO - Sync 1 DAGs
[2025-06-12T10:56:47.641+0200] {logging_mixin.py:190} INFO - [2025-06-12T10:56:47.641+0200] {dag.py:4180} INFO - Setting next_dagrun for example_trigger_target_dag to None, run_after=None
[2025-06-12T10:56:47.645+0200] {processor.py:208} INFO - Processing /Users/gordanaristova/MyProjects/MyRpaProject/venv/lib/python3.10/site-packages/airflow/example_dags/example_trigger_target_dag.py took 0.048 seconds
[2025-06-12T10:58:13.960+0200] {processor.py:186} INFO - Started process (PID=9521) to work on /Users/gordanaristova/MyProjects/MyRpaProject/venv/lib/python3.10/site-packages/airflow/example_dags/example_trigger_target_dag.py
[2025-06-12T10:58:13.961+0200] {processor.py:914} INFO - Processing file /Users/gordanaristova/MyProjects/MyRpaProject/venv/lib/python3.10/site-packages/airflow/example_dags/example_trigger_target_dag.py for tasks to queue
[2025-06-12T10:58:13.961+0200] {logging_mixin.py:190} INFO - [2025-06-12T10:58:13.961+0200] {dagbag.py:588} INFO - Filling up the DagBag from /Users/gordanaristova/MyProjects/MyRpaProject/venv/lib/python3.10/site-packages/airflow/example_dags/example_trigger_target_dag.py
[2025-06-12T10:58:13.972+0200] {processor.py:925} INFO - DAG(s) 'example_trigger_target_dag' retrieved from /Users/gordanaristova/MyProjects/MyRpaProject/venv/lib/python3.10/site-packages/airflow/example_dags/example_trigger_target_dag.py
[2025-06-12T10:58:13.999+0200] {logging_mixin.py:190} INFO - [2025-06-12T10:58:13.998+0200] {dag.py:3239} INFO - Sync 1 DAGs
[2025-06-12T10:58:14.001+0200] {logging_mixin.py:190} INFO - [2025-06-12T10:58:14.001+0200] {dag.py:4180} INFO - Setting next_dagrun for example_trigger_target_dag to None, run_after=None
[2025-06-12T10:58:14.006+0200] {processor.py:208} INFO - Processing /Users/gordanaristova/MyProjects/MyRpaProject/venv/lib/python3.10/site-packages/airflow/example_dags/example_trigger_target_dag.py took 0.047 seconds
[2025-06-12T11:11:32.229+0200] {processor.py:186} INFO - Started process (PID=9737) to work on /Users/gordanaristova/MyProjects/MyRpaProject/venv/lib/python3.10/site-packages/airflow/example_dags/example_trigger_target_dag.py
[2025-06-12T11:11:32.230+0200] {processor.py:914} INFO - Processing file /Users/gordanaristova/MyProjects/MyRpaProject/venv/lib/python3.10/site-packages/airflow/example_dags/example_trigger_target_dag.py for tasks to queue
[2025-06-12T11:11:32.230+0200] {logging_mixin.py:190} INFO - [2025-06-12T11:11:32.230+0200] {dagbag.py:588} INFO - Filling up the DagBag from /Users/gordanaristova/MyProjects/MyRpaProject/venv/lib/python3.10/site-packages/airflow/example_dags/example_trigger_target_dag.py
[2025-06-12T11:11:32.241+0200] {processor.py:925} INFO - DAG(s) 'example_trigger_target_dag' retrieved from /Users/gordanaristova/MyProjects/MyRpaProject/venv/lib/python3.10/site-packages/airflow/example_dags/example_trigger_target_dag.py
[2025-06-12T11:11:32.267+0200] {logging_mixin.py:190} INFO - [2025-06-12T11:11:32.267+0200] {dag.py:3239} INFO - Sync 1 DAGs
[2025-06-12T11:11:32.270+0200] {logging_mixin.py:190} INFO - [2025-06-12T11:11:32.270+0200] {dag.py:4180} INFO - Setting next_dagrun for example_trigger_target_dag to None, run_after=None
[2025-06-12T11:11:32.274+0200] {processor.py:208} INFO - Processing /Users/gordanaristova/MyProjects/MyRpaProject/venv/lib/python3.10/site-packages/airflow/example_dags/example_trigger_target_dag.py took 0.046 seconds
[2025-06-12T11:12:59.846+0200] {processor.py:186} INFO - Started process (PID=9834) to work on /Users/gordanaristova/MyProjects/MyRpaProject/venv/lib/python3.10/site-packages/airflow/example_dags/example_trigger_target_dag.py
[2025-06-12T11:12:59.847+0200] {processor.py:914} INFO - Processing file /Users/gordanaristova/MyProjects/MyRpaProject/venv/lib/python3.10/site-packages/airflow/example_dags/example_trigger_target_dag.py for tasks to queue
[2025-06-12T11:12:59.847+0200] {logging_mixin.py:190} INFO - [2025-06-12T11:12:59.847+0200] {dagbag.py:588} INFO - Filling up the DagBag from /Users/gordanaristova/MyProjects/MyRpaProject/venv/lib/python3.10/site-packages/airflow/example_dags/example_trigger_target_dag.py
[2025-06-12T11:12:59.858+0200] {processor.py:925} INFO - DAG(s) 'example_trigger_target_dag' retrieved from /Users/gordanaristova/MyProjects/MyRpaProject/venv/lib/python3.10/site-packages/airflow/example_dags/example_trigger_target_dag.py
[2025-06-12T11:12:59.885+0200] {logging_mixin.py:190} INFO - [2025-06-12T11:12:59.885+0200] {dag.py:3239} INFO - Sync 1 DAGs
[2025-06-12T11:12:59.888+0200] {logging_mixin.py:190} INFO - [2025-06-12T11:12:59.888+0200] {dag.py:4180} INFO - Setting next_dagrun for example_trigger_target_dag to None, run_after=None
[2025-06-12T11:12:59.893+0200] {processor.py:208} INFO - Processing /Users/gordanaristova/MyProjects/MyRpaProject/venv/lib/python3.10/site-packages/airflow/example_dags/example_trigger_target_dag.py took 0.048 seconds
[2025-06-12T11:21:38.210+0200] {processor.py:186} INFO - Started process (PID=10030) to work on /Users/gordanaristova/MyProjects/MyRpaProject/venv/lib/python3.10/site-packages/airflow/example_dags/example_trigger_target_dag.py
[2025-06-12T11:21:38.211+0200] {processor.py:914} INFO - Processing file /Users/gordanaristova/MyProjects/MyRpaProject/venv/lib/python3.10/site-packages/airflow/example_dags/example_trigger_target_dag.py for tasks to queue
[2025-06-12T11:21:38.211+0200] {logging_mixin.py:190} INFO - [2025-06-12T11:21:38.211+0200] {dagbag.py:588} INFO - Filling up the DagBag from /Users/gordanaristova/MyProjects/MyRpaProject/venv/lib/python3.10/site-packages/airflow/example_dags/example_trigger_target_dag.py
[2025-06-12T11:21:38.221+0200] {processor.py:925} INFO - DAG(s) 'example_trigger_target_dag' retrieved from /Users/gordanaristova/MyProjects/MyRpaProject/venv/lib/python3.10/site-packages/airflow/example_dags/example_trigger_target_dag.py
[2025-06-12T11:21:38.248+0200] {logging_mixin.py:190} INFO - [2025-06-12T11:21:38.248+0200] {dag.py:3239} INFO - Sync 1 DAGs
[2025-06-12T11:21:38.250+0200] {logging_mixin.py:190} INFO - [2025-06-12T11:21:38.250+0200] {dag.py:4180} INFO - Setting next_dagrun for example_trigger_target_dag to None, run_after=None
[2025-06-12T11:21:38.255+0200] {processor.py:208} INFO - Processing /Users/gordanaristova/MyProjects/MyRpaProject/venv/lib/python3.10/site-packages/airflow/example_dags/example_trigger_target_dag.py took 0.046 seconds
[2025-06-12T11:23:04.798+0200] {processor.py:186} INFO - Started process (PID=10121) to work on /Users/gordanaristova/MyProjects/MyRpaProject/venv/lib/python3.10/site-packages/airflow/example_dags/example_trigger_target_dag.py
[2025-06-12T11:23:04.798+0200] {processor.py:914} INFO - Processing file /Users/gordanaristova/MyProjects/MyRpaProject/venv/lib/python3.10/site-packages/airflow/example_dags/example_trigger_target_dag.py for tasks to queue
[2025-06-12T11:23:04.798+0200] {logging_mixin.py:190} INFO - [2025-06-12T11:23:04.798+0200] {dagbag.py:588} INFO - Filling up the DagBag from /Users/gordanaristova/MyProjects/MyRpaProject/venv/lib/python3.10/site-packages/airflow/example_dags/example_trigger_target_dag.py
[2025-06-12T11:23:04.809+0200] {processor.py:925} INFO - DAG(s) 'example_trigger_target_dag' retrieved from /Users/gordanaristova/MyProjects/MyRpaProject/venv/lib/python3.10/site-packages/airflow/example_dags/example_trigger_target_dag.py
[2025-06-12T11:23:04.837+0200] {logging_mixin.py:190} INFO - [2025-06-12T11:23:04.837+0200] {dag.py:3239} INFO - Sync 1 DAGs
[2025-06-12T11:23:04.840+0200] {logging_mixin.py:190} INFO - [2025-06-12T11:23:04.840+0200] {dag.py:4180} INFO - Setting next_dagrun for example_trigger_target_dag to None, run_after=None
[2025-06-12T11:23:04.844+0200] {processor.py:208} INFO - Processing /Users/gordanaristova/MyProjects/MyRpaProject/venv/lib/python3.10/site-packages/airflow/example_dags/example_trigger_target_dag.py took 0.048 seconds
[2025-06-12T11:23:59.462+0200] {processor.py:186} INFO - Started process (PID=10182) to work on /Users/gordanaristova/MyProjects/MyRpaProject/venv/lib/python3.10/site-packages/airflow/example_dags/example_trigger_target_dag.py
[2025-06-12T11:23:59.463+0200] {processor.py:914} INFO - Processing file /Users/gordanaristova/MyProjects/MyRpaProject/venv/lib/python3.10/site-packages/airflow/example_dags/example_trigger_target_dag.py for tasks to queue
[2025-06-12T11:23:59.463+0200] {logging_mixin.py:190} INFO - [2025-06-12T11:23:59.463+0200] {dagbag.py:588} INFO - Filling up the DagBag from /Users/gordanaristova/MyProjects/MyRpaProject/venv/lib/python3.10/site-packages/airflow/example_dags/example_trigger_target_dag.py
[2025-06-12T11:23:59.475+0200] {processor.py:925} INFO - DAG(s) 'example_trigger_target_dag' retrieved from /Users/gordanaristova/MyProjects/MyRpaProject/venv/lib/python3.10/site-packages/airflow/example_dags/example_trigger_target_dag.py
[2025-06-12T11:23:59.502+0200] {logging_mixin.py:190} INFO - [2025-06-12T11:23:59.502+0200] {dag.py:3239} INFO - Sync 1 DAGs
[2025-06-12T11:23:59.505+0200] {logging_mixin.py:190} INFO - [2025-06-12T11:23:59.505+0200] {dag.py:4180} INFO - Setting next_dagrun for example_trigger_target_dag to None, run_after=None
[2025-06-12T11:23:59.510+0200] {processor.py:208} INFO - Processing /Users/gordanaristova/MyProjects/MyRpaProject/venv/lib/python3.10/site-packages/airflow/example_dags/example_trigger_target_dag.py took 0.049 seconds
[2025-06-12T11:40:54.149+0200] {processor.py:186} INFO - Started process (PID=10398) to work on /Users/gordanaristova/MyProjects/MyRpaProject/venv/lib/python3.10/site-packages/airflow/example_dags/example_trigger_target_dag.py
[2025-06-12T11:40:54.150+0200] {processor.py:914} INFO - Processing file /Users/gordanaristova/MyProjects/MyRpaProject/venv/lib/python3.10/site-packages/airflow/example_dags/example_trigger_target_dag.py for tasks to queue
[2025-06-12T11:40:54.150+0200] {logging_mixin.py:190} INFO - [2025-06-12T11:40:54.150+0200] {dagbag.py:588} INFO - Filling up the DagBag from /Users/gordanaristova/MyProjects/MyRpaProject/venv/lib/python3.10/site-packages/airflow/example_dags/example_trigger_target_dag.py
[2025-06-12T11:40:54.161+0200] {processor.py:925} INFO - DAG(s) 'example_trigger_target_dag' retrieved from /Users/gordanaristova/MyProjects/MyRpaProject/venv/lib/python3.10/site-packages/airflow/example_dags/example_trigger_target_dag.py
[2025-06-12T11:40:54.188+0200] {logging_mixin.py:190} INFO - [2025-06-12T11:40:54.187+0200] {dag.py:3239} INFO - Sync 1 DAGs
[2025-06-12T11:40:54.190+0200] {logging_mixin.py:190} INFO - [2025-06-12T11:40:54.190+0200] {dag.py:4180} INFO - Setting next_dagrun for example_trigger_target_dag to None, run_after=None
[2025-06-12T11:40:54.195+0200] {processor.py:208} INFO - Processing /Users/gordanaristova/MyProjects/MyRpaProject/venv/lib/python3.10/site-packages/airflow/example_dags/example_trigger_target_dag.py took 0.047 seconds
[2025-06-12T11:42:19.009+0200] {processor.py:186} INFO - Started process (PID=10486) to work on /Users/gordanaristova/MyProjects/MyRpaProject/venv/lib/python3.10/site-packages/airflow/example_dags/example_trigger_target_dag.py
[2025-06-12T11:42:19.009+0200] {processor.py:914} INFO - Processing file /Users/gordanaristova/MyProjects/MyRpaProject/venv/lib/python3.10/site-packages/airflow/example_dags/example_trigger_target_dag.py for tasks to queue
[2025-06-12T11:42:19.010+0200] {logging_mixin.py:190} INFO - [2025-06-12T11:42:19.010+0200] {dagbag.py:588} INFO - Filling up the DagBag from /Users/gordanaristova/MyProjects/MyRpaProject/venv/lib/python3.10/site-packages/airflow/example_dags/example_trigger_target_dag.py
[2025-06-12T11:42:19.020+0200] {processor.py:925} INFO - DAG(s) 'example_trigger_target_dag' retrieved from /Users/gordanaristova/MyProjects/MyRpaProject/venv/lib/python3.10/site-packages/airflow/example_dags/example_trigger_target_dag.py
[2025-06-12T11:42:19.048+0200] {logging_mixin.py:190} INFO - [2025-06-12T11:42:19.048+0200] {dag.py:3239} INFO - Sync 1 DAGs
[2025-06-12T11:42:19.051+0200] {logging_mixin.py:190} INFO - [2025-06-12T11:42:19.050+0200] {dag.py:4180} INFO - Setting next_dagrun for example_trigger_target_dag to None, run_after=None
[2025-06-12T11:42:19.055+0200] {processor.py:208} INFO - Processing /Users/gordanaristova/MyProjects/MyRpaProject/venv/lib/python3.10/site-packages/airflow/example_dags/example_trigger_target_dag.py took 0.047 seconds
[2025-06-12T11:49:41.690+0200] {processor.py:186} INFO - Started process (PID=10621) to work on /Users/gordanaristova/MyProjects/MyRpaProject/venv/lib/python3.10/site-packages/airflow/example_dags/example_trigger_target_dag.py
[2025-06-12T11:49:41.691+0200] {processor.py:914} INFO - Processing file /Users/gordanaristova/MyProjects/MyRpaProject/venv/lib/python3.10/site-packages/airflow/example_dags/example_trigger_target_dag.py for tasks to queue
[2025-06-12T11:49:41.691+0200] {logging_mixin.py:190} INFO - [2025-06-12T11:49:41.691+0200] {dagbag.py:588} INFO - Filling up the DagBag from /Users/gordanaristova/MyProjects/MyRpaProject/venv/lib/python3.10/site-packages/airflow/example_dags/example_trigger_target_dag.py
[2025-06-12T11:49:41.701+0200] {processor.py:925} INFO - DAG(s) 'example_trigger_target_dag' retrieved from /Users/gordanaristova/MyProjects/MyRpaProject/venv/lib/python3.10/site-packages/airflow/example_dags/example_trigger_target_dag.py
[2025-06-12T11:49:41.728+0200] {logging_mixin.py:190} INFO - [2025-06-12T11:49:41.728+0200] {dag.py:3239} INFO - Sync 1 DAGs
[2025-06-12T11:49:41.731+0200] {logging_mixin.py:190} INFO - [2025-06-12T11:49:41.731+0200] {dag.py:4180} INFO - Setting next_dagrun for example_trigger_target_dag to None, run_after=None
[2025-06-12T11:49:41.735+0200] {processor.py:208} INFO - Processing /Users/gordanaristova/MyProjects/MyRpaProject/venv/lib/python3.10/site-packages/airflow/example_dags/example_trigger_target_dag.py took 0.047 seconds
[2025-06-12T11:51:08.342+0200] {processor.py:186} INFO - Started process (PID=10709) to work on /Users/gordanaristova/MyProjects/MyRpaProject/venv/lib/python3.10/site-packages/airflow/example_dags/example_trigger_target_dag.py
[2025-06-12T11:51:08.343+0200] {processor.py:914} INFO - Processing file /Users/gordanaristova/MyProjects/MyRpaProject/venv/lib/python3.10/site-packages/airflow/example_dags/example_trigger_target_dag.py for tasks to queue
[2025-06-12T11:51:08.343+0200] {logging_mixin.py:190} INFO - [2025-06-12T11:51:08.343+0200] {dagbag.py:588} INFO - Filling up the DagBag from /Users/gordanaristova/MyProjects/MyRpaProject/venv/lib/python3.10/site-packages/airflow/example_dags/example_trigger_target_dag.py
[2025-06-12T11:51:08.354+0200] {processor.py:925} INFO - DAG(s) 'example_trigger_target_dag' retrieved from /Users/gordanaristova/MyProjects/MyRpaProject/venv/lib/python3.10/site-packages/airflow/example_dags/example_trigger_target_dag.py
[2025-06-12T11:51:08.383+0200] {logging_mixin.py:190} INFO - [2025-06-12T11:51:08.383+0200] {dag.py:3239} INFO - Sync 1 DAGs
[2025-06-12T11:51:08.386+0200] {logging_mixin.py:190} INFO - [2025-06-12T11:51:08.386+0200] {dag.py:4180} INFO - Setting next_dagrun for example_trigger_target_dag to None, run_after=None
[2025-06-12T11:51:08.391+0200] {processor.py:208} INFO - Processing /Users/gordanaristova/MyProjects/MyRpaProject/venv/lib/python3.10/site-packages/airflow/example_dags/example_trigger_target_dag.py took 0.050 seconds
[2025-06-12T11:52:02.472+0200] {processor.py:186} INFO - Started process (PID=10779) to work on /Users/gordanaristova/MyProjects/MyRpaProject/venv/lib/python3.10/site-packages/airflow/example_dags/example_trigger_target_dag.py
[2025-06-12T11:52:02.473+0200] {processor.py:914} INFO - Processing file /Users/gordanaristova/MyProjects/MyRpaProject/venv/lib/python3.10/site-packages/airflow/example_dags/example_trigger_target_dag.py for tasks to queue
[2025-06-12T11:52:02.473+0200] {logging_mixin.py:190} INFO - [2025-06-12T11:52:02.473+0200] {dagbag.py:588} INFO - Filling up the DagBag from /Users/gordanaristova/MyProjects/MyRpaProject/venv/lib/python3.10/site-packages/airflow/example_dags/example_trigger_target_dag.py
[2025-06-12T11:52:02.484+0200] {processor.py:925} INFO - DAG(s) 'example_trigger_target_dag' retrieved from /Users/gordanaristova/MyProjects/MyRpaProject/venv/lib/python3.10/site-packages/airflow/example_dags/example_trigger_target_dag.py
[2025-06-12T11:52:02.512+0200] {logging_mixin.py:190} INFO - [2025-06-12T11:52:02.511+0200] {dag.py:3239} INFO - Sync 1 DAGs
[2025-06-12T11:52:02.515+0200] {logging_mixin.py:190} INFO - [2025-06-12T11:52:02.514+0200] {dag.py:4180} INFO - Setting next_dagrun for example_trigger_target_dag to None, run_after=None
[2025-06-12T11:52:02.519+0200] {processor.py:208} INFO - Processing /Users/gordanaristova/MyProjects/MyRpaProject/venv/lib/python3.10/site-packages/airflow/example_dags/example_trigger_target_dag.py took 0.048 seconds
[2025-06-12T11:52:55.642+0200] {processor.py:186} INFO - Started process (PID=10821) to work on /Users/gordanaristova/MyProjects/MyRpaProject/venv/lib/python3.10/site-packages/airflow/example_dags/example_trigger_target_dag.py
[2025-06-12T11:52:55.643+0200] {processor.py:914} INFO - Processing file /Users/gordanaristova/MyProjects/MyRpaProject/venv/lib/python3.10/site-packages/airflow/example_dags/example_trigger_target_dag.py for tasks to queue
[2025-06-12T11:52:55.643+0200] {logging_mixin.py:190} INFO - [2025-06-12T11:52:55.643+0200] {dagbag.py:588} INFO - Filling up the DagBag from /Users/gordanaristova/MyProjects/MyRpaProject/venv/lib/python3.10/site-packages/airflow/example_dags/example_trigger_target_dag.py
[2025-06-12T11:52:55.653+0200] {processor.py:925} INFO - DAG(s) 'example_trigger_target_dag' retrieved from /Users/gordanaristova/MyProjects/MyRpaProject/venv/lib/python3.10/site-packages/airflow/example_dags/example_trigger_target_dag.py
[2025-06-12T11:52:55.680+0200] {logging_mixin.py:190} INFO - [2025-06-12T11:52:55.680+0200] {dag.py:3239} INFO - Sync 1 DAGs
[2025-06-12T11:52:55.683+0200] {logging_mixin.py:190} INFO - [2025-06-12T11:52:55.683+0200] {dag.py:4180} INFO - Setting next_dagrun for example_trigger_target_dag to None, run_after=None
[2025-06-12T11:52:55.688+0200] {processor.py:208} INFO - Processing /Users/gordanaristova/MyProjects/MyRpaProject/venv/lib/python3.10/site-packages/airflow/example_dags/example_trigger_target_dag.py took 0.047 seconds
[2025-06-12T11:53:50.352+0200] {processor.py:186} INFO - Started process (PID=10862) to work on /Users/gordanaristova/MyProjects/MyRpaProject/venv/lib/python3.10/site-packages/airflow/example_dags/example_trigger_target_dag.py
[2025-06-12T11:53:50.353+0200] {processor.py:914} INFO - Processing file /Users/gordanaristova/MyProjects/MyRpaProject/venv/lib/python3.10/site-packages/airflow/example_dags/example_trigger_target_dag.py for tasks to queue
[2025-06-12T11:53:50.354+0200] {logging_mixin.py:190} INFO - [2025-06-12T11:53:50.354+0200] {dagbag.py:588} INFO - Filling up the DagBag from /Users/gordanaristova/MyProjects/MyRpaProject/venv/lib/python3.10/site-packages/airflow/example_dags/example_trigger_target_dag.py
[2025-06-12T11:53:50.364+0200] {processor.py:925} INFO - DAG(s) 'example_trigger_target_dag' retrieved from /Users/gordanaristova/MyProjects/MyRpaProject/venv/lib/python3.10/site-packages/airflow/example_dags/example_trigger_target_dag.py
[2025-06-12T11:53:50.391+0200] {logging_mixin.py:190} INFO - [2025-06-12T11:53:50.391+0200] {dag.py:3239} INFO - Sync 1 DAGs
[2025-06-12T11:53:50.394+0200] {logging_mixin.py:190} INFO - [2025-06-12T11:53:50.393+0200] {dag.py:4180} INFO - Setting next_dagrun for example_trigger_target_dag to None, run_after=None
[2025-06-12T11:53:50.398+0200] {processor.py:208} INFO - Processing /Users/gordanaristova/MyProjects/MyRpaProject/venv/lib/python3.10/site-packages/airflow/example_dags/example_trigger_target_dag.py took 0.047 seconds
[2025-06-12T11:54:44.278+0200] {processor.py:186} INFO - Started process (PID=10909) to work on /Users/gordanaristova/MyProjects/MyRpaProject/venv/lib/python3.10/site-packages/airflow/example_dags/example_trigger_target_dag.py
[2025-06-12T11:54:44.278+0200] {processor.py:914} INFO - Processing file /Users/gordanaristova/MyProjects/MyRpaProject/venv/lib/python3.10/site-packages/airflow/example_dags/example_trigger_target_dag.py for tasks to queue
[2025-06-12T11:54:44.278+0200] {logging_mixin.py:190} INFO - [2025-06-12T11:54:44.278+0200] {dagbag.py:588} INFO - Filling up the DagBag from /Users/gordanaristova/MyProjects/MyRpaProject/venv/lib/python3.10/site-packages/airflow/example_dags/example_trigger_target_dag.py
[2025-06-12T11:54:44.289+0200] {processor.py:925} INFO - DAG(s) 'example_trigger_target_dag' retrieved from /Users/gordanaristova/MyProjects/MyRpaProject/venv/lib/python3.10/site-packages/airflow/example_dags/example_trigger_target_dag.py
[2025-06-12T11:54:44.317+0200] {logging_mixin.py:190} INFO - [2025-06-12T11:54:44.317+0200] {dag.py:3239} INFO - Sync 1 DAGs
[2025-06-12T11:54:44.320+0200] {logging_mixin.py:190} INFO - [2025-06-12T11:54:44.320+0200] {dag.py:4180} INFO - Setting next_dagrun for example_trigger_target_dag to None, run_after=None
[2025-06-12T11:54:44.325+0200] {processor.py:208} INFO - Processing /Users/gordanaristova/MyProjects/MyRpaProject/venv/lib/python3.10/site-packages/airflow/example_dags/example_trigger_target_dag.py took 0.048 seconds
[2025-06-12T11:55:37.742+0200] {processor.py:186} INFO - Started process (PID=10964) to work on /Users/gordanaristova/MyProjects/MyRpaProject/venv/lib/python3.10/site-packages/airflow/example_dags/example_trigger_target_dag.py
[2025-06-12T11:55:37.743+0200] {processor.py:914} INFO - Processing file /Users/gordanaristova/MyProjects/MyRpaProject/venv/lib/python3.10/site-packages/airflow/example_dags/example_trigger_target_dag.py for tasks to queue
[2025-06-12T11:55:37.743+0200] {logging_mixin.py:190} INFO - [2025-06-12T11:55:37.743+0200] {dagbag.py:588} INFO - Filling up the DagBag from /Users/gordanaristova/MyProjects/MyRpaProject/venv/lib/python3.10/site-packages/airflow/example_dags/example_trigger_target_dag.py
[2025-06-12T11:55:37.754+0200] {processor.py:925} INFO - DAG(s) 'example_trigger_target_dag' retrieved from /Users/gordanaristova/MyProjects/MyRpaProject/venv/lib/python3.10/site-packages/airflow/example_dags/example_trigger_target_dag.py
[2025-06-12T11:55:37.782+0200] {logging_mixin.py:190} INFO - [2025-06-12T11:55:37.782+0200] {dag.py:3239} INFO - Sync 1 DAGs
[2025-06-12T11:55:37.785+0200] {logging_mixin.py:190} INFO - [2025-06-12T11:55:37.785+0200] {dag.py:4180} INFO - Setting next_dagrun for example_trigger_target_dag to None, run_after=None
[2025-06-12T11:55:37.790+0200] {processor.py:208} INFO - Processing /Users/gordanaristova/MyProjects/MyRpaProject/venv/lib/python3.10/site-packages/airflow/example_dags/example_trigger_target_dag.py took 0.049 seconds
[2025-06-12T11:56:33.068+0200] {processor.py:186} INFO - Started process (PID=11021) to work on /Users/gordanaristova/MyProjects/MyRpaProject/venv/lib/python3.10/site-packages/airflow/example_dags/example_trigger_target_dag.py
[2025-06-12T11:56:33.069+0200] {processor.py:914} INFO - Processing file /Users/gordanaristova/MyProjects/MyRpaProject/venv/lib/python3.10/site-packages/airflow/example_dags/example_trigger_target_dag.py for tasks to queue
[2025-06-12T11:56:33.069+0200] {logging_mixin.py:190} INFO - [2025-06-12T11:56:33.069+0200] {dagbag.py:588} INFO - Filling up the DagBag from /Users/gordanaristova/MyProjects/MyRpaProject/venv/lib/python3.10/site-packages/airflow/example_dags/example_trigger_target_dag.py
[2025-06-12T11:56:33.081+0200] {processor.py:925} INFO - DAG(s) 'example_trigger_target_dag' retrieved from /Users/gordanaristova/MyProjects/MyRpaProject/venv/lib/python3.10/site-packages/airflow/example_dags/example_trigger_target_dag.py
[2025-06-12T11:56:33.109+0200] {logging_mixin.py:190} INFO - [2025-06-12T11:56:33.109+0200] {dag.py:3239} INFO - Sync 1 DAGs
[2025-06-12T11:56:33.113+0200] {logging_mixin.py:190} INFO - [2025-06-12T11:56:33.112+0200] {dag.py:4180} INFO - Setting next_dagrun for example_trigger_target_dag to None, run_after=None
[2025-06-12T11:56:33.117+0200] {processor.py:208} INFO - Processing /Users/gordanaristova/MyProjects/MyRpaProject/venv/lib/python3.10/site-packages/airflow/example_dags/example_trigger_target_dag.py took 0.050 seconds
[2025-06-12T11:57:28.924+0200] {processor.py:186} INFO - Started process (PID=11090) to work on /Users/gordanaristova/MyProjects/MyRpaProject/venv/lib/python3.10/site-packages/airflow/example_dags/example_trigger_target_dag.py
[2025-06-12T11:57:28.925+0200] {processor.py:914} INFO - Processing file /Users/gordanaristova/MyProjects/MyRpaProject/venv/lib/python3.10/site-packages/airflow/example_dags/example_trigger_target_dag.py for tasks to queue
[2025-06-12T11:57:28.925+0200] {logging_mixin.py:190} INFO - [2025-06-12T11:57:28.925+0200] {dagbag.py:588} INFO - Filling up the DagBag from /Users/gordanaristova/MyProjects/MyRpaProject/venv/lib/python3.10/site-packages/airflow/example_dags/example_trigger_target_dag.py
[2025-06-12T11:57:28.936+0200] {processor.py:925} INFO - DAG(s) 'example_trigger_target_dag' retrieved from /Users/gordanaristova/MyProjects/MyRpaProject/venv/lib/python3.10/site-packages/airflow/example_dags/example_trigger_target_dag.py
[2025-06-12T11:57:28.963+0200] {logging_mixin.py:190} INFO - [2025-06-12T11:57:28.963+0200] {dag.py:3239} INFO - Sync 1 DAGs
[2025-06-12T11:57:28.966+0200] {logging_mixin.py:190} INFO - [2025-06-12T11:57:28.966+0200] {dag.py:4180} INFO - Setting next_dagrun for example_trigger_target_dag to None, run_after=None
[2025-06-12T11:57:28.971+0200] {processor.py:208} INFO - Processing /Users/gordanaristova/MyProjects/MyRpaProject/venv/lib/python3.10/site-packages/airflow/example_dags/example_trigger_target_dag.py took 0.048 seconds
[2025-06-12T13:14:28.318+0200] {processor.py:186} INFO - Started process (PID=12994) to work on /Users/gordanaristova/MyProjects/MyRpaProject/venv/lib/python3.10/site-packages/airflow/example_dags/example_trigger_target_dag.py
[2025-06-12T13:14:28.319+0200] {processor.py:914} INFO - Processing file /Users/gordanaristova/MyProjects/MyRpaProject/venv/lib/python3.10/site-packages/airflow/example_dags/example_trigger_target_dag.py for tasks to queue
[2025-06-12T13:14:28.319+0200] {logging_mixin.py:190} INFO - [2025-06-12T13:14:28.319+0200] {dagbag.py:588} INFO - Filling up the DagBag from /Users/gordanaristova/MyProjects/MyRpaProject/venv/lib/python3.10/site-packages/airflow/example_dags/example_trigger_target_dag.py
[2025-06-12T13:14:28.331+0200] {processor.py:925} INFO - DAG(s) 'example_trigger_target_dag' retrieved from /Users/gordanaristova/MyProjects/MyRpaProject/venv/lib/python3.10/site-packages/airflow/example_dags/example_trigger_target_dag.py
[2025-06-12T13:14:28.359+0200] {logging_mixin.py:190} INFO - [2025-06-12T13:14:28.359+0200] {dag.py:3239} INFO - Sync 1 DAGs
[2025-06-12T13:14:28.362+0200] {logging_mixin.py:190} INFO - [2025-06-12T13:14:28.362+0200] {dag.py:4180} INFO - Setting next_dagrun for example_trigger_target_dag to None, run_after=None
[2025-06-12T13:14:28.367+0200] {processor.py:208} INFO - Processing /Users/gordanaristova/MyProjects/MyRpaProject/venv/lib/python3.10/site-packages/airflow/example_dags/example_trigger_target_dag.py took 0.050 seconds
[2025-06-12T13:16:00.624+0200] {processor.py:186} INFO - Started process (PID=13084) to work on /Users/gordanaristova/MyProjects/MyRpaProject/venv/lib/python3.10/site-packages/airflow/example_dags/example_trigger_target_dag.py
[2025-06-12T13:16:00.625+0200] {processor.py:914} INFO - Processing file /Users/gordanaristova/MyProjects/MyRpaProject/venv/lib/python3.10/site-packages/airflow/example_dags/example_trigger_target_dag.py for tasks to queue
[2025-06-12T13:16:00.625+0200] {logging_mixin.py:190} INFO - [2025-06-12T13:16:00.625+0200] {dagbag.py:588} INFO - Filling up the DagBag from /Users/gordanaristova/MyProjects/MyRpaProject/venv/lib/python3.10/site-packages/airflow/example_dags/example_trigger_target_dag.py
[2025-06-12T13:16:00.637+0200] {processor.py:925} INFO - DAG(s) 'example_trigger_target_dag' retrieved from /Users/gordanaristova/MyProjects/MyRpaProject/venv/lib/python3.10/site-packages/airflow/example_dags/example_trigger_target_dag.py
[2025-06-12T13:16:00.666+0200] {logging_mixin.py:190} INFO - [2025-06-12T13:16:00.666+0200] {dag.py:3239} INFO - Sync 1 DAGs
[2025-06-12T13:16:00.669+0200] {logging_mixin.py:190} INFO - [2025-06-12T13:16:00.669+0200] {dag.py:4180} INFO - Setting next_dagrun for example_trigger_target_dag to None, run_after=None
[2025-06-12T13:16:00.674+0200] {processor.py:208} INFO - Processing /Users/gordanaristova/MyProjects/MyRpaProject/venv/lib/python3.10/site-packages/airflow/example_dags/example_trigger_target_dag.py took 0.051 seconds
[2025-06-12T18:42:10.213+0200] {processor.py:186} INFO - Started process (PID=15649) to work on /Users/gordanaristova/MyProjects/MyRpaProject/venv/lib/python3.10/site-packages/airflow/example_dags/example_trigger_target_dag.py
[2025-06-12T18:42:10.214+0200] {processor.py:914} INFO - Processing file /Users/gordanaristova/MyProjects/MyRpaProject/venv/lib/python3.10/site-packages/airflow/example_dags/example_trigger_target_dag.py for tasks to queue
[2025-06-12T18:42:10.214+0200] {logging_mixin.py:190} INFO - [2025-06-12T18:42:10.214+0200] {dagbag.py:588} INFO - Filling up the DagBag from /Users/gordanaristova/MyProjects/MyRpaProject/venv/lib/python3.10/site-packages/airflow/example_dags/example_trigger_target_dag.py
[2025-06-12T18:42:10.226+0200] {processor.py:925} INFO - DAG(s) 'example_trigger_target_dag' retrieved from /Users/gordanaristova/MyProjects/MyRpaProject/venv/lib/python3.10/site-packages/airflow/example_dags/example_trigger_target_dag.py
[2025-06-12T18:42:10.254+0200] {logging_mixin.py:190} INFO - [2025-06-12T18:42:10.254+0200] {dag.py:3239} INFO - Sync 1 DAGs
[2025-06-12T18:42:10.257+0200] {logging_mixin.py:190} INFO - [2025-06-12T18:42:10.257+0200] {dag.py:4180} INFO - Setting next_dagrun for example_trigger_target_dag to None, run_after=None
[2025-06-12T18:42:10.262+0200] {processor.py:208} INFO - Processing /Users/gordanaristova/MyProjects/MyRpaProject/venv/lib/python3.10/site-packages/airflow/example_dags/example_trigger_target_dag.py took 0.050 seconds
[2025-06-12T18:51:53.688+0200] {processor.py:186} INFO - Started process (PID=15873) to work on /Users/gordanaristova/MyProjects/MyRpaProject/venv/lib/python3.10/site-packages/airflow/example_dags/example_trigger_target_dag.py
[2025-06-12T18:51:53.688+0200] {processor.py:914} INFO - Processing file /Users/gordanaristova/MyProjects/MyRpaProject/venv/lib/python3.10/site-packages/airflow/example_dags/example_trigger_target_dag.py for tasks to queue
[2025-06-12T18:51:53.689+0200] {logging_mixin.py:190} INFO - [2025-06-12T18:51:53.689+0200] {dagbag.py:588} INFO - Filling up the DagBag from /Users/gordanaristova/MyProjects/MyRpaProject/venv/lib/python3.10/site-packages/airflow/example_dags/example_trigger_target_dag.py
[2025-06-12T18:51:53.700+0200] {processor.py:925} INFO - DAG(s) 'example_trigger_target_dag' retrieved from /Users/gordanaristova/MyProjects/MyRpaProject/venv/lib/python3.10/site-packages/airflow/example_dags/example_trigger_target_dag.py
[2025-06-12T18:51:53.728+0200] {logging_mixin.py:190} INFO - [2025-06-12T18:51:53.728+0200] {dag.py:3239} INFO - Sync 1 DAGs
[2025-06-12T18:51:53.731+0200] {logging_mixin.py:190} INFO - [2025-06-12T18:51:53.731+0200] {dag.py:4180} INFO - Setting next_dagrun for example_trigger_target_dag to None, run_after=None
[2025-06-12T18:51:53.735+0200] {processor.py:208} INFO - Processing /Users/gordanaristova/MyProjects/MyRpaProject/venv/lib/python3.10/site-packages/airflow/example_dags/example_trigger_target_dag.py took 0.049 seconds
[2025-06-12T18:55:05.756+0200] {processor.py:186} INFO - Started process (PID=15962) to work on /Users/gordanaristova/MyProjects/MyRpaProject/venv/lib/python3.10/site-packages/airflow/example_dags/example_trigger_target_dag.py
[2025-06-12T18:55:05.757+0200] {processor.py:914} INFO - Processing file /Users/gordanaristova/MyProjects/MyRpaProject/venv/lib/python3.10/site-packages/airflow/example_dags/example_trigger_target_dag.py for tasks to queue
[2025-06-12T18:55:05.758+0200] {logging_mixin.py:190} INFO - [2025-06-12T18:55:05.758+0200] {dagbag.py:588} INFO - Filling up the DagBag from /Users/gordanaristova/MyProjects/MyRpaProject/venv/lib/python3.10/site-packages/airflow/example_dags/example_trigger_target_dag.py
[2025-06-12T18:55:05.769+0200] {processor.py:925} INFO - DAG(s) 'example_trigger_target_dag' retrieved from /Users/gordanaristova/MyProjects/MyRpaProject/venv/lib/python3.10/site-packages/airflow/example_dags/example_trigger_target_dag.py
[2025-06-12T18:55:05.798+0200] {logging_mixin.py:190} INFO - [2025-06-12T18:55:05.798+0200] {dag.py:3239} INFO - Sync 1 DAGs
[2025-06-12T18:55:05.801+0200] {logging_mixin.py:190} INFO - [2025-06-12T18:55:05.801+0200] {dag.py:4180} INFO - Setting next_dagrun for example_trigger_target_dag to None, run_after=None
[2025-06-12T18:55:05.806+0200] {processor.py:208} INFO - Processing /Users/gordanaristova/MyProjects/MyRpaProject/venv/lib/python3.10/site-packages/airflow/example_dags/example_trigger_target_dag.py took 0.051 seconds
[2025-06-12T19:00:12.732+0200] {processor.py:186} INFO - Started process (PID=16104) to work on /Users/gordanaristova/MyProjects/MyRpaProject/venv/lib/python3.10/site-packages/airflow/example_dags/example_trigger_target_dag.py
[2025-06-12T19:00:12.732+0200] {processor.py:914} INFO - Processing file /Users/gordanaristova/MyProjects/MyRpaProject/venv/lib/python3.10/site-packages/airflow/example_dags/example_trigger_target_dag.py for tasks to queue
[2025-06-12T19:00:12.733+0200] {logging_mixin.py:190} INFO - [2025-06-12T19:00:12.732+0200] {dagbag.py:588} INFO - Filling up the DagBag from /Users/gordanaristova/MyProjects/MyRpaProject/venv/lib/python3.10/site-packages/airflow/example_dags/example_trigger_target_dag.py
[2025-06-12T19:00:12.745+0200] {processor.py:925} INFO - DAG(s) 'example_trigger_target_dag' retrieved from /Users/gordanaristova/MyProjects/MyRpaProject/venv/lib/python3.10/site-packages/airflow/example_dags/example_trigger_target_dag.py
[2025-06-12T19:00:12.775+0200] {logging_mixin.py:190} INFO - [2025-06-12T19:00:12.774+0200] {dag.py:3239} INFO - Sync 1 DAGs
[2025-06-12T19:00:12.778+0200] {logging_mixin.py:190} INFO - [2025-06-12T19:00:12.778+0200] {dag.py:4180} INFO - Setting next_dagrun for example_trigger_target_dag to None, run_after=None
[2025-06-12T19:00:12.783+0200] {processor.py:208} INFO - Processing /Users/gordanaristova/MyProjects/MyRpaProject/venv/lib/python3.10/site-packages/airflow/example_dags/example_trigger_target_dag.py took 0.052 seconds
[2025-06-12T19:03:54.990+0200] {processor.py:186} INFO - Started process (PID=16243) to work on /Users/gordanaristova/MyProjects/MyRpaProject/venv/lib/python3.10/site-packages/airflow/example_dags/example_trigger_target_dag.py
[2025-06-12T19:03:54.991+0200] {processor.py:914} INFO - Processing file /Users/gordanaristova/MyProjects/MyRpaProject/venv/lib/python3.10/site-packages/airflow/example_dags/example_trigger_target_dag.py for tasks to queue
[2025-06-12T19:03:54.992+0200] {logging_mixin.py:190} INFO - [2025-06-12T19:03:54.992+0200] {dagbag.py:588} INFO - Filling up the DagBag from /Users/gordanaristova/MyProjects/MyRpaProject/venv/lib/python3.10/site-packages/airflow/example_dags/example_trigger_target_dag.py
[2025-06-12T19:03:55.003+0200] {processor.py:925} INFO - DAG(s) 'example_trigger_target_dag' retrieved from /Users/gordanaristova/MyProjects/MyRpaProject/venv/lib/python3.10/site-packages/airflow/example_dags/example_trigger_target_dag.py
[2025-06-12T19:03:55.032+0200] {logging_mixin.py:190} INFO - [2025-06-12T19:03:55.032+0200] {dag.py:3239} INFO - Sync 1 DAGs
[2025-06-12T19:03:55.035+0200] {logging_mixin.py:190} INFO - [2025-06-12T19:03:55.035+0200] {dag.py:4180} INFO - Setting next_dagrun for example_trigger_target_dag to None, run_after=None
[2025-06-12T19:03:55.040+0200] {processor.py:208} INFO - Processing /Users/gordanaristova/MyProjects/MyRpaProject/venv/lib/python3.10/site-packages/airflow/example_dags/example_trigger_target_dag.py took 0.050 seconds
[2025-06-12T19:10:51.441+0200] {processor.py:186} INFO - Started process (PID=16433) to work on /Users/gordanaristova/MyProjects/MyRpaProject/venv/lib/python3.10/site-packages/airflow/example_dags/example_trigger_target_dag.py
[2025-06-12T19:10:51.442+0200] {processor.py:914} INFO - Processing file /Users/gordanaristova/MyProjects/MyRpaProject/venv/lib/python3.10/site-packages/airflow/example_dags/example_trigger_target_dag.py for tasks to queue
[2025-06-12T19:10:51.442+0200] {logging_mixin.py:190} INFO - [2025-06-12T19:10:51.442+0200] {dagbag.py:588} INFO - Filling up the DagBag from /Users/gordanaristova/MyProjects/MyRpaProject/venv/lib/python3.10/site-packages/airflow/example_dags/example_trigger_target_dag.py
[2025-06-12T19:10:51.455+0200] {processor.py:925} INFO - DAG(s) 'example_trigger_target_dag' retrieved from /Users/gordanaristova/MyProjects/MyRpaProject/venv/lib/python3.10/site-packages/airflow/example_dags/example_trigger_target_dag.py
[2025-06-12T19:10:51.483+0200] {logging_mixin.py:190} INFO - [2025-06-12T19:10:51.483+0200] {dag.py:3239} INFO - Sync 1 DAGs
[2025-06-12T19:10:51.487+0200] {logging_mixin.py:190} INFO - [2025-06-12T19:10:51.486+0200] {dag.py:4180} INFO - Setting next_dagrun for example_trigger_target_dag to None, run_after=None
[2025-06-12T19:10:51.491+0200] {processor.py:208} INFO - Processing /Users/gordanaristova/MyProjects/MyRpaProject/venv/lib/python3.10/site-packages/airflow/example_dags/example_trigger_target_dag.py took 0.051 seconds
[2025-06-12T19:13:53.236+0200] {processor.py:186} INFO - Started process (PID=16630) to work on /Users/gordanaristova/MyProjects/MyRpaProject/venv/lib/python3.10/site-packages/airflow/example_dags/example_trigger_target_dag.py
[2025-06-12T19:13:53.237+0200] {processor.py:914} INFO - Processing file /Users/gordanaristova/MyProjects/MyRpaProject/venv/lib/python3.10/site-packages/airflow/example_dags/example_trigger_target_dag.py for tasks to queue
[2025-06-12T19:13:53.238+0200] {logging_mixin.py:190} INFO - [2025-06-12T19:13:53.238+0200] {dagbag.py:588} INFO - Filling up the DagBag from /Users/gordanaristova/MyProjects/MyRpaProject/venv/lib/python3.10/site-packages/airflow/example_dags/example_trigger_target_dag.py
[2025-06-12T19:13:53.249+0200] {processor.py:925} INFO - DAG(s) 'example_trigger_target_dag' retrieved from /Users/gordanaristova/MyProjects/MyRpaProject/venv/lib/python3.10/site-packages/airflow/example_dags/example_trigger_target_dag.py
[2025-06-12T19:13:53.277+0200] {logging_mixin.py:190} INFO - [2025-06-12T19:13:53.277+0200] {dag.py:3239} INFO - Sync 1 DAGs
[2025-06-12T19:13:53.280+0200] {logging_mixin.py:190} INFO - [2025-06-12T19:13:53.280+0200] {dag.py:4180} INFO - Setting next_dagrun for example_trigger_target_dag to None, run_after=None
[2025-06-12T19:13:53.284+0200] {processor.py:208} INFO - Processing /Users/gordanaristova/MyProjects/MyRpaProject/venv/lib/python3.10/site-packages/airflow/example_dags/example_trigger_target_dag.py took 0.049 seconds
