[2025-06-12T10:37:14.819+0200] {processor.py:186} INFO - Started process (PID=8453) to work on /Users/gordanaristova/MyProjects/MyRpaProject/venv/lib/python3.10/site-packages/airflow/example_dags/example_external_task_marker_dag.py
[2025-06-12T10:37:14.819+0200] {processor.py:914} INFO - Processing file /Users/gordanaristova/MyProjects/MyRpaProject/venv/lib/python3.10/site-packages/airflow/example_dags/example_external_task_marker_dag.py for tasks to queue
[2025-06-12T10:37:14.819+0200] {logging_mixin.py:190} INFO - [2025-06-12T10:37:14.819+0200] {dagbag.py:588} INFO - Filling up the DagBag from /Users/gordanaristova/MyProjects/MyRpaProject/venv/lib/python3.10/site-packages/airflow/example_dags/example_external_task_marker_dag.py
[2025-06-12T10:37:14.823+0200] {processor.py:925} INFO - DAG(s) 'example_external_task_marker_child', 'example_external_task_marker_parent' retrieved from /Users/gordanaristova/MyProjects/MyRpaProject/venv/lib/python3.10/site-packages/airflow/example_dags/example_external_task_marker_dag.py
[2025-06-12T10:37:15.021+0200] {logging_mixin.py:190} INFO - [2025-06-12T10:37:15.021+0200] {override.py:1900} INFO - Created Permission View: can edit on DAG:example_external_task_marker_child
[2025-06-12T10:37:15.023+0200] {logging_mixin.py:190} INFO - [2025-06-12T10:37:15.023+0200] {override.py:1900} INFO - Created Permission View: can read on DAG:example_external_task_marker_child
[2025-06-12T10:37:15.024+0200] {logging_mixin.py:190} INFO - [2025-06-12T10:37:15.024+0200] {override.py:1900} INFO - Created Permission View: can delete on DAG:example_external_task_marker_child
[2025-06-12T10:37:15.026+0200] {logging_mixin.py:190} INFO - [2025-06-12T10:37:15.026+0200] {override.py:1900} INFO - Created Permission View: can read on DAG Run:example_external_task_marker_child
[2025-06-12T10:37:15.027+0200] {logging_mixin.py:190} INFO - [2025-06-12T10:37:15.027+0200] {override.py:1900} INFO - Created Permission View: menu access on DAG Run:example_external_task_marker_child
[2025-06-12T10:37:15.029+0200] {logging_mixin.py:190} INFO - [2025-06-12T10:37:15.029+0200] {override.py:1900} INFO - Created Permission View: can create on DAG Run:example_external_task_marker_child
[2025-06-12T10:37:15.030+0200] {logging_mixin.py:190} INFO - [2025-06-12T10:37:15.030+0200] {override.py:1900} INFO - Created Permission View: can delete on DAG Run:example_external_task_marker_child
[2025-06-12T10:37:15.033+0200] {logging_mixin.py:190} INFO - [2025-06-12T10:37:15.033+0200] {override.py:1900} INFO - Created Permission View: can edit on DAG:example_external_task_marker_parent
[2025-06-12T10:37:15.034+0200] {logging_mixin.py:190} INFO - [2025-06-12T10:37:15.034+0200] {override.py:1900} INFO - Created Permission View: can read on DAG:example_external_task_marker_parent
[2025-06-12T10:37:15.035+0200] {logging_mixin.py:190} INFO - [2025-06-12T10:37:15.035+0200] {override.py:1900} INFO - Created Permission View: can delete on DAG:example_external_task_marker_parent
[2025-06-12T10:37:15.037+0200] {logging_mixin.py:190} INFO - [2025-06-12T10:37:15.037+0200] {override.py:1900} INFO - Created Permission View: can read on DAG Run:example_external_task_marker_parent
[2025-06-12T10:37:15.038+0200] {logging_mixin.py:190} INFO - [2025-06-12T10:37:15.038+0200] {override.py:1900} INFO - Created Permission View: menu access on DAG Run:example_external_task_marker_parent
[2025-06-12T10:37:15.040+0200] {logging_mixin.py:190} INFO - [2025-06-12T10:37:15.039+0200] {override.py:1900} INFO - Created Permission View: can create on DAG Run:example_external_task_marker_parent
[2025-06-12T10:37:15.041+0200] {logging_mixin.py:190} INFO - [2025-06-12T10:37:15.041+0200] {override.py:1900} INFO - Created Permission View: can delete on DAG Run:example_external_task_marker_parent
[2025-06-12T10:37:15.041+0200] {logging_mixin.py:190} INFO - [2025-06-12T10:37:15.041+0200] {dag.py:3239} INFO - Sync 2 DAGs
[2025-06-12T10:37:15.044+0200] {logging_mixin.py:190} INFO - [2025-06-12T10:37:15.044+0200] {dag.py:3262} INFO - Creating ORM DAG for example_external_task_marker_parent
[2025-06-12T10:37:15.044+0200] {logging_mixin.py:190} INFO - [2025-06-12T10:37:15.044+0200] {dag.py:3262} INFO - Creating ORM DAG for example_external_task_marker_child
[2025-06-12T10:37:15.044+0200] {logging_mixin.py:190} INFO - [2025-06-12T10:37:15.044+0200] {dag.py:4180} INFO - Setting next_dagrun for example_external_task_marker_child to None, run_after=None
[2025-06-12T10:37:15.044+0200] {logging_mixin.py:190} INFO - [2025-06-12T10:37:15.044+0200] {dag.py:4180} INFO - Setting next_dagrun for example_external_task_marker_parent to None, run_after=None
[2025-06-12T10:37:15.049+0200] {processor.py:208} INFO - Processing /Users/gordanaristova/MyProjects/MyRpaProject/venv/lib/python3.10/site-packages/airflow/example_dags/example_external_task_marker_dag.py took 0.231 seconds
[2025-06-12T10:39:04.557+0200] {processor.py:186} INFO - Started process (PID=8545) to work on /Users/gordanaristova/MyProjects/MyRpaProject/venv/lib/python3.10/site-packages/airflow/example_dags/example_external_task_marker_dag.py
[2025-06-12T10:39:04.557+0200] {processor.py:914} INFO - Processing file /Users/gordanaristova/MyProjects/MyRpaProject/venv/lib/python3.10/site-packages/airflow/example_dags/example_external_task_marker_dag.py for tasks to queue
[2025-06-12T10:39:04.558+0200] {logging_mixin.py:190} INFO - [2025-06-12T10:39:04.558+0200] {dagbag.py:588} INFO - Filling up the DagBag from /Users/gordanaristova/MyProjects/MyRpaProject/venv/lib/python3.10/site-packages/airflow/example_dags/example_external_task_marker_dag.py
[2025-06-12T10:39:04.561+0200] {processor.py:925} INFO - DAG(s) 'example_external_task_marker_child', 'example_external_task_marker_parent' retrieved from /Users/gordanaristova/MyProjects/MyRpaProject/venv/lib/python3.10/site-packages/airflow/example_dags/example_external_task_marker_dag.py
[2025-06-12T10:39:04.746+0200] {logging_mixin.py:190} INFO - [2025-06-12T10:39:04.746+0200] {dag.py:3239} INFO - Sync 2 DAGs
[2025-06-12T10:39:04.749+0200] {logging_mixin.py:190} INFO - [2025-06-12T10:39:04.749+0200] {dag.py:4180} INFO - Setting next_dagrun for example_external_task_marker_child to None, run_after=None
[2025-06-12T10:39:04.750+0200] {logging_mixin.py:190} INFO - [2025-06-12T10:39:04.750+0200] {dag.py:4180} INFO - Setting next_dagrun for example_external_task_marker_parent to None, run_after=None
[2025-06-12T10:39:04.754+0200] {processor.py:208} INFO - Processing /Users/gordanaristova/MyProjects/MyRpaProject/venv/lib/python3.10/site-packages/airflow/example_dags/example_external_task_marker_dag.py took 0.198 seconds
[2025-06-12T10:40:47.499+0200] {processor.py:186} INFO - Started process (PID=8625) to work on /Users/gordanaristova/MyProjects/MyRpaProject/venv/lib/python3.10/site-packages/airflow/example_dags/example_external_task_marker_dag.py
[2025-06-12T10:40:47.500+0200] {processor.py:914} INFO - Processing file /Users/gordanaristova/MyProjects/MyRpaProject/venv/lib/python3.10/site-packages/airflow/example_dags/example_external_task_marker_dag.py for tasks to queue
[2025-06-12T10:40:47.500+0200] {logging_mixin.py:190} INFO - [2025-06-12T10:40:47.500+0200] {dagbag.py:588} INFO - Filling up the DagBag from /Users/gordanaristova/MyProjects/MyRpaProject/venv/lib/python3.10/site-packages/airflow/example_dags/example_external_task_marker_dag.py
[2025-06-12T10:40:47.504+0200] {processor.py:925} INFO - DAG(s) 'example_external_task_marker_parent', 'example_external_task_marker_child' retrieved from /Users/gordanaristova/MyProjects/MyRpaProject/venv/lib/python3.10/site-packages/airflow/example_dags/example_external_task_marker_dag.py
[2025-06-12T10:40:47.711+0200] {logging_mixin.py:190} INFO - [2025-06-12T10:40:47.711+0200] {dag.py:3239} INFO - Sync 2 DAGs
[2025-06-12T10:40:47.714+0200] {logging_mixin.py:190} INFO - [2025-06-12T10:40:47.714+0200] {dag.py:4180} INFO - Setting next_dagrun for example_external_task_marker_child to None, run_after=None
[2025-06-12T10:40:47.715+0200] {logging_mixin.py:190} INFO - [2025-06-12T10:40:47.715+0200] {dag.py:4180} INFO - Setting next_dagrun for example_external_task_marker_parent to None, run_after=None
[2025-06-12T10:40:47.719+0200] {processor.py:208} INFO - Processing /Users/gordanaristova/MyProjects/MyRpaProject/venv/lib/python3.10/site-packages/airflow/example_dags/example_external_task_marker_dag.py took 0.221 seconds
[2025-06-12T10:42:34.242+0200] {processor.py:186} INFO - Started process (PID=8715) to work on /Users/gordanaristova/MyProjects/MyRpaProject/venv/lib/python3.10/site-packages/airflow/example_dags/example_external_task_marker_dag.py
[2025-06-12T10:42:34.243+0200] {processor.py:914} INFO - Processing file /Users/gordanaristova/MyProjects/MyRpaProject/venv/lib/python3.10/site-packages/airflow/example_dags/example_external_task_marker_dag.py for tasks to queue
[2025-06-12T10:42:34.243+0200] {logging_mixin.py:190} INFO - [2025-06-12T10:42:34.243+0200] {dagbag.py:588} INFO - Filling up the DagBag from /Users/gordanaristova/MyProjects/MyRpaProject/venv/lib/python3.10/site-packages/airflow/example_dags/example_external_task_marker_dag.py
[2025-06-12T10:42:34.247+0200] {processor.py:925} INFO - DAG(s) 'example_external_task_marker_child', 'example_external_task_marker_parent' retrieved from /Users/gordanaristova/MyProjects/MyRpaProject/venv/lib/python3.10/site-packages/airflow/example_dags/example_external_task_marker_dag.py
[2025-06-12T10:42:34.436+0200] {logging_mixin.py:190} INFO - [2025-06-12T10:42:34.436+0200] {dag.py:3239} INFO - Sync 2 DAGs
[2025-06-12T10:42:34.439+0200] {logging_mixin.py:190} INFO - [2025-06-12T10:42:34.439+0200] {dag.py:4180} INFO - Setting next_dagrun for example_external_task_marker_child to None, run_after=None
[2025-06-12T10:42:34.440+0200] {logging_mixin.py:190} INFO - [2025-06-12T10:42:34.440+0200] {dag.py:4180} INFO - Setting next_dagrun for example_external_task_marker_parent to None, run_after=None
[2025-06-12T10:42:34.444+0200] {processor.py:208} INFO - Processing /Users/gordanaristova/MyProjects/MyRpaProject/venv/lib/python3.10/site-packages/airflow/example_dags/example_external_task_marker_dag.py took 0.204 seconds
[2025-06-12T10:44:20.488+0200] {processor.py:186} INFO - Started process (PID=8867) to work on /Users/gordanaristova/MyProjects/MyRpaProject/venv/lib/python3.10/site-packages/airflow/example_dags/example_external_task_marker_dag.py
[2025-06-12T10:44:20.488+0200] {processor.py:914} INFO - Processing file /Users/gordanaristova/MyProjects/MyRpaProject/venv/lib/python3.10/site-packages/airflow/example_dags/example_external_task_marker_dag.py for tasks to queue
[2025-06-12T10:44:20.489+0200] {logging_mixin.py:190} INFO - [2025-06-12T10:44:20.489+0200] {dagbag.py:588} INFO - Filling up the DagBag from /Users/gordanaristova/MyProjects/MyRpaProject/venv/lib/python3.10/site-packages/airflow/example_dags/example_external_task_marker_dag.py
[2025-06-12T10:44:20.492+0200] {processor.py:925} INFO - DAG(s) 'example_external_task_marker_parent', 'example_external_task_marker_child' retrieved from /Users/gordanaristova/MyProjects/MyRpaProject/venv/lib/python3.10/site-packages/airflow/example_dags/example_external_task_marker_dag.py
[2025-06-12T10:44:20.679+0200] {logging_mixin.py:190} INFO - [2025-06-12T10:44:20.679+0200] {dag.py:3239} INFO - Sync 2 DAGs
[2025-06-12T10:44:20.682+0200] {logging_mixin.py:190} INFO - [2025-06-12T10:44:20.682+0200] {dag.py:4180} INFO - Setting next_dagrun for example_external_task_marker_child to None, run_after=None
[2025-06-12T10:44:20.683+0200] {logging_mixin.py:190} INFO - [2025-06-12T10:44:20.683+0200] {dag.py:4180} INFO - Setting next_dagrun for example_external_task_marker_parent to None, run_after=None
[2025-06-12T10:44:20.687+0200] {processor.py:208} INFO - Processing /Users/gordanaristova/MyProjects/MyRpaProject/venv/lib/python3.10/site-packages/airflow/example_dags/example_external_task_marker_dag.py took 0.200 seconds
[2025-06-12T10:46:06.931+0200] {processor.py:186} INFO - Started process (PID=8959) to work on /Users/gordanaristova/MyProjects/MyRpaProject/venv/lib/python3.10/site-packages/airflow/example_dags/example_external_task_marker_dag.py
[2025-06-12T10:46:06.932+0200] {processor.py:914} INFO - Processing file /Users/gordanaristova/MyProjects/MyRpaProject/venv/lib/python3.10/site-packages/airflow/example_dags/example_external_task_marker_dag.py for tasks to queue
[2025-06-12T10:46:06.932+0200] {logging_mixin.py:190} INFO - [2025-06-12T10:46:06.932+0200] {dagbag.py:588} INFO - Filling up the DagBag from /Users/gordanaristova/MyProjects/MyRpaProject/venv/lib/python3.10/site-packages/airflow/example_dags/example_external_task_marker_dag.py
[2025-06-12T10:46:06.935+0200] {processor.py:925} INFO - DAG(s) 'example_external_task_marker_child', 'example_external_task_marker_parent' retrieved from /Users/gordanaristova/MyProjects/MyRpaProject/venv/lib/python3.10/site-packages/airflow/example_dags/example_external_task_marker_dag.py
[2025-06-12T10:46:07.122+0200] {logging_mixin.py:190} INFO - [2025-06-12T10:46:07.122+0200] {dag.py:3239} INFO - Sync 2 DAGs
[2025-06-12T10:46:07.125+0200] {logging_mixin.py:190} INFO - [2025-06-12T10:46:07.125+0200] {dag.py:4180} INFO - Setting next_dagrun for example_external_task_marker_child to None, run_after=None
[2025-06-12T10:46:07.126+0200] {logging_mixin.py:190} INFO - [2025-06-12T10:46:07.126+0200] {dag.py:4180} INFO - Setting next_dagrun for example_external_task_marker_parent to None, run_after=None
[2025-06-12T10:46:07.130+0200] {processor.py:208} INFO - Processing /Users/gordanaristova/MyProjects/MyRpaProject/venv/lib/python3.10/site-packages/airflow/example_dags/example_external_task_marker_dag.py took 0.200 seconds
[2025-06-12T10:48:00.323+0200] {processor.py:186} INFO - Started process (PID=9097) to work on /Users/gordanaristova/MyProjects/MyRpaProject/venv/lib/python3.10/site-packages/airflow/example_dags/example_external_task_marker_dag.py
[2025-06-12T10:48:00.324+0200] {processor.py:914} INFO - Processing file /Users/gordanaristova/MyProjects/MyRpaProject/venv/lib/python3.10/site-packages/airflow/example_dags/example_external_task_marker_dag.py for tasks to queue
[2025-06-12T10:48:00.324+0200] {logging_mixin.py:190} INFO - [2025-06-12T10:48:00.324+0200] {dagbag.py:588} INFO - Filling up the DagBag from /Users/gordanaristova/MyProjects/MyRpaProject/venv/lib/python3.10/site-packages/airflow/example_dags/example_external_task_marker_dag.py
[2025-06-12T10:48:00.328+0200] {processor.py:925} INFO - DAG(s) 'example_external_task_marker_child', 'example_external_task_marker_parent' retrieved from /Users/gordanaristova/MyProjects/MyRpaProject/venv/lib/python3.10/site-packages/airflow/example_dags/example_external_task_marker_dag.py
[2025-06-12T10:48:00.521+0200] {logging_mixin.py:190} INFO - [2025-06-12T10:48:00.520+0200] {dag.py:3239} INFO - Sync 2 DAGs
[2025-06-12T10:48:00.524+0200] {logging_mixin.py:190} INFO - [2025-06-12T10:48:00.524+0200] {dag.py:4180} INFO - Setting next_dagrun for example_external_task_marker_child to None, run_after=None
[2025-06-12T10:48:00.525+0200] {logging_mixin.py:190} INFO - [2025-06-12T10:48:00.525+0200] {dag.py:4180} INFO - Setting next_dagrun for example_external_task_marker_parent to None, run_after=None
[2025-06-12T10:48:00.529+0200] {processor.py:208} INFO - Processing /Users/gordanaristova/MyProjects/MyRpaProject/venv/lib/python3.10/site-packages/airflow/example_dags/example_external_task_marker_dag.py took 0.207 seconds
[2025-06-12T10:49:46.251+0200] {processor.py:186} INFO - Started process (PID=9225) to work on /Users/gordanaristova/MyProjects/MyRpaProject/venv/lib/python3.10/site-packages/airflow/example_dags/example_external_task_marker_dag.py
[2025-06-12T10:49:46.252+0200] {processor.py:914} INFO - Processing file /Users/gordanaristova/MyProjects/MyRpaProject/venv/lib/python3.10/site-packages/airflow/example_dags/example_external_task_marker_dag.py for tasks to queue
[2025-06-12T10:49:46.252+0200] {logging_mixin.py:190} INFO - [2025-06-12T10:49:46.252+0200] {dagbag.py:588} INFO - Filling up the DagBag from /Users/gordanaristova/MyProjects/MyRpaProject/venv/lib/python3.10/site-packages/airflow/example_dags/example_external_task_marker_dag.py
[2025-06-12T10:49:46.255+0200] {processor.py:925} INFO - DAG(s) 'example_external_task_marker_child', 'example_external_task_marker_parent' retrieved from /Users/gordanaristova/MyProjects/MyRpaProject/venv/lib/python3.10/site-packages/airflow/example_dags/example_external_task_marker_dag.py
[2025-06-12T10:49:46.437+0200] {logging_mixin.py:190} INFO - [2025-06-12T10:49:46.437+0200] {dag.py:3239} INFO - Sync 2 DAGs
[2025-06-12T10:49:46.440+0200] {logging_mixin.py:190} INFO - [2025-06-12T10:49:46.440+0200] {dag.py:4180} INFO - Setting next_dagrun for example_external_task_marker_child to None, run_after=None
[2025-06-12T10:49:46.441+0200] {logging_mixin.py:190} INFO - [2025-06-12T10:49:46.441+0200] {dag.py:4180} INFO - Setting next_dagrun for example_external_task_marker_parent to None, run_after=None
[2025-06-12T10:49:46.445+0200] {processor.py:208} INFO - Processing /Users/gordanaristova/MyProjects/MyRpaProject/venv/lib/python3.10/site-packages/airflow/example_dags/example_external_task_marker_dag.py took 0.195 seconds
[2025-06-12T10:57:27.189+0200] {processor.py:186} INFO - Started process (PID=9464) to work on /Users/gordanaristova/MyProjects/MyRpaProject/venv/lib/python3.10/site-packages/airflow/example_dags/example_external_task_marker_dag.py
[2025-06-12T10:57:27.190+0200] {processor.py:914} INFO - Processing file /Users/gordanaristova/MyProjects/MyRpaProject/venv/lib/python3.10/site-packages/airflow/example_dags/example_external_task_marker_dag.py for tasks to queue
[2025-06-12T10:57:27.190+0200] {logging_mixin.py:190} INFO - [2025-06-12T10:57:27.190+0200] {dagbag.py:588} INFO - Filling up the DagBag from /Users/gordanaristova/MyProjects/MyRpaProject/venv/lib/python3.10/site-packages/airflow/example_dags/example_external_task_marker_dag.py
[2025-06-12T10:57:27.194+0200] {processor.py:925} INFO - DAG(s) 'example_external_task_marker_child', 'example_external_task_marker_parent' retrieved from /Users/gordanaristova/MyProjects/MyRpaProject/venv/lib/python3.10/site-packages/airflow/example_dags/example_external_task_marker_dag.py
[2025-06-12T10:57:27.390+0200] {logging_mixin.py:190} INFO - [2025-06-12T10:57:27.390+0200] {dag.py:3239} INFO - Sync 2 DAGs
[2025-06-12T10:57:27.393+0200] {logging_mixin.py:190} INFO - [2025-06-12T10:57:27.393+0200] {dag.py:4180} INFO - Setting next_dagrun for example_external_task_marker_child to None, run_after=None
[2025-06-12T10:57:27.394+0200] {logging_mixin.py:190} INFO - [2025-06-12T10:57:27.394+0200] {dag.py:4180} INFO - Setting next_dagrun for example_external_task_marker_parent to None, run_after=None
[2025-06-12T10:57:27.398+0200] {processor.py:208} INFO - Processing /Users/gordanaristova/MyProjects/MyRpaProject/venv/lib/python3.10/site-packages/airflow/example_dags/example_external_task_marker_dag.py took 0.210 seconds
[2025-06-12T11:12:11.586+0200] {processor.py:186} INFO - Started process (PID=9786) to work on /Users/gordanaristova/MyProjects/MyRpaProject/venv/lib/python3.10/site-packages/airflow/example_dags/example_external_task_marker_dag.py
[2025-06-12T11:12:11.587+0200] {processor.py:914} INFO - Processing file /Users/gordanaristova/MyProjects/MyRpaProject/venv/lib/python3.10/site-packages/airflow/example_dags/example_external_task_marker_dag.py for tasks to queue
[2025-06-12T11:12:11.587+0200] {logging_mixin.py:190} INFO - [2025-06-12T11:12:11.587+0200] {dagbag.py:588} INFO - Filling up the DagBag from /Users/gordanaristova/MyProjects/MyRpaProject/venv/lib/python3.10/site-packages/airflow/example_dags/example_external_task_marker_dag.py
[2025-06-12T11:12:11.590+0200] {processor.py:925} INFO - DAG(s) 'example_external_task_marker_parent', 'example_external_task_marker_child' retrieved from /Users/gordanaristova/MyProjects/MyRpaProject/venv/lib/python3.10/site-packages/airflow/example_dags/example_external_task_marker_dag.py
[2025-06-12T11:12:11.776+0200] {logging_mixin.py:190} INFO - [2025-06-12T11:12:11.776+0200] {dag.py:3239} INFO - Sync 2 DAGs
[2025-06-12T11:12:11.779+0200] {logging_mixin.py:190} INFO - [2025-06-12T11:12:11.779+0200] {dag.py:4180} INFO - Setting next_dagrun for example_external_task_marker_child to None, run_after=None
[2025-06-12T11:12:11.780+0200] {logging_mixin.py:190} INFO - [2025-06-12T11:12:11.780+0200] {dag.py:4180} INFO - Setting next_dagrun for example_external_task_marker_parent to None, run_after=None
[2025-06-12T11:12:11.785+0200] {processor.py:208} INFO - Processing /Users/gordanaristova/MyProjects/MyRpaProject/venv/lib/python3.10/site-packages/airflow/example_dags/example_external_task_marker_dag.py took 0.199 seconds
[2025-06-12T11:22:17.264+0200] {processor.py:186} INFO - Started process (PID=10072) to work on /Users/gordanaristova/MyProjects/MyRpaProject/venv/lib/python3.10/site-packages/airflow/example_dags/example_external_task_marker_dag.py
[2025-06-12T11:22:17.266+0200] {processor.py:914} INFO - Processing file /Users/gordanaristova/MyProjects/MyRpaProject/venv/lib/python3.10/site-packages/airflow/example_dags/example_external_task_marker_dag.py for tasks to queue
[2025-06-12T11:22:17.266+0200] {logging_mixin.py:190} INFO - [2025-06-12T11:22:17.266+0200] {dagbag.py:588} INFO - Filling up the DagBag from /Users/gordanaristova/MyProjects/MyRpaProject/venv/lib/python3.10/site-packages/airflow/example_dags/example_external_task_marker_dag.py
[2025-06-12T11:22:17.269+0200] {processor.py:925} INFO - DAG(s) 'example_external_task_marker_parent', 'example_external_task_marker_child' retrieved from /Users/gordanaristova/MyProjects/MyRpaProject/venv/lib/python3.10/site-packages/airflow/example_dags/example_external_task_marker_dag.py
[2025-06-12T11:22:17.450+0200] {logging_mixin.py:190} INFO - [2025-06-12T11:22:17.450+0200] {dag.py:3239} INFO - Sync 2 DAGs
[2025-06-12T11:22:17.454+0200] {logging_mixin.py:190} INFO - [2025-06-12T11:22:17.454+0200] {dag.py:4180} INFO - Setting next_dagrun for example_external_task_marker_child to None, run_after=None
[2025-06-12T11:22:17.455+0200] {logging_mixin.py:190} INFO - [2025-06-12T11:22:17.454+0200] {dag.py:4180} INFO - Setting next_dagrun for example_external_task_marker_parent to None, run_after=None
[2025-06-12T11:22:17.459+0200] {processor.py:208} INFO - Processing /Users/gordanaristova/MyProjects/MyRpaProject/venv/lib/python3.10/site-packages/airflow/example_dags/example_external_task_marker_dag.py took 0.195 seconds
[2025-06-12T11:41:33.162+0200] {processor.py:186} INFO - Started process (PID=10438) to work on /Users/gordanaristova/MyProjects/MyRpaProject/venv/lib/python3.10/site-packages/airflow/example_dags/example_external_task_marker_dag.py
[2025-06-12T11:41:33.163+0200] {processor.py:914} INFO - Processing file /Users/gordanaristova/MyProjects/MyRpaProject/venv/lib/python3.10/site-packages/airflow/example_dags/example_external_task_marker_dag.py for tasks to queue
[2025-06-12T11:41:33.163+0200] {logging_mixin.py:190} INFO - [2025-06-12T11:41:33.163+0200] {dagbag.py:588} INFO - Filling up the DagBag from /Users/gordanaristova/MyProjects/MyRpaProject/venv/lib/python3.10/site-packages/airflow/example_dags/example_external_task_marker_dag.py
[2025-06-12T11:41:33.167+0200] {processor.py:925} INFO - DAG(s) 'example_external_task_marker_child', 'example_external_task_marker_parent' retrieved from /Users/gordanaristova/MyProjects/MyRpaProject/venv/lib/python3.10/site-packages/airflow/example_dags/example_external_task_marker_dag.py
[2025-06-12T11:41:33.347+0200] {logging_mixin.py:190} INFO - [2025-06-12T11:41:33.347+0200] {dag.py:3239} INFO - Sync 2 DAGs
[2025-06-12T11:41:33.350+0200] {logging_mixin.py:190} INFO - [2025-06-12T11:41:33.350+0200] {dag.py:4180} INFO - Setting next_dagrun for example_external_task_marker_child to None, run_after=None
[2025-06-12T11:41:33.351+0200] {logging_mixin.py:190} INFO - [2025-06-12T11:41:33.351+0200] {dag.py:4180} INFO - Setting next_dagrun for example_external_task_marker_parent to None, run_after=None
[2025-06-12T11:41:33.355+0200] {processor.py:208} INFO - Processing /Users/gordanaristova/MyProjects/MyRpaProject/venv/lib/python3.10/site-packages/airflow/example_dags/example_external_task_marker_dag.py took 0.194 seconds
[2025-06-12T11:50:22.821+0200] {processor.py:186} INFO - Started process (PID=10661) to work on /Users/gordanaristova/MyProjects/MyRpaProject/venv/lib/python3.10/site-packages/airflow/example_dags/example_external_task_marker_dag.py
[2025-06-12T11:50:22.822+0200] {processor.py:914} INFO - Processing file /Users/gordanaristova/MyProjects/MyRpaProject/venv/lib/python3.10/site-packages/airflow/example_dags/example_external_task_marker_dag.py for tasks to queue
[2025-06-12T11:50:22.822+0200] {logging_mixin.py:190} INFO - [2025-06-12T11:50:22.822+0200] {dagbag.py:588} INFO - Filling up the DagBag from /Users/gordanaristova/MyProjects/MyRpaProject/venv/lib/python3.10/site-packages/airflow/example_dags/example_external_task_marker_dag.py
[2025-06-12T11:50:22.825+0200] {processor.py:925} INFO - DAG(s) 'example_external_task_marker_parent', 'example_external_task_marker_child' retrieved from /Users/gordanaristova/MyProjects/MyRpaProject/venv/lib/python3.10/site-packages/airflow/example_dags/example_external_task_marker_dag.py
[2025-06-12T11:50:23.013+0200] {logging_mixin.py:190} INFO - [2025-06-12T11:50:23.013+0200] {dag.py:3239} INFO - Sync 2 DAGs
[2025-06-12T11:50:23.016+0200] {logging_mixin.py:190} INFO - [2025-06-12T11:50:23.016+0200] {dag.py:4180} INFO - Setting next_dagrun for example_external_task_marker_child to None, run_after=None
[2025-06-12T11:50:23.017+0200] {logging_mixin.py:190} INFO - [2025-06-12T11:50:23.017+0200] {dag.py:4180} INFO - Setting next_dagrun for example_external_task_marker_parent to None, run_after=None
[2025-06-12T11:50:23.021+0200] {processor.py:208} INFO - Processing /Users/gordanaristova/MyProjects/MyRpaProject/venv/lib/python3.10/site-packages/airflow/example_dags/example_external_task_marker_dag.py took 0.201 seconds
[2025-06-12T11:52:10.671+0200] {processor.py:186} INFO - Started process (PID=10789) to work on /Users/gordanaristova/MyProjects/MyRpaProject/venv/lib/python3.10/site-packages/airflow/example_dags/example_external_task_marker_dag.py
[2025-06-12T11:52:10.672+0200] {processor.py:914} INFO - Processing file /Users/gordanaristova/MyProjects/MyRpaProject/venv/lib/python3.10/site-packages/airflow/example_dags/example_external_task_marker_dag.py for tasks to queue
[2025-06-12T11:52:10.672+0200] {logging_mixin.py:190} INFO - [2025-06-12T11:52:10.672+0200] {dagbag.py:588} INFO - Filling up the DagBag from /Users/gordanaristova/MyProjects/MyRpaProject/venv/lib/python3.10/site-packages/airflow/example_dags/example_external_task_marker_dag.py
[2025-06-12T11:52:10.676+0200] {processor.py:925} INFO - DAG(s) 'example_external_task_marker_parent', 'example_external_task_marker_child' retrieved from /Users/gordanaristova/MyProjects/MyRpaProject/venv/lib/python3.10/site-packages/airflow/example_dags/example_external_task_marker_dag.py
[2025-06-12T11:52:10.868+0200] {logging_mixin.py:190} INFO - [2025-06-12T11:52:10.868+0200] {dag.py:3239} INFO - Sync 2 DAGs
[2025-06-12T11:52:10.871+0200] {logging_mixin.py:190} INFO - [2025-06-12T11:52:10.871+0200] {dag.py:4180} INFO - Setting next_dagrun for example_external_task_marker_child to None, run_after=None
[2025-06-12T11:52:10.872+0200] {logging_mixin.py:190} INFO - [2025-06-12T11:52:10.872+0200] {dag.py:4180} INFO - Setting next_dagrun for example_external_task_marker_parent to None, run_after=None
[2025-06-12T11:52:10.876+0200] {processor.py:208} INFO - Processing /Users/gordanaristova/MyProjects/MyRpaProject/venv/lib/python3.10/site-packages/airflow/example_dags/example_external_task_marker_dag.py took 0.206 seconds
[2025-06-12T11:53:59.993+0200] {processor.py:186} INFO - Started process (PID=10872) to work on /Users/gordanaristova/MyProjects/MyRpaProject/venv/lib/python3.10/site-packages/airflow/example_dags/example_external_task_marker_dag.py
[2025-06-12T11:53:59.994+0200] {processor.py:914} INFO - Processing file /Users/gordanaristova/MyProjects/MyRpaProject/venv/lib/python3.10/site-packages/airflow/example_dags/example_external_task_marker_dag.py for tasks to queue
[2025-06-12T11:53:59.994+0200] {logging_mixin.py:190} INFO - [2025-06-12T11:53:59.994+0200] {dagbag.py:588} INFO - Filling up the DagBag from /Users/gordanaristova/MyProjects/MyRpaProject/venv/lib/python3.10/site-packages/airflow/example_dags/example_external_task_marker_dag.py
[2025-06-12T11:53:59.998+0200] {processor.py:925} INFO - DAG(s) 'example_external_task_marker_parent', 'example_external_task_marker_child' retrieved from /Users/gordanaristova/MyProjects/MyRpaProject/venv/lib/python3.10/site-packages/airflow/example_dags/example_external_task_marker_dag.py
[2025-06-12T11:54:00.184+0200] {logging_mixin.py:190} INFO - [2025-06-12T11:54:00.183+0200] {dag.py:3239} INFO - Sync 2 DAGs
[2025-06-12T11:54:00.187+0200] {logging_mixin.py:190} INFO - [2025-06-12T11:54:00.187+0200] {dag.py:4180} INFO - Setting next_dagrun for example_external_task_marker_child to None, run_after=None
[2025-06-12T11:54:00.188+0200] {logging_mixin.py:190} INFO - [2025-06-12T11:54:00.188+0200] {dag.py:4180} INFO - Setting next_dagrun for example_external_task_marker_parent to None, run_after=None
[2025-06-12T11:54:00.192+0200] {processor.py:208} INFO - Processing /Users/gordanaristova/MyProjects/MyRpaProject/venv/lib/python3.10/site-packages/airflow/example_dags/example_external_task_marker_dag.py took 0.200 seconds
[2025-06-12T11:55:46.639+0200] {processor.py:186} INFO - Started process (PID=10977) to work on /Users/gordanaristova/MyProjects/MyRpaProject/venv/lib/python3.10/site-packages/airflow/example_dags/example_external_task_marker_dag.py
[2025-06-12T11:55:46.640+0200] {processor.py:914} INFO - Processing file /Users/gordanaristova/MyProjects/MyRpaProject/venv/lib/python3.10/site-packages/airflow/example_dags/example_external_task_marker_dag.py for tasks to queue
[2025-06-12T11:55:46.640+0200] {logging_mixin.py:190} INFO - [2025-06-12T11:55:46.640+0200] {dagbag.py:588} INFO - Filling up the DagBag from /Users/gordanaristova/MyProjects/MyRpaProject/venv/lib/python3.10/site-packages/airflow/example_dags/example_external_task_marker_dag.py
[2025-06-12T11:55:46.643+0200] {processor.py:925} INFO - DAG(s) 'example_external_task_marker_child', 'example_external_task_marker_parent' retrieved from /Users/gordanaristova/MyProjects/MyRpaProject/venv/lib/python3.10/site-packages/airflow/example_dags/example_external_task_marker_dag.py
[2025-06-12T11:55:46.827+0200] {logging_mixin.py:190} INFO - [2025-06-12T11:55:46.827+0200] {dag.py:3239} INFO - Sync 2 DAGs
[2025-06-12T11:55:46.830+0200] {logging_mixin.py:190} INFO - [2025-06-12T11:55:46.830+0200] {dag.py:4180} INFO - Setting next_dagrun for example_external_task_marker_child to None, run_after=None
[2025-06-12T11:55:46.831+0200] {logging_mixin.py:190} INFO - [2025-06-12T11:55:46.831+0200] {dag.py:4180} INFO - Setting next_dagrun for example_external_task_marker_parent to None, run_after=None
[2025-06-12T11:55:46.835+0200] {processor.py:208} INFO - Processing /Users/gordanaristova/MyProjects/MyRpaProject/venv/lib/python3.10/site-packages/airflow/example_dags/example_external_task_marker_dag.py took 0.197 seconds
[2025-06-12T13:15:09.256+0200] {processor.py:186} INFO - Started process (PID=13031) to work on /Users/gordanaristova/MyProjects/MyRpaProject/venv/lib/python3.10/site-packages/airflow/example_dags/example_external_task_marker_dag.py
[2025-06-12T13:15:09.257+0200] {processor.py:914} INFO - Processing file /Users/gordanaristova/MyProjects/MyRpaProject/venv/lib/python3.10/site-packages/airflow/example_dags/example_external_task_marker_dag.py for tasks to queue
[2025-06-12T13:15:09.258+0200] {logging_mixin.py:190} INFO - [2025-06-12T13:15:09.257+0200] {dagbag.py:588} INFO - Filling up the DagBag from /Users/gordanaristova/MyProjects/MyRpaProject/venv/lib/python3.10/site-packages/airflow/example_dags/example_external_task_marker_dag.py
[2025-06-12T13:15:09.261+0200] {processor.py:925} INFO - DAG(s) 'example_external_task_marker_parent', 'example_external_task_marker_child' retrieved from /Users/gordanaristova/MyProjects/MyRpaProject/venv/lib/python3.10/site-packages/airflow/example_dags/example_external_task_marker_dag.py
[2025-06-12T13:15:09.464+0200] {logging_mixin.py:190} INFO - [2025-06-12T13:15:09.464+0200] {dag.py:3239} INFO - Sync 2 DAGs
[2025-06-12T13:15:09.467+0200] {logging_mixin.py:190} INFO - [2025-06-12T13:15:09.467+0200] {dag.py:4180} INFO - Setting next_dagrun for example_external_task_marker_child to None, run_after=None
[2025-06-12T13:15:09.468+0200] {logging_mixin.py:190} INFO - [2025-06-12T13:15:09.468+0200] {dag.py:4180} INFO - Setting next_dagrun for example_external_task_marker_parent to None, run_after=None
[2025-06-12T13:15:09.472+0200] {processor.py:208} INFO - Processing /Users/gordanaristova/MyProjects/MyRpaProject/venv/lib/python3.10/site-packages/airflow/example_dags/example_external_task_marker_dag.py took 0.217 seconds
[2025-06-12T18:42:52.250+0200] {processor.py:186} INFO - Started process (PID=15685) to work on /Users/gordanaristova/MyProjects/MyRpaProject/venv/lib/python3.10/site-packages/airflow/example_dags/example_external_task_marker_dag.py
[2025-06-12T18:42:52.251+0200] {processor.py:914} INFO - Processing file /Users/gordanaristova/MyProjects/MyRpaProject/venv/lib/python3.10/site-packages/airflow/example_dags/example_external_task_marker_dag.py for tasks to queue
[2025-06-12T18:42:52.251+0200] {logging_mixin.py:190} INFO - [2025-06-12T18:42:52.251+0200] {dagbag.py:588} INFO - Filling up the DagBag from /Users/gordanaristova/MyProjects/MyRpaProject/venv/lib/python3.10/site-packages/airflow/example_dags/example_external_task_marker_dag.py
[2025-06-12T18:42:52.255+0200] {processor.py:925} INFO - DAG(s) 'example_external_task_marker_child', 'example_external_task_marker_parent' retrieved from /Users/gordanaristova/MyProjects/MyRpaProject/venv/lib/python3.10/site-packages/airflow/example_dags/example_external_task_marker_dag.py
[2025-06-12T18:42:52.490+0200] {logging_mixin.py:190} INFO - [2025-06-12T18:42:52.490+0200] {dag.py:3239} INFO - Sync 2 DAGs
[2025-06-12T18:42:52.493+0200] {logging_mixin.py:190} INFO - [2025-06-12T18:42:52.493+0200] {dag.py:4180} INFO - Setting next_dagrun for example_external_task_marker_child to None, run_after=None
[2025-06-12T18:42:52.494+0200] {logging_mixin.py:190} INFO - [2025-06-12T18:42:52.494+0200] {dag.py:4180} INFO - Setting next_dagrun for example_external_task_marker_parent to None, run_after=None
[2025-06-12T18:42:52.499+0200] {processor.py:208} INFO - Processing /Users/gordanaristova/MyProjects/MyRpaProject/venv/lib/python3.10/site-packages/airflow/example_dags/example_external_task_marker_dag.py took 0.250 seconds
[2025-06-12T19:00:58.010+0200] {processor.py:186} INFO - Started process (PID=16154) to work on /Users/gordanaristova/MyProjects/MyRpaProject/venv/lib/python3.10/site-packages/airflow/example_dags/example_external_task_marker_dag.py
[2025-06-12T19:00:58.011+0200] {processor.py:914} INFO - Processing file /Users/gordanaristova/MyProjects/MyRpaProject/venv/lib/python3.10/site-packages/airflow/example_dags/example_external_task_marker_dag.py for tasks to queue
[2025-06-12T19:00:58.011+0200] {logging_mixin.py:190} INFO - [2025-06-12T19:00:58.011+0200] {dagbag.py:588} INFO - Filling up the DagBag from /Users/gordanaristova/MyProjects/MyRpaProject/venv/lib/python3.10/site-packages/airflow/example_dags/example_external_task_marker_dag.py
[2025-06-12T19:00:58.015+0200] {processor.py:925} INFO - DAG(s) 'example_external_task_marker_child', 'example_external_task_marker_parent' retrieved from /Users/gordanaristova/MyProjects/MyRpaProject/venv/lib/python3.10/site-packages/airflow/example_dags/example_external_task_marker_dag.py
[2025-06-12T19:00:58.261+0200] {logging_mixin.py:190} INFO - [2025-06-12T19:00:58.261+0200] {dag.py:3239} INFO - Sync 2 DAGs
[2025-06-12T19:00:58.264+0200] {logging_mixin.py:190} INFO - [2025-06-12T19:00:58.264+0200] {dag.py:4180} INFO - Setting next_dagrun for example_external_task_marker_child to None, run_after=None
[2025-06-12T19:00:58.265+0200] {logging_mixin.py:190} INFO - [2025-06-12T19:00:58.265+0200] {dag.py:4180} INFO - Setting next_dagrun for example_external_task_marker_parent to None, run_after=None
[2025-06-12T19:00:58.270+0200] {processor.py:208} INFO - Processing /Users/gordanaristova/MyProjects/MyRpaProject/venv/lib/python3.10/site-packages/airflow/example_dags/example_external_task_marker_dag.py took 0.260 seconds
[2025-06-12T19:11:32.992+0200] {processor.py:186} INFO - Started process (PID=16480) to work on /Users/gordanaristova/MyProjects/MyRpaProject/venv/lib/python3.10/site-packages/airflow/example_dags/example_external_task_marker_dag.py
[2025-06-12T19:11:32.993+0200] {processor.py:914} INFO - Processing file /Users/gordanaristova/MyProjects/MyRpaProject/venv/lib/python3.10/site-packages/airflow/example_dags/example_external_task_marker_dag.py for tasks to queue
[2025-06-12T19:11:32.993+0200] {logging_mixin.py:190} INFO - [2025-06-12T19:11:32.993+0200] {dagbag.py:588} INFO - Filling up the DagBag from /Users/gordanaristova/MyProjects/MyRpaProject/venv/lib/python3.10/site-packages/airflow/example_dags/example_external_task_marker_dag.py
[2025-06-12T19:11:32.997+0200] {processor.py:925} INFO - DAG(s) 'example_external_task_marker_parent', 'example_external_task_marker_child' retrieved from /Users/gordanaristova/MyProjects/MyRpaProject/venv/lib/python3.10/site-packages/airflow/example_dags/example_external_task_marker_dag.py
[2025-06-12T19:11:33.192+0200] {logging_mixin.py:190} INFO - [2025-06-12T19:11:33.192+0200] {dag.py:3239} INFO - Sync 2 DAGs
[2025-06-12T19:11:33.195+0200] {logging_mixin.py:190} INFO - [2025-06-12T19:11:33.195+0200] {dag.py:4180} INFO - Setting next_dagrun for example_external_task_marker_child to None, run_after=None
[2025-06-12T19:11:33.196+0200] {logging_mixin.py:190} INFO - [2025-06-12T19:11:33.196+0200] {dag.py:4180} INFO - Setting next_dagrun for example_external_task_marker_parent to None, run_after=None
[2025-06-12T19:11:33.201+0200] {processor.py:208} INFO - Processing /Users/gordanaristova/MyProjects/MyRpaProject/venv/lib/python3.10/site-packages/airflow/example_dags/example_external_task_marker_dag.py took 0.209 seconds
