[2025-06-12T10:37:18.819+0200] {processor.py:186} INFO - Started process (PID=8457) to work on /Users/gordanaristova/MyProjects/MyRpaProject/venv/lib/python3.10/site-packages/airflow/example_dags/example_display_name.py
[2025-06-12T10:37:18.819+0200] {processor.py:914} INFO - Processing file /Users/gordanaristova/MyProjects/MyRpaProject/venv/lib/python3.10/site-packages/airflow/example_dags/example_display_name.py for tasks to queue
[2025-06-12T10:37:18.820+0200] {logging_mixin.py:190} INFO - [2025-06-12T10:37:18.819+0200] {dagbag.py:588} INFO - Filling up the DagBag from /Users/gordanaristova/MyProjects/MyRpaProject/venv/lib/python3.10/site-packages/airflow/example_dags/example_display_name.py
[2025-06-12T10:37:18.830+0200] {processor.py:925} INFO - DAG(s) 'example_display_name' retrieved from /Users/gordanaristova/MyProjects/MyRpaProject/venv/lib/python3.10/site-packages/airflow/example_dags/example_display_name.py
[2025-06-12T10:37:18.878+0200] {logging_mixin.py:190} INFO - [2025-06-12T10:37:18.877+0200] {override.py:1900} INFO - Created Permission View: can delete on DAG:example_display_name
[2025-06-12T10:37:18.880+0200] {logging_mixin.py:190} INFO - [2025-06-12T10:37:18.880+0200] {override.py:1900} INFO - Created Permission View: can read on DAG:example_display_name
[2025-06-12T10:37:18.881+0200] {logging_mixin.py:190} INFO - [2025-06-12T10:37:18.881+0200] {override.py:1900} INFO - Created Permission View: can edit on DAG:example_display_name
[2025-06-12T10:37:18.883+0200] {logging_mixin.py:190} INFO - [2025-06-12T10:37:18.883+0200] {override.py:1900} INFO - Created Permission View: can delete on DAG Run:example_display_name
[2025-06-12T10:37:18.885+0200] {logging_mixin.py:190} INFO - [2025-06-12T10:37:18.884+0200] {override.py:1900} INFO - Created Permission View: can read on DAG Run:example_display_name
[2025-06-12T10:37:18.886+0200] {logging_mixin.py:190} INFO - [2025-06-12T10:37:18.886+0200] {override.py:1900} INFO - Created Permission View: menu access on DAG Run:example_display_name
[2025-06-12T10:37:18.887+0200] {logging_mixin.py:190} INFO - [2025-06-12T10:37:18.887+0200] {override.py:1900} INFO - Created Permission View: can create on DAG Run:example_display_name
[2025-06-12T10:37:18.887+0200] {logging_mixin.py:190} INFO - [2025-06-12T10:37:18.887+0200] {dag.py:3239} INFO - Sync 1 DAGs
[2025-06-12T10:37:18.890+0200] {logging_mixin.py:190} INFO - [2025-06-12T10:37:18.890+0200] {dag.py:3262} INFO - Creating ORM DAG for example_display_name
[2025-06-12T10:37:18.890+0200] {logging_mixin.py:190} INFO - [2025-06-12T10:37:18.890+0200] {dag.py:4180} INFO - Setting next_dagrun for example_display_name to None, run_after=None
[2025-06-12T10:37:18.894+0200] {processor.py:208} INFO - Processing /Users/gordanaristova/MyProjects/MyRpaProject/venv/lib/python3.10/site-packages/airflow/example_dags/example_display_name.py took 0.076 seconds
[2025-06-12T10:39:09.555+0200] {processor.py:186} INFO - Started process (PID=8549) to work on /Users/gordanaristova/MyProjects/MyRpaProject/venv/lib/python3.10/site-packages/airflow/example_dags/example_display_name.py
[2025-06-12T10:39:09.556+0200] {processor.py:914} INFO - Processing file /Users/gordanaristova/MyProjects/MyRpaProject/venv/lib/python3.10/site-packages/airflow/example_dags/example_display_name.py for tasks to queue
[2025-06-12T10:39:09.556+0200] {logging_mixin.py:190} INFO - [2025-06-12T10:39:09.556+0200] {dagbag.py:588} INFO - Filling up the DagBag from /Users/gordanaristova/MyProjects/MyRpaProject/venv/lib/python3.10/site-packages/airflow/example_dags/example_display_name.py
[2025-06-12T10:39:09.568+0200] {processor.py:925} INFO - DAG(s) 'example_display_name' retrieved from /Users/gordanaristova/MyProjects/MyRpaProject/venv/lib/python3.10/site-packages/airflow/example_dags/example_display_name.py
[2025-06-12T10:39:09.594+0200] {logging_mixin.py:190} INFO - [2025-06-12T10:39:09.594+0200] {dag.py:3239} INFO - Sync 1 DAGs
[2025-06-12T10:39:09.597+0200] {logging_mixin.py:190} INFO - [2025-06-12T10:39:09.597+0200] {dag.py:4180} INFO - Setting next_dagrun for example_display_name to None, run_after=None
[2025-06-12T10:39:09.602+0200] {processor.py:208} INFO - Processing /Users/gordanaristova/MyProjects/MyRpaProject/venv/lib/python3.10/site-packages/airflow/example_dags/example_display_name.py took 0.047 seconds
[2025-06-12T10:40:52.606+0200] {processor.py:186} INFO - Started process (PID=8631) to work on /Users/gordanaristova/MyProjects/MyRpaProject/venv/lib/python3.10/site-packages/airflow/example_dags/example_display_name.py
[2025-06-12T10:40:52.607+0200] {processor.py:914} INFO - Processing file /Users/gordanaristova/MyProjects/MyRpaProject/venv/lib/python3.10/site-packages/airflow/example_dags/example_display_name.py for tasks to queue
[2025-06-12T10:40:52.607+0200] {logging_mixin.py:190} INFO - [2025-06-12T10:40:52.607+0200] {dagbag.py:588} INFO - Filling up the DagBag from /Users/gordanaristova/MyProjects/MyRpaProject/venv/lib/python3.10/site-packages/airflow/example_dags/example_display_name.py
[2025-06-12T10:40:52.618+0200] {processor.py:925} INFO - DAG(s) 'example_display_name' retrieved from /Users/gordanaristova/MyProjects/MyRpaProject/venv/lib/python3.10/site-packages/airflow/example_dags/example_display_name.py
[2025-06-12T10:40:52.646+0200] {logging_mixin.py:190} INFO - [2025-06-12T10:40:52.646+0200] {dag.py:3239} INFO - Sync 1 DAGs
[2025-06-12T10:40:52.649+0200] {logging_mixin.py:190} INFO - [2025-06-12T10:40:52.649+0200] {dag.py:4180} INFO - Setting next_dagrun for example_display_name to None, run_after=None
[2025-06-12T10:40:52.654+0200] {processor.py:208} INFO - Processing /Users/gordanaristova/MyProjects/MyRpaProject/venv/lib/python3.10/site-packages/airflow/example_dags/example_display_name.py took 0.049 seconds
[2025-06-12T10:42:39.330+0200] {processor.py:186} INFO - Started process (PID=8718) to work on /Users/gordanaristova/MyProjects/MyRpaProject/venv/lib/python3.10/site-packages/airflow/example_dags/example_display_name.py
[2025-06-12T10:42:39.330+0200] {processor.py:914} INFO - Processing file /Users/gordanaristova/MyProjects/MyRpaProject/venv/lib/python3.10/site-packages/airflow/example_dags/example_display_name.py for tasks to queue
[2025-06-12T10:42:39.330+0200] {logging_mixin.py:190} INFO - [2025-06-12T10:42:39.330+0200] {dagbag.py:588} INFO - Filling up the DagBag from /Users/gordanaristova/MyProjects/MyRpaProject/venv/lib/python3.10/site-packages/airflow/example_dags/example_display_name.py
[2025-06-12T10:42:39.341+0200] {processor.py:925} INFO - DAG(s) 'example_display_name' retrieved from /Users/gordanaristova/MyProjects/MyRpaProject/venv/lib/python3.10/site-packages/airflow/example_dags/example_display_name.py
[2025-06-12T10:42:39.368+0200] {logging_mixin.py:190} INFO - [2025-06-12T10:42:39.368+0200] {dag.py:3239} INFO - Sync 1 DAGs
[2025-06-12T10:42:39.371+0200] {logging_mixin.py:190} INFO - [2025-06-12T10:42:39.371+0200] {dag.py:4180} INFO - Setting next_dagrun for example_display_name to None, run_after=None
[2025-06-12T10:42:39.376+0200] {processor.py:208} INFO - Processing /Users/gordanaristova/MyProjects/MyRpaProject/venv/lib/python3.10/site-packages/airflow/example_dags/example_display_name.py took 0.047 seconds
[2025-06-12T10:44:25.399+0200] {processor.py:186} INFO - Started process (PID=8872) to work on /Users/gordanaristova/MyProjects/MyRpaProject/venv/lib/python3.10/site-packages/airflow/example_dags/example_display_name.py
[2025-06-12T10:44:25.400+0200] {processor.py:914} INFO - Processing file /Users/gordanaristova/MyProjects/MyRpaProject/venv/lib/python3.10/site-packages/airflow/example_dags/example_display_name.py for tasks to queue
[2025-06-12T10:44:25.401+0200] {logging_mixin.py:190} INFO - [2025-06-12T10:44:25.401+0200] {dagbag.py:588} INFO - Filling up the DagBag from /Users/gordanaristova/MyProjects/MyRpaProject/venv/lib/python3.10/site-packages/airflow/example_dags/example_display_name.py
[2025-06-12T10:44:25.412+0200] {processor.py:925} INFO - DAG(s) 'example_display_name' retrieved from /Users/gordanaristova/MyProjects/MyRpaProject/venv/lib/python3.10/site-packages/airflow/example_dags/example_display_name.py
[2025-06-12T10:44:25.440+0200] {logging_mixin.py:190} INFO - [2025-06-12T10:44:25.439+0200] {dag.py:3239} INFO - Sync 1 DAGs
[2025-06-12T10:44:25.443+0200] {logging_mixin.py:190} INFO - [2025-06-12T10:44:25.442+0200] {dag.py:4180} INFO - Setting next_dagrun for example_display_name to None, run_after=None
[2025-06-12T10:44:25.447+0200] {processor.py:208} INFO - Processing /Users/gordanaristova/MyProjects/MyRpaProject/venv/lib/python3.10/site-packages/airflow/example_dags/example_display_name.py took 0.049 seconds
[2025-06-12T10:46:12.013+0200] {processor.py:186} INFO - Started process (PID=8963) to work on /Users/gordanaristova/MyProjects/MyRpaProject/venv/lib/python3.10/site-packages/airflow/example_dags/example_display_name.py
[2025-06-12T10:46:12.014+0200] {processor.py:914} INFO - Processing file /Users/gordanaristova/MyProjects/MyRpaProject/venv/lib/python3.10/site-packages/airflow/example_dags/example_display_name.py for tasks to queue
[2025-06-12T10:46:12.015+0200] {logging_mixin.py:190} INFO - [2025-06-12T10:46:12.015+0200] {dagbag.py:588} INFO - Filling up the DagBag from /Users/gordanaristova/MyProjects/MyRpaProject/venv/lib/python3.10/site-packages/airflow/example_dags/example_display_name.py
[2025-06-12T10:46:12.025+0200] {processor.py:925} INFO - DAG(s) 'example_display_name' retrieved from /Users/gordanaristova/MyProjects/MyRpaProject/venv/lib/python3.10/site-packages/airflow/example_dags/example_display_name.py
[2025-06-12T10:46:12.053+0200] {logging_mixin.py:190} INFO - [2025-06-12T10:46:12.053+0200] {dag.py:3239} INFO - Sync 1 DAGs
[2025-06-12T10:46:12.056+0200] {logging_mixin.py:190} INFO - [2025-06-12T10:46:12.056+0200] {dag.py:4180} INFO - Setting next_dagrun for example_display_name to None, run_after=None
[2025-06-12T10:46:12.061+0200] {processor.py:208} INFO - Processing /Users/gordanaristova/MyProjects/MyRpaProject/venv/lib/python3.10/site-packages/airflow/example_dags/example_display_name.py took 0.048 seconds
[2025-06-12T10:48:04.191+0200] {processor.py:186} INFO - Started process (PID=9102) to work on /Users/gordanaristova/MyProjects/MyRpaProject/venv/lib/python3.10/site-packages/airflow/example_dags/example_display_name.py
[2025-06-12T10:48:04.192+0200] {processor.py:914} INFO - Processing file /Users/gordanaristova/MyProjects/MyRpaProject/venv/lib/python3.10/site-packages/airflow/example_dags/example_display_name.py for tasks to queue
[2025-06-12T10:48:04.192+0200] {logging_mixin.py:190} INFO - [2025-06-12T10:48:04.192+0200] {dagbag.py:588} INFO - Filling up the DagBag from /Users/gordanaristova/MyProjects/MyRpaProject/venv/lib/python3.10/site-packages/airflow/example_dags/example_display_name.py
[2025-06-12T10:48:04.203+0200] {processor.py:925} INFO - DAG(s) 'example_display_name' retrieved from /Users/gordanaristova/MyProjects/MyRpaProject/venv/lib/python3.10/site-packages/airflow/example_dags/example_display_name.py
[2025-06-12T10:48:04.231+0200] {logging_mixin.py:190} INFO - [2025-06-12T10:48:04.231+0200] {dag.py:3239} INFO - Sync 1 DAGs
[2025-06-12T10:48:04.235+0200] {logging_mixin.py:190} INFO - [2025-06-12T10:48:04.234+0200] {dag.py:4180} INFO - Setting next_dagrun for example_display_name to None, run_after=None
[2025-06-12T10:48:04.239+0200] {processor.py:208} INFO - Processing /Users/gordanaristova/MyProjects/MyRpaProject/venv/lib/python3.10/site-packages/airflow/example_dags/example_display_name.py took 0.048 seconds
[2025-06-12T10:49:50.997+0200] {processor.py:186} INFO - Started process (PID=9228) to work on /Users/gordanaristova/MyProjects/MyRpaProject/venv/lib/python3.10/site-packages/airflow/example_dags/example_display_name.py
[2025-06-12T10:49:50.998+0200] {processor.py:914} INFO - Processing file /Users/gordanaristova/MyProjects/MyRpaProject/venv/lib/python3.10/site-packages/airflow/example_dags/example_display_name.py for tasks to queue
[2025-06-12T10:49:50.998+0200] {logging_mixin.py:190} INFO - [2025-06-12T10:49:50.998+0200] {dagbag.py:588} INFO - Filling up the DagBag from /Users/gordanaristova/MyProjects/MyRpaProject/venv/lib/python3.10/site-packages/airflow/example_dags/example_display_name.py
[2025-06-12T10:49:51.009+0200] {processor.py:925} INFO - DAG(s) 'example_display_name' retrieved from /Users/gordanaristova/MyProjects/MyRpaProject/venv/lib/python3.10/site-packages/airflow/example_dags/example_display_name.py
[2025-06-12T10:49:51.036+0200] {logging_mixin.py:190} INFO - [2025-06-12T10:49:51.036+0200] {dag.py:3239} INFO - Sync 1 DAGs
[2025-06-12T10:49:51.039+0200] {logging_mixin.py:190} INFO - [2025-06-12T10:49:51.039+0200] {dag.py:4180} INFO - Setting next_dagrun for example_display_name to None, run_after=None
[2025-06-12T10:49:51.044+0200] {processor.py:208} INFO - Processing /Users/gordanaristova/MyProjects/MyRpaProject/venv/lib/python3.10/site-packages/airflow/example_dags/example_display_name.py took 0.047 seconds
[2025-06-12T10:57:31.184+0200] {processor.py:186} INFO - Started process (PID=9467) to work on /Users/gordanaristova/MyProjects/MyRpaProject/venv/lib/python3.10/site-packages/airflow/example_dags/example_display_name.py
[2025-06-12T10:57:31.185+0200] {processor.py:914} INFO - Processing file /Users/gordanaristova/MyProjects/MyRpaProject/venv/lib/python3.10/site-packages/airflow/example_dags/example_display_name.py for tasks to queue
[2025-06-12T10:57:31.185+0200] {logging_mixin.py:190} INFO - [2025-06-12T10:57:31.185+0200] {dagbag.py:588} INFO - Filling up the DagBag from /Users/gordanaristova/MyProjects/MyRpaProject/venv/lib/python3.10/site-packages/airflow/example_dags/example_display_name.py
[2025-06-12T10:57:31.196+0200] {processor.py:925} INFO - DAG(s) 'example_display_name' retrieved from /Users/gordanaristova/MyProjects/MyRpaProject/venv/lib/python3.10/site-packages/airflow/example_dags/example_display_name.py
[2025-06-12T10:57:31.224+0200] {logging_mixin.py:190} INFO - [2025-06-12T10:57:31.223+0200] {dag.py:3239} INFO - Sync 1 DAGs
[2025-06-12T10:57:31.227+0200] {logging_mixin.py:190} INFO - [2025-06-12T10:57:31.226+0200] {dag.py:4180} INFO - Setting next_dagrun for example_display_name to None, run_after=None
[2025-06-12T10:57:31.231+0200] {processor.py:208} INFO - Processing /Users/gordanaristova/MyProjects/MyRpaProject/venv/lib/python3.10/site-packages/airflow/example_dags/example_display_name.py took 0.048 seconds
[2025-06-12T11:12:15.920+0200] {processor.py:186} INFO - Started process (PID=9789) to work on /Users/gordanaristova/MyProjects/MyRpaProject/venv/lib/python3.10/site-packages/airflow/example_dags/example_display_name.py
[2025-06-12T11:12:15.922+0200] {processor.py:914} INFO - Processing file /Users/gordanaristova/MyProjects/MyRpaProject/venv/lib/python3.10/site-packages/airflow/example_dags/example_display_name.py for tasks to queue
[2025-06-12T11:12:15.922+0200] {logging_mixin.py:190} INFO - [2025-06-12T11:12:15.922+0200] {dagbag.py:588} INFO - Filling up the DagBag from /Users/gordanaristova/MyProjects/MyRpaProject/venv/lib/python3.10/site-packages/airflow/example_dags/example_display_name.py
[2025-06-12T11:12:15.932+0200] {processor.py:925} INFO - DAG(s) 'example_display_name' retrieved from /Users/gordanaristova/MyProjects/MyRpaProject/venv/lib/python3.10/site-packages/airflow/example_dags/example_display_name.py
[2025-06-12T11:12:15.959+0200] {logging_mixin.py:190} INFO - [2025-06-12T11:12:15.958+0200] {dag.py:3239} INFO - Sync 1 DAGs
[2025-06-12T11:12:15.961+0200] {logging_mixin.py:190} INFO - [2025-06-12T11:12:15.961+0200] {dag.py:4180} INFO - Setting next_dagrun for example_display_name to None, run_after=None
[2025-06-12T11:12:15.966+0200] {processor.py:208} INFO - Processing /Users/gordanaristova/MyProjects/MyRpaProject/venv/lib/python3.10/site-packages/airflow/example_dags/example_display_name.py took 0.047 seconds
[2025-06-12T11:22:22.268+0200] {processor.py:186} INFO - Started process (PID=10075) to work on /Users/gordanaristova/MyProjects/MyRpaProject/venv/lib/python3.10/site-packages/airflow/example_dags/example_display_name.py
[2025-06-12T11:22:22.269+0200] {processor.py:914} INFO - Processing file /Users/gordanaristova/MyProjects/MyRpaProject/venv/lib/python3.10/site-packages/airflow/example_dags/example_display_name.py for tasks to queue
[2025-06-12T11:22:22.269+0200] {logging_mixin.py:190} INFO - [2025-06-12T11:22:22.269+0200] {dagbag.py:588} INFO - Filling up the DagBag from /Users/gordanaristova/MyProjects/MyRpaProject/venv/lib/python3.10/site-packages/airflow/example_dags/example_display_name.py
[2025-06-12T11:22:22.280+0200] {processor.py:925} INFO - DAG(s) 'example_display_name' retrieved from /Users/gordanaristova/MyProjects/MyRpaProject/venv/lib/python3.10/site-packages/airflow/example_dags/example_display_name.py
[2025-06-12T11:22:22.307+0200] {logging_mixin.py:190} INFO - [2025-06-12T11:22:22.307+0200] {dag.py:3239} INFO - Sync 1 DAGs
[2025-06-12T11:22:22.310+0200] {logging_mixin.py:190} INFO - [2025-06-12T11:22:22.310+0200] {dag.py:4180} INFO - Setting next_dagrun for example_display_name to None, run_after=None
[2025-06-12T11:22:22.315+0200] {processor.py:208} INFO - Processing /Users/gordanaristova/MyProjects/MyRpaProject/venv/lib/python3.10/site-packages/airflow/example_dags/example_display_name.py took 0.048 seconds
[2025-06-12T11:41:38.160+0200] {processor.py:186} INFO - Started process (PID=10441) to work on /Users/gordanaristova/MyProjects/MyRpaProject/venv/lib/python3.10/site-packages/airflow/example_dags/example_display_name.py
[2025-06-12T11:41:38.161+0200] {processor.py:914} INFO - Processing file /Users/gordanaristova/MyProjects/MyRpaProject/venv/lib/python3.10/site-packages/airflow/example_dags/example_display_name.py for tasks to queue
[2025-06-12T11:41:38.162+0200] {logging_mixin.py:190} INFO - [2025-06-12T11:41:38.162+0200] {dagbag.py:588} INFO - Filling up the DagBag from /Users/gordanaristova/MyProjects/MyRpaProject/venv/lib/python3.10/site-packages/airflow/example_dags/example_display_name.py
[2025-06-12T11:41:38.172+0200] {processor.py:925} INFO - DAG(s) 'example_display_name' retrieved from /Users/gordanaristova/MyProjects/MyRpaProject/venv/lib/python3.10/site-packages/airflow/example_dags/example_display_name.py
[2025-06-12T11:41:38.198+0200] {logging_mixin.py:190} INFO - [2025-06-12T11:41:38.198+0200] {dag.py:3239} INFO - Sync 1 DAGs
[2025-06-12T11:41:38.203+0200] {logging_mixin.py:190} INFO - [2025-06-12T11:41:38.203+0200] {dag.py:4180} INFO - Setting next_dagrun for example_display_name to None, run_after=None
[2025-06-12T11:41:38.207+0200] {processor.py:208} INFO - Processing /Users/gordanaristova/MyProjects/MyRpaProject/venv/lib/python3.10/site-packages/airflow/example_dags/example_display_name.py took 0.048 seconds
[2025-06-12T11:50:27.367+0200] {processor.py:186} INFO - Started process (PID=10665) to work on /Users/gordanaristova/MyProjects/MyRpaProject/venv/lib/python3.10/site-packages/airflow/example_dags/example_display_name.py
[2025-06-12T11:50:27.368+0200] {processor.py:914} INFO - Processing file /Users/gordanaristova/MyProjects/MyRpaProject/venv/lib/python3.10/site-packages/airflow/example_dags/example_display_name.py for tasks to queue
[2025-06-12T11:50:27.368+0200] {logging_mixin.py:190} INFO - [2025-06-12T11:50:27.368+0200] {dagbag.py:588} INFO - Filling up the DagBag from /Users/gordanaristova/MyProjects/MyRpaProject/venv/lib/python3.10/site-packages/airflow/example_dags/example_display_name.py
[2025-06-12T11:50:27.379+0200] {processor.py:925} INFO - DAG(s) 'example_display_name' retrieved from /Users/gordanaristova/MyProjects/MyRpaProject/venv/lib/python3.10/site-packages/airflow/example_dags/example_display_name.py
[2025-06-12T11:50:27.407+0200] {logging_mixin.py:190} INFO - [2025-06-12T11:50:27.407+0200] {dag.py:3239} INFO - Sync 1 DAGs
[2025-06-12T11:50:27.410+0200] {logging_mixin.py:190} INFO - [2025-06-12T11:50:27.410+0200] {dag.py:4180} INFO - Setting next_dagrun for example_display_name to None, run_after=None
[2025-06-12T11:50:27.415+0200] {processor.py:208} INFO - Processing /Users/gordanaristova/MyProjects/MyRpaProject/venv/lib/python3.10/site-packages/airflow/example_dags/example_display_name.py took 0.049 seconds
[2025-06-12T11:52:15.375+0200] {processor.py:186} INFO - Started process (PID=10792) to work on /Users/gordanaristova/MyProjects/MyRpaProject/venv/lib/python3.10/site-packages/airflow/example_dags/example_display_name.py
[2025-06-12T11:52:15.376+0200] {processor.py:914} INFO - Processing file /Users/gordanaristova/MyProjects/MyRpaProject/venv/lib/python3.10/site-packages/airflow/example_dags/example_display_name.py for tasks to queue
[2025-06-12T11:52:15.376+0200] {logging_mixin.py:190} INFO - [2025-06-12T11:52:15.376+0200] {dagbag.py:588} INFO - Filling up the DagBag from /Users/gordanaristova/MyProjects/MyRpaProject/venv/lib/python3.10/site-packages/airflow/example_dags/example_display_name.py
[2025-06-12T11:52:15.387+0200] {processor.py:925} INFO - DAG(s) 'example_display_name' retrieved from /Users/gordanaristova/MyProjects/MyRpaProject/venv/lib/python3.10/site-packages/airflow/example_dags/example_display_name.py
[2025-06-12T11:52:15.415+0200] {logging_mixin.py:190} INFO - [2025-06-12T11:52:15.414+0200] {dag.py:3239} INFO - Sync 1 DAGs
[2025-06-12T11:52:15.418+0200] {logging_mixin.py:190} INFO - [2025-06-12T11:52:15.418+0200] {dag.py:4180} INFO - Setting next_dagrun for example_display_name to None, run_after=None
[2025-06-12T11:52:15.422+0200] {processor.py:208} INFO - Processing /Users/gordanaristova/MyProjects/MyRpaProject/venv/lib/python3.10/site-packages/airflow/example_dags/example_display_name.py took 0.048 seconds
[2025-06-12T11:54:05.034+0200] {processor.py:186} INFO - Started process (PID=10875) to work on /Users/gordanaristova/MyProjects/MyRpaProject/venv/lib/python3.10/site-packages/airflow/example_dags/example_display_name.py
[2025-06-12T11:54:05.035+0200] {processor.py:914} INFO - Processing file /Users/gordanaristova/MyProjects/MyRpaProject/venv/lib/python3.10/site-packages/airflow/example_dags/example_display_name.py for tasks to queue
[2025-06-12T11:54:05.035+0200] {logging_mixin.py:190} INFO - [2025-06-12T11:54:05.035+0200] {dagbag.py:588} INFO - Filling up the DagBag from /Users/gordanaristova/MyProjects/MyRpaProject/venv/lib/python3.10/site-packages/airflow/example_dags/example_display_name.py
[2025-06-12T11:54:05.046+0200] {processor.py:925} INFO - DAG(s) 'example_display_name' retrieved from /Users/gordanaristova/MyProjects/MyRpaProject/venv/lib/python3.10/site-packages/airflow/example_dags/example_display_name.py
[2025-06-12T11:54:05.074+0200] {logging_mixin.py:190} INFO - [2025-06-12T11:54:05.074+0200] {dag.py:3239} INFO - Sync 1 DAGs
[2025-06-12T11:54:05.077+0200] {logging_mixin.py:190} INFO - [2025-06-12T11:54:05.076+0200] {dag.py:4180} INFO - Setting next_dagrun for example_display_name to None, run_after=None
[2025-06-12T11:54:05.081+0200] {processor.py:208} INFO - Processing /Users/gordanaristova/MyProjects/MyRpaProject/venv/lib/python3.10/site-packages/airflow/example_dags/example_display_name.py took 0.048 seconds
[2025-06-12T11:55:51.702+0200] {processor.py:186} INFO - Started process (PID=10980) to work on /Users/gordanaristova/MyProjects/MyRpaProject/venv/lib/python3.10/site-packages/airflow/example_dags/example_display_name.py
[2025-06-12T11:55:51.703+0200] {processor.py:914} INFO - Processing file /Users/gordanaristova/MyProjects/MyRpaProject/venv/lib/python3.10/site-packages/airflow/example_dags/example_display_name.py for tasks to queue
[2025-06-12T11:55:51.703+0200] {logging_mixin.py:190} INFO - [2025-06-12T11:55:51.703+0200] {dagbag.py:588} INFO - Filling up the DagBag from /Users/gordanaristova/MyProjects/MyRpaProject/venv/lib/python3.10/site-packages/airflow/example_dags/example_display_name.py
[2025-06-12T11:55:51.714+0200] {processor.py:925} INFO - DAG(s) 'example_display_name' retrieved from /Users/gordanaristova/MyProjects/MyRpaProject/venv/lib/python3.10/site-packages/airflow/example_dags/example_display_name.py
[2025-06-12T11:55:51.741+0200] {logging_mixin.py:190} INFO - [2025-06-12T11:55:51.741+0200] {dag.py:3239} INFO - Sync 1 DAGs
[2025-06-12T11:55:51.744+0200] {logging_mixin.py:190} INFO - [2025-06-12T11:55:51.744+0200] {dag.py:4180} INFO - Setting next_dagrun for example_display_name to None, run_after=None
[2025-06-12T11:55:51.748+0200] {processor.py:208} INFO - Processing /Users/gordanaristova/MyProjects/MyRpaProject/venv/lib/python3.10/site-packages/airflow/example_dags/example_display_name.py took 0.047 seconds
[2025-06-12T13:15:14.533+0200] {processor.py:186} INFO - Started process (PID=13038) to work on /Users/gordanaristova/MyProjects/MyRpaProject/venv/lib/python3.10/site-packages/airflow/example_dags/example_display_name.py
[2025-06-12T13:15:14.534+0200] {processor.py:914} INFO - Processing file /Users/gordanaristova/MyProjects/MyRpaProject/venv/lib/python3.10/site-packages/airflow/example_dags/example_display_name.py for tasks to queue
[2025-06-12T13:15:14.534+0200] {logging_mixin.py:190} INFO - [2025-06-12T13:15:14.534+0200] {dagbag.py:588} INFO - Filling up the DagBag from /Users/gordanaristova/MyProjects/MyRpaProject/venv/lib/python3.10/site-packages/airflow/example_dags/example_display_name.py
[2025-06-12T13:15:14.545+0200] {processor.py:925} INFO - DAG(s) 'example_display_name' retrieved from /Users/gordanaristova/MyProjects/MyRpaProject/venv/lib/python3.10/site-packages/airflow/example_dags/example_display_name.py
[2025-06-12T13:15:14.575+0200] {logging_mixin.py:190} INFO - [2025-06-12T13:15:14.575+0200] {dag.py:3239} INFO - Sync 1 DAGs
[2025-06-12T13:15:14.578+0200] {logging_mixin.py:190} INFO - [2025-06-12T13:15:14.578+0200] {dag.py:4180} INFO - Setting next_dagrun for example_display_name to None, run_after=None
[2025-06-12T13:15:14.583+0200] {processor.py:208} INFO - Processing /Users/gordanaristova/MyProjects/MyRpaProject/venv/lib/python3.10/site-packages/airflow/example_dags/example_display_name.py took 0.051 seconds
[2025-06-12T18:42:57.640+0200] {processor.py:186} INFO - Started process (PID=15694) to work on /Users/gordanaristova/MyProjects/MyRpaProject/venv/lib/python3.10/site-packages/airflow/example_dags/example_display_name.py
[2025-06-12T18:42:57.641+0200] {processor.py:914} INFO - Processing file /Users/gordanaristova/MyProjects/MyRpaProject/venv/lib/python3.10/site-packages/airflow/example_dags/example_display_name.py for tasks to queue
[2025-06-12T18:42:57.641+0200] {logging_mixin.py:190} INFO - [2025-06-12T18:42:57.641+0200] {dagbag.py:588} INFO - Filling up the DagBag from /Users/gordanaristova/MyProjects/MyRpaProject/venv/lib/python3.10/site-packages/airflow/example_dags/example_display_name.py
[2025-06-12T18:42:57.653+0200] {processor.py:925} INFO - DAG(s) 'example_display_name' retrieved from /Users/gordanaristova/MyProjects/MyRpaProject/venv/lib/python3.10/site-packages/airflow/example_dags/example_display_name.py
[2025-06-12T18:42:57.681+0200] {logging_mixin.py:190} INFO - [2025-06-12T18:42:57.681+0200] {dag.py:3239} INFO - Sync 1 DAGs
[2025-06-12T18:42:57.684+0200] {logging_mixin.py:190} INFO - [2025-06-12T18:42:57.684+0200] {dag.py:4180} INFO - Setting next_dagrun for example_display_name to None, run_after=None
[2025-06-12T18:42:57.689+0200] {processor.py:208} INFO - Processing /Users/gordanaristova/MyProjects/MyRpaProject/venv/lib/python3.10/site-packages/airflow/example_dags/example_display_name.py took 0.051 seconds
[2025-06-12T19:01:03.469+0200] {processor.py:186} INFO - Started process (PID=16157) to work on /Users/gordanaristova/MyProjects/MyRpaProject/venv/lib/python3.10/site-packages/airflow/example_dags/example_display_name.py
[2025-06-12T19:01:03.470+0200] {processor.py:914} INFO - Processing file /Users/gordanaristova/MyProjects/MyRpaProject/venv/lib/python3.10/site-packages/airflow/example_dags/example_display_name.py for tasks to queue
[2025-06-12T19:01:03.470+0200] {logging_mixin.py:190} INFO - [2025-06-12T19:01:03.470+0200] {dagbag.py:588} INFO - Filling up the DagBag from /Users/gordanaristova/MyProjects/MyRpaProject/venv/lib/python3.10/site-packages/airflow/example_dags/example_display_name.py
[2025-06-12T19:01:03.482+0200] {processor.py:925} INFO - DAG(s) 'example_display_name' retrieved from /Users/gordanaristova/MyProjects/MyRpaProject/venv/lib/python3.10/site-packages/airflow/example_dags/example_display_name.py
[2025-06-12T19:01:03.510+0200] {logging_mixin.py:190} INFO - [2025-06-12T19:01:03.510+0200] {dag.py:3239} INFO - Sync 1 DAGs
[2025-06-12T19:01:03.513+0200] {logging_mixin.py:190} INFO - [2025-06-12T19:01:03.513+0200] {dag.py:4180} INFO - Setting next_dagrun for example_display_name to None, run_after=None
[2025-06-12T19:01:03.517+0200] {processor.py:208} INFO - Processing /Users/gordanaristova/MyProjects/MyRpaProject/venv/lib/python3.10/site-packages/airflow/example_dags/example_display_name.py took 0.049 seconds
[2025-06-12T19:11:38.012+0200] {processor.py:186} INFO - Started process (PID=16488) to work on /Users/gordanaristova/MyProjects/MyRpaProject/venv/lib/python3.10/site-packages/airflow/example_dags/example_display_name.py
[2025-06-12T19:11:38.013+0200] {processor.py:914} INFO - Processing file /Users/gordanaristova/MyProjects/MyRpaProject/venv/lib/python3.10/site-packages/airflow/example_dags/example_display_name.py for tasks to queue
[2025-06-12T19:11:38.013+0200] {logging_mixin.py:190} INFO - [2025-06-12T19:11:38.013+0200] {dagbag.py:588} INFO - Filling up the DagBag from /Users/gordanaristova/MyProjects/MyRpaProject/venv/lib/python3.10/site-packages/airflow/example_dags/example_display_name.py
[2025-06-12T19:11:38.026+0200] {processor.py:925} INFO - DAG(s) 'example_display_name' retrieved from /Users/gordanaristova/MyProjects/MyRpaProject/venv/lib/python3.10/site-packages/airflow/example_dags/example_display_name.py
[2025-06-12T19:11:38.055+0200] {logging_mixin.py:190} INFO - [2025-06-12T19:11:38.055+0200] {dag.py:3239} INFO - Sync 1 DAGs
[2025-06-12T19:11:38.058+0200] {logging_mixin.py:190} INFO - [2025-06-12T19:11:38.058+0200] {dag.py:4180} INFO - Setting next_dagrun for example_display_name to None, run_after=None
[2025-06-12T19:11:38.064+0200] {processor.py:208} INFO - Processing /Users/gordanaristova/MyProjects/MyRpaProject/venv/lib/python3.10/site-packages/airflow/example_dags/example_display_name.py took 0.053 seconds
