[2025-06-12T10:37:26.115+0200] {processor.py:186} INFO - Started process (PID=8463) to work on /Users/gordanaristova/MyProjects/MyRpaProject/venv/lib/python3.10/site-packages/airflow/example_dags/example_dag_decorator.py
[2025-06-12T10:37:26.115+0200] {processor.py:914} INFO - Processing file /Users/gordanaristova/MyProjects/MyRpaProject/venv/lib/python3.10/site-packages/airflow/example_dags/example_dag_decorator.py for tasks to queue
[2025-06-12T10:37:26.115+0200] {logging_mixin.py:190} INFO - [2025-06-12T10:37:26.115+0200] {dagbag.py:588} INFO - Filling up the DagBag from /Users/gordanaristova/MyProjects/MyRpaProject/venv/lib/python3.10/site-packages/airflow/example_dags/example_dag_decorator.py
[2025-06-12T10:37:26.192+0200] {processor.py:925} INFO - DAG(s) 'example_dag_decorator' retrieved from /Users/gordanaristova/MyProjects/MyRpaProject/venv/lib/python3.10/site-packages/airflow/example_dags/example_dag_decorator.py
[2025-06-12T10:37:26.241+0200] {logging_mixin.py:190} INFO - [2025-06-12T10:37:26.241+0200] {override.py:1900} INFO - Created Permission View: can edit on DAG:example_dag_decorator
[2025-06-12T10:37:26.243+0200] {logging_mixin.py:190} INFO - [2025-06-12T10:37:26.243+0200] {override.py:1900} INFO - Created Permission View: can delete on DAG:example_dag_decorator
[2025-06-12T10:37:26.245+0200] {logging_mixin.py:190} INFO - [2025-06-12T10:37:26.245+0200] {override.py:1900} INFO - Created Permission View: can read on DAG:example_dag_decorator
[2025-06-12T10:37:26.247+0200] {logging_mixin.py:190} INFO - [2025-06-12T10:37:26.247+0200] {override.py:1900} INFO - Created Permission View: menu access on DAG Run:example_dag_decorator
[2025-06-12T10:37:26.248+0200] {logging_mixin.py:190} INFO - [2025-06-12T10:37:26.248+0200] {override.py:1900} INFO - Created Permission View: can delete on DAG Run:example_dag_decorator
[2025-06-12T10:37:26.249+0200] {logging_mixin.py:190} INFO - [2025-06-12T10:37:26.249+0200] {override.py:1900} INFO - Created Permission View: can create on DAG Run:example_dag_decorator
[2025-06-12T10:37:26.250+0200] {logging_mixin.py:190} INFO - [2025-06-12T10:37:26.250+0200] {override.py:1900} INFO - Created Permission View: can read on DAG Run:example_dag_decorator
[2025-06-12T10:37:26.251+0200] {logging_mixin.py:190} INFO - [2025-06-12T10:37:26.251+0200] {dag.py:3239} INFO - Sync 1 DAGs
[2025-06-12T10:37:26.254+0200] {logging_mixin.py:190} INFO - [2025-06-12T10:37:26.254+0200] {dag.py:3262} INFO - Creating ORM DAG for example_dag_decorator
[2025-06-12T10:37:26.255+0200] {logging_mixin.py:190} INFO - [2025-06-12T10:37:26.254+0200] {dag.py:4180} INFO - Setting next_dagrun for example_dag_decorator to None, run_after=None
[2025-06-12T10:37:26.258+0200] {processor.py:208} INFO - Processing /Users/gordanaristova/MyProjects/MyRpaProject/venv/lib/python3.10/site-packages/airflow/example_dags/example_dag_decorator.py took 0.145 seconds
[2025-06-12T10:39:14.138+0200] {processor.py:186} INFO - Started process (PID=8553) to work on /Users/gordanaristova/MyProjects/MyRpaProject/venv/lib/python3.10/site-packages/airflow/example_dags/example_dag_decorator.py
[2025-06-12T10:39:14.139+0200] {processor.py:914} INFO - Processing file /Users/gordanaristova/MyProjects/MyRpaProject/venv/lib/python3.10/site-packages/airflow/example_dags/example_dag_decorator.py for tasks to queue
[2025-06-12T10:39:14.140+0200] {logging_mixin.py:190} INFO - [2025-06-12T10:39:14.140+0200] {dagbag.py:588} INFO - Filling up the DagBag from /Users/gordanaristova/MyProjects/MyRpaProject/venv/lib/python3.10/site-packages/airflow/example_dags/example_dag_decorator.py
[2025-06-12T10:39:14.217+0200] {processor.py:925} INFO - DAG(s) 'example_dag_decorator' retrieved from /Users/gordanaristova/MyProjects/MyRpaProject/venv/lib/python3.10/site-packages/airflow/example_dags/example_dag_decorator.py
[2025-06-12T10:39:14.275+0200] {logging_mixin.py:190} INFO - [2025-06-12T10:39:14.275+0200] {dag.py:3239} INFO - Sync 1 DAGs
[2025-06-12T10:39:14.278+0200] {logging_mixin.py:190} INFO - [2025-06-12T10:39:14.278+0200] {dag.py:4180} INFO - Setting next_dagrun for example_dag_decorator to None, run_after=None
[2025-06-12T10:39:14.283+0200] {processor.py:208} INFO - Processing /Users/gordanaristova/MyProjects/MyRpaProject/venv/lib/python3.10/site-packages/airflow/example_dags/example_dag_decorator.py took 0.145 seconds
[2025-06-12T10:40:58.091+0200] {processor.py:186} INFO - Started process (PID=8640) to work on /Users/gordanaristova/MyProjects/MyRpaProject/venv/lib/python3.10/site-packages/airflow/example_dags/example_dag_decorator.py
[2025-06-12T10:40:58.092+0200] {processor.py:914} INFO - Processing file /Users/gordanaristova/MyProjects/MyRpaProject/venv/lib/python3.10/site-packages/airflow/example_dags/example_dag_decorator.py for tasks to queue
[2025-06-12T10:40:58.092+0200] {logging_mixin.py:190} INFO - [2025-06-12T10:40:58.092+0200] {dagbag.py:588} INFO - Filling up the DagBag from /Users/gordanaristova/MyProjects/MyRpaProject/venv/lib/python3.10/site-packages/airflow/example_dags/example_dag_decorator.py
[2025-06-12T10:40:58.168+0200] {processor.py:925} INFO - DAG(s) 'example_dag_decorator' retrieved from /Users/gordanaristova/MyProjects/MyRpaProject/venv/lib/python3.10/site-packages/airflow/example_dags/example_dag_decorator.py
[2025-06-12T10:40:58.225+0200] {logging_mixin.py:190} INFO - [2025-06-12T10:40:58.225+0200] {dag.py:3239} INFO - Sync 1 DAGs
[2025-06-12T10:40:58.229+0200] {logging_mixin.py:190} INFO - [2025-06-12T10:40:58.228+0200] {dag.py:4180} INFO - Setting next_dagrun for example_dag_decorator to None, run_after=None
[2025-06-12T10:40:58.233+0200] {processor.py:208} INFO - Processing /Users/gordanaristova/MyProjects/MyRpaProject/venv/lib/python3.10/site-packages/airflow/example_dags/example_dag_decorator.py took 0.143 seconds
[2025-06-12T10:42:44.905+0200] {processor.py:186} INFO - Started process (PID=8724) to work on /Users/gordanaristova/MyProjects/MyRpaProject/venv/lib/python3.10/site-packages/airflow/example_dags/example_dag_decorator.py
[2025-06-12T10:42:44.905+0200] {processor.py:914} INFO - Processing file /Users/gordanaristova/MyProjects/MyRpaProject/venv/lib/python3.10/site-packages/airflow/example_dags/example_dag_decorator.py for tasks to queue
[2025-06-12T10:42:44.906+0200] {logging_mixin.py:190} INFO - [2025-06-12T10:42:44.906+0200] {dagbag.py:588} INFO - Filling up the DagBag from /Users/gordanaristova/MyProjects/MyRpaProject/venv/lib/python3.10/site-packages/airflow/example_dags/example_dag_decorator.py
[2025-06-12T10:42:44.962+0200] {processor.py:925} INFO - DAG(s) 'example_dag_decorator' retrieved from /Users/gordanaristova/MyProjects/MyRpaProject/venv/lib/python3.10/site-packages/airflow/example_dags/example_dag_decorator.py
[2025-06-12T10:42:45.014+0200] {logging_mixin.py:190} INFO - [2025-06-12T10:42:45.014+0200] {dag.py:3239} INFO - Sync 1 DAGs
[2025-06-12T10:42:45.017+0200] {logging_mixin.py:190} INFO - [2025-06-12T10:42:45.017+0200] {dag.py:4180} INFO - Setting next_dagrun for example_dag_decorator to None, run_after=None
[2025-06-12T10:42:45.022+0200] {processor.py:208} INFO - Processing /Users/gordanaristova/MyProjects/MyRpaProject/venv/lib/python3.10/site-packages/airflow/example_dags/example_dag_decorator.py took 0.118 seconds
[2025-06-12T10:44:30.741+0200] {processor.py:186} INFO - Started process (PID=8877) to work on /Users/gordanaristova/MyProjects/MyRpaProject/venv/lib/python3.10/site-packages/airflow/example_dags/example_dag_decorator.py
[2025-06-12T10:44:30.742+0200] {processor.py:914} INFO - Processing file /Users/gordanaristova/MyProjects/MyRpaProject/venv/lib/python3.10/site-packages/airflow/example_dags/example_dag_decorator.py for tasks to queue
[2025-06-12T10:44:30.742+0200] {logging_mixin.py:190} INFO - [2025-06-12T10:44:30.742+0200] {dagbag.py:588} INFO - Filling up the DagBag from /Users/gordanaristova/MyProjects/MyRpaProject/venv/lib/python3.10/site-packages/airflow/example_dags/example_dag_decorator.py
[2025-06-12T10:44:30.823+0200] {processor.py:925} INFO - DAG(s) 'example_dag_decorator' retrieved from /Users/gordanaristova/MyProjects/MyRpaProject/venv/lib/python3.10/site-packages/airflow/example_dags/example_dag_decorator.py
[2025-06-12T10:44:30.882+0200] {logging_mixin.py:190} INFO - [2025-06-12T10:44:30.882+0200] {dag.py:3239} INFO - Sync 1 DAGs
[2025-06-12T10:44:30.885+0200] {logging_mixin.py:190} INFO - [2025-06-12T10:44:30.885+0200] {dag.py:4180} INFO - Setting next_dagrun for example_dag_decorator to None, run_after=None
[2025-06-12T10:44:30.890+0200] {processor.py:208} INFO - Processing /Users/gordanaristova/MyProjects/MyRpaProject/venv/lib/python3.10/site-packages/airflow/example_dags/example_dag_decorator.py took 0.150 seconds
[2025-06-12T10:46:17.409+0200] {processor.py:186} INFO - Started process (PID=8970) to work on /Users/gordanaristova/MyProjects/MyRpaProject/venv/lib/python3.10/site-packages/airflow/example_dags/example_dag_decorator.py
[2025-06-12T10:46:17.409+0200] {processor.py:914} INFO - Processing file /Users/gordanaristova/MyProjects/MyRpaProject/venv/lib/python3.10/site-packages/airflow/example_dags/example_dag_decorator.py for tasks to queue
[2025-06-12T10:46:17.409+0200] {logging_mixin.py:190} INFO - [2025-06-12T10:46:17.409+0200] {dagbag.py:588} INFO - Filling up the DagBag from /Users/gordanaristova/MyProjects/MyRpaProject/venv/lib/python3.10/site-packages/airflow/example_dags/example_dag_decorator.py
[2025-06-12T10:46:17.494+0200] {processor.py:925} INFO - DAG(s) 'example_dag_decorator' retrieved from /Users/gordanaristova/MyProjects/MyRpaProject/venv/lib/python3.10/site-packages/airflow/example_dags/example_dag_decorator.py
[2025-06-12T10:46:17.557+0200] {logging_mixin.py:190} INFO - [2025-06-12T10:46:17.557+0200] {dag.py:3239} INFO - Sync 1 DAGs
[2025-06-12T10:46:17.561+0200] {logging_mixin.py:190} INFO - [2025-06-12T10:46:17.561+0200] {dag.py:4180} INFO - Setting next_dagrun for example_dag_decorator to None, run_after=None
[2025-06-12T10:46:17.566+0200] {processor.py:208} INFO - Processing /Users/gordanaristova/MyProjects/MyRpaProject/venv/lib/python3.10/site-packages/airflow/example_dags/example_dag_decorator.py took 0.158 seconds
[2025-06-12T10:48:09.834+0200] {processor.py:186} INFO - Started process (PID=9111) to work on /Users/gordanaristova/MyProjects/MyRpaProject/venv/lib/python3.10/site-packages/airflow/example_dags/example_dag_decorator.py
[2025-06-12T10:48:09.834+0200] {processor.py:914} INFO - Processing file /Users/gordanaristova/MyProjects/MyRpaProject/venv/lib/python3.10/site-packages/airflow/example_dags/example_dag_decorator.py for tasks to queue
[2025-06-12T10:48:09.834+0200] {logging_mixin.py:190} INFO - [2025-06-12T10:48:09.834+0200] {dagbag.py:588} INFO - Filling up the DagBag from /Users/gordanaristova/MyProjects/MyRpaProject/venv/lib/python3.10/site-packages/airflow/example_dags/example_dag_decorator.py
[2025-06-12T10:48:09.930+0200] {processor.py:925} INFO - DAG(s) 'example_dag_decorator' retrieved from /Users/gordanaristova/MyProjects/MyRpaProject/venv/lib/python3.10/site-packages/airflow/example_dags/example_dag_decorator.py
[2025-06-12T10:48:09.997+0200] {logging_mixin.py:190} INFO - [2025-06-12T10:48:09.996+0200] {dag.py:3239} INFO - Sync 1 DAGs
[2025-06-12T10:48:10.000+0200] {logging_mixin.py:190} INFO - [2025-06-12T10:48:10.000+0200] {dag.py:4180} INFO - Setting next_dagrun for example_dag_decorator to None, run_after=None
[2025-06-12T10:48:10.005+0200] {processor.py:208} INFO - Processing /Users/gordanaristova/MyProjects/MyRpaProject/venv/lib/python3.10/site-packages/airflow/example_dags/example_dag_decorator.py took 0.173 seconds
[2025-06-12T10:49:56.655+0200] {processor.py:186} INFO - Started process (PID=9236) to work on /Users/gordanaristova/MyProjects/MyRpaProject/venv/lib/python3.10/site-packages/airflow/example_dags/example_dag_decorator.py
[2025-06-12T10:49:56.656+0200] {processor.py:914} INFO - Processing file /Users/gordanaristova/MyProjects/MyRpaProject/venv/lib/python3.10/site-packages/airflow/example_dags/example_dag_decorator.py for tasks to queue
[2025-06-12T10:49:56.657+0200] {logging_mixin.py:190} INFO - [2025-06-12T10:49:56.657+0200] {dagbag.py:588} INFO - Filling up the DagBag from /Users/gordanaristova/MyProjects/MyRpaProject/venv/lib/python3.10/site-packages/airflow/example_dags/example_dag_decorator.py
[2025-06-12T10:49:56.733+0200] {processor.py:925} INFO - DAG(s) 'example_dag_decorator' retrieved from /Users/gordanaristova/MyProjects/MyRpaProject/venv/lib/python3.10/site-packages/airflow/example_dags/example_dag_decorator.py
[2025-06-12T10:49:56.790+0200] {logging_mixin.py:190} INFO - [2025-06-12T10:49:56.790+0200] {dag.py:3239} INFO - Sync 1 DAGs
[2025-06-12T10:49:56.794+0200] {logging_mixin.py:190} INFO - [2025-06-12T10:49:56.794+0200] {dag.py:4180} INFO - Setting next_dagrun for example_dag_decorator to None, run_after=None
[2025-06-12T10:49:56.798+0200] {processor.py:208} INFO - Processing /Users/gordanaristova/MyProjects/MyRpaProject/venv/lib/python3.10/site-packages/airflow/example_dags/example_dag_decorator.py took 0.144 seconds
[2025-06-12T10:57:36.806+0200] {processor.py:186} INFO - Started process (PID=9471) to work on /Users/gordanaristova/MyProjects/MyRpaProject/venv/lib/python3.10/site-packages/airflow/example_dags/example_dag_decorator.py
[2025-06-12T10:57:36.807+0200] {processor.py:914} INFO - Processing file /Users/gordanaristova/MyProjects/MyRpaProject/venv/lib/python3.10/site-packages/airflow/example_dags/example_dag_decorator.py for tasks to queue
[2025-06-12T10:57:36.807+0200] {logging_mixin.py:190} INFO - [2025-06-12T10:57:36.807+0200] {dagbag.py:588} INFO - Filling up the DagBag from /Users/gordanaristova/MyProjects/MyRpaProject/venv/lib/python3.10/site-packages/airflow/example_dags/example_dag_decorator.py
[2025-06-12T10:57:36.891+0200] {processor.py:925} INFO - DAG(s) 'example_dag_decorator' retrieved from /Users/gordanaristova/MyProjects/MyRpaProject/venv/lib/python3.10/site-packages/airflow/example_dags/example_dag_decorator.py
[2025-06-12T10:57:36.952+0200] {logging_mixin.py:190} INFO - [2025-06-12T10:57:36.952+0200] {dag.py:3239} INFO - Sync 1 DAGs
[2025-06-12T10:57:36.955+0200] {logging_mixin.py:190} INFO - [2025-06-12T10:57:36.955+0200] {dag.py:4180} INFO - Setting next_dagrun for example_dag_decorator to None, run_after=None
[2025-06-12T10:57:36.960+0200] {processor.py:208} INFO - Processing /Users/gordanaristova/MyProjects/MyRpaProject/venv/lib/python3.10/site-packages/airflow/example_dags/example_dag_decorator.py took 0.155 seconds
[2025-06-12T11:12:22.333+0200] {processor.py:186} INFO - Started process (PID=9793) to work on /Users/gordanaristova/MyProjects/MyRpaProject/venv/lib/python3.10/site-packages/airflow/example_dags/example_dag_decorator.py
[2025-06-12T11:12:22.334+0200] {processor.py:914} INFO - Processing file /Users/gordanaristova/MyProjects/MyRpaProject/venv/lib/python3.10/site-packages/airflow/example_dags/example_dag_decorator.py for tasks to queue
[2025-06-12T11:12:22.334+0200] {logging_mixin.py:190} INFO - [2025-06-12T11:12:22.334+0200] {dagbag.py:588} INFO - Filling up the DagBag from /Users/gordanaristova/MyProjects/MyRpaProject/venv/lib/python3.10/site-packages/airflow/example_dags/example_dag_decorator.py
[2025-06-12T11:12:22.389+0200] {processor.py:925} INFO - DAG(s) 'example_dag_decorator' retrieved from /Users/gordanaristova/MyProjects/MyRpaProject/venv/lib/python3.10/site-packages/airflow/example_dags/example_dag_decorator.py
[2025-06-12T11:12:22.440+0200] {logging_mixin.py:190} INFO - [2025-06-12T11:12:22.440+0200] {dag.py:3239} INFO - Sync 1 DAGs
[2025-06-12T11:12:22.443+0200] {logging_mixin.py:190} INFO - [2025-06-12T11:12:22.443+0200] {dag.py:4180} INFO - Setting next_dagrun for example_dag_decorator to None, run_after=None
[2025-06-12T11:12:22.448+0200] {processor.py:208} INFO - Processing /Users/gordanaristova/MyProjects/MyRpaProject/venv/lib/python3.10/site-packages/airflow/example_dags/example_dag_decorator.py took 0.116 seconds
[2025-06-12T11:22:27.984+0200] {processor.py:186} INFO - Started process (PID=10079) to work on /Users/gordanaristova/MyProjects/MyRpaProject/venv/lib/python3.10/site-packages/airflow/example_dags/example_dag_decorator.py
[2025-06-12T11:22:27.985+0200] {processor.py:914} INFO - Processing file /Users/gordanaristova/MyProjects/MyRpaProject/venv/lib/python3.10/site-packages/airflow/example_dags/example_dag_decorator.py for tasks to queue
[2025-06-12T11:22:27.985+0200] {logging_mixin.py:190} INFO - [2025-06-12T11:22:27.985+0200] {dagbag.py:588} INFO - Filling up the DagBag from /Users/gordanaristova/MyProjects/MyRpaProject/venv/lib/python3.10/site-packages/airflow/example_dags/example_dag_decorator.py
[2025-06-12T11:22:28.063+0200] {processor.py:925} INFO - DAG(s) 'example_dag_decorator' retrieved from /Users/gordanaristova/MyProjects/MyRpaProject/venv/lib/python3.10/site-packages/airflow/example_dags/example_dag_decorator.py
[2025-06-12T11:22:28.121+0200] {logging_mixin.py:190} INFO - [2025-06-12T11:22:28.121+0200] {dag.py:3239} INFO - Sync 1 DAGs
[2025-06-12T11:22:28.125+0200] {logging_mixin.py:190} INFO - [2025-06-12T11:22:28.125+0200] {dag.py:4180} INFO - Setting next_dagrun for example_dag_decorator to None, run_after=None
[2025-06-12T11:22:28.129+0200] {processor.py:208} INFO - Processing /Users/gordanaristova/MyProjects/MyRpaProject/venv/lib/python3.10/site-packages/airflow/example_dags/example_dag_decorator.py took 0.147 seconds
[2025-06-12T11:41:43.978+0200] {processor.py:186} INFO - Started process (PID=10451) to work on /Users/gordanaristova/MyProjects/MyRpaProject/venv/lib/python3.10/site-packages/airflow/example_dags/example_dag_decorator.py
[2025-06-12T11:41:43.979+0200] {processor.py:914} INFO - Processing file /Users/gordanaristova/MyProjects/MyRpaProject/venv/lib/python3.10/site-packages/airflow/example_dags/example_dag_decorator.py for tasks to queue
[2025-06-12T11:41:43.979+0200] {logging_mixin.py:190} INFO - [2025-06-12T11:41:43.979+0200] {dagbag.py:588} INFO - Filling up the DagBag from /Users/gordanaristova/MyProjects/MyRpaProject/venv/lib/python3.10/site-packages/airflow/example_dags/example_dag_decorator.py
[2025-06-12T11:41:44.055+0200] {processor.py:925} INFO - DAG(s) 'example_dag_decorator' retrieved from /Users/gordanaristova/MyProjects/MyRpaProject/venv/lib/python3.10/site-packages/airflow/example_dags/example_dag_decorator.py
[2025-06-12T11:41:44.112+0200] {logging_mixin.py:190} INFO - [2025-06-12T11:41:44.112+0200] {dag.py:3239} INFO - Sync 1 DAGs
[2025-06-12T11:41:44.115+0200] {logging_mixin.py:190} INFO - [2025-06-12T11:41:44.115+0200] {dag.py:4180} INFO - Setting next_dagrun for example_dag_decorator to None, run_after=None
[2025-06-12T11:41:44.120+0200] {processor.py:208} INFO - Processing /Users/gordanaristova/MyProjects/MyRpaProject/venv/lib/python3.10/site-packages/airflow/example_dags/example_dag_decorator.py took 0.143 seconds
[2025-06-12T11:50:33.475+0200] {processor.py:186} INFO - Started process (PID=10673) to work on /Users/gordanaristova/MyProjects/MyRpaProject/venv/lib/python3.10/site-packages/airflow/example_dags/example_dag_decorator.py
[2025-06-12T11:50:33.476+0200] {processor.py:914} INFO - Processing file /Users/gordanaristova/MyProjects/MyRpaProject/venv/lib/python3.10/site-packages/airflow/example_dags/example_dag_decorator.py for tasks to queue
[2025-06-12T11:50:33.476+0200] {logging_mixin.py:190} INFO - [2025-06-12T11:50:33.476+0200] {dagbag.py:588} INFO - Filling up the DagBag from /Users/gordanaristova/MyProjects/MyRpaProject/venv/lib/python3.10/site-packages/airflow/example_dags/example_dag_decorator.py
[2025-06-12T11:50:33.558+0200] {processor.py:925} INFO - DAG(s) 'example_dag_decorator' retrieved from /Users/gordanaristova/MyProjects/MyRpaProject/venv/lib/python3.10/site-packages/airflow/example_dags/example_dag_decorator.py
[2025-06-12T11:50:33.619+0200] {logging_mixin.py:190} INFO - [2025-06-12T11:50:33.618+0200] {dag.py:3239} INFO - Sync 1 DAGs
[2025-06-12T11:50:33.622+0200] {logging_mixin.py:190} INFO - [2025-06-12T11:50:33.622+0200] {dag.py:4180} INFO - Setting next_dagrun for example_dag_decorator to None, run_after=None
[2025-06-12T11:50:33.626+0200] {processor.py:208} INFO - Processing /Users/gordanaristova/MyProjects/MyRpaProject/venv/lib/python3.10/site-packages/airflow/example_dags/example_dag_decorator.py took 0.152 seconds
[2025-06-12T11:52:21.033+0200] {processor.py:186} INFO - Started process (PID=10796) to work on /Users/gordanaristova/MyProjects/MyRpaProject/venv/lib/python3.10/site-packages/airflow/example_dags/example_dag_decorator.py
[2025-06-12T11:52:21.034+0200] {processor.py:914} INFO - Processing file /Users/gordanaristova/MyProjects/MyRpaProject/venv/lib/python3.10/site-packages/airflow/example_dags/example_dag_decorator.py for tasks to queue
[2025-06-12T11:52:21.034+0200] {logging_mixin.py:190} INFO - [2025-06-12T11:52:21.034+0200] {dagbag.py:588} INFO - Filling up the DagBag from /Users/gordanaristova/MyProjects/MyRpaProject/venv/lib/python3.10/site-packages/airflow/example_dags/example_dag_decorator.py
[2025-06-12T11:52:21.115+0200] {processor.py:925} INFO - DAG(s) 'example_dag_decorator' retrieved from /Users/gordanaristova/MyProjects/MyRpaProject/venv/lib/python3.10/site-packages/airflow/example_dags/example_dag_decorator.py
[2025-06-12T11:52:21.175+0200] {logging_mixin.py:190} INFO - [2025-06-12T11:52:21.175+0200] {dag.py:3239} INFO - Sync 1 DAGs
[2025-06-12T11:52:21.178+0200] {logging_mixin.py:190} INFO - [2025-06-12T11:52:21.178+0200] {dag.py:4180} INFO - Setting next_dagrun for example_dag_decorator to None, run_after=None
[2025-06-12T11:52:21.183+0200] {processor.py:208} INFO - Processing /Users/gordanaristova/MyProjects/MyRpaProject/venv/lib/python3.10/site-packages/airflow/example_dags/example_dag_decorator.py took 0.151 seconds
[2025-06-12T11:54:10.651+0200] {processor.py:186} INFO - Started process (PID=10879) to work on /Users/gordanaristova/MyProjects/MyRpaProject/venv/lib/python3.10/site-packages/airflow/example_dags/example_dag_decorator.py
[2025-06-12T11:54:10.652+0200] {processor.py:914} INFO - Processing file /Users/gordanaristova/MyProjects/MyRpaProject/venv/lib/python3.10/site-packages/airflow/example_dags/example_dag_decorator.py for tasks to queue
[2025-06-12T11:54:10.652+0200] {logging_mixin.py:190} INFO - [2025-06-12T11:54:10.652+0200] {dagbag.py:588} INFO - Filling up the DagBag from /Users/gordanaristova/MyProjects/MyRpaProject/venv/lib/python3.10/site-packages/airflow/example_dags/example_dag_decorator.py
[2025-06-12T11:54:10.729+0200] {processor.py:925} INFO - DAG(s) 'example_dag_decorator' retrieved from /Users/gordanaristova/MyProjects/MyRpaProject/venv/lib/python3.10/site-packages/airflow/example_dags/example_dag_decorator.py
[2025-06-12T11:54:10.786+0200] {logging_mixin.py:190} INFO - [2025-06-12T11:54:10.786+0200] {dag.py:3239} INFO - Sync 1 DAGs
[2025-06-12T11:54:10.789+0200] {logging_mixin.py:190} INFO - [2025-06-12T11:54:10.789+0200] {dag.py:4180} INFO - Setting next_dagrun for example_dag_decorator to None, run_after=None
[2025-06-12T11:54:10.794+0200] {processor.py:208} INFO - Processing /Users/gordanaristova/MyProjects/MyRpaProject/venv/lib/python3.10/site-packages/airflow/example_dags/example_dag_decorator.py took 0.143 seconds
[2025-06-12T11:55:57.362+0200] {processor.py:186} INFO - Started process (PID=10988) to work on /Users/gordanaristova/MyProjects/MyRpaProject/venv/lib/python3.10/site-packages/airflow/example_dags/example_dag_decorator.py
[2025-06-12T11:55:57.364+0200] {processor.py:914} INFO - Processing file /Users/gordanaristova/MyProjects/MyRpaProject/venv/lib/python3.10/site-packages/airflow/example_dags/example_dag_decorator.py for tasks to queue
[2025-06-12T11:55:57.364+0200] {logging_mixin.py:190} INFO - [2025-06-12T11:55:57.364+0200] {dagbag.py:588} INFO - Filling up the DagBag from /Users/gordanaristova/MyProjects/MyRpaProject/venv/lib/python3.10/site-packages/airflow/example_dags/example_dag_decorator.py
[2025-06-12T11:55:57.446+0200] {processor.py:925} INFO - DAG(s) 'example_dag_decorator' retrieved from /Users/gordanaristova/MyProjects/MyRpaProject/venv/lib/python3.10/site-packages/airflow/example_dags/example_dag_decorator.py
[2025-06-12T11:55:57.506+0200] {logging_mixin.py:190} INFO - [2025-06-12T11:55:57.506+0200] {dag.py:3239} INFO - Sync 1 DAGs
[2025-06-12T11:55:57.509+0200] {logging_mixin.py:190} INFO - [2025-06-12T11:55:57.509+0200] {dag.py:4180} INFO - Setting next_dagrun for example_dag_decorator to None, run_after=None
[2025-06-12T11:55:57.514+0200] {processor.py:208} INFO - Processing /Users/gordanaristova/MyProjects/MyRpaProject/venv/lib/python3.10/site-packages/airflow/example_dags/example_dag_decorator.py took 0.153 seconds
[2025-06-12T13:15:21.257+0200] {processor.py:186} INFO - Started process (PID=13043) to work on /Users/gordanaristova/MyProjects/MyRpaProject/venv/lib/python3.10/site-packages/airflow/example_dags/example_dag_decorator.py
[2025-06-12T13:15:21.258+0200] {processor.py:914} INFO - Processing file /Users/gordanaristova/MyProjects/MyRpaProject/venv/lib/python3.10/site-packages/airflow/example_dags/example_dag_decorator.py for tasks to queue
[2025-06-12T13:15:21.259+0200] {logging_mixin.py:190} INFO - [2025-06-12T13:15:21.258+0200] {dagbag.py:588} INFO - Filling up the DagBag from /Users/gordanaristova/MyProjects/MyRpaProject/venv/lib/python3.10/site-packages/airflow/example_dags/example_dag_decorator.py
[2025-06-12T13:15:21.341+0200] {processor.py:925} INFO - DAG(s) 'example_dag_decorator' retrieved from /Users/gordanaristova/MyProjects/MyRpaProject/venv/lib/python3.10/site-packages/airflow/example_dags/example_dag_decorator.py
[2025-06-12T13:15:21.402+0200] {logging_mixin.py:190} INFO - [2025-06-12T13:15:21.402+0200] {dag.py:3239} INFO - Sync 1 DAGs
[2025-06-12T13:15:21.405+0200] {logging_mixin.py:190} INFO - [2025-06-12T13:15:21.405+0200] {dag.py:4180} INFO - Setting next_dagrun for example_dag_decorator to None, run_after=None
[2025-06-12T13:15:21.410+0200] {processor.py:208} INFO - Processing /Users/gordanaristova/MyProjects/MyRpaProject/venv/lib/python3.10/site-packages/airflow/example_dags/example_dag_decorator.py took 0.154 seconds
