[2025-06-12T10:37:38.592+0200] {processor.py:186} INFO - Started process (PID=8474) to work on /Users/gordanaristova/MyProjects/MyRpaProject/venv/lib/python3.10/site-packages/airflow/example_dags/example_bash_operator.py
[2025-06-12T10:37:38.592+0200] {processor.py:914} INFO - Processing file /Users/gordanaristova/MyProjects/MyRpaProject/venv/lib/python3.10/site-packages/airflow/example_dags/example_bash_operator.py for tasks to queue
[2025-06-12T10:37:38.592+0200] {logging_mixin.py:190} INFO - [2025-06-12T10:37:38.592+0200] {dagbag.py:588} INFO - Filling up the DagBag from /Users/gordanaristova/MyProjects/MyRpaProject/venv/lib/python3.10/site-packages/airflow/example_dags/example_bash_operator.py
[2025-06-12T10:37:38.596+0200] {processor.py:925} INFO - DAG(s) 'example_bash_operator' retrieved from /Users/gordanaristova/MyProjects/MyRpaProject/venv/lib/python3.10/site-packages/airflow/example_dags/example_bash_operator.py
[2025-06-12T10:37:38.648+0200] {logging_mixin.py:190} INFO - [2025-06-12T10:37:38.647+0200] {override.py:1900} INFO - Created Permission View: can delete on DAG:example_bash_operator
[2025-06-12T10:37:38.650+0200] {logging_mixin.py:190} INFO - [2025-06-12T10:37:38.650+0200] {override.py:1900} INFO - Created Permission View: can edit on DAG:example_bash_operator
[2025-06-12T10:37:38.652+0200] {logging_mixin.py:190} INFO - [2025-06-12T10:37:38.652+0200] {override.py:1900} INFO - Created Permission View: can read on DAG:example_bash_operator
[2025-06-12T10:37:38.653+0200] {logging_mixin.py:190} INFO - [2025-06-12T10:37:38.653+0200] {override.py:1900} INFO - Created Permission View: menu access on DAG Run:example_bash_operator
[2025-06-12T10:37:38.655+0200] {logging_mixin.py:190} INFO - [2025-06-12T10:37:38.655+0200] {override.py:1900} INFO - Created Permission View: can delete on DAG Run:example_bash_operator
[2025-06-12T10:37:38.656+0200] {logging_mixin.py:190} INFO - [2025-06-12T10:37:38.656+0200] {override.py:1900} INFO - Created Permission View: can read on DAG Run:example_bash_operator
[2025-06-12T10:37:38.657+0200] {logging_mixin.py:190} INFO - [2025-06-12T10:37:38.657+0200] {override.py:1900} INFO - Created Permission View: can create on DAG Run:example_bash_operator
[2025-06-12T10:37:38.658+0200] {logging_mixin.py:190} INFO - [2025-06-12T10:37:38.658+0200] {dag.py:3239} INFO - Sync 1 DAGs
[2025-06-12T10:37:38.661+0200] {logging_mixin.py:190} INFO - [2025-06-12T10:37:38.661+0200] {dag.py:3262} INFO - Creating ORM DAG for example_bash_operator
[2025-06-12T10:37:38.663+0200] {logging_mixin.py:190} INFO - [2025-06-12T10:37:38.663+0200] {dag.py:4180} INFO - Setting next_dagrun for example_bash_operator to 2025-06-11 00:00:00+00:00, run_after=2025-06-12 00:00:00+00:00
[2025-06-12T10:37:38.667+0200] {processor.py:208} INFO - Processing /Users/gordanaristova/MyProjects/MyRpaProject/venv/lib/python3.10/site-packages/airflow/example_dags/example_bash_operator.py took 0.076 seconds
[2025-06-12T10:39:26.404+0200] {processor.py:186} INFO - Started process (PID=8561) to work on /Users/gordanaristova/MyProjects/MyRpaProject/venv/lib/python3.10/site-packages/airflow/example_dags/example_bash_operator.py
[2025-06-12T10:39:26.405+0200] {processor.py:914} INFO - Processing file /Users/gordanaristova/MyProjects/MyRpaProject/venv/lib/python3.10/site-packages/airflow/example_dags/example_bash_operator.py for tasks to queue
[2025-06-12T10:39:26.405+0200] {logging_mixin.py:190} INFO - [2025-06-12T10:39:26.405+0200] {dagbag.py:588} INFO - Filling up the DagBag from /Users/gordanaristova/MyProjects/MyRpaProject/venv/lib/python3.10/site-packages/airflow/example_dags/example_bash_operator.py
[2025-06-12T10:39:26.408+0200] {processor.py:925} INFO - DAG(s) 'example_bash_operator' retrieved from /Users/gordanaristova/MyProjects/MyRpaProject/venv/lib/python3.10/site-packages/airflow/example_dags/example_bash_operator.py
[2025-06-12T10:39:26.439+0200] {logging_mixin.py:190} INFO - [2025-06-12T10:39:26.439+0200] {dag.py:3239} INFO - Sync 1 DAGs
[2025-06-12T10:39:26.444+0200] {logging_mixin.py:190} INFO - [2025-06-12T10:39:26.444+0200] {dag.py:4180} INFO - Setting next_dagrun for example_bash_operator to 2025-06-11 00:00:00+00:00, run_after=2025-06-12 00:00:00+00:00
[2025-06-12T10:39:26.449+0200] {processor.py:208} INFO - Processing /Users/gordanaristova/MyProjects/MyRpaProject/venv/lib/python3.10/site-packages/airflow/example_dags/example_bash_operator.py took 0.046 seconds
[2025-06-12T10:41:08.248+0200] {processor.py:186} INFO - Started process (PID=8650) to work on /Users/gordanaristova/MyProjects/MyRpaProject/venv/lib/python3.10/site-packages/airflow/example_dags/example_bash_operator.py
[2025-06-12T10:41:08.248+0200] {processor.py:914} INFO - Processing file /Users/gordanaristova/MyProjects/MyRpaProject/venv/lib/python3.10/site-packages/airflow/example_dags/example_bash_operator.py for tasks to queue
[2025-06-12T10:41:08.248+0200] {logging_mixin.py:190} INFO - [2025-06-12T10:41:08.248+0200] {dagbag.py:588} INFO - Filling up the DagBag from /Users/gordanaristova/MyProjects/MyRpaProject/venv/lib/python3.10/site-packages/airflow/example_dags/example_bash_operator.py
[2025-06-12T10:41:08.252+0200] {processor.py:925} INFO - DAG(s) 'example_bash_operator' retrieved from /Users/gordanaristova/MyProjects/MyRpaProject/venv/lib/python3.10/site-packages/airflow/example_dags/example_bash_operator.py
[2025-06-12T10:41:08.282+0200] {logging_mixin.py:190} INFO - [2025-06-12T10:41:08.282+0200] {dag.py:3239} INFO - Sync 1 DAGs
[2025-06-12T10:41:08.287+0200] {logging_mixin.py:190} INFO - [2025-06-12T10:41:08.287+0200] {dag.py:4180} INFO - Setting next_dagrun for example_bash_operator to 2025-06-11 00:00:00+00:00, run_after=2025-06-12 00:00:00+00:00
[2025-06-12T10:41:08.292+0200] {processor.py:208} INFO - Processing /Users/gordanaristova/MyProjects/MyRpaProject/venv/lib/python3.10/site-packages/airflow/example_dags/example_bash_operator.py took 0.045 seconds
[2025-06-12T10:42:56.153+0200] {processor.py:186} INFO - Started process (PID=8735) to work on /Users/gordanaristova/MyProjects/MyRpaProject/venv/lib/python3.10/site-packages/airflow/example_dags/example_bash_operator.py
[2025-06-12T10:42:56.154+0200] {processor.py:914} INFO - Processing file /Users/gordanaristova/MyProjects/MyRpaProject/venv/lib/python3.10/site-packages/airflow/example_dags/example_bash_operator.py for tasks to queue
[2025-06-12T10:42:56.154+0200] {logging_mixin.py:190} INFO - [2025-06-12T10:42:56.154+0200] {dagbag.py:588} INFO - Filling up the DagBag from /Users/gordanaristova/MyProjects/MyRpaProject/venv/lib/python3.10/site-packages/airflow/example_dags/example_bash_operator.py
[2025-06-12T10:42:56.157+0200] {processor.py:925} INFO - DAG(s) 'example_bash_operator' retrieved from /Users/gordanaristova/MyProjects/MyRpaProject/venv/lib/python3.10/site-packages/airflow/example_dags/example_bash_operator.py
[2025-06-12T10:42:56.188+0200] {logging_mixin.py:190} INFO - [2025-06-12T10:42:56.188+0200] {dag.py:3239} INFO - Sync 1 DAGs
[2025-06-12T10:42:56.194+0200] {logging_mixin.py:190} INFO - [2025-06-12T10:42:56.194+0200] {dag.py:4180} INFO - Setting next_dagrun for example_bash_operator to 2025-06-11 00:00:00+00:00, run_after=2025-06-12 00:00:00+00:00
[2025-06-12T10:42:56.198+0200] {processor.py:208} INFO - Processing /Users/gordanaristova/MyProjects/MyRpaProject/venv/lib/python3.10/site-packages/airflow/example_dags/example_bash_operator.py took 0.046 seconds
[2025-06-12T10:44:42.324+0200] {processor.py:186} INFO - Started process (PID=8886) to work on /Users/gordanaristova/MyProjects/MyRpaProject/venv/lib/python3.10/site-packages/airflow/example_dags/example_bash_operator.py
[2025-06-12T10:44:42.325+0200] {processor.py:914} INFO - Processing file /Users/gordanaristova/MyProjects/MyRpaProject/venv/lib/python3.10/site-packages/airflow/example_dags/example_bash_operator.py for tasks to queue
[2025-06-12T10:44:42.326+0200] {logging_mixin.py:190} INFO - [2025-06-12T10:44:42.326+0200] {dagbag.py:588} INFO - Filling up the DagBag from /Users/gordanaristova/MyProjects/MyRpaProject/venv/lib/python3.10/site-packages/airflow/example_dags/example_bash_operator.py
[2025-06-12T10:44:42.329+0200] {processor.py:925} INFO - DAG(s) 'example_bash_operator' retrieved from /Users/gordanaristova/MyProjects/MyRpaProject/venv/lib/python3.10/site-packages/airflow/example_dags/example_bash_operator.py
[2025-06-12T10:44:42.362+0200] {logging_mixin.py:190} INFO - [2025-06-12T10:44:42.362+0200] {dag.py:3239} INFO - Sync 1 DAGs
[2025-06-12T10:44:42.368+0200] {logging_mixin.py:190} INFO - [2025-06-12T10:44:42.368+0200] {dag.py:4180} INFO - Setting next_dagrun for example_bash_operator to 2025-06-11 00:00:00+00:00, run_after=2025-06-12 00:00:00+00:00
[2025-06-12T10:44:42.373+0200] {processor.py:208} INFO - Processing /Users/gordanaristova/MyProjects/MyRpaProject/venv/lib/python3.10/site-packages/airflow/example_dags/example_bash_operator.py took 0.049 seconds
[2025-06-12T10:46:28.298+0200] {processor.py:186} INFO - Started process (PID=8983) to work on /Users/gordanaristova/MyProjects/MyRpaProject/venv/lib/python3.10/site-packages/airflow/example_dags/example_bash_operator.py
[2025-06-12T10:46:28.298+0200] {processor.py:914} INFO - Processing file /Users/gordanaristova/MyProjects/MyRpaProject/venv/lib/python3.10/site-packages/airflow/example_dags/example_bash_operator.py for tasks to queue
[2025-06-12T10:46:28.299+0200] {logging_mixin.py:190} INFO - [2025-06-12T10:46:28.299+0200] {dagbag.py:588} INFO - Filling up the DagBag from /Users/gordanaristova/MyProjects/MyRpaProject/venv/lib/python3.10/site-packages/airflow/example_dags/example_bash_operator.py
[2025-06-12T10:46:28.302+0200] {processor.py:925} INFO - DAG(s) 'example_bash_operator' retrieved from /Users/gordanaristova/MyProjects/MyRpaProject/venv/lib/python3.10/site-packages/airflow/example_dags/example_bash_operator.py
[2025-06-12T10:46:28.334+0200] {logging_mixin.py:190} INFO - [2025-06-12T10:46:28.334+0200] {dag.py:3239} INFO - Sync 1 DAGs
[2025-06-12T10:46:28.339+0200] {logging_mixin.py:190} INFO - [2025-06-12T10:46:28.339+0200] {dag.py:4180} INFO - Setting next_dagrun for example_bash_operator to 2025-06-11 00:00:00+00:00, run_after=2025-06-12 00:00:00+00:00
[2025-06-12T10:46:28.344+0200] {processor.py:208} INFO - Processing /Users/gordanaristova/MyProjects/MyRpaProject/venv/lib/python3.10/site-packages/airflow/example_dags/example_bash_operator.py took 0.047 seconds
[2025-06-12T10:48:20.994+0200] {processor.py:186} INFO - Started process (PID=9132) to work on /Users/gordanaristova/MyProjects/MyRpaProject/venv/lib/python3.10/site-packages/airflow/example_dags/example_bash_operator.py
[2025-06-12T10:48:20.995+0200] {processor.py:914} INFO - Processing file /Users/gordanaristova/MyProjects/MyRpaProject/venv/lib/python3.10/site-packages/airflow/example_dags/example_bash_operator.py for tasks to queue
[2025-06-12T10:48:20.996+0200] {logging_mixin.py:190} INFO - [2025-06-12T10:48:20.996+0200] {dagbag.py:588} INFO - Filling up the DagBag from /Users/gordanaristova/MyProjects/MyRpaProject/venv/lib/python3.10/site-packages/airflow/example_dags/example_bash_operator.py
[2025-06-12T10:48:20.999+0200] {processor.py:925} INFO - DAG(s) 'example_bash_operator' retrieved from /Users/gordanaristova/MyProjects/MyRpaProject/venv/lib/python3.10/site-packages/airflow/example_dags/example_bash_operator.py
[2025-06-12T10:48:21.030+0200] {logging_mixin.py:190} INFO - [2025-06-12T10:48:21.030+0200] {dag.py:3239} INFO - Sync 1 DAGs
[2025-06-12T10:48:21.036+0200] {logging_mixin.py:190} INFO - [2025-06-12T10:48:21.036+0200] {dag.py:4180} INFO - Setting next_dagrun for example_bash_operator to 2025-06-11 00:00:00+00:00, run_after=2025-06-12 00:00:00+00:00
[2025-06-12T10:48:21.040+0200] {processor.py:208} INFO - Processing /Users/gordanaristova/MyProjects/MyRpaProject/venv/lib/python3.10/site-packages/airflow/example_dags/example_bash_operator.py took 0.047 seconds
[2025-06-12T10:50:08.900+0200] {processor.py:186} INFO - Started process (PID=9248) to work on /Users/gordanaristova/MyProjects/MyRpaProject/venv/lib/python3.10/site-packages/airflow/example_dags/example_bash_operator.py
[2025-06-12T10:50:08.901+0200] {processor.py:914} INFO - Processing file /Users/gordanaristova/MyProjects/MyRpaProject/venv/lib/python3.10/site-packages/airflow/example_dags/example_bash_operator.py for tasks to queue
[2025-06-12T10:50:08.902+0200] {logging_mixin.py:190} INFO - [2025-06-12T10:50:08.902+0200] {dagbag.py:588} INFO - Filling up the DagBag from /Users/gordanaristova/MyProjects/MyRpaProject/venv/lib/python3.10/site-packages/airflow/example_dags/example_bash_operator.py
[2025-06-12T10:50:08.905+0200] {processor.py:925} INFO - DAG(s) 'example_bash_operator' retrieved from /Users/gordanaristova/MyProjects/MyRpaProject/venv/lib/python3.10/site-packages/airflow/example_dags/example_bash_operator.py
[2025-06-12T10:50:08.935+0200] {logging_mixin.py:190} INFO - [2025-06-12T10:50:08.935+0200] {dag.py:3239} INFO - Sync 1 DAGs
[2025-06-12T10:50:08.940+0200] {logging_mixin.py:190} INFO - [2025-06-12T10:50:08.940+0200] {dag.py:4180} INFO - Setting next_dagrun for example_bash_operator to 2025-06-11 00:00:00+00:00, run_after=2025-06-12 00:00:00+00:00
[2025-06-12T10:50:08.945+0200] {processor.py:208} INFO - Processing /Users/gordanaristova/MyProjects/MyRpaProject/venv/lib/python3.10/site-packages/airflow/example_dags/example_bash_operator.py took 0.045 seconds
[2025-06-12T10:57:49.254+0200] {processor.py:186} INFO - Started process (PID=9492) to work on /Users/gordanaristova/MyProjects/MyRpaProject/venv/lib/python3.10/site-packages/airflow/example_dags/example_bash_operator.py
[2025-06-12T10:57:49.255+0200] {processor.py:914} INFO - Processing file /Users/gordanaristova/MyProjects/MyRpaProject/venv/lib/python3.10/site-packages/airflow/example_dags/example_bash_operator.py for tasks to queue
[2025-06-12T10:57:49.255+0200] {logging_mixin.py:190} INFO - [2025-06-12T10:57:49.255+0200] {dagbag.py:588} INFO - Filling up the DagBag from /Users/gordanaristova/MyProjects/MyRpaProject/venv/lib/python3.10/site-packages/airflow/example_dags/example_bash_operator.py
[2025-06-12T10:57:49.259+0200] {processor.py:925} INFO - DAG(s) 'example_bash_operator' retrieved from /Users/gordanaristova/MyProjects/MyRpaProject/venv/lib/python3.10/site-packages/airflow/example_dags/example_bash_operator.py
[2025-06-12T10:57:49.290+0200] {logging_mixin.py:190} INFO - [2025-06-12T10:57:49.290+0200] {dag.py:3239} INFO - Sync 1 DAGs
[2025-06-12T10:57:49.295+0200] {logging_mixin.py:190} INFO - [2025-06-12T10:57:49.295+0200] {dag.py:4180} INFO - Setting next_dagrun for example_bash_operator to 2025-06-11 00:00:00+00:00, run_after=2025-06-12 00:00:00+00:00
[2025-06-12T10:57:49.299+0200] {processor.py:208} INFO - Processing /Users/gordanaristova/MyProjects/MyRpaProject/venv/lib/python3.10/site-packages/airflow/example_dags/example_bash_operator.py took 0.047 seconds
[2025-06-12T11:12:33.692+0200] {processor.py:186} INFO - Started process (PID=9807) to work on /Users/gordanaristova/MyProjects/MyRpaProject/venv/lib/python3.10/site-packages/airflow/example_dags/example_bash_operator.py
[2025-06-12T11:12:33.693+0200] {processor.py:914} INFO - Processing file /Users/gordanaristova/MyProjects/MyRpaProject/venv/lib/python3.10/site-packages/airflow/example_dags/example_bash_operator.py for tasks to queue
[2025-06-12T11:12:33.693+0200] {logging_mixin.py:190} INFO - [2025-06-12T11:12:33.693+0200] {dagbag.py:588} INFO - Filling up the DagBag from /Users/gordanaristova/MyProjects/MyRpaProject/venv/lib/python3.10/site-packages/airflow/example_dags/example_bash_operator.py
[2025-06-12T11:12:33.697+0200] {processor.py:925} INFO - DAG(s) 'example_bash_operator' retrieved from /Users/gordanaristova/MyProjects/MyRpaProject/venv/lib/python3.10/site-packages/airflow/example_dags/example_bash_operator.py
[2025-06-12T11:12:33.727+0200] {logging_mixin.py:190} INFO - [2025-06-12T11:12:33.727+0200] {dag.py:3239} INFO - Sync 1 DAGs
[2025-06-12T11:12:33.732+0200] {logging_mixin.py:190} INFO - [2025-06-12T11:12:33.732+0200] {dag.py:4180} INFO - Setting next_dagrun for example_bash_operator to 2025-06-11 00:00:00+00:00, run_after=2025-06-12 00:00:00+00:00
[2025-06-12T11:12:33.737+0200] {processor.py:208} INFO - Processing /Users/gordanaristova/MyProjects/MyRpaProject/venv/lib/python3.10/site-packages/airflow/example_dags/example_bash_operator.py took 0.046 seconds
[2025-06-12T11:22:39.343+0200] {processor.py:186} INFO - Started process (PID=10092) to work on /Users/gordanaristova/MyProjects/MyRpaProject/venv/lib/python3.10/site-packages/airflow/example_dags/example_bash_operator.py
[2025-06-12T11:22:39.344+0200] {processor.py:914} INFO - Processing file /Users/gordanaristova/MyProjects/MyRpaProject/venv/lib/python3.10/site-packages/airflow/example_dags/example_bash_operator.py for tasks to queue
[2025-06-12T11:22:39.345+0200] {logging_mixin.py:190} INFO - [2025-06-12T11:22:39.345+0200] {dagbag.py:588} INFO - Filling up the DagBag from /Users/gordanaristova/MyProjects/MyRpaProject/venv/lib/python3.10/site-packages/airflow/example_dags/example_bash_operator.py
[2025-06-12T11:22:39.348+0200] {processor.py:925} INFO - DAG(s) 'example_bash_operator' retrieved from /Users/gordanaristova/MyProjects/MyRpaProject/venv/lib/python3.10/site-packages/airflow/example_dags/example_bash_operator.py
[2025-06-12T11:22:39.379+0200] {logging_mixin.py:190} INFO - [2025-06-12T11:22:39.379+0200] {dag.py:3239} INFO - Sync 1 DAGs
[2025-06-12T11:22:39.385+0200] {logging_mixin.py:190} INFO - [2025-06-12T11:22:39.385+0200] {dag.py:4180} INFO - Setting next_dagrun for example_bash_operator to 2025-06-11 00:00:00+00:00, run_after=2025-06-12 00:00:00+00:00
[2025-06-12T11:22:39.389+0200] {processor.py:208} INFO - Processing /Users/gordanaristova/MyProjects/MyRpaProject/venv/lib/python3.10/site-packages/airflow/example_dags/example_bash_operator.py took 0.047 seconds
[2025-06-12T11:41:55.345+0200] {processor.py:186} INFO - Started process (PID=10459) to work on /Users/gordanaristova/MyProjects/MyRpaProject/venv/lib/python3.10/site-packages/airflow/example_dags/example_bash_operator.py
[2025-06-12T11:41:55.346+0200] {processor.py:914} INFO - Processing file /Users/gordanaristova/MyProjects/MyRpaProject/venv/lib/python3.10/site-packages/airflow/example_dags/example_bash_operator.py for tasks to queue
[2025-06-12T11:41:55.346+0200] {logging_mixin.py:190} INFO - [2025-06-12T11:41:55.346+0200] {dagbag.py:588} INFO - Filling up the DagBag from /Users/gordanaristova/MyProjects/MyRpaProject/venv/lib/python3.10/site-packages/airflow/example_dags/example_bash_operator.py
[2025-06-12T11:41:55.350+0200] {processor.py:925} INFO - DAG(s) 'example_bash_operator' retrieved from /Users/gordanaristova/MyProjects/MyRpaProject/venv/lib/python3.10/site-packages/airflow/example_dags/example_bash_operator.py
[2025-06-12T11:41:55.379+0200] {logging_mixin.py:190} INFO - [2025-06-12T11:41:55.379+0200] {dag.py:3239} INFO - Sync 1 DAGs
[2025-06-12T11:41:55.384+0200] {logging_mixin.py:190} INFO - [2025-06-12T11:41:55.384+0200] {dag.py:4180} INFO - Setting next_dagrun for example_bash_operator to 2025-06-11 00:00:00+00:00, run_after=2025-06-12 00:00:00+00:00
[2025-06-12T11:41:55.389+0200] {processor.py:208} INFO - Processing /Users/gordanaristova/MyProjects/MyRpaProject/venv/lib/python3.10/site-packages/airflow/example_dags/example_bash_operator.py took 0.045 seconds
[2025-06-12T11:50:45.200+0200] {processor.py:186} INFO - Started process (PID=10681) to work on /Users/gordanaristova/MyProjects/MyRpaProject/venv/lib/python3.10/site-packages/airflow/example_dags/example_bash_operator.py
[2025-06-12T11:50:45.200+0200] {processor.py:914} INFO - Processing file /Users/gordanaristova/MyProjects/MyRpaProject/venv/lib/python3.10/site-packages/airflow/example_dags/example_bash_operator.py for tasks to queue
[2025-06-12T11:50:45.201+0200] {logging_mixin.py:190} INFO - [2025-06-12T11:50:45.201+0200] {dagbag.py:588} INFO - Filling up the DagBag from /Users/gordanaristova/MyProjects/MyRpaProject/venv/lib/python3.10/site-packages/airflow/example_dags/example_bash_operator.py
[2025-06-12T11:50:45.204+0200] {processor.py:925} INFO - DAG(s) 'example_bash_operator' retrieved from /Users/gordanaristova/MyProjects/MyRpaProject/venv/lib/python3.10/site-packages/airflow/example_dags/example_bash_operator.py
[2025-06-12T11:50:45.234+0200] {logging_mixin.py:190} INFO - [2025-06-12T11:50:45.234+0200] {dag.py:3239} INFO - Sync 1 DAGs
[2025-06-12T11:50:45.239+0200] {logging_mixin.py:190} INFO - [2025-06-12T11:50:45.239+0200] {dag.py:4180} INFO - Setting next_dagrun for example_bash_operator to 2025-06-11 00:00:00+00:00, run_after=2025-06-12 00:00:00+00:00
[2025-06-12T11:50:45.244+0200] {processor.py:208} INFO - Processing /Users/gordanaristova/MyProjects/MyRpaProject/venv/lib/python3.10/site-packages/airflow/example_dags/example_bash_operator.py took 0.045 seconds
[2025-06-12T11:52:33.330+0200] {processor.py:186} INFO - Started process (PID=10804) to work on /Users/gordanaristova/MyProjects/MyRpaProject/venv/lib/python3.10/site-packages/airflow/example_dags/example_bash_operator.py
[2025-06-12T11:52:33.331+0200] {processor.py:914} INFO - Processing file /Users/gordanaristova/MyProjects/MyRpaProject/venv/lib/python3.10/site-packages/airflow/example_dags/example_bash_operator.py for tasks to queue
[2025-06-12T11:52:33.331+0200] {logging_mixin.py:190} INFO - [2025-06-12T11:52:33.331+0200] {dagbag.py:588} INFO - Filling up the DagBag from /Users/gordanaristova/MyProjects/MyRpaProject/venv/lib/python3.10/site-packages/airflow/example_dags/example_bash_operator.py
[2025-06-12T11:52:33.335+0200] {processor.py:925} INFO - DAG(s) 'example_bash_operator' retrieved from /Users/gordanaristova/MyProjects/MyRpaProject/venv/lib/python3.10/site-packages/airflow/example_dags/example_bash_operator.py
[2025-06-12T11:52:33.365+0200] {logging_mixin.py:190} INFO - [2025-06-12T11:52:33.365+0200] {dag.py:3239} INFO - Sync 1 DAGs
[2025-06-12T11:52:33.370+0200] {logging_mixin.py:190} INFO - [2025-06-12T11:52:33.370+0200] {dag.py:4180} INFO - Setting next_dagrun for example_bash_operator to 2025-06-11 00:00:00+00:00, run_after=2025-06-12 00:00:00+00:00
[2025-06-12T11:52:33.374+0200] {processor.py:208} INFO - Processing /Users/gordanaristova/MyProjects/MyRpaProject/venv/lib/python3.10/site-packages/airflow/example_dags/example_bash_operator.py took 0.046 seconds
[2025-06-12T11:54:21.870+0200] {processor.py:186} INFO - Started process (PID=10887) to work on /Users/gordanaristova/MyProjects/MyRpaProject/venv/lib/python3.10/site-packages/airflow/example_dags/example_bash_operator.py
[2025-06-12T11:54:21.871+0200] {processor.py:914} INFO - Processing file /Users/gordanaristova/MyProjects/MyRpaProject/venv/lib/python3.10/site-packages/airflow/example_dags/example_bash_operator.py for tasks to queue
[2025-06-12T11:54:21.872+0200] {logging_mixin.py:190} INFO - [2025-06-12T11:54:21.871+0200] {dagbag.py:588} INFO - Filling up the DagBag from /Users/gordanaristova/MyProjects/MyRpaProject/venv/lib/python3.10/site-packages/airflow/example_dags/example_bash_operator.py
[2025-06-12T11:54:21.875+0200] {processor.py:925} INFO - DAG(s) 'example_bash_operator' retrieved from /Users/gordanaristova/MyProjects/MyRpaProject/venv/lib/python3.10/site-packages/airflow/example_dags/example_bash_operator.py
[2025-06-12T11:54:21.905+0200] {logging_mixin.py:190} INFO - [2025-06-12T11:54:21.905+0200] {dag.py:3239} INFO - Sync 1 DAGs
[2025-06-12T11:54:21.910+0200] {logging_mixin.py:190} INFO - [2025-06-12T11:54:21.910+0200] {dag.py:4180} INFO - Setting next_dagrun for example_bash_operator to 2025-06-11 00:00:00+00:00, run_after=2025-06-12 00:00:00+00:00
[2025-06-12T11:54:21.915+0200] {processor.py:208} INFO - Processing /Users/gordanaristova/MyProjects/MyRpaProject/venv/lib/python3.10/site-packages/airflow/example_dags/example_bash_operator.py took 0.045 seconds
[2025-06-12T11:56:09.655+0200] {processor.py:186} INFO - Started process (PID=11000) to work on /Users/gordanaristova/MyProjects/MyRpaProject/venv/lib/python3.10/site-packages/airflow/example_dags/example_bash_operator.py
[2025-06-12T11:56:09.655+0200] {processor.py:914} INFO - Processing file /Users/gordanaristova/MyProjects/MyRpaProject/venv/lib/python3.10/site-packages/airflow/example_dags/example_bash_operator.py for tasks to queue
[2025-06-12T11:56:09.655+0200] {logging_mixin.py:190} INFO - [2025-06-12T11:56:09.655+0200] {dagbag.py:588} INFO - Filling up the DagBag from /Users/gordanaristova/MyProjects/MyRpaProject/venv/lib/python3.10/site-packages/airflow/example_dags/example_bash_operator.py
[2025-06-12T11:56:09.659+0200] {processor.py:925} INFO - DAG(s) 'example_bash_operator' retrieved from /Users/gordanaristova/MyProjects/MyRpaProject/venv/lib/python3.10/site-packages/airflow/example_dags/example_bash_operator.py
[2025-06-12T11:56:09.690+0200] {logging_mixin.py:190} INFO - [2025-06-12T11:56:09.690+0200] {dag.py:3239} INFO - Sync 1 DAGs
[2025-06-12T11:56:09.696+0200] {logging_mixin.py:190} INFO - [2025-06-12T11:56:09.695+0200] {dag.py:4180} INFO - Setting next_dagrun for example_bash_operator to 2025-06-11 00:00:00+00:00, run_after=2025-06-12 00:00:00+00:00
[2025-06-12T11:56:09.700+0200] {processor.py:208} INFO - Processing /Users/gordanaristova/MyProjects/MyRpaProject/venv/lib/python3.10/site-packages/airflow/example_dags/example_bash_operator.py took 0.046 seconds
[2025-06-12T13:15:34.901+0200] {processor.py:186} INFO - Started process (PID=13058) to work on /Users/gordanaristova/MyProjects/MyRpaProject/venv/lib/python3.10/site-packages/airflow/example_dags/example_bash_operator.py
[2025-06-12T13:15:34.902+0200] {processor.py:914} INFO - Processing file /Users/gordanaristova/MyProjects/MyRpaProject/venv/lib/python3.10/site-packages/airflow/example_dags/example_bash_operator.py for tasks to queue
[2025-06-12T13:15:34.902+0200] {logging_mixin.py:190} INFO - [2025-06-12T13:15:34.902+0200] {dagbag.py:588} INFO - Filling up the DagBag from /Users/gordanaristova/MyProjects/MyRpaProject/venv/lib/python3.10/site-packages/airflow/example_dags/example_bash_operator.py
[2025-06-12T13:15:34.906+0200] {processor.py:925} INFO - DAG(s) 'example_bash_operator' retrieved from /Users/gordanaristova/MyProjects/MyRpaProject/venv/lib/python3.10/site-packages/airflow/example_dags/example_bash_operator.py
[2025-06-12T13:15:34.937+0200] {logging_mixin.py:190} INFO - [2025-06-12T13:15:34.937+0200] {dag.py:3239} INFO - Sync 1 DAGs
[2025-06-12T13:15:34.943+0200] {logging_mixin.py:190} INFO - [2025-06-12T13:15:34.943+0200] {dag.py:4180} INFO - Setting next_dagrun for example_bash_operator to 2025-06-11 00:00:00+00:00, run_after=2025-06-12 00:00:00+00:00
[2025-06-12T13:15:34.948+0200] {processor.py:208} INFO - Processing /Users/gordanaristova/MyProjects/MyRpaProject/venv/lib/python3.10/site-packages/airflow/example_dags/example_bash_operator.py took 0.048 seconds
[2025-06-12T19:11:56.942+0200] {processor.py:186} INFO - Started process (PID=16505) to work on /Users/gordanaristova/MyProjects/MyRpaProject/venv/lib/python3.10/site-packages/airflow/example_dags/example_bash_operator.py
[2025-06-12T19:11:56.944+0200] {processor.py:914} INFO - Processing file /Users/gordanaristova/MyProjects/MyRpaProject/venv/lib/python3.10/site-packages/airflow/example_dags/example_bash_operator.py for tasks to queue
[2025-06-12T19:11:56.944+0200] {logging_mixin.py:190} INFO - [2025-06-12T19:11:56.944+0200] {dagbag.py:588} INFO - Filling up the DagBag from /Users/gordanaristova/MyProjects/MyRpaProject/venv/lib/python3.10/site-packages/airflow/example_dags/example_bash_operator.py
[2025-06-12T19:11:56.948+0200] {processor.py:925} INFO - DAG(s) 'example_bash_operator' retrieved from /Users/gordanaristova/MyProjects/MyRpaProject/venv/lib/python3.10/site-packages/airflow/example_dags/example_bash_operator.py
[2025-06-12T19:11:56.979+0200] {logging_mixin.py:190} INFO - [2025-06-12T19:11:56.979+0200] {dag.py:3239} INFO - Sync 1 DAGs
[2025-06-12T19:11:56.984+0200] {logging_mixin.py:190} INFO - [2025-06-12T19:11:56.984+0200] {dag.py:4180} INFO - Setting next_dagrun for example_bash_operator to 2025-06-11 00:00:00+00:00, run_after=2025-06-12 00:00:00+00:00
[2025-06-12T19:11:56.989+0200] {processor.py:208} INFO - Processing /Users/gordanaristova/MyProjects/MyRpaProject/venv/lib/python3.10/site-packages/airflow/example_dags/example_bash_operator.py took 0.048 seconds
