[2025-06-12T10:36:40.102+0200] {processor.py:186} INFO - Started process (PID=8419) to work on /Users/gordanaristova/MyProjects/MyRpaProject/venv/lib/python3.10/site-packages/airflow/example_dags/example_task_group_decorator.py
[2025-06-12T10:36:40.102+0200] {processor.py:914} INFO - Processing file /Users/gordanaristova/MyProjects/MyRpaProject/venv/lib/python3.10/site-packages/airflow/example_dags/example_task_group_decorator.py for tasks to queue
[2025-06-12T10:36:40.103+0200] {logging_mixin.py:190} INFO - [2025-06-12T10:36:40.103+0200] {dagbag.py:588} INFO - Filling up the DagBag from /Users/gordanaristova/MyProjects/MyRpaProject/venv/lib/python3.10/site-packages/airflow/example_dags/example_task_group_decorator.py
[2025-06-12T10:36:40.116+0200] {processor.py:925} INFO - DAG(s) 'example_task_group_decorator' retrieved from /Users/gordanaristova/MyProjects/MyRpaProject/venv/lib/python3.10/site-packages/airflow/example_dags/example_task_group_decorator.py
[2025-06-12T10:36:40.163+0200] {logging_mixin.py:190} INFO - [2025-06-12T10:36:40.163+0200] {override.py:1900} INFO - Created Permission View: can read on DAG:example_task_group_decorator
[2025-06-12T10:36:40.165+0200] {logging_mixin.py:190} INFO - [2025-06-12T10:36:40.165+0200] {override.py:1900} INFO - Created Permission View: can edit on DAG:example_task_group_decorator
[2025-06-12T10:36:40.167+0200] {logging_mixin.py:190} INFO - [2025-06-12T10:36:40.167+0200] {override.py:1900} INFO - Created Permission View: can delete on DAG:example_task_group_decorator
[2025-06-12T10:36:40.169+0200] {logging_mixin.py:190} INFO - [2025-06-12T10:36:40.168+0200] {override.py:1900} INFO - Created Permission View: can read on DAG Run:example_task_group_decorator
[2025-06-12T10:36:40.170+0200] {logging_mixin.py:190} INFO - [2025-06-12T10:36:40.170+0200] {override.py:1900} INFO - Created Permission View: can create on DAG Run:example_task_group_decorator
[2025-06-12T10:36:40.171+0200] {logging_mixin.py:190} INFO - [2025-06-12T10:36:40.171+0200] {override.py:1900} INFO - Created Permission View: can delete on DAG Run:example_task_group_decorator
[2025-06-12T10:36:40.172+0200] {logging_mixin.py:190} INFO - [2025-06-12T10:36:40.172+0200] {override.py:1900} INFO - Created Permission View: menu access on DAG Run:example_task_group_decorator
[2025-06-12T10:36:40.172+0200] {logging_mixin.py:190} INFO - [2025-06-12T10:36:40.172+0200] {dag.py:3239} INFO - Sync 1 DAGs
[2025-06-12T10:36:40.175+0200] {logging_mixin.py:190} INFO - [2025-06-12T10:36:40.175+0200] {dag.py:3262} INFO - Creating ORM DAG for example_task_group_decorator
[2025-06-12T10:36:40.175+0200] {logging_mixin.py:190} INFO - [2025-06-12T10:36:40.175+0200] {dag.py:4180} INFO - Setting next_dagrun for example_task_group_decorator to None, run_after=None
[2025-06-12T10:36:40.180+0200] {processor.py:208} INFO - Processing /Users/gordanaristova/MyProjects/MyRpaProject/venv/lib/python3.10/site-packages/airflow/example_dags/example_task_group_decorator.py took 0.078 seconds
[2025-06-12T10:38:08.181+0200] {processor.py:186} INFO - Started process (PID=8499) to work on /Users/gordanaristova/MyProjects/MyRpaProject/venv/lib/python3.10/site-packages/airflow/example_dags/example_task_group_decorator.py
[2025-06-12T10:38:08.182+0200] {processor.py:914} INFO - Processing file /Users/gordanaristova/MyProjects/MyRpaProject/venv/lib/python3.10/site-packages/airflow/example_dags/example_task_group_decorator.py for tasks to queue
[2025-06-12T10:38:08.182+0200] {logging_mixin.py:190} INFO - [2025-06-12T10:38:08.182+0200] {dagbag.py:588} INFO - Filling up the DagBag from /Users/gordanaristova/MyProjects/MyRpaProject/venv/lib/python3.10/site-packages/airflow/example_dags/example_task_group_decorator.py
[2025-06-12T10:38:08.194+0200] {processor.py:925} INFO - DAG(s) 'example_task_group_decorator' retrieved from /Users/gordanaristova/MyProjects/MyRpaProject/venv/lib/python3.10/site-packages/airflow/example_dags/example_task_group_decorator.py
[2025-06-12T10:38:08.223+0200] {logging_mixin.py:190} INFO - [2025-06-12T10:38:08.223+0200] {dag.py:3239} INFO - Sync 1 DAGs
[2025-06-12T10:38:08.226+0200] {logging_mixin.py:190} INFO - [2025-06-12T10:38:08.226+0200] {dag.py:4180} INFO - Setting next_dagrun for example_task_group_decorator to None, run_after=None
[2025-06-12T10:38:08.231+0200] {processor.py:208} INFO - Processing /Users/gordanaristova/MyProjects/MyRpaProject/venv/lib/python3.10/site-packages/airflow/example_dags/example_task_group_decorator.py took 0.051 seconds
[2025-06-12T10:39:51.103+0200] {processor.py:186} INFO - Started process (PID=8580) to work on /Users/gordanaristova/MyProjects/MyRpaProject/venv/lib/python3.10/site-packages/airflow/example_dags/example_task_group_decorator.py
[2025-06-12T10:39:51.104+0200] {processor.py:914} INFO - Processing file /Users/gordanaristova/MyProjects/MyRpaProject/venv/lib/python3.10/site-packages/airflow/example_dags/example_task_group_decorator.py for tasks to queue
[2025-06-12T10:39:51.105+0200] {logging_mixin.py:190} INFO - [2025-06-12T10:39:51.105+0200] {dagbag.py:588} INFO - Filling up the DagBag from /Users/gordanaristova/MyProjects/MyRpaProject/venv/lib/python3.10/site-packages/airflow/example_dags/example_task_group_decorator.py
[2025-06-12T10:39:51.117+0200] {processor.py:925} INFO - DAG(s) 'example_task_group_decorator' retrieved from /Users/gordanaristova/MyProjects/MyRpaProject/venv/lib/python3.10/site-packages/airflow/example_dags/example_task_group_decorator.py
[2025-06-12T10:39:51.147+0200] {logging_mixin.py:190} INFO - [2025-06-12T10:39:51.146+0200] {dag.py:3239} INFO - Sync 1 DAGs
[2025-06-12T10:39:51.149+0200] {logging_mixin.py:190} INFO - [2025-06-12T10:39:51.149+0200] {dag.py:4180} INFO - Setting next_dagrun for example_task_group_decorator to None, run_after=None
[2025-06-12T10:39:51.154+0200] {processor.py:208} INFO - Processing /Users/gordanaristova/MyProjects/MyRpaProject/venv/lib/python3.10/site-packages/airflow/example_dags/example_task_group_decorator.py took 0.051 seconds
[2025-06-12T10:41:36.513+0200] {processor.py:186} INFO - Started process (PID=8671) to work on /Users/gordanaristova/MyProjects/MyRpaProject/venv/lib/python3.10/site-packages/airflow/example_dags/example_task_group_decorator.py
[2025-06-12T10:41:36.514+0200] {processor.py:914} INFO - Processing file /Users/gordanaristova/MyProjects/MyRpaProject/venv/lib/python3.10/site-packages/airflow/example_dags/example_task_group_decorator.py for tasks to queue
[2025-06-12T10:41:36.515+0200] {logging_mixin.py:190} INFO - [2025-06-12T10:41:36.515+0200] {dagbag.py:588} INFO - Filling up the DagBag from /Users/gordanaristova/MyProjects/MyRpaProject/venv/lib/python3.10/site-packages/airflow/example_dags/example_task_group_decorator.py
[2025-06-12T10:41:36.528+0200] {processor.py:925} INFO - DAG(s) 'example_task_group_decorator' retrieved from /Users/gordanaristova/MyProjects/MyRpaProject/venv/lib/python3.10/site-packages/airflow/example_dags/example_task_group_decorator.py
[2025-06-12T10:41:36.559+0200] {logging_mixin.py:190} INFO - [2025-06-12T10:41:36.559+0200] {dag.py:3239} INFO - Sync 1 DAGs
[2025-06-12T10:41:36.562+0200] {logging_mixin.py:190} INFO - [2025-06-12T10:41:36.562+0200] {dag.py:4180} INFO - Setting next_dagrun for example_task_group_decorator to None, run_after=None
[2025-06-12T10:41:36.567+0200] {processor.py:208} INFO - Processing /Users/gordanaristova/MyProjects/MyRpaProject/venv/lib/python3.10/site-packages/airflow/example_dags/example_task_group_decorator.py took 0.055 seconds
[2025-06-12T10:43:23.199+0200] {processor.py:186} INFO - Started process (PID=8773) to work on /Users/gordanaristova/MyProjects/MyRpaProject/venv/lib/python3.10/site-packages/airflow/example_dags/example_task_group_decorator.py
[2025-06-12T10:43:23.200+0200] {processor.py:914} INFO - Processing file /Users/gordanaristova/MyProjects/MyRpaProject/venv/lib/python3.10/site-packages/airflow/example_dags/example_task_group_decorator.py for tasks to queue
[2025-06-12T10:43:23.200+0200] {logging_mixin.py:190} INFO - [2025-06-12T10:43:23.200+0200] {dagbag.py:588} INFO - Filling up the DagBag from /Users/gordanaristova/MyProjects/MyRpaProject/venv/lib/python3.10/site-packages/airflow/example_dags/example_task_group_decorator.py
[2025-06-12T10:43:23.213+0200] {processor.py:925} INFO - DAG(s) 'example_task_group_decorator' retrieved from /Users/gordanaristova/MyProjects/MyRpaProject/venv/lib/python3.10/site-packages/airflow/example_dags/example_task_group_decorator.py
[2025-06-12T10:43:23.242+0200] {logging_mixin.py:190} INFO - [2025-06-12T10:43:23.242+0200] {dag.py:3239} INFO - Sync 1 DAGs
[2025-06-12T10:43:23.245+0200] {logging_mixin.py:190} INFO - [2025-06-12T10:43:23.245+0200] {dag.py:4180} INFO - Setting next_dagrun for example_task_group_decorator to None, run_after=None
[2025-06-12T10:43:23.250+0200] {processor.py:208} INFO - Processing /Users/gordanaristova/MyProjects/MyRpaProject/venv/lib/python3.10/site-packages/airflow/example_dags/example_task_group_decorator.py took 0.052 seconds
[2025-06-12T10:45:09.468+0200] {processor.py:186} INFO - Started process (PID=8904) to work on /Users/gordanaristova/MyProjects/MyRpaProject/venv/lib/python3.10/site-packages/airflow/example_dags/example_task_group_decorator.py
[2025-06-12T10:45:09.469+0200] {processor.py:914} INFO - Processing file /Users/gordanaristova/MyProjects/MyRpaProject/venv/lib/python3.10/site-packages/airflow/example_dags/example_task_group_decorator.py for tasks to queue
[2025-06-12T10:45:09.470+0200] {logging_mixin.py:190} INFO - [2025-06-12T10:45:09.470+0200] {dagbag.py:588} INFO - Filling up the DagBag from /Users/gordanaristova/MyProjects/MyRpaProject/venv/lib/python3.10/site-packages/airflow/example_dags/example_task_group_decorator.py
[2025-06-12T10:45:09.483+0200] {processor.py:925} INFO - DAG(s) 'example_task_group_decorator' retrieved from /Users/gordanaristova/MyProjects/MyRpaProject/venv/lib/python3.10/site-packages/airflow/example_dags/example_task_group_decorator.py
[2025-06-12T10:45:09.513+0200] {logging_mixin.py:190} INFO - [2025-06-12T10:45:09.513+0200] {dag.py:3239} INFO - Sync 1 DAGs
[2025-06-12T10:45:09.516+0200] {logging_mixin.py:190} INFO - [2025-06-12T10:45:09.516+0200] {dag.py:4180} INFO - Setting next_dagrun for example_task_group_decorator to None, run_after=None
[2025-06-12T10:45:09.521+0200] {processor.py:208} INFO - Processing /Users/gordanaristova/MyProjects/MyRpaProject/venv/lib/python3.10/site-packages/airflow/example_dags/example_task_group_decorator.py took 0.054 seconds
[2025-06-12T10:46:51.958+0200] {processor.py:186} INFO - Started process (PID=9010) to work on /Users/gordanaristova/MyProjects/MyRpaProject/venv/lib/python3.10/site-packages/airflow/example_dags/example_task_group_decorator.py
[2025-06-12T10:46:51.959+0200] {processor.py:914} INFO - Processing file /Users/gordanaristova/MyProjects/MyRpaProject/venv/lib/python3.10/site-packages/airflow/example_dags/example_task_group_decorator.py for tasks to queue
[2025-06-12T10:46:51.960+0200] {logging_mixin.py:190} INFO - [2025-06-12T10:46:51.960+0200] {dagbag.py:588} INFO - Filling up the DagBag from /Users/gordanaristova/MyProjects/MyRpaProject/venv/lib/python3.10/site-packages/airflow/example_dags/example_task_group_decorator.py
[2025-06-12T10:46:51.972+0200] {processor.py:925} INFO - DAG(s) 'example_task_group_decorator' retrieved from /Users/gordanaristova/MyProjects/MyRpaProject/venv/lib/python3.10/site-packages/airflow/example_dags/example_task_group_decorator.py
[2025-06-12T10:46:52.002+0200] {logging_mixin.py:190} INFO - [2025-06-12T10:46:52.001+0200] {dag.py:3239} INFO - Sync 1 DAGs
[2025-06-12T10:46:52.004+0200] {logging_mixin.py:190} INFO - [2025-06-12T10:46:52.004+0200] {dag.py:4180} INFO - Setting next_dagrun for example_task_group_decorator to None, run_after=None
[2025-06-12T10:46:52.009+0200] {processor.py:208} INFO - Processing /Users/gordanaristova/MyProjects/MyRpaProject/venv/lib/python3.10/site-packages/airflow/example_dags/example_task_group_decorator.py took 0.052 seconds
[2025-06-12T10:47:54.093+0200] {processor.py:186} INFO - Started process (PID=9087) to work on /Users/gordanaristova/MyProjects/MyRpaProject/venv/lib/python3.10/site-packages/airflow/example_dags/example_task_group_decorator.py
[2025-06-12T10:47:54.094+0200] {processor.py:914} INFO - Processing file /Users/gordanaristova/MyProjects/MyRpaProject/venv/lib/python3.10/site-packages/airflow/example_dags/example_task_group_decorator.py for tasks to queue
[2025-06-12T10:47:54.094+0200] {logging_mixin.py:190} INFO - [2025-06-12T10:47:54.094+0200] {dagbag.py:588} INFO - Filling up the DagBag from /Users/gordanaristova/MyProjects/MyRpaProject/venv/lib/python3.10/site-packages/airflow/example_dags/example_task_group_decorator.py
[2025-06-12T10:47:54.108+0200] {processor.py:925} INFO - DAG(s) 'example_task_group_decorator' retrieved from /Users/gordanaristova/MyProjects/MyRpaProject/venv/lib/python3.10/site-packages/airflow/example_dags/example_task_group_decorator.py
[2025-06-12T10:47:54.142+0200] {logging_mixin.py:190} INFO - [2025-06-12T10:47:54.142+0200] {dag.py:3239} INFO - Sync 1 DAGs
[2025-06-12T10:47:54.145+0200] {logging_mixin.py:190} INFO - [2025-06-12T10:47:54.145+0200] {dag.py:4180} INFO - Setting next_dagrun for example_task_group_decorator to None, run_after=None
[2025-06-12T10:47:54.151+0200] {processor.py:208} INFO - Processing /Users/gordanaristova/MyProjects/MyRpaProject/venv/lib/python3.10/site-packages/airflow/example_dags/example_task_group_decorator.py took 0.058 seconds
[2025-06-12T10:49:41.413+0200] {processor.py:186} INFO - Started process (PID=9221) to work on /Users/gordanaristova/MyProjects/MyRpaProject/venv/lib/python3.10/site-packages/airflow/example_dags/example_task_group_decorator.py
[2025-06-12T10:49:41.414+0200] {processor.py:914} INFO - Processing file /Users/gordanaristova/MyProjects/MyRpaProject/venv/lib/python3.10/site-packages/airflow/example_dags/example_task_group_decorator.py for tasks to queue
[2025-06-12T10:49:41.414+0200] {logging_mixin.py:190} INFO - [2025-06-12T10:49:41.414+0200] {dagbag.py:588} INFO - Filling up the DagBag from /Users/gordanaristova/MyProjects/MyRpaProject/venv/lib/python3.10/site-packages/airflow/example_dags/example_task_group_decorator.py
[2025-06-12T10:49:41.427+0200] {processor.py:925} INFO - DAG(s) 'example_task_group_decorator' retrieved from /Users/gordanaristova/MyProjects/MyRpaProject/venv/lib/python3.10/site-packages/airflow/example_dags/example_task_group_decorator.py
[2025-06-12T10:49:41.458+0200] {logging_mixin.py:190} INFO - [2025-06-12T10:49:41.457+0200] {dag.py:3239} INFO - Sync 1 DAGs
[2025-06-12T10:49:41.461+0200] {logging_mixin.py:190} INFO - [2025-06-12T10:49:41.461+0200] {dag.py:4180} INFO - Setting next_dagrun for example_task_group_decorator to None, run_after=None
[2025-06-12T10:49:41.465+0200] {processor.py:208} INFO - Processing /Users/gordanaristova/MyProjects/MyRpaProject/venv/lib/python3.10/site-packages/airflow/example_dags/example_task_group_decorator.py took 0.053 seconds
[2025-06-12T10:56:52.797+0200] {processor.py:186} INFO - Started process (PID=9429) to work on /Users/gordanaristova/MyProjects/MyRpaProject/venv/lib/python3.10/site-packages/airflow/example_dags/example_task_group_decorator.py
[2025-06-12T10:56:52.798+0200] {processor.py:914} INFO - Processing file /Users/gordanaristova/MyProjects/MyRpaProject/venv/lib/python3.10/site-packages/airflow/example_dags/example_task_group_decorator.py for tasks to queue
[2025-06-12T10:56:52.798+0200] {logging_mixin.py:190} INFO - [2025-06-12T10:56:52.798+0200] {dagbag.py:588} INFO - Filling up the DagBag from /Users/gordanaristova/MyProjects/MyRpaProject/venv/lib/python3.10/site-packages/airflow/example_dags/example_task_group_decorator.py
[2025-06-12T10:56:52.811+0200] {processor.py:925} INFO - DAG(s) 'example_task_group_decorator' retrieved from /Users/gordanaristova/MyProjects/MyRpaProject/venv/lib/python3.10/site-packages/airflow/example_dags/example_task_group_decorator.py
[2025-06-12T10:56:52.841+0200] {logging_mixin.py:190} INFO - [2025-06-12T10:56:52.841+0200] {dag.py:3239} INFO - Sync 1 DAGs
[2025-06-12T10:56:52.844+0200] {logging_mixin.py:190} INFO - [2025-06-12T10:56:52.844+0200] {dag.py:4180} INFO - Setting next_dagrun for example_task_group_decorator to None, run_after=None
[2025-06-12T10:56:52.848+0200] {processor.py:208} INFO - Processing /Users/gordanaristova/MyProjects/MyRpaProject/venv/lib/python3.10/site-packages/airflow/example_dags/example_task_group_decorator.py took 0.052 seconds
[2025-06-12T10:58:19.032+0200] {processor.py:186} INFO - Started process (PID=9524) to work on /Users/gordanaristova/MyProjects/MyRpaProject/venv/lib/python3.10/site-packages/airflow/example_dags/example_task_group_decorator.py
[2025-06-12T10:58:19.033+0200] {processor.py:914} INFO - Processing file /Users/gordanaristova/MyProjects/MyRpaProject/venv/lib/python3.10/site-packages/airflow/example_dags/example_task_group_decorator.py for tasks to queue
[2025-06-12T10:58:19.033+0200] {logging_mixin.py:190} INFO - [2025-06-12T10:58:19.033+0200] {dagbag.py:588} INFO - Filling up the DagBag from /Users/gordanaristova/MyProjects/MyRpaProject/venv/lib/python3.10/site-packages/airflow/example_dags/example_task_group_decorator.py
[2025-06-12T10:58:19.046+0200] {processor.py:925} INFO - DAG(s) 'example_task_group_decorator' retrieved from /Users/gordanaristova/MyProjects/MyRpaProject/venv/lib/python3.10/site-packages/airflow/example_dags/example_task_group_decorator.py
[2025-06-12T10:58:19.077+0200] {logging_mixin.py:190} INFO - [2025-06-12T10:58:19.077+0200] {dag.py:3239} INFO - Sync 1 DAGs
[2025-06-12T10:58:19.080+0200] {logging_mixin.py:190} INFO - [2025-06-12T10:58:19.080+0200] {dag.py:4180} INFO - Setting next_dagrun for example_task_group_decorator to None, run_after=None
[2025-06-12T10:58:19.085+0200] {processor.py:208} INFO - Processing /Users/gordanaristova/MyProjects/MyRpaProject/venv/lib/python3.10/site-packages/airflow/example_dags/example_task_group_decorator.py took 0.054 seconds
[2025-06-12T11:11:37.107+0200] {processor.py:186} INFO - Started process (PID=9742) to work on /Users/gordanaristova/MyProjects/MyRpaProject/venv/lib/python3.10/site-packages/airflow/example_dags/example_task_group_decorator.py
[2025-06-12T11:11:37.107+0200] {processor.py:914} INFO - Processing file /Users/gordanaristova/MyProjects/MyRpaProject/venv/lib/python3.10/site-packages/airflow/example_dags/example_task_group_decorator.py for tasks to queue
[2025-06-12T11:11:37.108+0200] {logging_mixin.py:190} INFO - [2025-06-12T11:11:37.107+0200] {dagbag.py:588} INFO - Filling up the DagBag from /Users/gordanaristova/MyProjects/MyRpaProject/venv/lib/python3.10/site-packages/airflow/example_dags/example_task_group_decorator.py
[2025-06-12T11:11:37.120+0200] {processor.py:925} INFO - DAG(s) 'example_task_group_decorator' retrieved from /Users/gordanaristova/MyProjects/MyRpaProject/venv/lib/python3.10/site-packages/airflow/example_dags/example_task_group_decorator.py
[2025-06-12T11:11:37.149+0200] {logging_mixin.py:190} INFO - [2025-06-12T11:11:37.149+0200] {dag.py:3239} INFO - Sync 1 DAGs
[2025-06-12T11:11:37.152+0200] {logging_mixin.py:190} INFO - [2025-06-12T11:11:37.152+0200] {dag.py:4180} INFO - Setting next_dagrun for example_task_group_decorator to None, run_after=None
[2025-06-12T11:11:37.156+0200] {processor.py:208} INFO - Processing /Users/gordanaristova/MyProjects/MyRpaProject/venv/lib/python3.10/site-packages/airflow/example_dags/example_task_group_decorator.py took 0.050 seconds
[2025-06-12T11:13:04.942+0200] {processor.py:186} INFO - Started process (PID=9838) to work on /Users/gordanaristova/MyProjects/MyRpaProject/venv/lib/python3.10/site-packages/airflow/example_dags/example_task_group_decorator.py
[2025-06-12T11:13:04.942+0200] {processor.py:914} INFO - Processing file /Users/gordanaristova/MyProjects/MyRpaProject/venv/lib/python3.10/site-packages/airflow/example_dags/example_task_group_decorator.py for tasks to queue
[2025-06-12T11:13:04.942+0200] {logging_mixin.py:190} INFO - [2025-06-12T11:13:04.942+0200] {dagbag.py:588} INFO - Filling up the DagBag from /Users/gordanaristova/MyProjects/MyRpaProject/venv/lib/python3.10/site-packages/airflow/example_dags/example_task_group_decorator.py
[2025-06-12T11:13:04.955+0200] {processor.py:925} INFO - DAG(s) 'example_task_group_decorator' retrieved from /Users/gordanaristova/MyProjects/MyRpaProject/venv/lib/python3.10/site-packages/airflow/example_dags/example_task_group_decorator.py
[2025-06-12T11:13:04.984+0200] {logging_mixin.py:190} INFO - [2025-06-12T11:13:04.984+0200] {dag.py:3239} INFO - Sync 1 DAGs
[2025-06-12T11:13:04.987+0200] {logging_mixin.py:190} INFO - [2025-06-12T11:13:04.987+0200] {dag.py:4180} INFO - Setting next_dagrun for example_task_group_decorator to None, run_after=None
[2025-06-12T11:13:04.992+0200] {processor.py:208} INFO - Processing /Users/gordanaristova/MyProjects/MyRpaProject/venv/lib/python3.10/site-packages/airflow/example_dags/example_task_group_decorator.py took 0.051 seconds
[2025-06-12T11:21:43.025+0200] {processor.py:186} INFO - Started process (PID=10035) to work on /Users/gordanaristova/MyProjects/MyRpaProject/venv/lib/python3.10/site-packages/airflow/example_dags/example_task_group_decorator.py
[2025-06-12T11:21:43.026+0200] {processor.py:914} INFO - Processing file /Users/gordanaristova/MyProjects/MyRpaProject/venv/lib/python3.10/site-packages/airflow/example_dags/example_task_group_decorator.py for tasks to queue
[2025-06-12T11:21:43.026+0200] {logging_mixin.py:190} INFO - [2025-06-12T11:21:43.026+0200] {dagbag.py:588} INFO - Filling up the DagBag from /Users/gordanaristova/MyProjects/MyRpaProject/venv/lib/python3.10/site-packages/airflow/example_dags/example_task_group_decorator.py
[2025-06-12T11:21:43.039+0200] {processor.py:925} INFO - DAG(s) 'example_task_group_decorator' retrieved from /Users/gordanaristova/MyProjects/MyRpaProject/venv/lib/python3.10/site-packages/airflow/example_dags/example_task_group_decorator.py
[2025-06-12T11:21:43.068+0200] {logging_mixin.py:190} INFO - [2025-06-12T11:21:43.067+0200] {dag.py:3239} INFO - Sync 1 DAGs
[2025-06-12T11:21:43.070+0200] {logging_mixin.py:190} INFO - [2025-06-12T11:21:43.070+0200] {dag.py:4180} INFO - Setting next_dagrun for example_task_group_decorator to None, run_after=None
[2025-06-12T11:21:43.075+0200] {processor.py:208} INFO - Processing /Users/gordanaristova/MyProjects/MyRpaProject/venv/lib/python3.10/site-packages/airflow/example_dags/example_task_group_decorator.py took 0.051 seconds
[2025-06-12T11:23:08.598+0200] {processor.py:186} INFO - Started process (PID=10124) to work on /Users/gordanaristova/MyProjects/MyRpaProject/venv/lib/python3.10/site-packages/airflow/example_dags/example_task_group_decorator.py
[2025-06-12T11:23:08.599+0200] {processor.py:914} INFO - Processing file /Users/gordanaristova/MyProjects/MyRpaProject/venv/lib/python3.10/site-packages/airflow/example_dags/example_task_group_decorator.py for tasks to queue
[2025-06-12T11:23:08.599+0200] {logging_mixin.py:190} INFO - [2025-06-12T11:23:08.599+0200] {dagbag.py:588} INFO - Filling up the DagBag from /Users/gordanaristova/MyProjects/MyRpaProject/venv/lib/python3.10/site-packages/airflow/example_dags/example_task_group_decorator.py
[2025-06-12T11:23:08.612+0200] {processor.py:925} INFO - DAG(s) 'example_task_group_decorator' retrieved from /Users/gordanaristova/MyProjects/MyRpaProject/venv/lib/python3.10/site-packages/airflow/example_dags/example_task_group_decorator.py
[2025-06-12T11:23:08.643+0200] {logging_mixin.py:190} INFO - [2025-06-12T11:23:08.642+0200] {dag.py:3239} INFO - Sync 1 DAGs
[2025-06-12T11:23:08.646+0200] {logging_mixin.py:190} INFO - [2025-06-12T11:23:08.646+0200] {dag.py:4180} INFO - Setting next_dagrun for example_task_group_decorator to None, run_after=None
[2025-06-12T11:23:08.650+0200] {processor.py:208} INFO - Processing /Users/gordanaristova/MyProjects/MyRpaProject/venv/lib/python3.10/site-packages/airflow/example_dags/example_task_group_decorator.py took 0.053 seconds
[2025-06-12T11:40:58.893+0200] {processor.py:186} INFO - Started process (PID=10406) to work on /Users/gordanaristova/MyProjects/MyRpaProject/venv/lib/python3.10/site-packages/airflow/example_dags/example_task_group_decorator.py
[2025-06-12T11:40:58.894+0200] {processor.py:914} INFO - Processing file /Users/gordanaristova/MyProjects/MyRpaProject/venv/lib/python3.10/site-packages/airflow/example_dags/example_task_group_decorator.py for tasks to queue
[2025-06-12T11:40:58.894+0200] {logging_mixin.py:190} INFO - [2025-06-12T11:40:58.894+0200] {dagbag.py:588} INFO - Filling up the DagBag from /Users/gordanaristova/MyProjects/MyRpaProject/venv/lib/python3.10/site-packages/airflow/example_dags/example_task_group_decorator.py
[2025-06-12T11:40:58.907+0200] {processor.py:925} INFO - DAG(s) 'example_task_group_decorator' retrieved from /Users/gordanaristova/MyProjects/MyRpaProject/venv/lib/python3.10/site-packages/airflow/example_dags/example_task_group_decorator.py
[2025-06-12T11:40:58.935+0200] {logging_mixin.py:190} INFO - [2025-06-12T11:40:58.935+0200] {dag.py:3239} INFO - Sync 1 DAGs
[2025-06-12T11:40:58.938+0200] {logging_mixin.py:190} INFO - [2025-06-12T11:40:58.938+0200] {dag.py:4180} INFO - Setting next_dagrun for example_task_group_decorator to None, run_after=None
[2025-06-12T11:40:58.942+0200] {processor.py:208} INFO - Processing /Users/gordanaristova/MyProjects/MyRpaProject/venv/lib/python3.10/site-packages/airflow/example_dags/example_task_group_decorator.py took 0.050 seconds
[2025-06-12T11:42:23.117+0200] {processor.py:186} INFO - Started process (PID=10491) to work on /Users/gordanaristova/MyProjects/MyRpaProject/venv/lib/python3.10/site-packages/airflow/example_dags/example_task_group_decorator.py
[2025-06-12T11:42:23.117+0200] {processor.py:914} INFO - Processing file /Users/gordanaristova/MyProjects/MyRpaProject/venv/lib/python3.10/site-packages/airflow/example_dags/example_task_group_decorator.py for tasks to queue
[2025-06-12T11:42:23.117+0200] {logging_mixin.py:190} INFO - [2025-06-12T11:42:23.117+0200] {dagbag.py:588} INFO - Filling up the DagBag from /Users/gordanaristova/MyProjects/MyRpaProject/venv/lib/python3.10/site-packages/airflow/example_dags/example_task_group_decorator.py
[2025-06-12T11:42:23.130+0200] {processor.py:925} INFO - DAG(s) 'example_task_group_decorator' retrieved from /Users/gordanaristova/MyProjects/MyRpaProject/venv/lib/python3.10/site-packages/airflow/example_dags/example_task_group_decorator.py
[2025-06-12T11:42:23.159+0200] {logging_mixin.py:190} INFO - [2025-06-12T11:42:23.159+0200] {dag.py:3239} INFO - Sync 1 DAGs
[2025-06-12T11:42:23.162+0200] {logging_mixin.py:190} INFO - [2025-06-12T11:42:23.162+0200] {dag.py:4180} INFO - Setting next_dagrun for example_task_group_decorator to None, run_after=None
[2025-06-12T11:42:23.167+0200] {processor.py:208} INFO - Processing /Users/gordanaristova/MyProjects/MyRpaProject/venv/lib/python3.10/site-packages/airflow/example_dags/example_task_group_decorator.py took 0.051 seconds
[2025-06-12T11:49:46.754+0200] {processor.py:186} INFO - Started process (PID=10627) to work on /Users/gordanaristova/MyProjects/MyRpaProject/venv/lib/python3.10/site-packages/airflow/example_dags/example_task_group_decorator.py
[2025-06-12T11:49:46.755+0200] {processor.py:914} INFO - Processing file /Users/gordanaristova/MyProjects/MyRpaProject/venv/lib/python3.10/site-packages/airflow/example_dags/example_task_group_decorator.py for tasks to queue
[2025-06-12T11:49:46.755+0200] {logging_mixin.py:190} INFO - [2025-06-12T11:49:46.755+0200] {dagbag.py:588} INFO - Filling up the DagBag from /Users/gordanaristova/MyProjects/MyRpaProject/venv/lib/python3.10/site-packages/airflow/example_dags/example_task_group_decorator.py
[2025-06-12T11:49:46.768+0200] {processor.py:925} INFO - DAG(s) 'example_task_group_decorator' retrieved from /Users/gordanaristova/MyProjects/MyRpaProject/venv/lib/python3.10/site-packages/airflow/example_dags/example_task_group_decorator.py
[2025-06-12T11:49:46.796+0200] {logging_mixin.py:190} INFO - [2025-06-12T11:49:46.796+0200] {dag.py:3239} INFO - Sync 1 DAGs
[2025-06-12T11:49:46.799+0200] {logging_mixin.py:190} INFO - [2025-06-12T11:49:46.799+0200] {dag.py:4180} INFO - Setting next_dagrun for example_task_group_decorator to None, run_after=None
[2025-06-12T11:49:46.804+0200] {processor.py:208} INFO - Processing /Users/gordanaristova/MyProjects/MyRpaProject/venv/lib/python3.10/site-packages/airflow/example_dags/example_task_group_decorator.py took 0.050 seconds
[2025-06-12T11:51:13.351+0200] {processor.py:186} INFO - Started process (PID=10712) to work on /Users/gordanaristova/MyProjects/MyRpaProject/venv/lib/python3.10/site-packages/airflow/example_dags/example_task_group_decorator.py
[2025-06-12T11:51:13.352+0200] {processor.py:914} INFO - Processing file /Users/gordanaristova/MyProjects/MyRpaProject/venv/lib/python3.10/site-packages/airflow/example_dags/example_task_group_decorator.py for tasks to queue
[2025-06-12T11:51:13.352+0200] {logging_mixin.py:190} INFO - [2025-06-12T11:51:13.352+0200] {dagbag.py:588} INFO - Filling up the DagBag from /Users/gordanaristova/MyProjects/MyRpaProject/venv/lib/python3.10/site-packages/airflow/example_dags/example_task_group_decorator.py
[2025-06-12T11:51:13.365+0200] {processor.py:925} INFO - DAG(s) 'example_task_group_decorator' retrieved from /Users/gordanaristova/MyProjects/MyRpaProject/venv/lib/python3.10/site-packages/airflow/example_dags/example_task_group_decorator.py
[2025-06-12T11:51:13.395+0200] {logging_mixin.py:190} INFO - [2025-06-12T11:51:13.395+0200] {dag.py:3239} INFO - Sync 1 DAGs
[2025-06-12T11:51:13.398+0200] {logging_mixin.py:190} INFO - [2025-06-12T11:51:13.398+0200] {dag.py:4180} INFO - Setting next_dagrun for example_task_group_decorator to None, run_after=None
[2025-06-12T11:51:13.403+0200] {processor.py:208} INFO - Processing /Users/gordanaristova/MyProjects/MyRpaProject/venv/lib/python3.10/site-packages/airflow/example_dags/example_task_group_decorator.py took 0.053 seconds
[2025-06-12T11:53:00.293+0200] {processor.py:186} INFO - Started process (PID=10824) to work on /Users/gordanaristova/MyProjects/MyRpaProject/venv/lib/python3.10/site-packages/airflow/example_dags/example_task_group_decorator.py
[2025-06-12T11:53:00.294+0200] {processor.py:914} INFO - Processing file /Users/gordanaristova/MyProjects/MyRpaProject/venv/lib/python3.10/site-packages/airflow/example_dags/example_task_group_decorator.py for tasks to queue
[2025-06-12T11:53:00.294+0200] {logging_mixin.py:190} INFO - [2025-06-12T11:53:00.294+0200] {dagbag.py:588} INFO - Filling up the DagBag from /Users/gordanaristova/MyProjects/MyRpaProject/venv/lib/python3.10/site-packages/airflow/example_dags/example_task_group_decorator.py
[2025-06-12T11:53:00.307+0200] {processor.py:925} INFO - DAG(s) 'example_task_group_decorator' retrieved from /Users/gordanaristova/MyProjects/MyRpaProject/venv/lib/python3.10/site-packages/airflow/example_dags/example_task_group_decorator.py
[2025-06-12T11:53:00.338+0200] {logging_mixin.py:190} INFO - [2025-06-12T11:53:00.337+0200] {dag.py:3239} INFO - Sync 1 DAGs
[2025-06-12T11:53:00.340+0200] {logging_mixin.py:190} INFO - [2025-06-12T11:53:00.340+0200] {dag.py:4180} INFO - Setting next_dagrun for example_task_group_decorator to None, run_after=None
[2025-06-12T11:53:00.345+0200] {processor.py:208} INFO - Processing /Users/gordanaristova/MyProjects/MyRpaProject/venv/lib/python3.10/site-packages/airflow/example_dags/example_task_group_decorator.py took 0.053 seconds
[2025-06-12T11:54:49.340+0200] {processor.py:186} INFO - Started process (PID=10912) to work on /Users/gordanaristova/MyProjects/MyRpaProject/venv/lib/python3.10/site-packages/airflow/example_dags/example_task_group_decorator.py
[2025-06-12T11:54:49.342+0200] {processor.py:914} INFO - Processing file /Users/gordanaristova/MyProjects/MyRpaProject/venv/lib/python3.10/site-packages/airflow/example_dags/example_task_group_decorator.py for tasks to queue
[2025-06-12T11:54:49.342+0200] {logging_mixin.py:190} INFO - [2025-06-12T11:54:49.342+0200] {dagbag.py:588} INFO - Filling up the DagBag from /Users/gordanaristova/MyProjects/MyRpaProject/venv/lib/python3.10/site-packages/airflow/example_dags/example_task_group_decorator.py
[2025-06-12T11:54:49.355+0200] {processor.py:925} INFO - DAG(s) 'example_task_group_decorator' retrieved from /Users/gordanaristova/MyProjects/MyRpaProject/venv/lib/python3.10/site-packages/airflow/example_dags/example_task_group_decorator.py
[2025-06-12T11:54:49.384+0200] {logging_mixin.py:190} INFO - [2025-06-12T11:54:49.384+0200] {dag.py:3239} INFO - Sync 1 DAGs
[2025-06-12T11:54:49.386+0200] {logging_mixin.py:190} INFO - [2025-06-12T11:54:49.386+0200] {dag.py:4180} INFO - Setting next_dagrun for example_task_group_decorator to None, run_after=None
[2025-06-12T11:54:49.391+0200] {processor.py:208} INFO - Processing /Users/gordanaristova/MyProjects/MyRpaProject/venv/lib/python3.10/site-packages/airflow/example_dags/example_task_group_decorator.py took 0.052 seconds
[2025-06-12T11:56:37.975+0200] {processor.py:186} INFO - Started process (PID=11024) to work on /Users/gordanaristova/MyProjects/MyRpaProject/venv/lib/python3.10/site-packages/airflow/example_dags/example_task_group_decorator.py
[2025-06-12T11:56:37.976+0200] {processor.py:914} INFO - Processing file /Users/gordanaristova/MyProjects/MyRpaProject/venv/lib/python3.10/site-packages/airflow/example_dags/example_task_group_decorator.py for tasks to queue
[2025-06-12T11:56:37.976+0200] {logging_mixin.py:190} INFO - [2025-06-12T11:56:37.976+0200] {dagbag.py:588} INFO - Filling up the DagBag from /Users/gordanaristova/MyProjects/MyRpaProject/venv/lib/python3.10/site-packages/airflow/example_dags/example_task_group_decorator.py
[2025-06-12T11:56:37.989+0200] {processor.py:925} INFO - DAG(s) 'example_task_group_decorator' retrieved from /Users/gordanaristova/MyProjects/MyRpaProject/venv/lib/python3.10/site-packages/airflow/example_dags/example_task_group_decorator.py
[2025-06-12T11:56:38.018+0200] {logging_mixin.py:190} INFO - [2025-06-12T11:56:38.018+0200] {dag.py:3239} INFO - Sync 1 DAGs
[2025-06-12T11:56:38.021+0200] {logging_mixin.py:190} INFO - [2025-06-12T11:56:38.021+0200] {dag.py:4180} INFO - Setting next_dagrun for example_task_group_decorator to None, run_after=None
[2025-06-12T11:56:38.026+0200] {processor.py:208} INFO - Processing /Users/gordanaristova/MyProjects/MyRpaProject/venv/lib/python3.10/site-packages/airflow/example_dags/example_task_group_decorator.py took 0.052 seconds
[2025-06-12T13:14:33.495+0200] {processor.py:186} INFO - Started process (PID=12998) to work on /Users/gordanaristova/MyProjects/MyRpaProject/venv/lib/python3.10/site-packages/airflow/example_dags/example_task_group_decorator.py
[2025-06-12T13:14:33.496+0200] {processor.py:914} INFO - Processing file /Users/gordanaristova/MyProjects/MyRpaProject/venv/lib/python3.10/site-packages/airflow/example_dags/example_task_group_decorator.py for tasks to queue
[2025-06-12T13:14:33.496+0200] {logging_mixin.py:190} INFO - [2025-06-12T13:14:33.496+0200] {dagbag.py:588} INFO - Filling up the DagBag from /Users/gordanaristova/MyProjects/MyRpaProject/venv/lib/python3.10/site-packages/airflow/example_dags/example_task_group_decorator.py
[2025-06-12T13:14:33.510+0200] {processor.py:925} INFO - DAG(s) 'example_task_group_decorator' retrieved from /Users/gordanaristova/MyProjects/MyRpaProject/venv/lib/python3.10/site-packages/airflow/example_dags/example_task_group_decorator.py
[2025-06-12T13:14:33.542+0200] {logging_mixin.py:190} INFO - [2025-06-12T13:14:33.542+0200] {dag.py:3239} INFO - Sync 1 DAGs
[2025-06-12T13:14:33.545+0200] {logging_mixin.py:190} INFO - [2025-06-12T13:14:33.545+0200] {dag.py:4180} INFO - Setting next_dagrun for example_task_group_decorator to None, run_after=None
[2025-06-12T13:14:33.550+0200] {processor.py:208} INFO - Processing /Users/gordanaristova/MyProjects/MyRpaProject/venv/lib/python3.10/site-packages/airflow/example_dags/example_task_group_decorator.py took 0.056 seconds
[2025-06-12T13:16:05.354+0200] {processor.py:186} INFO - Started process (PID=13087) to work on /Users/gordanaristova/MyProjects/MyRpaProject/venv/lib/python3.10/site-packages/airflow/example_dags/example_task_group_decorator.py
[2025-06-12T13:16:05.355+0200] {processor.py:914} INFO - Processing file /Users/gordanaristova/MyProjects/MyRpaProject/venv/lib/python3.10/site-packages/airflow/example_dags/example_task_group_decorator.py for tasks to queue
[2025-06-12T13:16:05.355+0200] {logging_mixin.py:190} INFO - [2025-06-12T13:16:05.355+0200] {dagbag.py:588} INFO - Filling up the DagBag from /Users/gordanaristova/MyProjects/MyRpaProject/venv/lib/python3.10/site-packages/airflow/example_dags/example_task_group_decorator.py
[2025-06-12T13:16:05.369+0200] {processor.py:925} INFO - DAG(s) 'example_task_group_decorator' retrieved from /Users/gordanaristova/MyProjects/MyRpaProject/venv/lib/python3.10/site-packages/airflow/example_dags/example_task_group_decorator.py
[2025-06-12T13:16:05.400+0200] {logging_mixin.py:190} INFO - [2025-06-12T13:16:05.400+0200] {dag.py:3239} INFO - Sync 1 DAGs
[2025-06-12T13:16:05.403+0200] {logging_mixin.py:190} INFO - [2025-06-12T13:16:05.403+0200] {dag.py:4180} INFO - Setting next_dagrun for example_task_group_decorator to None, run_after=None
[2025-06-12T13:16:05.407+0200] {processor.py:208} INFO - Processing /Users/gordanaristova/MyProjects/MyRpaProject/venv/lib/python3.10/site-packages/airflow/example_dags/example_task_group_decorator.py took 0.054 seconds
[2025-06-12T18:42:15.286+0200] {processor.py:186} INFO - Started process (PID=15653) to work on /Users/gordanaristova/MyProjects/MyRpaProject/venv/lib/python3.10/site-packages/airflow/example_dags/example_task_group_decorator.py
[2025-06-12T18:42:15.287+0200] {processor.py:914} INFO - Processing file /Users/gordanaristova/MyProjects/MyRpaProject/venv/lib/python3.10/site-packages/airflow/example_dags/example_task_group_decorator.py for tasks to queue
[2025-06-12T18:42:15.287+0200] {logging_mixin.py:190} INFO - [2025-06-12T18:42:15.287+0200] {dagbag.py:588} INFO - Filling up the DagBag from /Users/gordanaristova/MyProjects/MyRpaProject/venv/lib/python3.10/site-packages/airflow/example_dags/example_task_group_decorator.py
[2025-06-12T18:42:15.302+0200] {processor.py:925} INFO - DAG(s) 'example_task_group_decorator' retrieved from /Users/gordanaristova/MyProjects/MyRpaProject/venv/lib/python3.10/site-packages/airflow/example_dags/example_task_group_decorator.py
[2025-06-12T18:42:15.335+0200] {logging_mixin.py:190} INFO - [2025-06-12T18:42:15.335+0200] {dag.py:3239} INFO - Sync 1 DAGs
[2025-06-12T18:42:15.339+0200] {logging_mixin.py:190} INFO - [2025-06-12T18:42:15.339+0200] {dag.py:4180} INFO - Setting next_dagrun for example_task_group_decorator to None, run_after=None
[2025-06-12T18:42:15.344+0200] {processor.py:208} INFO - Processing /Users/gordanaristova/MyProjects/MyRpaProject/venv/lib/python3.10/site-packages/airflow/example_dags/example_task_group_decorator.py took 0.059 seconds
[2025-06-12T18:51:58.954+0200] {processor.py:186} INFO - Started process (PID=15881) to work on /Users/gordanaristova/MyProjects/MyRpaProject/venv/lib/python3.10/site-packages/airflow/example_dags/example_task_group_decorator.py
[2025-06-12T18:51:58.954+0200] {processor.py:914} INFO - Processing file /Users/gordanaristova/MyProjects/MyRpaProject/venv/lib/python3.10/site-packages/airflow/example_dags/example_task_group_decorator.py for tasks to queue
[2025-06-12T18:51:58.955+0200] {logging_mixin.py:190} INFO - [2025-06-12T18:51:58.955+0200] {dagbag.py:588} INFO - Filling up the DagBag from /Users/gordanaristova/MyProjects/MyRpaProject/venv/lib/python3.10/site-packages/airflow/example_dags/example_task_group_decorator.py
[2025-06-12T18:51:58.969+0200] {processor.py:925} INFO - DAG(s) 'example_task_group_decorator' retrieved from /Users/gordanaristova/MyProjects/MyRpaProject/venv/lib/python3.10/site-packages/airflow/example_dags/example_task_group_decorator.py
[2025-06-12T18:51:59.000+0200] {logging_mixin.py:190} INFO - [2025-06-12T18:51:59.000+0200] {dag.py:3239} INFO - Sync 1 DAGs
[2025-06-12T18:51:59.004+0200] {logging_mixin.py:190} INFO - [2025-06-12T18:51:59.003+0200] {dag.py:4180} INFO - Setting next_dagrun for example_task_group_decorator to None, run_after=None
[2025-06-12T18:51:59.008+0200] {processor.py:208} INFO - Processing /Users/gordanaristova/MyProjects/MyRpaProject/venv/lib/python3.10/site-packages/airflow/example_dags/example_task_group_decorator.py took 0.056 seconds
[2025-06-12T18:55:10.869+0200] {processor.py:186} INFO - Started process (PID=15971) to work on /Users/gordanaristova/MyProjects/MyRpaProject/venv/lib/python3.10/site-packages/airflow/example_dags/example_task_group_decorator.py
[2025-06-12T18:55:10.870+0200] {processor.py:914} INFO - Processing file /Users/gordanaristova/MyProjects/MyRpaProject/venv/lib/python3.10/site-packages/airflow/example_dags/example_task_group_decorator.py for tasks to queue
[2025-06-12T18:55:10.870+0200] {logging_mixin.py:190} INFO - [2025-06-12T18:55:10.870+0200] {dagbag.py:588} INFO - Filling up the DagBag from /Users/gordanaristova/MyProjects/MyRpaProject/venv/lib/python3.10/site-packages/airflow/example_dags/example_task_group_decorator.py
[2025-06-12T18:55:10.884+0200] {processor.py:925} INFO - DAG(s) 'example_task_group_decorator' retrieved from /Users/gordanaristova/MyProjects/MyRpaProject/venv/lib/python3.10/site-packages/airflow/example_dags/example_task_group_decorator.py
[2025-06-12T18:55:10.915+0200] {logging_mixin.py:190} INFO - [2025-06-12T18:55:10.915+0200] {dag.py:3239} INFO - Sync 1 DAGs
[2025-06-12T18:55:10.918+0200] {logging_mixin.py:190} INFO - [2025-06-12T18:55:10.918+0200] {dag.py:4180} INFO - Setting next_dagrun for example_task_group_decorator to None, run_after=None
[2025-06-12T18:55:10.923+0200] {processor.py:208} INFO - Processing /Users/gordanaristova/MyProjects/MyRpaProject/venv/lib/python3.10/site-packages/airflow/example_dags/example_task_group_decorator.py took 0.055 seconds
[2025-06-12T19:00:18.299+0200] {processor.py:186} INFO - Started process (PID=16108) to work on /Users/gordanaristova/MyProjects/MyRpaProject/venv/lib/python3.10/site-packages/airflow/example_dags/example_task_group_decorator.py
[2025-06-12T19:00:18.299+0200] {processor.py:914} INFO - Processing file /Users/gordanaristova/MyProjects/MyRpaProject/venv/lib/python3.10/site-packages/airflow/example_dags/example_task_group_decorator.py for tasks to queue
[2025-06-12T19:00:18.300+0200] {logging_mixin.py:190} INFO - [2025-06-12T19:00:18.300+0200] {dagbag.py:588} INFO - Filling up the DagBag from /Users/gordanaristova/MyProjects/MyRpaProject/venv/lib/python3.10/site-packages/airflow/example_dags/example_task_group_decorator.py
[2025-06-12T19:00:18.315+0200] {processor.py:925} INFO - DAG(s) 'example_task_group_decorator' retrieved from /Users/gordanaristova/MyProjects/MyRpaProject/venv/lib/python3.10/site-packages/airflow/example_dags/example_task_group_decorator.py
[2025-06-12T19:00:18.346+0200] {logging_mixin.py:190} INFO - [2025-06-12T19:00:18.346+0200] {dag.py:3239} INFO - Sync 1 DAGs
[2025-06-12T19:00:18.350+0200] {logging_mixin.py:190} INFO - [2025-06-12T19:00:18.350+0200] {dag.py:4180} INFO - Setting next_dagrun for example_task_group_decorator to None, run_after=None
[2025-06-12T19:00:18.354+0200] {processor.py:208} INFO - Processing /Users/gordanaristova/MyProjects/MyRpaProject/venv/lib/python3.10/site-packages/airflow/example_dags/example_task_group_decorator.py took 0.056 seconds
[2025-06-12T19:03:59.972+0200] {processor.py:186} INFO - Started process (PID=16250) to work on /Users/gordanaristova/MyProjects/MyRpaProject/venv/lib/python3.10/site-packages/airflow/example_dags/example_task_group_decorator.py
[2025-06-12T19:03:59.973+0200] {processor.py:914} INFO - Processing file /Users/gordanaristova/MyProjects/MyRpaProject/venv/lib/python3.10/site-packages/airflow/example_dags/example_task_group_decorator.py for tasks to queue
[2025-06-12T19:03:59.973+0200] {logging_mixin.py:190} INFO - [2025-06-12T19:03:59.973+0200] {dagbag.py:588} INFO - Filling up the DagBag from /Users/gordanaristova/MyProjects/MyRpaProject/venv/lib/python3.10/site-packages/airflow/example_dags/example_task_group_decorator.py
[2025-06-12T19:03:59.987+0200] {processor.py:925} INFO - DAG(s) 'example_task_group_decorator' retrieved from /Users/gordanaristova/MyProjects/MyRpaProject/venv/lib/python3.10/site-packages/airflow/example_dags/example_task_group_decorator.py
[2025-06-12T19:04:00.019+0200] {logging_mixin.py:190} INFO - [2025-06-12T19:04:00.019+0200] {dag.py:3239} INFO - Sync 1 DAGs
[2025-06-12T19:04:00.022+0200] {logging_mixin.py:190} INFO - [2025-06-12T19:04:00.022+0200] {dag.py:4180} INFO - Setting next_dagrun for example_task_group_decorator to None, run_after=None
[2025-06-12T19:04:00.027+0200] {processor.py:208} INFO - Processing /Users/gordanaristova/MyProjects/MyRpaProject/venv/lib/python3.10/site-packages/airflow/example_dags/example_task_group_decorator.py took 0.056 seconds
[2025-06-12T19:10:56.294+0200] {processor.py:186} INFO - Started process (PID=16438) to work on /Users/gordanaristova/MyProjects/MyRpaProject/venv/lib/python3.10/site-packages/airflow/example_dags/example_task_group_decorator.py
[2025-06-12T19:10:56.295+0200] {processor.py:914} INFO - Processing file /Users/gordanaristova/MyProjects/MyRpaProject/venv/lib/python3.10/site-packages/airflow/example_dags/example_task_group_decorator.py for tasks to queue
[2025-06-12T19:10:56.295+0200] {logging_mixin.py:190} INFO - [2025-06-12T19:10:56.295+0200] {dagbag.py:588} INFO - Filling up the DagBag from /Users/gordanaristova/MyProjects/MyRpaProject/venv/lib/python3.10/site-packages/airflow/example_dags/example_task_group_decorator.py
[2025-06-12T19:10:56.309+0200] {processor.py:925} INFO - DAG(s) 'example_task_group_decorator' retrieved from /Users/gordanaristova/MyProjects/MyRpaProject/venv/lib/python3.10/site-packages/airflow/example_dags/example_task_group_decorator.py
[2025-06-12T19:10:56.341+0200] {logging_mixin.py:190} INFO - [2025-06-12T19:10:56.340+0200] {dag.py:3239} INFO - Sync 1 DAGs
[2025-06-12T19:10:56.344+0200] {logging_mixin.py:190} INFO - [2025-06-12T19:10:56.344+0200] {dag.py:4180} INFO - Setting next_dagrun for example_task_group_decorator to None, run_after=None
[2025-06-12T19:10:56.349+0200] {processor.py:208} INFO - Processing /Users/gordanaristova/MyProjects/MyRpaProject/venv/lib/python3.10/site-packages/airflow/example_dags/example_task_group_decorator.py took 0.056 seconds
[2025-06-12T19:13:58.515+0200] {processor.py:186} INFO - Started process (PID=16633) to work on /Users/gordanaristova/MyProjects/MyRpaProject/venv/lib/python3.10/site-packages/airflow/example_dags/example_task_group_decorator.py
[2025-06-12T19:13:58.516+0200] {processor.py:914} INFO - Processing file /Users/gordanaristova/MyProjects/MyRpaProject/venv/lib/python3.10/site-packages/airflow/example_dags/example_task_group_decorator.py for tasks to queue
[2025-06-12T19:13:58.516+0200] {logging_mixin.py:190} INFO - [2025-06-12T19:13:58.516+0200] {dagbag.py:588} INFO - Filling up the DagBag from /Users/gordanaristova/MyProjects/MyRpaProject/venv/lib/python3.10/site-packages/airflow/example_dags/example_task_group_decorator.py
[2025-06-12T19:13:58.530+0200] {processor.py:925} INFO - DAG(s) 'example_task_group_decorator' retrieved from /Users/gordanaristova/MyProjects/MyRpaProject/venv/lib/python3.10/site-packages/airflow/example_dags/example_task_group_decorator.py
[2025-06-12T19:13:58.562+0200] {logging_mixin.py:190} INFO - [2025-06-12T19:13:58.562+0200] {dag.py:3239} INFO - Sync 1 DAGs
[2025-06-12T19:13:58.565+0200] {logging_mixin.py:190} INFO - [2025-06-12T19:13:58.565+0200] {dag.py:4180} INFO - Setting next_dagrun for example_task_group_decorator to None, run_after=None
[2025-06-12T19:13:58.569+0200] {processor.py:208} INFO - Processing /Users/gordanaristova/MyProjects/MyRpaProject/venv/lib/python3.10/site-packages/airflow/example_dags/example_task_group_decorator.py took 0.055 seconds
