[2025-06-12T10:37:06.899+0200] {processor.py:186} INFO - Started process (PID=8442) to work on /Users/gordanaristova/MyProjects/MyRpaProject/venv/lib/python3.10/site-packages/airflow/example_dags/example_nested_branch_dag.py
[2025-06-12T10:37:06.900+0200] {processor.py:914} INFO - Processing file /Users/gordanaristova/MyProjects/MyRpaProject/venv/lib/python3.10/site-packages/airflow/example_dags/example_nested_branch_dag.py for tasks to queue
[2025-06-12T10:37:06.900+0200] {logging_mixin.py:190} INFO - [2025-06-12T10:37:06.900+0200] {dagbag.py:588} INFO - Filling up the DagBag from /Users/gordanaristova/MyProjects/MyRpaProject/venv/lib/python3.10/site-packages/airflow/example_dags/example_nested_branch_dag.py
[2025-06-12T10:37:06.912+0200] {processor.py:925} INFO - DAG(s) 'example_nested_branch_dag' retrieved from /Users/gordanaristova/MyProjects/MyRpaProject/venv/lib/python3.10/site-packages/airflow/example_dags/example_nested_branch_dag.py
[2025-06-12T10:37:06.959+0200] {logging_mixin.py:190} INFO - [2025-06-12T10:37:06.959+0200] {override.py:1900} INFO - Created Permission View: can edit on DAG:example_nested_branch_dag
[2025-06-12T10:37:06.961+0200] {logging_mixin.py:190} INFO - [2025-06-12T10:37:06.961+0200] {override.py:1900} INFO - Created Permission View: can delete on DAG:example_nested_branch_dag
[2025-06-12T10:37:06.963+0200] {logging_mixin.py:190} INFO - [2025-06-12T10:37:06.963+0200] {override.py:1900} INFO - Created Permission View: can read on DAG:example_nested_branch_dag
[2025-06-12T10:37:06.965+0200] {logging_mixin.py:190} INFO - [2025-06-12T10:37:06.965+0200] {override.py:1900} INFO - Created Permission View: menu access on DAG Run:example_nested_branch_dag
[2025-06-12T10:37:06.967+0200] {logging_mixin.py:190} INFO - [2025-06-12T10:37:06.967+0200] {override.py:1900} INFO - Created Permission View: can create on DAG Run:example_nested_branch_dag
[2025-06-12T10:37:06.968+0200] {logging_mixin.py:190} INFO - [2025-06-12T10:37:06.968+0200] {override.py:1900} INFO - Created Permission View: can delete on DAG Run:example_nested_branch_dag
[2025-06-12T10:37:06.969+0200] {logging_mixin.py:190} INFO - [2025-06-12T10:37:06.969+0200] {override.py:1900} INFO - Created Permission View: can read on DAG Run:example_nested_branch_dag
[2025-06-12T10:37:06.969+0200] {logging_mixin.py:190} INFO - [2025-06-12T10:37:06.969+0200] {dag.py:3239} INFO - Sync 1 DAGs
[2025-06-12T10:37:06.972+0200] {logging_mixin.py:190} INFO - [2025-06-12T10:37:06.972+0200] {dag.py:3262} INFO - Creating ORM DAG for example_nested_branch_dag
[2025-06-12T10:37:06.975+0200] {logging_mixin.py:190} INFO - [2025-06-12T10:37:06.975+0200] {dag.py:4180} INFO - Setting next_dagrun for example_nested_branch_dag to 2025-06-11 00:00:00+00:00, run_after=2025-06-12 00:00:00+00:00
[2025-06-12T10:37:06.979+0200] {processor.py:208} INFO - Processing /Users/gordanaristova/MyProjects/MyRpaProject/venv/lib/python3.10/site-packages/airflow/example_dags/example_nested_branch_dag.py took 0.081 seconds
[2025-06-12T10:38:32.240+0200] {processor.py:186} INFO - Started process (PID=8516) to work on /Users/gordanaristova/MyProjects/MyRpaProject/venv/lib/python3.10/site-packages/airflow/example_dags/example_nested_branch_dag.py
[2025-06-12T10:38:32.241+0200] {processor.py:914} INFO - Processing file /Users/gordanaristova/MyProjects/MyRpaProject/venv/lib/python3.10/site-packages/airflow/example_dags/example_nested_branch_dag.py for tasks to queue
[2025-06-12T10:38:32.241+0200] {logging_mixin.py:190} INFO - [2025-06-12T10:38:32.241+0200] {dagbag.py:588} INFO - Filling up the DagBag from /Users/gordanaristova/MyProjects/MyRpaProject/venv/lib/python3.10/site-packages/airflow/example_dags/example_nested_branch_dag.py
[2025-06-12T10:38:32.253+0200] {processor.py:925} INFO - DAG(s) 'example_nested_branch_dag' retrieved from /Users/gordanaristova/MyProjects/MyRpaProject/venv/lib/python3.10/site-packages/airflow/example_dags/example_nested_branch_dag.py
[2025-06-12T10:38:32.281+0200] {logging_mixin.py:190} INFO - [2025-06-12T10:38:32.281+0200] {dag.py:3239} INFO - Sync 1 DAGs
[2025-06-12T10:38:32.286+0200] {logging_mixin.py:190} INFO - [2025-06-12T10:38:32.286+0200] {dag.py:4180} INFO - Setting next_dagrun for example_nested_branch_dag to 2025-06-11 00:00:00+00:00, run_after=2025-06-12 00:00:00+00:00
[2025-06-12T10:38:32.290+0200] {processor.py:208} INFO - Processing /Users/gordanaristova/MyProjects/MyRpaProject/venv/lib/python3.10/site-packages/airflow/example_dags/example_nested_branch_dag.py took 0.051 seconds
[2025-06-12T10:40:14.845+0200] {processor.py:186} INFO - Started process (PID=8600) to work on /Users/gordanaristova/MyProjects/MyRpaProject/venv/lib/python3.10/site-packages/airflow/example_dags/example_nested_branch_dag.py
[2025-06-12T10:40:14.846+0200] {processor.py:914} INFO - Processing file /Users/gordanaristova/MyProjects/MyRpaProject/venv/lib/python3.10/site-packages/airflow/example_dags/example_nested_branch_dag.py for tasks to queue
[2025-06-12T10:40:14.846+0200] {logging_mixin.py:190} INFO - [2025-06-12T10:40:14.846+0200] {dagbag.py:588} INFO - Filling up the DagBag from /Users/gordanaristova/MyProjects/MyRpaProject/venv/lib/python3.10/site-packages/airflow/example_dags/example_nested_branch_dag.py
[2025-06-12T10:40:14.858+0200] {processor.py:925} INFO - DAG(s) 'example_nested_branch_dag' retrieved from /Users/gordanaristova/MyProjects/MyRpaProject/venv/lib/python3.10/site-packages/airflow/example_dags/example_nested_branch_dag.py
[2025-06-12T10:40:14.887+0200] {logging_mixin.py:190} INFO - [2025-06-12T10:40:14.886+0200] {dag.py:3239} INFO - Sync 1 DAGs
[2025-06-12T10:40:14.892+0200] {logging_mixin.py:190} INFO - [2025-06-12T10:40:14.892+0200] {dag.py:4180} INFO - Setting next_dagrun for example_nested_branch_dag to 2025-06-11 00:00:00+00:00, run_after=2025-06-12 00:00:00+00:00
[2025-06-12T10:40:14.896+0200] {processor.py:208} INFO - Processing /Users/gordanaristova/MyProjects/MyRpaProject/venv/lib/python3.10/site-packages/airflow/example_dags/example_nested_branch_dag.py took 0.052 seconds
[2025-06-12T10:41:59.661+0200] {processor.py:186} INFO - Started process (PID=8689) to work on /Users/gordanaristova/MyProjects/MyRpaProject/venv/lib/python3.10/site-packages/airflow/example_dags/example_nested_branch_dag.py
[2025-06-12T10:41:59.662+0200] {processor.py:914} INFO - Processing file /Users/gordanaristova/MyProjects/MyRpaProject/venv/lib/python3.10/site-packages/airflow/example_dags/example_nested_branch_dag.py for tasks to queue
[2025-06-12T10:41:59.663+0200] {logging_mixin.py:190} INFO - [2025-06-12T10:41:59.662+0200] {dagbag.py:588} INFO - Filling up the DagBag from /Users/gordanaristova/MyProjects/MyRpaProject/venv/lib/python3.10/site-packages/airflow/example_dags/example_nested_branch_dag.py
[2025-06-12T10:41:59.674+0200] {processor.py:925} INFO - DAG(s) 'example_nested_branch_dag' retrieved from /Users/gordanaristova/MyProjects/MyRpaProject/venv/lib/python3.10/site-packages/airflow/example_dags/example_nested_branch_dag.py
[2025-06-12T10:41:59.703+0200] {logging_mixin.py:190} INFO - [2025-06-12T10:41:59.703+0200] {dag.py:3239} INFO - Sync 1 DAGs
[2025-06-12T10:41:59.708+0200] {logging_mixin.py:190} INFO - [2025-06-12T10:41:59.708+0200] {dag.py:4180} INFO - Setting next_dagrun for example_nested_branch_dag to 2025-06-11 00:00:00+00:00, run_after=2025-06-12 00:00:00+00:00
[2025-06-12T10:41:59.713+0200] {processor.py:208} INFO - Processing /Users/gordanaristova/MyProjects/MyRpaProject/venv/lib/python3.10/site-packages/airflow/example_dags/example_nested_branch_dag.py took 0.052 seconds
[2025-06-12T10:43:47.922+0200] {processor.py:186} INFO - Started process (PID=8839) to work on /Users/gordanaristova/MyProjects/MyRpaProject/venv/lib/python3.10/site-packages/airflow/example_dags/example_nested_branch_dag.py
[2025-06-12T10:43:47.923+0200] {processor.py:914} INFO - Processing file /Users/gordanaristova/MyProjects/MyRpaProject/venv/lib/python3.10/site-packages/airflow/example_dags/example_nested_branch_dag.py for tasks to queue
[2025-06-12T10:43:47.923+0200] {logging_mixin.py:190} INFO - [2025-06-12T10:43:47.923+0200] {dagbag.py:588} INFO - Filling up the DagBag from /Users/gordanaristova/MyProjects/MyRpaProject/venv/lib/python3.10/site-packages/airflow/example_dags/example_nested_branch_dag.py
[2025-06-12T10:43:47.935+0200] {processor.py:925} INFO - DAG(s) 'example_nested_branch_dag' retrieved from /Users/gordanaristova/MyProjects/MyRpaProject/venv/lib/python3.10/site-packages/airflow/example_dags/example_nested_branch_dag.py
[2025-06-12T10:43:47.964+0200] {logging_mixin.py:190} INFO - [2025-06-12T10:43:47.963+0200] {dag.py:3239} INFO - Sync 1 DAGs
[2025-06-12T10:43:47.969+0200] {logging_mixin.py:190} INFO - [2025-06-12T10:43:47.969+0200] {dag.py:4180} INFO - Setting next_dagrun for example_nested_branch_dag to 2025-06-11 00:00:00+00:00, run_after=2025-06-12 00:00:00+00:00
[2025-06-12T10:43:47.973+0200] {processor.py:208} INFO - Processing /Users/gordanaristova/MyProjects/MyRpaProject/venv/lib/python3.10/site-packages/airflow/example_dags/example_nested_branch_dag.py took 0.052 seconds
[2025-06-12T10:45:33.973+0200] {processor.py:186} INFO - Started process (PID=8923) to work on /Users/gordanaristova/MyProjects/MyRpaProject/venv/lib/python3.10/site-packages/airflow/example_dags/example_nested_branch_dag.py
[2025-06-12T10:45:33.974+0200] {processor.py:914} INFO - Processing file /Users/gordanaristova/MyProjects/MyRpaProject/venv/lib/python3.10/site-packages/airflow/example_dags/example_nested_branch_dag.py for tasks to queue
[2025-06-12T10:45:33.974+0200] {logging_mixin.py:190} INFO - [2025-06-12T10:45:33.974+0200] {dagbag.py:588} INFO - Filling up the DagBag from /Users/gordanaristova/MyProjects/MyRpaProject/venv/lib/python3.10/site-packages/airflow/example_dags/example_nested_branch_dag.py
[2025-06-12T10:45:33.986+0200] {processor.py:925} INFO - DAG(s) 'example_nested_branch_dag' retrieved from /Users/gordanaristova/MyProjects/MyRpaProject/venv/lib/python3.10/site-packages/airflow/example_dags/example_nested_branch_dag.py
[2025-06-12T10:45:34.015+0200] {logging_mixin.py:190} INFO - [2025-06-12T10:45:34.015+0200] {dag.py:3239} INFO - Sync 1 DAGs
[2025-06-12T10:45:34.020+0200] {logging_mixin.py:190} INFO - [2025-06-12T10:45:34.020+0200] {dag.py:4180} INFO - Setting next_dagrun for example_nested_branch_dag to 2025-06-11 00:00:00+00:00, run_after=2025-06-12 00:00:00+00:00
[2025-06-12T10:45:34.024+0200] {processor.py:208} INFO - Processing /Users/gordanaristova/MyProjects/MyRpaProject/venv/lib/python3.10/site-packages/airflow/example_dags/example_nested_branch_dag.py took 0.053 seconds
[2025-06-12T10:47:18.694+0200] {processor.py:186} INFO - Started process (PID=9044) to work on /Users/gordanaristova/MyProjects/MyRpaProject/venv/lib/python3.10/site-packages/airflow/example_dags/example_nested_branch_dag.py
[2025-06-12T10:47:18.695+0200] {processor.py:914} INFO - Processing file /Users/gordanaristova/MyProjects/MyRpaProject/venv/lib/python3.10/site-packages/airflow/example_dags/example_nested_branch_dag.py for tasks to queue
[2025-06-12T10:47:18.695+0200] {logging_mixin.py:190} INFO - [2025-06-12T10:47:18.695+0200] {dagbag.py:588} INFO - Filling up the DagBag from /Users/gordanaristova/MyProjects/MyRpaProject/venv/lib/python3.10/site-packages/airflow/example_dags/example_nested_branch_dag.py
[2025-06-12T10:47:18.708+0200] {processor.py:925} INFO - DAG(s) 'example_nested_branch_dag' retrieved from /Users/gordanaristova/MyProjects/MyRpaProject/venv/lib/python3.10/site-packages/airflow/example_dags/example_nested_branch_dag.py
[2025-06-12T10:47:18.736+0200] {logging_mixin.py:190} INFO - [2025-06-12T10:47:18.736+0200] {dag.py:3239} INFO - Sync 1 DAGs
[2025-06-12T10:47:18.741+0200] {logging_mixin.py:190} INFO - [2025-06-12T10:47:18.741+0200] {dag.py:4180} INFO - Setting next_dagrun for example_nested_branch_dag to 2025-06-11 00:00:00+00:00, run_after=2025-06-12 00:00:00+00:00
[2025-06-12T10:47:18.745+0200] {processor.py:208} INFO - Processing /Users/gordanaristova/MyProjects/MyRpaProject/venv/lib/python3.10/site-packages/airflow/example_dags/example_nested_branch_dag.py took 0.052 seconds
[2025-06-12T10:49:12.364+0200] {processor.py:186} INFO - Started process (PID=9193) to work on /Users/gordanaristova/MyProjects/MyRpaProject/venv/lib/python3.10/site-packages/airflow/example_dags/example_nested_branch_dag.py
[2025-06-12T10:49:12.365+0200] {processor.py:914} INFO - Processing file /Users/gordanaristova/MyProjects/MyRpaProject/venv/lib/python3.10/site-packages/airflow/example_dags/example_nested_branch_dag.py for tasks to queue
[2025-06-12T10:49:12.365+0200] {logging_mixin.py:190} INFO - [2025-06-12T10:49:12.365+0200] {dagbag.py:588} INFO - Filling up the DagBag from /Users/gordanaristova/MyProjects/MyRpaProject/venv/lib/python3.10/site-packages/airflow/example_dags/example_nested_branch_dag.py
[2025-06-12T10:49:12.377+0200] {processor.py:925} INFO - DAG(s) 'example_nested_branch_dag' retrieved from /Users/gordanaristova/MyProjects/MyRpaProject/venv/lib/python3.10/site-packages/airflow/example_dags/example_nested_branch_dag.py
[2025-06-12T10:49:12.406+0200] {logging_mixin.py:190} INFO - [2025-06-12T10:49:12.406+0200] {dag.py:3239} INFO - Sync 1 DAGs
[2025-06-12T10:49:12.411+0200] {logging_mixin.py:190} INFO - [2025-06-12T10:49:12.411+0200] {dag.py:4180} INFO - Setting next_dagrun for example_nested_branch_dag to 2025-06-11 00:00:00+00:00, run_after=2025-06-12 00:00:00+00:00
[2025-06-12T10:49:12.415+0200] {processor.py:208} INFO - Processing /Users/gordanaristova/MyProjects/MyRpaProject/venv/lib/python3.10/site-packages/airflow/example_dags/example_nested_branch_dag.py took 0.052 seconds
[2025-06-12T10:57:19.229+0200] {processor.py:186} INFO - Started process (PID=9454) to work on /Users/gordanaristova/MyProjects/MyRpaProject/venv/lib/python3.10/site-packages/airflow/example_dags/example_nested_branch_dag.py
[2025-06-12T10:57:19.230+0200] {processor.py:914} INFO - Processing file /Users/gordanaristova/MyProjects/MyRpaProject/venv/lib/python3.10/site-packages/airflow/example_dags/example_nested_branch_dag.py for tasks to queue
[2025-06-12T10:57:19.231+0200] {logging_mixin.py:190} INFO - [2025-06-12T10:57:19.231+0200] {dagbag.py:588} INFO - Filling up the DagBag from /Users/gordanaristova/MyProjects/MyRpaProject/venv/lib/python3.10/site-packages/airflow/example_dags/example_nested_branch_dag.py
[2025-06-12T10:57:19.242+0200] {processor.py:925} INFO - DAG(s) 'example_nested_branch_dag' retrieved from /Users/gordanaristova/MyProjects/MyRpaProject/venv/lib/python3.10/site-packages/airflow/example_dags/example_nested_branch_dag.py
[2025-06-12T10:57:19.271+0200] {logging_mixin.py:190} INFO - [2025-06-12T10:57:19.271+0200] {dag.py:3239} INFO - Sync 1 DAGs
[2025-06-12T10:57:19.276+0200] {logging_mixin.py:190} INFO - [2025-06-12T10:57:19.276+0200] {dag.py:4180} INFO - Setting next_dagrun for example_nested_branch_dag to 2025-06-11 00:00:00+00:00, run_after=2025-06-12 00:00:00+00:00
[2025-06-12T10:57:19.280+0200] {processor.py:208} INFO - Processing /Users/gordanaristova/MyProjects/MyRpaProject/venv/lib/python3.10/site-packages/airflow/example_dags/example_nested_branch_dag.py took 0.051 seconds
[2025-06-12T11:12:03.669+0200] {processor.py:186} INFO - Started process (PID=9776) to work on /Users/gordanaristova/MyProjects/MyRpaProject/venv/lib/python3.10/site-packages/airflow/example_dags/example_nested_branch_dag.py
[2025-06-12T11:12:03.670+0200] {processor.py:914} INFO - Processing file /Users/gordanaristova/MyProjects/MyRpaProject/venv/lib/python3.10/site-packages/airflow/example_dags/example_nested_branch_dag.py for tasks to queue
[2025-06-12T11:12:03.671+0200] {logging_mixin.py:190} INFO - [2025-06-12T11:12:03.671+0200] {dagbag.py:588} INFO - Filling up the DagBag from /Users/gordanaristova/MyProjects/MyRpaProject/venv/lib/python3.10/site-packages/airflow/example_dags/example_nested_branch_dag.py
[2025-06-12T11:12:03.682+0200] {processor.py:925} INFO - DAG(s) 'example_nested_branch_dag' retrieved from /Users/gordanaristova/MyProjects/MyRpaProject/venv/lib/python3.10/site-packages/airflow/example_dags/example_nested_branch_dag.py
[2025-06-12T11:12:03.711+0200] {logging_mixin.py:190} INFO - [2025-06-12T11:12:03.710+0200] {dag.py:3239} INFO - Sync 1 DAGs
[2025-06-12T11:12:03.715+0200] {logging_mixin.py:190} INFO - [2025-06-12T11:12:03.715+0200] {dag.py:4180} INFO - Setting next_dagrun for example_nested_branch_dag to 2025-06-11 00:00:00+00:00, run_after=2025-06-12 00:00:00+00:00
[2025-06-12T11:12:03.720+0200] {processor.py:208} INFO - Processing /Users/gordanaristova/MyProjects/MyRpaProject/venv/lib/python3.10/site-packages/airflow/example_dags/example_nested_branch_dag.py took 0.052 seconds
[2025-06-12T11:22:08.400+0200] {processor.py:186} INFO - Started process (PID=10061) to work on /Users/gordanaristova/MyProjects/MyRpaProject/venv/lib/python3.10/site-packages/airflow/example_dags/example_nested_branch_dag.py
[2025-06-12T11:22:08.400+0200] {processor.py:914} INFO - Processing file /Users/gordanaristova/MyProjects/MyRpaProject/venv/lib/python3.10/site-packages/airflow/example_dags/example_nested_branch_dag.py for tasks to queue
[2025-06-12T11:22:08.401+0200] {logging_mixin.py:190} INFO - [2025-06-12T11:22:08.401+0200] {dagbag.py:588} INFO - Filling up the DagBag from /Users/gordanaristova/MyProjects/MyRpaProject/venv/lib/python3.10/site-packages/airflow/example_dags/example_nested_branch_dag.py
[2025-06-12T11:22:08.412+0200] {processor.py:925} INFO - DAG(s) 'example_nested_branch_dag' retrieved from /Users/gordanaristova/MyProjects/MyRpaProject/venv/lib/python3.10/site-packages/airflow/example_dags/example_nested_branch_dag.py
[2025-06-12T11:22:08.440+0200] {logging_mixin.py:190} INFO - [2025-06-12T11:22:08.440+0200] {dag.py:3239} INFO - Sync 1 DAGs
[2025-06-12T11:22:08.445+0200] {logging_mixin.py:190} INFO - [2025-06-12T11:22:08.445+0200] {dag.py:4180} INFO - Setting next_dagrun for example_nested_branch_dag to 2025-06-11 00:00:00+00:00, run_after=2025-06-12 00:00:00+00:00
[2025-06-12T11:22:08.449+0200] {processor.py:208} INFO - Processing /Users/gordanaristova/MyProjects/MyRpaProject/venv/lib/python3.10/site-packages/airflow/example_dags/example_nested_branch_dag.py took 0.050 seconds
[2025-06-12T11:23:35.224+0200] {processor.py:186} INFO - Started process (PID=10153) to work on /Users/gordanaristova/MyProjects/MyRpaProject/venv/lib/python3.10/site-packages/airflow/example_dags/example_nested_branch_dag.py
[2025-06-12T11:23:35.225+0200] {processor.py:914} INFO - Processing file /Users/gordanaristova/MyProjects/MyRpaProject/venv/lib/python3.10/site-packages/airflow/example_dags/example_nested_branch_dag.py for tasks to queue
[2025-06-12T11:23:35.225+0200] {logging_mixin.py:190} INFO - [2025-06-12T11:23:35.225+0200] {dagbag.py:588} INFO - Filling up the DagBag from /Users/gordanaristova/MyProjects/MyRpaProject/venv/lib/python3.10/site-packages/airflow/example_dags/example_nested_branch_dag.py
[2025-06-12T11:23:35.237+0200] {processor.py:925} INFO - DAG(s) 'example_nested_branch_dag' retrieved from /Users/gordanaristova/MyProjects/MyRpaProject/venv/lib/python3.10/site-packages/airflow/example_dags/example_nested_branch_dag.py
[2025-06-12T11:23:35.265+0200] {logging_mixin.py:190} INFO - [2025-06-12T11:23:35.265+0200] {dag.py:3239} INFO - Sync 1 DAGs
[2025-06-12T11:23:35.270+0200] {logging_mixin.py:190} INFO - [2025-06-12T11:23:35.270+0200] {dag.py:4180} INFO - Setting next_dagrun for example_nested_branch_dag to 2025-06-11 00:00:00+00:00, run_after=2025-06-12 00:00:00+00:00
[2025-06-12T11:23:35.274+0200] {processor.py:208} INFO - Processing /Users/gordanaristova/MyProjects/MyRpaProject/venv/lib/python3.10/site-packages/airflow/example_dags/example_nested_branch_dag.py took 0.051 seconds
[2025-06-12T11:41:24.316+0200] {processor.py:186} INFO - Started process (PID=10427) to work on /Users/gordanaristova/MyProjects/MyRpaProject/venv/lib/python3.10/site-packages/airflow/example_dags/example_nested_branch_dag.py
[2025-06-12T11:41:24.316+0200] {processor.py:914} INFO - Processing file /Users/gordanaristova/MyProjects/MyRpaProject/venv/lib/python3.10/site-packages/airflow/example_dags/example_nested_branch_dag.py for tasks to queue
[2025-06-12T11:41:24.316+0200] {logging_mixin.py:190} INFO - [2025-06-12T11:41:24.316+0200] {dagbag.py:588} INFO - Filling up the DagBag from /Users/gordanaristova/MyProjects/MyRpaProject/venv/lib/python3.10/site-packages/airflow/example_dags/example_nested_branch_dag.py
[2025-06-12T11:41:24.328+0200] {processor.py:925} INFO - DAG(s) 'example_nested_branch_dag' retrieved from /Users/gordanaristova/MyProjects/MyRpaProject/venv/lib/python3.10/site-packages/airflow/example_dags/example_nested_branch_dag.py
[2025-06-12T11:41:24.355+0200] {logging_mixin.py:190} INFO - [2025-06-12T11:41:24.355+0200] {dag.py:3239} INFO - Sync 1 DAGs
[2025-06-12T11:41:24.360+0200] {logging_mixin.py:190} INFO - [2025-06-12T11:41:24.360+0200] {dag.py:4180} INFO - Setting next_dagrun for example_nested_branch_dag to 2025-06-11 00:00:00+00:00, run_after=2025-06-12 00:00:00+00:00
[2025-06-12T11:41:24.364+0200] {processor.py:208} INFO - Processing /Users/gordanaristova/MyProjects/MyRpaProject/venv/lib/python3.10/site-packages/airflow/example_dags/example_nested_branch_dag.py took 0.050 seconds
[2025-06-12T11:42:49.369+0200] {processor.py:186} INFO - Started process (PID=10516) to work on /Users/gordanaristova/MyProjects/MyRpaProject/venv/lib/python3.10/site-packages/airflow/example_dags/example_nested_branch_dag.py
[2025-06-12T11:42:49.370+0200] {processor.py:914} INFO - Processing file /Users/gordanaristova/MyProjects/MyRpaProject/venv/lib/python3.10/site-packages/airflow/example_dags/example_nested_branch_dag.py for tasks to queue
[2025-06-12T11:42:49.370+0200] {logging_mixin.py:190} INFO - [2025-06-12T11:42:49.370+0200] {dagbag.py:588} INFO - Filling up the DagBag from /Users/gordanaristova/MyProjects/MyRpaProject/venv/lib/python3.10/site-packages/airflow/example_dags/example_nested_branch_dag.py
[2025-06-12T11:42:49.382+0200] {processor.py:925} INFO - DAG(s) 'example_nested_branch_dag' retrieved from /Users/gordanaristova/MyProjects/MyRpaProject/venv/lib/python3.10/site-packages/airflow/example_dags/example_nested_branch_dag.py
[2025-06-12T11:42:49.409+0200] {logging_mixin.py:190} INFO - [2025-06-12T11:42:49.409+0200] {dag.py:3239} INFO - Sync 1 DAGs
[2025-06-12T11:42:49.414+0200] {logging_mixin.py:190} INFO - [2025-06-12T11:42:49.414+0200] {dag.py:4180} INFO - Setting next_dagrun for example_nested_branch_dag to 2025-06-11 00:00:00+00:00, run_after=2025-06-12 00:00:00+00:00
[2025-06-12T11:42:49.419+0200] {processor.py:208} INFO - Processing /Users/gordanaristova/MyProjects/MyRpaProject/venv/lib/python3.10/site-packages/airflow/example_dags/example_nested_branch_dag.py took 0.051 seconds
[2025-06-12T11:50:14.503+0200] {processor.py:186} INFO - Started process (PID=10651) to work on /Users/gordanaristova/MyProjects/MyRpaProject/venv/lib/python3.10/site-packages/airflow/example_dags/example_nested_branch_dag.py
[2025-06-12T11:50:14.504+0200] {processor.py:914} INFO - Processing file /Users/gordanaristova/MyProjects/MyRpaProject/venv/lib/python3.10/site-packages/airflow/example_dags/example_nested_branch_dag.py for tasks to queue
[2025-06-12T11:50:14.505+0200] {logging_mixin.py:190} INFO - [2025-06-12T11:50:14.505+0200] {dagbag.py:588} INFO - Filling up the DagBag from /Users/gordanaristova/MyProjects/MyRpaProject/venv/lib/python3.10/site-packages/airflow/example_dags/example_nested_branch_dag.py
[2025-06-12T11:50:14.516+0200] {processor.py:925} INFO - DAG(s) 'example_nested_branch_dag' retrieved from /Users/gordanaristova/MyProjects/MyRpaProject/venv/lib/python3.10/site-packages/airflow/example_dags/example_nested_branch_dag.py
[2025-06-12T11:50:14.543+0200] {logging_mixin.py:190} INFO - [2025-06-12T11:50:14.543+0200] {dag.py:3239} INFO - Sync 1 DAGs
[2025-06-12T11:50:14.548+0200] {logging_mixin.py:190} INFO - [2025-06-12T11:50:14.548+0200] {dag.py:4180} INFO - Setting next_dagrun for example_nested_branch_dag to 2025-06-11 00:00:00+00:00, run_after=2025-06-12 00:00:00+00:00
[2025-06-12T11:50:14.553+0200] {processor.py:208} INFO - Processing /Users/gordanaristova/MyProjects/MyRpaProject/venv/lib/python3.10/site-packages/airflow/example_dags/example_nested_branch_dag.py took 0.050 seconds
[2025-06-12T11:51:39.619+0200] {processor.py:186} INFO - Started process (PID=10741) to work on /Users/gordanaristova/MyProjects/MyRpaProject/venv/lib/python3.10/site-packages/airflow/example_dags/example_nested_branch_dag.py
[2025-06-12T11:51:39.621+0200] {processor.py:914} INFO - Processing file /Users/gordanaristova/MyProjects/MyRpaProject/venv/lib/python3.10/site-packages/airflow/example_dags/example_nested_branch_dag.py for tasks to queue
[2025-06-12T11:51:39.621+0200] {logging_mixin.py:190} INFO - [2025-06-12T11:51:39.621+0200] {dagbag.py:588} INFO - Filling up the DagBag from /Users/gordanaristova/MyProjects/MyRpaProject/venv/lib/python3.10/site-packages/airflow/example_dags/example_nested_branch_dag.py
[2025-06-12T11:51:39.633+0200] {processor.py:925} INFO - DAG(s) 'example_nested_branch_dag' retrieved from /Users/gordanaristova/MyProjects/MyRpaProject/venv/lib/python3.10/site-packages/airflow/example_dags/example_nested_branch_dag.py
[2025-06-12T11:51:39.662+0200] {logging_mixin.py:190} INFO - [2025-06-12T11:51:39.662+0200] {dag.py:3239} INFO - Sync 1 DAGs
[2025-06-12T11:51:39.667+0200] {logging_mixin.py:190} INFO - [2025-06-12T11:51:39.667+0200] {dag.py:4180} INFO - Setting next_dagrun for example_nested_branch_dag to 2025-06-11 00:00:00+00:00, run_after=2025-06-12 00:00:00+00:00
[2025-06-12T11:51:39.671+0200] {processor.py:208} INFO - Processing /Users/gordanaristova/MyProjects/MyRpaProject/venv/lib/python3.10/site-packages/airflow/example_dags/example_nested_branch_dag.py took 0.053 seconds
[2025-06-12T11:53:26.521+0200] {processor.py:186} INFO - Started process (PID=10841) to work on /Users/gordanaristova/MyProjects/MyRpaProject/venv/lib/python3.10/site-packages/airflow/example_dags/example_nested_branch_dag.py
[2025-06-12T11:53:26.521+0200] {processor.py:914} INFO - Processing file /Users/gordanaristova/MyProjects/MyRpaProject/venv/lib/python3.10/site-packages/airflow/example_dags/example_nested_branch_dag.py for tasks to queue
[2025-06-12T11:53:26.522+0200] {logging_mixin.py:190} INFO - [2025-06-12T11:53:26.522+0200] {dagbag.py:588} INFO - Filling up the DagBag from /Users/gordanaristova/MyProjects/MyRpaProject/venv/lib/python3.10/site-packages/airflow/example_dags/example_nested_branch_dag.py
[2025-06-12T11:53:26.533+0200] {processor.py:925} INFO - DAG(s) 'example_nested_branch_dag' retrieved from /Users/gordanaristova/MyProjects/MyRpaProject/venv/lib/python3.10/site-packages/airflow/example_dags/example_nested_branch_dag.py
[2025-06-12T11:53:26.560+0200] {logging_mixin.py:190} INFO - [2025-06-12T11:53:26.560+0200] {dag.py:3239} INFO - Sync 1 DAGs
[2025-06-12T11:53:26.565+0200] {logging_mixin.py:190} INFO - [2025-06-12T11:53:26.565+0200] {dag.py:4180} INFO - Setting next_dagrun for example_nested_branch_dag to 2025-06-11 00:00:00+00:00, run_after=2025-06-12 00:00:00+00:00
[2025-06-12T11:53:26.569+0200] {processor.py:208} INFO - Processing /Users/gordanaristova/MyProjects/MyRpaProject/venv/lib/python3.10/site-packages/airflow/example_dags/example_nested_branch_dag.py took 0.049 seconds
[2025-06-12T11:55:14.769+0200] {processor.py:186} INFO - Started process (PID=10942) to work on /Users/gordanaristova/MyProjects/MyRpaProject/venv/lib/python3.10/site-packages/airflow/example_dags/example_nested_branch_dag.py
[2025-06-12T11:55:14.770+0200] {processor.py:914} INFO - Processing file /Users/gordanaristova/MyProjects/MyRpaProject/venv/lib/python3.10/site-packages/airflow/example_dags/example_nested_branch_dag.py for tasks to queue
[2025-06-12T11:55:14.770+0200] {logging_mixin.py:190} INFO - [2025-06-12T11:55:14.770+0200] {dagbag.py:588} INFO - Filling up the DagBag from /Users/gordanaristova/MyProjects/MyRpaProject/venv/lib/python3.10/site-packages/airflow/example_dags/example_nested_branch_dag.py
[2025-06-12T11:55:14.782+0200] {processor.py:925} INFO - DAG(s) 'example_nested_branch_dag' retrieved from /Users/gordanaristova/MyProjects/MyRpaProject/venv/lib/python3.10/site-packages/airflow/example_dags/example_nested_branch_dag.py
[2025-06-12T11:55:14.811+0200] {logging_mixin.py:190} INFO - [2025-06-12T11:55:14.811+0200] {dag.py:3239} INFO - Sync 1 DAGs
[2025-06-12T11:55:14.816+0200] {logging_mixin.py:190} INFO - [2025-06-12T11:55:14.816+0200] {dag.py:4180} INFO - Setting next_dagrun for example_nested_branch_dag to 2025-06-11 00:00:00+00:00, run_after=2025-06-12 00:00:00+00:00
[2025-06-12T11:55:14.820+0200] {processor.py:208} INFO - Processing /Users/gordanaristova/MyProjects/MyRpaProject/venv/lib/python3.10/site-packages/airflow/example_dags/example_nested_branch_dag.py took 0.052 seconds
[2025-06-12T11:57:04.309+0200] {processor.py:186} INFO - Started process (PID=11059) to work on /Users/gordanaristova/MyProjects/MyRpaProject/venv/lib/python3.10/site-packages/airflow/example_dags/example_nested_branch_dag.py
[2025-06-12T11:57:04.310+0200] {processor.py:914} INFO - Processing file /Users/gordanaristova/MyProjects/MyRpaProject/venv/lib/python3.10/site-packages/airflow/example_dags/example_nested_branch_dag.py for tasks to queue
[2025-06-12T11:57:04.310+0200] {logging_mixin.py:190} INFO - [2025-06-12T11:57:04.310+0200] {dagbag.py:588} INFO - Filling up the DagBag from /Users/gordanaristova/MyProjects/MyRpaProject/venv/lib/python3.10/site-packages/airflow/example_dags/example_nested_branch_dag.py
[2025-06-12T11:57:04.322+0200] {processor.py:925} INFO - DAG(s) 'example_nested_branch_dag' retrieved from /Users/gordanaristova/MyProjects/MyRpaProject/venv/lib/python3.10/site-packages/airflow/example_dags/example_nested_branch_dag.py
[2025-06-12T11:57:04.351+0200] {logging_mixin.py:190} INFO - [2025-06-12T11:57:04.351+0200] {dag.py:3239} INFO - Sync 1 DAGs
[2025-06-12T11:57:04.356+0200] {logging_mixin.py:190} INFO - [2025-06-12T11:57:04.356+0200] {dag.py:4180} INFO - Setting next_dagrun for example_nested_branch_dag to 2025-06-11 00:00:00+00:00, run_after=2025-06-12 00:00:00+00:00
[2025-06-12T11:57:04.361+0200] {processor.py:208} INFO - Processing /Users/gordanaristova/MyProjects/MyRpaProject/venv/lib/python3.10/site-packages/airflow/example_dags/example_nested_branch_dag.py took 0.053 seconds
[2025-06-12T13:15:00.297+0200] {processor.py:186} INFO - Started process (PID=13025) to work on /Users/gordanaristova/MyProjects/MyRpaProject/venv/lib/python3.10/site-packages/airflow/example_dags/example_nested_branch_dag.py
[2025-06-12T13:15:00.298+0200] {processor.py:914} INFO - Processing file /Users/gordanaristova/MyProjects/MyRpaProject/venv/lib/python3.10/site-packages/airflow/example_dags/example_nested_branch_dag.py for tasks to queue
[2025-06-12T13:15:00.298+0200] {logging_mixin.py:190} INFO - [2025-06-12T13:15:00.298+0200] {dagbag.py:588} INFO - Filling up the DagBag from /Users/gordanaristova/MyProjects/MyRpaProject/venv/lib/python3.10/site-packages/airflow/example_dags/example_nested_branch_dag.py
[2025-06-12T13:15:00.311+0200] {processor.py:925} INFO - DAG(s) 'example_nested_branch_dag' retrieved from /Users/gordanaristova/MyProjects/MyRpaProject/venv/lib/python3.10/site-packages/airflow/example_dags/example_nested_branch_dag.py
[2025-06-12T13:15:00.340+0200] {logging_mixin.py:190} INFO - [2025-06-12T13:15:00.340+0200] {dag.py:3239} INFO - Sync 1 DAGs
[2025-06-12T13:15:00.346+0200] {logging_mixin.py:190} INFO - [2025-06-12T13:15:00.346+0200] {dag.py:4180} INFO - Setting next_dagrun for example_nested_branch_dag to 2025-06-11 00:00:00+00:00, run_after=2025-06-12 00:00:00+00:00
[2025-06-12T13:15:00.351+0200] {processor.py:208} INFO - Processing /Users/gordanaristova/MyProjects/MyRpaProject/venv/lib/python3.10/site-packages/airflow/example_dags/example_nested_branch_dag.py took 0.055 seconds
[2025-06-12T18:42:43.099+0200] {processor.py:186} INFO - Started process (PID=15679) to work on /Users/gordanaristova/MyProjects/MyRpaProject/venv/lib/python3.10/site-packages/airflow/example_dags/example_nested_branch_dag.py
[2025-06-12T18:42:43.101+0200] {processor.py:914} INFO - Processing file /Users/gordanaristova/MyProjects/MyRpaProject/venv/lib/python3.10/site-packages/airflow/example_dags/example_nested_branch_dag.py for tasks to queue
[2025-06-12T18:42:43.101+0200] {logging_mixin.py:190} INFO - [2025-06-12T18:42:43.101+0200] {dagbag.py:588} INFO - Filling up the DagBag from /Users/gordanaristova/MyProjects/MyRpaProject/venv/lib/python3.10/site-packages/airflow/example_dags/example_nested_branch_dag.py
[2025-06-12T18:42:43.113+0200] {processor.py:925} INFO - DAG(s) 'example_nested_branch_dag' retrieved from /Users/gordanaristova/MyProjects/MyRpaProject/venv/lib/python3.10/site-packages/airflow/example_dags/example_nested_branch_dag.py
[2025-06-12T18:42:43.142+0200] {logging_mixin.py:190} INFO - [2025-06-12T18:42:43.142+0200] {dag.py:3239} INFO - Sync 1 DAGs
[2025-06-12T18:42:43.147+0200] {logging_mixin.py:190} INFO - [2025-06-12T18:42:43.147+0200] {dag.py:4180} INFO - Setting next_dagrun for example_nested_branch_dag to 2025-06-11 00:00:00+00:00, run_after=2025-06-12 00:00:00+00:00
[2025-06-12T18:42:43.152+0200] {processor.py:208} INFO - Processing /Users/gordanaristova/MyProjects/MyRpaProject/venv/lib/python3.10/site-packages/airflow/example_dags/example_nested_branch_dag.py took 0.054 seconds
[2025-06-12T18:55:40.553+0200] {processor.py:186} INFO - Started process (PID=15999) to work on /Users/gordanaristova/MyProjects/MyRpaProject/venv/lib/python3.10/site-packages/airflow/example_dags/example_nested_branch_dag.py
[2025-06-12T18:55:40.555+0200] {processor.py:914} INFO - Processing file /Users/gordanaristova/MyProjects/MyRpaProject/venv/lib/python3.10/site-packages/airflow/example_dags/example_nested_branch_dag.py for tasks to queue
[2025-06-12T18:55:40.555+0200] {logging_mixin.py:190} INFO - [2025-06-12T18:55:40.555+0200] {dagbag.py:588} INFO - Filling up the DagBag from /Users/gordanaristova/MyProjects/MyRpaProject/venv/lib/python3.10/site-packages/airflow/example_dags/example_nested_branch_dag.py
[2025-06-12T18:55:40.567+0200] {processor.py:925} INFO - DAG(s) 'example_nested_branch_dag' retrieved from /Users/gordanaristova/MyProjects/MyRpaProject/venv/lib/python3.10/site-packages/airflow/example_dags/example_nested_branch_dag.py
[2025-06-12T18:55:40.597+0200] {logging_mixin.py:190} INFO - [2025-06-12T18:55:40.596+0200] {dag.py:3239} INFO - Sync 1 DAGs
[2025-06-12T18:55:40.602+0200] {logging_mixin.py:190} INFO - [2025-06-12T18:55:40.602+0200] {dag.py:4180} INFO - Setting next_dagrun for example_nested_branch_dag to 2025-06-11 00:00:00+00:00, run_after=2025-06-12 00:00:00+00:00
[2025-06-12T18:55:40.607+0200] {processor.py:208} INFO - Processing /Users/gordanaristova/MyProjects/MyRpaProject/venv/lib/python3.10/site-packages/airflow/example_dags/example_nested_branch_dag.py took 0.055 seconds
[2025-06-12T19:00:47.624+0200] {processor.py:186} INFO - Started process (PID=16141) to work on /Users/gordanaristova/MyProjects/MyRpaProject/venv/lib/python3.10/site-packages/airflow/example_dags/example_nested_branch_dag.py
[2025-06-12T19:00:47.625+0200] {processor.py:914} INFO - Processing file /Users/gordanaristova/MyProjects/MyRpaProject/venv/lib/python3.10/site-packages/airflow/example_dags/example_nested_branch_dag.py for tasks to queue
[2025-06-12T19:00:47.626+0200] {logging_mixin.py:190} INFO - [2025-06-12T19:00:47.626+0200] {dagbag.py:588} INFO - Filling up the DagBag from /Users/gordanaristova/MyProjects/MyRpaProject/venv/lib/python3.10/site-packages/airflow/example_dags/example_nested_branch_dag.py
[2025-06-12T19:00:47.638+0200] {processor.py:925} INFO - DAG(s) 'example_nested_branch_dag' retrieved from /Users/gordanaristova/MyProjects/MyRpaProject/venv/lib/python3.10/site-packages/airflow/example_dags/example_nested_branch_dag.py
[2025-06-12T19:00:47.669+0200] {logging_mixin.py:190} INFO - [2025-06-12T19:00:47.669+0200] {dag.py:3239} INFO - Sync 1 DAGs
[2025-06-12T19:00:47.674+0200] {logging_mixin.py:190} INFO - [2025-06-12T19:00:47.674+0200] {dag.py:4180} INFO - Setting next_dagrun for example_nested_branch_dag to 2025-06-11 00:00:00+00:00, run_after=2025-06-12 00:00:00+00:00
[2025-06-12T19:00:47.679+0200] {processor.py:208} INFO - Processing /Users/gordanaristova/MyProjects/MyRpaProject/venv/lib/python3.10/site-packages/airflow/example_dags/example_nested_branch_dag.py took 0.055 seconds
[2025-06-12T19:11:23.914+0200] {processor.py:186} INFO - Started process (PID=16472) to work on /Users/gordanaristova/MyProjects/MyRpaProject/venv/lib/python3.10/site-packages/airflow/example_dags/example_nested_branch_dag.py
[2025-06-12T19:11:23.915+0200] {processor.py:914} INFO - Processing file /Users/gordanaristova/MyProjects/MyRpaProject/venv/lib/python3.10/site-packages/airflow/example_dags/example_nested_branch_dag.py for tasks to queue
[2025-06-12T19:11:23.915+0200] {logging_mixin.py:190} INFO - [2025-06-12T19:11:23.915+0200] {dagbag.py:588} INFO - Filling up the DagBag from /Users/gordanaristova/MyProjects/MyRpaProject/venv/lib/python3.10/site-packages/airflow/example_dags/example_nested_branch_dag.py
[2025-06-12T19:11:23.928+0200] {processor.py:925} INFO - DAG(s) 'example_nested_branch_dag' retrieved from /Users/gordanaristova/MyProjects/MyRpaProject/venv/lib/python3.10/site-packages/airflow/example_dags/example_nested_branch_dag.py
[2025-06-12T19:11:23.957+0200] {logging_mixin.py:190} INFO - [2025-06-12T19:11:23.957+0200] {dag.py:3239} INFO - Sync 1 DAGs
[2025-06-12T19:11:23.962+0200] {logging_mixin.py:190} INFO - [2025-06-12T19:11:23.962+0200] {dag.py:4180} INFO - Setting next_dagrun for example_nested_branch_dag to 2025-06-11 00:00:00+00:00, run_after=2025-06-12 00:00:00+00:00
[2025-06-12T19:11:23.966+0200] {processor.py:208} INFO - Processing /Users/gordanaristova/MyProjects/MyRpaProject/venv/lib/python3.10/site-packages/airflow/example_dags/example_nested_branch_dag.py took 0.054 seconds
