[2025-06-12T10:37:13.148+0200] {processor.py:186} INFO - Started process (PID=8452) to work on /Users/gordanaristova/MyProjects/MyRpaProject/venv/lib/python3.10/site-packages/airflow/example_dags/example_inlet_event_extra.py
[2025-06-12T10:37:13.148+0200] {processor.py:914} INFO - Processing file /Users/gordanaristova/MyProjects/MyRpaProject/venv/lib/python3.10/site-packages/airflow/example_dags/example_inlet_event_extra.py for tasks to queue
[2025-06-12T10:37:13.148+0200] {logging_mixin.py:190} INFO - [2025-06-12T10:37:13.148+0200] {dagbag.py:588} INFO - Filling up the DagBag from /Users/gordanaristova/MyProjects/MyRpaProject/venv/lib/python3.10/site-packages/airflow/example_dags/example_inlet_event_extra.py
[2025-06-12T10:37:13.167+0200] {processor.py:925} INFO - DAG(s) 'read_dataset_event_from_classic', 'read_dataset_event' retrieved from /Users/gordanaristova/MyProjects/MyRpaProject/venv/lib/python3.10/site-packages/airflow/example_dags/example_inlet_event_extra.py
[2025-06-12T10:37:13.213+0200] {logging_mixin.py:190} INFO - [2025-06-12T10:37:13.213+0200] {override.py:1900} INFO - Created Permission View: can edit on DAG:read_dataset_event_from_classic
[2025-06-12T10:37:13.215+0200] {logging_mixin.py:190} INFO - [2025-06-12T10:37:13.215+0200] {override.py:1900} INFO - Created Permission View: can delete on DAG:read_dataset_event_from_classic
[2025-06-12T10:37:13.216+0200] {logging_mixin.py:190} INFO - [2025-06-12T10:37:13.216+0200] {override.py:1900} INFO - Created Permission View: can read on DAG:read_dataset_event_from_classic
[2025-06-12T10:37:13.218+0200] {logging_mixin.py:190} INFO - [2025-06-12T10:37:13.218+0200] {override.py:1900} INFO - Created Permission View: can create on DAG Run:read_dataset_event_from_classic
[2025-06-12T10:37:13.220+0200] {logging_mixin.py:190} INFO - [2025-06-12T10:37:13.220+0200] {override.py:1900} INFO - Created Permission View: menu access on DAG Run:read_dataset_event_from_classic
[2025-06-12T10:37:13.221+0200] {logging_mixin.py:190} INFO - [2025-06-12T10:37:13.221+0200] {override.py:1900} INFO - Created Permission View: can delete on DAG Run:read_dataset_event_from_classic
[2025-06-12T10:37:13.222+0200] {logging_mixin.py:190} INFO - [2025-06-12T10:37:13.222+0200] {override.py:1900} INFO - Created Permission View: can read on DAG Run:read_dataset_event_from_classic
[2025-06-12T10:37:13.225+0200] {logging_mixin.py:190} INFO - [2025-06-12T10:37:13.225+0200] {override.py:1900} INFO - Created Permission View: can edit on DAG:read_dataset_event
[2025-06-12T10:37:13.227+0200] {logging_mixin.py:190} INFO - [2025-06-12T10:37:13.227+0200] {override.py:1900} INFO - Created Permission View: can delete on DAG:read_dataset_event
[2025-06-12T10:37:13.228+0200] {logging_mixin.py:190} INFO - [2025-06-12T10:37:13.228+0200] {override.py:1900} INFO - Created Permission View: can read on DAG:read_dataset_event
[2025-06-12T10:37:13.229+0200] {logging_mixin.py:190} INFO - [2025-06-12T10:37:13.229+0200] {override.py:1900} INFO - Created Permission View: can create on DAG Run:read_dataset_event
[2025-06-12T10:37:13.231+0200] {logging_mixin.py:190} INFO - [2025-06-12T10:37:13.231+0200] {override.py:1900} INFO - Created Permission View: menu access on DAG Run:read_dataset_event
[2025-06-12T10:37:13.232+0200] {logging_mixin.py:190} INFO - [2025-06-12T10:37:13.232+0200] {override.py:1900} INFO - Created Permission View: can delete on DAG Run:read_dataset_event
[2025-06-12T10:37:13.233+0200] {logging_mixin.py:190} INFO - [2025-06-12T10:37:13.233+0200] {override.py:1900} INFO - Created Permission View: can read on DAG Run:read_dataset_event
[2025-06-12T10:37:13.233+0200] {logging_mixin.py:190} INFO - [2025-06-12T10:37:13.233+0200] {dag.py:3239} INFO - Sync 2 DAGs
[2025-06-12T10:37:13.237+0200] {logging_mixin.py:190} INFO - [2025-06-12T10:37:13.237+0200] {dag.py:3262} INFO - Creating ORM DAG for read_dataset_event
[2025-06-12T10:37:13.237+0200] {logging_mixin.py:190} INFO - [2025-06-12T10:37:13.237+0200] {dag.py:3262} INFO - Creating ORM DAG for read_dataset_event_from_classic
[2025-06-12T10:37:13.239+0200] {logging_mixin.py:190} INFO - [2025-06-12T10:37:13.239+0200] {dag.py:4180} INFO - Setting next_dagrun for read_dataset_event to 2025-06-11 00:00:00+00:00, run_after=2025-06-12 00:00:00+00:00
[2025-06-12T10:37:13.240+0200] {logging_mixin.py:190} INFO - [2025-06-12T10:37:13.240+0200] {dag.py:4180} INFO - Setting next_dagrun for read_dataset_event_from_classic to 2025-06-11 00:00:00+00:00, run_after=2025-06-12 00:00:00+00:00
[2025-06-12T10:37:13.244+0200] {processor.py:208} INFO - Processing /Users/gordanaristova/MyProjects/MyRpaProject/venv/lib/python3.10/site-packages/airflow/example_dags/example_inlet_event_extra.py took 0.097 seconds
[2025-06-12T10:39:03.933+0200] {processor.py:186} INFO - Started process (PID=8544) to work on /Users/gordanaristova/MyProjects/MyRpaProject/venv/lib/python3.10/site-packages/airflow/example_dags/example_inlet_event_extra.py
[2025-06-12T10:39:03.934+0200] {processor.py:914} INFO - Processing file /Users/gordanaristova/MyProjects/MyRpaProject/venv/lib/python3.10/site-packages/airflow/example_dags/example_inlet_event_extra.py for tasks to queue
[2025-06-12T10:39:03.935+0200] {logging_mixin.py:190} INFO - [2025-06-12T10:39:03.934+0200] {dagbag.py:588} INFO - Filling up the DagBag from /Users/gordanaristova/MyProjects/MyRpaProject/venv/lib/python3.10/site-packages/airflow/example_dags/example_inlet_event_extra.py
[2025-06-12T10:39:03.960+0200] {processor.py:925} INFO - DAG(s) 'read_dataset_event', 'read_dataset_event_from_classic' retrieved from /Users/gordanaristova/MyProjects/MyRpaProject/venv/lib/python3.10/site-packages/airflow/example_dags/example_inlet_event_extra.py
[2025-06-12T10:39:03.988+0200] {logging_mixin.py:190} INFO - [2025-06-12T10:39:03.988+0200] {dag.py:3239} INFO - Sync 2 DAGs
[2025-06-12T10:39:03.993+0200] {logging_mixin.py:190} INFO - [2025-06-12T10:39:03.993+0200] {dag.py:4180} INFO - Setting next_dagrun for read_dataset_event to 2025-06-11 00:00:00+00:00, run_after=2025-06-12 00:00:00+00:00
[2025-06-12T10:39:03.994+0200] {logging_mixin.py:190} INFO - [2025-06-12T10:39:03.994+0200] {dag.py:4180} INFO - Setting next_dagrun for read_dataset_event_from_classic to 2025-06-11 00:00:00+00:00, run_after=2025-06-12 00:00:00+00:00
[2025-06-12T10:39:03.999+0200] {processor.py:208} INFO - Processing /Users/gordanaristova/MyProjects/MyRpaProject/venv/lib/python3.10/site-packages/airflow/example_dags/example_inlet_event_extra.py took 0.066 seconds
[2025-06-12T10:40:45.780+0200] {processor.py:186} INFO - Started process (PID=8624) to work on /Users/gordanaristova/MyProjects/MyRpaProject/venv/lib/python3.10/site-packages/airflow/example_dags/example_inlet_event_extra.py
[2025-06-12T10:40:45.780+0200] {processor.py:914} INFO - Processing file /Users/gordanaristova/MyProjects/MyRpaProject/venv/lib/python3.10/site-packages/airflow/example_dags/example_inlet_event_extra.py for tasks to queue
[2025-06-12T10:40:45.780+0200] {logging_mixin.py:190} INFO - [2025-06-12T10:40:45.780+0200] {dagbag.py:588} INFO - Filling up the DagBag from /Users/gordanaristova/MyProjects/MyRpaProject/venv/lib/python3.10/site-packages/airflow/example_dags/example_inlet_event_extra.py
[2025-06-12T10:40:45.801+0200] {processor.py:925} INFO - DAG(s) 'read_dataset_event', 'read_dataset_event_from_classic' retrieved from /Users/gordanaristova/MyProjects/MyRpaProject/venv/lib/python3.10/site-packages/airflow/example_dags/example_inlet_event_extra.py
[2025-06-12T10:40:45.830+0200] {logging_mixin.py:190} INFO - [2025-06-12T10:40:45.829+0200] {dag.py:3239} INFO - Sync 2 DAGs
[2025-06-12T10:40:45.835+0200] {logging_mixin.py:190} INFO - [2025-06-12T10:40:45.835+0200] {dag.py:4180} INFO - Setting next_dagrun for read_dataset_event to 2025-06-11 00:00:00+00:00, run_after=2025-06-12 00:00:00+00:00
[2025-06-12T10:40:45.836+0200] {logging_mixin.py:190} INFO - [2025-06-12T10:40:45.836+0200] {dag.py:4180} INFO - Setting next_dagrun for read_dataset_event_from_classic to 2025-06-11 00:00:00+00:00, run_after=2025-06-12 00:00:00+00:00
[2025-06-12T10:40:45.840+0200] {processor.py:208} INFO - Processing /Users/gordanaristova/MyProjects/MyRpaProject/venv/lib/python3.10/site-packages/airflow/example_dags/example_inlet_event_extra.py took 0.062 seconds
[2025-06-12T10:42:32.607+0200] {processor.py:186} INFO - Started process (PID=8714) to work on /Users/gordanaristova/MyProjects/MyRpaProject/venv/lib/python3.10/site-packages/airflow/example_dags/example_inlet_event_extra.py
[2025-06-12T10:42:32.608+0200] {processor.py:914} INFO - Processing file /Users/gordanaristova/MyProjects/MyRpaProject/venv/lib/python3.10/site-packages/airflow/example_dags/example_inlet_event_extra.py for tasks to queue
[2025-06-12T10:42:32.608+0200] {logging_mixin.py:190} INFO - [2025-06-12T10:42:32.608+0200] {dagbag.py:588} INFO - Filling up the DagBag from /Users/gordanaristova/MyProjects/MyRpaProject/venv/lib/python3.10/site-packages/airflow/example_dags/example_inlet_event_extra.py
[2025-06-12T10:42:32.628+0200] {processor.py:925} INFO - DAG(s) 'read_dataset_event_from_classic', 'read_dataset_event' retrieved from /Users/gordanaristova/MyProjects/MyRpaProject/venv/lib/python3.10/site-packages/airflow/example_dags/example_inlet_event_extra.py
[2025-06-12T10:42:32.657+0200] {logging_mixin.py:190} INFO - [2025-06-12T10:42:32.657+0200] {dag.py:3239} INFO - Sync 2 DAGs
[2025-06-12T10:42:32.662+0200] {logging_mixin.py:190} INFO - [2025-06-12T10:42:32.662+0200] {dag.py:4180} INFO - Setting next_dagrun for read_dataset_event to 2025-06-11 00:00:00+00:00, run_after=2025-06-12 00:00:00+00:00
[2025-06-12T10:42:32.663+0200] {logging_mixin.py:190} INFO - [2025-06-12T10:42:32.663+0200] {dag.py:4180} INFO - Setting next_dagrun for read_dataset_event_from_classic to 2025-06-11 00:00:00+00:00, run_after=2025-06-12 00:00:00+00:00
[2025-06-12T10:42:32.668+0200] {processor.py:208} INFO - Processing /Users/gordanaristova/MyProjects/MyRpaProject/venv/lib/python3.10/site-packages/airflow/example_dags/example_inlet_event_extra.py took 0.062 seconds
[2025-06-12T10:44:18.807+0200] {processor.py:186} INFO - Started process (PID=8866) to work on /Users/gordanaristova/MyProjects/MyRpaProject/venv/lib/python3.10/site-packages/airflow/example_dags/example_inlet_event_extra.py
[2025-06-12T10:44:18.808+0200] {processor.py:914} INFO - Processing file /Users/gordanaristova/MyProjects/MyRpaProject/venv/lib/python3.10/site-packages/airflow/example_dags/example_inlet_event_extra.py for tasks to queue
[2025-06-12T10:44:18.808+0200] {logging_mixin.py:190} INFO - [2025-06-12T10:44:18.808+0200] {dagbag.py:588} INFO - Filling up the DagBag from /Users/gordanaristova/MyProjects/MyRpaProject/venv/lib/python3.10/site-packages/airflow/example_dags/example_inlet_event_extra.py
[2025-06-12T10:44:18.835+0200] {processor.py:925} INFO - DAG(s) 'read_dataset_event_from_classic', 'read_dataset_event' retrieved from /Users/gordanaristova/MyProjects/MyRpaProject/venv/lib/python3.10/site-packages/airflow/example_dags/example_inlet_event_extra.py
[2025-06-12T10:44:18.863+0200] {logging_mixin.py:190} INFO - [2025-06-12T10:44:18.863+0200] {dag.py:3239} INFO - Sync 2 DAGs
[2025-06-12T10:44:18.868+0200] {logging_mixin.py:190} INFO - [2025-06-12T10:44:18.868+0200] {dag.py:4180} INFO - Setting next_dagrun for read_dataset_event to 2025-06-11 00:00:00+00:00, run_after=2025-06-12 00:00:00+00:00
[2025-06-12T10:44:18.870+0200] {logging_mixin.py:190} INFO - [2025-06-12T10:44:18.869+0200] {dag.py:4180} INFO - Setting next_dagrun for read_dataset_event_from_classic to 2025-06-11 00:00:00+00:00, run_after=2025-06-12 00:00:00+00:00
[2025-06-12T10:44:18.874+0200] {processor.py:208} INFO - Processing /Users/gordanaristova/MyProjects/MyRpaProject/venv/lib/python3.10/site-packages/airflow/example_dags/example_inlet_event_extra.py took 0.068 seconds
[2025-06-12T10:46:05.219+0200] {processor.py:186} INFO - Started process (PID=8954) to work on /Users/gordanaristova/MyProjects/MyRpaProject/venv/lib/python3.10/site-packages/airflow/example_dags/example_inlet_event_extra.py
[2025-06-12T10:46:05.220+0200] {processor.py:914} INFO - Processing file /Users/gordanaristova/MyProjects/MyRpaProject/venv/lib/python3.10/site-packages/airflow/example_dags/example_inlet_event_extra.py for tasks to queue
[2025-06-12T10:46:05.220+0200] {logging_mixin.py:190} INFO - [2025-06-12T10:46:05.220+0200] {dagbag.py:588} INFO - Filling up the DagBag from /Users/gordanaristova/MyProjects/MyRpaProject/venv/lib/python3.10/site-packages/airflow/example_dags/example_inlet_event_extra.py
[2025-06-12T10:46:05.247+0200] {processor.py:925} INFO - DAG(s) 'read_dataset_event_from_classic', 'read_dataset_event' retrieved from /Users/gordanaristova/MyProjects/MyRpaProject/venv/lib/python3.10/site-packages/airflow/example_dags/example_inlet_event_extra.py
[2025-06-12T10:46:05.277+0200] {logging_mixin.py:190} INFO - [2025-06-12T10:46:05.277+0200] {dag.py:3239} INFO - Sync 2 DAGs
[2025-06-12T10:46:05.282+0200] {logging_mixin.py:190} INFO - [2025-06-12T10:46:05.282+0200] {dag.py:4180} INFO - Setting next_dagrun for read_dataset_event to 2025-06-11 00:00:00+00:00, run_after=2025-06-12 00:00:00+00:00
[2025-06-12T10:46:05.284+0200] {logging_mixin.py:190} INFO - [2025-06-12T10:46:05.284+0200] {dag.py:4180} INFO - Setting next_dagrun for read_dataset_event_from_classic to 2025-06-11 00:00:00+00:00, run_after=2025-06-12 00:00:00+00:00
[2025-06-12T10:46:05.289+0200] {processor.py:208} INFO - Processing /Users/gordanaristova/MyProjects/MyRpaProject/venv/lib/python3.10/site-packages/airflow/example_dags/example_inlet_event_extra.py took 0.070 seconds
[2025-06-12T10:47:58.643+0200] {processor.py:186} INFO - Started process (PID=9094) to work on /Users/gordanaristova/MyProjects/MyRpaProject/venv/lib/python3.10/site-packages/airflow/example_dags/example_inlet_event_extra.py
[2025-06-12T10:47:58.644+0200] {processor.py:914} INFO - Processing file /Users/gordanaristova/MyProjects/MyRpaProject/venv/lib/python3.10/site-packages/airflow/example_dags/example_inlet_event_extra.py for tasks to queue
[2025-06-12T10:47:58.644+0200] {logging_mixin.py:190} INFO - [2025-06-12T10:47:58.644+0200] {dagbag.py:588} INFO - Filling up the DagBag from /Users/gordanaristova/MyProjects/MyRpaProject/venv/lib/python3.10/site-packages/airflow/example_dags/example_inlet_event_extra.py
[2025-06-12T10:47:58.675+0200] {processor.py:925} INFO - DAG(s) 'read_dataset_event', 'read_dataset_event_from_classic' retrieved from /Users/gordanaristova/MyProjects/MyRpaProject/venv/lib/python3.10/site-packages/airflow/example_dags/example_inlet_event_extra.py
[2025-06-12T10:47:58.708+0200] {logging_mixin.py:190} INFO - [2025-06-12T10:47:58.708+0200] {dag.py:3239} INFO - Sync 2 DAGs
[2025-06-12T10:47:58.714+0200] {logging_mixin.py:190} INFO - [2025-06-12T10:47:58.714+0200] {dag.py:4180} INFO - Setting next_dagrun for read_dataset_event to 2025-06-11 00:00:00+00:00, run_after=2025-06-12 00:00:00+00:00
[2025-06-12T10:47:58.715+0200] {logging_mixin.py:190} INFO - [2025-06-12T10:47:58.715+0200] {dag.py:4180} INFO - Setting next_dagrun for read_dataset_event_from_classic to 2025-06-11 00:00:00+00:00, run_after=2025-06-12 00:00:00+00:00
[2025-06-12T10:47:58.720+0200] {processor.py:208} INFO - Processing /Users/gordanaristova/MyProjects/MyRpaProject/venv/lib/python3.10/site-packages/airflow/example_dags/example_inlet_event_extra.py took 0.079 seconds
[2025-06-12T10:49:45.381+0200] {processor.py:186} INFO - Started process (PID=9224) to work on /Users/gordanaristova/MyProjects/MyRpaProject/venv/lib/python3.10/site-packages/airflow/example_dags/example_inlet_event_extra.py
[2025-06-12T10:49:45.382+0200] {processor.py:914} INFO - Processing file /Users/gordanaristova/MyProjects/MyRpaProject/venv/lib/python3.10/site-packages/airflow/example_dags/example_inlet_event_extra.py for tasks to queue
[2025-06-12T10:49:45.383+0200] {logging_mixin.py:190} INFO - [2025-06-12T10:49:45.383+0200] {dagbag.py:588} INFO - Filling up the DagBag from /Users/gordanaristova/MyProjects/MyRpaProject/venv/lib/python3.10/site-packages/airflow/example_dags/example_inlet_event_extra.py
[2025-06-12T10:49:45.402+0200] {processor.py:925} INFO - DAG(s) 'read_dataset_event', 'read_dataset_event_from_classic' retrieved from /Users/gordanaristova/MyProjects/MyRpaProject/venv/lib/python3.10/site-packages/airflow/example_dags/example_inlet_event_extra.py
[2025-06-12T10:49:45.430+0200] {logging_mixin.py:190} INFO - [2025-06-12T10:49:45.430+0200] {dag.py:3239} INFO - Sync 2 DAGs
[2025-06-12T10:49:45.435+0200] {logging_mixin.py:190} INFO - [2025-06-12T10:49:45.435+0200] {dag.py:4180} INFO - Setting next_dagrun for read_dataset_event to 2025-06-11 00:00:00+00:00, run_after=2025-06-12 00:00:00+00:00
[2025-06-12T10:49:45.436+0200] {logging_mixin.py:190} INFO - [2025-06-12T10:49:45.436+0200] {dag.py:4180} INFO - Setting next_dagrun for read_dataset_event_from_classic to 2025-06-11 00:00:00+00:00, run_after=2025-06-12 00:00:00+00:00
[2025-06-12T10:49:45.440+0200] {processor.py:208} INFO - Processing /Users/gordanaristova/MyProjects/MyRpaProject/venv/lib/python3.10/site-packages/airflow/example_dags/example_inlet_event_extra.py took 0.059 seconds
[2025-06-12T10:57:25.540+0200] {processor.py:186} INFO - Started process (PID=9463) to work on /Users/gordanaristova/MyProjects/MyRpaProject/venv/lib/python3.10/site-packages/airflow/example_dags/example_inlet_event_extra.py
[2025-06-12T10:57:25.541+0200] {processor.py:914} INFO - Processing file /Users/gordanaristova/MyProjects/MyRpaProject/venv/lib/python3.10/site-packages/airflow/example_dags/example_inlet_event_extra.py for tasks to queue
[2025-06-12T10:57:25.541+0200] {logging_mixin.py:190} INFO - [2025-06-12T10:57:25.541+0200] {dagbag.py:588} INFO - Filling up the DagBag from /Users/gordanaristova/MyProjects/MyRpaProject/venv/lib/python3.10/site-packages/airflow/example_dags/example_inlet_event_extra.py
[2025-06-12T10:57:25.560+0200] {processor.py:925} INFO - DAG(s) 'read_dataset_event_from_classic', 'read_dataset_event' retrieved from /Users/gordanaristova/MyProjects/MyRpaProject/venv/lib/python3.10/site-packages/airflow/example_dags/example_inlet_event_extra.py
[2025-06-12T10:57:25.588+0200] {logging_mixin.py:190} INFO - [2025-06-12T10:57:25.588+0200] {dag.py:3239} INFO - Sync 2 DAGs
[2025-06-12T10:57:25.593+0200] {logging_mixin.py:190} INFO - [2025-06-12T10:57:25.593+0200] {dag.py:4180} INFO - Setting next_dagrun for read_dataset_event to 2025-06-11 00:00:00+00:00, run_after=2025-06-12 00:00:00+00:00
[2025-06-12T10:57:25.594+0200] {logging_mixin.py:190} INFO - [2025-06-12T10:57:25.594+0200] {dag.py:4180} INFO - Setting next_dagrun for read_dataset_event_from_classic to 2025-06-11 00:00:00+00:00, run_after=2025-06-12 00:00:00+00:00
[2025-06-12T10:57:25.599+0200] {processor.py:208} INFO - Processing /Users/gordanaristova/MyProjects/MyRpaProject/venv/lib/python3.10/site-packages/airflow/example_dags/example_inlet_event_extra.py took 0.059 seconds
[2025-06-12T11:12:10.829+0200] {processor.py:186} INFO - Started process (PID=9785) to work on /Users/gordanaristova/MyProjects/MyRpaProject/venv/lib/python3.10/site-packages/airflow/example_dags/example_inlet_event_extra.py
[2025-06-12T11:12:10.830+0200] {processor.py:914} INFO - Processing file /Users/gordanaristova/MyProjects/MyRpaProject/venv/lib/python3.10/site-packages/airflow/example_dags/example_inlet_event_extra.py for tasks to queue
[2025-06-12T11:12:10.830+0200] {logging_mixin.py:190} INFO - [2025-06-12T11:12:10.830+0200] {dagbag.py:588} INFO - Filling up the DagBag from /Users/gordanaristova/MyProjects/MyRpaProject/venv/lib/python3.10/site-packages/airflow/example_dags/example_inlet_event_extra.py
[2025-06-12T11:12:10.849+0200] {processor.py:925} INFO - DAG(s) 'read_dataset_event', 'read_dataset_event_from_classic' retrieved from /Users/gordanaristova/MyProjects/MyRpaProject/venv/lib/python3.10/site-packages/airflow/example_dags/example_inlet_event_extra.py
[2025-06-12T11:12:10.877+0200] {logging_mixin.py:190} INFO - [2025-06-12T11:12:10.877+0200] {dag.py:3239} INFO - Sync 2 DAGs
[2025-06-12T11:12:10.882+0200] {logging_mixin.py:190} INFO - [2025-06-12T11:12:10.882+0200] {dag.py:4180} INFO - Setting next_dagrun for read_dataset_event to 2025-06-11 00:00:00+00:00, run_after=2025-06-12 00:00:00+00:00
[2025-06-12T11:12:10.883+0200] {logging_mixin.py:190} INFO - [2025-06-12T11:12:10.883+0200] {dag.py:4180} INFO - Setting next_dagrun for read_dataset_event_from_classic to 2025-06-11 00:00:00+00:00, run_after=2025-06-12 00:00:00+00:00
[2025-06-12T11:12:10.887+0200] {processor.py:208} INFO - Processing /Users/gordanaristova/MyProjects/MyRpaProject/venv/lib/python3.10/site-packages/airflow/example_dags/example_inlet_event_extra.py took 0.059 seconds
[2025-06-12T11:22:15.614+0200] {processor.py:186} INFO - Started process (PID=10071) to work on /Users/gordanaristova/MyProjects/MyRpaProject/venv/lib/python3.10/site-packages/airflow/example_dags/example_inlet_event_extra.py
[2025-06-12T11:22:15.615+0200] {processor.py:914} INFO - Processing file /Users/gordanaristova/MyProjects/MyRpaProject/venv/lib/python3.10/site-packages/airflow/example_dags/example_inlet_event_extra.py for tasks to queue
[2025-06-12T11:22:15.615+0200] {logging_mixin.py:190} INFO - [2025-06-12T11:22:15.615+0200] {dagbag.py:588} INFO - Filling up the DagBag from /Users/gordanaristova/MyProjects/MyRpaProject/venv/lib/python3.10/site-packages/airflow/example_dags/example_inlet_event_extra.py
[2025-06-12T11:22:15.635+0200] {processor.py:925} INFO - DAG(s) 'read_dataset_event_from_classic', 'read_dataset_event' retrieved from /Users/gordanaristova/MyProjects/MyRpaProject/venv/lib/python3.10/site-packages/airflow/example_dags/example_inlet_event_extra.py
[2025-06-12T11:22:15.664+0200] {logging_mixin.py:190} INFO - [2025-06-12T11:22:15.664+0200] {dag.py:3239} INFO - Sync 2 DAGs
[2025-06-12T11:22:15.669+0200] {logging_mixin.py:190} INFO - [2025-06-12T11:22:15.669+0200] {dag.py:4180} INFO - Setting next_dagrun for read_dataset_event to 2025-06-11 00:00:00+00:00, run_after=2025-06-12 00:00:00+00:00
[2025-06-12T11:22:15.670+0200] {logging_mixin.py:190} INFO - [2025-06-12T11:22:15.670+0200] {dag.py:4180} INFO - Setting next_dagrun for read_dataset_event_from_classic to 2025-06-11 00:00:00+00:00, run_after=2025-06-12 00:00:00+00:00
[2025-06-12T11:22:15.675+0200] {processor.py:208} INFO - Processing /Users/gordanaristova/MyProjects/MyRpaProject/venv/lib/python3.10/site-packages/airflow/example_dags/example_inlet_event_extra.py took 0.061 seconds
[2025-06-12T11:41:31.524+0200] {processor.py:186} INFO - Started process (PID=10437) to work on /Users/gordanaristova/MyProjects/MyRpaProject/venv/lib/python3.10/site-packages/airflow/example_dags/example_inlet_event_extra.py
[2025-06-12T11:41:31.524+0200] {processor.py:914} INFO - Processing file /Users/gordanaristova/MyProjects/MyRpaProject/venv/lib/python3.10/site-packages/airflow/example_dags/example_inlet_event_extra.py for tasks to queue
[2025-06-12T11:41:31.524+0200] {logging_mixin.py:190} INFO - [2025-06-12T11:41:31.524+0200] {dagbag.py:588} INFO - Filling up the DagBag from /Users/gordanaristova/MyProjects/MyRpaProject/venv/lib/python3.10/site-packages/airflow/example_dags/example_inlet_event_extra.py
[2025-06-12T11:41:31.544+0200] {processor.py:925} INFO - DAG(s) 'read_dataset_event_from_classic', 'read_dataset_event' retrieved from /Users/gordanaristova/MyProjects/MyRpaProject/venv/lib/python3.10/site-packages/airflow/example_dags/example_inlet_event_extra.py
[2025-06-12T11:41:31.573+0200] {logging_mixin.py:190} INFO - [2025-06-12T11:41:31.572+0200] {dag.py:3239} INFO - Sync 2 DAGs
[2025-06-12T11:41:31.578+0200] {logging_mixin.py:190} INFO - [2025-06-12T11:41:31.578+0200] {dag.py:4180} INFO - Setting next_dagrun for read_dataset_event to 2025-06-11 00:00:00+00:00, run_after=2025-06-12 00:00:00+00:00
[2025-06-12T11:41:31.579+0200] {logging_mixin.py:190} INFO - [2025-06-12T11:41:31.579+0200] {dag.py:4180} INFO - Setting next_dagrun for read_dataset_event_from_classic to 2025-06-11 00:00:00+00:00, run_after=2025-06-12 00:00:00+00:00
[2025-06-12T11:41:31.583+0200] {processor.py:208} INFO - Processing /Users/gordanaristova/MyProjects/MyRpaProject/venv/lib/python3.10/site-packages/airflow/example_dags/example_inlet_event_extra.py took 0.061 seconds
[2025-06-12T11:50:21.182+0200] {processor.py:186} INFO - Started process (PID=10660) to work on /Users/gordanaristova/MyProjects/MyRpaProject/venv/lib/python3.10/site-packages/airflow/example_dags/example_inlet_event_extra.py
[2025-06-12T11:50:21.183+0200] {processor.py:914} INFO - Processing file /Users/gordanaristova/MyProjects/MyRpaProject/venv/lib/python3.10/site-packages/airflow/example_dags/example_inlet_event_extra.py for tasks to queue
[2025-06-12T11:50:21.183+0200] {logging_mixin.py:190} INFO - [2025-06-12T11:50:21.183+0200] {dagbag.py:588} INFO - Filling up the DagBag from /Users/gordanaristova/MyProjects/MyRpaProject/venv/lib/python3.10/site-packages/airflow/example_dags/example_inlet_event_extra.py
[2025-06-12T11:50:21.203+0200] {processor.py:925} INFO - DAG(s) 'read_dataset_event', 'read_dataset_event_from_classic' retrieved from /Users/gordanaristova/MyProjects/MyRpaProject/venv/lib/python3.10/site-packages/airflow/example_dags/example_inlet_event_extra.py
[2025-06-12T11:50:21.232+0200] {logging_mixin.py:190} INFO - [2025-06-12T11:50:21.232+0200] {dag.py:3239} INFO - Sync 2 DAGs
[2025-06-12T11:50:21.237+0200] {logging_mixin.py:190} INFO - [2025-06-12T11:50:21.237+0200] {dag.py:4180} INFO - Setting next_dagrun for read_dataset_event to 2025-06-11 00:00:00+00:00, run_after=2025-06-12 00:00:00+00:00
[2025-06-12T11:50:21.238+0200] {logging_mixin.py:190} INFO - [2025-06-12T11:50:21.238+0200] {dag.py:4180} INFO - Setting next_dagrun for read_dataset_event_from_classic to 2025-06-11 00:00:00+00:00, run_after=2025-06-12 00:00:00+00:00
[2025-06-12T11:50:21.242+0200] {processor.py:208} INFO - Processing /Users/gordanaristova/MyProjects/MyRpaProject/venv/lib/python3.10/site-packages/airflow/example_dags/example_inlet_event_extra.py took 0.062 seconds
[2025-06-12T11:52:09.032+0200] {processor.py:186} INFO - Started process (PID=10788) to work on /Users/gordanaristova/MyProjects/MyRpaProject/venv/lib/python3.10/site-packages/airflow/example_dags/example_inlet_event_extra.py
[2025-06-12T11:52:09.033+0200] {processor.py:914} INFO - Processing file /Users/gordanaristova/MyProjects/MyRpaProject/venv/lib/python3.10/site-packages/airflow/example_dags/example_inlet_event_extra.py for tasks to queue
[2025-06-12T11:52:09.033+0200] {logging_mixin.py:190} INFO - [2025-06-12T11:52:09.033+0200] {dagbag.py:588} INFO - Filling up the DagBag from /Users/gordanaristova/MyProjects/MyRpaProject/venv/lib/python3.10/site-packages/airflow/example_dags/example_inlet_event_extra.py
[2025-06-12T11:52:09.054+0200] {processor.py:925} INFO - DAG(s) 'read_dataset_event', 'read_dataset_event_from_classic' retrieved from /Users/gordanaristova/MyProjects/MyRpaProject/venv/lib/python3.10/site-packages/airflow/example_dags/example_inlet_event_extra.py
[2025-06-12T11:52:09.083+0200] {logging_mixin.py:190} INFO - [2025-06-12T11:52:09.083+0200] {dag.py:3239} INFO - Sync 2 DAGs
[2025-06-12T11:52:09.088+0200] {logging_mixin.py:190} INFO - [2025-06-12T11:52:09.088+0200] {dag.py:4180} INFO - Setting next_dagrun for read_dataset_event to 2025-06-11 00:00:00+00:00, run_after=2025-06-12 00:00:00+00:00
[2025-06-12T11:52:09.089+0200] {logging_mixin.py:190} INFO - [2025-06-12T11:52:09.089+0200] {dag.py:4180} INFO - Setting next_dagrun for read_dataset_event_from_classic to 2025-06-11 00:00:00+00:00, run_after=2025-06-12 00:00:00+00:00
[2025-06-12T11:52:09.094+0200] {processor.py:208} INFO - Processing /Users/gordanaristova/MyProjects/MyRpaProject/venv/lib/python3.10/site-packages/airflow/example_dags/example_inlet_event_extra.py took 0.062 seconds
[2025-06-12T11:53:58.334+0200] {processor.py:186} INFO - Started process (PID=10871) to work on /Users/gordanaristova/MyProjects/MyRpaProject/venv/lib/python3.10/site-packages/airflow/example_dags/example_inlet_event_extra.py
[2025-06-12T11:53:58.335+0200] {processor.py:914} INFO - Processing file /Users/gordanaristova/MyProjects/MyRpaProject/venv/lib/python3.10/site-packages/airflow/example_dags/example_inlet_event_extra.py for tasks to queue
[2025-06-12T11:53:58.335+0200] {logging_mixin.py:190} INFO - [2025-06-12T11:53:58.335+0200] {dagbag.py:588} INFO - Filling up the DagBag from /Users/gordanaristova/MyProjects/MyRpaProject/venv/lib/python3.10/site-packages/airflow/example_dags/example_inlet_event_extra.py
[2025-06-12T11:53:58.354+0200] {processor.py:925} INFO - DAG(s) 'read_dataset_event', 'read_dataset_event_from_classic' retrieved from /Users/gordanaristova/MyProjects/MyRpaProject/venv/lib/python3.10/site-packages/airflow/example_dags/example_inlet_event_extra.py
[2025-06-12T11:53:58.382+0200] {logging_mixin.py:190} INFO - [2025-06-12T11:53:58.382+0200] {dag.py:3239} INFO - Sync 2 DAGs
[2025-06-12T11:53:58.387+0200] {logging_mixin.py:190} INFO - [2025-06-12T11:53:58.387+0200] {dag.py:4180} INFO - Setting next_dagrun for read_dataset_event to 2025-06-11 00:00:00+00:00, run_after=2025-06-12 00:00:00+00:00
[2025-06-12T11:53:58.388+0200] {logging_mixin.py:190} INFO - [2025-06-12T11:53:58.388+0200] {dag.py:4180} INFO - Setting next_dagrun for read_dataset_event_from_classic to 2025-06-11 00:00:00+00:00, run_after=2025-06-12 00:00:00+00:00
[2025-06-12T11:53:58.392+0200] {processor.py:208} INFO - Processing /Users/gordanaristova/MyProjects/MyRpaProject/venv/lib/python3.10/site-packages/airflow/example_dags/example_inlet_event_extra.py took 0.059 seconds
[2025-06-12T11:55:44.987+0200] {processor.py:186} INFO - Started process (PID=10974) to work on /Users/gordanaristova/MyProjects/MyRpaProject/venv/lib/python3.10/site-packages/airflow/example_dags/example_inlet_event_extra.py
[2025-06-12T11:55:44.988+0200] {processor.py:914} INFO - Processing file /Users/gordanaristova/MyProjects/MyRpaProject/venv/lib/python3.10/site-packages/airflow/example_dags/example_inlet_event_extra.py for tasks to queue
[2025-06-12T11:55:44.988+0200] {logging_mixin.py:190} INFO - [2025-06-12T11:55:44.988+0200] {dagbag.py:588} INFO - Filling up the DagBag from /Users/gordanaristova/MyProjects/MyRpaProject/venv/lib/python3.10/site-packages/airflow/example_dags/example_inlet_event_extra.py
[2025-06-12T11:55:45.009+0200] {processor.py:925} INFO - DAG(s) 'read_dataset_event', 'read_dataset_event_from_classic' retrieved from /Users/gordanaristova/MyProjects/MyRpaProject/venv/lib/python3.10/site-packages/airflow/example_dags/example_inlet_event_extra.py
[2025-06-12T11:55:45.038+0200] {logging_mixin.py:190} INFO - [2025-06-12T11:55:45.038+0200] {dag.py:3239} INFO - Sync 2 DAGs
[2025-06-12T11:55:45.043+0200] {logging_mixin.py:190} INFO - [2025-06-12T11:55:45.043+0200] {dag.py:4180} INFO - Setting next_dagrun for read_dataset_event to 2025-06-11 00:00:00+00:00, run_after=2025-06-12 00:00:00+00:00
[2025-06-12T11:55:45.044+0200] {logging_mixin.py:190} INFO - [2025-06-12T11:55:45.044+0200] {dag.py:4180} INFO - Setting next_dagrun for read_dataset_event_from_classic to 2025-06-11 00:00:00+00:00, run_after=2025-06-12 00:00:00+00:00
[2025-06-12T11:55:45.049+0200] {processor.py:208} INFO - Processing /Users/gordanaristova/MyProjects/MyRpaProject/venv/lib/python3.10/site-packages/airflow/example_dags/example_inlet_event_extra.py took 0.062 seconds
[2025-06-12T11:57:36.223+0200] {processor.py:186} INFO - Started process (PID=11095) to work on /Users/gordanaristova/MyProjects/MyRpaProject/venv/lib/python3.10/site-packages/airflow/example_dags/example_inlet_event_extra.py
[2025-06-12T11:57:36.224+0200] {processor.py:914} INFO - Processing file /Users/gordanaristova/MyProjects/MyRpaProject/venv/lib/python3.10/site-packages/airflow/example_dags/example_inlet_event_extra.py for tasks to queue
[2025-06-12T11:57:36.225+0200] {logging_mixin.py:190} INFO - [2025-06-12T11:57:36.225+0200] {dagbag.py:588} INFO - Filling up the DagBag from /Users/gordanaristova/MyProjects/MyRpaProject/venv/lib/python3.10/site-packages/airflow/example_dags/example_inlet_event_extra.py
[2025-06-12T11:57:36.250+0200] {processor.py:925} INFO - DAG(s) 'read_dataset_event_from_classic', 'read_dataset_event' retrieved from /Users/gordanaristova/MyProjects/MyRpaProject/venv/lib/python3.10/site-packages/airflow/example_dags/example_inlet_event_extra.py
[2025-06-12T11:57:36.278+0200] {logging_mixin.py:190} INFO - [2025-06-12T11:57:36.278+0200] {dag.py:3239} INFO - Sync 2 DAGs
[2025-06-12T11:57:36.283+0200] {logging_mixin.py:190} INFO - [2025-06-12T11:57:36.283+0200] {dag.py:4180} INFO - Setting next_dagrun for read_dataset_event to 2025-06-11 00:00:00+00:00, run_after=2025-06-12 00:00:00+00:00
[2025-06-12T11:57:36.284+0200] {logging_mixin.py:190} INFO - [2025-06-12T11:57:36.284+0200] {dag.py:4180} INFO - Setting next_dagrun for read_dataset_event_from_classic to 2025-06-11 00:00:00+00:00, run_after=2025-06-12 00:00:00+00:00
[2025-06-12T11:57:36.289+0200] {processor.py:208} INFO - Processing /Users/gordanaristova/MyProjects/MyRpaProject/venv/lib/python3.10/site-packages/airflow/example_dags/example_inlet_event_extra.py took 0.066 seconds
[2025-06-12T13:15:07.604+0200] {processor.py:186} INFO - Started process (PID=13030) to work on /Users/gordanaristova/MyProjects/MyRpaProject/venv/lib/python3.10/site-packages/airflow/example_dags/example_inlet_event_extra.py
[2025-06-12T13:15:07.605+0200] {processor.py:914} INFO - Processing file /Users/gordanaristova/MyProjects/MyRpaProject/venv/lib/python3.10/site-packages/airflow/example_dags/example_inlet_event_extra.py for tasks to queue
[2025-06-12T13:15:07.605+0200] {logging_mixin.py:190} INFO - [2025-06-12T13:15:07.605+0200] {dagbag.py:588} INFO - Filling up the DagBag from /Users/gordanaristova/MyProjects/MyRpaProject/venv/lib/python3.10/site-packages/airflow/example_dags/example_inlet_event_extra.py
[2025-06-12T13:15:07.626+0200] {processor.py:925} INFO - DAG(s) 'read_dataset_event', 'read_dataset_event_from_classic' retrieved from /Users/gordanaristova/MyProjects/MyRpaProject/venv/lib/python3.10/site-packages/airflow/example_dags/example_inlet_event_extra.py
[2025-06-12T13:15:07.655+0200] {logging_mixin.py:190} INFO - [2025-06-12T13:15:07.655+0200] {dag.py:3239} INFO - Sync 2 DAGs
[2025-06-12T13:15:07.660+0200] {logging_mixin.py:190} INFO - [2025-06-12T13:15:07.660+0200] {dag.py:4180} INFO - Setting next_dagrun for read_dataset_event to 2025-06-11 00:00:00+00:00, run_after=2025-06-12 00:00:00+00:00
[2025-06-12T13:15:07.661+0200] {logging_mixin.py:190} INFO - [2025-06-12T13:15:07.661+0200] {dag.py:4180} INFO - Setting next_dagrun for read_dataset_event_from_classic to 2025-06-11 00:00:00+00:00, run_after=2025-06-12 00:00:00+00:00
[2025-06-12T13:15:07.666+0200] {processor.py:208} INFO - Processing /Users/gordanaristova/MyProjects/MyRpaProject/venv/lib/python3.10/site-packages/airflow/example_dags/example_inlet_event_extra.py took 0.063 seconds
