[2025-06-12T10:37:05.025+0200] {processor.py:186} INFO - Started process (PID=8441) to work on /Users/gordanaristova/MyProjects/MyRpaProject/venv/lib/python3.10/site-packages/airflow/example_dags/example_outlet_event_extra.py
[2025-06-12T10:37:05.025+0200] {processor.py:914} INFO - Processing file /Users/gordanaristova/MyProjects/MyRpaProject/venv/lib/python3.10/site-packages/airflow/example_dags/example_outlet_event_extra.py for tasks to queue
[2025-06-12T10:37:05.025+0200] {logging_mixin.py:190} INFO - [2025-06-12T10:37:05.025+0200] {dagbag.py:588} INFO - Filling up the DagBag from /Users/gordanaristova/MyProjects/MyRpaProject/venv/lib/python3.10/site-packages/airflow/example_dags/example_outlet_event_extra.py
[2025-06-12T10:37:05.052+0200] {processor.py:925} INFO - DAG(s) 'dataset_with_extra_by_yield', 'dataset_with_extra_from_classic_operator', 'dataset_with_extra_by_context' retrieved from /Users/gordanaristova/MyProjects/MyRpaProject/venv/lib/python3.10/site-packages/airflow/example_dags/example_outlet_event_extra.py
[2025-06-12T10:37:05.100+0200] {logging_mixin.py:190} INFO - [2025-06-12T10:37:05.100+0200] {override.py:1900} INFO - Created Permission View: can delete on DAG:dataset_with_extra_by_yield
[2025-06-12T10:37:05.102+0200] {logging_mixin.py:190} INFO - [2025-06-12T10:37:05.102+0200] {override.py:1900} INFO - Created Permission View: can edit on DAG:dataset_with_extra_by_yield
[2025-06-12T10:37:05.103+0200] {logging_mixin.py:190} INFO - [2025-06-12T10:37:05.103+0200] {override.py:1900} INFO - Created Permission View: can read on DAG:dataset_with_extra_by_yield
[2025-06-12T10:37:05.105+0200] {logging_mixin.py:190} INFO - [2025-06-12T10:37:05.105+0200] {override.py:1900} INFO - Created Permission View: can delete on DAG Run:dataset_with_extra_by_yield
[2025-06-12T10:37:05.106+0200] {logging_mixin.py:190} INFO - [2025-06-12T10:37:05.106+0200] {override.py:1900} INFO - Created Permission View: can create on DAG Run:dataset_with_extra_by_yield
[2025-06-12T10:37:05.108+0200] {logging_mixin.py:190} INFO - [2025-06-12T10:37:05.108+0200] {override.py:1900} INFO - Created Permission View: can read on DAG Run:dataset_with_extra_by_yield
[2025-06-12T10:37:05.109+0200] {logging_mixin.py:190} INFO - [2025-06-12T10:37:05.109+0200] {override.py:1900} INFO - Created Permission View: menu access on DAG Run:dataset_with_extra_by_yield
[2025-06-12T10:37:05.112+0200] {logging_mixin.py:190} INFO - [2025-06-12T10:37:05.112+0200] {override.py:1900} INFO - Created Permission View: can delete on DAG:dataset_with_extra_from_classic_operator
[2025-06-12T10:37:05.114+0200] {logging_mixin.py:190} INFO - [2025-06-12T10:37:05.114+0200] {override.py:1900} INFO - Created Permission View: can edit on DAG:dataset_with_extra_from_classic_operator
[2025-06-12T10:37:05.115+0200] {logging_mixin.py:190} INFO - [2025-06-12T10:37:05.115+0200] {override.py:1900} INFO - Created Permission View: can read on DAG:dataset_with_extra_from_classic_operator
[2025-06-12T10:37:05.117+0200] {logging_mixin.py:190} INFO - [2025-06-12T10:37:05.117+0200] {override.py:1900} INFO - Created Permission View: can delete on DAG Run:dataset_with_extra_from_classic_operator
[2025-06-12T10:37:05.118+0200] {logging_mixin.py:190} INFO - [2025-06-12T10:37:05.118+0200] {override.py:1900} INFO - Created Permission View: can create on DAG Run:dataset_with_extra_from_classic_operator
[2025-06-12T10:37:05.119+0200] {logging_mixin.py:190} INFO - [2025-06-12T10:37:05.119+0200] {override.py:1900} INFO - Created Permission View: can read on DAG Run:dataset_with_extra_from_classic_operator
[2025-06-12T10:37:05.120+0200] {logging_mixin.py:190} INFO - [2025-06-12T10:37:05.120+0200] {override.py:1900} INFO - Created Permission View: menu access on DAG Run:dataset_with_extra_from_classic_operator
[2025-06-12T10:37:05.123+0200] {logging_mixin.py:190} INFO - [2025-06-12T10:37:05.123+0200] {override.py:1900} INFO - Created Permission View: can delete on DAG:dataset_with_extra_by_context
[2025-06-12T10:37:05.124+0200] {logging_mixin.py:190} INFO - [2025-06-12T10:37:05.124+0200] {override.py:1900} INFO - Created Permission View: can edit on DAG:dataset_with_extra_by_context
[2025-06-12T10:37:05.126+0200] {logging_mixin.py:190} INFO - [2025-06-12T10:37:05.126+0200] {override.py:1900} INFO - Created Permission View: can read on DAG:dataset_with_extra_by_context
[2025-06-12T10:37:05.127+0200] {logging_mixin.py:190} INFO - [2025-06-12T10:37:05.127+0200] {override.py:1900} INFO - Created Permission View: can delete on DAG Run:dataset_with_extra_by_context
[2025-06-12T10:37:05.129+0200] {logging_mixin.py:190} INFO - [2025-06-12T10:37:05.129+0200] {override.py:1900} INFO - Created Permission View: can create on DAG Run:dataset_with_extra_by_context
[2025-06-12T10:37:05.130+0200] {logging_mixin.py:190} INFO - [2025-06-12T10:37:05.130+0200] {override.py:1900} INFO - Created Permission View: can read on DAG Run:dataset_with_extra_by_context
[2025-06-12T10:37:05.131+0200] {logging_mixin.py:190} INFO - [2025-06-12T10:37:05.131+0200] {override.py:1900} INFO - Created Permission View: menu access on DAG Run:dataset_with_extra_by_context
[2025-06-12T10:37:05.131+0200] {logging_mixin.py:190} INFO - [2025-06-12T10:37:05.131+0200] {dag.py:3239} INFO - Sync 3 DAGs
[2025-06-12T10:37:05.135+0200] {logging_mixin.py:190} INFO - [2025-06-12T10:37:05.135+0200] {dag.py:3262} INFO - Creating ORM DAG for dataset_with_extra_from_classic_operator
[2025-06-12T10:37:05.135+0200] {logging_mixin.py:190} INFO - [2025-06-12T10:37:05.135+0200] {dag.py:3262} INFO - Creating ORM DAG for dataset_with_extra_by_yield
[2025-06-12T10:37:05.135+0200] {logging_mixin.py:190} INFO - [2025-06-12T10:37:05.135+0200] {dag.py:3262} INFO - Creating ORM DAG for dataset_with_extra_by_context
[2025-06-12T10:37:05.137+0200] {logging_mixin.py:190} INFO - [2025-06-12T10:37:05.137+0200] {dag.py:4180} INFO - Setting next_dagrun for dataset_with_extra_by_context to 2025-06-11 00:00:00+00:00, run_after=2025-06-12 00:00:00+00:00
[2025-06-12T10:37:05.138+0200] {logging_mixin.py:190} INFO - [2025-06-12T10:37:05.138+0200] {dag.py:4180} INFO - Setting next_dagrun for dataset_with_extra_by_yield to 2025-06-11 00:00:00+00:00, run_after=2025-06-12 00:00:00+00:00
[2025-06-12T10:37:05.138+0200] {logging_mixin.py:190} INFO - [2025-06-12T10:37:05.138+0200] {dag.py:4180} INFO - Setting next_dagrun for dataset_with_extra_from_classic_operator to 2025-06-11 00:00:00+00:00, run_after=2025-06-12 00:00:00+00:00
[2025-06-12T10:37:05.302+0200] {processor.py:208} INFO - Processing /Users/gordanaristova/MyProjects/MyRpaProject/venv/lib/python3.10/site-packages/airflow/example_dags/example_outlet_event_extra.py took 0.278 seconds
[2025-06-12T10:38:30.591+0200] {processor.py:186} INFO - Started process (PID=8515) to work on /Users/gordanaristova/MyProjects/MyRpaProject/venv/lib/python3.10/site-packages/airflow/example_dags/example_outlet_event_extra.py
[2025-06-12T10:38:30.592+0200] {processor.py:914} INFO - Processing file /Users/gordanaristova/MyProjects/MyRpaProject/venv/lib/python3.10/site-packages/airflow/example_dags/example_outlet_event_extra.py for tasks to queue
[2025-06-12T10:38:30.593+0200] {logging_mixin.py:190} INFO - [2025-06-12T10:38:30.593+0200] {dagbag.py:588} INFO - Filling up the DagBag from /Users/gordanaristova/MyProjects/MyRpaProject/venv/lib/python3.10/site-packages/airflow/example_dags/example_outlet_event_extra.py
[2025-06-12T10:38:30.620+0200] {processor.py:925} INFO - DAG(s) 'dataset_with_extra_from_classic_operator', 'dataset_with_extra_by_yield', 'dataset_with_extra_by_context' retrieved from /Users/gordanaristova/MyProjects/MyRpaProject/venv/lib/python3.10/site-packages/airflow/example_dags/example_outlet_event_extra.py
[2025-06-12T10:38:30.648+0200] {logging_mixin.py:190} INFO - [2025-06-12T10:38:30.648+0200] {dag.py:3239} INFO - Sync 3 DAGs
[2025-06-12T10:38:30.653+0200] {logging_mixin.py:190} INFO - [2025-06-12T10:38:30.653+0200] {dag.py:4180} INFO - Setting next_dagrun for dataset_with_extra_by_context to 2025-06-11 00:00:00+00:00, run_after=2025-06-12 00:00:00+00:00
[2025-06-12T10:38:30.654+0200] {logging_mixin.py:190} INFO - [2025-06-12T10:38:30.654+0200] {dag.py:4180} INFO - Setting next_dagrun for dataset_with_extra_by_yield to 2025-06-11 00:00:00+00:00, run_after=2025-06-12 00:00:00+00:00
[2025-06-12T10:38:30.655+0200] {logging_mixin.py:190} INFO - [2025-06-12T10:38:30.655+0200] {dag.py:4180} INFO - Setting next_dagrun for dataset_with_extra_from_classic_operator to 2025-06-11 00:00:00+00:00, run_after=2025-06-12 00:00:00+00:00
[2025-06-12T10:38:30.660+0200] {processor.py:208} INFO - Processing /Users/gordanaristova/MyProjects/MyRpaProject/venv/lib/python3.10/site-packages/airflow/example_dags/example_outlet_event_extra.py took 0.069 seconds
[2025-06-12T10:40:14.185+0200] {processor.py:186} INFO - Started process (PID=8599) to work on /Users/gordanaristova/MyProjects/MyRpaProject/venv/lib/python3.10/site-packages/airflow/example_dags/example_outlet_event_extra.py
[2025-06-12T10:40:14.186+0200] {processor.py:914} INFO - Processing file /Users/gordanaristova/MyProjects/MyRpaProject/venv/lib/python3.10/site-packages/airflow/example_dags/example_outlet_event_extra.py for tasks to queue
[2025-06-12T10:40:14.186+0200] {logging_mixin.py:190} INFO - [2025-06-12T10:40:14.186+0200] {dagbag.py:588} INFO - Filling up the DagBag from /Users/gordanaristova/MyProjects/MyRpaProject/venv/lib/python3.10/site-packages/airflow/example_dags/example_outlet_event_extra.py
[2025-06-12T10:40:14.208+0200] {processor.py:925} INFO - DAG(s) 'dataset_with_extra_by_context', 'dataset_with_extra_by_yield', 'dataset_with_extra_from_classic_operator' retrieved from /Users/gordanaristova/MyProjects/MyRpaProject/venv/lib/python3.10/site-packages/airflow/example_dags/example_outlet_event_extra.py
[2025-06-12T10:40:14.238+0200] {logging_mixin.py:190} INFO - [2025-06-12T10:40:14.238+0200] {dag.py:3239} INFO - Sync 3 DAGs
[2025-06-12T10:40:14.243+0200] {logging_mixin.py:190} INFO - [2025-06-12T10:40:14.243+0200] {dag.py:4180} INFO - Setting next_dagrun for dataset_with_extra_by_context to 2025-06-11 00:00:00+00:00, run_after=2025-06-12 00:00:00+00:00
[2025-06-12T10:40:14.244+0200] {logging_mixin.py:190} INFO - [2025-06-12T10:40:14.244+0200] {dag.py:4180} INFO - Setting next_dagrun for dataset_with_extra_by_yield to 2025-06-11 00:00:00+00:00, run_after=2025-06-12 00:00:00+00:00
[2025-06-12T10:40:14.245+0200] {logging_mixin.py:190} INFO - [2025-06-12T10:40:14.245+0200] {dag.py:4180} INFO - Setting next_dagrun for dataset_with_extra_from_classic_operator to 2025-06-11 00:00:00+00:00, run_after=2025-06-12 00:00:00+00:00
[2025-06-12T10:40:14.250+0200] {processor.py:208} INFO - Processing /Users/gordanaristova/MyProjects/MyRpaProject/venv/lib/python3.10/site-packages/airflow/example_dags/example_outlet_event_extra.py took 0.066 seconds
[2025-06-12T10:41:58.964+0200] {processor.py:186} INFO - Started process (PID=8687) to work on /Users/gordanaristova/MyProjects/MyRpaProject/venv/lib/python3.10/site-packages/airflow/example_dags/example_outlet_event_extra.py
[2025-06-12T10:41:58.965+0200] {processor.py:914} INFO - Processing file /Users/gordanaristova/MyProjects/MyRpaProject/venv/lib/python3.10/site-packages/airflow/example_dags/example_outlet_event_extra.py for tasks to queue
[2025-06-12T10:41:58.965+0200] {logging_mixin.py:190} INFO - [2025-06-12T10:41:58.965+0200] {dagbag.py:588} INFO - Filling up the DagBag from /Users/gordanaristova/MyProjects/MyRpaProject/venv/lib/python3.10/site-packages/airflow/example_dags/example_outlet_event_extra.py
[2025-06-12T10:41:58.985+0200] {processor.py:925} INFO - DAG(s) 'dataset_with_extra_by_context', 'dataset_with_extra_by_yield', 'dataset_with_extra_from_classic_operator' retrieved from /Users/gordanaristova/MyProjects/MyRpaProject/venv/lib/python3.10/site-packages/airflow/example_dags/example_outlet_event_extra.py
[2025-06-12T10:41:59.014+0200] {logging_mixin.py:190} INFO - [2025-06-12T10:41:59.014+0200] {dag.py:3239} INFO - Sync 3 DAGs
[2025-06-12T10:41:59.020+0200] {logging_mixin.py:190} INFO - [2025-06-12T10:41:59.020+0200] {dag.py:4180} INFO - Setting next_dagrun for dataset_with_extra_by_context to 2025-06-11 00:00:00+00:00, run_after=2025-06-12 00:00:00+00:00
[2025-06-12T10:41:59.021+0200] {logging_mixin.py:190} INFO - [2025-06-12T10:41:59.021+0200] {dag.py:4180} INFO - Setting next_dagrun for dataset_with_extra_by_yield to 2025-06-11 00:00:00+00:00, run_after=2025-06-12 00:00:00+00:00
[2025-06-12T10:41:59.021+0200] {logging_mixin.py:190} INFO - [2025-06-12T10:41:59.021+0200] {dag.py:4180} INFO - Setting next_dagrun for dataset_with_extra_from_classic_operator to 2025-06-11 00:00:00+00:00, run_after=2025-06-12 00:00:00+00:00
[2025-06-12T10:41:59.027+0200] {processor.py:208} INFO - Processing /Users/gordanaristova/MyProjects/MyRpaProject/venv/lib/python3.10/site-packages/airflow/example_dags/example_outlet_event_extra.py took 0.064 seconds
[2025-06-12T10:43:46.253+0200] {processor.py:186} INFO - Started process (PID=8838) to work on /Users/gordanaristova/MyProjects/MyRpaProject/venv/lib/python3.10/site-packages/airflow/example_dags/example_outlet_event_extra.py
[2025-06-12T10:43:46.253+0200] {processor.py:914} INFO - Processing file /Users/gordanaristova/MyProjects/MyRpaProject/venv/lib/python3.10/site-packages/airflow/example_dags/example_outlet_event_extra.py for tasks to queue
[2025-06-12T10:43:46.253+0200] {logging_mixin.py:190} INFO - [2025-06-12T10:43:46.253+0200] {dagbag.py:588} INFO - Filling up the DagBag from /Users/gordanaristova/MyProjects/MyRpaProject/venv/lib/python3.10/site-packages/airflow/example_dags/example_outlet_event_extra.py
[2025-06-12T10:43:46.279+0200] {processor.py:925} INFO - DAG(s) 'dataset_with_extra_from_classic_operator', 'dataset_with_extra_by_context', 'dataset_with_extra_by_yield' retrieved from /Users/gordanaristova/MyProjects/MyRpaProject/venv/lib/python3.10/site-packages/airflow/example_dags/example_outlet_event_extra.py
[2025-06-12T10:43:46.309+0200] {logging_mixin.py:190} INFO - [2025-06-12T10:43:46.309+0200] {dag.py:3239} INFO - Sync 3 DAGs
[2025-06-12T10:43:46.314+0200] {logging_mixin.py:190} INFO - [2025-06-12T10:43:46.314+0200] {dag.py:4180} INFO - Setting next_dagrun for dataset_with_extra_by_context to 2025-06-11 00:00:00+00:00, run_after=2025-06-12 00:00:00+00:00
[2025-06-12T10:43:46.315+0200] {logging_mixin.py:190} INFO - [2025-06-12T10:43:46.315+0200] {dag.py:4180} INFO - Setting next_dagrun for dataset_with_extra_by_yield to 2025-06-11 00:00:00+00:00, run_after=2025-06-12 00:00:00+00:00
[2025-06-12T10:43:46.316+0200] {logging_mixin.py:190} INFO - [2025-06-12T10:43:46.316+0200] {dag.py:4180} INFO - Setting next_dagrun for dataset_with_extra_from_classic_operator to 2025-06-11 00:00:00+00:00, run_after=2025-06-12 00:00:00+00:00
[2025-06-12T10:43:46.322+0200] {processor.py:208} INFO - Processing /Users/gordanaristova/MyProjects/MyRpaProject/venv/lib/python3.10/site-packages/airflow/example_dags/example_outlet_event_extra.py took 0.070 seconds
[2025-06-12T10:45:32.310+0200] {processor.py:186} INFO - Started process (PID=8922) to work on /Users/gordanaristova/MyProjects/MyRpaProject/venv/lib/python3.10/site-packages/airflow/example_dags/example_outlet_event_extra.py
[2025-06-12T10:45:32.311+0200] {processor.py:914} INFO - Processing file /Users/gordanaristova/MyProjects/MyRpaProject/venv/lib/python3.10/site-packages/airflow/example_dags/example_outlet_event_extra.py for tasks to queue
[2025-06-12T10:45:32.311+0200] {logging_mixin.py:190} INFO - [2025-06-12T10:45:32.311+0200] {dagbag.py:588} INFO - Filling up the DagBag from /Users/gordanaristova/MyProjects/MyRpaProject/venv/lib/python3.10/site-packages/airflow/example_dags/example_outlet_event_extra.py
[2025-06-12T10:45:32.332+0200] {processor.py:925} INFO - DAG(s) 'dataset_with_extra_from_classic_operator', 'dataset_with_extra_by_context', 'dataset_with_extra_by_yield' retrieved from /Users/gordanaristova/MyProjects/MyRpaProject/venv/lib/python3.10/site-packages/airflow/example_dags/example_outlet_event_extra.py
[2025-06-12T10:45:32.361+0200] {logging_mixin.py:190} INFO - [2025-06-12T10:45:32.361+0200] {dag.py:3239} INFO - Sync 3 DAGs
[2025-06-12T10:45:32.366+0200] {logging_mixin.py:190} INFO - [2025-06-12T10:45:32.366+0200] {dag.py:4180} INFO - Setting next_dagrun for dataset_with_extra_by_context to 2025-06-11 00:00:00+00:00, run_after=2025-06-12 00:00:00+00:00
[2025-06-12T10:45:32.367+0200] {logging_mixin.py:190} INFO - [2025-06-12T10:45:32.367+0200] {dag.py:4180} INFO - Setting next_dagrun for dataset_with_extra_by_yield to 2025-06-11 00:00:00+00:00, run_after=2025-06-12 00:00:00+00:00
[2025-06-12T10:45:32.368+0200] {logging_mixin.py:190} INFO - [2025-06-12T10:45:32.368+0200] {dag.py:4180} INFO - Setting next_dagrun for dataset_with_extra_from_classic_operator to 2025-06-11 00:00:00+00:00, run_after=2025-06-12 00:00:00+00:00
[2025-06-12T10:45:32.373+0200] {processor.py:208} INFO - Processing /Users/gordanaristova/MyProjects/MyRpaProject/venv/lib/python3.10/site-packages/airflow/example_dags/example_outlet_event_extra.py took 0.064 seconds
[2025-06-12T10:47:17.026+0200] {processor.py:186} INFO - Started process (PID=9043) to work on /Users/gordanaristova/MyProjects/MyRpaProject/venv/lib/python3.10/site-packages/airflow/example_dags/example_outlet_event_extra.py
[2025-06-12T10:47:17.027+0200] {processor.py:914} INFO - Processing file /Users/gordanaristova/MyProjects/MyRpaProject/venv/lib/python3.10/site-packages/airflow/example_dags/example_outlet_event_extra.py for tasks to queue
[2025-06-12T10:47:17.027+0200] {logging_mixin.py:190} INFO - [2025-06-12T10:47:17.027+0200] {dagbag.py:588} INFO - Filling up the DagBag from /Users/gordanaristova/MyProjects/MyRpaProject/venv/lib/python3.10/site-packages/airflow/example_dags/example_outlet_event_extra.py
[2025-06-12T10:47:17.053+0200] {processor.py:925} INFO - DAG(s) 'dataset_with_extra_by_yield', 'dataset_with_extra_by_context', 'dataset_with_extra_from_classic_operator' retrieved from /Users/gordanaristova/MyProjects/MyRpaProject/venv/lib/python3.10/site-packages/airflow/example_dags/example_outlet_event_extra.py
[2025-06-12T10:47:17.082+0200] {logging_mixin.py:190} INFO - [2025-06-12T10:47:17.082+0200] {dag.py:3239} INFO - Sync 3 DAGs
[2025-06-12T10:47:17.088+0200] {logging_mixin.py:190} INFO - [2025-06-12T10:47:17.088+0200] {dag.py:4180} INFO - Setting next_dagrun for dataset_with_extra_by_context to 2025-06-11 00:00:00+00:00, run_after=2025-06-12 00:00:00+00:00
[2025-06-12T10:47:17.089+0200] {logging_mixin.py:190} INFO - [2025-06-12T10:47:17.089+0200] {dag.py:4180} INFO - Setting next_dagrun for dataset_with_extra_by_yield to 2025-06-11 00:00:00+00:00, run_after=2025-06-12 00:00:00+00:00
[2025-06-12T10:47:17.089+0200] {logging_mixin.py:190} INFO - [2025-06-12T10:47:17.089+0200] {dag.py:4180} INFO - Setting next_dagrun for dataset_with_extra_from_classic_operator to 2025-06-11 00:00:00+00:00, run_after=2025-06-12 00:00:00+00:00
[2025-06-12T10:47:17.095+0200] {processor.py:208} INFO - Processing /Users/gordanaristova/MyProjects/MyRpaProject/venv/lib/python3.10/site-packages/airflow/example_dags/example_outlet_event_extra.py took 0.069 seconds
[2025-06-12T10:49:10.722+0200] {processor.py:186} INFO - Started process (PID=9192) to work on /Users/gordanaristova/MyProjects/MyRpaProject/venv/lib/python3.10/site-packages/airflow/example_dags/example_outlet_event_extra.py
[2025-06-12T10:49:10.723+0200] {processor.py:914} INFO - Processing file /Users/gordanaristova/MyProjects/MyRpaProject/venv/lib/python3.10/site-packages/airflow/example_dags/example_outlet_event_extra.py for tasks to queue
[2025-06-12T10:49:10.723+0200] {logging_mixin.py:190} INFO - [2025-06-12T10:49:10.723+0200] {dagbag.py:588} INFO - Filling up the DagBag from /Users/gordanaristova/MyProjects/MyRpaProject/venv/lib/python3.10/site-packages/airflow/example_dags/example_outlet_event_extra.py
[2025-06-12T10:49:10.744+0200] {processor.py:925} INFO - DAG(s) 'dataset_with_extra_by_context', 'dataset_with_extra_from_classic_operator', 'dataset_with_extra_by_yield' retrieved from /Users/gordanaristova/MyProjects/MyRpaProject/venv/lib/python3.10/site-packages/airflow/example_dags/example_outlet_event_extra.py
[2025-06-12T10:49:10.774+0200] {logging_mixin.py:190} INFO - [2025-06-12T10:49:10.774+0200] {dag.py:3239} INFO - Sync 3 DAGs
[2025-06-12T10:49:10.779+0200] {logging_mixin.py:190} INFO - [2025-06-12T10:49:10.779+0200] {dag.py:4180} INFO - Setting next_dagrun for dataset_with_extra_by_context to 2025-06-11 00:00:00+00:00, run_after=2025-06-12 00:00:00+00:00
[2025-06-12T10:49:10.780+0200] {logging_mixin.py:190} INFO - [2025-06-12T10:49:10.780+0200] {dag.py:4180} INFO - Setting next_dagrun for dataset_with_extra_by_yield to 2025-06-11 00:00:00+00:00, run_after=2025-06-12 00:00:00+00:00
[2025-06-12T10:49:10.781+0200] {logging_mixin.py:190} INFO - [2025-06-12T10:49:10.781+0200] {dag.py:4180} INFO - Setting next_dagrun for dataset_with_extra_from_classic_operator to 2025-06-11 00:00:00+00:00, run_after=2025-06-12 00:00:00+00:00
[2025-06-12T10:49:10.786+0200] {processor.py:208} INFO - Processing /Users/gordanaristova/MyProjects/MyRpaProject/venv/lib/python3.10/site-packages/airflow/example_dags/example_outlet_event_extra.py took 0.065 seconds
[2025-06-12T10:57:17.569+0200] {processor.py:186} INFO - Started process (PID=9453) to work on /Users/gordanaristova/MyProjects/MyRpaProject/venv/lib/python3.10/site-packages/airflow/example_dags/example_outlet_event_extra.py
[2025-06-12T10:57:17.569+0200] {processor.py:914} INFO - Processing file /Users/gordanaristova/MyProjects/MyRpaProject/venv/lib/python3.10/site-packages/airflow/example_dags/example_outlet_event_extra.py for tasks to queue
[2025-06-12T10:57:17.570+0200] {logging_mixin.py:190} INFO - [2025-06-12T10:57:17.570+0200] {dagbag.py:588} INFO - Filling up the DagBag from /Users/gordanaristova/MyProjects/MyRpaProject/venv/lib/python3.10/site-packages/airflow/example_dags/example_outlet_event_extra.py
[2025-06-12T10:57:17.597+0200] {processor.py:925} INFO - DAG(s) 'dataset_with_extra_by_context', 'dataset_with_extra_by_yield', 'dataset_with_extra_from_classic_operator' retrieved from /Users/gordanaristova/MyProjects/MyRpaProject/venv/lib/python3.10/site-packages/airflow/example_dags/example_outlet_event_extra.py
[2025-06-12T10:57:17.625+0200] {logging_mixin.py:190} INFO - [2025-06-12T10:57:17.625+0200] {dag.py:3239} INFO - Sync 3 DAGs
[2025-06-12T10:57:17.630+0200] {logging_mixin.py:190} INFO - [2025-06-12T10:57:17.630+0200] {dag.py:4180} INFO - Setting next_dagrun for dataset_with_extra_by_context to 2025-06-11 00:00:00+00:00, run_after=2025-06-12 00:00:00+00:00
[2025-06-12T10:57:17.631+0200] {logging_mixin.py:190} INFO - [2025-06-12T10:57:17.631+0200] {dag.py:4180} INFO - Setting next_dagrun for dataset_with_extra_by_yield to 2025-06-11 00:00:00+00:00, run_after=2025-06-12 00:00:00+00:00
[2025-06-12T10:57:17.632+0200] {logging_mixin.py:190} INFO - [2025-06-12T10:57:17.632+0200] {dag.py:4180} INFO - Setting next_dagrun for dataset_with_extra_from_classic_operator to 2025-06-11 00:00:00+00:00, run_after=2025-06-12 00:00:00+00:00
[2025-06-12T10:57:17.637+0200] {processor.py:208} INFO - Processing /Users/gordanaristova/MyProjects/MyRpaProject/venv/lib/python3.10/site-packages/airflow/example_dags/example_outlet_event_extra.py took 0.069 seconds
[2025-06-12T11:12:02.020+0200] {processor.py:186} INFO - Started process (PID=9775) to work on /Users/gordanaristova/MyProjects/MyRpaProject/venv/lib/python3.10/site-packages/airflow/example_dags/example_outlet_event_extra.py
[2025-06-12T11:12:02.021+0200] {processor.py:914} INFO - Processing file /Users/gordanaristova/MyProjects/MyRpaProject/venv/lib/python3.10/site-packages/airflow/example_dags/example_outlet_event_extra.py for tasks to queue
[2025-06-12T11:12:02.021+0200] {logging_mixin.py:190} INFO - [2025-06-12T11:12:02.021+0200] {dagbag.py:588} INFO - Filling up the DagBag from /Users/gordanaristova/MyProjects/MyRpaProject/venv/lib/python3.10/site-packages/airflow/example_dags/example_outlet_event_extra.py
[2025-06-12T11:12:02.042+0200] {processor.py:925} INFO - DAG(s) 'dataset_with_extra_from_classic_operator', 'dataset_with_extra_by_context', 'dataset_with_extra_by_yield' retrieved from /Users/gordanaristova/MyProjects/MyRpaProject/venv/lib/python3.10/site-packages/airflow/example_dags/example_outlet_event_extra.py
[2025-06-12T11:12:02.071+0200] {logging_mixin.py:190} INFO - [2025-06-12T11:12:02.071+0200] {dag.py:3239} INFO - Sync 3 DAGs
[2025-06-12T11:12:02.076+0200] {logging_mixin.py:190} INFO - [2025-06-12T11:12:02.076+0200] {dag.py:4180} INFO - Setting next_dagrun for dataset_with_extra_by_context to 2025-06-11 00:00:00+00:00, run_after=2025-06-12 00:00:00+00:00
[2025-06-12T11:12:02.078+0200] {logging_mixin.py:190} INFO - [2025-06-12T11:12:02.077+0200] {dag.py:4180} INFO - Setting next_dagrun for dataset_with_extra_by_yield to 2025-06-11 00:00:00+00:00, run_after=2025-06-12 00:00:00+00:00
[2025-06-12T11:12:02.078+0200] {logging_mixin.py:190} INFO - [2025-06-12T11:12:02.078+0200] {dag.py:4180} INFO - Setting next_dagrun for dataset_with_extra_from_classic_operator to 2025-06-11 00:00:00+00:00, run_after=2025-06-12 00:00:00+00:00
[2025-06-12T11:12:02.083+0200] {processor.py:208} INFO - Processing /Users/gordanaristova/MyProjects/MyRpaProject/venv/lib/python3.10/site-packages/airflow/example_dags/example_outlet_event_extra.py took 0.065 seconds
[2025-06-12T11:22:06.709+0200] {processor.py:186} INFO - Started process (PID=10060) to work on /Users/gordanaristova/MyProjects/MyRpaProject/venv/lib/python3.10/site-packages/airflow/example_dags/example_outlet_event_extra.py
[2025-06-12T11:22:06.710+0200] {processor.py:914} INFO - Processing file /Users/gordanaristova/MyProjects/MyRpaProject/venv/lib/python3.10/site-packages/airflow/example_dags/example_outlet_event_extra.py for tasks to queue
[2025-06-12T11:22:06.710+0200] {logging_mixin.py:190} INFO - [2025-06-12T11:22:06.710+0200] {dagbag.py:588} INFO - Filling up the DagBag from /Users/gordanaristova/MyProjects/MyRpaProject/venv/lib/python3.10/site-packages/airflow/example_dags/example_outlet_event_extra.py
[2025-06-12T11:22:06.737+0200] {processor.py:925} INFO - DAG(s) 'dataset_with_extra_by_yield', 'dataset_with_extra_by_context', 'dataset_with_extra_from_classic_operator' retrieved from /Users/gordanaristova/MyProjects/MyRpaProject/venv/lib/python3.10/site-packages/airflow/example_dags/example_outlet_event_extra.py
[2025-06-12T11:22:06.766+0200] {logging_mixin.py:190} INFO - [2025-06-12T11:22:06.766+0200] {dag.py:3239} INFO - Sync 3 DAGs
[2025-06-12T11:22:06.771+0200] {logging_mixin.py:190} INFO - [2025-06-12T11:22:06.771+0200] {dag.py:4180} INFO - Setting next_dagrun for dataset_with_extra_by_context to 2025-06-11 00:00:00+00:00, run_after=2025-06-12 00:00:00+00:00
[2025-06-12T11:22:06.772+0200] {logging_mixin.py:190} INFO - [2025-06-12T11:22:06.772+0200] {dag.py:4180} INFO - Setting next_dagrun for dataset_with_extra_by_yield to 2025-06-11 00:00:00+00:00, run_after=2025-06-12 00:00:00+00:00
[2025-06-12T11:22:06.773+0200] {logging_mixin.py:190} INFO - [2025-06-12T11:22:06.773+0200] {dag.py:4180} INFO - Setting next_dagrun for dataset_with_extra_from_classic_operator to 2025-06-11 00:00:00+00:00, run_after=2025-06-12 00:00:00+00:00
[2025-06-12T11:22:06.778+0200] {processor.py:208} INFO - Processing /Users/gordanaristova/MyProjects/MyRpaProject/venv/lib/python3.10/site-packages/airflow/example_dags/example_outlet_event_extra.py took 0.070 seconds
[2025-06-12T11:23:33.549+0200] {processor.py:186} INFO - Started process (PID=10152) to work on /Users/gordanaristova/MyProjects/MyRpaProject/venv/lib/python3.10/site-packages/airflow/example_dags/example_outlet_event_extra.py
[2025-06-12T11:23:33.549+0200] {processor.py:914} INFO - Processing file /Users/gordanaristova/MyProjects/MyRpaProject/venv/lib/python3.10/site-packages/airflow/example_dags/example_outlet_event_extra.py for tasks to queue
[2025-06-12T11:23:33.550+0200] {logging_mixin.py:190} INFO - [2025-06-12T11:23:33.550+0200] {dagbag.py:588} INFO - Filling up the DagBag from /Users/gordanaristova/MyProjects/MyRpaProject/venv/lib/python3.10/site-packages/airflow/example_dags/example_outlet_event_extra.py
[2025-06-12T11:23:33.577+0200] {processor.py:925} INFO - DAG(s) 'dataset_with_extra_by_yield', 'dataset_with_extra_from_classic_operator', 'dataset_with_extra_by_context' retrieved from /Users/gordanaristova/MyProjects/MyRpaProject/venv/lib/python3.10/site-packages/airflow/example_dags/example_outlet_event_extra.py
[2025-06-12T11:23:33.606+0200] {logging_mixin.py:190} INFO - [2025-06-12T11:23:33.605+0200] {dag.py:3239} INFO - Sync 3 DAGs
[2025-06-12T11:23:33.611+0200] {logging_mixin.py:190} INFO - [2025-06-12T11:23:33.611+0200] {dag.py:4180} INFO - Setting next_dagrun for dataset_with_extra_by_context to 2025-06-11 00:00:00+00:00, run_after=2025-06-12 00:00:00+00:00
[2025-06-12T11:23:33.612+0200] {logging_mixin.py:190} INFO - [2025-06-12T11:23:33.612+0200] {dag.py:4180} INFO - Setting next_dagrun for dataset_with_extra_by_yield to 2025-06-11 00:00:00+00:00, run_after=2025-06-12 00:00:00+00:00
[2025-06-12T11:23:33.612+0200] {logging_mixin.py:190} INFO - [2025-06-12T11:23:33.612+0200] {dag.py:4180} INFO - Setting next_dagrun for dataset_with_extra_from_classic_operator to 2025-06-11 00:00:00+00:00, run_after=2025-06-12 00:00:00+00:00
[2025-06-12T11:23:33.618+0200] {processor.py:208} INFO - Processing /Users/gordanaristova/MyProjects/MyRpaProject/venv/lib/python3.10/site-packages/airflow/example_dags/example_outlet_event_extra.py took 0.070 seconds
[2025-06-12T11:41:22.664+0200] {processor.py:186} INFO - Started process (PID=10426) to work on /Users/gordanaristova/MyProjects/MyRpaProject/venv/lib/python3.10/site-packages/airflow/example_dags/example_outlet_event_extra.py
[2025-06-12T11:41:22.665+0200] {processor.py:914} INFO - Processing file /Users/gordanaristova/MyProjects/MyRpaProject/venv/lib/python3.10/site-packages/airflow/example_dags/example_outlet_event_extra.py for tasks to queue
[2025-06-12T11:41:22.665+0200] {logging_mixin.py:190} INFO - [2025-06-12T11:41:22.665+0200] {dagbag.py:588} INFO - Filling up the DagBag from /Users/gordanaristova/MyProjects/MyRpaProject/venv/lib/python3.10/site-packages/airflow/example_dags/example_outlet_event_extra.py
[2025-06-12T11:41:22.692+0200] {processor.py:925} INFO - DAG(s) 'dataset_with_extra_by_yield', 'dataset_with_extra_from_classic_operator', 'dataset_with_extra_by_context' retrieved from /Users/gordanaristova/MyProjects/MyRpaProject/venv/lib/python3.10/site-packages/airflow/example_dags/example_outlet_event_extra.py
[2025-06-12T11:41:22.721+0200] {logging_mixin.py:190} INFO - [2025-06-12T11:41:22.720+0200] {dag.py:3239} INFO - Sync 3 DAGs
[2025-06-12T11:41:22.726+0200] {logging_mixin.py:190} INFO - [2025-06-12T11:41:22.726+0200] {dag.py:4180} INFO - Setting next_dagrun for dataset_with_extra_by_context to 2025-06-11 00:00:00+00:00, run_after=2025-06-12 00:00:00+00:00
[2025-06-12T11:41:22.727+0200] {logging_mixin.py:190} INFO - [2025-06-12T11:41:22.727+0200] {dag.py:4180} INFO - Setting next_dagrun for dataset_with_extra_by_yield to 2025-06-11 00:00:00+00:00, run_after=2025-06-12 00:00:00+00:00
[2025-06-12T11:41:22.727+0200] {logging_mixin.py:190} INFO - [2025-06-12T11:41:22.727+0200] {dag.py:4180} INFO - Setting next_dagrun for dataset_with_extra_from_classic_operator to 2025-06-11 00:00:00+00:00, run_after=2025-06-12 00:00:00+00:00
[2025-06-12T11:41:22.733+0200] {processor.py:208} INFO - Processing /Users/gordanaristova/MyProjects/MyRpaProject/venv/lib/python3.10/site-packages/airflow/example_dags/example_outlet_event_extra.py took 0.069 seconds
[2025-06-12T11:42:47.712+0200] {processor.py:186} INFO - Started process (PID=10515) to work on /Users/gordanaristova/MyProjects/MyRpaProject/venv/lib/python3.10/site-packages/airflow/example_dags/example_outlet_event_extra.py
[2025-06-12T11:42:47.713+0200] {processor.py:914} INFO - Processing file /Users/gordanaristova/MyProjects/MyRpaProject/venv/lib/python3.10/site-packages/airflow/example_dags/example_outlet_event_extra.py for tasks to queue
[2025-06-12T11:42:47.714+0200] {logging_mixin.py:190} INFO - [2025-06-12T11:42:47.714+0200] {dagbag.py:588} INFO - Filling up the DagBag from /Users/gordanaristova/MyProjects/MyRpaProject/venv/lib/python3.10/site-packages/airflow/example_dags/example_outlet_event_extra.py
[2025-06-12T11:42:47.744+0200] {processor.py:925} INFO - DAG(s) 'dataset_with_extra_from_classic_operator', 'dataset_with_extra_by_yield', 'dataset_with_extra_by_context' retrieved from /Users/gordanaristova/MyProjects/MyRpaProject/venv/lib/python3.10/site-packages/airflow/example_dags/example_outlet_event_extra.py
[2025-06-12T11:42:47.773+0200] {logging_mixin.py:190} INFO - [2025-06-12T11:42:47.773+0200] {dag.py:3239} INFO - Sync 3 DAGs
[2025-06-12T11:42:47.779+0200] {logging_mixin.py:190} INFO - [2025-06-12T11:42:47.779+0200] {dag.py:4180} INFO - Setting next_dagrun for dataset_with_extra_by_context to 2025-06-11 00:00:00+00:00, run_after=2025-06-12 00:00:00+00:00
[2025-06-12T11:42:47.780+0200] {logging_mixin.py:190} INFO - [2025-06-12T11:42:47.780+0200] {dag.py:4180} INFO - Setting next_dagrun for dataset_with_extra_by_yield to 2025-06-11 00:00:00+00:00, run_after=2025-06-12 00:00:00+00:00
[2025-06-12T11:42:47.780+0200] {logging_mixin.py:190} INFO - [2025-06-12T11:42:47.780+0200] {dag.py:4180} INFO - Setting next_dagrun for dataset_with_extra_from_classic_operator to 2025-06-11 00:00:00+00:00, run_after=2025-06-12 00:00:00+00:00
[2025-06-12T11:42:47.786+0200] {processor.py:208} INFO - Processing /Users/gordanaristova/MyProjects/MyRpaProject/venv/lib/python3.10/site-packages/airflow/example_dags/example_outlet_event_extra.py took 0.075 seconds
[2025-06-12T11:50:12.841+0200] {processor.py:186} INFO - Started process (PID=10650) to work on /Users/gordanaristova/MyProjects/MyRpaProject/venv/lib/python3.10/site-packages/airflow/example_dags/example_outlet_event_extra.py
[2025-06-12T11:50:12.842+0200] {processor.py:914} INFO - Processing file /Users/gordanaristova/MyProjects/MyRpaProject/venv/lib/python3.10/site-packages/airflow/example_dags/example_outlet_event_extra.py for tasks to queue
[2025-06-12T11:50:12.842+0200] {logging_mixin.py:190} INFO - [2025-06-12T11:50:12.842+0200] {dagbag.py:588} INFO - Filling up the DagBag from /Users/gordanaristova/MyProjects/MyRpaProject/venv/lib/python3.10/site-packages/airflow/example_dags/example_outlet_event_extra.py
[2025-06-12T11:50:12.871+0200] {processor.py:925} INFO - DAG(s) 'dataset_with_extra_from_classic_operator', 'dataset_with_extra_by_yield', 'dataset_with_extra_by_context' retrieved from /Users/gordanaristova/MyProjects/MyRpaProject/venv/lib/python3.10/site-packages/airflow/example_dags/example_outlet_event_extra.py
[2025-06-12T11:50:12.900+0200] {logging_mixin.py:190} INFO - [2025-06-12T11:50:12.900+0200] {dag.py:3239} INFO - Sync 3 DAGs
[2025-06-12T11:50:12.905+0200] {logging_mixin.py:190} INFO - [2025-06-12T11:50:12.905+0200] {dag.py:4180} INFO - Setting next_dagrun for dataset_with_extra_by_context to 2025-06-11 00:00:00+00:00, run_after=2025-06-12 00:00:00+00:00
[2025-06-12T11:50:12.906+0200] {logging_mixin.py:190} INFO - [2025-06-12T11:50:12.906+0200] {dag.py:4180} INFO - Setting next_dagrun for dataset_with_extra_by_yield to 2025-06-11 00:00:00+00:00, run_after=2025-06-12 00:00:00+00:00
[2025-06-12T11:50:12.907+0200] {logging_mixin.py:190} INFO - [2025-06-12T11:50:12.907+0200] {dag.py:4180} INFO - Setting next_dagrun for dataset_with_extra_from_classic_operator to 2025-06-11 00:00:00+00:00, run_after=2025-06-12 00:00:00+00:00
[2025-06-12T11:50:12.912+0200] {processor.py:208} INFO - Processing /Users/gordanaristova/MyProjects/MyRpaProject/venv/lib/python3.10/site-packages/airflow/example_dags/example_outlet_event_extra.py took 0.072 seconds
[2025-06-12T11:51:37.951+0200] {processor.py:186} INFO - Started process (PID=10740) to work on /Users/gordanaristova/MyProjects/MyRpaProject/venv/lib/python3.10/site-packages/airflow/example_dags/example_outlet_event_extra.py
[2025-06-12T11:51:37.952+0200] {processor.py:914} INFO - Processing file /Users/gordanaristova/MyProjects/MyRpaProject/venv/lib/python3.10/site-packages/airflow/example_dags/example_outlet_event_extra.py for tasks to queue
[2025-06-12T11:51:37.952+0200] {logging_mixin.py:190} INFO - [2025-06-12T11:51:37.952+0200] {dagbag.py:588} INFO - Filling up the DagBag from /Users/gordanaristova/MyProjects/MyRpaProject/venv/lib/python3.10/site-packages/airflow/example_dags/example_outlet_event_extra.py
[2025-06-12T11:51:37.981+0200] {processor.py:925} INFO - DAG(s) 'dataset_with_extra_by_yield', 'dataset_with_extra_by_context', 'dataset_with_extra_from_classic_operator' retrieved from /Users/gordanaristova/MyProjects/MyRpaProject/venv/lib/python3.10/site-packages/airflow/example_dags/example_outlet_event_extra.py
[2025-06-12T11:51:38.009+0200] {logging_mixin.py:190} INFO - [2025-06-12T11:51:38.009+0200] {dag.py:3239} INFO - Sync 3 DAGs
[2025-06-12T11:51:38.014+0200] {logging_mixin.py:190} INFO - [2025-06-12T11:51:38.014+0200] {dag.py:4180} INFO - Setting next_dagrun for dataset_with_extra_by_context to 2025-06-11 00:00:00+00:00, run_after=2025-06-12 00:00:00+00:00
[2025-06-12T11:51:38.015+0200] {logging_mixin.py:190} INFO - [2025-06-12T11:51:38.015+0200] {dag.py:4180} INFO - Setting next_dagrun for dataset_with_extra_by_yield to 2025-06-11 00:00:00+00:00, run_after=2025-06-12 00:00:00+00:00
[2025-06-12T11:51:38.016+0200] {logging_mixin.py:190} INFO - [2025-06-12T11:51:38.016+0200] {dag.py:4180} INFO - Setting next_dagrun for dataset_with_extra_from_classic_operator to 2025-06-11 00:00:00+00:00, run_after=2025-06-12 00:00:00+00:00
[2025-06-12T11:51:38.021+0200] {processor.py:208} INFO - Processing /Users/gordanaristova/MyProjects/MyRpaProject/venv/lib/python3.10/site-packages/airflow/example_dags/example_outlet_event_extra.py took 0.071 seconds
[2025-06-12T11:53:24.972+0200] {processor.py:186} INFO - Started process (PID=10840) to work on /Users/gordanaristova/MyProjects/MyRpaProject/venv/lib/python3.10/site-packages/airflow/example_dags/example_outlet_event_extra.py
[2025-06-12T11:53:24.972+0200] {processor.py:914} INFO - Processing file /Users/gordanaristova/MyProjects/MyRpaProject/venv/lib/python3.10/site-packages/airflow/example_dags/example_outlet_event_extra.py for tasks to queue
[2025-06-12T11:53:24.973+0200] {logging_mixin.py:190} INFO - [2025-06-12T11:53:24.973+0200] {dagbag.py:588} INFO - Filling up the DagBag from /Users/gordanaristova/MyProjects/MyRpaProject/venv/lib/python3.10/site-packages/airflow/example_dags/example_outlet_event_extra.py
[2025-06-12T11:53:24.994+0200] {processor.py:925} INFO - DAG(s) 'dataset_with_extra_from_classic_operator', 'dataset_with_extra_by_context', 'dataset_with_extra_by_yield' retrieved from /Users/gordanaristova/MyProjects/MyRpaProject/venv/lib/python3.10/site-packages/airflow/example_dags/example_outlet_event_extra.py
[2025-06-12T11:53:25.022+0200] {logging_mixin.py:190} INFO - [2025-06-12T11:53:25.022+0200] {dag.py:3239} INFO - Sync 3 DAGs
[2025-06-12T11:53:25.027+0200] {logging_mixin.py:190} INFO - [2025-06-12T11:53:25.027+0200] {dag.py:4180} INFO - Setting next_dagrun for dataset_with_extra_by_context to 2025-06-11 00:00:00+00:00, run_after=2025-06-12 00:00:00+00:00
[2025-06-12T11:53:25.028+0200] {logging_mixin.py:190} INFO - [2025-06-12T11:53:25.028+0200] {dag.py:4180} INFO - Setting next_dagrun for dataset_with_extra_by_yield to 2025-06-11 00:00:00+00:00, run_after=2025-06-12 00:00:00+00:00
[2025-06-12T11:53:25.028+0200] {logging_mixin.py:190} INFO - [2025-06-12T11:53:25.028+0200] {dag.py:4180} INFO - Setting next_dagrun for dataset_with_extra_from_classic_operator to 2025-06-11 00:00:00+00:00, run_after=2025-06-12 00:00:00+00:00
[2025-06-12T11:53:25.034+0200] {processor.py:208} INFO - Processing /Users/gordanaristova/MyProjects/MyRpaProject/venv/lib/python3.10/site-packages/airflow/example_dags/example_outlet_event_extra.py took 0.062 seconds
[2025-06-12T11:55:13.103+0200] {processor.py:186} INFO - Started process (PID=10941) to work on /Users/gordanaristova/MyProjects/MyRpaProject/venv/lib/python3.10/site-packages/airflow/example_dags/example_outlet_event_extra.py
[2025-06-12T11:55:13.104+0200] {processor.py:914} INFO - Processing file /Users/gordanaristova/MyProjects/MyRpaProject/venv/lib/python3.10/site-packages/airflow/example_dags/example_outlet_event_extra.py for tasks to queue
[2025-06-12T11:55:13.104+0200] {logging_mixin.py:190} INFO - [2025-06-12T11:55:13.104+0200] {dagbag.py:588} INFO - Filling up the DagBag from /Users/gordanaristova/MyProjects/MyRpaProject/venv/lib/python3.10/site-packages/airflow/example_dags/example_outlet_event_extra.py
[2025-06-12T11:55:13.135+0200] {processor.py:925} INFO - DAG(s) 'dataset_with_extra_by_yield', 'dataset_with_extra_from_classic_operator', 'dataset_with_extra_by_context' retrieved from /Users/gordanaristova/MyProjects/MyRpaProject/venv/lib/python3.10/site-packages/airflow/example_dags/example_outlet_event_extra.py
[2025-06-12T11:55:13.165+0200] {logging_mixin.py:190} INFO - [2025-06-12T11:55:13.164+0200] {dag.py:3239} INFO - Sync 3 DAGs
[2025-06-12T11:55:13.170+0200] {logging_mixin.py:190} INFO - [2025-06-12T11:55:13.170+0200] {dag.py:4180} INFO - Setting next_dagrun for dataset_with_extra_by_context to 2025-06-11 00:00:00+00:00, run_after=2025-06-12 00:00:00+00:00
[2025-06-12T11:55:13.171+0200] {logging_mixin.py:190} INFO - [2025-06-12T11:55:13.171+0200] {dag.py:4180} INFO - Setting next_dagrun for dataset_with_extra_by_yield to 2025-06-11 00:00:00+00:00, run_after=2025-06-12 00:00:00+00:00
[2025-06-12T11:55:13.172+0200] {logging_mixin.py:190} INFO - [2025-06-12T11:55:13.172+0200] {dag.py:4180} INFO - Setting next_dagrun for dataset_with_extra_from_classic_operator to 2025-06-11 00:00:00+00:00, run_after=2025-06-12 00:00:00+00:00
[2025-06-12T11:55:13.177+0200] {processor.py:208} INFO - Processing /Users/gordanaristova/MyProjects/MyRpaProject/venv/lib/python3.10/site-packages/airflow/example_dags/example_outlet_event_extra.py took 0.076 seconds
[2025-06-12T11:57:02.646+0200] {processor.py:186} INFO - Started process (PID=11058) to work on /Users/gordanaristova/MyProjects/MyRpaProject/venv/lib/python3.10/site-packages/airflow/example_dags/example_outlet_event_extra.py
[2025-06-12T11:57:02.647+0200] {processor.py:914} INFO - Processing file /Users/gordanaristova/MyProjects/MyRpaProject/venv/lib/python3.10/site-packages/airflow/example_dags/example_outlet_event_extra.py for tasks to queue
[2025-06-12T11:57:02.647+0200] {logging_mixin.py:190} INFO - [2025-06-12T11:57:02.647+0200] {dagbag.py:588} INFO - Filling up the DagBag from /Users/gordanaristova/MyProjects/MyRpaProject/venv/lib/python3.10/site-packages/airflow/example_dags/example_outlet_event_extra.py
[2025-06-12T11:57:02.676+0200] {processor.py:925} INFO - DAG(s) 'dataset_with_extra_by_yield', 'dataset_with_extra_from_classic_operator', 'dataset_with_extra_by_context' retrieved from /Users/gordanaristova/MyProjects/MyRpaProject/venv/lib/python3.10/site-packages/airflow/example_dags/example_outlet_event_extra.py
[2025-06-12T11:57:02.706+0200] {logging_mixin.py:190} INFO - [2025-06-12T11:57:02.706+0200] {dag.py:3239} INFO - Sync 3 DAGs
[2025-06-12T11:57:02.711+0200] {logging_mixin.py:190} INFO - [2025-06-12T11:57:02.711+0200] {dag.py:4180} INFO - Setting next_dagrun for dataset_with_extra_by_context to 2025-06-11 00:00:00+00:00, run_after=2025-06-12 00:00:00+00:00
[2025-06-12T11:57:02.712+0200] {logging_mixin.py:190} INFO - [2025-06-12T11:57:02.712+0200] {dag.py:4180} INFO - Setting next_dagrun for dataset_with_extra_by_yield to 2025-06-11 00:00:00+00:00, run_after=2025-06-12 00:00:00+00:00
[2025-06-12T11:57:02.713+0200] {logging_mixin.py:190} INFO - [2025-06-12T11:57:02.713+0200] {dag.py:4180} INFO - Setting next_dagrun for dataset_with_extra_from_classic_operator to 2025-06-11 00:00:00+00:00, run_after=2025-06-12 00:00:00+00:00
[2025-06-12T11:57:02.718+0200] {processor.py:208} INFO - Processing /Users/gordanaristova/MyProjects/MyRpaProject/venv/lib/python3.10/site-packages/airflow/example_dags/example_outlet_event_extra.py took 0.074 seconds
[2025-06-12T13:14:58.606+0200] {processor.py:186} INFO - Started process (PID=13024) to work on /Users/gordanaristova/MyProjects/MyRpaProject/venv/lib/python3.10/site-packages/airflow/example_dags/example_outlet_event_extra.py
[2025-06-12T13:14:58.607+0200] {processor.py:914} INFO - Processing file /Users/gordanaristova/MyProjects/MyRpaProject/venv/lib/python3.10/site-packages/airflow/example_dags/example_outlet_event_extra.py for tasks to queue
[2025-06-12T13:14:58.608+0200] {logging_mixin.py:190} INFO - [2025-06-12T13:14:58.608+0200] {dagbag.py:588} INFO - Filling up the DagBag from /Users/gordanaristova/MyProjects/MyRpaProject/venv/lib/python3.10/site-packages/airflow/example_dags/example_outlet_event_extra.py
[2025-06-12T13:14:58.636+0200] {processor.py:925} INFO - DAG(s) 'dataset_with_extra_by_context', 'dataset_with_extra_from_classic_operator', 'dataset_with_extra_by_yield' retrieved from /Users/gordanaristova/MyProjects/MyRpaProject/venv/lib/python3.10/site-packages/airflow/example_dags/example_outlet_event_extra.py
[2025-06-12T13:14:58.666+0200] {logging_mixin.py:190} INFO - [2025-06-12T13:14:58.666+0200] {dag.py:3239} INFO - Sync 3 DAGs
[2025-06-12T13:14:58.671+0200] {logging_mixin.py:190} INFO - [2025-06-12T13:14:58.671+0200] {dag.py:4180} INFO - Setting next_dagrun for dataset_with_extra_by_context to 2025-06-11 00:00:00+00:00, run_after=2025-06-12 00:00:00+00:00
[2025-06-12T13:14:58.673+0200] {logging_mixin.py:190} INFO - [2025-06-12T13:14:58.673+0200] {dag.py:4180} INFO - Setting next_dagrun for dataset_with_extra_by_yield to 2025-06-11 00:00:00+00:00, run_after=2025-06-12 00:00:00+00:00
[2025-06-12T13:14:58.673+0200] {logging_mixin.py:190} INFO - [2025-06-12T13:14:58.673+0200] {dag.py:4180} INFO - Setting next_dagrun for dataset_with_extra_from_classic_operator to 2025-06-11 00:00:00+00:00, run_after=2025-06-12 00:00:00+00:00
[2025-06-12T13:14:58.679+0200] {processor.py:208} INFO - Processing /Users/gordanaristova/MyProjects/MyRpaProject/venv/lib/python3.10/site-packages/airflow/example_dags/example_outlet_event_extra.py took 0.073 seconds
[2025-06-12T18:42:41.408+0200] {processor.py:186} INFO - Started process (PID=15678) to work on /Users/gordanaristova/MyProjects/MyRpaProject/venv/lib/python3.10/site-packages/airflow/example_dags/example_outlet_event_extra.py
[2025-06-12T18:42:41.409+0200] {processor.py:914} INFO - Processing file /Users/gordanaristova/MyProjects/MyRpaProject/venv/lib/python3.10/site-packages/airflow/example_dags/example_outlet_event_extra.py for tasks to queue
[2025-06-12T18:42:41.409+0200] {logging_mixin.py:190} INFO - [2025-06-12T18:42:41.409+0200] {dagbag.py:588} INFO - Filling up the DagBag from /Users/gordanaristova/MyProjects/MyRpaProject/venv/lib/python3.10/site-packages/airflow/example_dags/example_outlet_event_extra.py
[2025-06-12T18:42:41.438+0200] {processor.py:925} INFO - DAG(s) 'dataset_with_extra_from_classic_operator', 'dataset_with_extra_by_yield', 'dataset_with_extra_by_context' retrieved from /Users/gordanaristova/MyProjects/MyRpaProject/venv/lib/python3.10/site-packages/airflow/example_dags/example_outlet_event_extra.py
[2025-06-12T18:42:41.468+0200] {logging_mixin.py:190} INFO - [2025-06-12T18:42:41.468+0200] {dag.py:3239} INFO - Sync 3 DAGs
[2025-06-12T18:42:41.473+0200] {logging_mixin.py:190} INFO - [2025-06-12T18:42:41.473+0200] {dag.py:4180} INFO - Setting next_dagrun for dataset_with_extra_by_context to 2025-06-11 00:00:00+00:00, run_after=2025-06-12 00:00:00+00:00
[2025-06-12T18:42:41.474+0200] {logging_mixin.py:190} INFO - [2025-06-12T18:42:41.474+0200] {dag.py:4180} INFO - Setting next_dagrun for dataset_with_extra_by_yield to 2025-06-11 00:00:00+00:00, run_after=2025-06-12 00:00:00+00:00
[2025-06-12T18:42:41.475+0200] {logging_mixin.py:190} INFO - [2025-06-12T18:42:41.475+0200] {dag.py:4180} INFO - Setting next_dagrun for dataset_with_extra_from_classic_operator to 2025-06-11 00:00:00+00:00, run_after=2025-06-12 00:00:00+00:00
[2025-06-12T18:42:41.480+0200] {processor.py:208} INFO - Processing /Users/gordanaristova/MyProjects/MyRpaProject/venv/lib/python3.10/site-packages/airflow/example_dags/example_outlet_event_extra.py took 0.073 seconds
[2025-06-12T18:55:38.842+0200] {processor.py:186} INFO - Started process (PID=15994) to work on /Users/gordanaristova/MyProjects/MyRpaProject/venv/lib/python3.10/site-packages/airflow/example_dags/example_outlet_event_extra.py
[2025-06-12T18:55:38.843+0200] {processor.py:914} INFO - Processing file /Users/gordanaristova/MyProjects/MyRpaProject/venv/lib/python3.10/site-packages/airflow/example_dags/example_outlet_event_extra.py for tasks to queue
[2025-06-12T18:55:38.844+0200] {logging_mixin.py:190} INFO - [2025-06-12T18:55:38.844+0200] {dagbag.py:588} INFO - Filling up the DagBag from /Users/gordanaristova/MyProjects/MyRpaProject/venv/lib/python3.10/site-packages/airflow/example_dags/example_outlet_event_extra.py
[2025-06-12T18:55:38.873+0200] {processor.py:925} INFO - DAG(s) 'dataset_with_extra_from_classic_operator', 'dataset_with_extra_by_yield', 'dataset_with_extra_by_context' retrieved from /Users/gordanaristova/MyProjects/MyRpaProject/venv/lib/python3.10/site-packages/airflow/example_dags/example_outlet_event_extra.py
[2025-06-12T18:55:38.904+0200] {logging_mixin.py:190} INFO - [2025-06-12T18:55:38.904+0200] {dag.py:3239} INFO - Sync 3 DAGs
[2025-06-12T18:55:38.910+0200] {logging_mixin.py:190} INFO - [2025-06-12T18:55:38.910+0200] {dag.py:4180} INFO - Setting next_dagrun for dataset_with_extra_by_context to 2025-06-11 00:00:00+00:00, run_after=2025-06-12 00:00:00+00:00
[2025-06-12T18:55:38.911+0200] {logging_mixin.py:190} INFO - [2025-06-12T18:55:38.911+0200] {dag.py:4180} INFO - Setting next_dagrun for dataset_with_extra_by_yield to 2025-06-11 00:00:00+00:00, run_after=2025-06-12 00:00:00+00:00
[2025-06-12T18:55:38.912+0200] {logging_mixin.py:190} INFO - [2025-06-12T18:55:38.912+0200] {dag.py:4180} INFO - Setting next_dagrun for dataset_with_extra_from_classic_operator to 2025-06-11 00:00:00+00:00, run_after=2025-06-12 00:00:00+00:00
[2025-06-12T18:55:38.917+0200] {processor.py:208} INFO - Processing /Users/gordanaristova/MyProjects/MyRpaProject/venv/lib/python3.10/site-packages/airflow/example_dags/example_outlet_event_extra.py took 0.076 seconds
[2025-06-12T19:00:45.882+0200] {processor.py:186} INFO - Started process (PID=16140) to work on /Users/gordanaristova/MyProjects/MyRpaProject/venv/lib/python3.10/site-packages/airflow/example_dags/example_outlet_event_extra.py
[2025-06-12T19:00:45.883+0200] {processor.py:914} INFO - Processing file /Users/gordanaristova/MyProjects/MyRpaProject/venv/lib/python3.10/site-packages/airflow/example_dags/example_outlet_event_extra.py for tasks to queue
[2025-06-12T19:00:45.883+0200] {logging_mixin.py:190} INFO - [2025-06-12T19:00:45.883+0200] {dagbag.py:588} INFO - Filling up the DagBag from /Users/gordanaristova/MyProjects/MyRpaProject/venv/lib/python3.10/site-packages/airflow/example_dags/example_outlet_event_extra.py
[2025-06-12T19:00:45.914+0200] {processor.py:925} INFO - DAG(s) 'dataset_with_extra_by_yield', 'dataset_with_extra_from_classic_operator', 'dataset_with_extra_by_context' retrieved from /Users/gordanaristova/MyProjects/MyRpaProject/venv/lib/python3.10/site-packages/airflow/example_dags/example_outlet_event_extra.py
[2025-06-12T19:00:45.945+0200] {logging_mixin.py:190} INFO - [2025-06-12T19:00:45.945+0200] {dag.py:3239} INFO - Sync 3 DAGs
[2025-06-12T19:00:45.950+0200] {logging_mixin.py:190} INFO - [2025-06-12T19:00:45.950+0200] {dag.py:4180} INFO - Setting next_dagrun for dataset_with_extra_by_context to 2025-06-11 00:00:00+00:00, run_after=2025-06-12 00:00:00+00:00
[2025-06-12T19:00:45.951+0200] {logging_mixin.py:190} INFO - [2025-06-12T19:00:45.951+0200] {dag.py:4180} INFO - Setting next_dagrun for dataset_with_extra_by_yield to 2025-06-11 00:00:00+00:00, run_after=2025-06-12 00:00:00+00:00
[2025-06-12T19:00:45.952+0200] {logging_mixin.py:190} INFO - [2025-06-12T19:00:45.952+0200] {dag.py:4180} INFO - Setting next_dagrun for dataset_with_extra_from_classic_operator to 2025-06-11 00:00:00+00:00, run_after=2025-06-12 00:00:00+00:00
[2025-06-12T19:00:45.958+0200] {processor.py:208} INFO - Processing /Users/gordanaristova/MyProjects/MyRpaProject/venv/lib/python3.10/site-packages/airflow/example_dags/example_outlet_event_extra.py took 0.077 seconds
[2025-06-12T19:11:22.206+0200] {processor.py:186} INFO - Started process (PID=16471) to work on /Users/gordanaristova/MyProjects/MyRpaProject/venv/lib/python3.10/site-packages/airflow/example_dags/example_outlet_event_extra.py
[2025-06-12T19:11:22.207+0200] {processor.py:914} INFO - Processing file /Users/gordanaristova/MyProjects/MyRpaProject/venv/lib/python3.10/site-packages/airflow/example_dags/example_outlet_event_extra.py for tasks to queue
[2025-06-12T19:11:22.208+0200] {logging_mixin.py:190} INFO - [2025-06-12T19:11:22.207+0200] {dagbag.py:588} INFO - Filling up the DagBag from /Users/gordanaristova/MyProjects/MyRpaProject/venv/lib/python3.10/site-packages/airflow/example_dags/example_outlet_event_extra.py
[2025-06-12T19:11:22.238+0200] {processor.py:925} INFO - DAG(s) 'dataset_with_extra_by_yield', 'dataset_with_extra_by_context', 'dataset_with_extra_from_classic_operator' retrieved from /Users/gordanaristova/MyProjects/MyRpaProject/venv/lib/python3.10/site-packages/airflow/example_dags/example_outlet_event_extra.py
[2025-06-12T19:11:22.269+0200] {logging_mixin.py:190} INFO - [2025-06-12T19:11:22.269+0200] {dag.py:3239} INFO - Sync 3 DAGs
[2025-06-12T19:11:22.274+0200] {logging_mixin.py:190} INFO - [2025-06-12T19:11:22.274+0200] {dag.py:4180} INFO - Setting next_dagrun for dataset_with_extra_by_context to 2025-06-11 00:00:00+00:00, run_after=2025-06-12 00:00:00+00:00
[2025-06-12T19:11:22.275+0200] {logging_mixin.py:190} INFO - [2025-06-12T19:11:22.275+0200] {dag.py:4180} INFO - Setting next_dagrun for dataset_with_extra_by_yield to 2025-06-11 00:00:00+00:00, run_after=2025-06-12 00:00:00+00:00
[2025-06-12T19:11:22.276+0200] {logging_mixin.py:190} INFO - [2025-06-12T19:11:22.276+0200] {dag.py:4180} INFO - Setting next_dagrun for dataset_with_extra_from_classic_operator to 2025-06-11 00:00:00+00:00, run_after=2025-06-12 00:00:00+00:00
[2025-06-12T19:11:22.282+0200] {processor.py:208} INFO - Processing /Users/gordanaristova/MyProjects/MyRpaProject/venv/lib/python3.10/site-packages/airflow/example_dags/example_outlet_event_extra.py took 0.077 seconds
