[2025-06-12T10:36:50.863+0200] {processor.py:186} INFO - Started process (PID=8427) to work on /Users/gordanaristova/MyProjects/MyRpaProject/venv/lib/python3.10/site-packages/airflow/example_dags/example_setup_teardown_taskflow.py
[2025-06-12T10:36:50.863+0200] {processor.py:914} INFO - Processing file /Users/gordanaristova/MyProjects/MyRpaProject/venv/lib/python3.10/site-packages/airflow/example_dags/example_setup_teardown_taskflow.py for tasks to queue
[2025-06-12T10:36:50.864+0200] {logging_mixin.py:190} INFO - [2025-06-12T10:36:50.864+0200] {dagbag.py:588} INFO - Filling up the DagBag from /Users/gordanaristova/MyProjects/MyRpaProject/venv/lib/python3.10/site-packages/airflow/example_dags/example_setup_teardown_taskflow.py
[2025-06-12T10:36:50.875+0200] {processor.py:925} INFO - DAG(s) 'example_setup_teardown_taskflow' retrieved from /Users/gordanaristova/MyProjects/MyRpaProject/venv/lib/python3.10/site-packages/airflow/example_dags/example_setup_teardown_taskflow.py
[2025-06-12T10:36:50.921+0200] {logging_mixin.py:190} INFO - [2025-06-12T10:36:50.921+0200] {override.py:1900} INFO - Created Permission View: can read on DAG:example_setup_teardown_taskflow
[2025-06-12T10:36:50.924+0200] {logging_mixin.py:190} INFO - [2025-06-12T10:36:50.923+0200] {override.py:1900} INFO - Created Permission View: can delete on DAG:example_setup_teardown_taskflow
[2025-06-12T10:36:50.925+0200] {logging_mixin.py:190} INFO - [2025-06-12T10:36:50.925+0200] {override.py:1900} INFO - Created Permission View: can edit on DAG:example_setup_teardown_taskflow
[2025-06-12T10:36:50.927+0200] {logging_mixin.py:190} INFO - [2025-06-12T10:36:50.927+0200] {override.py:1900} INFO - Created Permission View: can read on DAG Run:example_setup_teardown_taskflow
[2025-06-12T10:36:50.928+0200] {logging_mixin.py:190} INFO - [2025-06-12T10:36:50.928+0200] {override.py:1900} INFO - Created Permission View: can delete on DAG Run:example_setup_teardown_taskflow
[2025-06-12T10:36:50.929+0200] {logging_mixin.py:190} INFO - [2025-06-12T10:36:50.929+0200] {override.py:1900} INFO - Created Permission View: can create on DAG Run:example_setup_teardown_taskflow
[2025-06-12T10:36:50.931+0200] {logging_mixin.py:190} INFO - [2025-06-12T10:36:50.930+0200] {override.py:1900} INFO - Created Permission View: menu access on DAG Run:example_setup_teardown_taskflow
[2025-06-12T10:36:50.931+0200] {logging_mixin.py:190} INFO - [2025-06-12T10:36:50.931+0200] {dag.py:3239} INFO - Sync 1 DAGs
[2025-06-12T10:36:50.934+0200] {logging_mixin.py:190} INFO - [2025-06-12T10:36:50.934+0200] {dag.py:3262} INFO - Creating ORM DAG for example_setup_teardown_taskflow
[2025-06-12T10:36:50.934+0200] {logging_mixin.py:190} INFO - [2025-06-12T10:36:50.934+0200] {dag.py:4180} INFO - Setting next_dagrun for example_setup_teardown_taskflow to None, run_after=None
[2025-06-12T10:36:50.938+0200] {processor.py:208} INFO - Processing /Users/gordanaristova/MyProjects/MyRpaProject/venv/lib/python3.10/site-packages/airflow/example_dags/example_setup_teardown_taskflow.py took 0.076 seconds
[2025-06-12T10:38:17.719+0200] {processor.py:186} INFO - Started process (PID=8506) to work on /Users/gordanaristova/MyProjects/MyRpaProject/venv/lib/python3.10/site-packages/airflow/example_dags/example_setup_teardown_taskflow.py
[2025-06-12T10:38:17.720+0200] {processor.py:914} INFO - Processing file /Users/gordanaristova/MyProjects/MyRpaProject/venv/lib/python3.10/site-packages/airflow/example_dags/example_setup_teardown_taskflow.py for tasks to queue
[2025-06-12T10:38:17.720+0200] {logging_mixin.py:190} INFO - [2025-06-12T10:38:17.720+0200] {dagbag.py:588} INFO - Filling up the DagBag from /Users/gordanaristova/MyProjects/MyRpaProject/venv/lib/python3.10/site-packages/airflow/example_dags/example_setup_teardown_taskflow.py
[2025-06-12T10:38:17.731+0200] {processor.py:925} INFO - DAG(s) 'example_setup_teardown_taskflow' retrieved from /Users/gordanaristova/MyProjects/MyRpaProject/venv/lib/python3.10/site-packages/airflow/example_dags/example_setup_teardown_taskflow.py
[2025-06-12T10:38:17.760+0200] {logging_mixin.py:190} INFO - [2025-06-12T10:38:17.760+0200] {dag.py:3239} INFO - Sync 1 DAGs
[2025-06-12T10:38:17.763+0200] {logging_mixin.py:190} INFO - [2025-06-12T10:38:17.763+0200] {dag.py:4180} INFO - Setting next_dagrun for example_setup_teardown_taskflow to None, run_after=None
[2025-06-12T10:38:17.768+0200] {processor.py:208} INFO - Processing /Users/gordanaristova/MyProjects/MyRpaProject/venv/lib/python3.10/site-packages/airflow/example_dags/example_setup_teardown_taskflow.py took 0.050 seconds
[2025-06-12T10:40:01.395+0200] {processor.py:186} INFO - Started process (PID=8587) to work on /Users/gordanaristova/MyProjects/MyRpaProject/venv/lib/python3.10/site-packages/airflow/example_dags/example_setup_teardown_taskflow.py
[2025-06-12T10:40:01.396+0200] {processor.py:914} INFO - Processing file /Users/gordanaristova/MyProjects/MyRpaProject/venv/lib/python3.10/site-packages/airflow/example_dags/example_setup_teardown_taskflow.py for tasks to queue
[2025-06-12T10:40:01.396+0200] {logging_mixin.py:190} INFO - [2025-06-12T10:40:01.396+0200] {dagbag.py:588} INFO - Filling up the DagBag from /Users/gordanaristova/MyProjects/MyRpaProject/venv/lib/python3.10/site-packages/airflow/example_dags/example_setup_teardown_taskflow.py
[2025-06-12T10:40:01.408+0200] {processor.py:925} INFO - DAG(s) 'example_setup_teardown_taskflow' retrieved from /Users/gordanaristova/MyProjects/MyRpaProject/venv/lib/python3.10/site-packages/airflow/example_dags/example_setup_teardown_taskflow.py
[2025-06-12T10:40:01.437+0200] {logging_mixin.py:190} INFO - [2025-06-12T10:40:01.437+0200] {dag.py:3239} INFO - Sync 1 DAGs
[2025-06-12T10:40:01.440+0200] {logging_mixin.py:190} INFO - [2025-06-12T10:40:01.440+0200] {dag.py:4180} INFO - Setting next_dagrun for example_setup_teardown_taskflow to None, run_after=None
[2025-06-12T10:40:01.445+0200] {processor.py:208} INFO - Processing /Users/gordanaristova/MyProjects/MyRpaProject/venv/lib/python3.10/site-packages/airflow/example_dags/example_setup_teardown_taskflow.py took 0.051 seconds
[2025-06-12T10:41:47.077+0200] {processor.py:186} INFO - Started process (PID=8678) to work on /Users/gordanaristova/MyProjects/MyRpaProject/venv/lib/python3.10/site-packages/airflow/example_dags/example_setup_teardown_taskflow.py
[2025-06-12T10:41:47.078+0200] {processor.py:914} INFO - Processing file /Users/gordanaristova/MyProjects/MyRpaProject/venv/lib/python3.10/site-packages/airflow/example_dags/example_setup_teardown_taskflow.py for tasks to queue
[2025-06-12T10:41:47.078+0200] {logging_mixin.py:190} INFO - [2025-06-12T10:41:47.078+0200] {dagbag.py:588} INFO - Filling up the DagBag from /Users/gordanaristova/MyProjects/MyRpaProject/venv/lib/python3.10/site-packages/airflow/example_dags/example_setup_teardown_taskflow.py
[2025-06-12T10:41:47.089+0200] {processor.py:925} INFO - DAG(s) 'example_setup_teardown_taskflow' retrieved from /Users/gordanaristova/MyProjects/MyRpaProject/venv/lib/python3.10/site-packages/airflow/example_dags/example_setup_teardown_taskflow.py
[2025-06-12T10:41:47.117+0200] {logging_mixin.py:190} INFO - [2025-06-12T10:41:47.117+0200] {dag.py:3239} INFO - Sync 1 DAGs
[2025-06-12T10:41:47.120+0200] {logging_mixin.py:190} INFO - [2025-06-12T10:41:47.120+0200] {dag.py:4180} INFO - Setting next_dagrun for example_setup_teardown_taskflow to None, run_after=None
[2025-06-12T10:41:47.125+0200] {processor.py:208} INFO - Processing /Users/gordanaristova/MyProjects/MyRpaProject/venv/lib/python3.10/site-packages/airflow/example_dags/example_setup_teardown_taskflow.py took 0.049 seconds
[2025-06-12T10:43:33.077+0200] {processor.py:186} INFO - Started process (PID=8780) to work on /Users/gordanaristova/MyProjects/MyRpaProject/venv/lib/python3.10/site-packages/airflow/example_dags/example_setup_teardown_taskflow.py
[2025-06-12T10:43:33.078+0200] {processor.py:914} INFO - Processing file /Users/gordanaristova/MyProjects/MyRpaProject/venv/lib/python3.10/site-packages/airflow/example_dags/example_setup_teardown_taskflow.py for tasks to queue
[2025-06-12T10:43:33.079+0200] {logging_mixin.py:190} INFO - [2025-06-12T10:43:33.079+0200] {dagbag.py:588} INFO - Filling up the DagBag from /Users/gordanaristova/MyProjects/MyRpaProject/venv/lib/python3.10/site-packages/airflow/example_dags/example_setup_teardown_taskflow.py
[2025-06-12T10:43:33.090+0200] {processor.py:925} INFO - DAG(s) 'example_setup_teardown_taskflow' retrieved from /Users/gordanaristova/MyProjects/MyRpaProject/venv/lib/python3.10/site-packages/airflow/example_dags/example_setup_teardown_taskflow.py
[2025-06-12T10:43:33.119+0200] {logging_mixin.py:190} INFO - [2025-06-12T10:43:33.119+0200] {dag.py:3239} INFO - Sync 1 DAGs
[2025-06-12T10:43:33.122+0200] {logging_mixin.py:190} INFO - [2025-06-12T10:43:33.122+0200] {dag.py:4180} INFO - Setting next_dagrun for example_setup_teardown_taskflow to None, run_after=None
[2025-06-12T10:43:33.127+0200] {processor.py:208} INFO - Processing /Users/gordanaristova/MyProjects/MyRpaProject/venv/lib/python3.10/site-packages/airflow/example_dags/example_setup_teardown_taskflow.py took 0.050 seconds
[2025-06-12T10:45:19.243+0200] {processor.py:186} INFO - Started process (PID=8913) to work on /Users/gordanaristova/MyProjects/MyRpaProject/venv/lib/python3.10/site-packages/airflow/example_dags/example_setup_teardown_taskflow.py
[2025-06-12T10:45:19.244+0200] {processor.py:914} INFO - Processing file /Users/gordanaristova/MyProjects/MyRpaProject/venv/lib/python3.10/site-packages/airflow/example_dags/example_setup_teardown_taskflow.py for tasks to queue
[2025-06-12T10:45:19.244+0200] {logging_mixin.py:190} INFO - [2025-06-12T10:45:19.244+0200] {dagbag.py:588} INFO - Filling up the DagBag from /Users/gordanaristova/MyProjects/MyRpaProject/venv/lib/python3.10/site-packages/airflow/example_dags/example_setup_teardown_taskflow.py
[2025-06-12T10:45:19.256+0200] {processor.py:925} INFO - DAG(s) 'example_setup_teardown_taskflow' retrieved from /Users/gordanaristova/MyProjects/MyRpaProject/venv/lib/python3.10/site-packages/airflow/example_dags/example_setup_teardown_taskflow.py
[2025-06-12T10:45:19.285+0200] {logging_mixin.py:190} INFO - [2025-06-12T10:45:19.285+0200] {dag.py:3239} INFO - Sync 1 DAGs
[2025-06-12T10:45:19.288+0200] {logging_mixin.py:190} INFO - [2025-06-12T10:45:19.288+0200] {dag.py:4180} INFO - Setting next_dagrun for example_setup_teardown_taskflow to None, run_after=None
[2025-06-12T10:45:19.293+0200] {processor.py:208} INFO - Processing /Users/gordanaristova/MyProjects/MyRpaProject/venv/lib/python3.10/site-packages/airflow/example_dags/example_setup_teardown_taskflow.py took 0.051 seconds
[2025-06-12T10:47:03.735+0200] {processor.py:186} INFO - Started process (PID=9030) to work on /Users/gordanaristova/MyProjects/MyRpaProject/venv/lib/python3.10/site-packages/airflow/example_dags/example_setup_teardown_taskflow.py
[2025-06-12T10:47:03.736+0200] {processor.py:914} INFO - Processing file /Users/gordanaristova/MyProjects/MyRpaProject/venv/lib/python3.10/site-packages/airflow/example_dags/example_setup_teardown_taskflow.py for tasks to queue
[2025-06-12T10:47:03.736+0200] {logging_mixin.py:190} INFO - [2025-06-12T10:47:03.736+0200] {dagbag.py:588} INFO - Filling up the DagBag from /Users/gordanaristova/MyProjects/MyRpaProject/venv/lib/python3.10/site-packages/airflow/example_dags/example_setup_teardown_taskflow.py
[2025-06-12T10:47:03.748+0200] {processor.py:925} INFO - DAG(s) 'example_setup_teardown_taskflow' retrieved from /Users/gordanaristova/MyProjects/MyRpaProject/venv/lib/python3.10/site-packages/airflow/example_dags/example_setup_teardown_taskflow.py
[2025-06-12T10:47:03.777+0200] {logging_mixin.py:190} INFO - [2025-06-12T10:47:03.777+0200] {dag.py:3239} INFO - Sync 1 DAGs
[2025-06-12T10:47:03.780+0200] {logging_mixin.py:190} INFO - [2025-06-12T10:47:03.780+0200] {dag.py:4180} INFO - Setting next_dagrun for example_setup_teardown_taskflow to None, run_after=None
[2025-06-12T10:47:03.784+0200] {processor.py:208} INFO - Processing /Users/gordanaristova/MyProjects/MyRpaProject/venv/lib/python3.10/site-packages/airflow/example_dags/example_setup_teardown_taskflow.py took 0.051 seconds
[2025-06-12T10:48:57.428+0200] {processor.py:186} INFO - Started process (PID=9178) to work on /Users/gordanaristova/MyProjects/MyRpaProject/venv/lib/python3.10/site-packages/airflow/example_dags/example_setup_teardown_taskflow.py
[2025-06-12T10:48:57.429+0200] {processor.py:914} INFO - Processing file /Users/gordanaristova/MyProjects/MyRpaProject/venv/lib/python3.10/site-packages/airflow/example_dags/example_setup_teardown_taskflow.py for tasks to queue
[2025-06-12T10:48:57.429+0200] {logging_mixin.py:190} INFO - [2025-06-12T10:48:57.429+0200] {dagbag.py:588} INFO - Filling up the DagBag from /Users/gordanaristova/MyProjects/MyRpaProject/venv/lib/python3.10/site-packages/airflow/example_dags/example_setup_teardown_taskflow.py
[2025-06-12T10:48:57.441+0200] {processor.py:925} INFO - DAG(s) 'example_setup_teardown_taskflow' retrieved from /Users/gordanaristova/MyProjects/MyRpaProject/venv/lib/python3.10/site-packages/airflow/example_dags/example_setup_teardown_taskflow.py
[2025-06-12T10:48:57.470+0200] {logging_mixin.py:190} INFO - [2025-06-12T10:48:57.469+0200] {dag.py:3239} INFO - Sync 1 DAGs
[2025-06-12T10:48:57.473+0200] {logging_mixin.py:190} INFO - [2025-06-12T10:48:57.472+0200] {dag.py:4180} INFO - Setting next_dagrun for example_setup_teardown_taskflow to None, run_after=None
[2025-06-12T10:48:57.477+0200] {processor.py:208} INFO - Processing /Users/gordanaristova/MyProjects/MyRpaProject/venv/lib/python3.10/site-packages/airflow/example_dags/example_setup_teardown_taskflow.py took 0.050 seconds
[2025-06-12T10:57:03.480+0200] {processor.py:186} INFO - Started process (PID=9436) to work on /Users/gordanaristova/MyProjects/MyRpaProject/venv/lib/python3.10/site-packages/airflow/example_dags/example_setup_teardown_taskflow.py
[2025-06-12T10:57:03.481+0200] {processor.py:914} INFO - Processing file /Users/gordanaristova/MyProjects/MyRpaProject/venv/lib/python3.10/site-packages/airflow/example_dags/example_setup_teardown_taskflow.py for tasks to queue
[2025-06-12T10:57:03.482+0200] {logging_mixin.py:190} INFO - [2025-06-12T10:57:03.482+0200] {dagbag.py:588} INFO - Filling up the DagBag from /Users/gordanaristova/MyProjects/MyRpaProject/venv/lib/python3.10/site-packages/airflow/example_dags/example_setup_teardown_taskflow.py
[2025-06-12T10:57:03.493+0200] {processor.py:925} INFO - DAG(s) 'example_setup_teardown_taskflow' retrieved from /Users/gordanaristova/MyProjects/MyRpaProject/venv/lib/python3.10/site-packages/airflow/example_dags/example_setup_teardown_taskflow.py
[2025-06-12T10:57:03.520+0200] {logging_mixin.py:190} INFO - [2025-06-12T10:57:03.520+0200] {dag.py:3239} INFO - Sync 1 DAGs
[2025-06-12T10:57:03.523+0200] {logging_mixin.py:190} INFO - [2025-06-12T10:57:03.523+0200] {dag.py:4180} INFO - Setting next_dagrun for example_setup_teardown_taskflow to None, run_after=None
[2025-06-12T10:57:03.527+0200] {processor.py:208} INFO - Processing /Users/gordanaristova/MyProjects/MyRpaProject/venv/lib/python3.10/site-packages/airflow/example_dags/example_setup_teardown_taskflow.py took 0.048 seconds
[2025-06-12T10:58:29.700+0200] {processor.py:186} INFO - Started process (PID=9533) to work on /Users/gordanaristova/MyProjects/MyRpaProject/venv/lib/python3.10/site-packages/airflow/example_dags/example_setup_teardown_taskflow.py
[2025-06-12T10:58:29.701+0200] {processor.py:914} INFO - Processing file /Users/gordanaristova/MyProjects/MyRpaProject/venv/lib/python3.10/site-packages/airflow/example_dags/example_setup_teardown_taskflow.py for tasks to queue
[2025-06-12T10:58:29.701+0200] {logging_mixin.py:190} INFO - [2025-06-12T10:58:29.701+0200] {dagbag.py:588} INFO - Filling up the DagBag from /Users/gordanaristova/MyProjects/MyRpaProject/venv/lib/python3.10/site-packages/airflow/example_dags/example_setup_teardown_taskflow.py
[2025-06-12T10:58:29.713+0200] {processor.py:925} INFO - DAG(s) 'example_setup_teardown_taskflow' retrieved from /Users/gordanaristova/MyProjects/MyRpaProject/venv/lib/python3.10/site-packages/airflow/example_dags/example_setup_teardown_taskflow.py
[2025-06-12T10:58:29.742+0200] {logging_mixin.py:190} INFO - [2025-06-12T10:58:29.741+0200] {dag.py:3239} INFO - Sync 1 DAGs
[2025-06-12T10:58:29.745+0200] {logging_mixin.py:190} INFO - [2025-06-12T10:58:29.745+0200] {dag.py:4180} INFO - Setting next_dagrun for example_setup_teardown_taskflow to None, run_after=None
[2025-06-12T10:58:29.749+0200] {processor.py:208} INFO - Processing /Users/gordanaristova/MyProjects/MyRpaProject/venv/lib/python3.10/site-packages/airflow/example_dags/example_setup_teardown_taskflow.py took 0.050 seconds
[2025-06-12T11:11:48.828+0200] {processor.py:186} INFO - Started process (PID=9756) to work on /Users/gordanaristova/MyProjects/MyRpaProject/venv/lib/python3.10/site-packages/airflow/example_dags/example_setup_teardown_taskflow.py
[2025-06-12T11:11:48.829+0200] {processor.py:914} INFO - Processing file /Users/gordanaristova/MyProjects/MyRpaProject/venv/lib/python3.10/site-packages/airflow/example_dags/example_setup_teardown_taskflow.py for tasks to queue
[2025-06-12T11:11:48.829+0200] {logging_mixin.py:190} INFO - [2025-06-12T11:11:48.829+0200] {dagbag.py:588} INFO - Filling up the DagBag from /Users/gordanaristova/MyProjects/MyRpaProject/venv/lib/python3.10/site-packages/airflow/example_dags/example_setup_teardown_taskflow.py
[2025-06-12T11:11:48.840+0200] {processor.py:925} INFO - DAG(s) 'example_setup_teardown_taskflow' retrieved from /Users/gordanaristova/MyProjects/MyRpaProject/venv/lib/python3.10/site-packages/airflow/example_dags/example_setup_teardown_taskflow.py
[2025-06-12T11:11:48.867+0200] {logging_mixin.py:190} INFO - [2025-06-12T11:11:48.867+0200] {dag.py:3239} INFO - Sync 1 DAGs
[2025-06-12T11:11:48.869+0200] {logging_mixin.py:190} INFO - [2025-06-12T11:11:48.869+0200] {dag.py:4180} INFO - Setting next_dagrun for example_setup_teardown_taskflow to None, run_after=None
[2025-06-12T11:11:48.874+0200] {processor.py:208} INFO - Processing /Users/gordanaristova/MyProjects/MyRpaProject/venv/lib/python3.10/site-packages/airflow/example_dags/example_setup_teardown_taskflow.py took 0.047 seconds
[2025-06-12T11:13:15.483+0200] {processor.py:186} INFO - Started process (PID=9851) to work on /Users/gordanaristova/MyProjects/MyRpaProject/venv/lib/python3.10/site-packages/airflow/example_dags/example_setup_teardown_taskflow.py
[2025-06-12T11:13:15.484+0200] {processor.py:914} INFO - Processing file /Users/gordanaristova/MyProjects/MyRpaProject/venv/lib/python3.10/site-packages/airflow/example_dags/example_setup_teardown_taskflow.py for tasks to queue
[2025-06-12T11:13:15.485+0200] {logging_mixin.py:190} INFO - [2025-06-12T11:13:15.485+0200] {dagbag.py:588} INFO - Filling up the DagBag from /Users/gordanaristova/MyProjects/MyRpaProject/venv/lib/python3.10/site-packages/airflow/example_dags/example_setup_teardown_taskflow.py
[2025-06-12T11:13:15.498+0200] {processor.py:925} INFO - DAG(s) 'example_setup_teardown_taskflow' retrieved from /Users/gordanaristova/MyProjects/MyRpaProject/venv/lib/python3.10/site-packages/airflow/example_dags/example_setup_teardown_taskflow.py
[2025-06-12T11:13:15.530+0200] {logging_mixin.py:190} INFO - [2025-06-12T11:13:15.529+0200] {dag.py:3239} INFO - Sync 1 DAGs
[2025-06-12T11:13:15.533+0200] {logging_mixin.py:190} INFO - [2025-06-12T11:13:15.533+0200] {dag.py:4180} INFO - Setting next_dagrun for example_setup_teardown_taskflow to None, run_after=None
[2025-06-12T11:13:15.538+0200] {processor.py:208} INFO - Processing /Users/gordanaristova/MyProjects/MyRpaProject/venv/lib/python3.10/site-packages/airflow/example_dags/example_setup_teardown_taskflow.py took 0.056 seconds
[2025-06-12T11:21:53.592+0200] {processor.py:186} INFO - Started process (PID=10047) to work on /Users/gordanaristova/MyProjects/MyRpaProject/venv/lib/python3.10/site-packages/airflow/example_dags/example_setup_teardown_taskflow.py
[2025-06-12T11:21:53.593+0200] {processor.py:914} INFO - Processing file /Users/gordanaristova/MyProjects/MyRpaProject/venv/lib/python3.10/site-packages/airflow/example_dags/example_setup_teardown_taskflow.py for tasks to queue
[2025-06-12T11:21:53.594+0200] {logging_mixin.py:190} INFO - [2025-06-12T11:21:53.594+0200] {dagbag.py:588} INFO - Filling up the DagBag from /Users/gordanaristova/MyProjects/MyRpaProject/venv/lib/python3.10/site-packages/airflow/example_dags/example_setup_teardown_taskflow.py
[2025-06-12T11:21:53.605+0200] {processor.py:925} INFO - DAG(s) 'example_setup_teardown_taskflow' retrieved from /Users/gordanaristova/MyProjects/MyRpaProject/venv/lib/python3.10/site-packages/airflow/example_dags/example_setup_teardown_taskflow.py
[2025-06-12T11:21:53.633+0200] {logging_mixin.py:190} INFO - [2025-06-12T11:21:53.633+0200] {dag.py:3239} INFO - Sync 1 DAGs
[2025-06-12T11:21:53.636+0200] {logging_mixin.py:190} INFO - [2025-06-12T11:21:53.636+0200] {dag.py:4180} INFO - Setting next_dagrun for example_setup_teardown_taskflow to None, run_after=None
[2025-06-12T11:21:53.641+0200] {processor.py:208} INFO - Processing /Users/gordanaristova/MyProjects/MyRpaProject/venv/lib/python3.10/site-packages/airflow/example_dags/example_setup_teardown_taskflow.py took 0.049 seconds
[2025-06-12T11:23:19.361+0200] {processor.py:186} INFO - Started process (PID=10136) to work on /Users/gordanaristova/MyProjects/MyRpaProject/venv/lib/python3.10/site-packages/airflow/example_dags/example_setup_teardown_taskflow.py
[2025-06-12T11:23:19.362+0200] {processor.py:914} INFO - Processing file /Users/gordanaristova/MyProjects/MyRpaProject/venv/lib/python3.10/site-packages/airflow/example_dags/example_setup_teardown_taskflow.py for tasks to queue
[2025-06-12T11:23:19.363+0200] {logging_mixin.py:190} INFO - [2025-06-12T11:23:19.362+0200] {dagbag.py:588} INFO - Filling up the DagBag from /Users/gordanaristova/MyProjects/MyRpaProject/venv/lib/python3.10/site-packages/airflow/example_dags/example_setup_teardown_taskflow.py
[2025-06-12T11:23:19.374+0200] {processor.py:925} INFO - DAG(s) 'example_setup_teardown_taskflow' retrieved from /Users/gordanaristova/MyProjects/MyRpaProject/venv/lib/python3.10/site-packages/airflow/example_dags/example_setup_teardown_taskflow.py
[2025-06-12T11:23:19.403+0200] {logging_mixin.py:190} INFO - [2025-06-12T11:23:19.403+0200] {dag.py:3239} INFO - Sync 1 DAGs
[2025-06-12T11:23:19.406+0200] {logging_mixin.py:190} INFO - [2025-06-12T11:23:19.406+0200] {dag.py:4180} INFO - Setting next_dagrun for example_setup_teardown_taskflow to None, run_after=None
[2025-06-12T11:23:19.411+0200] {processor.py:208} INFO - Processing /Users/gordanaristova/MyProjects/MyRpaProject/venv/lib/python3.10/site-packages/airflow/example_dags/example_setup_teardown_taskflow.py took 0.051 seconds
[2025-06-12T11:41:09.393+0200] {processor.py:186} INFO - Started process (PID=10413) to work on /Users/gordanaristova/MyProjects/MyRpaProject/venv/lib/python3.10/site-packages/airflow/example_dags/example_setup_teardown_taskflow.py
[2025-06-12T11:41:09.393+0200] {processor.py:914} INFO - Processing file /Users/gordanaristova/MyProjects/MyRpaProject/venv/lib/python3.10/site-packages/airflow/example_dags/example_setup_teardown_taskflow.py for tasks to queue
[2025-06-12T11:41:09.394+0200] {logging_mixin.py:190} INFO - [2025-06-12T11:41:09.394+0200] {dagbag.py:588} INFO - Filling up the DagBag from /Users/gordanaristova/MyProjects/MyRpaProject/venv/lib/python3.10/site-packages/airflow/example_dags/example_setup_teardown_taskflow.py
[2025-06-12T11:41:09.405+0200] {processor.py:925} INFO - DAG(s) 'example_setup_teardown_taskflow' retrieved from /Users/gordanaristova/MyProjects/MyRpaProject/venv/lib/python3.10/site-packages/airflow/example_dags/example_setup_teardown_taskflow.py
[2025-06-12T11:41:09.435+0200] {logging_mixin.py:190} INFO - [2025-06-12T11:41:09.435+0200] {dag.py:3239} INFO - Sync 1 DAGs
[2025-06-12T11:41:09.438+0200] {logging_mixin.py:190} INFO - [2025-06-12T11:41:09.438+0200] {dag.py:4180} INFO - Setting next_dagrun for example_setup_teardown_taskflow to None, run_after=None
[2025-06-12T11:41:09.443+0200] {processor.py:208} INFO - Processing /Users/gordanaristova/MyProjects/MyRpaProject/venv/lib/python3.10/site-packages/airflow/example_dags/example_setup_teardown_taskflow.py took 0.051 seconds
[2025-06-12T11:42:33.604+0200] {processor.py:186} INFO - Started process (PID=10502) to work on /Users/gordanaristova/MyProjects/MyRpaProject/venv/lib/python3.10/site-packages/airflow/example_dags/example_setup_teardown_taskflow.py
[2025-06-12T11:42:33.605+0200] {processor.py:914} INFO - Processing file /Users/gordanaristova/MyProjects/MyRpaProject/venv/lib/python3.10/site-packages/airflow/example_dags/example_setup_teardown_taskflow.py for tasks to queue
[2025-06-12T11:42:33.606+0200] {logging_mixin.py:190} INFO - [2025-06-12T11:42:33.605+0200] {dagbag.py:588} INFO - Filling up the DagBag from /Users/gordanaristova/MyProjects/MyRpaProject/venv/lib/python3.10/site-packages/airflow/example_dags/example_setup_teardown_taskflow.py
[2025-06-12T11:42:33.617+0200] {processor.py:925} INFO - DAG(s) 'example_setup_teardown_taskflow' retrieved from /Users/gordanaristova/MyProjects/MyRpaProject/venv/lib/python3.10/site-packages/airflow/example_dags/example_setup_teardown_taskflow.py
[2025-06-12T11:42:33.646+0200] {logging_mixin.py:190} INFO - [2025-06-12T11:42:33.645+0200] {dag.py:3239} INFO - Sync 1 DAGs
[2025-06-12T11:42:33.649+0200] {logging_mixin.py:190} INFO - [2025-06-12T11:42:33.648+0200] {dag.py:4180} INFO - Setting next_dagrun for example_setup_teardown_taskflow to None, run_after=None
[2025-06-12T11:42:33.653+0200] {processor.py:208} INFO - Processing /Users/gordanaristova/MyProjects/MyRpaProject/venv/lib/python3.10/site-packages/airflow/example_dags/example_setup_teardown_taskflow.py took 0.050 seconds
[2025-06-12T11:49:58.774+0200] {processor.py:186} INFO - Started process (PID=10635) to work on /Users/gordanaristova/MyProjects/MyRpaProject/venv/lib/python3.10/site-packages/airflow/example_dags/example_setup_teardown_taskflow.py
[2025-06-12T11:49:58.775+0200] {processor.py:914} INFO - Processing file /Users/gordanaristova/MyProjects/MyRpaProject/venv/lib/python3.10/site-packages/airflow/example_dags/example_setup_teardown_taskflow.py for tasks to queue
[2025-06-12T11:49:58.775+0200] {logging_mixin.py:190} INFO - [2025-06-12T11:49:58.775+0200] {dagbag.py:588} INFO - Filling up the DagBag from /Users/gordanaristova/MyProjects/MyRpaProject/venv/lib/python3.10/site-packages/airflow/example_dags/example_setup_teardown_taskflow.py
[2025-06-12T11:49:58.787+0200] {processor.py:925} INFO - DAG(s) 'example_setup_teardown_taskflow' retrieved from /Users/gordanaristova/MyProjects/MyRpaProject/venv/lib/python3.10/site-packages/airflow/example_dags/example_setup_teardown_taskflow.py
[2025-06-12T11:49:58.816+0200] {logging_mixin.py:190} INFO - [2025-06-12T11:49:58.815+0200] {dag.py:3239} INFO - Sync 1 DAGs
[2025-06-12T11:49:58.819+0200] {logging_mixin.py:190} INFO - [2025-06-12T11:49:58.818+0200] {dag.py:4180} INFO - Setting next_dagrun for example_setup_teardown_taskflow to None, run_after=None
[2025-06-12T11:49:58.823+0200] {processor.py:208} INFO - Processing /Users/gordanaristova/MyProjects/MyRpaProject/venv/lib/python3.10/site-packages/airflow/example_dags/example_setup_teardown_taskflow.py took 0.050 seconds
[2025-06-12T11:51:23.954+0200] {processor.py:186} INFO - Started process (PID=10726) to work on /Users/gordanaristova/MyProjects/MyRpaProject/venv/lib/python3.10/site-packages/airflow/example_dags/example_setup_teardown_taskflow.py
[2025-06-12T11:51:23.955+0200] {processor.py:914} INFO - Processing file /Users/gordanaristova/MyProjects/MyRpaProject/venv/lib/python3.10/site-packages/airflow/example_dags/example_setup_teardown_taskflow.py for tasks to queue
[2025-06-12T11:51:23.955+0200] {logging_mixin.py:190} INFO - [2025-06-12T11:51:23.955+0200] {dagbag.py:588} INFO - Filling up the DagBag from /Users/gordanaristova/MyProjects/MyRpaProject/venv/lib/python3.10/site-packages/airflow/example_dags/example_setup_teardown_taskflow.py
[2025-06-12T11:51:23.967+0200] {processor.py:925} INFO - DAG(s) 'example_setup_teardown_taskflow' retrieved from /Users/gordanaristova/MyProjects/MyRpaProject/venv/lib/python3.10/site-packages/airflow/example_dags/example_setup_teardown_taskflow.py
[2025-06-12T11:51:23.996+0200] {logging_mixin.py:190} INFO - [2025-06-12T11:51:23.996+0200] {dag.py:3239} INFO - Sync 1 DAGs
[2025-06-12T11:51:23.999+0200] {logging_mixin.py:190} INFO - [2025-06-12T11:51:23.999+0200] {dag.py:4180} INFO - Setting next_dagrun for example_setup_teardown_taskflow to None, run_after=None
[2025-06-12T11:51:24.003+0200] {processor.py:208} INFO - Processing /Users/gordanaristova/MyProjects/MyRpaProject/venv/lib/python3.10/site-packages/airflow/example_dags/example_setup_teardown_taskflow.py took 0.050 seconds
[2025-06-12T11:53:10.882+0200] {processor.py:186} INFO - Started process (PID=10831) to work on /Users/gordanaristova/MyProjects/MyRpaProject/venv/lib/python3.10/site-packages/airflow/example_dags/example_setup_teardown_taskflow.py
[2025-06-12T11:53:10.882+0200] {processor.py:914} INFO - Processing file /Users/gordanaristova/MyProjects/MyRpaProject/venv/lib/python3.10/site-packages/airflow/example_dags/example_setup_teardown_taskflow.py for tasks to queue
[2025-06-12T11:53:10.882+0200] {logging_mixin.py:190} INFO - [2025-06-12T11:53:10.882+0200] {dagbag.py:588} INFO - Filling up the DagBag from /Users/gordanaristova/MyProjects/MyRpaProject/venv/lib/python3.10/site-packages/airflow/example_dags/example_setup_teardown_taskflow.py
[2025-06-12T11:53:10.893+0200] {processor.py:925} INFO - DAG(s) 'example_setup_teardown_taskflow' retrieved from /Users/gordanaristova/MyProjects/MyRpaProject/venv/lib/python3.10/site-packages/airflow/example_dags/example_setup_teardown_taskflow.py
[2025-06-12T11:53:10.921+0200] {logging_mixin.py:190} INFO - [2025-06-12T11:53:10.921+0200] {dag.py:3239} INFO - Sync 1 DAGs
[2025-06-12T11:53:10.924+0200] {logging_mixin.py:190} INFO - [2025-06-12T11:53:10.924+0200] {dag.py:4180} INFO - Setting next_dagrun for example_setup_teardown_taskflow to None, run_after=None
[2025-06-12T11:53:10.928+0200] {processor.py:208} INFO - Processing /Users/gordanaristova/MyProjects/MyRpaProject/venv/lib/python3.10/site-packages/airflow/example_dags/example_setup_teardown_taskflow.py took 0.048 seconds
[2025-06-12T11:54:59.902+0200] {processor.py:186} INFO - Started process (PID=10923) to work on /Users/gordanaristova/MyProjects/MyRpaProject/venv/lib/python3.10/site-packages/airflow/example_dags/example_setup_teardown_taskflow.py
[2025-06-12T11:54:59.902+0200] {processor.py:914} INFO - Processing file /Users/gordanaristova/MyProjects/MyRpaProject/venv/lib/python3.10/site-packages/airflow/example_dags/example_setup_teardown_taskflow.py for tasks to queue
[2025-06-12T11:54:59.903+0200] {logging_mixin.py:190} INFO - [2025-06-12T11:54:59.902+0200] {dagbag.py:588} INFO - Filling up the DagBag from /Users/gordanaristova/MyProjects/MyRpaProject/venv/lib/python3.10/site-packages/airflow/example_dags/example_setup_teardown_taskflow.py
[2025-06-12T11:54:59.914+0200] {processor.py:925} INFO - DAG(s) 'example_setup_teardown_taskflow' retrieved from /Users/gordanaristova/MyProjects/MyRpaProject/venv/lib/python3.10/site-packages/airflow/example_dags/example_setup_teardown_taskflow.py
[2025-06-12T11:54:59.942+0200] {logging_mixin.py:190} INFO - [2025-06-12T11:54:59.942+0200] {dag.py:3239} INFO - Sync 1 DAGs
[2025-06-12T11:54:59.945+0200] {logging_mixin.py:190} INFO - [2025-06-12T11:54:59.945+0200] {dag.py:4180} INFO - Setting next_dagrun for example_setup_teardown_taskflow to None, run_after=None
[2025-06-12T11:54:59.950+0200] {processor.py:208} INFO - Processing /Users/gordanaristova/MyProjects/MyRpaProject/venv/lib/python3.10/site-packages/airflow/example_dags/example_setup_teardown_taskflow.py took 0.049 seconds
[2025-06-12T11:56:48.680+0200] {processor.py:186} INFO - Started process (PID=11036) to work on /Users/gordanaristova/MyProjects/MyRpaProject/venv/lib/python3.10/site-packages/airflow/example_dags/example_setup_teardown_taskflow.py
[2025-06-12T11:56:48.680+0200] {processor.py:914} INFO - Processing file /Users/gordanaristova/MyProjects/MyRpaProject/venv/lib/python3.10/site-packages/airflow/example_dags/example_setup_teardown_taskflow.py for tasks to queue
[2025-06-12T11:56:48.680+0200] {logging_mixin.py:190} INFO - [2025-06-12T11:56:48.680+0200] {dagbag.py:588} INFO - Filling up the DagBag from /Users/gordanaristova/MyProjects/MyRpaProject/venv/lib/python3.10/site-packages/airflow/example_dags/example_setup_teardown_taskflow.py
[2025-06-12T11:56:48.692+0200] {processor.py:925} INFO - DAG(s) 'example_setup_teardown_taskflow' retrieved from /Users/gordanaristova/MyProjects/MyRpaProject/venv/lib/python3.10/site-packages/airflow/example_dags/example_setup_teardown_taskflow.py
[2025-06-12T11:56:48.720+0200] {logging_mixin.py:190} INFO - [2025-06-12T11:56:48.720+0200] {dag.py:3239} INFO - Sync 1 DAGs
[2025-06-12T11:56:48.723+0200] {logging_mixin.py:190} INFO - [2025-06-12T11:56:48.723+0200] {dag.py:4180} INFO - Setting next_dagrun for example_setup_teardown_taskflow to None, run_after=None
[2025-06-12T11:56:48.727+0200] {processor.py:208} INFO - Processing /Users/gordanaristova/MyProjects/MyRpaProject/venv/lib/python3.10/site-packages/airflow/example_dags/example_setup_teardown_taskflow.py took 0.049 seconds
[2025-06-12T13:14:44.475+0200] {processor.py:186} INFO - Started process (PID=13010) to work on /Users/gordanaristova/MyProjects/MyRpaProject/venv/lib/python3.10/site-packages/airflow/example_dags/example_setup_teardown_taskflow.py
[2025-06-12T13:14:44.475+0200] {processor.py:914} INFO - Processing file /Users/gordanaristova/MyProjects/MyRpaProject/venv/lib/python3.10/site-packages/airflow/example_dags/example_setup_teardown_taskflow.py for tasks to queue
[2025-06-12T13:14:44.475+0200] {logging_mixin.py:190} INFO - [2025-06-12T13:14:44.475+0200] {dagbag.py:588} INFO - Filling up the DagBag from /Users/gordanaristova/MyProjects/MyRpaProject/venv/lib/python3.10/site-packages/airflow/example_dags/example_setup_teardown_taskflow.py
[2025-06-12T13:14:44.488+0200] {processor.py:925} INFO - DAG(s) 'example_setup_teardown_taskflow' retrieved from /Users/gordanaristova/MyProjects/MyRpaProject/venv/lib/python3.10/site-packages/airflow/example_dags/example_setup_teardown_taskflow.py
[2025-06-12T13:14:44.518+0200] {logging_mixin.py:190} INFO - [2025-06-12T13:14:44.518+0200] {dag.py:3239} INFO - Sync 1 DAGs
[2025-06-12T13:14:44.521+0200] {logging_mixin.py:190} INFO - [2025-06-12T13:14:44.521+0200] {dag.py:4180} INFO - Setting next_dagrun for example_setup_teardown_taskflow to None, run_after=None
[2025-06-12T13:14:44.526+0200] {processor.py:208} INFO - Processing /Users/gordanaristova/MyProjects/MyRpaProject/venv/lib/python3.10/site-packages/airflow/example_dags/example_setup_teardown_taskflow.py took 0.053 seconds
[2025-06-12T18:42:26.806+0200] {processor.py:186} INFO - Started process (PID=15665) to work on /Users/gordanaristova/MyProjects/MyRpaProject/venv/lib/python3.10/site-packages/airflow/example_dags/example_setup_teardown_taskflow.py
[2025-06-12T18:42:26.806+0200] {processor.py:914} INFO - Processing file /Users/gordanaristova/MyProjects/MyRpaProject/venv/lib/python3.10/site-packages/airflow/example_dags/example_setup_teardown_taskflow.py for tasks to queue
[2025-06-12T18:42:26.807+0200] {logging_mixin.py:190} INFO - [2025-06-12T18:42:26.807+0200] {dagbag.py:588} INFO - Filling up the DagBag from /Users/gordanaristova/MyProjects/MyRpaProject/venv/lib/python3.10/site-packages/airflow/example_dags/example_setup_teardown_taskflow.py
[2025-06-12T18:42:26.819+0200] {processor.py:925} INFO - DAG(s) 'example_setup_teardown_taskflow' retrieved from /Users/gordanaristova/MyProjects/MyRpaProject/venv/lib/python3.10/site-packages/airflow/example_dags/example_setup_teardown_taskflow.py
[2025-06-12T18:42:26.848+0200] {logging_mixin.py:190} INFO - [2025-06-12T18:42:26.848+0200] {dag.py:3239} INFO - Sync 1 DAGs
[2025-06-12T18:42:26.851+0200] {logging_mixin.py:190} INFO - [2025-06-12T18:42:26.851+0200] {dag.py:4180} INFO - Setting next_dagrun for example_setup_teardown_taskflow to None, run_after=None
[2025-06-12T18:42:26.855+0200] {processor.py:208} INFO - Processing /Users/gordanaristova/MyProjects/MyRpaProject/venv/lib/python3.10/site-packages/airflow/example_dags/example_setup_teardown_taskflow.py took 0.050 seconds
[2025-06-12T18:52:11.199+0200] {processor.py:186} INFO - Started process (PID=15894) to work on /Users/gordanaristova/MyProjects/MyRpaProject/venv/lib/python3.10/site-packages/airflow/example_dags/example_setup_teardown_taskflow.py
[2025-06-12T18:52:11.199+0200] {processor.py:914} INFO - Processing file /Users/gordanaristova/MyProjects/MyRpaProject/venv/lib/python3.10/site-packages/airflow/example_dags/example_setup_teardown_taskflow.py for tasks to queue
[2025-06-12T18:52:11.200+0200] {logging_mixin.py:190} INFO - [2025-06-12T18:52:11.200+0200] {dagbag.py:588} INFO - Filling up the DagBag from /Users/gordanaristova/MyProjects/MyRpaProject/venv/lib/python3.10/site-packages/airflow/example_dags/example_setup_teardown_taskflow.py
[2025-06-12T18:52:11.213+0200] {processor.py:925} INFO - DAG(s) 'example_setup_teardown_taskflow' retrieved from /Users/gordanaristova/MyProjects/MyRpaProject/venv/lib/python3.10/site-packages/airflow/example_dags/example_setup_teardown_taskflow.py
[2025-06-12T18:52:11.244+0200] {logging_mixin.py:190} INFO - [2025-06-12T18:52:11.243+0200] {dag.py:3239} INFO - Sync 1 DAGs
[2025-06-12T18:52:11.247+0200] {logging_mixin.py:190} INFO - [2025-06-12T18:52:11.247+0200] {dag.py:4180} INFO - Setting next_dagrun for example_setup_teardown_taskflow to None, run_after=None
[2025-06-12T18:52:11.252+0200] {processor.py:208} INFO - Processing /Users/gordanaristova/MyProjects/MyRpaProject/venv/lib/python3.10/site-packages/airflow/example_dags/example_setup_teardown_taskflow.py took 0.054 seconds
[2025-06-12T18:55:23.064+0200] {processor.py:186} INFO - Started process (PID=15978) to work on /Users/gordanaristova/MyProjects/MyRpaProject/venv/lib/python3.10/site-packages/airflow/example_dags/example_setup_teardown_taskflow.py
[2025-06-12T18:55:23.065+0200] {processor.py:914} INFO - Processing file /Users/gordanaristova/MyProjects/MyRpaProject/venv/lib/python3.10/site-packages/airflow/example_dags/example_setup_teardown_taskflow.py for tasks to queue
[2025-06-12T18:55:23.065+0200] {logging_mixin.py:190} INFO - [2025-06-12T18:55:23.065+0200] {dagbag.py:588} INFO - Filling up the DagBag from /Users/gordanaristova/MyProjects/MyRpaProject/venv/lib/python3.10/site-packages/airflow/example_dags/example_setup_teardown_taskflow.py
[2025-06-12T18:55:23.077+0200] {processor.py:925} INFO - DAG(s) 'example_setup_teardown_taskflow' retrieved from /Users/gordanaristova/MyProjects/MyRpaProject/venv/lib/python3.10/site-packages/airflow/example_dags/example_setup_teardown_taskflow.py
[2025-06-12T18:55:23.107+0200] {logging_mixin.py:190} INFO - [2025-06-12T18:55:23.106+0200] {dag.py:3239} INFO - Sync 1 DAGs
[2025-06-12T18:55:23.110+0200] {logging_mixin.py:190} INFO - [2025-06-12T18:55:23.110+0200] {dag.py:4180} INFO - Setting next_dagrun for example_setup_teardown_taskflow to None, run_after=None
[2025-06-12T18:55:23.114+0200] {processor.py:208} INFO - Processing /Users/gordanaristova/MyProjects/MyRpaProject/venv/lib/python3.10/site-packages/airflow/example_dags/example_setup_teardown_taskflow.py took 0.051 seconds
[2025-06-12T19:00:30.059+0200] {processor.py:186} INFO - Started process (PID=16127) to work on /Users/gordanaristova/MyProjects/MyRpaProject/venv/lib/python3.10/site-packages/airflow/example_dags/example_setup_teardown_taskflow.py
[2025-06-12T19:00:30.060+0200] {processor.py:914} INFO - Processing file /Users/gordanaristova/MyProjects/MyRpaProject/venv/lib/python3.10/site-packages/airflow/example_dags/example_setup_teardown_taskflow.py for tasks to queue
[2025-06-12T19:00:30.060+0200] {logging_mixin.py:190} INFO - [2025-06-12T19:00:30.060+0200] {dagbag.py:588} INFO - Filling up the DagBag from /Users/gordanaristova/MyProjects/MyRpaProject/venv/lib/python3.10/site-packages/airflow/example_dags/example_setup_teardown_taskflow.py
[2025-06-12T19:00:30.073+0200] {processor.py:925} INFO - DAG(s) 'example_setup_teardown_taskflow' retrieved from /Users/gordanaristova/MyProjects/MyRpaProject/venv/lib/python3.10/site-packages/airflow/example_dags/example_setup_teardown_taskflow.py
[2025-06-12T19:00:30.102+0200] {logging_mixin.py:190} INFO - [2025-06-12T19:00:30.102+0200] {dag.py:3239} INFO - Sync 1 DAGs
[2025-06-12T19:00:30.105+0200] {logging_mixin.py:190} INFO - [2025-06-12T19:00:30.105+0200] {dag.py:4180} INFO - Setting next_dagrun for example_setup_teardown_taskflow to None, run_after=None
[2025-06-12T19:00:30.110+0200] {processor.py:208} INFO - Processing /Users/gordanaristova/MyProjects/MyRpaProject/venv/lib/python3.10/site-packages/airflow/example_dags/example_setup_teardown_taskflow.py took 0.051 seconds
[2025-06-12T19:11:07.007+0200] {processor.py:186} INFO - Started process (PID=16455) to work on /Users/gordanaristova/MyProjects/MyRpaProject/venv/lib/python3.10/site-packages/airflow/example_dags/example_setup_teardown_taskflow.py
[2025-06-12T19:11:07.008+0200] {processor.py:914} INFO - Processing file /Users/gordanaristova/MyProjects/MyRpaProject/venv/lib/python3.10/site-packages/airflow/example_dags/example_setup_teardown_taskflow.py for tasks to queue
[2025-06-12T19:11:07.008+0200] {logging_mixin.py:190} INFO - [2025-06-12T19:11:07.008+0200] {dagbag.py:588} INFO - Filling up the DagBag from /Users/gordanaristova/MyProjects/MyRpaProject/venv/lib/python3.10/site-packages/airflow/example_dags/example_setup_teardown_taskflow.py
[2025-06-12T19:11:07.021+0200] {processor.py:925} INFO - DAG(s) 'example_setup_teardown_taskflow' retrieved from /Users/gordanaristova/MyProjects/MyRpaProject/venv/lib/python3.10/site-packages/airflow/example_dags/example_setup_teardown_taskflow.py
[2025-06-12T19:11:07.050+0200] {logging_mixin.py:190} INFO - [2025-06-12T19:11:07.050+0200] {dag.py:3239} INFO - Sync 1 DAGs
[2025-06-12T19:11:07.053+0200] {logging_mixin.py:190} INFO - [2025-06-12T19:11:07.053+0200] {dag.py:4180} INFO - Setting next_dagrun for example_setup_teardown_taskflow to None, run_after=None
[2025-06-12T19:11:07.058+0200] {processor.py:208} INFO - Processing /Users/gordanaristova/MyProjects/MyRpaProject/venv/lib/python3.10/site-packages/airflow/example_dags/example_setup_teardown_taskflow.py took 0.051 seconds
[2025-06-12T19:14:10.741+0200] {processor.py:186} INFO - Started process (PID=16646) to work on /Users/gordanaristova/MyProjects/MyRpaProject/venv/lib/python3.10/site-packages/airflow/example_dags/example_setup_teardown_taskflow.py
[2025-06-12T19:14:10.742+0200] {processor.py:914} INFO - Processing file /Users/gordanaristova/MyProjects/MyRpaProject/venv/lib/python3.10/site-packages/airflow/example_dags/example_setup_teardown_taskflow.py for tasks to queue
[2025-06-12T19:14:10.742+0200] {logging_mixin.py:190} INFO - [2025-06-12T19:14:10.742+0200] {dagbag.py:588} INFO - Filling up the DagBag from /Users/gordanaristova/MyProjects/MyRpaProject/venv/lib/python3.10/site-packages/airflow/example_dags/example_setup_teardown_taskflow.py
[2025-06-12T19:14:10.755+0200] {processor.py:925} INFO - DAG(s) 'example_setup_teardown_taskflow' retrieved from /Users/gordanaristova/MyProjects/MyRpaProject/venv/lib/python3.10/site-packages/airflow/example_dags/example_setup_teardown_taskflow.py
[2025-06-12T19:14:10.785+0200] {logging_mixin.py:190} INFO - [2025-06-12T19:14:10.784+0200] {dag.py:3239} INFO - Sync 1 DAGs
[2025-06-12T19:14:10.788+0200] {logging_mixin.py:190} INFO - [2025-06-12T19:14:10.788+0200] {dag.py:4180} INFO - Setting next_dagrun for example_setup_teardown_taskflow to None, run_after=None
[2025-06-12T19:14:10.793+0200] {processor.py:208} INFO - Processing /Users/gordanaristova/MyProjects/MyRpaProject/venv/lib/python3.10/site-packages/airflow/example_dags/example_setup_teardown_taskflow.py took 0.052 seconds
