[2025-06-12T10:36:38.287+0200] {processor.py:186} INFO - Started process (PID=8418) to work on /Users/gordanaristova/MyProjects/MyRpaProject/venv/lib/python3.10/site-packages/airflow/example_dags/example_time_delta_sensor_async.py
[2025-06-12T10:36:38.287+0200] {processor.py:914} INFO - Processing file /Users/gordanaristova/MyProjects/MyRpaProject/venv/lib/python3.10/site-packages/airflow/example_dags/example_time_delta_sensor_async.py for tasks to queue
[2025-06-12T10:36:38.288+0200] {logging_mixin.py:190} INFO - [2025-06-12T10:36:38.288+0200] {dagbag.py:588} INFO - Filling up the DagBag from /Users/gordanaristova/MyProjects/MyRpaProject/venv/lib/python3.10/site-packages/airflow/example_dags/example_time_delta_sensor_async.py
[2025-06-12T10:36:38.290+0200] {processor.py:925} INFO - DAG(s) 'example_time_delta_sensor_async' retrieved from /Users/gordanaristova/MyProjects/MyRpaProject/venv/lib/python3.10/site-packages/airflow/example_dags/example_time_delta_sensor_async.py
[2025-06-12T10:36:38.490+0200] {logging_mixin.py:190} INFO - [2025-06-12T10:36:38.490+0200] {override.py:1900} INFO - Created Permission View: can delete on DAG:example_time_delta_sensor_async
[2025-06-12T10:36:38.492+0200] {logging_mixin.py:190} INFO - [2025-06-12T10:36:38.492+0200] {override.py:1900} INFO - Created Permission View: can edit on DAG:example_time_delta_sensor_async
[2025-06-12T10:36:38.493+0200] {logging_mixin.py:190} INFO - [2025-06-12T10:36:38.493+0200] {override.py:1900} INFO - Created Permission View: can read on DAG:example_time_delta_sensor_async
[2025-06-12T10:36:38.495+0200] {logging_mixin.py:190} INFO - [2025-06-12T10:36:38.495+0200] {override.py:1900} INFO - Created Permission View: can delete on DAG Run:example_time_delta_sensor_async
[2025-06-12T10:36:38.496+0200] {logging_mixin.py:190} INFO - [2025-06-12T10:36:38.496+0200] {override.py:1900} INFO - Created Permission View: menu access on DAG Run:example_time_delta_sensor_async
[2025-06-12T10:36:38.497+0200] {logging_mixin.py:190} INFO - [2025-06-12T10:36:38.497+0200] {override.py:1900} INFO - Created Permission View: can read on DAG Run:example_time_delta_sensor_async
[2025-06-12T10:36:38.499+0200] {logging_mixin.py:190} INFO - [2025-06-12T10:36:38.499+0200] {override.py:1900} INFO - Created Permission View: can create on DAG Run:example_time_delta_sensor_async
[2025-06-12T10:36:38.499+0200] {logging_mixin.py:190} INFO - [2025-06-12T10:36:38.499+0200] {dag.py:3239} INFO - Sync 1 DAGs
[2025-06-12T10:36:38.502+0200] {logging_mixin.py:190} INFO - [2025-06-12T10:36:38.502+0200] {dag.py:3262} INFO - Creating ORM DAG for example_time_delta_sensor_async
[2025-06-12T10:36:38.502+0200] {logging_mixin.py:190} INFO - [2025-06-12T10:36:38.502+0200] {dag.py:4180} INFO - Setting next_dagrun for example_time_delta_sensor_async to None, run_after=None
[2025-06-12T10:36:38.506+0200] {processor.py:208} INFO - Processing /Users/gordanaristova/MyProjects/MyRpaProject/venv/lib/python3.10/site-packages/airflow/example_dags/example_time_delta_sensor_async.py took 0.220 seconds
[2025-06-12T10:38:06.717+0200] {processor.py:186} INFO - Started process (PID=8498) to work on /Users/gordanaristova/MyProjects/MyRpaProject/venv/lib/python3.10/site-packages/airflow/example_dags/example_time_delta_sensor_async.py
[2025-06-12T10:38:06.718+0200] {processor.py:914} INFO - Processing file /Users/gordanaristova/MyProjects/MyRpaProject/venv/lib/python3.10/site-packages/airflow/example_dags/example_time_delta_sensor_async.py for tasks to queue
[2025-06-12T10:38:06.719+0200] {logging_mixin.py:190} INFO - [2025-06-12T10:38:06.718+0200] {dagbag.py:588} INFO - Filling up the DagBag from /Users/gordanaristova/MyProjects/MyRpaProject/venv/lib/python3.10/site-packages/airflow/example_dags/example_time_delta_sensor_async.py
[2025-06-12T10:38:06.721+0200] {processor.py:925} INFO - DAG(s) 'example_time_delta_sensor_async' retrieved from /Users/gordanaristova/MyProjects/MyRpaProject/venv/lib/python3.10/site-packages/airflow/example_dags/example_time_delta_sensor_async.py
[2025-06-12T10:38:06.911+0200] {logging_mixin.py:190} INFO - [2025-06-12T10:38:06.911+0200] {dag.py:3239} INFO - Sync 1 DAGs
[2025-06-12T10:38:06.915+0200] {logging_mixin.py:190} INFO - [2025-06-12T10:38:06.915+0200] {dag.py:4180} INFO - Setting next_dagrun for example_time_delta_sensor_async to None, run_after=None
[2025-06-12T10:38:06.919+0200] {processor.py:208} INFO - Processing /Users/gordanaristova/MyProjects/MyRpaProject/venv/lib/python3.10/site-packages/airflow/example_dags/example_time_delta_sensor_async.py took 0.203 seconds
[2025-06-12T10:39:00.798+0200] {processor.py:186} INFO - Started process (PID=8542) to work on /Users/gordanaristova/MyProjects/MyRpaProject/venv/lib/python3.10/site-packages/airflow/example_dags/example_time_delta_sensor_async.py
[2025-06-12T10:39:00.799+0200] {processor.py:914} INFO - Processing file /Users/gordanaristova/MyProjects/MyRpaProject/venv/lib/python3.10/site-packages/airflow/example_dags/example_time_delta_sensor_async.py for tasks to queue
[2025-06-12T10:39:00.800+0200] {logging_mixin.py:190} INFO - [2025-06-12T10:39:00.800+0200] {dagbag.py:588} INFO - Filling up the DagBag from /Users/gordanaristova/MyProjects/MyRpaProject/venv/lib/python3.10/site-packages/airflow/example_dags/example_time_delta_sensor_async.py
[2025-06-12T10:39:00.803+0200] {processor.py:925} INFO - DAG(s) 'example_time_delta_sensor_async' retrieved from /Users/gordanaristova/MyProjects/MyRpaProject/venv/lib/python3.10/site-packages/airflow/example_dags/example_time_delta_sensor_async.py
[2025-06-12T10:39:00.990+0200] {logging_mixin.py:190} INFO - [2025-06-12T10:39:00.990+0200] {dag.py:3239} INFO - Sync 1 DAGs
[2025-06-12T10:39:00.993+0200] {logging_mixin.py:190} INFO - [2025-06-12T10:39:00.993+0200] {dag.py:4180} INFO - Setting next_dagrun for example_time_delta_sensor_async to None, run_after=None
[2025-06-12T10:39:00.998+0200] {processor.py:208} INFO - Processing /Users/gordanaristova/MyProjects/MyRpaProject/venv/lib/python3.10/site-packages/airflow/example_dags/example_time_delta_sensor_async.py took 0.201 seconds
[2025-06-12T10:40:42.500+0200] {processor.py:186} INFO - Started process (PID=8622) to work on /Users/gordanaristova/MyProjects/MyRpaProject/venv/lib/python3.10/site-packages/airflow/example_dags/example_time_delta_sensor_async.py
[2025-06-12T10:40:42.500+0200] {processor.py:914} INFO - Processing file /Users/gordanaristova/MyProjects/MyRpaProject/venv/lib/python3.10/site-packages/airflow/example_dags/example_time_delta_sensor_async.py for tasks to queue
[2025-06-12T10:40:42.501+0200] {logging_mixin.py:190} INFO - [2025-06-12T10:40:42.501+0200] {dagbag.py:588} INFO - Filling up the DagBag from /Users/gordanaristova/MyProjects/MyRpaProject/venv/lib/python3.10/site-packages/airflow/example_dags/example_time_delta_sensor_async.py
[2025-06-12T10:40:42.503+0200] {processor.py:925} INFO - DAG(s) 'example_time_delta_sensor_async' retrieved from /Users/gordanaristova/MyProjects/MyRpaProject/venv/lib/python3.10/site-packages/airflow/example_dags/example_time_delta_sensor_async.py
[2025-06-12T10:40:42.692+0200] {logging_mixin.py:190} INFO - [2025-06-12T10:40:42.692+0200] {dag.py:3239} INFO - Sync 1 DAGs
[2025-06-12T10:40:42.695+0200] {logging_mixin.py:190} INFO - [2025-06-12T10:40:42.695+0200] {dag.py:4180} INFO - Setting next_dagrun for example_time_delta_sensor_async to None, run_after=None
[2025-06-12T10:40:42.700+0200] {processor.py:208} INFO - Processing /Users/gordanaristova/MyProjects/MyRpaProject/venv/lib/python3.10/site-packages/airflow/example_dags/example_time_delta_sensor_async.py took 0.201 seconds
[2025-06-12T10:42:29.523+0200] {processor.py:186} INFO - Started process (PID=8712) to work on /Users/gordanaristova/MyProjects/MyRpaProject/venv/lib/python3.10/site-packages/airflow/example_dags/example_time_delta_sensor_async.py
[2025-06-12T10:42:29.524+0200] {processor.py:914} INFO - Processing file /Users/gordanaristova/MyProjects/MyRpaProject/venv/lib/python3.10/site-packages/airflow/example_dags/example_time_delta_sensor_async.py for tasks to queue
[2025-06-12T10:42:29.524+0200] {logging_mixin.py:190} INFO - [2025-06-12T10:42:29.524+0200] {dagbag.py:588} INFO - Filling up the DagBag from /Users/gordanaristova/MyProjects/MyRpaProject/venv/lib/python3.10/site-packages/airflow/example_dags/example_time_delta_sensor_async.py
[2025-06-12T10:42:29.526+0200] {processor.py:925} INFO - DAG(s) 'example_time_delta_sensor_async' retrieved from /Users/gordanaristova/MyProjects/MyRpaProject/venv/lib/python3.10/site-packages/airflow/example_dags/example_time_delta_sensor_async.py
[2025-06-12T10:42:29.709+0200] {logging_mixin.py:190} INFO - [2025-06-12T10:42:29.709+0200] {dag.py:3239} INFO - Sync 1 DAGs
[2025-06-12T10:42:29.712+0200] {logging_mixin.py:190} INFO - [2025-06-12T10:42:29.712+0200] {dag.py:4180} INFO - Setting next_dagrun for example_time_delta_sensor_async to None, run_after=None
[2025-06-12T10:42:29.717+0200] {processor.py:208} INFO - Processing /Users/gordanaristova/MyProjects/MyRpaProject/venv/lib/python3.10/site-packages/airflow/example_dags/example_time_delta_sensor_async.py took 0.195 seconds
[2025-06-12T10:44:16.304+0200] {processor.py:186} INFO - Started process (PID=8864) to work on /Users/gordanaristova/MyProjects/MyRpaProject/venv/lib/python3.10/site-packages/airflow/example_dags/example_time_delta_sensor_async.py
[2025-06-12T10:44:16.305+0200] {processor.py:914} INFO - Processing file /Users/gordanaristova/MyProjects/MyRpaProject/venv/lib/python3.10/site-packages/airflow/example_dags/example_time_delta_sensor_async.py for tasks to queue
[2025-06-12T10:44:16.305+0200] {logging_mixin.py:190} INFO - [2025-06-12T10:44:16.305+0200] {dagbag.py:588} INFO - Filling up the DagBag from /Users/gordanaristova/MyProjects/MyRpaProject/venv/lib/python3.10/site-packages/airflow/example_dags/example_time_delta_sensor_async.py
[2025-06-12T10:44:16.308+0200] {processor.py:925} INFO - DAG(s) 'example_time_delta_sensor_async' retrieved from /Users/gordanaristova/MyProjects/MyRpaProject/venv/lib/python3.10/site-packages/airflow/example_dags/example_time_delta_sensor_async.py
[2025-06-12T10:44:16.505+0200] {logging_mixin.py:190} INFO - [2025-06-12T10:44:16.504+0200] {dag.py:3239} INFO - Sync 1 DAGs
[2025-06-12T10:44:16.508+0200] {logging_mixin.py:190} INFO - [2025-06-12T10:44:16.508+0200] {dag.py:4180} INFO - Setting next_dagrun for example_time_delta_sensor_async to None, run_after=None
[2025-06-12T10:44:16.513+0200] {processor.py:208} INFO - Processing /Users/gordanaristova/MyProjects/MyRpaProject/venv/lib/python3.10/site-packages/airflow/example_dags/example_time_delta_sensor_async.py took 0.209 seconds
[2025-06-12T10:46:02.528+0200] {processor.py:186} INFO - Started process (PID=8952) to work on /Users/gordanaristova/MyProjects/MyRpaProject/venv/lib/python3.10/site-packages/airflow/example_dags/example_time_delta_sensor_async.py
[2025-06-12T10:46:02.529+0200] {processor.py:914} INFO - Processing file /Users/gordanaristova/MyProjects/MyRpaProject/venv/lib/python3.10/site-packages/airflow/example_dags/example_time_delta_sensor_async.py for tasks to queue
[2025-06-12T10:46:02.529+0200] {logging_mixin.py:190} INFO - [2025-06-12T10:46:02.529+0200] {dagbag.py:588} INFO - Filling up the DagBag from /Users/gordanaristova/MyProjects/MyRpaProject/venv/lib/python3.10/site-packages/airflow/example_dags/example_time_delta_sensor_async.py
[2025-06-12T10:46:02.532+0200] {processor.py:925} INFO - DAG(s) 'example_time_delta_sensor_async' retrieved from /Users/gordanaristova/MyProjects/MyRpaProject/venv/lib/python3.10/site-packages/airflow/example_dags/example_time_delta_sensor_async.py
[2025-06-12T10:46:02.728+0200] {logging_mixin.py:190} INFO - [2025-06-12T10:46:02.728+0200] {dag.py:3239} INFO - Sync 1 DAGs
[2025-06-12T10:46:02.731+0200] {logging_mixin.py:190} INFO - [2025-06-12T10:46:02.731+0200] {dag.py:4180} INFO - Setting next_dagrun for example_time_delta_sensor_async to None, run_after=None
[2025-06-12T10:46:02.736+0200] {processor.py:208} INFO - Processing /Users/gordanaristova/MyProjects/MyRpaProject/venv/lib/python3.10/site-packages/airflow/example_dags/example_time_delta_sensor_async.py took 0.209 seconds
[2025-06-12T10:47:52.221+0200] {processor.py:186} INFO - Started process (PID=9082) to work on /Users/gordanaristova/MyProjects/MyRpaProject/venv/lib/python3.10/site-packages/airflow/example_dags/example_time_delta_sensor_async.py
[2025-06-12T10:47:52.221+0200] {processor.py:914} INFO - Processing file /Users/gordanaristova/MyProjects/MyRpaProject/venv/lib/python3.10/site-packages/airflow/example_dags/example_time_delta_sensor_async.py for tasks to queue
[2025-06-12T10:47:52.222+0200] {logging_mixin.py:190} INFO - [2025-06-12T10:47:52.222+0200] {dagbag.py:588} INFO - Filling up the DagBag from /Users/gordanaristova/MyProjects/MyRpaProject/venv/lib/python3.10/site-packages/airflow/example_dags/example_time_delta_sensor_async.py
[2025-06-12T10:47:52.224+0200] {processor.py:925} INFO - DAG(s) 'example_time_delta_sensor_async' retrieved from /Users/gordanaristova/MyProjects/MyRpaProject/venv/lib/python3.10/site-packages/airflow/example_dags/example_time_delta_sensor_async.py
[2025-06-12T10:47:52.423+0200] {logging_mixin.py:190} INFO - [2025-06-12T10:47:52.423+0200] {dag.py:3239} INFO - Sync 1 DAGs
[2025-06-12T10:47:52.426+0200] {logging_mixin.py:190} INFO - [2025-06-12T10:47:52.426+0200] {dag.py:4180} INFO - Setting next_dagrun for example_time_delta_sensor_async to None, run_after=None
[2025-06-12T10:47:52.431+0200] {processor.py:208} INFO - Processing /Users/gordanaristova/MyProjects/MyRpaProject/venv/lib/python3.10/site-packages/airflow/example_dags/example_time_delta_sensor_async.py took 0.211 seconds
[2025-06-12T10:48:48.220+0200] {processor.py:186} INFO - Started process (PID=9164) to work on /Users/gordanaristova/MyProjects/MyRpaProject/venv/lib/python3.10/site-packages/airflow/example_dags/example_time_delta_sensor_async.py
[2025-06-12T10:48:48.220+0200] {processor.py:914} INFO - Processing file /Users/gordanaristova/MyProjects/MyRpaProject/venv/lib/python3.10/site-packages/airflow/example_dags/example_time_delta_sensor_async.py for tasks to queue
[2025-06-12T10:48:48.220+0200] {logging_mixin.py:190} INFO - [2025-06-12T10:48:48.220+0200] {dagbag.py:588} INFO - Filling up the DagBag from /Users/gordanaristova/MyProjects/MyRpaProject/venv/lib/python3.10/site-packages/airflow/example_dags/example_time_delta_sensor_async.py
[2025-06-12T10:48:48.223+0200] {processor.py:925} INFO - DAG(s) 'example_time_delta_sensor_async' retrieved from /Users/gordanaristova/MyProjects/MyRpaProject/venv/lib/python3.10/site-packages/airflow/example_dags/example_time_delta_sensor_async.py
[2025-06-12T10:48:48.411+0200] {logging_mixin.py:190} INFO - [2025-06-12T10:48:48.411+0200] {dag.py:3239} INFO - Sync 1 DAGs
[2025-06-12T10:48:48.414+0200] {logging_mixin.py:190} INFO - [2025-06-12T10:48:48.414+0200] {dag.py:4180} INFO - Setting next_dagrun for example_time_delta_sensor_async to None, run_after=None
[2025-06-12T10:48:48.419+0200] {processor.py:208} INFO - Processing /Users/gordanaristova/MyProjects/MyRpaProject/venv/lib/python3.10/site-packages/airflow/example_dags/example_time_delta_sensor_async.py took 0.200 seconds
[2025-06-12T10:56:50.856+0200] {processor.py:186} INFO - Started process (PID=9424) to work on /Users/gordanaristova/MyProjects/MyRpaProject/venv/lib/python3.10/site-packages/airflow/example_dags/example_time_delta_sensor_async.py
[2025-06-12T10:56:50.858+0200] {processor.py:914} INFO - Processing file /Users/gordanaristova/MyProjects/MyRpaProject/venv/lib/python3.10/site-packages/airflow/example_dags/example_time_delta_sensor_async.py for tasks to queue
[2025-06-12T10:56:50.858+0200] {logging_mixin.py:190} INFO - [2025-06-12T10:56:50.858+0200] {dagbag.py:588} INFO - Filling up the DagBag from /Users/gordanaristova/MyProjects/MyRpaProject/venv/lib/python3.10/site-packages/airflow/example_dags/example_time_delta_sensor_async.py
[2025-06-12T10:56:50.860+0200] {processor.py:925} INFO - DAG(s) 'example_time_delta_sensor_async' retrieved from /Users/gordanaristova/MyProjects/MyRpaProject/venv/lib/python3.10/site-packages/airflow/example_dags/example_time_delta_sensor_async.py
[2025-06-12T10:56:51.048+0200] {logging_mixin.py:190} INFO - [2025-06-12T10:56:51.048+0200] {dag.py:3239} INFO - Sync 1 DAGs
[2025-06-12T10:56:51.051+0200] {logging_mixin.py:190} INFO - [2025-06-12T10:56:51.051+0200] {dag.py:4180} INFO - Setting next_dagrun for example_time_delta_sensor_async to None, run_after=None
[2025-06-12T10:56:51.056+0200] {processor.py:208} INFO - Processing /Users/gordanaristova/MyProjects/MyRpaProject/venv/lib/python3.10/site-packages/airflow/example_dags/example_time_delta_sensor_async.py took 0.201 seconds
[2025-06-12T10:58:17.216+0200] {processor.py:186} INFO - Started process (PID=9523) to work on /Users/gordanaristova/MyProjects/MyRpaProject/venv/lib/python3.10/site-packages/airflow/example_dags/example_time_delta_sensor_async.py
[2025-06-12T10:58:17.217+0200] {processor.py:914} INFO - Processing file /Users/gordanaristova/MyProjects/MyRpaProject/venv/lib/python3.10/site-packages/airflow/example_dags/example_time_delta_sensor_async.py for tasks to queue
[2025-06-12T10:58:17.218+0200] {logging_mixin.py:190} INFO - [2025-06-12T10:58:17.218+0200] {dagbag.py:588} INFO - Filling up the DagBag from /Users/gordanaristova/MyProjects/MyRpaProject/venv/lib/python3.10/site-packages/airflow/example_dags/example_time_delta_sensor_async.py
[2025-06-12T10:58:17.220+0200] {processor.py:925} INFO - DAG(s) 'example_time_delta_sensor_async' retrieved from /Users/gordanaristova/MyProjects/MyRpaProject/venv/lib/python3.10/site-packages/airflow/example_dags/example_time_delta_sensor_async.py
[2025-06-12T10:58:17.412+0200] {logging_mixin.py:190} INFO - [2025-06-12T10:58:17.411+0200] {dag.py:3239} INFO - Sync 1 DAGs
[2025-06-12T10:58:17.415+0200] {logging_mixin.py:190} INFO - [2025-06-12T10:58:17.415+0200] {dag.py:4180} INFO - Setting next_dagrun for example_time_delta_sensor_async to None, run_after=None
[2025-06-12T10:58:17.419+0200] {processor.py:208} INFO - Processing /Users/gordanaristova/MyProjects/MyRpaProject/venv/lib/python3.10/site-packages/airflow/example_dags/example_time_delta_sensor_async.py took 0.204 seconds
[2025-06-12T11:11:35.317+0200] {processor.py:186} INFO - Started process (PID=9741) to work on /Users/gordanaristova/MyProjects/MyRpaProject/venv/lib/python3.10/site-packages/airflow/example_dags/example_time_delta_sensor_async.py
[2025-06-12T11:11:35.318+0200] {processor.py:914} INFO - Processing file /Users/gordanaristova/MyProjects/MyRpaProject/venv/lib/python3.10/site-packages/airflow/example_dags/example_time_delta_sensor_async.py for tasks to queue
[2025-06-12T11:11:35.318+0200] {logging_mixin.py:190} INFO - [2025-06-12T11:11:35.318+0200] {dagbag.py:588} INFO - Filling up the DagBag from /Users/gordanaristova/MyProjects/MyRpaProject/venv/lib/python3.10/site-packages/airflow/example_dags/example_time_delta_sensor_async.py
[2025-06-12T11:11:35.320+0200] {processor.py:925} INFO - DAG(s) 'example_time_delta_sensor_async' retrieved from /Users/gordanaristova/MyProjects/MyRpaProject/venv/lib/python3.10/site-packages/airflow/example_dags/example_time_delta_sensor_async.py
[2025-06-12T11:11:35.498+0200] {logging_mixin.py:190} INFO - [2025-06-12T11:11:35.498+0200] {dag.py:3239} INFO - Sync 1 DAGs
[2025-06-12T11:11:35.501+0200] {logging_mixin.py:190} INFO - [2025-06-12T11:11:35.501+0200] {dag.py:4180} INFO - Setting next_dagrun for example_time_delta_sensor_async to None, run_after=None
[2025-06-12T11:11:35.506+0200] {processor.py:208} INFO - Processing /Users/gordanaristova/MyProjects/MyRpaProject/venv/lib/python3.10/site-packages/airflow/example_dags/example_time_delta_sensor_async.py took 0.190 seconds
[2025-06-12T11:13:03.139+0200] {processor.py:186} INFO - Started process (PID=9837) to work on /Users/gordanaristova/MyProjects/MyRpaProject/venv/lib/python3.10/site-packages/airflow/example_dags/example_time_delta_sensor_async.py
[2025-06-12T11:13:03.140+0200] {processor.py:914} INFO - Processing file /Users/gordanaristova/MyProjects/MyRpaProject/venv/lib/python3.10/site-packages/airflow/example_dags/example_time_delta_sensor_async.py for tasks to queue
[2025-06-12T11:13:03.140+0200] {logging_mixin.py:190} INFO - [2025-06-12T11:13:03.140+0200] {dagbag.py:588} INFO - Filling up the DagBag from /Users/gordanaristova/MyProjects/MyRpaProject/venv/lib/python3.10/site-packages/airflow/example_dags/example_time_delta_sensor_async.py
[2025-06-12T11:13:03.142+0200] {processor.py:925} INFO - DAG(s) 'example_time_delta_sensor_async' retrieved from /Users/gordanaristova/MyProjects/MyRpaProject/venv/lib/python3.10/site-packages/airflow/example_dags/example_time_delta_sensor_async.py
[2025-06-12T11:13:03.331+0200] {logging_mixin.py:190} INFO - [2025-06-12T11:13:03.330+0200] {dag.py:3239} INFO - Sync 1 DAGs
[2025-06-12T11:13:03.334+0200] {logging_mixin.py:190} INFO - [2025-06-12T11:13:03.334+0200] {dag.py:4180} INFO - Setting next_dagrun for example_time_delta_sensor_async to None, run_after=None
[2025-06-12T11:13:03.338+0200] {processor.py:208} INFO - Processing /Users/gordanaristova/MyProjects/MyRpaProject/venv/lib/python3.10/site-packages/airflow/example_dags/example_time_delta_sensor_async.py took 0.200 seconds
[2025-06-12T11:21:41.195+0200] {processor.py:186} INFO - Started process (PID=10032) to work on /Users/gordanaristova/MyProjects/MyRpaProject/venv/lib/python3.10/site-packages/airflow/example_dags/example_time_delta_sensor_async.py
[2025-06-12T11:21:41.195+0200] {processor.py:914} INFO - Processing file /Users/gordanaristova/MyProjects/MyRpaProject/venv/lib/python3.10/site-packages/airflow/example_dags/example_time_delta_sensor_async.py for tasks to queue
[2025-06-12T11:21:41.195+0200] {logging_mixin.py:190} INFO - [2025-06-12T11:21:41.195+0200] {dagbag.py:588} INFO - Filling up the DagBag from /Users/gordanaristova/MyProjects/MyRpaProject/venv/lib/python3.10/site-packages/airflow/example_dags/example_time_delta_sensor_async.py
[2025-06-12T11:21:41.198+0200] {processor.py:925} INFO - DAG(s) 'example_time_delta_sensor_async' retrieved from /Users/gordanaristova/MyProjects/MyRpaProject/venv/lib/python3.10/site-packages/airflow/example_dags/example_time_delta_sensor_async.py
[2025-06-12T11:21:41.385+0200] {logging_mixin.py:190} INFO - [2025-06-12T11:21:41.385+0200] {dag.py:3239} INFO - Sync 1 DAGs
[2025-06-12T11:21:41.388+0200] {logging_mixin.py:190} INFO - [2025-06-12T11:21:41.388+0200] {dag.py:4180} INFO - Setting next_dagrun for example_time_delta_sensor_async to None, run_after=None
[2025-06-12T11:21:41.393+0200] {processor.py:208} INFO - Processing /Users/gordanaristova/MyProjects/MyRpaProject/venv/lib/python3.10/site-packages/airflow/example_dags/example_time_delta_sensor_async.py took 0.199 seconds
[2025-06-12T11:23:06.791+0200] {processor.py:186} INFO - Started process (PID=10123) to work on /Users/gordanaristova/MyProjects/MyRpaProject/venv/lib/python3.10/site-packages/airflow/example_dags/example_time_delta_sensor_async.py
[2025-06-12T11:23:06.792+0200] {processor.py:914} INFO - Processing file /Users/gordanaristova/MyProjects/MyRpaProject/venv/lib/python3.10/site-packages/airflow/example_dags/example_time_delta_sensor_async.py for tasks to queue
[2025-06-12T11:23:06.792+0200] {logging_mixin.py:190} INFO - [2025-06-12T11:23:06.792+0200] {dagbag.py:588} INFO - Filling up the DagBag from /Users/gordanaristova/MyProjects/MyRpaProject/venv/lib/python3.10/site-packages/airflow/example_dags/example_time_delta_sensor_async.py
[2025-06-12T11:23:06.794+0200] {processor.py:925} INFO - DAG(s) 'example_time_delta_sensor_async' retrieved from /Users/gordanaristova/MyProjects/MyRpaProject/venv/lib/python3.10/site-packages/airflow/example_dags/example_time_delta_sensor_async.py
[2025-06-12T11:23:06.982+0200] {logging_mixin.py:190} INFO - [2025-06-12T11:23:06.982+0200] {dag.py:3239} INFO - Sync 1 DAGs
[2025-06-12T11:23:06.986+0200] {logging_mixin.py:190} INFO - [2025-06-12T11:23:06.985+0200] {dag.py:4180} INFO - Setting next_dagrun for example_time_delta_sensor_async to None, run_after=None
[2025-06-12T11:23:06.990+0200] {processor.py:208} INFO - Processing /Users/gordanaristova/MyProjects/MyRpaProject/venv/lib/python3.10/site-packages/airflow/example_dags/example_time_delta_sensor_async.py took 0.201 seconds
[2025-06-12T11:40:57.059+0200] {processor.py:186} INFO - Started process (PID=10401) to work on /Users/gordanaristova/MyProjects/MyRpaProject/venv/lib/python3.10/site-packages/airflow/example_dags/example_time_delta_sensor_async.py
[2025-06-12T11:40:57.059+0200] {processor.py:914} INFO - Processing file /Users/gordanaristova/MyProjects/MyRpaProject/venv/lib/python3.10/site-packages/airflow/example_dags/example_time_delta_sensor_async.py for tasks to queue
[2025-06-12T11:40:57.059+0200] {logging_mixin.py:190} INFO - [2025-06-12T11:40:57.059+0200] {dagbag.py:588} INFO - Filling up the DagBag from /Users/gordanaristova/MyProjects/MyRpaProject/venv/lib/python3.10/site-packages/airflow/example_dags/example_time_delta_sensor_async.py
[2025-06-12T11:40:57.062+0200] {processor.py:925} INFO - DAG(s) 'example_time_delta_sensor_async' retrieved from /Users/gordanaristova/MyProjects/MyRpaProject/venv/lib/python3.10/site-packages/airflow/example_dags/example_time_delta_sensor_async.py
[2025-06-12T11:40:57.272+0200] {logging_mixin.py:190} INFO - [2025-06-12T11:40:57.271+0200] {dag.py:3239} INFO - Sync 1 DAGs
[2025-06-12T11:40:57.275+0200] {logging_mixin.py:190} INFO - [2025-06-12T11:40:57.275+0200] {dag.py:4180} INFO - Setting next_dagrun for example_time_delta_sensor_async to None, run_after=None
[2025-06-12T11:40:57.279+0200] {processor.py:208} INFO - Processing /Users/gordanaristova/MyProjects/MyRpaProject/venv/lib/python3.10/site-packages/airflow/example_dags/example_time_delta_sensor_async.py took 0.222 seconds
[2025-06-12T11:42:21.577+0200] {processor.py:186} INFO - Started process (PID=10488) to work on /Users/gordanaristova/MyProjects/MyRpaProject/venv/lib/python3.10/site-packages/airflow/example_dags/example_time_delta_sensor_async.py
[2025-06-12T11:42:21.578+0200] {processor.py:914} INFO - Processing file /Users/gordanaristova/MyProjects/MyRpaProject/venv/lib/python3.10/site-packages/airflow/example_dags/example_time_delta_sensor_async.py for tasks to queue
[2025-06-12T11:42:21.578+0200] {logging_mixin.py:190} INFO - [2025-06-12T11:42:21.578+0200] {dagbag.py:588} INFO - Filling up the DagBag from /Users/gordanaristova/MyProjects/MyRpaProject/venv/lib/python3.10/site-packages/airflow/example_dags/example_time_delta_sensor_async.py
[2025-06-12T11:42:21.580+0200] {processor.py:925} INFO - DAG(s) 'example_time_delta_sensor_async' retrieved from /Users/gordanaristova/MyProjects/MyRpaProject/venv/lib/python3.10/site-packages/airflow/example_dags/example_time_delta_sensor_async.py
[2025-06-12T11:42:21.768+0200] {logging_mixin.py:190} INFO - [2025-06-12T11:42:21.768+0200] {dag.py:3239} INFO - Sync 1 DAGs
[2025-06-12T11:42:21.771+0200] {logging_mixin.py:190} INFO - [2025-06-12T11:42:21.771+0200] {dag.py:4180} INFO - Setting next_dagrun for example_time_delta_sensor_async to None, run_after=None
[2025-06-12T11:42:21.776+0200] {processor.py:208} INFO - Processing /Users/gordanaristova/MyProjects/MyRpaProject/venv/lib/python3.10/site-packages/airflow/example_dags/example_time_delta_sensor_async.py took 0.200 seconds
[2025-06-12T11:49:44.951+0200] {processor.py:186} INFO - Started process (PID=10623) to work on /Users/gordanaristova/MyProjects/MyRpaProject/venv/lib/python3.10/site-packages/airflow/example_dags/example_time_delta_sensor_async.py
[2025-06-12T11:49:44.952+0200] {processor.py:914} INFO - Processing file /Users/gordanaristova/MyProjects/MyRpaProject/venv/lib/python3.10/site-packages/airflow/example_dags/example_time_delta_sensor_async.py for tasks to queue
[2025-06-12T11:49:44.952+0200] {logging_mixin.py:190} INFO - [2025-06-12T11:49:44.952+0200] {dagbag.py:588} INFO - Filling up the DagBag from /Users/gordanaristova/MyProjects/MyRpaProject/venv/lib/python3.10/site-packages/airflow/example_dags/example_time_delta_sensor_async.py
[2025-06-12T11:49:44.954+0200] {processor.py:925} INFO - DAG(s) 'example_time_delta_sensor_async' retrieved from /Users/gordanaristova/MyProjects/MyRpaProject/venv/lib/python3.10/site-packages/airflow/example_dags/example_time_delta_sensor_async.py
[2025-06-12T11:49:45.139+0200] {logging_mixin.py:190} INFO - [2025-06-12T11:49:45.139+0200] {dag.py:3239} INFO - Sync 1 DAGs
[2025-06-12T11:49:45.142+0200] {logging_mixin.py:190} INFO - [2025-06-12T11:49:45.142+0200] {dag.py:4180} INFO - Setting next_dagrun for example_time_delta_sensor_async to None, run_after=None
[2025-06-12T11:49:45.146+0200] {processor.py:208} INFO - Processing /Users/gordanaristova/MyProjects/MyRpaProject/venv/lib/python3.10/site-packages/airflow/example_dags/example_time_delta_sensor_async.py took 0.197 seconds
[2025-06-12T11:51:11.630+0200] {processor.py:186} INFO - Started process (PID=10711) to work on /Users/gordanaristova/MyProjects/MyRpaProject/venv/lib/python3.10/site-packages/airflow/example_dags/example_time_delta_sensor_async.py
[2025-06-12T11:51:11.630+0200] {processor.py:914} INFO - Processing file /Users/gordanaristova/MyProjects/MyRpaProject/venv/lib/python3.10/site-packages/airflow/example_dags/example_time_delta_sensor_async.py for tasks to queue
[2025-06-12T11:51:11.631+0200] {logging_mixin.py:190} INFO - [2025-06-12T11:51:11.631+0200] {dagbag.py:588} INFO - Filling up the DagBag from /Users/gordanaristova/MyProjects/MyRpaProject/venv/lib/python3.10/site-packages/airflow/example_dags/example_time_delta_sensor_async.py
[2025-06-12T11:51:11.633+0200] {processor.py:925} INFO - DAG(s) 'example_time_delta_sensor_async' retrieved from /Users/gordanaristova/MyProjects/MyRpaProject/venv/lib/python3.10/site-packages/airflow/example_dags/example_time_delta_sensor_async.py
[2025-06-12T11:51:11.822+0200] {logging_mixin.py:190} INFO - [2025-06-12T11:51:11.822+0200] {dag.py:3239} INFO - Sync 1 DAGs
[2025-06-12T11:51:11.826+0200] {logging_mixin.py:190} INFO - [2025-06-12T11:51:11.826+0200] {dag.py:4180} INFO - Setting next_dagrun for example_time_delta_sensor_async to None, run_after=None
[2025-06-12T11:51:11.831+0200] {processor.py:208} INFO - Processing /Users/gordanaristova/MyProjects/MyRpaProject/venv/lib/python3.10/site-packages/airflow/example_dags/example_time_delta_sensor_async.py took 0.202 seconds
[2025-06-12T11:52:58.498+0200] {processor.py:186} INFO - Started process (PID=10823) to work on /Users/gordanaristova/MyProjects/MyRpaProject/venv/lib/python3.10/site-packages/airflow/example_dags/example_time_delta_sensor_async.py
[2025-06-12T11:52:58.499+0200] {processor.py:914} INFO - Processing file /Users/gordanaristova/MyProjects/MyRpaProject/venv/lib/python3.10/site-packages/airflow/example_dags/example_time_delta_sensor_async.py for tasks to queue
[2025-06-12T11:52:58.499+0200] {logging_mixin.py:190} INFO - [2025-06-12T11:52:58.499+0200] {dagbag.py:588} INFO - Filling up the DagBag from /Users/gordanaristova/MyProjects/MyRpaProject/venv/lib/python3.10/site-packages/airflow/example_dags/example_time_delta_sensor_async.py
[2025-06-12T11:52:58.502+0200] {processor.py:925} INFO - DAG(s) 'example_time_delta_sensor_async' retrieved from /Users/gordanaristova/MyProjects/MyRpaProject/venv/lib/python3.10/site-packages/airflow/example_dags/example_time_delta_sensor_async.py
[2025-06-12T11:52:58.690+0200] {logging_mixin.py:190} INFO - [2025-06-12T11:52:58.690+0200] {dag.py:3239} INFO - Sync 1 DAGs
[2025-06-12T11:52:58.693+0200] {logging_mixin.py:190} INFO - [2025-06-12T11:52:58.693+0200] {dag.py:4180} INFO - Setting next_dagrun for example_time_delta_sensor_async to None, run_after=None
[2025-06-12T11:52:58.698+0200] {processor.py:208} INFO - Processing /Users/gordanaristova/MyProjects/MyRpaProject/venv/lib/python3.10/site-packages/airflow/example_dags/example_time_delta_sensor_async.py took 0.201 seconds
[2025-06-12T11:53:52.552+0200] {processor.py:186} INFO - Started process (PID=10864) to work on /Users/gordanaristova/MyProjects/MyRpaProject/venv/lib/python3.10/site-packages/airflow/example_dags/example_time_delta_sensor_async.py
[2025-06-12T11:53:52.553+0200] {processor.py:914} INFO - Processing file /Users/gordanaristova/MyProjects/MyRpaProject/venv/lib/python3.10/site-packages/airflow/example_dags/example_time_delta_sensor_async.py for tasks to queue
[2025-06-12T11:53:52.554+0200] {logging_mixin.py:190} INFO - [2025-06-12T11:53:52.554+0200] {dagbag.py:588} INFO - Filling up the DagBag from /Users/gordanaristova/MyProjects/MyRpaProject/venv/lib/python3.10/site-packages/airflow/example_dags/example_time_delta_sensor_async.py
[2025-06-12T11:53:52.556+0200] {processor.py:925} INFO - DAG(s) 'example_time_delta_sensor_async' retrieved from /Users/gordanaristova/MyProjects/MyRpaProject/venv/lib/python3.10/site-packages/airflow/example_dags/example_time_delta_sensor_async.py
[2025-06-12T11:53:52.742+0200] {logging_mixin.py:190} INFO - [2025-06-12T11:53:52.741+0200] {dag.py:3239} INFO - Sync 1 DAGs
[2025-06-12T11:53:52.745+0200] {logging_mixin.py:190} INFO - [2025-06-12T11:53:52.745+0200] {dag.py:4180} INFO - Setting next_dagrun for example_time_delta_sensor_async to None, run_after=None
[2025-06-12T11:53:52.750+0200] {processor.py:208} INFO - Processing /Users/gordanaristova/MyProjects/MyRpaProject/venv/lib/python3.10/site-packages/airflow/example_dags/example_time_delta_sensor_async.py took 0.198 seconds
[2025-06-12T11:54:47.536+0200] {processor.py:186} INFO - Started process (PID=10911) to work on /Users/gordanaristova/MyProjects/MyRpaProject/venv/lib/python3.10/site-packages/airflow/example_dags/example_time_delta_sensor_async.py
[2025-06-12T11:54:47.537+0200] {processor.py:914} INFO - Processing file /Users/gordanaristova/MyProjects/MyRpaProject/venv/lib/python3.10/site-packages/airflow/example_dags/example_time_delta_sensor_async.py for tasks to queue
[2025-06-12T11:54:47.538+0200] {logging_mixin.py:190} INFO - [2025-06-12T11:54:47.538+0200] {dagbag.py:588} INFO - Filling up the DagBag from /Users/gordanaristova/MyProjects/MyRpaProject/venv/lib/python3.10/site-packages/airflow/example_dags/example_time_delta_sensor_async.py
[2025-06-12T11:54:47.540+0200] {processor.py:925} INFO - DAG(s) 'example_time_delta_sensor_async' retrieved from /Users/gordanaristova/MyProjects/MyRpaProject/venv/lib/python3.10/site-packages/airflow/example_dags/example_time_delta_sensor_async.py
[2025-06-12T11:54:47.732+0200] {logging_mixin.py:190} INFO - [2025-06-12T11:54:47.732+0200] {dag.py:3239} INFO - Sync 1 DAGs
[2025-06-12T11:54:47.735+0200] {logging_mixin.py:190} INFO - [2025-06-12T11:54:47.735+0200] {dag.py:4180} INFO - Setting next_dagrun for example_time_delta_sensor_async to None, run_after=None
[2025-06-12T11:54:47.740+0200] {processor.py:208} INFO - Processing /Users/gordanaristova/MyProjects/MyRpaProject/venv/lib/python3.10/site-packages/airflow/example_dags/example_time_delta_sensor_async.py took 0.205 seconds
[2025-06-12T11:56:36.357+0200] {processor.py:186} INFO - Started process (PID=11023) to work on /Users/gordanaristova/MyProjects/MyRpaProject/venv/lib/python3.10/site-packages/airflow/example_dags/example_time_delta_sensor_async.py
[2025-06-12T11:56:36.357+0200] {processor.py:914} INFO - Processing file /Users/gordanaristova/MyProjects/MyRpaProject/venv/lib/python3.10/site-packages/airflow/example_dags/example_time_delta_sensor_async.py for tasks to queue
[2025-06-12T11:56:36.358+0200] {logging_mixin.py:190} INFO - [2025-06-12T11:56:36.358+0200] {dagbag.py:588} INFO - Filling up the DagBag from /Users/gordanaristova/MyProjects/MyRpaProject/venv/lib/python3.10/site-packages/airflow/example_dags/example_time_delta_sensor_async.py
[2025-06-12T11:56:36.360+0200] {processor.py:925} INFO - DAG(s) 'example_time_delta_sensor_async' retrieved from /Users/gordanaristova/MyProjects/MyRpaProject/venv/lib/python3.10/site-packages/airflow/example_dags/example_time_delta_sensor_async.py
[2025-06-12T11:56:36.546+0200] {logging_mixin.py:190} INFO - [2025-06-12T11:56:36.546+0200] {dag.py:3239} INFO - Sync 1 DAGs
[2025-06-12T11:56:36.549+0200] {logging_mixin.py:190} INFO - [2025-06-12T11:56:36.549+0200] {dag.py:4180} INFO - Setting next_dagrun for example_time_delta_sensor_async to None, run_after=None
[2025-06-12T11:56:36.554+0200] {processor.py:208} INFO - Processing /Users/gordanaristova/MyProjects/MyRpaProject/venv/lib/python3.10/site-packages/airflow/example_dags/example_time_delta_sensor_async.py took 0.198 seconds
[2025-06-12T11:57:32.186+0200] {processor.py:186} INFO - Started process (PID=11092) to work on /Users/gordanaristova/MyProjects/MyRpaProject/venv/lib/python3.10/site-packages/airflow/example_dags/example_time_delta_sensor_async.py
[2025-06-12T11:57:32.187+0200] {processor.py:914} INFO - Processing file /Users/gordanaristova/MyProjects/MyRpaProject/venv/lib/python3.10/site-packages/airflow/example_dags/example_time_delta_sensor_async.py for tasks to queue
[2025-06-12T11:57:32.187+0200] {logging_mixin.py:190} INFO - [2025-06-12T11:57:32.187+0200] {dagbag.py:588} INFO - Filling up the DagBag from /Users/gordanaristova/MyProjects/MyRpaProject/venv/lib/python3.10/site-packages/airflow/example_dags/example_time_delta_sensor_async.py
[2025-06-12T11:57:32.189+0200] {processor.py:925} INFO - DAG(s) 'example_time_delta_sensor_async' retrieved from /Users/gordanaristova/MyProjects/MyRpaProject/venv/lib/python3.10/site-packages/airflow/example_dags/example_time_delta_sensor_async.py
[2025-06-12T11:57:32.379+0200] {logging_mixin.py:190} INFO - [2025-06-12T11:57:32.379+0200] {dag.py:3239} INFO - Sync 1 DAGs
[2025-06-12T11:57:32.382+0200] {logging_mixin.py:190} INFO - [2025-06-12T11:57:32.382+0200] {dag.py:4180} INFO - Setting next_dagrun for example_time_delta_sensor_async to None, run_after=None
[2025-06-12T11:57:32.387+0200] {processor.py:208} INFO - Processing /Users/gordanaristova/MyProjects/MyRpaProject/venv/lib/python3.10/site-packages/airflow/example_dags/example_time_delta_sensor_async.py took 0.202 seconds
[2025-06-12T13:14:31.626+0200] {processor.py:186} INFO - Started process (PID=12997) to work on /Users/gordanaristova/MyProjects/MyRpaProject/venv/lib/python3.10/site-packages/airflow/example_dags/example_time_delta_sensor_async.py
[2025-06-12T13:14:31.627+0200] {processor.py:914} INFO - Processing file /Users/gordanaristova/MyProjects/MyRpaProject/venv/lib/python3.10/site-packages/airflow/example_dags/example_time_delta_sensor_async.py for tasks to queue
[2025-06-12T13:14:31.627+0200] {logging_mixin.py:190} INFO - [2025-06-12T13:14:31.627+0200] {dagbag.py:588} INFO - Filling up the DagBag from /Users/gordanaristova/MyProjects/MyRpaProject/venv/lib/python3.10/site-packages/airflow/example_dags/example_time_delta_sensor_async.py
[2025-06-12T13:14:31.629+0200] {processor.py:925} INFO - DAG(s) 'example_time_delta_sensor_async' retrieved from /Users/gordanaristova/MyProjects/MyRpaProject/venv/lib/python3.10/site-packages/airflow/example_dags/example_time_delta_sensor_async.py
[2025-06-12T13:14:31.829+0200] {logging_mixin.py:190} INFO - [2025-06-12T13:14:31.829+0200] {dag.py:3239} INFO - Sync 1 DAGs
[2025-06-12T13:14:31.833+0200] {logging_mixin.py:190} INFO - [2025-06-12T13:14:31.833+0200] {dag.py:4180} INFO - Setting next_dagrun for example_time_delta_sensor_async to None, run_after=None
[2025-06-12T13:14:31.838+0200] {processor.py:208} INFO - Processing /Users/gordanaristova/MyProjects/MyRpaProject/venv/lib/python3.10/site-packages/airflow/example_dags/example_time_delta_sensor_async.py took 0.213 seconds
[2025-06-12T13:16:03.441+0200] {processor.py:186} INFO - Started process (PID=13086) to work on /Users/gordanaristova/MyProjects/MyRpaProject/venv/lib/python3.10/site-packages/airflow/example_dags/example_time_delta_sensor_async.py
[2025-06-12T13:16:03.442+0200] {processor.py:914} INFO - Processing file /Users/gordanaristova/MyProjects/MyRpaProject/venv/lib/python3.10/site-packages/airflow/example_dags/example_time_delta_sensor_async.py for tasks to queue
[2025-06-12T13:16:03.443+0200] {logging_mixin.py:190} INFO - [2025-06-12T13:16:03.443+0200] {dagbag.py:588} INFO - Filling up the DagBag from /Users/gordanaristova/MyProjects/MyRpaProject/venv/lib/python3.10/site-packages/airflow/example_dags/example_time_delta_sensor_async.py
[2025-06-12T13:16:03.445+0200] {processor.py:925} INFO - DAG(s) 'example_time_delta_sensor_async' retrieved from /Users/gordanaristova/MyProjects/MyRpaProject/venv/lib/python3.10/site-packages/airflow/example_dags/example_time_delta_sensor_async.py
[2025-06-12T13:16:03.646+0200] {logging_mixin.py:190} INFO - [2025-06-12T13:16:03.646+0200] {dag.py:3239} INFO - Sync 1 DAGs
[2025-06-12T13:16:03.649+0200] {logging_mixin.py:190} INFO - [2025-06-12T13:16:03.649+0200] {dag.py:4180} INFO - Setting next_dagrun for example_time_delta_sensor_async to None, run_after=None
[2025-06-12T13:16:03.654+0200] {processor.py:208} INFO - Processing /Users/gordanaristova/MyProjects/MyRpaProject/venv/lib/python3.10/site-packages/airflow/example_dags/example_time_delta_sensor_async.py took 0.214 seconds
[2025-06-12T18:42:13.710+0200] {processor.py:186} INFO - Started process (PID=15652) to work on /Users/gordanaristova/MyProjects/MyRpaProject/venv/lib/python3.10/site-packages/airflow/example_dags/example_time_delta_sensor_async.py
[2025-06-12T18:42:13.711+0200] {processor.py:914} INFO - Processing file /Users/gordanaristova/MyProjects/MyRpaProject/venv/lib/python3.10/site-packages/airflow/example_dags/example_time_delta_sensor_async.py for tasks to queue
[2025-06-12T18:42:13.711+0200] {logging_mixin.py:190} INFO - [2025-06-12T18:42:13.711+0200] {dagbag.py:588} INFO - Filling up the DagBag from /Users/gordanaristova/MyProjects/MyRpaProject/venv/lib/python3.10/site-packages/airflow/example_dags/example_time_delta_sensor_async.py
[2025-06-12T18:42:13.713+0200] {processor.py:925} INFO - DAG(s) 'example_time_delta_sensor_async' retrieved from /Users/gordanaristova/MyProjects/MyRpaProject/venv/lib/python3.10/site-packages/airflow/example_dags/example_time_delta_sensor_async.py
[2025-06-12T18:42:13.920+0200] {logging_mixin.py:190} INFO - [2025-06-12T18:42:13.920+0200] {dag.py:3239} INFO - Sync 1 DAGs
[2025-06-12T18:42:13.923+0200] {logging_mixin.py:190} INFO - [2025-06-12T18:42:13.923+0200] {dag.py:4180} INFO - Setting next_dagrun for example_time_delta_sensor_async to None, run_after=None
[2025-06-12T18:42:13.928+0200] {processor.py:208} INFO - Processing /Users/gordanaristova/MyProjects/MyRpaProject/venv/lib/python3.10/site-packages/airflow/example_dags/example_time_delta_sensor_async.py took 0.220 seconds
[2025-06-12T18:51:57.134+0200] {processor.py:186} INFO - Started process (PID=15880) to work on /Users/gordanaristova/MyProjects/MyRpaProject/venv/lib/python3.10/site-packages/airflow/example_dags/example_time_delta_sensor_async.py
[2025-06-12T18:51:57.135+0200] {processor.py:914} INFO - Processing file /Users/gordanaristova/MyProjects/MyRpaProject/venv/lib/python3.10/site-packages/airflow/example_dags/example_time_delta_sensor_async.py for tasks to queue
[2025-06-12T18:51:57.135+0200] {logging_mixin.py:190} INFO - [2025-06-12T18:51:57.135+0200] {dagbag.py:588} INFO - Filling up the DagBag from /Users/gordanaristova/MyProjects/MyRpaProject/venv/lib/python3.10/site-packages/airflow/example_dags/example_time_delta_sensor_async.py
[2025-06-12T18:51:57.137+0200] {processor.py:925} INFO - DAG(s) 'example_time_delta_sensor_async' retrieved from /Users/gordanaristova/MyProjects/MyRpaProject/venv/lib/python3.10/site-packages/airflow/example_dags/example_time_delta_sensor_async.py
[2025-06-12T18:51:57.337+0200] {logging_mixin.py:190} INFO - [2025-06-12T18:51:57.337+0200] {dag.py:3239} INFO - Sync 1 DAGs
[2025-06-12T18:51:57.340+0200] {logging_mixin.py:190} INFO - [2025-06-12T18:51:57.340+0200] {dag.py:4180} INFO - Setting next_dagrun for example_time_delta_sensor_async to None, run_after=None
[2025-06-12T18:51:57.345+0200] {processor.py:208} INFO - Processing /Users/gordanaristova/MyProjects/MyRpaProject/venv/lib/python3.10/site-packages/airflow/example_dags/example_time_delta_sensor_async.py took 0.213 seconds
[2025-06-12T18:55:09.298+0200] {processor.py:186} INFO - Started process (PID=15966) to work on /Users/gordanaristova/MyProjects/MyRpaProject/venv/lib/python3.10/site-packages/airflow/example_dags/example_time_delta_sensor_async.py
[2025-06-12T18:55:09.299+0200] {processor.py:914} INFO - Processing file /Users/gordanaristova/MyProjects/MyRpaProject/venv/lib/python3.10/site-packages/airflow/example_dags/example_time_delta_sensor_async.py for tasks to queue
[2025-06-12T18:55:09.299+0200] {logging_mixin.py:190} INFO - [2025-06-12T18:55:09.299+0200] {dagbag.py:588} INFO - Filling up the DagBag from /Users/gordanaristova/MyProjects/MyRpaProject/venv/lib/python3.10/site-packages/airflow/example_dags/example_time_delta_sensor_async.py
[2025-06-12T18:55:09.302+0200] {processor.py:925} INFO - DAG(s) 'example_time_delta_sensor_async' retrieved from /Users/gordanaristova/MyProjects/MyRpaProject/venv/lib/python3.10/site-packages/airflow/example_dags/example_time_delta_sensor_async.py
[2025-06-12T18:55:09.523+0200] {logging_mixin.py:190} INFO - [2025-06-12T18:55:09.523+0200] {dag.py:3239} INFO - Sync 1 DAGs
[2025-06-12T18:55:09.526+0200] {logging_mixin.py:190} INFO - [2025-06-12T18:55:09.526+0200] {dag.py:4180} INFO - Setting next_dagrun for example_time_delta_sensor_async to None, run_after=None
[2025-06-12T18:55:09.532+0200] {processor.py:208} INFO - Processing /Users/gordanaristova/MyProjects/MyRpaProject/venv/lib/python3.10/site-packages/airflow/example_dags/example_time_delta_sensor_async.py took 0.234 seconds
[2025-06-12T19:00:16.339+0200] {processor.py:186} INFO - Started process (PID=16106) to work on /Users/gordanaristova/MyProjects/MyRpaProject/venv/lib/python3.10/site-packages/airflow/example_dags/example_time_delta_sensor_async.py
[2025-06-12T19:00:16.339+0200] {processor.py:914} INFO - Processing file /Users/gordanaristova/MyProjects/MyRpaProject/venv/lib/python3.10/site-packages/airflow/example_dags/example_time_delta_sensor_async.py for tasks to queue
[2025-06-12T19:00:16.339+0200] {logging_mixin.py:190} INFO - [2025-06-12T19:00:16.339+0200] {dagbag.py:588} INFO - Filling up the DagBag from /Users/gordanaristova/MyProjects/MyRpaProject/venv/lib/python3.10/site-packages/airflow/example_dags/example_time_delta_sensor_async.py
[2025-06-12T19:00:16.342+0200] {processor.py:925} INFO - DAG(s) 'example_time_delta_sensor_async' retrieved from /Users/gordanaristova/MyProjects/MyRpaProject/venv/lib/python3.10/site-packages/airflow/example_dags/example_time_delta_sensor_async.py
[2025-06-12T19:00:16.547+0200] {logging_mixin.py:190} INFO - [2025-06-12T19:00:16.547+0200] {dag.py:3239} INFO - Sync 1 DAGs
[2025-06-12T19:00:16.551+0200] {logging_mixin.py:190} INFO - [2025-06-12T19:00:16.551+0200] {dag.py:4180} INFO - Setting next_dagrun for example_time_delta_sensor_async to None, run_after=None
[2025-06-12T19:00:16.556+0200] {processor.py:208} INFO - Processing /Users/gordanaristova/MyProjects/MyRpaProject/venv/lib/python3.10/site-packages/airflow/example_dags/example_time_delta_sensor_async.py took 0.218 seconds
[2025-06-12T19:03:58.471+0200] {processor.py:186} INFO - Started process (PID=16249) to work on /Users/gordanaristova/MyProjects/MyRpaProject/venv/lib/python3.10/site-packages/airflow/example_dags/example_time_delta_sensor_async.py
[2025-06-12T19:03:58.471+0200] {processor.py:914} INFO - Processing file /Users/gordanaristova/MyProjects/MyRpaProject/venv/lib/python3.10/site-packages/airflow/example_dags/example_time_delta_sensor_async.py for tasks to queue
[2025-06-12T19:03:58.472+0200] {logging_mixin.py:190} INFO - [2025-06-12T19:03:58.471+0200] {dagbag.py:588} INFO - Filling up the DagBag from /Users/gordanaristova/MyProjects/MyRpaProject/venv/lib/python3.10/site-packages/airflow/example_dags/example_time_delta_sensor_async.py
[2025-06-12T19:03:58.474+0200] {processor.py:925} INFO - DAG(s) 'example_time_delta_sensor_async' retrieved from /Users/gordanaristova/MyProjects/MyRpaProject/venv/lib/python3.10/site-packages/airflow/example_dags/example_time_delta_sensor_async.py
[2025-06-12T19:03:58.682+0200] {logging_mixin.py:190} INFO - [2025-06-12T19:03:58.682+0200] {dag.py:3239} INFO - Sync 1 DAGs
[2025-06-12T19:03:58.686+0200] {logging_mixin.py:190} INFO - [2025-06-12T19:03:58.686+0200] {dag.py:4180} INFO - Setting next_dagrun for example_time_delta_sensor_async to None, run_after=None
[2025-06-12T19:03:58.690+0200] {processor.py:208} INFO - Processing /Users/gordanaristova/MyProjects/MyRpaProject/venv/lib/python3.10/site-packages/airflow/example_dags/example_time_delta_sensor_async.py took 0.221 seconds
[2025-06-12T19:10:54.888+0200] {processor.py:186} INFO - Started process (PID=16437) to work on /Users/gordanaristova/MyProjects/MyRpaProject/venv/lib/python3.10/site-packages/airflow/example_dags/example_time_delta_sensor_async.py
[2025-06-12T19:10:54.889+0200] {processor.py:914} INFO - Processing file /Users/gordanaristova/MyProjects/MyRpaProject/venv/lib/python3.10/site-packages/airflow/example_dags/example_time_delta_sensor_async.py for tasks to queue
[2025-06-12T19:10:54.889+0200] {logging_mixin.py:190} INFO - [2025-06-12T19:10:54.889+0200] {dagbag.py:588} INFO - Filling up the DagBag from /Users/gordanaristova/MyProjects/MyRpaProject/venv/lib/python3.10/site-packages/airflow/example_dags/example_time_delta_sensor_async.py
[2025-06-12T19:10:54.891+0200] {processor.py:925} INFO - DAG(s) 'example_time_delta_sensor_async' retrieved from /Users/gordanaristova/MyProjects/MyRpaProject/venv/lib/python3.10/site-packages/airflow/example_dags/example_time_delta_sensor_async.py
[2025-06-12T19:10:55.095+0200] {logging_mixin.py:190} INFO - [2025-06-12T19:10:55.094+0200] {dag.py:3239} INFO - Sync 1 DAGs
[2025-06-12T19:10:55.098+0200] {logging_mixin.py:190} INFO - [2025-06-12T19:10:55.098+0200] {dag.py:4180} INFO - Setting next_dagrun for example_time_delta_sensor_async to None, run_after=None
[2025-06-12T19:10:55.103+0200] {processor.py:208} INFO - Processing /Users/gordanaristova/MyProjects/MyRpaProject/venv/lib/python3.10/site-packages/airflow/example_dags/example_time_delta_sensor_async.py took 0.216 seconds
[2025-06-12T19:13:56.612+0200] {processor.py:186} INFO - Started process (PID=16632) to work on /Users/gordanaristova/MyProjects/MyRpaProject/venv/lib/python3.10/site-packages/airflow/example_dags/example_time_delta_sensor_async.py
[2025-06-12T19:13:56.612+0200] {processor.py:914} INFO - Processing file /Users/gordanaristova/MyProjects/MyRpaProject/venv/lib/python3.10/site-packages/airflow/example_dags/example_time_delta_sensor_async.py for tasks to queue
[2025-06-12T19:13:56.613+0200] {logging_mixin.py:190} INFO - [2025-06-12T19:13:56.612+0200] {dagbag.py:588} INFO - Filling up the DagBag from /Users/gordanaristova/MyProjects/MyRpaProject/venv/lib/python3.10/site-packages/airflow/example_dags/example_time_delta_sensor_async.py
[2025-06-12T19:13:56.615+0200] {processor.py:925} INFO - DAG(s) 'example_time_delta_sensor_async' retrieved from /Users/gordanaristova/MyProjects/MyRpaProject/venv/lib/python3.10/site-packages/airflow/example_dags/example_time_delta_sensor_async.py
[2025-06-12T19:13:56.813+0200] {logging_mixin.py:190} INFO - [2025-06-12T19:13:56.812+0200] {dag.py:3239} INFO - Sync 1 DAGs
[2025-06-12T19:13:56.816+0200] {logging_mixin.py:190} INFO - [2025-06-12T19:13:56.816+0200] {dag.py:4180} INFO - Setting next_dagrun for example_time_delta_sensor_async to None, run_after=None
[2025-06-12T19:13:56.821+0200] {processor.py:208} INFO - Processing /Users/gordanaristova/MyProjects/MyRpaProject/venv/lib/python3.10/site-packages/airflow/example_dags/example_time_delta_sensor_async.py took 0.210 seconds
