[2025-06-12T10:37:35.217+0200] {processor.py:186} INFO - Started process (PID=8472) to work on /Users/gordanaristova/MyProjects/MyRpaProject/venv/lib/python3.10/site-packages/airflow/example_dags/example_branch_day_of_week_operator.py
[2025-06-12T10:37:35.217+0200] {processor.py:914} INFO - Processing file /Users/gordanaristova/MyProjects/MyRpaProject/venv/lib/python3.10/site-packages/airflow/example_dags/example_branch_day_of_week_operator.py for tasks to queue
[2025-06-12T10:37:35.218+0200] {logging_mixin.py:190} INFO - [2025-06-12T10:37:35.217+0200] {dagbag.py:588} INFO - Filling up the DagBag from /Users/gordanaristova/MyProjects/MyRpaProject/venv/lib/python3.10/site-packages/airflow/example_dags/example_branch_day_of_week_operator.py
[2025-06-12T10:37:35.221+0200] {processor.py:925} INFO - DAG(s) 'example_weekday_branch_operator' retrieved from /Users/gordanaristova/MyProjects/MyRpaProject/venv/lib/python3.10/site-packages/airflow/example_dags/example_branch_day_of_week_operator.py
[2025-06-12T10:37:35.270+0200] {logging_mixin.py:190} INFO - [2025-06-12T10:37:35.270+0200] {override.py:1900} INFO - Created Permission View: can edit on DAG:example_weekday_branch_operator
[2025-06-12T10:37:35.272+0200] {logging_mixin.py:190} INFO - [2025-06-12T10:37:35.272+0200] {override.py:1900} INFO - Created Permission View: can delete on DAG:example_weekday_branch_operator
[2025-06-12T10:37:35.274+0200] {logging_mixin.py:190} INFO - [2025-06-12T10:37:35.274+0200] {override.py:1900} INFO - Created Permission View: can read on DAG:example_weekday_branch_operator
[2025-06-12T10:37:35.275+0200] {logging_mixin.py:190} INFO - [2025-06-12T10:37:35.275+0200] {override.py:1900} INFO - Created Permission View: can delete on DAG Run:example_weekday_branch_operator
[2025-06-12T10:37:35.277+0200] {logging_mixin.py:190} INFO - [2025-06-12T10:37:35.277+0200] {override.py:1900} INFO - Created Permission View: can read on DAG Run:example_weekday_branch_operator
[2025-06-12T10:37:35.278+0200] {logging_mixin.py:190} INFO - [2025-06-12T10:37:35.278+0200] {override.py:1900} INFO - Created Permission View: menu access on DAG Run:example_weekday_branch_operator
[2025-06-12T10:37:35.280+0200] {logging_mixin.py:190} INFO - [2025-06-12T10:37:35.279+0200] {override.py:1900} INFO - Created Permission View: can create on DAG Run:example_weekday_branch_operator
[2025-06-12T10:37:35.280+0200] {logging_mixin.py:190} INFO - [2025-06-12T10:37:35.280+0200] {dag.py:3239} INFO - Sync 1 DAGs
[2025-06-12T10:37:35.283+0200] {logging_mixin.py:190} INFO - [2025-06-12T10:37:35.283+0200] {dag.py:3262} INFO - Creating ORM DAG for example_weekday_branch_operator
[2025-06-12T10:37:35.285+0200] {logging_mixin.py:190} INFO - [2025-06-12T10:37:35.285+0200] {dag.py:4180} INFO - Setting next_dagrun for example_weekday_branch_operator to 2025-06-11 00:00:00+00:00, run_after=2025-06-12 00:00:00+00:00
[2025-06-12T10:37:35.289+0200] {processor.py:208} INFO - Processing /Users/gordanaristova/MyProjects/MyRpaProject/venv/lib/python3.10/site-packages/airflow/example_dags/example_branch_day_of_week_operator.py took 0.073 seconds
[2025-06-12T10:39:23.452+0200] {processor.py:186} INFO - Started process (PID=8559) to work on /Users/gordanaristova/MyProjects/MyRpaProject/venv/lib/python3.10/site-packages/airflow/example_dags/example_branch_day_of_week_operator.py
[2025-06-12T10:39:23.453+0200] {processor.py:914} INFO - Processing file /Users/gordanaristova/MyProjects/MyRpaProject/venv/lib/python3.10/site-packages/airflow/example_dags/example_branch_day_of_week_operator.py for tasks to queue
[2025-06-12T10:39:23.453+0200] {logging_mixin.py:190} INFO - [2025-06-12T10:39:23.453+0200] {dagbag.py:588} INFO - Filling up the DagBag from /Users/gordanaristova/MyProjects/MyRpaProject/venv/lib/python3.10/site-packages/airflow/example_dags/example_branch_day_of_week_operator.py
[2025-06-12T10:39:23.456+0200] {processor.py:925} INFO - DAG(s) 'example_weekday_branch_operator' retrieved from /Users/gordanaristova/MyProjects/MyRpaProject/venv/lib/python3.10/site-packages/airflow/example_dags/example_branch_day_of_week_operator.py
[2025-06-12T10:39:23.485+0200] {logging_mixin.py:190} INFO - [2025-06-12T10:39:23.484+0200] {dag.py:3239} INFO - Sync 1 DAGs
[2025-06-12T10:39:23.490+0200] {logging_mixin.py:190} INFO - [2025-06-12T10:39:23.490+0200] {dag.py:4180} INFO - Setting next_dagrun for example_weekday_branch_operator to 2025-06-11 00:00:00+00:00, run_after=2025-06-12 00:00:00+00:00
[2025-06-12T10:39:23.494+0200] {processor.py:208} INFO - Processing /Users/gordanaristova/MyProjects/MyRpaProject/venv/lib/python3.10/site-packages/airflow/example_dags/example_branch_day_of_week_operator.py took 0.043 seconds
[2025-06-12T10:41:06.228+0200] {processor.py:186} INFO - Started process (PID=8646) to work on /Users/gordanaristova/MyProjects/MyRpaProject/venv/lib/python3.10/site-packages/airflow/example_dags/example_branch_day_of_week_operator.py
[2025-06-12T10:41:06.229+0200] {processor.py:914} INFO - Processing file /Users/gordanaristova/MyProjects/MyRpaProject/venv/lib/python3.10/site-packages/airflow/example_dags/example_branch_day_of_week_operator.py for tasks to queue
[2025-06-12T10:41:06.229+0200] {logging_mixin.py:190} INFO - [2025-06-12T10:41:06.229+0200] {dagbag.py:588} INFO - Filling up the DagBag from /Users/gordanaristova/MyProjects/MyRpaProject/venv/lib/python3.10/site-packages/airflow/example_dags/example_branch_day_of_week_operator.py
[2025-06-12T10:41:06.233+0200] {processor.py:925} INFO - DAG(s) 'example_weekday_branch_operator' retrieved from /Users/gordanaristova/MyProjects/MyRpaProject/venv/lib/python3.10/site-packages/airflow/example_dags/example_branch_day_of_week_operator.py
[2025-06-12T10:41:06.261+0200] {logging_mixin.py:190} INFO - [2025-06-12T10:41:06.261+0200] {dag.py:3239} INFO - Sync 1 DAGs
[2025-06-12T10:41:06.266+0200] {logging_mixin.py:190} INFO - [2025-06-12T10:41:06.266+0200] {dag.py:4180} INFO - Setting next_dagrun for example_weekday_branch_operator to 2025-06-11 00:00:00+00:00, run_after=2025-06-12 00:00:00+00:00
[2025-06-12T10:41:06.271+0200] {processor.py:208} INFO - Processing /Users/gordanaristova/MyProjects/MyRpaProject/venv/lib/python3.10/site-packages/airflow/example_dags/example_branch_day_of_week_operator.py took 0.043 seconds
[2025-06-12T10:42:52.870+0200] {processor.py:186} INFO - Started process (PID=8733) to work on /Users/gordanaristova/MyProjects/MyRpaProject/venv/lib/python3.10/site-packages/airflow/example_dags/example_branch_day_of_week_operator.py
[2025-06-12T10:42:52.870+0200] {processor.py:914} INFO - Processing file /Users/gordanaristova/MyProjects/MyRpaProject/venv/lib/python3.10/site-packages/airflow/example_dags/example_branch_day_of_week_operator.py for tasks to queue
[2025-06-12T10:42:52.870+0200] {logging_mixin.py:190} INFO - [2025-06-12T10:42:52.870+0200] {dagbag.py:588} INFO - Filling up the DagBag from /Users/gordanaristova/MyProjects/MyRpaProject/venv/lib/python3.10/site-packages/airflow/example_dags/example_branch_day_of_week_operator.py
[2025-06-12T10:42:52.873+0200] {processor.py:925} INFO - DAG(s) 'example_weekday_branch_operator' retrieved from /Users/gordanaristova/MyProjects/MyRpaProject/venv/lib/python3.10/site-packages/airflow/example_dags/example_branch_day_of_week_operator.py
[2025-06-12T10:42:52.901+0200] {logging_mixin.py:190} INFO - [2025-06-12T10:42:52.901+0200] {dag.py:3239} INFO - Sync 1 DAGs
[2025-06-12T10:42:52.906+0200] {logging_mixin.py:190} INFO - [2025-06-12T10:42:52.906+0200] {dag.py:4180} INFO - Setting next_dagrun for example_weekday_branch_operator to 2025-06-11 00:00:00+00:00, run_after=2025-06-12 00:00:00+00:00
[2025-06-12T10:42:52.911+0200] {processor.py:208} INFO - Processing /Users/gordanaristova/MyProjects/MyRpaProject/venv/lib/python3.10/site-packages/airflow/example_dags/example_branch_day_of_week_operator.py took 0.042 seconds
[2025-06-12T10:44:39.034+0200] {processor.py:186} INFO - Started process (PID=8884) to work on /Users/gordanaristova/MyProjects/MyRpaProject/venv/lib/python3.10/site-packages/airflow/example_dags/example_branch_day_of_week_operator.py
[2025-06-12T10:44:39.035+0200] {processor.py:914} INFO - Processing file /Users/gordanaristova/MyProjects/MyRpaProject/venv/lib/python3.10/site-packages/airflow/example_dags/example_branch_day_of_week_operator.py for tasks to queue
[2025-06-12T10:44:39.036+0200] {logging_mixin.py:190} INFO - [2025-06-12T10:44:39.036+0200] {dagbag.py:588} INFO - Filling up the DagBag from /Users/gordanaristova/MyProjects/MyRpaProject/venv/lib/python3.10/site-packages/airflow/example_dags/example_branch_day_of_week_operator.py
[2025-06-12T10:44:39.039+0200] {processor.py:925} INFO - DAG(s) 'example_weekday_branch_operator' retrieved from /Users/gordanaristova/MyProjects/MyRpaProject/venv/lib/python3.10/site-packages/airflow/example_dags/example_branch_day_of_week_operator.py
[2025-06-12T10:44:39.069+0200] {logging_mixin.py:190} INFO - [2025-06-12T10:44:39.069+0200] {dag.py:3239} INFO - Sync 1 DAGs
[2025-06-12T10:44:39.074+0200] {logging_mixin.py:190} INFO - [2025-06-12T10:44:39.074+0200] {dag.py:4180} INFO - Setting next_dagrun for example_weekday_branch_operator to 2025-06-11 00:00:00+00:00, run_after=2025-06-12 00:00:00+00:00
[2025-06-12T10:44:39.079+0200] {processor.py:208} INFO - Processing /Users/gordanaristova/MyProjects/MyRpaProject/venv/lib/python3.10/site-packages/airflow/example_dags/example_branch_day_of_week_operator.py took 0.046 seconds
[2025-06-12T10:46:25.026+0200] {processor.py:186} INFO - Started process (PID=8980) to work on /Users/gordanaristova/MyProjects/MyRpaProject/venv/lib/python3.10/site-packages/airflow/example_dags/example_branch_day_of_week_operator.py
[2025-06-12T10:46:25.027+0200] {processor.py:914} INFO - Processing file /Users/gordanaristova/MyProjects/MyRpaProject/venv/lib/python3.10/site-packages/airflow/example_dags/example_branch_day_of_week_operator.py for tasks to queue
[2025-06-12T10:46:25.027+0200] {logging_mixin.py:190} INFO - [2025-06-12T10:46:25.027+0200] {dagbag.py:588} INFO - Filling up the DagBag from /Users/gordanaristova/MyProjects/MyRpaProject/venv/lib/python3.10/site-packages/airflow/example_dags/example_branch_day_of_week_operator.py
[2025-06-12T10:46:25.030+0200] {processor.py:925} INFO - DAG(s) 'example_weekday_branch_operator' retrieved from /Users/gordanaristova/MyProjects/MyRpaProject/venv/lib/python3.10/site-packages/airflow/example_dags/example_branch_day_of_week_operator.py
[2025-06-12T10:46:25.059+0200] {logging_mixin.py:190} INFO - [2025-06-12T10:46:25.059+0200] {dag.py:3239} INFO - Sync 1 DAGs
[2025-06-12T10:46:25.064+0200] {logging_mixin.py:190} INFO - [2025-06-12T10:46:25.064+0200] {dag.py:4180} INFO - Setting next_dagrun for example_weekday_branch_operator to 2025-06-11 00:00:00+00:00, run_after=2025-06-12 00:00:00+00:00
[2025-06-12T10:46:25.068+0200] {processor.py:208} INFO - Processing /Users/gordanaristova/MyProjects/MyRpaProject/venv/lib/python3.10/site-packages/airflow/example_dags/example_branch_day_of_week_operator.py took 0.043 seconds
[2025-06-12T10:48:18.018+0200] {processor.py:186} INFO - Started process (PID=9121) to work on /Users/gordanaristova/MyProjects/MyRpaProject/venv/lib/python3.10/site-packages/airflow/example_dags/example_branch_day_of_week_operator.py
[2025-06-12T10:48:18.019+0200] {processor.py:914} INFO - Processing file /Users/gordanaristova/MyProjects/MyRpaProject/venv/lib/python3.10/site-packages/airflow/example_dags/example_branch_day_of_week_operator.py for tasks to queue
[2025-06-12T10:48:18.019+0200] {logging_mixin.py:190} INFO - [2025-06-12T10:48:18.019+0200] {dagbag.py:588} INFO - Filling up the DagBag from /Users/gordanaristova/MyProjects/MyRpaProject/venv/lib/python3.10/site-packages/airflow/example_dags/example_branch_day_of_week_operator.py
[2025-06-12T10:48:18.022+0200] {processor.py:925} INFO - DAG(s) 'example_weekday_branch_operator' retrieved from /Users/gordanaristova/MyProjects/MyRpaProject/venv/lib/python3.10/site-packages/airflow/example_dags/example_branch_day_of_week_operator.py
[2025-06-12T10:48:18.051+0200] {logging_mixin.py:190} INFO - [2025-06-12T10:48:18.051+0200] {dag.py:3239} INFO - Sync 1 DAGs
[2025-06-12T10:48:18.057+0200] {logging_mixin.py:190} INFO - [2025-06-12T10:48:18.057+0200] {dag.py:4180} INFO - Setting next_dagrun for example_weekday_branch_operator to 2025-06-11 00:00:00+00:00, run_after=2025-06-12 00:00:00+00:00
[2025-06-12T10:48:18.061+0200] {processor.py:208} INFO - Processing /Users/gordanaristova/MyProjects/MyRpaProject/venv/lib/python3.10/site-packages/airflow/example_dags/example_branch_day_of_week_operator.py took 0.044 seconds
[2025-06-12T10:50:05.640+0200] {processor.py:186} INFO - Started process (PID=9242) to work on /Users/gordanaristova/MyProjects/MyRpaProject/venv/lib/python3.10/site-packages/airflow/example_dags/example_branch_day_of_week_operator.py
[2025-06-12T10:50:05.641+0200] {processor.py:914} INFO - Processing file /Users/gordanaristova/MyProjects/MyRpaProject/venv/lib/python3.10/site-packages/airflow/example_dags/example_branch_day_of_week_operator.py for tasks to queue
[2025-06-12T10:50:05.642+0200] {logging_mixin.py:190} INFO - [2025-06-12T10:50:05.642+0200] {dagbag.py:588} INFO - Filling up the DagBag from /Users/gordanaristova/MyProjects/MyRpaProject/venv/lib/python3.10/site-packages/airflow/example_dags/example_branch_day_of_week_operator.py
[2025-06-12T10:50:05.645+0200] {processor.py:925} INFO - DAG(s) 'example_weekday_branch_operator' retrieved from /Users/gordanaristova/MyProjects/MyRpaProject/venv/lib/python3.10/site-packages/airflow/example_dags/example_branch_day_of_week_operator.py
[2025-06-12T10:50:05.674+0200] {logging_mixin.py:190} INFO - [2025-06-12T10:50:05.674+0200] {dag.py:3239} INFO - Sync 1 DAGs
[2025-06-12T10:50:05.679+0200] {logging_mixin.py:190} INFO - [2025-06-12T10:50:05.679+0200] {dag.py:4180} INFO - Setting next_dagrun for example_weekday_branch_operator to 2025-06-11 00:00:00+00:00, run_after=2025-06-12 00:00:00+00:00
[2025-06-12T10:50:05.684+0200] {processor.py:208} INFO - Processing /Users/gordanaristova/MyProjects/MyRpaProject/venv/lib/python3.10/site-packages/airflow/example_dags/example_branch_day_of_week_operator.py took 0.044 seconds
[2025-06-12T10:57:46.308+0200] {processor.py:186} INFO - Started process (PID=9486) to work on /Users/gordanaristova/MyProjects/MyRpaProject/venv/lib/python3.10/site-packages/airflow/example_dags/example_branch_day_of_week_operator.py
[2025-06-12T10:57:46.309+0200] {processor.py:914} INFO - Processing file /Users/gordanaristova/MyProjects/MyRpaProject/venv/lib/python3.10/site-packages/airflow/example_dags/example_branch_day_of_week_operator.py for tasks to queue
[2025-06-12T10:57:46.310+0200] {logging_mixin.py:190} INFO - [2025-06-12T10:57:46.310+0200] {dagbag.py:588} INFO - Filling up the DagBag from /Users/gordanaristova/MyProjects/MyRpaProject/venv/lib/python3.10/site-packages/airflow/example_dags/example_branch_day_of_week_operator.py
[2025-06-12T10:57:46.313+0200] {processor.py:925} INFO - DAG(s) 'example_weekday_branch_operator' retrieved from /Users/gordanaristova/MyProjects/MyRpaProject/venv/lib/python3.10/site-packages/airflow/example_dags/example_branch_day_of_week_operator.py
[2025-06-12T10:57:46.342+0200] {logging_mixin.py:190} INFO - [2025-06-12T10:57:46.342+0200] {dag.py:3239} INFO - Sync 1 DAGs
[2025-06-12T10:57:46.347+0200] {logging_mixin.py:190} INFO - [2025-06-12T10:57:46.347+0200] {dag.py:4180} INFO - Setting next_dagrun for example_weekday_branch_operator to 2025-06-11 00:00:00+00:00, run_after=2025-06-12 00:00:00+00:00
[2025-06-12T10:57:46.352+0200] {processor.py:208} INFO - Processing /Users/gordanaristova/MyProjects/MyRpaProject/venv/lib/python3.10/site-packages/airflow/example_dags/example_branch_day_of_week_operator.py took 0.044 seconds
[2025-06-12T11:12:30.619+0200] {processor.py:186} INFO - Started process (PID=9804) to work on /Users/gordanaristova/MyProjects/MyRpaProject/venv/lib/python3.10/site-packages/airflow/example_dags/example_branch_day_of_week_operator.py
[2025-06-12T11:12:30.620+0200] {processor.py:914} INFO - Processing file /Users/gordanaristova/MyProjects/MyRpaProject/venv/lib/python3.10/site-packages/airflow/example_dags/example_branch_day_of_week_operator.py for tasks to queue
[2025-06-12T11:12:30.620+0200] {logging_mixin.py:190} INFO - [2025-06-12T11:12:30.620+0200] {dagbag.py:588} INFO - Filling up the DagBag from /Users/gordanaristova/MyProjects/MyRpaProject/venv/lib/python3.10/site-packages/airflow/example_dags/example_branch_day_of_week_operator.py
[2025-06-12T11:12:30.622+0200] {processor.py:925} INFO - DAG(s) 'example_weekday_branch_operator' retrieved from /Users/gordanaristova/MyProjects/MyRpaProject/venv/lib/python3.10/site-packages/airflow/example_dags/example_branch_day_of_week_operator.py
[2025-06-12T11:12:30.651+0200] {logging_mixin.py:190} INFO - [2025-06-12T11:12:30.651+0200] {dag.py:3239} INFO - Sync 1 DAGs
[2025-06-12T11:12:30.657+0200] {logging_mixin.py:190} INFO - [2025-06-12T11:12:30.656+0200] {dag.py:4180} INFO - Setting next_dagrun for example_weekday_branch_operator to 2025-06-11 00:00:00+00:00, run_after=2025-06-12 00:00:00+00:00
[2025-06-12T11:12:30.661+0200] {processor.py:208} INFO - Processing /Users/gordanaristova/MyProjects/MyRpaProject/venv/lib/python3.10/site-packages/airflow/example_dags/example_branch_day_of_week_operator.py took 0.043 seconds
[2025-06-12T11:22:36.302+0200] {processor.py:186} INFO - Started process (PID=10090) to work on /Users/gordanaristova/MyProjects/MyRpaProject/venv/lib/python3.10/site-packages/airflow/example_dags/example_branch_day_of_week_operator.py
[2025-06-12T11:22:36.303+0200] {processor.py:914} INFO - Processing file /Users/gordanaristova/MyProjects/MyRpaProject/venv/lib/python3.10/site-packages/airflow/example_dags/example_branch_day_of_week_operator.py for tasks to queue
[2025-06-12T11:22:36.303+0200] {logging_mixin.py:190} INFO - [2025-06-12T11:22:36.303+0200] {dagbag.py:588} INFO - Filling up the DagBag from /Users/gordanaristova/MyProjects/MyRpaProject/venv/lib/python3.10/site-packages/airflow/example_dags/example_branch_day_of_week_operator.py
[2025-06-12T11:22:36.306+0200] {processor.py:925} INFO - DAG(s) 'example_weekday_branch_operator' retrieved from /Users/gordanaristova/MyProjects/MyRpaProject/venv/lib/python3.10/site-packages/airflow/example_dags/example_branch_day_of_week_operator.py
[2025-06-12T11:22:36.334+0200] {logging_mixin.py:190} INFO - [2025-06-12T11:22:36.334+0200] {dag.py:3239} INFO - Sync 1 DAGs
[2025-06-12T11:22:36.340+0200] {logging_mixin.py:190} INFO - [2025-06-12T11:22:36.340+0200] {dag.py:4180} INFO - Setting next_dagrun for example_weekday_branch_operator to 2025-06-11 00:00:00+00:00, run_after=2025-06-12 00:00:00+00:00
[2025-06-12T11:22:36.344+0200] {processor.py:208} INFO - Processing /Users/gordanaristova/MyProjects/MyRpaProject/venv/lib/python3.10/site-packages/airflow/example_dags/example_branch_day_of_week_operator.py took 0.043 seconds
[2025-06-12T11:41:52.215+0200] {processor.py:186} INFO - Started process (PID=10457) to work on /Users/gordanaristova/MyProjects/MyRpaProject/venv/lib/python3.10/site-packages/airflow/example_dags/example_branch_day_of_week_operator.py
[2025-06-12T11:41:52.215+0200] {processor.py:914} INFO - Processing file /Users/gordanaristova/MyProjects/MyRpaProject/venv/lib/python3.10/site-packages/airflow/example_dags/example_branch_day_of_week_operator.py for tasks to queue
[2025-06-12T11:41:52.215+0200] {logging_mixin.py:190} INFO - [2025-06-12T11:41:52.215+0200] {dagbag.py:588} INFO - Filling up the DagBag from /Users/gordanaristova/MyProjects/MyRpaProject/venv/lib/python3.10/site-packages/airflow/example_dags/example_branch_day_of_week_operator.py
[2025-06-12T11:41:52.218+0200] {processor.py:925} INFO - DAG(s) 'example_weekday_branch_operator' retrieved from /Users/gordanaristova/MyProjects/MyRpaProject/venv/lib/python3.10/site-packages/airflow/example_dags/example_branch_day_of_week_operator.py
[2025-06-12T11:41:52.246+0200] {logging_mixin.py:190} INFO - [2025-06-12T11:41:52.245+0200] {dag.py:3239} INFO - Sync 1 DAGs
[2025-06-12T11:41:52.251+0200] {logging_mixin.py:190} INFO - [2025-06-12T11:41:52.251+0200] {dag.py:4180} INFO - Setting next_dagrun for example_weekday_branch_operator to 2025-06-11 00:00:00+00:00, run_after=2025-06-12 00:00:00+00:00
[2025-06-12T11:41:52.255+0200] {processor.py:208} INFO - Processing /Users/gordanaristova/MyProjects/MyRpaProject/venv/lib/python3.10/site-packages/airflow/example_dags/example_branch_day_of_week_operator.py took 0.041 seconds
[2025-06-12T11:50:41.951+0200] {processor.py:186} INFO - Started process (PID=10679) to work on /Users/gordanaristova/MyProjects/MyRpaProject/venv/lib/python3.10/site-packages/airflow/example_dags/example_branch_day_of_week_operator.py
[2025-06-12T11:50:41.952+0200] {processor.py:914} INFO - Processing file /Users/gordanaristova/MyProjects/MyRpaProject/venv/lib/python3.10/site-packages/airflow/example_dags/example_branch_day_of_week_operator.py for tasks to queue
[2025-06-12T11:50:41.952+0200] {logging_mixin.py:190} INFO - [2025-06-12T11:50:41.952+0200] {dagbag.py:588} INFO - Filling up the DagBag from /Users/gordanaristova/MyProjects/MyRpaProject/venv/lib/python3.10/site-packages/airflow/example_dags/example_branch_day_of_week_operator.py
[2025-06-12T11:50:41.955+0200] {processor.py:925} INFO - DAG(s) 'example_weekday_branch_operator' retrieved from /Users/gordanaristova/MyProjects/MyRpaProject/venv/lib/python3.10/site-packages/airflow/example_dags/example_branch_day_of_week_operator.py
[2025-06-12T11:50:41.983+0200] {logging_mixin.py:190} INFO - [2025-06-12T11:50:41.983+0200] {dag.py:3239} INFO - Sync 1 DAGs
[2025-06-12T11:50:41.988+0200] {logging_mixin.py:190} INFO - [2025-06-12T11:50:41.988+0200] {dag.py:4180} INFO - Setting next_dagrun for example_weekday_branch_operator to 2025-06-11 00:00:00+00:00, run_after=2025-06-12 00:00:00+00:00
[2025-06-12T11:50:41.992+0200] {processor.py:208} INFO - Processing /Users/gordanaristova/MyProjects/MyRpaProject/venv/lib/python3.10/site-packages/airflow/example_dags/example_branch_day_of_week_operator.py took 0.043 seconds
[2025-06-12T11:52:30.063+0200] {processor.py:186} INFO - Started process (PID=10802) to work on /Users/gordanaristova/MyProjects/MyRpaProject/venv/lib/python3.10/site-packages/airflow/example_dags/example_branch_day_of_week_operator.py
[2025-06-12T11:52:30.063+0200] {processor.py:914} INFO - Processing file /Users/gordanaristova/MyProjects/MyRpaProject/venv/lib/python3.10/site-packages/airflow/example_dags/example_branch_day_of_week_operator.py for tasks to queue
[2025-06-12T11:52:30.064+0200] {logging_mixin.py:190} INFO - [2025-06-12T11:52:30.064+0200] {dagbag.py:588} INFO - Filling up the DagBag from /Users/gordanaristova/MyProjects/MyRpaProject/venv/lib/python3.10/site-packages/airflow/example_dags/example_branch_day_of_week_operator.py
[2025-06-12T11:52:30.067+0200] {processor.py:925} INFO - DAG(s) 'example_weekday_branch_operator' retrieved from /Users/gordanaristova/MyProjects/MyRpaProject/venv/lib/python3.10/site-packages/airflow/example_dags/example_branch_day_of_week_operator.py
[2025-06-12T11:52:30.096+0200] {logging_mixin.py:190} INFO - [2025-06-12T11:52:30.096+0200] {dag.py:3239} INFO - Sync 1 DAGs
[2025-06-12T11:52:30.101+0200] {logging_mixin.py:190} INFO - [2025-06-12T11:52:30.101+0200] {dag.py:4180} INFO - Setting next_dagrun for example_weekday_branch_operator to 2025-06-11 00:00:00+00:00, run_after=2025-06-12 00:00:00+00:00
[2025-06-12T11:52:30.106+0200] {processor.py:208} INFO - Processing /Users/gordanaristova/MyProjects/MyRpaProject/venv/lib/python3.10/site-packages/airflow/example_dags/example_branch_day_of_week_operator.py took 0.044 seconds
[2025-06-12T11:54:19.508+0200] {processor.py:186} INFO - Started process (PID=10885) to work on /Users/gordanaristova/MyProjects/MyRpaProject/venv/lib/python3.10/site-packages/airflow/example_dags/example_branch_day_of_week_operator.py
[2025-06-12T11:54:19.509+0200] {processor.py:914} INFO - Processing file /Users/gordanaristova/MyProjects/MyRpaProject/venv/lib/python3.10/site-packages/airflow/example_dags/example_branch_day_of_week_operator.py for tasks to queue
[2025-06-12T11:54:19.509+0200] {logging_mixin.py:190} INFO - [2025-06-12T11:54:19.509+0200] {dagbag.py:588} INFO - Filling up the DagBag from /Users/gordanaristova/MyProjects/MyRpaProject/venv/lib/python3.10/site-packages/airflow/example_dags/example_branch_day_of_week_operator.py
[2025-06-12T11:54:19.512+0200] {processor.py:925} INFO - DAG(s) 'example_weekday_branch_operator' retrieved from /Users/gordanaristova/MyProjects/MyRpaProject/venv/lib/python3.10/site-packages/airflow/example_dags/example_branch_day_of_week_operator.py
[2025-06-12T11:54:19.542+0200] {logging_mixin.py:190} INFO - [2025-06-12T11:54:19.542+0200] {dag.py:3239} INFO - Sync 1 DAGs
[2025-06-12T11:54:19.547+0200] {logging_mixin.py:190} INFO - [2025-06-12T11:54:19.547+0200] {dag.py:4180} INFO - Setting next_dagrun for example_weekday_branch_operator to 2025-06-11 00:00:00+00:00, run_after=2025-06-12 00:00:00+00:00
[2025-06-12T11:54:19.552+0200] {processor.py:208} INFO - Processing /Users/gordanaristova/MyProjects/MyRpaProject/venv/lib/python3.10/site-packages/airflow/example_dags/example_branch_day_of_week_operator.py took 0.044 seconds
[2025-06-12T11:56:06.356+0200] {processor.py:186} INFO - Started process (PID=10994) to work on /Users/gordanaristova/MyProjects/MyRpaProject/venv/lib/python3.10/site-packages/airflow/example_dags/example_branch_day_of_week_operator.py
[2025-06-12T11:56:06.357+0200] {processor.py:914} INFO - Processing file /Users/gordanaristova/MyProjects/MyRpaProject/venv/lib/python3.10/site-packages/airflow/example_dags/example_branch_day_of_week_operator.py for tasks to queue
[2025-06-12T11:56:06.357+0200] {logging_mixin.py:190} INFO - [2025-06-12T11:56:06.357+0200] {dagbag.py:588} INFO - Filling up the DagBag from /Users/gordanaristova/MyProjects/MyRpaProject/venv/lib/python3.10/site-packages/airflow/example_dags/example_branch_day_of_week_operator.py
[2025-06-12T11:56:06.361+0200] {processor.py:925} INFO - DAG(s) 'example_weekday_branch_operator' retrieved from /Users/gordanaristova/MyProjects/MyRpaProject/venv/lib/python3.10/site-packages/airflow/example_dags/example_branch_day_of_week_operator.py
[2025-06-12T11:56:06.389+0200] {logging_mixin.py:190} INFO - [2025-06-12T11:56:06.389+0200] {dag.py:3239} INFO - Sync 1 DAGs
[2025-06-12T11:56:06.394+0200] {logging_mixin.py:190} INFO - [2025-06-12T11:56:06.394+0200] {dag.py:4180} INFO - Setting next_dagrun for example_weekday_branch_operator to 2025-06-11 00:00:00+00:00, run_after=2025-06-12 00:00:00+00:00
[2025-06-12T11:56:06.399+0200] {processor.py:208} INFO - Processing /Users/gordanaristova/MyProjects/MyRpaProject/venv/lib/python3.10/site-packages/airflow/example_dags/example_branch_day_of_week_operator.py took 0.044 seconds
[2025-06-12T13:15:31.505+0200] {processor.py:186} INFO - Started process (PID=13056) to work on /Users/gordanaristova/MyProjects/MyRpaProject/venv/lib/python3.10/site-packages/airflow/example_dags/example_branch_day_of_week_operator.py
[2025-06-12T13:15:31.506+0200] {processor.py:914} INFO - Processing file /Users/gordanaristova/MyProjects/MyRpaProject/venv/lib/python3.10/site-packages/airflow/example_dags/example_branch_day_of_week_operator.py for tasks to queue
[2025-06-12T13:15:31.506+0200] {logging_mixin.py:190} INFO - [2025-06-12T13:15:31.506+0200] {dagbag.py:588} INFO - Filling up the DagBag from /Users/gordanaristova/MyProjects/MyRpaProject/venv/lib/python3.10/site-packages/airflow/example_dags/example_branch_day_of_week_operator.py
[2025-06-12T13:15:31.510+0200] {processor.py:925} INFO - DAG(s) 'example_weekday_branch_operator' retrieved from /Users/gordanaristova/MyProjects/MyRpaProject/venv/lib/python3.10/site-packages/airflow/example_dags/example_branch_day_of_week_operator.py
[2025-06-12T13:15:31.540+0200] {logging_mixin.py:190} INFO - [2025-06-12T13:15:31.540+0200] {dag.py:3239} INFO - Sync 1 DAGs
[2025-06-12T13:15:31.545+0200] {logging_mixin.py:190} INFO - [2025-06-12T13:15:31.545+0200] {dag.py:4180} INFO - Setting next_dagrun for example_weekday_branch_operator to 2025-06-11 00:00:00+00:00, run_after=2025-06-12 00:00:00+00:00
[2025-06-12T13:15:31.550+0200] {processor.py:208} INFO - Processing /Users/gordanaristova/MyProjects/MyRpaProject/venv/lib/python3.10/site-packages/airflow/example_dags/example_branch_day_of_week_operator.py took 0.046 seconds
