[2025-06-12T10:36:50.212+0200] {processor.py:186} INFO - Started process (PID=8426) to work on /Users/gordanaristova/MyProjects/MyRpaProject/venv/lib/python3.10/site-packages/airflow/example_dags/example_short_circuit_decorator.py
[2025-06-12T10:36:50.212+0200] {processor.py:914} INFO - Processing file /Users/gordanaristova/MyProjects/MyRpaProject/venv/lib/python3.10/site-packages/airflow/example_dags/example_short_circuit_decorator.py for tasks to queue
[2025-06-12T10:36:50.212+0200] {logging_mixin.py:190} INFO - [2025-06-12T10:36:50.212+0200] {dagbag.py:588} INFO - Filling up the DagBag from /Users/gordanaristova/MyProjects/MyRpaProject/venv/lib/python3.10/site-packages/airflow/example_dags/example_short_circuit_decorator.py
[2025-06-12T10:36:50.224+0200] {processor.py:925} INFO - DAG(s) 'example_short_circuit_decorator' retrieved from /Users/gordanaristova/MyProjects/MyRpaProject/venv/lib/python3.10/site-packages/airflow/example_dags/example_short_circuit_decorator.py
[2025-06-12T10:36:50.273+0200] {logging_mixin.py:190} INFO - [2025-06-12T10:36:50.273+0200] {override.py:1900} INFO - Created Permission View: can read on DAG:example_short_circuit_decorator
[2025-06-12T10:36:50.275+0200] {logging_mixin.py:190} INFO - [2025-06-12T10:36:50.275+0200] {override.py:1900} INFO - Created Permission View: can delete on DAG:example_short_circuit_decorator
[2025-06-12T10:36:50.277+0200] {logging_mixin.py:190} INFO - [2025-06-12T10:36:50.277+0200] {override.py:1900} INFO - Created Permission View: can edit on DAG:example_short_circuit_decorator
[2025-06-12T10:36:50.279+0200] {logging_mixin.py:190} INFO - [2025-06-12T10:36:50.279+0200] {override.py:1900} INFO - Created Permission View: can read on DAG Run:example_short_circuit_decorator
[2025-06-12T10:36:50.280+0200] {logging_mixin.py:190} INFO - [2025-06-12T10:36:50.280+0200] {override.py:1900} INFO - Created Permission View: menu access on DAG Run:example_short_circuit_decorator
[2025-06-12T10:36:50.282+0200] {logging_mixin.py:190} INFO - [2025-06-12T10:36:50.282+0200] {override.py:1900} INFO - Created Permission View: can create on DAG Run:example_short_circuit_decorator
[2025-06-12T10:36:50.283+0200] {logging_mixin.py:190} INFO - [2025-06-12T10:36:50.283+0200] {override.py:1900} INFO - Created Permission View: can delete on DAG Run:example_short_circuit_decorator
[2025-06-12T10:36:50.283+0200] {logging_mixin.py:190} INFO - [2025-06-12T10:36:50.283+0200] {dag.py:3239} INFO - Sync 1 DAGs
[2025-06-12T10:36:50.286+0200] {logging_mixin.py:190} INFO - [2025-06-12T10:36:50.286+0200] {dag.py:3262} INFO - Creating ORM DAG for example_short_circuit_decorator
[2025-06-12T10:36:50.286+0200] {logging_mixin.py:190} INFO - [2025-06-12T10:36:50.286+0200] {dag.py:4180} INFO - Setting next_dagrun for example_short_circuit_decorator to None, run_after=None
[2025-06-12T10:36:50.290+0200] {processor.py:208} INFO - Processing /Users/gordanaristova/MyProjects/MyRpaProject/venv/lib/python3.10/site-packages/airflow/example_dags/example_short_circuit_decorator.py took 0.080 seconds
[2025-06-12T10:38:16.822+0200] {processor.py:186} INFO - Started process (PID=8505) to work on /Users/gordanaristova/MyProjects/MyRpaProject/venv/lib/python3.10/site-packages/airflow/example_dags/example_short_circuit_decorator.py
[2025-06-12T10:38:16.823+0200] {processor.py:914} INFO - Processing file /Users/gordanaristova/MyProjects/MyRpaProject/venv/lib/python3.10/site-packages/airflow/example_dags/example_short_circuit_decorator.py for tasks to queue
[2025-06-12T10:38:16.824+0200] {logging_mixin.py:190} INFO - [2025-06-12T10:38:16.824+0200] {dagbag.py:588} INFO - Filling up the DagBag from /Users/gordanaristova/MyProjects/MyRpaProject/venv/lib/python3.10/site-packages/airflow/example_dags/example_short_circuit_decorator.py
[2025-06-12T10:38:16.835+0200] {processor.py:925} INFO - DAG(s) 'example_short_circuit_decorator' retrieved from /Users/gordanaristova/MyProjects/MyRpaProject/venv/lib/python3.10/site-packages/airflow/example_dags/example_short_circuit_decorator.py
[2025-06-12T10:38:16.863+0200] {logging_mixin.py:190} INFO - [2025-06-12T10:38:16.863+0200] {dag.py:3239} INFO - Sync 1 DAGs
[2025-06-12T10:38:16.866+0200] {logging_mixin.py:190} INFO - [2025-06-12T10:38:16.866+0200] {dag.py:4180} INFO - Setting next_dagrun for example_short_circuit_decorator to None, run_after=None
[2025-06-12T10:38:16.871+0200] {processor.py:208} INFO - Processing /Users/gordanaristova/MyProjects/MyRpaProject/venv/lib/python3.10/site-packages/airflow/example_dags/example_short_circuit_decorator.py took 0.049 seconds
[2025-06-12T10:39:59.763+0200] {processor.py:186} INFO - Started process (PID=8586) to work on /Users/gordanaristova/MyProjects/MyRpaProject/venv/lib/python3.10/site-packages/airflow/example_dags/example_short_circuit_decorator.py
[2025-06-12T10:39:59.764+0200] {processor.py:914} INFO - Processing file /Users/gordanaristova/MyProjects/MyRpaProject/venv/lib/python3.10/site-packages/airflow/example_dags/example_short_circuit_decorator.py for tasks to queue
[2025-06-12T10:39:59.765+0200] {logging_mixin.py:190} INFO - [2025-06-12T10:39:59.764+0200] {dagbag.py:588} INFO - Filling up the DagBag from /Users/gordanaristova/MyProjects/MyRpaProject/venv/lib/python3.10/site-packages/airflow/example_dags/example_short_circuit_decorator.py
[2025-06-12T10:39:59.776+0200] {processor.py:925} INFO - DAG(s) 'example_short_circuit_decorator' retrieved from /Users/gordanaristova/MyProjects/MyRpaProject/venv/lib/python3.10/site-packages/airflow/example_dags/example_short_circuit_decorator.py
[2025-06-12T10:39:59.805+0200] {logging_mixin.py:190} INFO - [2025-06-12T10:39:59.805+0200] {dag.py:3239} INFO - Sync 1 DAGs
[2025-06-12T10:39:59.808+0200] {logging_mixin.py:190} INFO - [2025-06-12T10:39:59.808+0200] {dag.py:4180} INFO - Setting next_dagrun for example_short_circuit_decorator to None, run_after=None
[2025-06-12T10:39:59.813+0200] {processor.py:208} INFO - Processing /Users/gordanaristova/MyProjects/MyRpaProject/venv/lib/python3.10/site-packages/airflow/example_dags/example_short_circuit_decorator.py took 0.050 seconds
[2025-06-12T10:41:45.419+0200] {processor.py:186} INFO - Started process (PID=8677) to work on /Users/gordanaristova/MyProjects/MyRpaProject/venv/lib/python3.10/site-packages/airflow/example_dags/example_short_circuit_decorator.py
[2025-06-12T10:41:45.420+0200] {processor.py:914} INFO - Processing file /Users/gordanaristova/MyProjects/MyRpaProject/venv/lib/python3.10/site-packages/airflow/example_dags/example_short_circuit_decorator.py for tasks to queue
[2025-06-12T10:41:45.421+0200] {logging_mixin.py:190} INFO - [2025-06-12T10:41:45.421+0200] {dagbag.py:588} INFO - Filling up the DagBag from /Users/gordanaristova/MyProjects/MyRpaProject/venv/lib/python3.10/site-packages/airflow/example_dags/example_short_circuit_decorator.py
[2025-06-12T10:41:45.432+0200] {processor.py:925} INFO - DAG(s) 'example_short_circuit_decorator' retrieved from /Users/gordanaristova/MyProjects/MyRpaProject/venv/lib/python3.10/site-packages/airflow/example_dags/example_short_circuit_decorator.py
[2025-06-12T10:41:45.462+0200] {logging_mixin.py:190} INFO - [2025-06-12T10:41:45.461+0200] {dag.py:3239} INFO - Sync 1 DAGs
[2025-06-12T10:41:45.465+0200] {logging_mixin.py:190} INFO - [2025-06-12T10:41:45.464+0200] {dag.py:4180} INFO - Setting next_dagrun for example_short_circuit_decorator to None, run_after=None
[2025-06-12T10:41:45.469+0200] {processor.py:208} INFO - Processing /Users/gordanaristova/MyProjects/MyRpaProject/venv/lib/python3.10/site-packages/airflow/example_dags/example_short_circuit_decorator.py took 0.051 seconds
[2025-06-12T10:43:31.429+0200] {processor.py:186} INFO - Started process (PID=8779) to work on /Users/gordanaristova/MyProjects/MyRpaProject/venv/lib/python3.10/site-packages/airflow/example_dags/example_short_circuit_decorator.py
[2025-06-12T10:43:31.430+0200] {processor.py:914} INFO - Processing file /Users/gordanaristova/MyProjects/MyRpaProject/venv/lib/python3.10/site-packages/airflow/example_dags/example_short_circuit_decorator.py for tasks to queue
[2025-06-12T10:43:31.430+0200] {logging_mixin.py:190} INFO - [2025-06-12T10:43:31.430+0200] {dagbag.py:588} INFO - Filling up the DagBag from /Users/gordanaristova/MyProjects/MyRpaProject/venv/lib/python3.10/site-packages/airflow/example_dags/example_short_circuit_decorator.py
[2025-06-12T10:43:31.441+0200] {processor.py:925} INFO - DAG(s) 'example_short_circuit_decorator' retrieved from /Users/gordanaristova/MyProjects/MyRpaProject/venv/lib/python3.10/site-packages/airflow/example_dags/example_short_circuit_decorator.py
[2025-06-12T10:43:31.470+0200] {logging_mixin.py:190} INFO - [2025-06-12T10:43:31.470+0200] {dag.py:3239} INFO - Sync 1 DAGs
[2025-06-12T10:43:31.473+0200] {logging_mixin.py:190} INFO - [2025-06-12T10:43:31.472+0200] {dag.py:4180} INFO - Setting next_dagrun for example_short_circuit_decorator to None, run_after=None
[2025-06-12T10:43:31.477+0200] {processor.py:208} INFO - Processing /Users/gordanaristova/MyProjects/MyRpaProject/venv/lib/python3.10/site-packages/airflow/example_dags/example_short_circuit_decorator.py took 0.048 seconds
[2025-06-12T10:45:17.592+0200] {processor.py:186} INFO - Started process (PID=8912) to work on /Users/gordanaristova/MyProjects/MyRpaProject/venv/lib/python3.10/site-packages/airflow/example_dags/example_short_circuit_decorator.py
[2025-06-12T10:45:17.593+0200] {processor.py:914} INFO - Processing file /Users/gordanaristova/MyProjects/MyRpaProject/venv/lib/python3.10/site-packages/airflow/example_dags/example_short_circuit_decorator.py for tasks to queue
[2025-06-12T10:45:17.593+0200] {logging_mixin.py:190} INFO - [2025-06-12T10:45:17.593+0200] {dagbag.py:588} INFO - Filling up the DagBag from /Users/gordanaristova/MyProjects/MyRpaProject/venv/lib/python3.10/site-packages/airflow/example_dags/example_short_circuit_decorator.py
[2025-06-12T10:45:17.605+0200] {processor.py:925} INFO - DAG(s) 'example_short_circuit_decorator' retrieved from /Users/gordanaristova/MyProjects/MyRpaProject/venv/lib/python3.10/site-packages/airflow/example_dags/example_short_circuit_decorator.py
[2025-06-12T10:45:17.634+0200] {logging_mixin.py:190} INFO - [2025-06-12T10:45:17.634+0200] {dag.py:3239} INFO - Sync 1 DAGs
[2025-06-12T10:45:17.637+0200] {logging_mixin.py:190} INFO - [2025-06-12T10:45:17.637+0200] {dag.py:4180} INFO - Setting next_dagrun for example_short_circuit_decorator to None, run_after=None
[2025-06-12T10:45:17.642+0200] {processor.py:208} INFO - Processing /Users/gordanaristova/MyProjects/MyRpaProject/venv/lib/python3.10/site-packages/airflow/example_dags/example_short_circuit_decorator.py took 0.051 seconds
[2025-06-12T10:47:02.083+0200] {processor.py:186} INFO - Started process (PID=9028) to work on /Users/gordanaristova/MyProjects/MyRpaProject/venv/lib/python3.10/site-packages/airflow/example_dags/example_short_circuit_decorator.py
[2025-06-12T10:47:02.083+0200] {processor.py:914} INFO - Processing file /Users/gordanaristova/MyProjects/MyRpaProject/venv/lib/python3.10/site-packages/airflow/example_dags/example_short_circuit_decorator.py for tasks to queue
[2025-06-12T10:47:02.083+0200] {logging_mixin.py:190} INFO - [2025-06-12T10:47:02.083+0200] {dagbag.py:588} INFO - Filling up the DagBag from /Users/gordanaristova/MyProjects/MyRpaProject/venv/lib/python3.10/site-packages/airflow/example_dags/example_short_circuit_decorator.py
[2025-06-12T10:47:02.095+0200] {processor.py:925} INFO - DAG(s) 'example_short_circuit_decorator' retrieved from /Users/gordanaristova/MyProjects/MyRpaProject/venv/lib/python3.10/site-packages/airflow/example_dags/example_short_circuit_decorator.py
[2025-06-12T10:47:02.124+0200] {logging_mixin.py:190} INFO - [2025-06-12T10:47:02.123+0200] {dag.py:3239} INFO - Sync 1 DAGs
[2025-06-12T10:47:02.127+0200] {logging_mixin.py:190} INFO - [2025-06-12T10:47:02.126+0200] {dag.py:4180} INFO - Setting next_dagrun for example_short_circuit_decorator to None, run_after=None
[2025-06-12T10:47:02.131+0200] {processor.py:208} INFO - Processing /Users/gordanaristova/MyProjects/MyRpaProject/venv/lib/python3.10/site-packages/airflow/example_dags/example_short_circuit_decorator.py took 0.049 seconds
[2025-06-12T10:48:56.746+0200] {processor.py:186} INFO - Started process (PID=9177) to work on /Users/gordanaristova/MyProjects/MyRpaProject/venv/lib/python3.10/site-packages/airflow/example_dags/example_short_circuit_decorator.py
[2025-06-12T10:48:56.747+0200] {processor.py:914} INFO - Processing file /Users/gordanaristova/MyProjects/MyRpaProject/venv/lib/python3.10/site-packages/airflow/example_dags/example_short_circuit_decorator.py for tasks to queue
[2025-06-12T10:48:56.748+0200] {logging_mixin.py:190} INFO - [2025-06-12T10:48:56.748+0200] {dagbag.py:588} INFO - Filling up the DagBag from /Users/gordanaristova/MyProjects/MyRpaProject/venv/lib/python3.10/site-packages/airflow/example_dags/example_short_circuit_decorator.py
[2025-06-12T10:48:56.759+0200] {processor.py:925} INFO - DAG(s) 'example_short_circuit_decorator' retrieved from /Users/gordanaristova/MyProjects/MyRpaProject/venv/lib/python3.10/site-packages/airflow/example_dags/example_short_circuit_decorator.py
[2025-06-12T10:48:56.787+0200] {logging_mixin.py:190} INFO - [2025-06-12T10:48:56.787+0200] {dag.py:3239} INFO - Sync 1 DAGs
[2025-06-12T10:48:56.790+0200] {logging_mixin.py:190} INFO - [2025-06-12T10:48:56.790+0200] {dag.py:4180} INFO - Setting next_dagrun for example_short_circuit_decorator to None, run_after=None
[2025-06-12T10:48:56.795+0200] {processor.py:208} INFO - Processing /Users/gordanaristova/MyProjects/MyRpaProject/venv/lib/python3.10/site-packages/airflow/example_dags/example_short_circuit_decorator.py took 0.049 seconds
[2025-06-12T10:57:02.734+0200] {processor.py:186} INFO - Started process (PID=9435) to work on /Users/gordanaristova/MyProjects/MyRpaProject/venv/lib/python3.10/site-packages/airflow/example_dags/example_short_circuit_decorator.py
[2025-06-12T10:57:02.735+0200] {processor.py:914} INFO - Processing file /Users/gordanaristova/MyProjects/MyRpaProject/venv/lib/python3.10/site-packages/airflow/example_dags/example_short_circuit_decorator.py for tasks to queue
[2025-06-12T10:57:02.735+0200] {logging_mixin.py:190} INFO - [2025-06-12T10:57:02.735+0200] {dagbag.py:588} INFO - Filling up the DagBag from /Users/gordanaristova/MyProjects/MyRpaProject/venv/lib/python3.10/site-packages/airflow/example_dags/example_short_circuit_decorator.py
[2025-06-12T10:57:02.746+0200] {processor.py:925} INFO - DAG(s) 'example_short_circuit_decorator' retrieved from /Users/gordanaristova/MyProjects/MyRpaProject/venv/lib/python3.10/site-packages/airflow/example_dags/example_short_circuit_decorator.py
[2025-06-12T10:57:02.775+0200] {logging_mixin.py:190} INFO - [2025-06-12T10:57:02.775+0200] {dag.py:3239} INFO - Sync 1 DAGs
[2025-06-12T10:57:02.778+0200] {logging_mixin.py:190} INFO - [2025-06-12T10:57:02.778+0200] {dag.py:4180} INFO - Setting next_dagrun for example_short_circuit_decorator to None, run_after=None
[2025-06-12T10:57:02.782+0200] {processor.py:208} INFO - Processing /Users/gordanaristova/MyProjects/MyRpaProject/venv/lib/python3.10/site-packages/airflow/example_dags/example_short_circuit_decorator.py took 0.049 seconds
[2025-06-12T10:58:29.005+0200] {processor.py:186} INFO - Started process (PID=9532) to work on /Users/gordanaristova/MyProjects/MyRpaProject/venv/lib/python3.10/site-packages/airflow/example_dags/example_short_circuit_decorator.py
[2025-06-12T10:58:29.006+0200] {processor.py:914} INFO - Processing file /Users/gordanaristova/MyProjects/MyRpaProject/venv/lib/python3.10/site-packages/airflow/example_dags/example_short_circuit_decorator.py for tasks to queue
[2025-06-12T10:58:29.006+0200] {logging_mixin.py:190} INFO - [2025-06-12T10:58:29.006+0200] {dagbag.py:588} INFO - Filling up the DagBag from /Users/gordanaristova/MyProjects/MyRpaProject/venv/lib/python3.10/site-packages/airflow/example_dags/example_short_circuit_decorator.py
[2025-06-12T10:58:29.018+0200] {processor.py:925} INFO - DAG(s) 'example_short_circuit_decorator' retrieved from /Users/gordanaristova/MyProjects/MyRpaProject/venv/lib/python3.10/site-packages/airflow/example_dags/example_short_circuit_decorator.py
[2025-06-12T10:58:29.047+0200] {logging_mixin.py:190} INFO - [2025-06-12T10:58:29.047+0200] {dag.py:3239} INFO - Sync 1 DAGs
[2025-06-12T10:58:29.050+0200] {logging_mixin.py:190} INFO - [2025-06-12T10:58:29.050+0200] {dag.py:4180} INFO - Setting next_dagrun for example_short_circuit_decorator to None, run_after=None
[2025-06-12T10:58:29.055+0200] {processor.py:208} INFO - Processing /Users/gordanaristova/MyProjects/MyRpaProject/venv/lib/python3.10/site-packages/airflow/example_dags/example_short_circuit_decorator.py took 0.050 seconds
[2025-06-12T11:11:47.192+0200] {processor.py:186} INFO - Started process (PID=9755) to work on /Users/gordanaristova/MyProjects/MyRpaProject/venv/lib/python3.10/site-packages/airflow/example_dags/example_short_circuit_decorator.py
[2025-06-12T11:11:47.193+0200] {processor.py:914} INFO - Processing file /Users/gordanaristova/MyProjects/MyRpaProject/venv/lib/python3.10/site-packages/airflow/example_dags/example_short_circuit_decorator.py for tasks to queue
[2025-06-12T11:11:47.194+0200] {logging_mixin.py:190} INFO - [2025-06-12T11:11:47.194+0200] {dagbag.py:588} INFO - Filling up the DagBag from /Users/gordanaristova/MyProjects/MyRpaProject/venv/lib/python3.10/site-packages/airflow/example_dags/example_short_circuit_decorator.py
[2025-06-12T11:11:47.205+0200] {processor.py:925} INFO - DAG(s) 'example_short_circuit_decorator' retrieved from /Users/gordanaristova/MyProjects/MyRpaProject/venv/lib/python3.10/site-packages/airflow/example_dags/example_short_circuit_decorator.py
[2025-06-12T11:11:47.233+0200] {logging_mixin.py:190} INFO - [2025-06-12T11:11:47.233+0200] {dag.py:3239} INFO - Sync 1 DAGs
[2025-06-12T11:11:47.236+0200] {logging_mixin.py:190} INFO - [2025-06-12T11:11:47.236+0200] {dag.py:4180} INFO - Setting next_dagrun for example_short_circuit_decorator to None, run_after=None
[2025-06-12T11:11:47.240+0200] {processor.py:208} INFO - Processing /Users/gordanaristova/MyProjects/MyRpaProject/venv/lib/python3.10/site-packages/airflow/example_dags/example_short_circuit_decorator.py took 0.049 seconds
[2025-06-12T11:13:13.990+0200] {processor.py:186} INFO - Started process (PID=9850) to work on /Users/gordanaristova/MyProjects/MyRpaProject/venv/lib/python3.10/site-packages/airflow/example_dags/example_short_circuit_decorator.py
[2025-06-12T11:13:13.991+0200] {processor.py:914} INFO - Processing file /Users/gordanaristova/MyProjects/MyRpaProject/venv/lib/python3.10/site-packages/airflow/example_dags/example_short_circuit_decorator.py for tasks to queue
[2025-06-12T11:13:13.991+0200] {logging_mixin.py:190} INFO - [2025-06-12T11:13:13.991+0200] {dagbag.py:588} INFO - Filling up the DagBag from /Users/gordanaristova/MyProjects/MyRpaProject/venv/lib/python3.10/site-packages/airflow/example_dags/example_short_circuit_decorator.py
[2025-06-12T11:13:14.003+0200] {processor.py:925} INFO - DAG(s) 'example_short_circuit_decorator' retrieved from /Users/gordanaristova/MyProjects/MyRpaProject/venv/lib/python3.10/site-packages/airflow/example_dags/example_short_circuit_decorator.py
[2025-06-12T11:13:14.034+0200] {logging_mixin.py:190} INFO - [2025-06-12T11:13:14.034+0200] {dag.py:3239} INFO - Sync 1 DAGs
[2025-06-12T11:13:14.037+0200] {logging_mixin.py:190} INFO - [2025-06-12T11:13:14.037+0200] {dag.py:4180} INFO - Setting next_dagrun for example_short_circuit_decorator to None, run_after=None
[2025-06-12T11:13:14.042+0200] {processor.py:208} INFO - Processing /Users/gordanaristova/MyProjects/MyRpaProject/venv/lib/python3.10/site-packages/airflow/example_dags/example_short_circuit_decorator.py took 0.052 seconds
[2025-06-12T11:21:51.973+0200] {processor.py:186} INFO - Started process (PID=10046) to work on /Users/gordanaristova/MyProjects/MyRpaProject/venv/lib/python3.10/site-packages/airflow/example_dags/example_short_circuit_decorator.py
[2025-06-12T11:21:51.974+0200] {processor.py:914} INFO - Processing file /Users/gordanaristova/MyProjects/MyRpaProject/venv/lib/python3.10/site-packages/airflow/example_dags/example_short_circuit_decorator.py for tasks to queue
[2025-06-12T11:21:51.974+0200] {logging_mixin.py:190} INFO - [2025-06-12T11:21:51.974+0200] {dagbag.py:588} INFO - Filling up the DagBag from /Users/gordanaristova/MyProjects/MyRpaProject/venv/lib/python3.10/site-packages/airflow/example_dags/example_short_circuit_decorator.py
[2025-06-12T11:21:51.986+0200] {processor.py:925} INFO - DAG(s) 'example_short_circuit_decorator' retrieved from /Users/gordanaristova/MyProjects/MyRpaProject/venv/lib/python3.10/site-packages/airflow/example_dags/example_short_circuit_decorator.py
[2025-06-12T11:21:52.015+0200] {logging_mixin.py:190} INFO - [2025-06-12T11:21:52.015+0200] {dag.py:3239} INFO - Sync 1 DAGs
[2025-06-12T11:21:52.018+0200] {logging_mixin.py:190} INFO - [2025-06-12T11:21:52.018+0200] {dag.py:4180} INFO - Setting next_dagrun for example_short_circuit_decorator to None, run_after=None
[2025-06-12T11:21:52.022+0200] {processor.py:208} INFO - Processing /Users/gordanaristova/MyProjects/MyRpaProject/venv/lib/python3.10/site-packages/airflow/example_dags/example_short_circuit_decorator.py took 0.050 seconds
[2025-06-12T11:23:17.696+0200] {processor.py:186} INFO - Started process (PID=10135) to work on /Users/gordanaristova/MyProjects/MyRpaProject/venv/lib/python3.10/site-packages/airflow/example_dags/example_short_circuit_decorator.py
[2025-06-12T11:23:17.696+0200] {processor.py:914} INFO - Processing file /Users/gordanaristova/MyProjects/MyRpaProject/venv/lib/python3.10/site-packages/airflow/example_dags/example_short_circuit_decorator.py for tasks to queue
[2025-06-12T11:23:17.696+0200] {logging_mixin.py:190} INFO - [2025-06-12T11:23:17.696+0200] {dagbag.py:588} INFO - Filling up the DagBag from /Users/gordanaristova/MyProjects/MyRpaProject/venv/lib/python3.10/site-packages/airflow/example_dags/example_short_circuit_decorator.py
[2025-06-12T11:23:17.709+0200] {processor.py:925} INFO - DAG(s) 'example_short_circuit_decorator' retrieved from /Users/gordanaristova/MyProjects/MyRpaProject/venv/lib/python3.10/site-packages/airflow/example_dags/example_short_circuit_decorator.py
[2025-06-12T11:23:17.740+0200] {logging_mixin.py:190} INFO - [2025-06-12T11:23:17.739+0200] {dag.py:3239} INFO - Sync 1 DAGs
[2025-06-12T11:23:17.743+0200] {logging_mixin.py:190} INFO - [2025-06-12T11:23:17.743+0200] {dag.py:4180} INFO - Setting next_dagrun for example_short_circuit_decorator to None, run_after=None
[2025-06-12T11:23:17.747+0200] {processor.py:208} INFO - Processing /Users/gordanaristova/MyProjects/MyRpaProject/venv/lib/python3.10/site-packages/airflow/example_dags/example_short_circuit_decorator.py took 0.053 seconds
[2025-06-12T11:41:07.778+0200] {processor.py:186} INFO - Started process (PID=10412) to work on /Users/gordanaristova/MyProjects/MyRpaProject/venv/lib/python3.10/site-packages/airflow/example_dags/example_short_circuit_decorator.py
[2025-06-12T11:41:07.779+0200] {processor.py:914} INFO - Processing file /Users/gordanaristova/MyProjects/MyRpaProject/venv/lib/python3.10/site-packages/airflow/example_dags/example_short_circuit_decorator.py for tasks to queue
[2025-06-12T11:41:07.779+0200] {logging_mixin.py:190} INFO - [2025-06-12T11:41:07.779+0200] {dagbag.py:588} INFO - Filling up the DagBag from /Users/gordanaristova/MyProjects/MyRpaProject/venv/lib/python3.10/site-packages/airflow/example_dags/example_short_circuit_decorator.py
[2025-06-12T11:41:07.793+0200] {processor.py:925} INFO - DAG(s) 'example_short_circuit_decorator' retrieved from /Users/gordanaristova/MyProjects/MyRpaProject/venv/lib/python3.10/site-packages/airflow/example_dags/example_short_circuit_decorator.py
[2025-06-12T11:41:07.821+0200] {logging_mixin.py:190} INFO - [2025-06-12T11:41:07.821+0200] {dag.py:3239} INFO - Sync 1 DAGs
[2025-06-12T11:41:07.824+0200] {logging_mixin.py:190} INFO - [2025-06-12T11:41:07.824+0200] {dag.py:4180} INFO - Setting next_dagrun for example_short_circuit_decorator to None, run_after=None
[2025-06-12T11:41:07.829+0200] {processor.py:208} INFO - Processing /Users/gordanaristova/MyProjects/MyRpaProject/venv/lib/python3.10/site-packages/airflow/example_dags/example_short_circuit_decorator.py took 0.052 seconds
[2025-06-12T11:42:32.910+0200] {processor.py:186} INFO - Started process (PID=10501) to work on /Users/gordanaristova/MyProjects/MyRpaProject/venv/lib/python3.10/site-packages/airflow/example_dags/example_short_circuit_decorator.py
[2025-06-12T11:42:32.911+0200] {processor.py:914} INFO - Processing file /Users/gordanaristova/MyProjects/MyRpaProject/venv/lib/python3.10/site-packages/airflow/example_dags/example_short_circuit_decorator.py for tasks to queue
[2025-06-12T11:42:32.911+0200] {logging_mixin.py:190} INFO - [2025-06-12T11:42:32.911+0200] {dagbag.py:588} INFO - Filling up the DagBag from /Users/gordanaristova/MyProjects/MyRpaProject/venv/lib/python3.10/site-packages/airflow/example_dags/example_short_circuit_decorator.py
[2025-06-12T11:42:32.928+0200] {processor.py:925} INFO - DAG(s) 'example_short_circuit_decorator' retrieved from /Users/gordanaristova/MyProjects/MyRpaProject/venv/lib/python3.10/site-packages/airflow/example_dags/example_short_circuit_decorator.py
[2025-06-12T11:42:32.961+0200] {logging_mixin.py:190} INFO - [2025-06-12T11:42:32.961+0200] {dag.py:3239} INFO - Sync 1 DAGs
[2025-06-12T11:42:32.965+0200] {logging_mixin.py:190} INFO - [2025-06-12T11:42:32.964+0200] {dag.py:4180} INFO - Setting next_dagrun for example_short_circuit_decorator to None, run_after=None
[2025-06-12T11:42:32.970+0200] {processor.py:208} INFO - Processing /Users/gordanaristova/MyProjects/MyRpaProject/venv/lib/python3.10/site-packages/airflow/example_dags/example_short_circuit_decorator.py took 0.064 seconds
[2025-06-12T11:49:57.147+0200] {processor.py:186} INFO - Started process (PID=10634) to work on /Users/gordanaristova/MyProjects/MyRpaProject/venv/lib/python3.10/site-packages/airflow/example_dags/example_short_circuit_decorator.py
[2025-06-12T11:49:57.148+0200] {processor.py:914} INFO - Processing file /Users/gordanaristova/MyProjects/MyRpaProject/venv/lib/python3.10/site-packages/airflow/example_dags/example_short_circuit_decorator.py for tasks to queue
[2025-06-12T11:49:57.148+0200] {logging_mixin.py:190} INFO - [2025-06-12T11:49:57.148+0200] {dagbag.py:588} INFO - Filling up the DagBag from /Users/gordanaristova/MyProjects/MyRpaProject/venv/lib/python3.10/site-packages/airflow/example_dags/example_short_circuit_decorator.py
[2025-06-12T11:49:57.159+0200] {processor.py:925} INFO - DAG(s) 'example_short_circuit_decorator' retrieved from /Users/gordanaristova/MyProjects/MyRpaProject/venv/lib/python3.10/site-packages/airflow/example_dags/example_short_circuit_decorator.py
[2025-06-12T11:49:57.187+0200] {logging_mixin.py:190} INFO - [2025-06-12T11:49:57.187+0200] {dag.py:3239} INFO - Sync 1 DAGs
[2025-06-12T11:49:57.190+0200] {logging_mixin.py:190} INFO - [2025-06-12T11:49:57.190+0200] {dag.py:4180} INFO - Setting next_dagrun for example_short_circuit_decorator to None, run_after=None
[2025-06-12T11:49:57.194+0200] {processor.py:208} INFO - Processing /Users/gordanaristova/MyProjects/MyRpaProject/venv/lib/python3.10/site-packages/airflow/example_dags/example_short_circuit_decorator.py took 0.048 seconds
[2025-06-12T11:51:22.294+0200] {processor.py:186} INFO - Started process (PID=10724) to work on /Users/gordanaristova/MyProjects/MyRpaProject/venv/lib/python3.10/site-packages/airflow/example_dags/example_short_circuit_decorator.py
[2025-06-12T11:51:22.294+0200] {processor.py:914} INFO - Processing file /Users/gordanaristova/MyProjects/MyRpaProject/venv/lib/python3.10/site-packages/airflow/example_dags/example_short_circuit_decorator.py for tasks to queue
[2025-06-12T11:51:22.295+0200] {logging_mixin.py:190} INFO - [2025-06-12T11:51:22.295+0200] {dagbag.py:588} INFO - Filling up the DagBag from /Users/gordanaristova/MyProjects/MyRpaProject/venv/lib/python3.10/site-packages/airflow/example_dags/example_short_circuit_decorator.py
[2025-06-12T11:51:22.306+0200] {processor.py:925} INFO - DAG(s) 'example_short_circuit_decorator' retrieved from /Users/gordanaristova/MyProjects/MyRpaProject/venv/lib/python3.10/site-packages/airflow/example_dags/example_short_circuit_decorator.py
[2025-06-12T11:51:22.336+0200] {logging_mixin.py:190} INFO - [2025-06-12T11:51:22.336+0200] {dag.py:3239} INFO - Sync 1 DAGs
[2025-06-12T11:51:22.340+0200] {logging_mixin.py:190} INFO - [2025-06-12T11:51:22.340+0200] {dag.py:4180} INFO - Setting next_dagrun for example_short_circuit_decorator to None, run_after=None
[2025-06-12T11:51:22.345+0200] {processor.py:208} INFO - Processing /Users/gordanaristova/MyProjects/MyRpaProject/venv/lib/python3.10/site-packages/airflow/example_dags/example_short_circuit_decorator.py took 0.052 seconds
[2025-06-12T11:53:09.251+0200] {processor.py:186} INFO - Started process (PID=10830) to work on /Users/gordanaristova/MyProjects/MyRpaProject/venv/lib/python3.10/site-packages/airflow/example_dags/example_short_circuit_decorator.py
[2025-06-12T11:53:09.251+0200] {processor.py:914} INFO - Processing file /Users/gordanaristova/MyProjects/MyRpaProject/venv/lib/python3.10/site-packages/airflow/example_dags/example_short_circuit_decorator.py for tasks to queue
[2025-06-12T11:53:09.251+0200] {logging_mixin.py:190} INFO - [2025-06-12T11:53:09.251+0200] {dagbag.py:588} INFO - Filling up the DagBag from /Users/gordanaristova/MyProjects/MyRpaProject/venv/lib/python3.10/site-packages/airflow/example_dags/example_short_circuit_decorator.py
[2025-06-12T11:53:09.263+0200] {processor.py:925} INFO - DAG(s) 'example_short_circuit_decorator' retrieved from /Users/gordanaristova/MyProjects/MyRpaProject/venv/lib/python3.10/site-packages/airflow/example_dags/example_short_circuit_decorator.py
[2025-06-12T11:53:09.292+0200] {logging_mixin.py:190} INFO - [2025-06-12T11:53:09.292+0200] {dag.py:3239} INFO - Sync 1 DAGs
[2025-06-12T11:53:09.295+0200] {logging_mixin.py:190} INFO - [2025-06-12T11:53:09.295+0200] {dag.py:4180} INFO - Setting next_dagrun for example_short_circuit_decorator to None, run_after=None
[2025-06-12T11:53:09.300+0200] {processor.py:208} INFO - Processing /Users/gordanaristova/MyProjects/MyRpaProject/venv/lib/python3.10/site-packages/airflow/example_dags/example_short_circuit_decorator.py took 0.050 seconds
[2025-06-12T11:54:58.377+0200] {processor.py:186} INFO - Started process (PID=10922) to work on /Users/gordanaristova/MyProjects/MyRpaProject/venv/lib/python3.10/site-packages/airflow/example_dags/example_short_circuit_decorator.py
[2025-06-12T11:54:58.377+0200] {processor.py:914} INFO - Processing file /Users/gordanaristova/MyProjects/MyRpaProject/venv/lib/python3.10/site-packages/airflow/example_dags/example_short_circuit_decorator.py for tasks to queue
[2025-06-12T11:54:58.377+0200] {logging_mixin.py:190} INFO - [2025-06-12T11:54:58.377+0200] {dagbag.py:588} INFO - Filling up the DagBag from /Users/gordanaristova/MyProjects/MyRpaProject/venv/lib/python3.10/site-packages/airflow/example_dags/example_short_circuit_decorator.py
[2025-06-12T11:54:58.389+0200] {processor.py:925} INFO - DAG(s) 'example_short_circuit_decorator' retrieved from /Users/gordanaristova/MyProjects/MyRpaProject/venv/lib/python3.10/site-packages/airflow/example_dags/example_short_circuit_decorator.py
[2025-06-12T11:54:58.418+0200] {logging_mixin.py:190} INFO - [2025-06-12T11:54:58.418+0200] {dag.py:3239} INFO - Sync 1 DAGs
[2025-06-12T11:54:58.421+0200] {logging_mixin.py:190} INFO - [2025-06-12T11:54:58.421+0200] {dag.py:4180} INFO - Setting next_dagrun for example_short_circuit_decorator to None, run_after=None
[2025-06-12T11:54:58.425+0200] {processor.py:208} INFO - Processing /Users/gordanaristova/MyProjects/MyRpaProject/venv/lib/python3.10/site-packages/airflow/example_dags/example_short_circuit_decorator.py took 0.050 seconds
[2025-06-12T11:56:48.005+0200] {processor.py:186} INFO - Started process (PID=11035) to work on /Users/gordanaristova/MyProjects/MyRpaProject/venv/lib/python3.10/site-packages/airflow/example_dags/example_short_circuit_decorator.py
[2025-06-12T11:56:48.006+0200] {processor.py:914} INFO - Processing file /Users/gordanaristova/MyProjects/MyRpaProject/venv/lib/python3.10/site-packages/airflow/example_dags/example_short_circuit_decorator.py for tasks to queue
[2025-06-12T11:56:48.006+0200] {logging_mixin.py:190} INFO - [2025-06-12T11:56:48.006+0200] {dagbag.py:588} INFO - Filling up the DagBag from /Users/gordanaristova/MyProjects/MyRpaProject/venv/lib/python3.10/site-packages/airflow/example_dags/example_short_circuit_decorator.py
[2025-06-12T11:56:48.018+0200] {processor.py:925} INFO - DAG(s) 'example_short_circuit_decorator' retrieved from /Users/gordanaristova/MyProjects/MyRpaProject/venv/lib/python3.10/site-packages/airflow/example_dags/example_short_circuit_decorator.py
[2025-06-12T11:56:48.047+0200] {logging_mixin.py:190} INFO - [2025-06-12T11:56:48.047+0200] {dag.py:3239} INFO - Sync 1 DAGs
[2025-06-12T11:56:48.050+0200] {logging_mixin.py:190} INFO - [2025-06-12T11:56:48.050+0200] {dag.py:4180} INFO - Setting next_dagrun for example_short_circuit_decorator to None, run_after=None
[2025-06-12T11:56:48.054+0200] {processor.py:208} INFO - Processing /Users/gordanaristova/MyProjects/MyRpaProject/venv/lib/python3.10/site-packages/airflow/example_dags/example_short_circuit_decorator.py took 0.050 seconds
[2025-06-12T13:14:42.814+0200] {processor.py:186} INFO - Started process (PID=13004) to work on /Users/gordanaristova/MyProjects/MyRpaProject/venv/lib/python3.10/site-packages/airflow/example_dags/example_short_circuit_decorator.py
[2025-06-12T13:14:42.815+0200] {processor.py:914} INFO - Processing file /Users/gordanaristova/MyProjects/MyRpaProject/venv/lib/python3.10/site-packages/airflow/example_dags/example_short_circuit_decorator.py for tasks to queue
[2025-06-12T13:14:42.815+0200] {logging_mixin.py:190} INFO - [2025-06-12T13:14:42.815+0200] {dagbag.py:588} INFO - Filling up the DagBag from /Users/gordanaristova/MyProjects/MyRpaProject/venv/lib/python3.10/site-packages/airflow/example_dags/example_short_circuit_decorator.py
[2025-06-12T13:14:42.827+0200] {processor.py:925} INFO - DAG(s) 'example_short_circuit_decorator' retrieved from /Users/gordanaristova/MyProjects/MyRpaProject/venv/lib/python3.10/site-packages/airflow/example_dags/example_short_circuit_decorator.py
[2025-06-12T13:14:42.857+0200] {logging_mixin.py:190} INFO - [2025-06-12T13:14:42.856+0200] {dag.py:3239} INFO - Sync 1 DAGs
[2025-06-12T13:14:42.860+0200] {logging_mixin.py:190} INFO - [2025-06-12T13:14:42.860+0200] {dag.py:4180} INFO - Setting next_dagrun for example_short_circuit_decorator to None, run_after=None
[2025-06-12T13:14:42.864+0200] {processor.py:208} INFO - Processing /Users/gordanaristova/MyProjects/MyRpaProject/venv/lib/python3.10/site-packages/airflow/example_dags/example_short_circuit_decorator.py took 0.051 seconds
[2025-06-12T18:42:26.019+0200] {processor.py:186} INFO - Started process (PID=15664) to work on /Users/gordanaristova/MyProjects/MyRpaProject/venv/lib/python3.10/site-packages/airflow/example_dags/example_short_circuit_decorator.py
[2025-06-12T18:42:26.020+0200] {processor.py:914} INFO - Processing file /Users/gordanaristova/MyProjects/MyRpaProject/venv/lib/python3.10/site-packages/airflow/example_dags/example_short_circuit_decorator.py for tasks to queue
[2025-06-12T18:42:26.021+0200] {logging_mixin.py:190} INFO - [2025-06-12T18:42:26.021+0200] {dagbag.py:588} INFO - Filling up the DagBag from /Users/gordanaristova/MyProjects/MyRpaProject/venv/lib/python3.10/site-packages/airflow/example_dags/example_short_circuit_decorator.py
[2025-06-12T18:42:26.033+0200] {processor.py:925} INFO - DAG(s) 'example_short_circuit_decorator' retrieved from /Users/gordanaristova/MyProjects/MyRpaProject/venv/lib/python3.10/site-packages/airflow/example_dags/example_short_circuit_decorator.py
[2025-06-12T18:42:26.063+0200] {logging_mixin.py:190} INFO - [2025-06-12T18:42:26.063+0200] {dag.py:3239} INFO - Sync 1 DAGs
[2025-06-12T18:42:26.066+0200] {logging_mixin.py:190} INFO - [2025-06-12T18:42:26.066+0200] {dag.py:4180} INFO - Setting next_dagrun for example_short_circuit_decorator to None, run_after=None
[2025-06-12T18:42:26.071+0200] {processor.py:208} INFO - Processing /Users/gordanaristova/MyProjects/MyRpaProject/venv/lib/python3.10/site-packages/airflow/example_dags/example_short_circuit_decorator.py took 0.053 seconds
[2025-06-12T18:52:09.326+0200] {processor.py:186} INFO - Started process (PID=15889) to work on /Users/gordanaristova/MyProjects/MyRpaProject/venv/lib/python3.10/site-packages/airflow/example_dags/example_short_circuit_decorator.py
[2025-06-12T18:52:09.327+0200] {processor.py:914} INFO - Processing file /Users/gordanaristova/MyProjects/MyRpaProject/venv/lib/python3.10/site-packages/airflow/example_dags/example_short_circuit_decorator.py for tasks to queue
[2025-06-12T18:52:09.327+0200] {logging_mixin.py:190} INFO - [2025-06-12T18:52:09.327+0200] {dagbag.py:588} INFO - Filling up the DagBag from /Users/gordanaristova/MyProjects/MyRpaProject/venv/lib/python3.10/site-packages/airflow/example_dags/example_short_circuit_decorator.py
[2025-06-12T18:52:09.340+0200] {processor.py:925} INFO - DAG(s) 'example_short_circuit_decorator' retrieved from /Users/gordanaristova/MyProjects/MyRpaProject/venv/lib/python3.10/site-packages/airflow/example_dags/example_short_circuit_decorator.py
[2025-06-12T18:52:09.373+0200] {logging_mixin.py:190} INFO - [2025-06-12T18:52:09.373+0200] {dag.py:3239} INFO - Sync 1 DAGs
[2025-06-12T18:52:09.378+0200] {logging_mixin.py:190} INFO - [2025-06-12T18:52:09.378+0200] {dag.py:4180} INFO - Setting next_dagrun for example_short_circuit_decorator to None, run_after=None
[2025-06-12T18:52:09.385+0200] {processor.py:208} INFO - Processing /Users/gordanaristova/MyProjects/MyRpaProject/venv/lib/python3.10/site-packages/airflow/example_dags/example_short_circuit_decorator.py took 0.060 seconds
[2025-06-12T18:55:21.373+0200] {processor.py:186} INFO - Started process (PID=15977) to work on /Users/gordanaristova/MyProjects/MyRpaProject/venv/lib/python3.10/site-packages/airflow/example_dags/example_short_circuit_decorator.py
[2025-06-12T18:55:21.374+0200] {processor.py:914} INFO - Processing file /Users/gordanaristova/MyProjects/MyRpaProject/venv/lib/python3.10/site-packages/airflow/example_dags/example_short_circuit_decorator.py for tasks to queue
[2025-06-12T18:55:21.374+0200] {logging_mixin.py:190} INFO - [2025-06-12T18:55:21.374+0200] {dagbag.py:588} INFO - Filling up the DagBag from /Users/gordanaristova/MyProjects/MyRpaProject/venv/lib/python3.10/site-packages/airflow/example_dags/example_short_circuit_decorator.py
[2025-06-12T18:55:21.387+0200] {processor.py:925} INFO - DAG(s) 'example_short_circuit_decorator' retrieved from /Users/gordanaristova/MyProjects/MyRpaProject/venv/lib/python3.10/site-packages/airflow/example_dags/example_short_circuit_decorator.py
[2025-06-12T18:55:21.418+0200] {logging_mixin.py:190} INFO - [2025-06-12T18:55:21.417+0200] {dag.py:3239} INFO - Sync 1 DAGs
[2025-06-12T18:55:21.421+0200] {logging_mixin.py:190} INFO - [2025-06-12T18:55:21.421+0200] {dag.py:4180} INFO - Setting next_dagrun for example_short_circuit_decorator to None, run_after=None
[2025-06-12T18:55:21.426+0200] {processor.py:208} INFO - Processing /Users/gordanaristova/MyProjects/MyRpaProject/venv/lib/python3.10/site-packages/airflow/example_dags/example_short_circuit_decorator.py took 0.054 seconds
[2025-06-12T19:00:28.392+0200] {processor.py:186} INFO - Started process (PID=16126) to work on /Users/gordanaristova/MyProjects/MyRpaProject/venv/lib/python3.10/site-packages/airflow/example_dags/example_short_circuit_decorator.py
[2025-06-12T19:00:28.393+0200] {processor.py:914} INFO - Processing file /Users/gordanaristova/MyProjects/MyRpaProject/venv/lib/python3.10/site-packages/airflow/example_dags/example_short_circuit_decorator.py for tasks to queue
[2025-06-12T19:00:28.394+0200] {logging_mixin.py:190} INFO - [2025-06-12T19:00:28.394+0200] {dagbag.py:588} INFO - Filling up the DagBag from /Users/gordanaristova/MyProjects/MyRpaProject/venv/lib/python3.10/site-packages/airflow/example_dags/example_short_circuit_decorator.py
[2025-06-12T19:00:28.406+0200] {processor.py:925} INFO - DAG(s) 'example_short_circuit_decorator' retrieved from /Users/gordanaristova/MyProjects/MyRpaProject/venv/lib/python3.10/site-packages/airflow/example_dags/example_short_circuit_decorator.py
[2025-06-12T19:00:28.435+0200] {logging_mixin.py:190} INFO - [2025-06-12T19:00:28.435+0200] {dag.py:3239} INFO - Sync 1 DAGs
[2025-06-12T19:00:28.438+0200] {logging_mixin.py:190} INFO - [2025-06-12T19:00:28.438+0200] {dag.py:4180} INFO - Setting next_dagrun for example_short_circuit_decorator to None, run_after=None
[2025-06-12T19:00:28.443+0200] {processor.py:208} INFO - Processing /Users/gordanaristova/MyProjects/MyRpaProject/venv/lib/python3.10/site-packages/airflow/example_dags/example_short_circuit_decorator.py took 0.051 seconds
[2025-06-12T19:11:05.919+0200] {processor.py:186} INFO - Started process (PID=16453) to work on /Users/gordanaristova/MyProjects/MyRpaProject/venv/lib/python3.10/site-packages/airflow/example_dags/example_short_circuit_decorator.py
[2025-06-12T19:11:05.920+0200] {processor.py:914} INFO - Processing file /Users/gordanaristova/MyProjects/MyRpaProject/venv/lib/python3.10/site-packages/airflow/example_dags/example_short_circuit_decorator.py for tasks to queue
[2025-06-12T19:11:05.920+0200] {logging_mixin.py:190} INFO - [2025-06-12T19:11:05.920+0200] {dagbag.py:588} INFO - Filling up the DagBag from /Users/gordanaristova/MyProjects/MyRpaProject/venv/lib/python3.10/site-packages/airflow/example_dags/example_short_circuit_decorator.py
[2025-06-12T19:11:05.934+0200] {processor.py:925} INFO - DAG(s) 'example_short_circuit_decorator' retrieved from /Users/gordanaristova/MyProjects/MyRpaProject/venv/lib/python3.10/site-packages/airflow/example_dags/example_short_circuit_decorator.py
[2025-06-12T19:11:05.965+0200] {logging_mixin.py:190} INFO - [2025-06-12T19:11:05.965+0200] {dag.py:3239} INFO - Sync 1 DAGs
[2025-06-12T19:11:05.969+0200] {logging_mixin.py:190} INFO - [2025-06-12T19:11:05.969+0200] {dag.py:4180} INFO - Setting next_dagrun for example_short_circuit_decorator to None, run_after=None
[2025-06-12T19:11:05.974+0200] {processor.py:208} INFO - Processing /Users/gordanaristova/MyProjects/MyRpaProject/venv/lib/python3.10/site-packages/airflow/example_dags/example_short_circuit_decorator.py took 0.056 seconds
[2025-06-12T19:14:09.012+0200] {processor.py:186} INFO - Started process (PID=16645) to work on /Users/gordanaristova/MyProjects/MyRpaProject/venv/lib/python3.10/site-packages/airflow/example_dags/example_short_circuit_decorator.py
[2025-06-12T19:14:09.013+0200] {processor.py:914} INFO - Processing file /Users/gordanaristova/MyProjects/MyRpaProject/venv/lib/python3.10/site-packages/airflow/example_dags/example_short_circuit_decorator.py for tasks to queue
[2025-06-12T19:14:09.014+0200] {logging_mixin.py:190} INFO - [2025-06-12T19:14:09.014+0200] {dagbag.py:588} INFO - Filling up the DagBag from /Users/gordanaristova/MyProjects/MyRpaProject/venv/lib/python3.10/site-packages/airflow/example_dags/example_short_circuit_decorator.py
[2025-06-12T19:14:09.026+0200] {processor.py:925} INFO - DAG(s) 'example_short_circuit_decorator' retrieved from /Users/gordanaristova/MyProjects/MyRpaProject/venv/lib/python3.10/site-packages/airflow/example_dags/example_short_circuit_decorator.py
[2025-06-12T19:14:09.056+0200] {logging_mixin.py:190} INFO - [2025-06-12T19:14:09.056+0200] {dag.py:3239} INFO - Sync 1 DAGs
[2025-06-12T19:14:09.059+0200] {logging_mixin.py:190} INFO - [2025-06-12T19:14:09.059+0200] {dag.py:4180} INFO - Setting next_dagrun for example_short_circuit_decorator to None, run_after=None
[2025-06-12T19:14:09.065+0200] {processor.py:208} INFO - Processing /Users/gordanaristova/MyProjects/MyRpaProject/venv/lib/python3.10/site-packages/airflow/example_dags/example_short_circuit_decorator.py took 0.053 seconds
