[2025-06-12T10:37:01.948+0200] {processor.py:186} INFO - Started process (PID=8439) to work on /Users/gordanaristova/MyProjects/MyRpaProject/venv/lib/python3.10/site-packages/airflow/example_dags/example_params_ui_tutorial.py
[2025-06-12T10:37:01.949+0200] {processor.py:914} INFO - Processing file /Users/gordanaristova/MyProjects/MyRpaProject/venv/lib/python3.10/site-packages/airflow/example_dags/example_params_ui_tutorial.py for tasks to queue
[2025-06-12T10:37:01.949+0200] {logging_mixin.py:190} INFO - [2025-06-12T10:37:01.949+0200] {dagbag.py:588} INFO - Filling up the DagBag from /Users/gordanaristova/MyProjects/MyRpaProject/venv/lib/python3.10/site-packages/airflow/example_dags/example_params_ui_tutorial.py
[2025-06-12T10:37:01.960+0200] {processor.py:925} INFO - DAG(s) 'example_params_ui_tutorial' retrieved from /Users/gordanaristova/MyProjects/MyRpaProject/venv/lib/python3.10/site-packages/airflow/example_dags/example_params_ui_tutorial.py
[2025-06-12T10:37:02.015+0200] {logging_mixin.py:190} INFO - [2025-06-12T10:37:02.015+0200] {override.py:1900} INFO - Created Permission View: can read on DAG:example_params_ui_tutorial
[2025-06-12T10:37:02.017+0200] {logging_mixin.py:190} INFO - [2025-06-12T10:37:02.017+0200] {override.py:1900} INFO - Created Permission View: can delete on DAG:example_params_ui_tutorial
[2025-06-12T10:37:02.018+0200] {logging_mixin.py:190} INFO - [2025-06-12T10:37:02.018+0200] {override.py:1900} INFO - Created Permission View: can edit on DAG:example_params_ui_tutorial
[2025-06-12T10:37:02.020+0200] {logging_mixin.py:190} INFO - [2025-06-12T10:37:02.020+0200] {override.py:1900} INFO - Created Permission View: can read on DAG Run:example_params_ui_tutorial
[2025-06-12T10:37:02.021+0200] {logging_mixin.py:190} INFO - [2025-06-12T10:37:02.021+0200] {override.py:1900} INFO - Created Permission View: can create on DAG Run:example_params_ui_tutorial
[2025-06-12T10:37:02.023+0200] {logging_mixin.py:190} INFO - [2025-06-12T10:37:02.023+0200] {override.py:1900} INFO - Created Permission View: menu access on DAG Run:example_params_ui_tutorial
[2025-06-12T10:37:02.024+0200] {logging_mixin.py:190} INFO - [2025-06-12T10:37:02.024+0200] {override.py:1900} INFO - Created Permission View: can delete on DAG Run:example_params_ui_tutorial
[2025-06-12T10:37:02.024+0200] {logging_mixin.py:190} INFO - [2025-06-12T10:37:02.024+0200] {dag.py:3239} INFO - Sync 1 DAGs
[2025-06-12T10:37:02.027+0200] {logging_mixin.py:190} INFO - [2025-06-12T10:37:02.027+0200] {dag.py:3262} INFO - Creating ORM DAG for example_params_ui_tutorial
[2025-06-12T10:37:02.027+0200] {logging_mixin.py:190} INFO - [2025-06-12T10:37:02.027+0200] {dag.py:4180} INFO - Setting next_dagrun for example_params_ui_tutorial to None, run_after=None
[2025-06-12T10:37:02.032+0200] {processor.py:208} INFO - Processing /Users/gordanaristova/MyProjects/MyRpaProject/venv/lib/python3.10/site-packages/airflow/example_dags/example_params_ui_tutorial.py took 0.085 seconds
[2025-06-12T10:38:28.288+0200] {processor.py:186} INFO - Started process (PID=8513) to work on /Users/gordanaristova/MyProjects/MyRpaProject/venv/lib/python3.10/site-packages/airflow/example_dags/example_params_ui_tutorial.py
[2025-06-12T10:38:28.289+0200] {processor.py:914} INFO - Processing file /Users/gordanaristova/MyProjects/MyRpaProject/venv/lib/python3.10/site-packages/airflow/example_dags/example_params_ui_tutorial.py for tasks to queue
[2025-06-12T10:38:28.289+0200] {logging_mixin.py:190} INFO - [2025-06-12T10:38:28.289+0200] {dagbag.py:588} INFO - Filling up the DagBag from /Users/gordanaristova/MyProjects/MyRpaProject/venv/lib/python3.10/site-packages/airflow/example_dags/example_params_ui_tutorial.py
[2025-06-12T10:38:28.300+0200] {processor.py:925} INFO - DAG(s) 'example_params_ui_tutorial' retrieved from /Users/gordanaristova/MyProjects/MyRpaProject/venv/lib/python3.10/site-packages/airflow/example_dags/example_params_ui_tutorial.py
[2025-06-12T10:38:28.334+0200] {logging_mixin.py:190} INFO - [2025-06-12T10:38:28.334+0200] {dag.py:3239} INFO - Sync 1 DAGs
[2025-06-12T10:38:28.337+0200] {logging_mixin.py:190} INFO - [2025-06-12T10:38:28.337+0200] {dag.py:4180} INFO - Setting next_dagrun for example_params_ui_tutorial to None, run_after=None
[2025-06-12T10:38:28.342+0200] {processor.py:208} INFO - Processing /Users/gordanaristova/MyProjects/MyRpaProject/venv/lib/python3.10/site-packages/airflow/example_dags/example_params_ui_tutorial.py took 0.055 seconds
[2025-06-12T10:40:11.169+0200] {processor.py:186} INFO - Started process (PID=8597) to work on /Users/gordanaristova/MyProjects/MyRpaProject/venv/lib/python3.10/site-packages/airflow/example_dags/example_params_ui_tutorial.py
[2025-06-12T10:40:11.170+0200] {processor.py:914} INFO - Processing file /Users/gordanaristova/MyProjects/MyRpaProject/venv/lib/python3.10/site-packages/airflow/example_dags/example_params_ui_tutorial.py for tasks to queue
[2025-06-12T10:40:11.171+0200] {logging_mixin.py:190} INFO - [2025-06-12T10:40:11.171+0200] {dagbag.py:588} INFO - Filling up the DagBag from /Users/gordanaristova/MyProjects/MyRpaProject/venv/lib/python3.10/site-packages/airflow/example_dags/example_params_ui_tutorial.py
[2025-06-12T10:40:11.182+0200] {processor.py:925} INFO - DAG(s) 'example_params_ui_tutorial' retrieved from /Users/gordanaristova/MyProjects/MyRpaProject/venv/lib/python3.10/site-packages/airflow/example_dags/example_params_ui_tutorial.py
[2025-06-12T10:40:11.218+0200] {logging_mixin.py:190} INFO - [2025-06-12T10:40:11.218+0200] {dag.py:3239} INFO - Sync 1 DAGs
[2025-06-12T10:40:11.221+0200] {logging_mixin.py:190} INFO - [2025-06-12T10:40:11.221+0200] {dag.py:4180} INFO - Setting next_dagrun for example_params_ui_tutorial to None, run_after=None
[2025-06-12T10:40:11.226+0200] {processor.py:208} INFO - Processing /Users/gordanaristova/MyProjects/MyRpaProject/venv/lib/python3.10/site-packages/airflow/example_dags/example_params_ui_tutorial.py took 0.057 seconds
[2025-06-12T10:41:56.658+0200] {processor.py:186} INFO - Started process (PID=8685) to work on /Users/gordanaristova/MyProjects/MyRpaProject/venv/lib/python3.10/site-packages/airflow/example_dags/example_params_ui_tutorial.py
[2025-06-12T10:41:56.659+0200] {processor.py:914} INFO - Processing file /Users/gordanaristova/MyProjects/MyRpaProject/venv/lib/python3.10/site-packages/airflow/example_dags/example_params_ui_tutorial.py for tasks to queue
[2025-06-12T10:41:56.660+0200] {logging_mixin.py:190} INFO - [2025-06-12T10:41:56.660+0200] {dagbag.py:588} INFO - Filling up the DagBag from /Users/gordanaristova/MyProjects/MyRpaProject/venv/lib/python3.10/site-packages/airflow/example_dags/example_params_ui_tutorial.py
[2025-06-12T10:41:56.671+0200] {processor.py:925} INFO - DAG(s) 'example_params_ui_tutorial' retrieved from /Users/gordanaristova/MyProjects/MyRpaProject/venv/lib/python3.10/site-packages/airflow/example_dags/example_params_ui_tutorial.py
[2025-06-12T10:41:56.706+0200] {logging_mixin.py:190} INFO - [2025-06-12T10:41:56.706+0200] {dag.py:3239} INFO - Sync 1 DAGs
[2025-06-12T10:41:56.709+0200] {logging_mixin.py:190} INFO - [2025-06-12T10:41:56.709+0200] {dag.py:4180} INFO - Setting next_dagrun for example_params_ui_tutorial to None, run_after=None
[2025-06-12T10:41:56.714+0200] {processor.py:208} INFO - Processing /Users/gordanaristova/MyProjects/MyRpaProject/venv/lib/python3.10/site-packages/airflow/example_dags/example_params_ui_tutorial.py took 0.056 seconds
[2025-06-12T10:43:43.800+0200] {processor.py:186} INFO - Started process (PID=8836) to work on /Users/gordanaristova/MyProjects/MyRpaProject/venv/lib/python3.10/site-packages/airflow/example_dags/example_params_ui_tutorial.py
[2025-06-12T10:43:43.800+0200] {processor.py:914} INFO - Processing file /Users/gordanaristova/MyProjects/MyRpaProject/venv/lib/python3.10/site-packages/airflow/example_dags/example_params_ui_tutorial.py for tasks to queue
[2025-06-12T10:43:43.801+0200] {logging_mixin.py:190} INFO - [2025-06-12T10:43:43.801+0200] {dagbag.py:588} INFO - Filling up the DagBag from /Users/gordanaristova/MyProjects/MyRpaProject/venv/lib/python3.10/site-packages/airflow/example_dags/example_params_ui_tutorial.py
[2025-06-12T10:43:43.813+0200] {processor.py:925} INFO - DAG(s) 'example_params_ui_tutorial' retrieved from /Users/gordanaristova/MyProjects/MyRpaProject/venv/lib/python3.10/site-packages/airflow/example_dags/example_params_ui_tutorial.py
[2025-06-12T10:43:43.848+0200] {logging_mixin.py:190} INFO - [2025-06-12T10:43:43.848+0200] {dag.py:3239} INFO - Sync 1 DAGs
[2025-06-12T10:43:43.851+0200] {logging_mixin.py:190} INFO - [2025-06-12T10:43:43.851+0200] {dag.py:4180} INFO - Setting next_dagrun for example_params_ui_tutorial to None, run_after=None
[2025-06-12T10:43:43.856+0200] {processor.py:208} INFO - Processing /Users/gordanaristova/MyProjects/MyRpaProject/venv/lib/python3.10/site-packages/airflow/example_dags/example_params_ui_tutorial.py took 0.057 seconds
[2025-06-12T10:45:29.011+0200] {processor.py:186} INFO - Started process (PID=8920) to work on /Users/gordanaristova/MyProjects/MyRpaProject/venv/lib/python3.10/site-packages/airflow/example_dags/example_params_ui_tutorial.py
[2025-06-12T10:45:29.012+0200] {processor.py:914} INFO - Processing file /Users/gordanaristova/MyProjects/MyRpaProject/venv/lib/python3.10/site-packages/airflow/example_dags/example_params_ui_tutorial.py for tasks to queue
[2025-06-12T10:45:29.012+0200] {logging_mixin.py:190} INFO - [2025-06-12T10:45:29.012+0200] {dagbag.py:588} INFO - Filling up the DagBag from /Users/gordanaristova/MyProjects/MyRpaProject/venv/lib/python3.10/site-packages/airflow/example_dags/example_params_ui_tutorial.py
[2025-06-12T10:45:29.024+0200] {processor.py:925} INFO - DAG(s) 'example_params_ui_tutorial' retrieved from /Users/gordanaristova/MyProjects/MyRpaProject/venv/lib/python3.10/site-packages/airflow/example_dags/example_params_ui_tutorial.py
[2025-06-12T10:45:29.059+0200] {logging_mixin.py:190} INFO - [2025-06-12T10:45:29.059+0200] {dag.py:3239} INFO - Sync 1 DAGs
[2025-06-12T10:45:29.062+0200] {logging_mixin.py:190} INFO - [2025-06-12T10:45:29.062+0200] {dag.py:4180} INFO - Setting next_dagrun for example_params_ui_tutorial to None, run_after=None
[2025-06-12T10:45:29.067+0200] {processor.py:208} INFO - Processing /Users/gordanaristova/MyProjects/MyRpaProject/venv/lib/python3.10/site-packages/airflow/example_dags/example_params_ui_tutorial.py took 0.056 seconds
[2025-06-12T10:47:14.702+0200] {processor.py:186} INFO - Started process (PID=9041) to work on /Users/gordanaristova/MyProjects/MyRpaProject/venv/lib/python3.10/site-packages/airflow/example_dags/example_params_ui_tutorial.py
[2025-06-12T10:47:14.703+0200] {processor.py:914} INFO - Processing file /Users/gordanaristova/MyProjects/MyRpaProject/venv/lib/python3.10/site-packages/airflow/example_dags/example_params_ui_tutorial.py for tasks to queue
[2025-06-12T10:47:14.703+0200] {logging_mixin.py:190} INFO - [2025-06-12T10:47:14.703+0200] {dagbag.py:588} INFO - Filling up the DagBag from /Users/gordanaristova/MyProjects/MyRpaProject/venv/lib/python3.10/site-packages/airflow/example_dags/example_params_ui_tutorial.py
[2025-06-12T10:47:14.714+0200] {processor.py:925} INFO - DAG(s) 'example_params_ui_tutorial' retrieved from /Users/gordanaristova/MyProjects/MyRpaProject/venv/lib/python3.10/site-packages/airflow/example_dags/example_params_ui_tutorial.py
[2025-06-12T10:47:14.750+0200] {logging_mixin.py:190} INFO - [2025-06-12T10:47:14.750+0200] {dag.py:3239} INFO - Sync 1 DAGs
[2025-06-12T10:47:14.753+0200] {logging_mixin.py:190} INFO - [2025-06-12T10:47:14.753+0200] {dag.py:4180} INFO - Setting next_dagrun for example_params_ui_tutorial to None, run_after=None
[2025-06-12T10:47:14.758+0200] {processor.py:208} INFO - Processing /Users/gordanaristova/MyProjects/MyRpaProject/venv/lib/python3.10/site-packages/airflow/example_dags/example_params_ui_tutorial.py took 0.057 seconds
[2025-06-12T10:49:08.322+0200] {processor.py:186} INFO - Started process (PID=9190) to work on /Users/gordanaristova/MyProjects/MyRpaProject/venv/lib/python3.10/site-packages/airflow/example_dags/example_params_ui_tutorial.py
[2025-06-12T10:49:08.323+0200] {processor.py:914} INFO - Processing file /Users/gordanaristova/MyProjects/MyRpaProject/venv/lib/python3.10/site-packages/airflow/example_dags/example_params_ui_tutorial.py for tasks to queue
[2025-06-12T10:49:08.324+0200] {logging_mixin.py:190} INFO - [2025-06-12T10:49:08.323+0200] {dagbag.py:588} INFO - Filling up the DagBag from /Users/gordanaristova/MyProjects/MyRpaProject/venv/lib/python3.10/site-packages/airflow/example_dags/example_params_ui_tutorial.py
[2025-06-12T10:49:08.335+0200] {processor.py:925} INFO - DAG(s) 'example_params_ui_tutorial' retrieved from /Users/gordanaristova/MyProjects/MyRpaProject/venv/lib/python3.10/site-packages/airflow/example_dags/example_params_ui_tutorial.py
[2025-06-12T10:49:08.369+0200] {logging_mixin.py:190} INFO - [2025-06-12T10:49:08.369+0200] {dag.py:3239} INFO - Sync 1 DAGs
[2025-06-12T10:49:08.372+0200] {logging_mixin.py:190} INFO - [2025-06-12T10:49:08.372+0200] {dag.py:4180} INFO - Setting next_dagrun for example_params_ui_tutorial to None, run_after=None
[2025-06-12T10:49:08.377+0200] {processor.py:208} INFO - Processing /Users/gordanaristova/MyProjects/MyRpaProject/venv/lib/python3.10/site-packages/airflow/example_dags/example_params_ui_tutorial.py took 0.055 seconds
[2025-06-12T10:57:14.345+0200] {processor.py:186} INFO - Started process (PID=9449) to work on /Users/gordanaristova/MyProjects/MyRpaProject/venv/lib/python3.10/site-packages/airflow/example_dags/example_params_ui_tutorial.py
[2025-06-12T10:57:14.346+0200] {processor.py:914} INFO - Processing file /Users/gordanaristova/MyProjects/MyRpaProject/venv/lib/python3.10/site-packages/airflow/example_dags/example_params_ui_tutorial.py for tasks to queue
[2025-06-12T10:57:14.347+0200] {logging_mixin.py:190} INFO - [2025-06-12T10:57:14.347+0200] {dagbag.py:588} INFO - Filling up the DagBag from /Users/gordanaristova/MyProjects/MyRpaProject/venv/lib/python3.10/site-packages/airflow/example_dags/example_params_ui_tutorial.py
[2025-06-12T10:57:14.357+0200] {processor.py:925} INFO - DAG(s) 'example_params_ui_tutorial' retrieved from /Users/gordanaristova/MyProjects/MyRpaProject/venv/lib/python3.10/site-packages/airflow/example_dags/example_params_ui_tutorial.py
[2025-06-12T10:57:14.393+0200] {logging_mixin.py:190} INFO - [2025-06-12T10:57:14.393+0200] {dag.py:3239} INFO - Sync 1 DAGs
[2025-06-12T10:57:14.396+0200] {logging_mixin.py:190} INFO - [2025-06-12T10:57:14.396+0200] {dag.py:4180} INFO - Setting next_dagrun for example_params_ui_tutorial to None, run_after=None
[2025-06-12T10:57:14.400+0200] {processor.py:208} INFO - Processing /Users/gordanaristova/MyProjects/MyRpaProject/venv/lib/python3.10/site-packages/airflow/example_dags/example_params_ui_tutorial.py took 0.056 seconds
[2025-06-12T11:11:59.594+0200] {processor.py:186} INFO - Started process (PID=9773) to work on /Users/gordanaristova/MyProjects/MyRpaProject/venv/lib/python3.10/site-packages/airflow/example_dags/example_params_ui_tutorial.py
[2025-06-12T11:11:59.595+0200] {processor.py:914} INFO - Processing file /Users/gordanaristova/MyProjects/MyRpaProject/venv/lib/python3.10/site-packages/airflow/example_dags/example_params_ui_tutorial.py for tasks to queue
[2025-06-12T11:11:59.595+0200] {logging_mixin.py:190} INFO - [2025-06-12T11:11:59.595+0200] {dagbag.py:588} INFO - Filling up the DagBag from /Users/gordanaristova/MyProjects/MyRpaProject/venv/lib/python3.10/site-packages/airflow/example_dags/example_params_ui_tutorial.py
[2025-06-12T11:11:59.606+0200] {processor.py:925} INFO - DAG(s) 'example_params_ui_tutorial' retrieved from /Users/gordanaristova/MyProjects/MyRpaProject/venv/lib/python3.10/site-packages/airflow/example_dags/example_params_ui_tutorial.py
[2025-06-12T11:11:59.641+0200] {logging_mixin.py:190} INFO - [2025-06-12T11:11:59.641+0200] {dag.py:3239} INFO - Sync 1 DAGs
[2025-06-12T11:11:59.644+0200] {logging_mixin.py:190} INFO - [2025-06-12T11:11:59.644+0200] {dag.py:4180} INFO - Setting next_dagrun for example_params_ui_tutorial to None, run_after=None
[2025-06-12T11:11:59.648+0200] {processor.py:208} INFO - Processing /Users/gordanaristova/MyProjects/MyRpaProject/venv/lib/python3.10/site-packages/airflow/example_dags/example_params_ui_tutorial.py took 0.056 seconds
[2025-06-12T11:22:03.769+0200] {processor.py:186} INFO - Started process (PID=10058) to work on /Users/gordanaristova/MyProjects/MyRpaProject/venv/lib/python3.10/site-packages/airflow/example_dags/example_params_ui_tutorial.py
[2025-06-12T11:22:03.769+0200] {processor.py:914} INFO - Processing file /Users/gordanaristova/MyProjects/MyRpaProject/venv/lib/python3.10/site-packages/airflow/example_dags/example_params_ui_tutorial.py for tasks to queue
[2025-06-12T11:22:03.769+0200] {logging_mixin.py:190} INFO - [2025-06-12T11:22:03.769+0200] {dagbag.py:588} INFO - Filling up the DagBag from /Users/gordanaristova/MyProjects/MyRpaProject/venv/lib/python3.10/site-packages/airflow/example_dags/example_params_ui_tutorial.py
[2025-06-12T11:22:03.780+0200] {processor.py:925} INFO - DAG(s) 'example_params_ui_tutorial' retrieved from /Users/gordanaristova/MyProjects/MyRpaProject/venv/lib/python3.10/site-packages/airflow/example_dags/example_params_ui_tutorial.py
[2025-06-12T11:22:03.815+0200] {logging_mixin.py:190} INFO - [2025-06-12T11:22:03.815+0200] {dag.py:3239} INFO - Sync 1 DAGs
[2025-06-12T11:22:03.818+0200] {logging_mixin.py:190} INFO - [2025-06-12T11:22:03.817+0200] {dag.py:4180} INFO - Setting next_dagrun for example_params_ui_tutorial to None, run_after=None
[2025-06-12T11:22:03.822+0200] {processor.py:208} INFO - Processing /Users/gordanaristova/MyProjects/MyRpaProject/venv/lib/python3.10/site-packages/airflow/example_dags/example_params_ui_tutorial.py took 0.054 seconds
[2025-06-12T11:23:31.221+0200] {processor.py:186} INFO - Started process (PID=10150) to work on /Users/gordanaristova/MyProjects/MyRpaProject/venv/lib/python3.10/site-packages/airflow/example_dags/example_params_ui_tutorial.py
[2025-06-12T11:23:31.222+0200] {processor.py:914} INFO - Processing file /Users/gordanaristova/MyProjects/MyRpaProject/venv/lib/python3.10/site-packages/airflow/example_dags/example_params_ui_tutorial.py for tasks to queue
[2025-06-12T11:23:31.222+0200] {logging_mixin.py:190} INFO - [2025-06-12T11:23:31.222+0200] {dagbag.py:588} INFO - Filling up the DagBag from /Users/gordanaristova/MyProjects/MyRpaProject/venv/lib/python3.10/site-packages/airflow/example_dags/example_params_ui_tutorial.py
[2025-06-12T11:23:31.234+0200] {processor.py:925} INFO - DAG(s) 'example_params_ui_tutorial' retrieved from /Users/gordanaristova/MyProjects/MyRpaProject/venv/lib/python3.10/site-packages/airflow/example_dags/example_params_ui_tutorial.py
[2025-06-12T11:23:31.270+0200] {logging_mixin.py:190} INFO - [2025-06-12T11:23:31.270+0200] {dag.py:3239} INFO - Sync 1 DAGs
[2025-06-12T11:23:31.273+0200] {logging_mixin.py:190} INFO - [2025-06-12T11:23:31.273+0200] {dag.py:4180} INFO - Setting next_dagrun for example_params_ui_tutorial to None, run_after=None
[2025-06-12T11:23:31.278+0200] {processor.py:208} INFO - Processing /Users/gordanaristova/MyProjects/MyRpaProject/venv/lib/python3.10/site-packages/airflow/example_dags/example_params_ui_tutorial.py took 0.058 seconds
[2025-06-12T11:41:19.619+0200] {processor.py:186} INFO - Started process (PID=10424) to work on /Users/gordanaristova/MyProjects/MyRpaProject/venv/lib/python3.10/site-packages/airflow/example_dags/example_params_ui_tutorial.py
[2025-06-12T11:41:19.620+0200] {processor.py:914} INFO - Processing file /Users/gordanaristova/MyProjects/MyRpaProject/venv/lib/python3.10/site-packages/airflow/example_dags/example_params_ui_tutorial.py for tasks to queue
[2025-06-12T11:41:19.621+0200] {logging_mixin.py:190} INFO - [2025-06-12T11:41:19.621+0200] {dagbag.py:588} INFO - Filling up the DagBag from /Users/gordanaristova/MyProjects/MyRpaProject/venv/lib/python3.10/site-packages/airflow/example_dags/example_params_ui_tutorial.py
[2025-06-12T11:41:19.631+0200] {processor.py:925} INFO - DAG(s) 'example_params_ui_tutorial' retrieved from /Users/gordanaristova/MyProjects/MyRpaProject/venv/lib/python3.10/site-packages/airflow/example_dags/example_params_ui_tutorial.py
[2025-06-12T11:41:19.666+0200] {logging_mixin.py:190} INFO - [2025-06-12T11:41:19.666+0200] {dag.py:3239} INFO - Sync 1 DAGs
[2025-06-12T11:41:19.669+0200] {logging_mixin.py:190} INFO - [2025-06-12T11:41:19.669+0200] {dag.py:4180} INFO - Setting next_dagrun for example_params_ui_tutorial to None, run_after=None
[2025-06-12T11:41:19.674+0200] {processor.py:208} INFO - Processing /Users/gordanaristova/MyProjects/MyRpaProject/venv/lib/python3.10/site-packages/airflow/example_dags/example_params_ui_tutorial.py took 0.055 seconds
[2025-06-12T11:42:44.439+0200] {processor.py:186} INFO - Started process (PID=10513) to work on /Users/gordanaristova/MyProjects/MyRpaProject/venv/lib/python3.10/site-packages/airflow/example_dags/example_params_ui_tutorial.py
[2025-06-12T11:42:44.440+0200] {processor.py:914} INFO - Processing file /Users/gordanaristova/MyProjects/MyRpaProject/venv/lib/python3.10/site-packages/airflow/example_dags/example_params_ui_tutorial.py for tasks to queue
[2025-06-12T11:42:44.440+0200] {logging_mixin.py:190} INFO - [2025-06-12T11:42:44.440+0200] {dagbag.py:588} INFO - Filling up the DagBag from /Users/gordanaristova/MyProjects/MyRpaProject/venv/lib/python3.10/site-packages/airflow/example_dags/example_params_ui_tutorial.py
[2025-06-12T11:42:44.451+0200] {processor.py:925} INFO - DAG(s) 'example_params_ui_tutorial' retrieved from /Users/gordanaristova/MyProjects/MyRpaProject/venv/lib/python3.10/site-packages/airflow/example_dags/example_params_ui_tutorial.py
[2025-06-12T11:42:44.487+0200] {logging_mixin.py:190} INFO - [2025-06-12T11:42:44.486+0200] {dag.py:3239} INFO - Sync 1 DAGs
[2025-06-12T11:42:44.490+0200] {logging_mixin.py:190} INFO - [2025-06-12T11:42:44.489+0200] {dag.py:4180} INFO - Setting next_dagrun for example_params_ui_tutorial to None, run_after=None
[2025-06-12T11:42:44.494+0200] {processor.py:208} INFO - Processing /Users/gordanaristova/MyProjects/MyRpaProject/venv/lib/python3.10/site-packages/airflow/example_dags/example_params_ui_tutorial.py took 0.056 seconds
[2025-06-12T11:50:10.538+0200] {processor.py:186} INFO - Started process (PID=10648) to work on /Users/gordanaristova/MyProjects/MyRpaProject/venv/lib/python3.10/site-packages/airflow/example_dags/example_params_ui_tutorial.py
[2025-06-12T11:50:10.539+0200] {processor.py:914} INFO - Processing file /Users/gordanaristova/MyProjects/MyRpaProject/venv/lib/python3.10/site-packages/airflow/example_dags/example_params_ui_tutorial.py for tasks to queue
[2025-06-12T11:50:10.539+0200] {logging_mixin.py:190} INFO - [2025-06-12T11:50:10.539+0200] {dagbag.py:588} INFO - Filling up the DagBag from /Users/gordanaristova/MyProjects/MyRpaProject/venv/lib/python3.10/site-packages/airflow/example_dags/example_params_ui_tutorial.py
[2025-06-12T11:50:10.550+0200] {processor.py:925} INFO - DAG(s) 'example_params_ui_tutorial' retrieved from /Users/gordanaristova/MyProjects/MyRpaProject/venv/lib/python3.10/site-packages/airflow/example_dags/example_params_ui_tutorial.py
[2025-06-12T11:50:10.586+0200] {logging_mixin.py:190} INFO - [2025-06-12T11:50:10.586+0200] {dag.py:3239} INFO - Sync 1 DAGs
[2025-06-12T11:50:10.589+0200] {logging_mixin.py:190} INFO - [2025-06-12T11:50:10.589+0200] {dag.py:4180} INFO - Setting next_dagrun for example_params_ui_tutorial to None, run_after=None
[2025-06-12T11:50:10.594+0200] {processor.py:208} INFO - Processing /Users/gordanaristova/MyProjects/MyRpaProject/venv/lib/python3.10/site-packages/airflow/example_dags/example_params_ui_tutorial.py took 0.057 seconds
[2025-06-12T11:51:34.873+0200] {processor.py:186} INFO - Started process (PID=10738) to work on /Users/gordanaristova/MyProjects/MyRpaProject/venv/lib/python3.10/site-packages/airflow/example_dags/example_params_ui_tutorial.py
[2025-06-12T11:51:34.874+0200] {processor.py:914} INFO - Processing file /Users/gordanaristova/MyProjects/MyRpaProject/venv/lib/python3.10/site-packages/airflow/example_dags/example_params_ui_tutorial.py for tasks to queue
[2025-06-12T11:51:34.875+0200] {logging_mixin.py:190} INFO - [2025-06-12T11:51:34.875+0200] {dagbag.py:588} INFO - Filling up the DagBag from /Users/gordanaristova/MyProjects/MyRpaProject/venv/lib/python3.10/site-packages/airflow/example_dags/example_params_ui_tutorial.py
[2025-06-12T11:51:34.886+0200] {processor.py:925} INFO - DAG(s) 'example_params_ui_tutorial' retrieved from /Users/gordanaristova/MyProjects/MyRpaProject/venv/lib/python3.10/site-packages/airflow/example_dags/example_params_ui_tutorial.py
[2025-06-12T11:51:34.920+0200] {logging_mixin.py:190} INFO - [2025-06-12T11:51:34.920+0200] {dag.py:3239} INFO - Sync 1 DAGs
[2025-06-12T11:51:34.923+0200] {logging_mixin.py:190} INFO - [2025-06-12T11:51:34.923+0200] {dag.py:4180} INFO - Setting next_dagrun for example_params_ui_tutorial to None, run_after=None
[2025-06-12T11:51:34.927+0200] {processor.py:208} INFO - Processing /Users/gordanaristova/MyProjects/MyRpaProject/venv/lib/python3.10/site-packages/airflow/example_dags/example_params_ui_tutorial.py took 0.055 seconds
[2025-06-12T11:53:21.781+0200] {processor.py:186} INFO - Started process (PID=10838) to work on /Users/gordanaristova/MyProjects/MyRpaProject/venv/lib/python3.10/site-packages/airflow/example_dags/example_params_ui_tutorial.py
[2025-06-12T11:53:21.782+0200] {processor.py:914} INFO - Processing file /Users/gordanaristova/MyProjects/MyRpaProject/venv/lib/python3.10/site-packages/airflow/example_dags/example_params_ui_tutorial.py for tasks to queue
[2025-06-12T11:53:21.782+0200] {logging_mixin.py:190} INFO - [2025-06-12T11:53:21.782+0200] {dagbag.py:588} INFO - Filling up the DagBag from /Users/gordanaristova/MyProjects/MyRpaProject/venv/lib/python3.10/site-packages/airflow/example_dags/example_params_ui_tutorial.py
[2025-06-12T11:53:21.794+0200] {processor.py:925} INFO - DAG(s) 'example_params_ui_tutorial' retrieved from /Users/gordanaristova/MyProjects/MyRpaProject/venv/lib/python3.10/site-packages/airflow/example_dags/example_params_ui_tutorial.py
[2025-06-12T11:53:21.829+0200] {logging_mixin.py:190} INFO - [2025-06-12T11:53:21.829+0200] {dag.py:3239} INFO - Sync 1 DAGs
[2025-06-12T11:53:21.832+0200] {logging_mixin.py:190} INFO - [2025-06-12T11:53:21.832+0200] {dag.py:4180} INFO - Setting next_dagrun for example_params_ui_tutorial to None, run_after=None
[2025-06-12T11:53:21.837+0200] {processor.py:208} INFO - Processing /Users/gordanaristova/MyProjects/MyRpaProject/venv/lib/python3.10/site-packages/airflow/example_dags/example_params_ui_tutorial.py took 0.057 seconds
[2025-06-12T11:55:09.804+0200] {processor.py:186} INFO - Started process (PID=10938) to work on /Users/gordanaristova/MyProjects/MyRpaProject/venv/lib/python3.10/site-packages/airflow/example_dags/example_params_ui_tutorial.py
[2025-06-12T11:55:09.804+0200] {processor.py:914} INFO - Processing file /Users/gordanaristova/MyProjects/MyRpaProject/venv/lib/python3.10/site-packages/airflow/example_dags/example_params_ui_tutorial.py for tasks to queue
[2025-06-12T11:55:09.805+0200] {logging_mixin.py:190} INFO - [2025-06-12T11:55:09.805+0200] {dagbag.py:588} INFO - Filling up the DagBag from /Users/gordanaristova/MyProjects/MyRpaProject/venv/lib/python3.10/site-packages/airflow/example_dags/example_params_ui_tutorial.py
[2025-06-12T11:55:09.816+0200] {processor.py:925} INFO - DAG(s) 'example_params_ui_tutorial' retrieved from /Users/gordanaristova/MyProjects/MyRpaProject/venv/lib/python3.10/site-packages/airflow/example_dags/example_params_ui_tutorial.py
[2025-06-12T11:55:09.852+0200] {logging_mixin.py:190} INFO - [2025-06-12T11:55:09.852+0200] {dag.py:3239} INFO - Sync 1 DAGs
[2025-06-12T11:55:09.855+0200] {logging_mixin.py:190} INFO - [2025-06-12T11:55:09.855+0200] {dag.py:4180} INFO - Setting next_dagrun for example_params_ui_tutorial to None, run_after=None
[2025-06-12T11:55:09.859+0200] {processor.py:208} INFO - Processing /Users/gordanaristova/MyProjects/MyRpaProject/venv/lib/python3.10/site-packages/airflow/example_dags/example_params_ui_tutorial.py took 0.056 seconds
[2025-06-12T11:56:59.547+0200] {processor.py:186} INFO - Started process (PID=11053) to work on /Users/gordanaristova/MyProjects/MyRpaProject/venv/lib/python3.10/site-packages/airflow/example_dags/example_params_ui_tutorial.py
[2025-06-12T11:56:59.548+0200] {processor.py:914} INFO - Processing file /Users/gordanaristova/MyProjects/MyRpaProject/venv/lib/python3.10/site-packages/airflow/example_dags/example_params_ui_tutorial.py for tasks to queue
[2025-06-12T11:56:59.548+0200] {logging_mixin.py:190} INFO - [2025-06-12T11:56:59.548+0200] {dagbag.py:588} INFO - Filling up the DagBag from /Users/gordanaristova/MyProjects/MyRpaProject/venv/lib/python3.10/site-packages/airflow/example_dags/example_params_ui_tutorial.py
[2025-06-12T11:56:59.560+0200] {processor.py:925} INFO - DAG(s) 'example_params_ui_tutorial' retrieved from /Users/gordanaristova/MyProjects/MyRpaProject/venv/lib/python3.10/site-packages/airflow/example_dags/example_params_ui_tutorial.py
[2025-06-12T11:56:59.597+0200] {logging_mixin.py:190} INFO - [2025-06-12T11:56:59.597+0200] {dag.py:3239} INFO - Sync 1 DAGs
[2025-06-12T11:56:59.600+0200] {logging_mixin.py:190} INFO - [2025-06-12T11:56:59.600+0200] {dag.py:4180} INFO - Setting next_dagrun for example_params_ui_tutorial to None, run_after=None
[2025-06-12T11:56:59.604+0200] {processor.py:208} INFO - Processing /Users/gordanaristova/MyProjects/MyRpaProject/venv/lib/python3.10/site-packages/airflow/example_dags/example_params_ui_tutorial.py took 0.058 seconds
[2025-06-12T13:14:56.282+0200] {processor.py:186} INFO - Started process (PID=13018) to work on /Users/gordanaristova/MyProjects/MyRpaProject/venv/lib/python3.10/site-packages/airflow/example_dags/example_params_ui_tutorial.py
[2025-06-12T13:14:56.283+0200] {processor.py:914} INFO - Processing file /Users/gordanaristova/MyProjects/MyRpaProject/venv/lib/python3.10/site-packages/airflow/example_dags/example_params_ui_tutorial.py for tasks to queue
[2025-06-12T13:14:56.283+0200] {logging_mixin.py:190} INFO - [2025-06-12T13:14:56.283+0200] {dagbag.py:588} INFO - Filling up the DagBag from /Users/gordanaristova/MyProjects/MyRpaProject/venv/lib/python3.10/site-packages/airflow/example_dags/example_params_ui_tutorial.py
[2025-06-12T13:14:56.295+0200] {processor.py:925} INFO - DAG(s) 'example_params_ui_tutorial' retrieved from /Users/gordanaristova/MyProjects/MyRpaProject/venv/lib/python3.10/site-packages/airflow/example_dags/example_params_ui_tutorial.py
[2025-06-12T13:14:56.332+0200] {logging_mixin.py:190} INFO - [2025-06-12T13:14:56.332+0200] {dag.py:3239} INFO - Sync 1 DAGs
[2025-06-12T13:14:56.335+0200] {logging_mixin.py:190} INFO - [2025-06-12T13:14:56.335+0200] {dag.py:4180} INFO - Setting next_dagrun for example_params_ui_tutorial to None, run_after=None
[2025-06-12T13:14:56.340+0200] {processor.py:208} INFO - Processing /Users/gordanaristova/MyProjects/MyRpaProject/venv/lib/python3.10/site-packages/airflow/example_dags/example_params_ui_tutorial.py took 0.058 seconds
[2025-06-12T18:42:37.914+0200] {processor.py:186} INFO - Started process (PID=15672) to work on /Users/gordanaristova/MyProjects/MyRpaProject/venv/lib/python3.10/site-packages/airflow/example_dags/example_params_ui_tutorial.py
[2025-06-12T18:42:37.915+0200] {processor.py:914} INFO - Processing file /Users/gordanaristova/MyProjects/MyRpaProject/venv/lib/python3.10/site-packages/airflow/example_dags/example_params_ui_tutorial.py for tasks to queue
[2025-06-12T18:42:37.916+0200] {logging_mixin.py:190} INFO - [2025-06-12T18:42:37.916+0200] {dagbag.py:588} INFO - Filling up the DagBag from /Users/gordanaristova/MyProjects/MyRpaProject/venv/lib/python3.10/site-packages/airflow/example_dags/example_params_ui_tutorial.py
[2025-06-12T18:42:37.928+0200] {processor.py:925} INFO - DAG(s) 'example_params_ui_tutorial' retrieved from /Users/gordanaristova/MyProjects/MyRpaProject/venv/lib/python3.10/site-packages/airflow/example_dags/example_params_ui_tutorial.py
[2025-06-12T18:42:37.965+0200] {logging_mixin.py:190} INFO - [2025-06-12T18:42:37.964+0200] {dag.py:3239} INFO - Sync 1 DAGs
[2025-06-12T18:42:37.968+0200] {logging_mixin.py:190} INFO - [2025-06-12T18:42:37.968+0200] {dag.py:4180} INFO - Setting next_dagrun for example_params_ui_tutorial to None, run_after=None
[2025-06-12T18:42:37.972+0200] {processor.py:208} INFO - Processing /Users/gordanaristova/MyProjects/MyRpaProject/venv/lib/python3.10/site-packages/airflow/example_dags/example_params_ui_tutorial.py took 0.059 seconds
[2025-06-12T18:55:35.406+0200] {processor.py:186} INFO - Started process (PID=15992) to work on /Users/gordanaristova/MyProjects/MyRpaProject/venv/lib/python3.10/site-packages/airflow/example_dags/example_params_ui_tutorial.py
[2025-06-12T18:55:35.407+0200] {processor.py:914} INFO - Processing file /Users/gordanaristova/MyProjects/MyRpaProject/venv/lib/python3.10/site-packages/airflow/example_dags/example_params_ui_tutorial.py for tasks to queue
[2025-06-12T18:55:35.407+0200] {logging_mixin.py:190} INFO - [2025-06-12T18:55:35.407+0200] {dagbag.py:588} INFO - Filling up the DagBag from /Users/gordanaristova/MyProjects/MyRpaProject/venv/lib/python3.10/site-packages/airflow/example_dags/example_params_ui_tutorial.py
[2025-06-12T18:55:35.420+0200] {processor.py:925} INFO - DAG(s) 'example_params_ui_tutorial' retrieved from /Users/gordanaristova/MyProjects/MyRpaProject/venv/lib/python3.10/site-packages/airflow/example_dags/example_params_ui_tutorial.py
[2025-06-12T18:55:35.456+0200] {logging_mixin.py:190} INFO - [2025-06-12T18:55:35.456+0200] {dag.py:3239} INFO - Sync 1 DAGs
[2025-06-12T18:55:35.460+0200] {logging_mixin.py:190} INFO - [2025-06-12T18:55:35.460+0200] {dag.py:4180} INFO - Setting next_dagrun for example_params_ui_tutorial to None, run_after=None
[2025-06-12T18:55:35.465+0200] {processor.py:208} INFO - Processing /Users/gordanaristova/MyProjects/MyRpaProject/venv/lib/python3.10/site-packages/airflow/example_dags/example_params_ui_tutorial.py took 0.059 seconds
[2025-06-12T19:00:42.510+0200] {processor.py:186} INFO - Started process (PID=16138) to work on /Users/gordanaristova/MyProjects/MyRpaProject/venv/lib/python3.10/site-packages/airflow/example_dags/example_params_ui_tutorial.py
[2025-06-12T19:00:42.511+0200] {processor.py:914} INFO - Processing file /Users/gordanaristova/MyProjects/MyRpaProject/venv/lib/python3.10/site-packages/airflow/example_dags/example_params_ui_tutorial.py for tasks to queue
[2025-06-12T19:00:42.512+0200] {logging_mixin.py:190} INFO - [2025-06-12T19:00:42.511+0200] {dagbag.py:588} INFO - Filling up the DagBag from /Users/gordanaristova/MyProjects/MyRpaProject/venv/lib/python3.10/site-packages/airflow/example_dags/example_params_ui_tutorial.py
[2025-06-12T19:00:42.523+0200] {processor.py:925} INFO - DAG(s) 'example_params_ui_tutorial' retrieved from /Users/gordanaristova/MyProjects/MyRpaProject/venv/lib/python3.10/site-packages/airflow/example_dags/example_params_ui_tutorial.py
[2025-06-12T19:00:42.560+0200] {logging_mixin.py:190} INFO - [2025-06-12T19:00:42.560+0200] {dag.py:3239} INFO - Sync 1 DAGs
[2025-06-12T19:00:42.563+0200] {logging_mixin.py:190} INFO - [2025-06-12T19:00:42.563+0200] {dag.py:4180} INFO - Setting next_dagrun for example_params_ui_tutorial to None, run_after=None
[2025-06-12T19:00:42.568+0200] {processor.py:208} INFO - Processing /Users/gordanaristova/MyProjects/MyRpaProject/venv/lib/python3.10/site-packages/airflow/example_dags/example_params_ui_tutorial.py took 0.058 seconds
[2025-06-12T19:11:18.818+0200] {processor.py:186} INFO - Started process (PID=16465) to work on /Users/gordanaristova/MyProjects/MyRpaProject/venv/lib/python3.10/site-packages/airflow/example_dags/example_params_ui_tutorial.py
[2025-06-12T19:11:18.819+0200] {processor.py:914} INFO - Processing file /Users/gordanaristova/MyProjects/MyRpaProject/venv/lib/python3.10/site-packages/airflow/example_dags/example_params_ui_tutorial.py for tasks to queue
[2025-06-12T19:11:18.819+0200] {logging_mixin.py:190} INFO - [2025-06-12T19:11:18.819+0200] {dagbag.py:588} INFO - Filling up the DagBag from /Users/gordanaristova/MyProjects/MyRpaProject/venv/lib/python3.10/site-packages/airflow/example_dags/example_params_ui_tutorial.py
[2025-06-12T19:11:18.831+0200] {processor.py:925} INFO - DAG(s) 'example_params_ui_tutorial' retrieved from /Users/gordanaristova/MyProjects/MyRpaProject/venv/lib/python3.10/site-packages/airflow/example_dags/example_params_ui_tutorial.py
[2025-06-12T19:11:18.868+0200] {logging_mixin.py:190} INFO - [2025-06-12T19:11:18.868+0200] {dag.py:3239} INFO - Sync 1 DAGs
[2025-06-12T19:11:18.871+0200] {logging_mixin.py:190} INFO - [2025-06-12T19:11:18.871+0200] {dag.py:4180} INFO - Setting next_dagrun for example_params_ui_tutorial to None, run_after=None
[2025-06-12T19:11:18.876+0200] {processor.py:208} INFO - Processing /Users/gordanaristova/MyProjects/MyRpaProject/venv/lib/python3.10/site-packages/airflow/example_dags/example_params_ui_tutorial.py took 0.059 seconds
