[2025-06-12T10:36:52.533+0200] {processor.py:186} INFO - Started process (PID=8428) to work on /Users/gordanaristova/MyProjects/MyRpaProject/venv/lib/python3.10/site-packages/airflow/example_dags/example_setup_teardown.py
[2025-06-12T10:36:52.534+0200] {processor.py:914} INFO - Processing file /Users/gordanaristova/MyProjects/MyRpaProject/venv/lib/python3.10/site-packages/airflow/example_dags/example_setup_teardown.py for tasks to queue
[2025-06-12T10:36:52.534+0200] {logging_mixin.py:190} INFO - [2025-06-12T10:36:52.534+0200] {dagbag.py:588} INFO - Filling up the DagBag from /Users/gordanaristova/MyProjects/MyRpaProject/venv/lib/python3.10/site-packages/airflow/example_dags/example_setup_teardown.py
[2025-06-12T10:36:52.537+0200] {processor.py:925} INFO - DAG(s) 'example_setup_teardown' retrieved from /Users/gordanaristova/MyProjects/MyRpaProject/venv/lib/python3.10/site-packages/airflow/example_dags/example_setup_teardown.py
[2025-06-12T10:36:52.584+0200] {logging_mixin.py:190} INFO - [2025-06-12T10:36:52.584+0200] {override.py:1900} INFO - Created Permission View: can read on DAG:example_setup_teardown
[2025-06-12T10:36:52.586+0200] {logging_mixin.py:190} INFO - [2025-06-12T10:36:52.586+0200] {override.py:1900} INFO - Created Permission View: can delete on DAG:example_setup_teardown
[2025-06-12T10:36:52.588+0200] {logging_mixin.py:190} INFO - [2025-06-12T10:36:52.588+0200] {override.py:1900} INFO - Created Permission View: can edit on DAG:example_setup_teardown
[2025-06-12T10:36:52.590+0200] {logging_mixin.py:190} INFO - [2025-06-12T10:36:52.590+0200] {override.py:1900} INFO - Created Permission View: menu access on DAG Run:example_setup_teardown
[2025-06-12T10:36:52.591+0200] {logging_mixin.py:190} INFO - [2025-06-12T10:36:52.591+0200] {override.py:1900} INFO - Created Permission View: can read on DAG Run:example_setup_teardown
[2025-06-12T10:36:52.593+0200] {logging_mixin.py:190} INFO - [2025-06-12T10:36:52.593+0200] {override.py:1900} INFO - Created Permission View: can create on DAG Run:example_setup_teardown
[2025-06-12T10:36:52.594+0200] {logging_mixin.py:190} INFO - [2025-06-12T10:36:52.594+0200] {override.py:1900} INFO - Created Permission View: can delete on DAG Run:example_setup_teardown
[2025-06-12T10:36:52.594+0200] {logging_mixin.py:190} INFO - [2025-06-12T10:36:52.594+0200] {dag.py:3239} INFO - Sync 1 DAGs
[2025-06-12T10:36:52.597+0200] {logging_mixin.py:190} INFO - [2025-06-12T10:36:52.597+0200] {dag.py:3262} INFO - Creating ORM DAG for example_setup_teardown
[2025-06-12T10:36:52.597+0200] {logging_mixin.py:190} INFO - [2025-06-12T10:36:52.597+0200] {dag.py:4180} INFO - Setting next_dagrun for example_setup_teardown to None, run_after=None
[2025-06-12T10:36:52.601+0200] {processor.py:208} INFO - Processing /Users/gordanaristova/MyProjects/MyRpaProject/venv/lib/python3.10/site-packages/airflow/example_dags/example_setup_teardown.py took 0.068 seconds
[2025-06-12T10:38:18.808+0200] {processor.py:186} INFO - Started process (PID=8507) to work on /Users/gordanaristova/MyProjects/MyRpaProject/venv/lib/python3.10/site-packages/airflow/example_dags/example_setup_teardown.py
[2025-06-12T10:38:18.809+0200] {processor.py:914} INFO - Processing file /Users/gordanaristova/MyProjects/MyRpaProject/venv/lib/python3.10/site-packages/airflow/example_dags/example_setup_teardown.py for tasks to queue
[2025-06-12T10:38:18.810+0200] {logging_mixin.py:190} INFO - [2025-06-12T10:38:18.810+0200] {dagbag.py:588} INFO - Filling up the DagBag from /Users/gordanaristova/MyProjects/MyRpaProject/venv/lib/python3.10/site-packages/airflow/example_dags/example_setup_teardown.py
[2025-06-12T10:38:18.812+0200] {processor.py:925} INFO - DAG(s) 'example_setup_teardown' retrieved from /Users/gordanaristova/MyProjects/MyRpaProject/venv/lib/python3.10/site-packages/airflow/example_dags/example_setup_teardown.py
[2025-06-12T10:38:18.841+0200] {logging_mixin.py:190} INFO - [2025-06-12T10:38:18.841+0200] {dag.py:3239} INFO - Sync 1 DAGs
[2025-06-12T10:38:18.844+0200] {logging_mixin.py:190} INFO - [2025-06-12T10:38:18.844+0200] {dag.py:4180} INFO - Setting next_dagrun for example_setup_teardown to None, run_after=None
[2025-06-12T10:38:18.849+0200] {processor.py:208} INFO - Processing /Users/gordanaristova/MyProjects/MyRpaProject/venv/lib/python3.10/site-packages/airflow/example_dags/example_setup_teardown.py took 0.042 seconds
[2025-06-12T10:40:03.031+0200] {processor.py:186} INFO - Started process (PID=8588) to work on /Users/gordanaristova/MyProjects/MyRpaProject/venv/lib/python3.10/site-packages/airflow/example_dags/example_setup_teardown.py
[2025-06-12T10:40:03.031+0200] {processor.py:914} INFO - Processing file /Users/gordanaristova/MyProjects/MyRpaProject/venv/lib/python3.10/site-packages/airflow/example_dags/example_setup_teardown.py for tasks to queue
[2025-06-12T10:40:03.032+0200] {logging_mixin.py:190} INFO - [2025-06-12T10:40:03.032+0200] {dagbag.py:588} INFO - Filling up the DagBag from /Users/gordanaristova/MyProjects/MyRpaProject/venv/lib/python3.10/site-packages/airflow/example_dags/example_setup_teardown.py
[2025-06-12T10:40:03.034+0200] {processor.py:925} INFO - DAG(s) 'example_setup_teardown' retrieved from /Users/gordanaristova/MyProjects/MyRpaProject/venv/lib/python3.10/site-packages/airflow/example_dags/example_setup_teardown.py
[2025-06-12T10:40:03.063+0200] {logging_mixin.py:190} INFO - [2025-06-12T10:40:03.063+0200] {dag.py:3239} INFO - Sync 1 DAGs
[2025-06-12T10:40:03.066+0200] {logging_mixin.py:190} INFO - [2025-06-12T10:40:03.066+0200] {dag.py:4180} INFO - Setting next_dagrun for example_setup_teardown to None, run_after=None
[2025-06-12T10:40:03.071+0200] {processor.py:208} INFO - Processing /Users/gordanaristova/MyProjects/MyRpaProject/venv/lib/python3.10/site-packages/airflow/example_dags/example_setup_teardown.py took 0.041 seconds
[2025-06-12T10:41:47.725+0200] {processor.py:186} INFO - Started process (PID=8679) to work on /Users/gordanaristova/MyProjects/MyRpaProject/venv/lib/python3.10/site-packages/airflow/example_dags/example_setup_teardown.py
[2025-06-12T10:41:47.726+0200] {processor.py:914} INFO - Processing file /Users/gordanaristova/MyProjects/MyRpaProject/venv/lib/python3.10/site-packages/airflow/example_dags/example_setup_teardown.py for tasks to queue
[2025-06-12T10:41:47.726+0200] {logging_mixin.py:190} INFO - [2025-06-12T10:41:47.726+0200] {dagbag.py:588} INFO - Filling up the DagBag from /Users/gordanaristova/MyProjects/MyRpaProject/venv/lib/python3.10/site-packages/airflow/example_dags/example_setup_teardown.py
[2025-06-12T10:41:47.729+0200] {processor.py:925} INFO - DAG(s) 'example_setup_teardown' retrieved from /Users/gordanaristova/MyProjects/MyRpaProject/venv/lib/python3.10/site-packages/airflow/example_dags/example_setup_teardown.py
[2025-06-12T10:41:47.758+0200] {logging_mixin.py:190} INFO - [2025-06-12T10:41:47.758+0200] {dag.py:3239} INFO - Sync 1 DAGs
[2025-06-12T10:41:47.761+0200] {logging_mixin.py:190} INFO - [2025-06-12T10:41:47.761+0200] {dag.py:4180} INFO - Setting next_dagrun for example_setup_teardown to None, run_after=None
[2025-06-12T10:41:47.766+0200] {processor.py:208} INFO - Processing /Users/gordanaristova/MyProjects/MyRpaProject/venv/lib/python3.10/site-packages/airflow/example_dags/example_setup_teardown.py took 0.042 seconds
[2025-06-12T10:43:33.882+0200] {processor.py:186} INFO - Started process (PID=8781) to work on /Users/gordanaristova/MyProjects/MyRpaProject/venv/lib/python3.10/site-packages/airflow/example_dags/example_setup_teardown.py
[2025-06-12T10:43:33.883+0200] {processor.py:914} INFO - Processing file /Users/gordanaristova/MyProjects/MyRpaProject/venv/lib/python3.10/site-packages/airflow/example_dags/example_setup_teardown.py for tasks to queue
[2025-06-12T10:43:33.884+0200] {logging_mixin.py:190} INFO - [2025-06-12T10:43:33.884+0200] {dagbag.py:588} INFO - Filling up the DagBag from /Users/gordanaristova/MyProjects/MyRpaProject/venv/lib/python3.10/site-packages/airflow/example_dags/example_setup_teardown.py
[2025-06-12T10:43:33.887+0200] {processor.py:925} INFO - DAG(s) 'example_setup_teardown' retrieved from /Users/gordanaristova/MyProjects/MyRpaProject/venv/lib/python3.10/site-packages/airflow/example_dags/example_setup_teardown.py
[2025-06-12T10:43:33.929+0200] {logging_mixin.py:190} INFO - [2025-06-12T10:43:33.929+0200] {dag.py:3239} INFO - Sync 1 DAGs
[2025-06-12T10:43:33.933+0200] {logging_mixin.py:190} INFO - [2025-06-12T10:43:33.933+0200] {dag.py:4180} INFO - Setting next_dagrun for example_setup_teardown to None, run_after=None
[2025-06-12T10:43:33.939+0200] {processor.py:208} INFO - Processing /Users/gordanaristova/MyProjects/MyRpaProject/venv/lib/python3.10/site-packages/airflow/example_dags/example_setup_teardown.py took 0.058 seconds
[2025-06-12T10:45:20.117+0200] {processor.py:186} INFO - Started process (PID=8914) to work on /Users/gordanaristova/MyProjects/MyRpaProject/venv/lib/python3.10/site-packages/airflow/example_dags/example_setup_teardown.py
[2025-06-12T10:45:20.117+0200] {processor.py:914} INFO - Processing file /Users/gordanaristova/MyProjects/MyRpaProject/venv/lib/python3.10/site-packages/airflow/example_dags/example_setup_teardown.py for tasks to queue
[2025-06-12T10:45:20.118+0200] {logging_mixin.py:190} INFO - [2025-06-12T10:45:20.117+0200] {dagbag.py:588} INFO - Filling up the DagBag from /Users/gordanaristova/MyProjects/MyRpaProject/venv/lib/python3.10/site-packages/airflow/example_dags/example_setup_teardown.py
[2025-06-12T10:45:20.120+0200] {processor.py:925} INFO - DAG(s) 'example_setup_teardown' retrieved from /Users/gordanaristova/MyProjects/MyRpaProject/venv/lib/python3.10/site-packages/airflow/example_dags/example_setup_teardown.py
[2025-06-12T10:45:20.149+0200] {logging_mixin.py:190} INFO - [2025-06-12T10:45:20.149+0200] {dag.py:3239} INFO - Sync 1 DAGs
[2025-06-12T10:45:20.152+0200] {logging_mixin.py:190} INFO - [2025-06-12T10:45:20.152+0200] {dag.py:4180} INFO - Setting next_dagrun for example_setup_teardown to None, run_after=None
[2025-06-12T10:45:20.157+0200] {processor.py:208} INFO - Processing /Users/gordanaristova/MyProjects/MyRpaProject/venv/lib/python3.10/site-packages/airflow/example_dags/example_setup_teardown.py took 0.041 seconds
[2025-06-12T10:47:05.366+0200] {processor.py:186} INFO - Started process (PID=9034) to work on /Users/gordanaristova/MyProjects/MyRpaProject/venv/lib/python3.10/site-packages/airflow/example_dags/example_setup_teardown.py
[2025-06-12T10:47:05.367+0200] {processor.py:914} INFO - Processing file /Users/gordanaristova/MyProjects/MyRpaProject/venv/lib/python3.10/site-packages/airflow/example_dags/example_setup_teardown.py for tasks to queue
[2025-06-12T10:47:05.368+0200] {logging_mixin.py:190} INFO - [2025-06-12T10:47:05.368+0200] {dagbag.py:588} INFO - Filling up the DagBag from /Users/gordanaristova/MyProjects/MyRpaProject/venv/lib/python3.10/site-packages/airflow/example_dags/example_setup_teardown.py
[2025-06-12T10:47:05.370+0200] {processor.py:925} INFO - DAG(s) 'example_setup_teardown' retrieved from /Users/gordanaristova/MyProjects/MyRpaProject/venv/lib/python3.10/site-packages/airflow/example_dags/example_setup_teardown.py
[2025-06-12T10:47:05.400+0200] {logging_mixin.py:190} INFO - [2025-06-12T10:47:05.400+0200] {dag.py:3239} INFO - Sync 1 DAGs
[2025-06-12T10:47:05.403+0200] {logging_mixin.py:190} INFO - [2025-06-12T10:47:05.403+0200] {dag.py:4180} INFO - Setting next_dagrun for example_setup_teardown to None, run_after=None
[2025-06-12T10:47:05.409+0200] {processor.py:208} INFO - Processing /Users/gordanaristova/MyProjects/MyRpaProject/venv/lib/python3.10/site-packages/airflow/example_dags/example_setup_teardown.py took 0.043 seconds
[2025-06-12T10:48:59.083+0200] {processor.py:186} INFO - Started process (PID=9180) to work on /Users/gordanaristova/MyProjects/MyRpaProject/venv/lib/python3.10/site-packages/airflow/example_dags/example_setup_teardown.py
[2025-06-12T10:48:59.083+0200] {processor.py:914} INFO - Processing file /Users/gordanaristova/MyProjects/MyRpaProject/venv/lib/python3.10/site-packages/airflow/example_dags/example_setup_teardown.py for tasks to queue
[2025-06-12T10:48:59.084+0200] {logging_mixin.py:190} INFO - [2025-06-12T10:48:59.084+0200] {dagbag.py:588} INFO - Filling up the DagBag from /Users/gordanaristova/MyProjects/MyRpaProject/venv/lib/python3.10/site-packages/airflow/example_dags/example_setup_teardown.py
[2025-06-12T10:48:59.086+0200] {processor.py:925} INFO - DAG(s) 'example_setup_teardown' retrieved from /Users/gordanaristova/MyProjects/MyRpaProject/venv/lib/python3.10/site-packages/airflow/example_dags/example_setup_teardown.py
[2025-06-12T10:48:59.114+0200] {logging_mixin.py:190} INFO - [2025-06-12T10:48:59.114+0200] {dag.py:3239} INFO - Sync 1 DAGs
[2025-06-12T10:48:59.117+0200] {logging_mixin.py:190} INFO - [2025-06-12T10:48:59.117+0200] {dag.py:4180} INFO - Setting next_dagrun for example_setup_teardown to None, run_after=None
[2025-06-12T10:48:59.121+0200] {processor.py:208} INFO - Processing /Users/gordanaristova/MyProjects/MyRpaProject/venv/lib/python3.10/site-packages/airflow/example_dags/example_setup_teardown.py took 0.039 seconds
[2025-06-12T10:57:05.110+0200] {processor.py:186} INFO - Started process (PID=9437) to work on /Users/gordanaristova/MyProjects/MyRpaProject/venv/lib/python3.10/site-packages/airflow/example_dags/example_setup_teardown.py
[2025-06-12T10:57:05.111+0200] {processor.py:914} INFO - Processing file /Users/gordanaristova/MyProjects/MyRpaProject/venv/lib/python3.10/site-packages/airflow/example_dags/example_setup_teardown.py for tasks to queue
[2025-06-12T10:57:05.112+0200] {logging_mixin.py:190} INFO - [2025-06-12T10:57:05.111+0200] {dagbag.py:588} INFO - Filling up the DagBag from /Users/gordanaristova/MyProjects/MyRpaProject/venv/lib/python3.10/site-packages/airflow/example_dags/example_setup_teardown.py
[2025-06-12T10:57:05.114+0200] {processor.py:925} INFO - DAG(s) 'example_setup_teardown' retrieved from /Users/gordanaristova/MyProjects/MyRpaProject/venv/lib/python3.10/site-packages/airflow/example_dags/example_setup_teardown.py
[2025-06-12T10:57:05.141+0200] {logging_mixin.py:190} INFO - [2025-06-12T10:57:05.141+0200] {dag.py:3239} INFO - Sync 1 DAGs
[2025-06-12T10:57:05.144+0200] {logging_mixin.py:190} INFO - [2025-06-12T10:57:05.144+0200] {dag.py:4180} INFO - Setting next_dagrun for example_setup_teardown to None, run_after=None
[2025-06-12T10:57:05.149+0200] {processor.py:208} INFO - Processing /Users/gordanaristova/MyProjects/MyRpaProject/venv/lib/python3.10/site-packages/airflow/example_dags/example_setup_teardown.py took 0.040 seconds
[2025-06-12T10:58:31.289+0200] {processor.py:186} INFO - Started process (PID=9538) to work on /Users/gordanaristova/MyProjects/MyRpaProject/venv/lib/python3.10/site-packages/airflow/example_dags/example_setup_teardown.py
[2025-06-12T10:58:31.290+0200] {processor.py:914} INFO - Processing file /Users/gordanaristova/MyProjects/MyRpaProject/venv/lib/python3.10/site-packages/airflow/example_dags/example_setup_teardown.py for tasks to queue
[2025-06-12T10:58:31.290+0200] {logging_mixin.py:190} INFO - [2025-06-12T10:58:31.290+0200] {dagbag.py:588} INFO - Filling up the DagBag from /Users/gordanaristova/MyProjects/MyRpaProject/venv/lib/python3.10/site-packages/airflow/example_dags/example_setup_teardown.py
[2025-06-12T10:58:31.292+0200] {processor.py:925} INFO - DAG(s) 'example_setup_teardown' retrieved from /Users/gordanaristova/MyProjects/MyRpaProject/venv/lib/python3.10/site-packages/airflow/example_dags/example_setup_teardown.py
[2025-06-12T10:58:31.320+0200] {logging_mixin.py:190} INFO - [2025-06-12T10:58:31.320+0200] {dag.py:3239} INFO - Sync 1 DAGs
[2025-06-12T10:58:31.323+0200] {logging_mixin.py:190} INFO - [2025-06-12T10:58:31.323+0200] {dag.py:4180} INFO - Setting next_dagrun for example_setup_teardown to None, run_after=None
[2025-06-12T10:58:31.328+0200] {processor.py:208} INFO - Processing /Users/gordanaristova/MyProjects/MyRpaProject/venv/lib/python3.10/site-packages/airflow/example_dags/example_setup_teardown.py took 0.040 seconds
[2025-06-12T11:11:49.547+0200] {processor.py:186} INFO - Started process (PID=9757) to work on /Users/gordanaristova/MyProjects/MyRpaProject/venv/lib/python3.10/site-packages/airflow/example_dags/example_setup_teardown.py
[2025-06-12T11:11:49.548+0200] {processor.py:914} INFO - Processing file /Users/gordanaristova/MyProjects/MyRpaProject/venv/lib/python3.10/site-packages/airflow/example_dags/example_setup_teardown.py for tasks to queue
[2025-06-12T11:11:49.549+0200] {logging_mixin.py:190} INFO - [2025-06-12T11:11:49.548+0200] {dagbag.py:588} INFO - Filling up the DagBag from /Users/gordanaristova/MyProjects/MyRpaProject/venv/lib/python3.10/site-packages/airflow/example_dags/example_setup_teardown.py
[2025-06-12T11:11:49.551+0200] {processor.py:925} INFO - DAG(s) 'example_setup_teardown' retrieved from /Users/gordanaristova/MyProjects/MyRpaProject/venv/lib/python3.10/site-packages/airflow/example_dags/example_setup_teardown.py
[2025-06-12T11:11:49.579+0200] {logging_mixin.py:190} INFO - [2025-06-12T11:11:49.579+0200] {dag.py:3239} INFO - Sync 1 DAGs
[2025-06-12T11:11:49.582+0200] {logging_mixin.py:190} INFO - [2025-06-12T11:11:49.582+0200] {dag.py:4180} INFO - Setting next_dagrun for example_setup_teardown to None, run_after=None
[2025-06-12T11:11:49.588+0200] {processor.py:208} INFO - Processing /Users/gordanaristova/MyProjects/MyRpaProject/venv/lib/python3.10/site-packages/airflow/example_dags/example_setup_teardown.py took 0.042 seconds
[2025-06-12T11:13:17.139+0200] {processor.py:186} INFO - Started process (PID=9853) to work on /Users/gordanaristova/MyProjects/MyRpaProject/venv/lib/python3.10/site-packages/airflow/example_dags/example_setup_teardown.py
[2025-06-12T11:13:17.140+0200] {processor.py:914} INFO - Processing file /Users/gordanaristova/MyProjects/MyRpaProject/venv/lib/python3.10/site-packages/airflow/example_dags/example_setup_teardown.py for tasks to queue
[2025-06-12T11:13:17.141+0200] {logging_mixin.py:190} INFO - [2025-06-12T11:13:17.141+0200] {dagbag.py:588} INFO - Filling up the DagBag from /Users/gordanaristova/MyProjects/MyRpaProject/venv/lib/python3.10/site-packages/airflow/example_dags/example_setup_teardown.py
[2025-06-12T11:13:17.143+0200] {processor.py:925} INFO - DAG(s) 'example_setup_teardown' retrieved from /Users/gordanaristova/MyProjects/MyRpaProject/venv/lib/python3.10/site-packages/airflow/example_dags/example_setup_teardown.py
[2025-06-12T11:13:17.173+0200] {logging_mixin.py:190} INFO - [2025-06-12T11:13:17.173+0200] {dag.py:3239} INFO - Sync 1 DAGs
[2025-06-12T11:13:17.176+0200] {logging_mixin.py:190} INFO - [2025-06-12T11:13:17.176+0200] {dag.py:4180} INFO - Setting next_dagrun for example_setup_teardown to None, run_after=None
[2025-06-12T11:13:17.181+0200] {processor.py:208} INFO - Processing /Users/gordanaristova/MyProjects/MyRpaProject/venv/lib/python3.10/site-packages/airflow/example_dags/example_setup_teardown.py took 0.043 seconds
[2025-06-12T11:21:55.218+0200] {processor.py:186} INFO - Started process (PID=10048) to work on /Users/gordanaristova/MyProjects/MyRpaProject/venv/lib/python3.10/site-packages/airflow/example_dags/example_setup_teardown.py
[2025-06-12T11:21:55.219+0200] {processor.py:914} INFO - Processing file /Users/gordanaristova/MyProjects/MyRpaProject/venv/lib/python3.10/site-packages/airflow/example_dags/example_setup_teardown.py for tasks to queue
[2025-06-12T11:21:55.220+0200] {logging_mixin.py:190} INFO - [2025-06-12T11:21:55.220+0200] {dagbag.py:588} INFO - Filling up the DagBag from /Users/gordanaristova/MyProjects/MyRpaProject/venv/lib/python3.10/site-packages/airflow/example_dags/example_setup_teardown.py
[2025-06-12T11:21:55.222+0200] {processor.py:925} INFO - DAG(s) 'example_setup_teardown' retrieved from /Users/gordanaristova/MyProjects/MyRpaProject/venv/lib/python3.10/site-packages/airflow/example_dags/example_setup_teardown.py
[2025-06-12T11:21:55.251+0200] {logging_mixin.py:190} INFO - [2025-06-12T11:21:55.251+0200] {dag.py:3239} INFO - Sync 1 DAGs
[2025-06-12T11:21:55.254+0200] {logging_mixin.py:190} INFO - [2025-06-12T11:21:55.254+0200] {dag.py:4180} INFO - Setting next_dagrun for example_setup_teardown to None, run_after=None
[2025-06-12T11:21:55.259+0200] {processor.py:208} INFO - Processing /Users/gordanaristova/MyProjects/MyRpaProject/venv/lib/python3.10/site-packages/airflow/example_dags/example_setup_teardown.py took 0.041 seconds
[2025-06-12T11:23:21.007+0200] {processor.py:186} INFO - Started process (PID=10137) to work on /Users/gordanaristova/MyProjects/MyRpaProject/venv/lib/python3.10/site-packages/airflow/example_dags/example_setup_teardown.py
[2025-06-12T11:23:21.007+0200] {processor.py:914} INFO - Processing file /Users/gordanaristova/MyProjects/MyRpaProject/venv/lib/python3.10/site-packages/airflow/example_dags/example_setup_teardown.py for tasks to queue
[2025-06-12T11:23:21.008+0200] {logging_mixin.py:190} INFO - [2025-06-12T11:23:21.008+0200] {dagbag.py:588} INFO - Filling up the DagBag from /Users/gordanaristova/MyProjects/MyRpaProject/venv/lib/python3.10/site-packages/airflow/example_dags/example_setup_teardown.py
[2025-06-12T11:23:21.011+0200] {processor.py:925} INFO - DAG(s) 'example_setup_teardown' retrieved from /Users/gordanaristova/MyProjects/MyRpaProject/venv/lib/python3.10/site-packages/airflow/example_dags/example_setup_teardown.py
[2025-06-12T11:23:21.041+0200] {logging_mixin.py:190} INFO - [2025-06-12T11:23:21.041+0200] {dag.py:3239} INFO - Sync 1 DAGs
[2025-06-12T11:23:21.044+0200] {logging_mixin.py:190} INFO - [2025-06-12T11:23:21.044+0200] {dag.py:4180} INFO - Setting next_dagrun for example_setup_teardown to None, run_after=None
[2025-06-12T11:23:21.049+0200] {processor.py:208} INFO - Processing /Users/gordanaristova/MyProjects/MyRpaProject/venv/lib/python3.10/site-packages/airflow/example_dags/example_setup_teardown.py took 0.043 seconds
[2025-06-12T11:41:11.100+0200] {processor.py:186} INFO - Started process (PID=10414) to work on /Users/gordanaristova/MyProjects/MyRpaProject/venv/lib/python3.10/site-packages/airflow/example_dags/example_setup_teardown.py
[2025-06-12T11:41:11.102+0200] {processor.py:914} INFO - Processing file /Users/gordanaristova/MyProjects/MyRpaProject/venv/lib/python3.10/site-packages/airflow/example_dags/example_setup_teardown.py for tasks to queue
[2025-06-12T11:41:11.102+0200] {logging_mixin.py:190} INFO - [2025-06-12T11:41:11.102+0200] {dagbag.py:588} INFO - Filling up the DagBag from /Users/gordanaristova/MyProjects/MyRpaProject/venv/lib/python3.10/site-packages/airflow/example_dags/example_setup_teardown.py
[2025-06-12T11:41:11.104+0200] {processor.py:925} INFO - DAG(s) 'example_setup_teardown' retrieved from /Users/gordanaristova/MyProjects/MyRpaProject/venv/lib/python3.10/site-packages/airflow/example_dags/example_setup_teardown.py
[2025-06-12T11:41:11.132+0200] {logging_mixin.py:190} INFO - [2025-06-12T11:41:11.132+0200] {dag.py:3239} INFO - Sync 1 DAGs
[2025-06-12T11:41:11.134+0200] {logging_mixin.py:190} INFO - [2025-06-12T11:41:11.134+0200] {dag.py:4180} INFO - Setting next_dagrun for example_setup_teardown to None, run_after=None
[2025-06-12T11:41:11.139+0200] {processor.py:208} INFO - Processing /Users/gordanaristova/MyProjects/MyRpaProject/venv/lib/python3.10/site-packages/airflow/example_dags/example_setup_teardown.py took 0.040 seconds
[2025-06-12T11:42:35.231+0200] {processor.py:186} INFO - Started process (PID=10503) to work on /Users/gordanaristova/MyProjects/MyRpaProject/venv/lib/python3.10/site-packages/airflow/example_dags/example_setup_teardown.py
[2025-06-12T11:42:35.232+0200] {processor.py:914} INFO - Processing file /Users/gordanaristova/MyProjects/MyRpaProject/venv/lib/python3.10/site-packages/airflow/example_dags/example_setup_teardown.py for tasks to queue
[2025-06-12T11:42:35.233+0200] {logging_mixin.py:190} INFO - [2025-06-12T11:42:35.233+0200] {dagbag.py:588} INFO - Filling up the DagBag from /Users/gordanaristova/MyProjects/MyRpaProject/venv/lib/python3.10/site-packages/airflow/example_dags/example_setup_teardown.py
[2025-06-12T11:42:35.235+0200] {processor.py:925} INFO - DAG(s) 'example_setup_teardown' retrieved from /Users/gordanaristova/MyProjects/MyRpaProject/venv/lib/python3.10/site-packages/airflow/example_dags/example_setup_teardown.py
[2025-06-12T11:42:35.265+0200] {logging_mixin.py:190} INFO - [2025-06-12T11:42:35.264+0200] {dag.py:3239} INFO - Sync 1 DAGs
[2025-06-12T11:42:35.268+0200] {logging_mixin.py:190} INFO - [2025-06-12T11:42:35.268+0200] {dag.py:4180} INFO - Setting next_dagrun for example_setup_teardown to None, run_after=None
[2025-06-12T11:42:35.273+0200] {processor.py:208} INFO - Processing /Users/gordanaristova/MyProjects/MyRpaProject/venv/lib/python3.10/site-packages/airflow/example_dags/example_setup_teardown.py took 0.042 seconds
[2025-06-12T11:50:00.405+0200] {processor.py:186} INFO - Started process (PID=10636) to work on /Users/gordanaristova/MyProjects/MyRpaProject/venv/lib/python3.10/site-packages/airflow/example_dags/example_setup_teardown.py
[2025-06-12T11:50:00.406+0200] {processor.py:914} INFO - Processing file /Users/gordanaristova/MyProjects/MyRpaProject/venv/lib/python3.10/site-packages/airflow/example_dags/example_setup_teardown.py for tasks to queue
[2025-06-12T11:50:00.406+0200] {logging_mixin.py:190} INFO - [2025-06-12T11:50:00.406+0200] {dagbag.py:588} INFO - Filling up the DagBag from /Users/gordanaristova/MyProjects/MyRpaProject/venv/lib/python3.10/site-packages/airflow/example_dags/example_setup_teardown.py
[2025-06-12T11:50:00.408+0200] {processor.py:925} INFO - DAG(s) 'example_setup_teardown' retrieved from /Users/gordanaristova/MyProjects/MyRpaProject/venv/lib/python3.10/site-packages/airflow/example_dags/example_setup_teardown.py
[2025-06-12T11:50:00.437+0200] {logging_mixin.py:190} INFO - [2025-06-12T11:50:00.437+0200] {dag.py:3239} INFO - Sync 1 DAGs
[2025-06-12T11:50:00.440+0200] {logging_mixin.py:190} INFO - [2025-06-12T11:50:00.439+0200] {dag.py:4180} INFO - Setting next_dagrun for example_setup_teardown to None, run_after=None
[2025-06-12T11:50:00.444+0200] {processor.py:208} INFO - Processing /Users/gordanaristova/MyProjects/MyRpaProject/venv/lib/python3.10/site-packages/airflow/example_dags/example_setup_teardown.py took 0.040 seconds
[2025-06-12T11:51:25.625+0200] {processor.py:186} INFO - Started process (PID=10727) to work on /Users/gordanaristova/MyProjects/MyRpaProject/venv/lib/python3.10/site-packages/airflow/example_dags/example_setup_teardown.py
[2025-06-12T11:51:25.626+0200] {processor.py:914} INFO - Processing file /Users/gordanaristova/MyProjects/MyRpaProject/venv/lib/python3.10/site-packages/airflow/example_dags/example_setup_teardown.py for tasks to queue
[2025-06-12T11:51:25.626+0200] {logging_mixin.py:190} INFO - [2025-06-12T11:51:25.626+0200] {dagbag.py:588} INFO - Filling up the DagBag from /Users/gordanaristova/MyProjects/MyRpaProject/venv/lib/python3.10/site-packages/airflow/example_dags/example_setup_teardown.py
[2025-06-12T11:51:25.628+0200] {processor.py:925} INFO - DAG(s) 'example_setup_teardown' retrieved from /Users/gordanaristova/MyProjects/MyRpaProject/venv/lib/python3.10/site-packages/airflow/example_dags/example_setup_teardown.py
[2025-06-12T11:51:25.657+0200] {logging_mixin.py:190} INFO - [2025-06-12T11:51:25.657+0200] {dag.py:3239} INFO - Sync 1 DAGs
[2025-06-12T11:51:25.660+0200] {logging_mixin.py:190} INFO - [2025-06-12T11:51:25.660+0200] {dag.py:4180} INFO - Setting next_dagrun for example_setup_teardown to None, run_after=None
[2025-06-12T11:51:25.665+0200] {processor.py:208} INFO - Processing /Users/gordanaristova/MyProjects/MyRpaProject/venv/lib/python3.10/site-packages/airflow/example_dags/example_setup_teardown.py took 0.041 seconds
[2025-06-12T11:53:12.514+0200] {processor.py:186} INFO - Started process (PID=10832) to work on /Users/gordanaristova/MyProjects/MyRpaProject/venv/lib/python3.10/site-packages/airflow/example_dags/example_setup_teardown.py
[2025-06-12T11:53:12.514+0200] {processor.py:914} INFO - Processing file /Users/gordanaristova/MyProjects/MyRpaProject/venv/lib/python3.10/site-packages/airflow/example_dags/example_setup_teardown.py for tasks to queue
[2025-06-12T11:53:12.514+0200] {logging_mixin.py:190} INFO - [2025-06-12T11:53:12.514+0200] {dagbag.py:588} INFO - Filling up the DagBag from /Users/gordanaristova/MyProjects/MyRpaProject/venv/lib/python3.10/site-packages/airflow/example_dags/example_setup_teardown.py
[2025-06-12T11:53:12.517+0200] {processor.py:925} INFO - DAG(s) 'example_setup_teardown' retrieved from /Users/gordanaristova/MyProjects/MyRpaProject/venv/lib/python3.10/site-packages/airflow/example_dags/example_setup_teardown.py
[2025-06-12T11:53:12.545+0200] {logging_mixin.py:190} INFO - [2025-06-12T11:53:12.544+0200] {dag.py:3239} INFO - Sync 1 DAGs
[2025-06-12T11:53:12.547+0200] {logging_mixin.py:190} INFO - [2025-06-12T11:53:12.547+0200] {dag.py:4180} INFO - Setting next_dagrun for example_setup_teardown to None, run_after=None
[2025-06-12T11:53:12.552+0200] {processor.py:208} INFO - Processing /Users/gordanaristova/MyProjects/MyRpaProject/venv/lib/python3.10/site-packages/airflow/example_dags/example_setup_teardown.py took 0.039 seconds
[2025-06-12T11:55:01.531+0200] {processor.py:186} INFO - Started process (PID=10924) to work on /Users/gordanaristova/MyProjects/MyRpaProject/venv/lib/python3.10/site-packages/airflow/example_dags/example_setup_teardown.py
[2025-06-12T11:55:01.532+0200] {processor.py:914} INFO - Processing file /Users/gordanaristova/MyProjects/MyRpaProject/venv/lib/python3.10/site-packages/airflow/example_dags/example_setup_teardown.py for tasks to queue
[2025-06-12T11:55:01.532+0200] {logging_mixin.py:190} INFO - [2025-06-12T11:55:01.532+0200] {dagbag.py:588} INFO - Filling up the DagBag from /Users/gordanaristova/MyProjects/MyRpaProject/venv/lib/python3.10/site-packages/airflow/example_dags/example_setup_teardown.py
[2025-06-12T11:55:01.535+0200] {processor.py:925} INFO - DAG(s) 'example_setup_teardown' retrieved from /Users/gordanaristova/MyProjects/MyRpaProject/venv/lib/python3.10/site-packages/airflow/example_dags/example_setup_teardown.py
[2025-06-12T11:55:01.562+0200] {logging_mixin.py:190} INFO - [2025-06-12T11:55:01.562+0200] {dag.py:3239} INFO - Sync 1 DAGs
[2025-06-12T11:55:01.565+0200] {logging_mixin.py:190} INFO - [2025-06-12T11:55:01.565+0200] {dag.py:4180} INFO - Setting next_dagrun for example_setup_teardown to None, run_after=None
[2025-06-12T11:55:01.570+0200] {processor.py:208} INFO - Processing /Users/gordanaristova/MyProjects/MyRpaProject/venv/lib/python3.10/site-packages/airflow/example_dags/example_setup_teardown.py took 0.040 seconds
[2025-06-12T11:56:50.280+0200] {processor.py:186} INFO - Started process (PID=11037) to work on /Users/gordanaristova/MyProjects/MyRpaProject/venv/lib/python3.10/site-packages/airflow/example_dags/example_setup_teardown.py
[2025-06-12T11:56:50.280+0200] {processor.py:914} INFO - Processing file /Users/gordanaristova/MyProjects/MyRpaProject/venv/lib/python3.10/site-packages/airflow/example_dags/example_setup_teardown.py for tasks to queue
[2025-06-12T11:56:50.280+0200] {logging_mixin.py:190} INFO - [2025-06-12T11:56:50.280+0200] {dagbag.py:588} INFO - Filling up the DagBag from /Users/gordanaristova/MyProjects/MyRpaProject/venv/lib/python3.10/site-packages/airflow/example_dags/example_setup_teardown.py
[2025-06-12T11:56:50.283+0200] {processor.py:925} INFO - DAG(s) 'example_setup_teardown' retrieved from /Users/gordanaristova/MyProjects/MyRpaProject/venv/lib/python3.10/site-packages/airflow/example_dags/example_setup_teardown.py
[2025-06-12T11:56:50.313+0200] {logging_mixin.py:190} INFO - [2025-06-12T11:56:50.313+0200] {dag.py:3239} INFO - Sync 1 DAGs
[2025-06-12T11:56:50.316+0200] {logging_mixin.py:190} INFO - [2025-06-12T11:56:50.316+0200] {dag.py:4180} INFO - Setting next_dagrun for example_setup_teardown to None, run_after=None
[2025-06-12T11:56:50.321+0200] {processor.py:208} INFO - Processing /Users/gordanaristova/MyProjects/MyRpaProject/venv/lib/python3.10/site-packages/airflow/example_dags/example_setup_teardown.py took 0.043 seconds
[2025-06-12T13:14:46.133+0200] {processor.py:186} INFO - Started process (PID=13011) to work on /Users/gordanaristova/MyProjects/MyRpaProject/venv/lib/python3.10/site-packages/airflow/example_dags/example_setup_teardown.py
[2025-06-12T13:14:46.134+0200] {processor.py:914} INFO - Processing file /Users/gordanaristova/MyProjects/MyRpaProject/venv/lib/python3.10/site-packages/airflow/example_dags/example_setup_teardown.py for tasks to queue
[2025-06-12T13:14:46.134+0200] {logging_mixin.py:190} INFO - [2025-06-12T13:14:46.134+0200] {dagbag.py:588} INFO - Filling up the DagBag from /Users/gordanaristova/MyProjects/MyRpaProject/venv/lib/python3.10/site-packages/airflow/example_dags/example_setup_teardown.py
[2025-06-12T13:14:46.137+0200] {processor.py:925} INFO - DAG(s) 'example_setup_teardown' retrieved from /Users/gordanaristova/MyProjects/MyRpaProject/venv/lib/python3.10/site-packages/airflow/example_dags/example_setup_teardown.py
[2025-06-12T13:14:46.168+0200] {logging_mixin.py:190} INFO - [2025-06-12T13:14:46.168+0200] {dag.py:3239} INFO - Sync 1 DAGs
[2025-06-12T13:14:46.171+0200] {logging_mixin.py:190} INFO - [2025-06-12T13:14:46.171+0200] {dag.py:4180} INFO - Setting next_dagrun for example_setup_teardown to None, run_after=None
[2025-06-12T13:14:46.176+0200] {processor.py:208} INFO - Processing /Users/gordanaristova/MyProjects/MyRpaProject/venv/lib/python3.10/site-packages/airflow/example_dags/example_setup_teardown.py took 0.044 seconds
[2025-06-12T18:42:28.496+0200] {processor.py:186} INFO - Started process (PID=15666) to work on /Users/gordanaristova/MyProjects/MyRpaProject/venv/lib/python3.10/site-packages/airflow/example_dags/example_setup_teardown.py
[2025-06-12T18:42:28.497+0200] {processor.py:914} INFO - Processing file /Users/gordanaristova/MyProjects/MyRpaProject/venv/lib/python3.10/site-packages/airflow/example_dags/example_setup_teardown.py for tasks to queue
[2025-06-12T18:42:28.497+0200] {logging_mixin.py:190} INFO - [2025-06-12T18:42:28.497+0200] {dagbag.py:588} INFO - Filling up the DagBag from /Users/gordanaristova/MyProjects/MyRpaProject/venv/lib/python3.10/site-packages/airflow/example_dags/example_setup_teardown.py
[2025-06-12T18:42:28.500+0200] {processor.py:925} INFO - DAG(s) 'example_setup_teardown' retrieved from /Users/gordanaristova/MyProjects/MyRpaProject/venv/lib/python3.10/site-packages/airflow/example_dags/example_setup_teardown.py
[2025-06-12T18:42:28.530+0200] {logging_mixin.py:190} INFO - [2025-06-12T18:42:28.530+0200] {dag.py:3239} INFO - Sync 1 DAGs
[2025-06-12T18:42:28.533+0200] {logging_mixin.py:190} INFO - [2025-06-12T18:42:28.533+0200] {dag.py:4180} INFO - Setting next_dagrun for example_setup_teardown to None, run_after=None
[2025-06-12T18:42:28.538+0200] {processor.py:208} INFO - Processing /Users/gordanaristova/MyProjects/MyRpaProject/venv/lib/python3.10/site-packages/airflow/example_dags/example_setup_teardown.py took 0.043 seconds
[2025-06-12T18:52:12.937+0200] {processor.py:186} INFO - Started process (PID=15897) to work on /Users/gordanaristova/MyProjects/MyRpaProject/venv/lib/python3.10/site-packages/airflow/example_dags/example_setup_teardown.py
[2025-06-12T18:52:12.938+0200] {processor.py:914} INFO - Processing file /Users/gordanaristova/MyProjects/MyRpaProject/venv/lib/python3.10/site-packages/airflow/example_dags/example_setup_teardown.py for tasks to queue
[2025-06-12T18:52:12.939+0200] {logging_mixin.py:190} INFO - [2025-06-12T18:52:12.939+0200] {dagbag.py:588} INFO - Filling up the DagBag from /Users/gordanaristova/MyProjects/MyRpaProject/venv/lib/python3.10/site-packages/airflow/example_dags/example_setup_teardown.py
[2025-06-12T18:52:12.941+0200] {processor.py:925} INFO - DAG(s) 'example_setup_teardown' retrieved from /Users/gordanaristova/MyProjects/MyRpaProject/venv/lib/python3.10/site-packages/airflow/example_dags/example_setup_teardown.py
[2025-06-12T18:52:12.972+0200] {logging_mixin.py:190} INFO - [2025-06-12T18:52:12.972+0200] {dag.py:3239} INFO - Sync 1 DAGs
[2025-06-12T18:52:12.976+0200] {logging_mixin.py:190} INFO - [2025-06-12T18:52:12.976+0200] {dag.py:4180} INFO - Setting next_dagrun for example_setup_teardown to None, run_after=None
[2025-06-12T18:52:12.981+0200] {processor.py:208} INFO - Processing /Users/gordanaristova/MyProjects/MyRpaProject/venv/lib/python3.10/site-packages/airflow/example_dags/example_setup_teardown.py took 0.045 seconds
[2025-06-12T18:55:24.791+0200] {processor.py:186} INFO - Started process (PID=15982) to work on /Users/gordanaristova/MyProjects/MyRpaProject/venv/lib/python3.10/site-packages/airflow/example_dags/example_setup_teardown.py
[2025-06-12T18:55:24.792+0200] {processor.py:914} INFO - Processing file /Users/gordanaristova/MyProjects/MyRpaProject/venv/lib/python3.10/site-packages/airflow/example_dags/example_setup_teardown.py for tasks to queue
[2025-06-12T18:55:24.792+0200] {logging_mixin.py:190} INFO - [2025-06-12T18:55:24.792+0200] {dagbag.py:588} INFO - Filling up the DagBag from /Users/gordanaristova/MyProjects/MyRpaProject/venv/lib/python3.10/site-packages/airflow/example_dags/example_setup_teardown.py
[2025-06-12T18:55:24.795+0200] {processor.py:925} INFO - DAG(s) 'example_setup_teardown' retrieved from /Users/gordanaristova/MyProjects/MyRpaProject/venv/lib/python3.10/site-packages/airflow/example_dags/example_setup_teardown.py
[2025-06-12T18:55:24.825+0200] {logging_mixin.py:190} INFO - [2025-06-12T18:55:24.825+0200] {dag.py:3239} INFO - Sync 1 DAGs
[2025-06-12T18:55:24.828+0200] {logging_mixin.py:190} INFO - [2025-06-12T18:55:24.828+0200] {dag.py:4180} INFO - Setting next_dagrun for example_setup_teardown to None, run_after=None
[2025-06-12T18:55:24.833+0200] {processor.py:208} INFO - Processing /Users/gordanaristova/MyProjects/MyRpaProject/venv/lib/python3.10/site-packages/airflow/example_dags/example_setup_teardown.py took 0.043 seconds
[2025-06-12T19:00:31.781+0200] {processor.py:186} INFO - Started process (PID=16128) to work on /Users/gordanaristova/MyProjects/MyRpaProject/venv/lib/python3.10/site-packages/airflow/example_dags/example_setup_teardown.py
[2025-06-12T19:00:31.782+0200] {processor.py:914} INFO - Processing file /Users/gordanaristova/MyProjects/MyRpaProject/venv/lib/python3.10/site-packages/airflow/example_dags/example_setup_teardown.py for tasks to queue
[2025-06-12T19:00:31.783+0200] {logging_mixin.py:190} INFO - [2025-06-12T19:00:31.783+0200] {dagbag.py:588} INFO - Filling up the DagBag from /Users/gordanaristova/MyProjects/MyRpaProject/venv/lib/python3.10/site-packages/airflow/example_dags/example_setup_teardown.py
[2025-06-12T19:00:31.785+0200] {processor.py:925} INFO - DAG(s) 'example_setup_teardown' retrieved from /Users/gordanaristova/MyProjects/MyRpaProject/venv/lib/python3.10/site-packages/airflow/example_dags/example_setup_teardown.py
[2025-06-12T19:00:31.816+0200] {logging_mixin.py:190} INFO - [2025-06-12T19:00:31.816+0200] {dag.py:3239} INFO - Sync 1 DAGs
[2025-06-12T19:00:31.819+0200] {logging_mixin.py:190} INFO - [2025-06-12T19:00:31.819+0200] {dag.py:4180} INFO - Setting next_dagrun for example_setup_teardown to None, run_after=None
[2025-06-12T19:00:31.824+0200] {processor.py:208} INFO - Processing /Users/gordanaristova/MyProjects/MyRpaProject/venv/lib/python3.10/site-packages/airflow/example_dags/example_setup_teardown.py took 0.043 seconds
[2025-06-12T19:11:08.171+0200] {processor.py:186} INFO - Started process (PID=16456) to work on /Users/gordanaristova/MyProjects/MyRpaProject/venv/lib/python3.10/site-packages/airflow/example_dags/example_setup_teardown.py
[2025-06-12T19:11:08.172+0200] {processor.py:914} INFO - Processing file /Users/gordanaristova/MyProjects/MyRpaProject/venv/lib/python3.10/site-packages/airflow/example_dags/example_setup_teardown.py for tasks to queue
[2025-06-12T19:11:08.173+0200] {logging_mixin.py:190} INFO - [2025-06-12T19:11:08.172+0200] {dagbag.py:588} INFO - Filling up the DagBag from /Users/gordanaristova/MyProjects/MyRpaProject/venv/lib/python3.10/site-packages/airflow/example_dags/example_setup_teardown.py
[2025-06-12T19:11:08.175+0200] {processor.py:925} INFO - DAG(s) 'example_setup_teardown' retrieved from /Users/gordanaristova/MyProjects/MyRpaProject/venv/lib/python3.10/site-packages/airflow/example_dags/example_setup_teardown.py
[2025-06-12T19:11:08.205+0200] {logging_mixin.py:190} INFO - [2025-06-12T19:11:08.205+0200] {dag.py:3239} INFO - Sync 1 DAGs
[2025-06-12T19:11:08.208+0200] {logging_mixin.py:190} INFO - [2025-06-12T19:11:08.208+0200] {dag.py:4180} INFO - Setting next_dagrun for example_setup_teardown to None, run_after=None
[2025-06-12T19:11:08.214+0200] {processor.py:208} INFO - Processing /Users/gordanaristova/MyProjects/MyRpaProject/venv/lib/python3.10/site-packages/airflow/example_dags/example_setup_teardown.py took 0.043 seconds
[2025-06-12T19:14:12.462+0200] {processor.py:186} INFO - Started process (PID=16648) to work on /Users/gordanaristova/MyProjects/MyRpaProject/venv/lib/python3.10/site-packages/airflow/example_dags/example_setup_teardown.py
[2025-06-12T19:14:12.462+0200] {processor.py:914} INFO - Processing file /Users/gordanaristova/MyProjects/MyRpaProject/venv/lib/python3.10/site-packages/airflow/example_dags/example_setup_teardown.py for tasks to queue
[2025-06-12T19:14:12.463+0200] {logging_mixin.py:190} INFO - [2025-06-12T19:14:12.463+0200] {dagbag.py:588} INFO - Filling up the DagBag from /Users/gordanaristova/MyProjects/MyRpaProject/venv/lib/python3.10/site-packages/airflow/example_dags/example_setup_teardown.py
[2025-06-12T19:14:12.465+0200] {processor.py:925} INFO - DAG(s) 'example_setup_teardown' retrieved from /Users/gordanaristova/MyProjects/MyRpaProject/venv/lib/python3.10/site-packages/airflow/example_dags/example_setup_teardown.py
[2025-06-12T19:14:12.495+0200] {logging_mixin.py:190} INFO - [2025-06-12T19:14:12.495+0200] {dag.py:3239} INFO - Sync 1 DAGs
[2025-06-12T19:14:12.498+0200] {logging_mixin.py:190} INFO - [2025-06-12T19:14:12.498+0200] {dag.py:4180} INFO - Setting next_dagrun for example_setup_teardown to None, run_after=None
[2025-06-12T19:14:12.503+0200] {processor.py:208} INFO - Processing /Users/gordanaristova/MyProjects/MyRpaProject/venv/lib/python3.10/site-packages/airflow/example_dags/example_setup_teardown.py took 0.042 seconds
