[2025-06-12T10:36:41.758+0200] {processor.py:186} INFO - Started process (PID=8420) to work on /Users/gordanaristova/MyProjects/MyRpaProject/venv/lib/python3.10/site-packages/airflow/example_dags/example_task_group.py
[2025-06-12T10:36:41.759+0200] {processor.py:914} INFO - Processing file /Users/gordanaristova/MyProjects/MyRpaProject/venv/lib/python3.10/site-packages/airflow/example_dags/example_task_group.py for tasks to queue
[2025-06-12T10:36:41.759+0200] {logging_mixin.py:190} INFO - [2025-06-12T10:36:41.759+0200] {dagbag.py:588} INFO - Filling up the DagBag from /Users/gordanaristova/MyProjects/MyRpaProject/venv/lib/python3.10/site-packages/airflow/example_dags/example_task_group.py
[2025-06-12T10:36:41.762+0200] {processor.py:925} INFO - DAG(s) 'example_task_group' retrieved from /Users/gordanaristova/MyProjects/MyRpaProject/venv/lib/python3.10/site-packages/airflow/example_dags/example_task_group.py
[2025-06-12T10:36:41.808+0200] {logging_mixin.py:190} INFO - [2025-06-12T10:36:41.808+0200] {override.py:1900} INFO - Created Permission View: can edit on DAG:example_task_group
[2025-06-12T10:36:41.811+0200] {logging_mixin.py:190} INFO - [2025-06-12T10:36:41.810+0200] {override.py:1900} INFO - Created Permission View: can read on DAG:example_task_group
[2025-06-12T10:36:41.812+0200] {logging_mixin.py:190} INFO - [2025-06-12T10:36:41.812+0200] {override.py:1900} INFO - Created Permission View: can delete on DAG:example_task_group
[2025-06-12T10:36:41.814+0200] {logging_mixin.py:190} INFO - [2025-06-12T10:36:41.814+0200] {override.py:1900} INFO - Created Permission View: menu access on DAG Run:example_task_group
[2025-06-12T10:36:41.815+0200] {logging_mixin.py:190} INFO - [2025-06-12T10:36:41.815+0200] {override.py:1900} INFO - Created Permission View: can read on DAG Run:example_task_group
[2025-06-12T10:36:41.817+0200] {logging_mixin.py:190} INFO - [2025-06-12T10:36:41.817+0200] {override.py:1900} INFO - Created Permission View: can create on DAG Run:example_task_group
[2025-06-12T10:36:41.818+0200] {logging_mixin.py:190} INFO - [2025-06-12T10:36:41.818+0200] {override.py:1900} INFO - Created Permission View: can delete on DAG Run:example_task_group
[2025-06-12T10:36:41.819+0200] {logging_mixin.py:190} INFO - [2025-06-12T10:36:41.818+0200] {dag.py:3239} INFO - Sync 1 DAGs
[2025-06-12T10:36:41.821+0200] {logging_mixin.py:190} INFO - [2025-06-12T10:36:41.821+0200] {dag.py:3262} INFO - Creating ORM DAG for example_task_group
[2025-06-12T10:36:41.822+0200] {logging_mixin.py:190} INFO - [2025-06-12T10:36:41.822+0200] {dag.py:4180} INFO - Setting next_dagrun for example_task_group to None, run_after=None
[2025-06-12T10:36:41.826+0200] {processor.py:208} INFO - Processing /Users/gordanaristova/MyProjects/MyRpaProject/venv/lib/python3.10/site-packages/airflow/example_dags/example_task_group.py took 0.068 seconds
[2025-06-12T10:38:09.805+0200] {processor.py:186} INFO - Started process (PID=8500) to work on /Users/gordanaristova/MyProjects/MyRpaProject/venv/lib/python3.10/site-packages/airflow/example_dags/example_task_group.py
[2025-06-12T10:38:09.806+0200] {processor.py:914} INFO - Processing file /Users/gordanaristova/MyProjects/MyRpaProject/venv/lib/python3.10/site-packages/airflow/example_dags/example_task_group.py for tasks to queue
[2025-06-12T10:38:09.807+0200] {logging_mixin.py:190} INFO - [2025-06-12T10:38:09.807+0200] {dagbag.py:588} INFO - Filling up the DagBag from /Users/gordanaristova/MyProjects/MyRpaProject/venv/lib/python3.10/site-packages/airflow/example_dags/example_task_group.py
[2025-06-12T10:38:09.809+0200] {processor.py:925} INFO - DAG(s) 'example_task_group' retrieved from /Users/gordanaristova/MyProjects/MyRpaProject/venv/lib/python3.10/site-packages/airflow/example_dags/example_task_group.py
[2025-06-12T10:38:09.839+0200] {logging_mixin.py:190} INFO - [2025-06-12T10:38:09.838+0200] {dag.py:3239} INFO - Sync 1 DAGs
[2025-06-12T10:38:09.842+0200] {logging_mixin.py:190} INFO - [2025-06-12T10:38:09.841+0200] {dag.py:4180} INFO - Setting next_dagrun for example_task_group to None, run_after=None
[2025-06-12T10:38:09.846+0200] {processor.py:208} INFO - Processing /Users/gordanaristova/MyProjects/MyRpaProject/venv/lib/python3.10/site-packages/airflow/example_dags/example_task_group.py took 0.042 seconds
[2025-06-12T10:39:52.465+0200] {processor.py:186} INFO - Started process (PID=8581) to work on /Users/gordanaristova/MyProjects/MyRpaProject/venv/lib/python3.10/site-packages/airflow/example_dags/example_task_group.py
[2025-06-12T10:39:52.466+0200] {processor.py:914} INFO - Processing file /Users/gordanaristova/MyProjects/MyRpaProject/venv/lib/python3.10/site-packages/airflow/example_dags/example_task_group.py for tasks to queue
[2025-06-12T10:39:52.466+0200] {logging_mixin.py:190} INFO - [2025-06-12T10:39:52.466+0200] {dagbag.py:588} INFO - Filling up the DagBag from /Users/gordanaristova/MyProjects/MyRpaProject/venv/lib/python3.10/site-packages/airflow/example_dags/example_task_group.py
[2025-06-12T10:39:52.470+0200] {processor.py:925} INFO - DAG(s) 'example_task_group' retrieved from /Users/gordanaristova/MyProjects/MyRpaProject/venv/lib/python3.10/site-packages/airflow/example_dags/example_task_group.py
[2025-06-12T10:39:52.503+0200] {logging_mixin.py:190} INFO - [2025-06-12T10:39:52.503+0200] {dag.py:3239} INFO - Sync 1 DAGs
[2025-06-12T10:39:52.507+0200] {logging_mixin.py:190} INFO - [2025-06-12T10:39:52.506+0200] {dag.py:4180} INFO - Setting next_dagrun for example_task_group to None, run_after=None
[2025-06-12T10:39:52.513+0200] {processor.py:208} INFO - Processing /Users/gordanaristova/MyProjects/MyRpaProject/venv/lib/python3.10/site-packages/airflow/example_dags/example_task_group.py took 0.049 seconds
[2025-06-12T10:41:38.234+0200] {processor.py:186} INFO - Started process (PID=8672) to work on /Users/gordanaristova/MyProjects/MyRpaProject/venv/lib/python3.10/site-packages/airflow/example_dags/example_task_group.py
[2025-06-12T10:41:38.235+0200] {processor.py:914} INFO - Processing file /Users/gordanaristova/MyProjects/MyRpaProject/venv/lib/python3.10/site-packages/airflow/example_dags/example_task_group.py for tasks to queue
[2025-06-12T10:41:38.235+0200] {logging_mixin.py:190} INFO - [2025-06-12T10:41:38.235+0200] {dagbag.py:588} INFO - Filling up the DagBag from /Users/gordanaristova/MyProjects/MyRpaProject/venv/lib/python3.10/site-packages/airflow/example_dags/example_task_group.py
[2025-06-12T10:41:38.238+0200] {processor.py:925} INFO - DAG(s) 'example_task_group' retrieved from /Users/gordanaristova/MyProjects/MyRpaProject/venv/lib/python3.10/site-packages/airflow/example_dags/example_task_group.py
[2025-06-12T10:41:38.269+0200] {logging_mixin.py:190} INFO - [2025-06-12T10:41:38.269+0200] {dag.py:3239} INFO - Sync 1 DAGs
[2025-06-12T10:41:38.272+0200] {logging_mixin.py:190} INFO - [2025-06-12T10:41:38.272+0200] {dag.py:4180} INFO - Setting next_dagrun for example_task_group to None, run_after=None
[2025-06-12T10:41:38.278+0200] {processor.py:208} INFO - Processing /Users/gordanaristova/MyProjects/MyRpaProject/venv/lib/python3.10/site-packages/airflow/example_dags/example_task_group.py took 0.045 seconds
[2025-06-12T10:43:24.833+0200] {processor.py:186} INFO - Started process (PID=8774) to work on /Users/gordanaristova/MyProjects/MyRpaProject/venv/lib/python3.10/site-packages/airflow/example_dags/example_task_group.py
[2025-06-12T10:43:24.834+0200] {processor.py:914} INFO - Processing file /Users/gordanaristova/MyProjects/MyRpaProject/venv/lib/python3.10/site-packages/airflow/example_dags/example_task_group.py for tasks to queue
[2025-06-12T10:43:24.834+0200] {logging_mixin.py:190} INFO - [2025-06-12T10:43:24.834+0200] {dagbag.py:588} INFO - Filling up the DagBag from /Users/gordanaristova/MyProjects/MyRpaProject/venv/lib/python3.10/site-packages/airflow/example_dags/example_task_group.py
[2025-06-12T10:43:24.837+0200] {processor.py:925} INFO - DAG(s) 'example_task_group' retrieved from /Users/gordanaristova/MyProjects/MyRpaProject/venv/lib/python3.10/site-packages/airflow/example_dags/example_task_group.py
[2025-06-12T10:43:24.866+0200] {logging_mixin.py:190} INFO - [2025-06-12T10:43:24.866+0200] {dag.py:3239} INFO - Sync 1 DAGs
[2025-06-12T10:43:24.869+0200] {logging_mixin.py:190} INFO - [2025-06-12T10:43:24.869+0200] {dag.py:4180} INFO - Setting next_dagrun for example_task_group to None, run_after=None
[2025-06-12T10:43:24.874+0200] {processor.py:208} INFO - Processing /Users/gordanaristova/MyProjects/MyRpaProject/venv/lib/python3.10/site-packages/airflow/example_dags/example_task_group.py took 0.042 seconds
[2025-06-12T10:45:11.119+0200] {processor.py:186} INFO - Started process (PID=8905) to work on /Users/gordanaristova/MyProjects/MyRpaProject/venv/lib/python3.10/site-packages/airflow/example_dags/example_task_group.py
[2025-06-12T10:45:11.120+0200] {processor.py:914} INFO - Processing file /Users/gordanaristova/MyProjects/MyRpaProject/venv/lib/python3.10/site-packages/airflow/example_dags/example_task_group.py for tasks to queue
[2025-06-12T10:45:11.120+0200] {logging_mixin.py:190} INFO - [2025-06-12T10:45:11.120+0200] {dagbag.py:588} INFO - Filling up the DagBag from /Users/gordanaristova/MyProjects/MyRpaProject/venv/lib/python3.10/site-packages/airflow/example_dags/example_task_group.py
[2025-06-12T10:45:11.122+0200] {processor.py:925} INFO - DAG(s) 'example_task_group' retrieved from /Users/gordanaristova/MyProjects/MyRpaProject/venv/lib/python3.10/site-packages/airflow/example_dags/example_task_group.py
[2025-06-12T10:45:11.152+0200] {logging_mixin.py:190} INFO - [2025-06-12T10:45:11.152+0200] {dag.py:3239} INFO - Sync 1 DAGs
[2025-06-12T10:45:11.155+0200] {logging_mixin.py:190} INFO - [2025-06-12T10:45:11.155+0200] {dag.py:4180} INFO - Setting next_dagrun for example_task_group to None, run_after=None
[2025-06-12T10:45:11.160+0200] {processor.py:208} INFO - Processing /Users/gordanaristova/MyProjects/MyRpaProject/venv/lib/python3.10/site-packages/airflow/example_dags/example_task_group.py took 0.042 seconds
[2025-06-12T10:46:53.609+0200] {processor.py:186} INFO - Started process (PID=9015) to work on /Users/gordanaristova/MyProjects/MyRpaProject/venv/lib/python3.10/site-packages/airflow/example_dags/example_task_group.py
[2025-06-12T10:46:53.610+0200] {processor.py:914} INFO - Processing file /Users/gordanaristova/MyProjects/MyRpaProject/venv/lib/python3.10/site-packages/airflow/example_dags/example_task_group.py for tasks to queue
[2025-06-12T10:46:53.611+0200] {logging_mixin.py:190} INFO - [2025-06-12T10:46:53.611+0200] {dagbag.py:588} INFO - Filling up the DagBag from /Users/gordanaristova/MyProjects/MyRpaProject/venv/lib/python3.10/site-packages/airflow/example_dags/example_task_group.py
[2025-06-12T10:46:53.613+0200] {processor.py:925} INFO - DAG(s) 'example_task_group' retrieved from /Users/gordanaristova/MyProjects/MyRpaProject/venv/lib/python3.10/site-packages/airflow/example_dags/example_task_group.py
[2025-06-12T10:46:53.641+0200] {logging_mixin.py:190} INFO - [2025-06-12T10:46:53.641+0200] {dag.py:3239} INFO - Sync 1 DAGs
[2025-06-12T10:46:53.644+0200] {logging_mixin.py:190} INFO - [2025-06-12T10:46:53.644+0200] {dag.py:4180} INFO - Setting next_dagrun for example_task_group to None, run_after=None
[2025-06-12T10:46:53.649+0200] {processor.py:208} INFO - Processing /Users/gordanaristova/MyProjects/MyRpaProject/venv/lib/python3.10/site-packages/airflow/example_dags/example_task_group.py took 0.040 seconds
[2025-06-12T10:47:55.825+0200] {processor.py:186} INFO - Started process (PID=9089) to work on /Users/gordanaristova/MyProjects/MyRpaProject/venv/lib/python3.10/site-packages/airflow/example_dags/example_task_group.py
[2025-06-12T10:47:55.825+0200] {processor.py:914} INFO - Processing file /Users/gordanaristova/MyProjects/MyRpaProject/venv/lib/python3.10/site-packages/airflow/example_dags/example_task_group.py for tasks to queue
[2025-06-12T10:47:55.826+0200] {logging_mixin.py:190} INFO - [2025-06-12T10:47:55.826+0200] {dagbag.py:588} INFO - Filling up the DagBag from /Users/gordanaristova/MyProjects/MyRpaProject/venv/lib/python3.10/site-packages/airflow/example_dags/example_task_group.py
[2025-06-12T10:47:55.829+0200] {processor.py:925} INFO - DAG(s) 'example_task_group' retrieved from /Users/gordanaristova/MyProjects/MyRpaProject/venv/lib/python3.10/site-packages/airflow/example_dags/example_task_group.py
[2025-06-12T10:47:55.860+0200] {logging_mixin.py:190} INFO - [2025-06-12T10:47:55.860+0200] {dag.py:3239} INFO - Sync 1 DAGs
[2025-06-12T10:47:55.864+0200] {logging_mixin.py:190} INFO - [2025-06-12T10:47:55.863+0200] {dag.py:4180} INFO - Setting next_dagrun for example_task_group to None, run_after=None
[2025-06-12T10:47:55.869+0200] {processor.py:208} INFO - Processing /Users/gordanaristova/MyProjects/MyRpaProject/venv/lib/python3.10/site-packages/airflow/example_dags/example_task_group.py took 0.045 seconds
[2025-06-12T10:49:42.120+0200] {processor.py:186} INFO - Started process (PID=9222) to work on /Users/gordanaristova/MyProjects/MyRpaProject/venv/lib/python3.10/site-packages/airflow/example_dags/example_task_group.py
[2025-06-12T10:49:42.121+0200] {processor.py:914} INFO - Processing file /Users/gordanaristova/MyProjects/MyRpaProject/venv/lib/python3.10/site-packages/airflow/example_dags/example_task_group.py for tasks to queue
[2025-06-12T10:49:42.121+0200] {logging_mixin.py:190} INFO - [2025-06-12T10:49:42.121+0200] {dagbag.py:588} INFO - Filling up the DagBag from /Users/gordanaristova/MyProjects/MyRpaProject/venv/lib/python3.10/site-packages/airflow/example_dags/example_task_group.py
[2025-06-12T10:49:42.124+0200] {processor.py:925} INFO - DAG(s) 'example_task_group' retrieved from /Users/gordanaristova/MyProjects/MyRpaProject/venv/lib/python3.10/site-packages/airflow/example_dags/example_task_group.py
[2025-06-12T10:49:42.152+0200] {logging_mixin.py:190} INFO - [2025-06-12T10:49:42.152+0200] {dag.py:3239} INFO - Sync 1 DAGs
[2025-06-12T10:49:42.155+0200] {logging_mixin.py:190} INFO - [2025-06-12T10:49:42.155+0200] {dag.py:4180} INFO - Setting next_dagrun for example_task_group to None, run_after=None
[2025-06-12T10:49:42.160+0200] {processor.py:208} INFO - Processing /Users/gordanaristova/MyProjects/MyRpaProject/venv/lib/python3.10/site-packages/airflow/example_dags/example_task_group.py took 0.041 seconds
[2025-06-12T10:56:54.434+0200] {processor.py:186} INFO - Started process (PID=9430) to work on /Users/gordanaristova/MyProjects/MyRpaProject/venv/lib/python3.10/site-packages/airflow/example_dags/example_task_group.py
[2025-06-12T10:56:54.435+0200] {processor.py:914} INFO - Processing file /Users/gordanaristova/MyProjects/MyRpaProject/venv/lib/python3.10/site-packages/airflow/example_dags/example_task_group.py for tasks to queue
[2025-06-12T10:56:54.435+0200] {logging_mixin.py:190} INFO - [2025-06-12T10:56:54.435+0200] {dagbag.py:588} INFO - Filling up the DagBag from /Users/gordanaristova/MyProjects/MyRpaProject/venv/lib/python3.10/site-packages/airflow/example_dags/example_task_group.py
[2025-06-12T10:56:54.438+0200] {processor.py:925} INFO - DAG(s) 'example_task_group' retrieved from /Users/gordanaristova/MyProjects/MyRpaProject/venv/lib/python3.10/site-packages/airflow/example_dags/example_task_group.py
[2025-06-12T10:56:54.466+0200] {logging_mixin.py:190} INFO - [2025-06-12T10:56:54.466+0200] {dag.py:3239} INFO - Sync 1 DAGs
[2025-06-12T10:56:54.469+0200] {logging_mixin.py:190} INFO - [2025-06-12T10:56:54.469+0200] {dag.py:4180} INFO - Setting next_dagrun for example_task_group to None, run_after=None
[2025-06-12T10:56:54.474+0200] {processor.py:208} INFO - Processing /Users/gordanaristova/MyProjects/MyRpaProject/venv/lib/python3.10/site-packages/airflow/example_dags/example_task_group.py took 0.041 seconds
[2025-06-12T10:58:20.664+0200] {processor.py:186} INFO - Started process (PID=9527) to work on /Users/gordanaristova/MyProjects/MyRpaProject/venv/lib/python3.10/site-packages/airflow/example_dags/example_task_group.py
[2025-06-12T10:58:20.665+0200] {processor.py:914} INFO - Processing file /Users/gordanaristova/MyProjects/MyRpaProject/venv/lib/python3.10/site-packages/airflow/example_dags/example_task_group.py for tasks to queue
[2025-06-12T10:58:20.665+0200] {logging_mixin.py:190} INFO - [2025-06-12T10:58:20.665+0200] {dagbag.py:588} INFO - Filling up the DagBag from /Users/gordanaristova/MyProjects/MyRpaProject/venv/lib/python3.10/site-packages/airflow/example_dags/example_task_group.py
[2025-06-12T10:58:20.668+0200] {processor.py:925} INFO - DAG(s) 'example_task_group' retrieved from /Users/gordanaristova/MyProjects/MyRpaProject/venv/lib/python3.10/site-packages/airflow/example_dags/example_task_group.py
[2025-06-12T10:58:20.696+0200] {logging_mixin.py:190} INFO - [2025-06-12T10:58:20.696+0200] {dag.py:3239} INFO - Sync 1 DAGs
[2025-06-12T10:58:20.699+0200] {logging_mixin.py:190} INFO - [2025-06-12T10:58:20.699+0200] {dag.py:4180} INFO - Setting next_dagrun for example_task_group to None, run_after=None
[2025-06-12T10:58:20.704+0200] {processor.py:208} INFO - Processing /Users/gordanaristova/MyProjects/MyRpaProject/venv/lib/python3.10/site-packages/airflow/example_dags/example_task_group.py took 0.041 seconds
[2025-06-12T11:11:38.820+0200] {processor.py:186} INFO - Started process (PID=9745) to work on /Users/gordanaristova/MyProjects/MyRpaProject/venv/lib/python3.10/site-packages/airflow/example_dags/example_task_group.py
[2025-06-12T11:11:38.821+0200] {processor.py:914} INFO - Processing file /Users/gordanaristova/MyProjects/MyRpaProject/venv/lib/python3.10/site-packages/airflow/example_dags/example_task_group.py for tasks to queue
[2025-06-12T11:11:38.821+0200] {logging_mixin.py:190} INFO - [2025-06-12T11:11:38.821+0200] {dagbag.py:588} INFO - Filling up the DagBag from /Users/gordanaristova/MyProjects/MyRpaProject/venv/lib/python3.10/site-packages/airflow/example_dags/example_task_group.py
[2025-06-12T11:11:38.824+0200] {processor.py:925} INFO - DAG(s) 'example_task_group' retrieved from /Users/gordanaristova/MyProjects/MyRpaProject/venv/lib/python3.10/site-packages/airflow/example_dags/example_task_group.py
[2025-06-12T11:11:38.855+0200] {logging_mixin.py:190} INFO - [2025-06-12T11:11:38.855+0200] {dag.py:3239} INFO - Sync 1 DAGs
[2025-06-12T11:11:38.859+0200] {logging_mixin.py:190} INFO - [2025-06-12T11:11:38.859+0200] {dag.py:4180} INFO - Setting next_dagrun for example_task_group to None, run_after=None
[2025-06-12T11:11:38.864+0200] {processor.py:208} INFO - Processing /Users/gordanaristova/MyProjects/MyRpaProject/venv/lib/python3.10/site-packages/airflow/example_dags/example_task_group.py took 0.045 seconds
[2025-06-12T11:13:06.607+0200] {processor.py:186} INFO - Started process (PID=9839) to work on /Users/gordanaristova/MyProjects/MyRpaProject/venv/lib/python3.10/site-packages/airflow/example_dags/example_task_group.py
[2025-06-12T11:13:06.608+0200] {processor.py:914} INFO - Processing file /Users/gordanaristova/MyProjects/MyRpaProject/venv/lib/python3.10/site-packages/airflow/example_dags/example_task_group.py for tasks to queue
[2025-06-12T11:13:06.608+0200] {logging_mixin.py:190} INFO - [2025-06-12T11:13:06.608+0200] {dagbag.py:588} INFO - Filling up the DagBag from /Users/gordanaristova/MyProjects/MyRpaProject/venv/lib/python3.10/site-packages/airflow/example_dags/example_task_group.py
[2025-06-12T11:13:06.610+0200] {processor.py:925} INFO - DAG(s) 'example_task_group' retrieved from /Users/gordanaristova/MyProjects/MyRpaProject/venv/lib/python3.10/site-packages/airflow/example_dags/example_task_group.py
[2025-06-12T11:13:06.640+0200] {logging_mixin.py:190} INFO - [2025-06-12T11:13:06.640+0200] {dag.py:3239} INFO - Sync 1 DAGs
[2025-06-12T11:13:06.643+0200] {logging_mixin.py:190} INFO - [2025-06-12T11:13:06.643+0200] {dag.py:4180} INFO - Setting next_dagrun for example_task_group to None, run_after=None
[2025-06-12T11:13:06.648+0200] {processor.py:208} INFO - Processing /Users/gordanaristova/MyProjects/MyRpaProject/venv/lib/python3.10/site-packages/airflow/example_dags/example_task_group.py took 0.041 seconds
[2025-06-12T11:21:44.667+0200] {processor.py:186} INFO - Started process (PID=10040) to work on /Users/gordanaristova/MyProjects/MyRpaProject/venv/lib/python3.10/site-packages/airflow/example_dags/example_task_group.py
[2025-06-12T11:21:44.668+0200] {processor.py:914} INFO - Processing file /Users/gordanaristova/MyProjects/MyRpaProject/venv/lib/python3.10/site-packages/airflow/example_dags/example_task_group.py for tasks to queue
[2025-06-12T11:21:44.668+0200] {logging_mixin.py:190} INFO - [2025-06-12T11:21:44.668+0200] {dagbag.py:588} INFO - Filling up the DagBag from /Users/gordanaristova/MyProjects/MyRpaProject/venv/lib/python3.10/site-packages/airflow/example_dags/example_task_group.py
[2025-06-12T11:21:44.671+0200] {processor.py:925} INFO - DAG(s) 'example_task_group' retrieved from /Users/gordanaristova/MyProjects/MyRpaProject/venv/lib/python3.10/site-packages/airflow/example_dags/example_task_group.py
[2025-06-12T11:21:44.699+0200] {logging_mixin.py:190} INFO - [2025-06-12T11:21:44.699+0200] {dag.py:3239} INFO - Sync 1 DAGs
[2025-06-12T11:21:44.702+0200] {logging_mixin.py:190} INFO - [2025-06-12T11:21:44.702+0200] {dag.py:4180} INFO - Setting next_dagrun for example_task_group to None, run_after=None
[2025-06-12T11:21:44.707+0200] {processor.py:208} INFO - Processing /Users/gordanaristova/MyProjects/MyRpaProject/venv/lib/python3.10/site-packages/airflow/example_dags/example_task_group.py took 0.041 seconds
[2025-06-12T11:23:10.282+0200] {processor.py:186} INFO - Started process (PID=10126) to work on /Users/gordanaristova/MyProjects/MyRpaProject/venv/lib/python3.10/site-packages/airflow/example_dags/example_task_group.py
[2025-06-12T11:23:10.283+0200] {processor.py:914} INFO - Processing file /Users/gordanaristova/MyProjects/MyRpaProject/venv/lib/python3.10/site-packages/airflow/example_dags/example_task_group.py for tasks to queue
[2025-06-12T11:23:10.283+0200] {logging_mixin.py:190} INFO - [2025-06-12T11:23:10.283+0200] {dagbag.py:588} INFO - Filling up the DagBag from /Users/gordanaristova/MyProjects/MyRpaProject/venv/lib/python3.10/site-packages/airflow/example_dags/example_task_group.py
[2025-06-12T11:23:10.286+0200] {processor.py:925} INFO - DAG(s) 'example_task_group' retrieved from /Users/gordanaristova/MyProjects/MyRpaProject/venv/lib/python3.10/site-packages/airflow/example_dags/example_task_group.py
[2025-06-12T11:23:10.315+0200] {logging_mixin.py:190} INFO - [2025-06-12T11:23:10.315+0200] {dag.py:3239} INFO - Sync 1 DAGs
[2025-06-12T11:23:10.318+0200] {logging_mixin.py:190} INFO - [2025-06-12T11:23:10.318+0200] {dag.py:4180} INFO - Setting next_dagrun for example_task_group to None, run_after=None
[2025-06-12T11:23:10.323+0200] {processor.py:208} INFO - Processing /Users/gordanaristova/MyProjects/MyRpaProject/venv/lib/python3.10/site-packages/airflow/example_dags/example_task_group.py took 0.041 seconds
[2025-06-12T11:41:00.532+0200] {processor.py:186} INFO - Started process (PID=10407) to work on /Users/gordanaristova/MyProjects/MyRpaProject/venv/lib/python3.10/site-packages/airflow/example_dags/example_task_group.py
[2025-06-12T11:41:00.532+0200] {processor.py:914} INFO - Processing file /Users/gordanaristova/MyProjects/MyRpaProject/venv/lib/python3.10/site-packages/airflow/example_dags/example_task_group.py for tasks to queue
[2025-06-12T11:41:00.533+0200] {logging_mixin.py:190} INFO - [2025-06-12T11:41:00.533+0200] {dagbag.py:588} INFO - Filling up the DagBag from /Users/gordanaristova/MyProjects/MyRpaProject/venv/lib/python3.10/site-packages/airflow/example_dags/example_task_group.py
[2025-06-12T11:41:00.535+0200] {processor.py:925} INFO - DAG(s) 'example_task_group' retrieved from /Users/gordanaristova/MyProjects/MyRpaProject/venv/lib/python3.10/site-packages/airflow/example_dags/example_task_group.py
[2025-06-12T11:41:00.564+0200] {logging_mixin.py:190} INFO - [2025-06-12T11:41:00.564+0200] {dag.py:3239} INFO - Sync 1 DAGs
[2025-06-12T11:41:00.566+0200] {logging_mixin.py:190} INFO - [2025-06-12T11:41:00.566+0200] {dag.py:4180} INFO - Setting next_dagrun for example_task_group to None, run_after=None
[2025-06-12T11:41:00.571+0200] {processor.py:208} INFO - Processing /Users/gordanaristova/MyProjects/MyRpaProject/venv/lib/python3.10/site-packages/airflow/example_dags/example_task_group.py took 0.040 seconds
[2025-06-12T11:42:24.740+0200] {processor.py:186} INFO - Started process (PID=10492) to work on /Users/gordanaristova/MyProjects/MyRpaProject/venv/lib/python3.10/site-packages/airflow/example_dags/example_task_group.py
[2025-06-12T11:42:24.741+0200] {processor.py:914} INFO - Processing file /Users/gordanaristova/MyProjects/MyRpaProject/venv/lib/python3.10/site-packages/airflow/example_dags/example_task_group.py for tasks to queue
[2025-06-12T11:42:24.741+0200] {logging_mixin.py:190} INFO - [2025-06-12T11:42:24.741+0200] {dagbag.py:588} INFO - Filling up the DagBag from /Users/gordanaristova/MyProjects/MyRpaProject/venv/lib/python3.10/site-packages/airflow/example_dags/example_task_group.py
[2025-06-12T11:42:24.744+0200] {processor.py:925} INFO - DAG(s) 'example_task_group' retrieved from /Users/gordanaristova/MyProjects/MyRpaProject/venv/lib/python3.10/site-packages/airflow/example_dags/example_task_group.py
[2025-06-12T11:42:24.771+0200] {logging_mixin.py:190} INFO - [2025-06-12T11:42:24.771+0200] {dag.py:3239} INFO - Sync 1 DAGs
[2025-06-12T11:42:24.774+0200] {logging_mixin.py:190} INFO - [2025-06-12T11:42:24.774+0200] {dag.py:4180} INFO - Setting next_dagrun for example_task_group to None, run_after=None
[2025-06-12T11:42:24.779+0200] {processor.py:208} INFO - Processing /Users/gordanaristova/MyProjects/MyRpaProject/venv/lib/python3.10/site-packages/airflow/example_dags/example_task_group.py took 0.040 seconds
[2025-06-12T11:49:48.396+0200] {processor.py:186} INFO - Started process (PID=10629) to work on /Users/gordanaristova/MyProjects/MyRpaProject/venv/lib/python3.10/site-packages/airflow/example_dags/example_task_group.py
[2025-06-12T11:49:48.396+0200] {processor.py:914} INFO - Processing file /Users/gordanaristova/MyProjects/MyRpaProject/venv/lib/python3.10/site-packages/airflow/example_dags/example_task_group.py for tasks to queue
[2025-06-12T11:49:48.397+0200] {logging_mixin.py:190} INFO - [2025-06-12T11:49:48.397+0200] {dagbag.py:588} INFO - Filling up the DagBag from /Users/gordanaristova/MyProjects/MyRpaProject/venv/lib/python3.10/site-packages/airflow/example_dags/example_task_group.py
[2025-06-12T11:49:48.399+0200] {processor.py:925} INFO - DAG(s) 'example_task_group' retrieved from /Users/gordanaristova/MyProjects/MyRpaProject/venv/lib/python3.10/site-packages/airflow/example_dags/example_task_group.py
[2025-06-12T11:49:48.427+0200] {logging_mixin.py:190} INFO - [2025-06-12T11:49:48.427+0200] {dag.py:3239} INFO - Sync 1 DAGs
[2025-06-12T11:49:48.430+0200] {logging_mixin.py:190} INFO - [2025-06-12T11:49:48.430+0200] {dag.py:4180} INFO - Setting next_dagrun for example_task_group to None, run_after=None
[2025-06-12T11:49:48.435+0200] {processor.py:208} INFO - Processing /Users/gordanaristova/MyProjects/MyRpaProject/venv/lib/python3.10/site-packages/airflow/example_dags/example_task_group.py took 0.039 seconds
[2025-06-12T11:51:15.010+0200] {processor.py:186} INFO - Started process (PID=10713) to work on /Users/gordanaristova/MyProjects/MyRpaProject/venv/lib/python3.10/site-packages/airflow/example_dags/example_task_group.py
[2025-06-12T11:51:15.011+0200] {processor.py:914} INFO - Processing file /Users/gordanaristova/MyProjects/MyRpaProject/venv/lib/python3.10/site-packages/airflow/example_dags/example_task_group.py for tasks to queue
[2025-06-12T11:51:15.012+0200] {logging_mixin.py:190} INFO - [2025-06-12T11:51:15.011+0200] {dagbag.py:588} INFO - Filling up the DagBag from /Users/gordanaristova/MyProjects/MyRpaProject/venv/lib/python3.10/site-packages/airflow/example_dags/example_task_group.py
[2025-06-12T11:51:15.014+0200] {processor.py:925} INFO - DAG(s) 'example_task_group' retrieved from /Users/gordanaristova/MyProjects/MyRpaProject/venv/lib/python3.10/site-packages/airflow/example_dags/example_task_group.py
[2025-06-12T11:51:15.043+0200] {logging_mixin.py:190} INFO - [2025-06-12T11:51:15.043+0200] {dag.py:3239} INFO - Sync 1 DAGs
[2025-06-12T11:51:15.046+0200] {logging_mixin.py:190} INFO - [2025-06-12T11:51:15.046+0200] {dag.py:4180} INFO - Setting next_dagrun for example_task_group to None, run_after=None
[2025-06-12T11:51:15.050+0200] {processor.py:208} INFO - Processing /Users/gordanaristova/MyProjects/MyRpaProject/venv/lib/python3.10/site-packages/airflow/example_dags/example_task_group.py took 0.041 seconds
[2025-06-12T11:53:01.944+0200] {processor.py:186} INFO - Started process (PID=10825) to work on /Users/gordanaristova/MyProjects/MyRpaProject/venv/lib/python3.10/site-packages/airflow/example_dags/example_task_group.py
[2025-06-12T11:53:01.945+0200] {processor.py:914} INFO - Processing file /Users/gordanaristova/MyProjects/MyRpaProject/venv/lib/python3.10/site-packages/airflow/example_dags/example_task_group.py for tasks to queue
[2025-06-12T11:53:01.946+0200] {logging_mixin.py:190} INFO - [2025-06-12T11:53:01.945+0200] {dagbag.py:588} INFO - Filling up the DagBag from /Users/gordanaristova/MyProjects/MyRpaProject/venv/lib/python3.10/site-packages/airflow/example_dags/example_task_group.py
[2025-06-12T11:53:01.948+0200] {processor.py:925} INFO - DAG(s) 'example_task_group' retrieved from /Users/gordanaristova/MyProjects/MyRpaProject/venv/lib/python3.10/site-packages/airflow/example_dags/example_task_group.py
[2025-06-12T11:53:01.977+0200] {logging_mixin.py:190} INFO - [2025-06-12T11:53:01.977+0200] {dag.py:3239} INFO - Sync 1 DAGs
[2025-06-12T11:53:01.980+0200] {logging_mixin.py:190} INFO - [2025-06-12T11:53:01.980+0200] {dag.py:4180} INFO - Setting next_dagrun for example_task_group to None, run_after=None
[2025-06-12T11:53:01.985+0200] {processor.py:208} INFO - Processing /Users/gordanaristova/MyProjects/MyRpaProject/venv/lib/python3.10/site-packages/airflow/example_dags/example_task_group.py took 0.041 seconds
[2025-06-12T11:54:50.976+0200] {processor.py:186} INFO - Started process (PID=10913) to work on /Users/gordanaristova/MyProjects/MyRpaProject/venv/lib/python3.10/site-packages/airflow/example_dags/example_task_group.py
[2025-06-12T11:54:50.977+0200] {processor.py:914} INFO - Processing file /Users/gordanaristova/MyProjects/MyRpaProject/venv/lib/python3.10/site-packages/airflow/example_dags/example_task_group.py for tasks to queue
[2025-06-12T11:54:50.977+0200] {logging_mixin.py:190} INFO - [2025-06-12T11:54:50.977+0200] {dagbag.py:588} INFO - Filling up the DagBag from /Users/gordanaristova/MyProjects/MyRpaProject/venv/lib/python3.10/site-packages/airflow/example_dags/example_task_group.py
[2025-06-12T11:54:50.980+0200] {processor.py:925} INFO - DAG(s) 'example_task_group' retrieved from /Users/gordanaristova/MyProjects/MyRpaProject/venv/lib/python3.10/site-packages/airflow/example_dags/example_task_group.py
[2025-06-12T11:54:51.010+0200] {logging_mixin.py:190} INFO - [2025-06-12T11:54:51.010+0200] {dag.py:3239} INFO - Sync 1 DAGs
[2025-06-12T11:54:51.013+0200] {logging_mixin.py:190} INFO - [2025-06-12T11:54:51.013+0200] {dag.py:4180} INFO - Setting next_dagrun for example_task_group to None, run_after=None
[2025-06-12T11:54:51.017+0200] {processor.py:208} INFO - Processing /Users/gordanaristova/MyProjects/MyRpaProject/venv/lib/python3.10/site-packages/airflow/example_dags/example_task_group.py took 0.042 seconds
[2025-06-12T11:56:39.614+0200] {processor.py:186} INFO - Started process (PID=11028) to work on /Users/gordanaristova/MyProjects/MyRpaProject/venv/lib/python3.10/site-packages/airflow/example_dags/example_task_group.py
[2025-06-12T11:56:39.615+0200] {processor.py:914} INFO - Processing file /Users/gordanaristova/MyProjects/MyRpaProject/venv/lib/python3.10/site-packages/airflow/example_dags/example_task_group.py for tasks to queue
[2025-06-12T11:56:39.615+0200] {logging_mixin.py:190} INFO - [2025-06-12T11:56:39.615+0200] {dagbag.py:588} INFO - Filling up the DagBag from /Users/gordanaristova/MyProjects/MyRpaProject/venv/lib/python3.10/site-packages/airflow/example_dags/example_task_group.py
[2025-06-12T11:56:39.618+0200] {processor.py:925} INFO - DAG(s) 'example_task_group' retrieved from /Users/gordanaristova/MyProjects/MyRpaProject/venv/lib/python3.10/site-packages/airflow/example_dags/example_task_group.py
[2025-06-12T11:56:39.647+0200] {logging_mixin.py:190} INFO - [2025-06-12T11:56:39.647+0200] {dag.py:3239} INFO - Sync 1 DAGs
[2025-06-12T11:56:39.650+0200] {logging_mixin.py:190} INFO - [2025-06-12T11:56:39.650+0200] {dag.py:4180} INFO - Setting next_dagrun for example_task_group to None, run_after=None
[2025-06-12T11:56:39.655+0200] {processor.py:208} INFO - Processing /Users/gordanaristova/MyProjects/MyRpaProject/venv/lib/python3.10/site-packages/airflow/example_dags/example_task_group.py took 0.042 seconds
[2025-06-12T13:14:35.166+0200] {processor.py:186} INFO - Started process (PID=12999) to work on /Users/gordanaristova/MyProjects/MyRpaProject/venv/lib/python3.10/site-packages/airflow/example_dags/example_task_group.py
[2025-06-12T13:14:35.166+0200] {processor.py:914} INFO - Processing file /Users/gordanaristova/MyProjects/MyRpaProject/venv/lib/python3.10/site-packages/airflow/example_dags/example_task_group.py for tasks to queue
[2025-06-12T13:14:35.167+0200] {logging_mixin.py:190} INFO - [2025-06-12T13:14:35.167+0200] {dagbag.py:588} INFO - Filling up the DagBag from /Users/gordanaristova/MyProjects/MyRpaProject/venv/lib/python3.10/site-packages/airflow/example_dags/example_task_group.py
[2025-06-12T13:14:35.169+0200] {processor.py:925} INFO - DAG(s) 'example_task_group' retrieved from /Users/gordanaristova/MyProjects/MyRpaProject/venv/lib/python3.10/site-packages/airflow/example_dags/example_task_group.py
[2025-06-12T13:14:35.199+0200] {logging_mixin.py:190} INFO - [2025-06-12T13:14:35.199+0200] {dag.py:3239} INFO - Sync 1 DAGs
[2025-06-12T13:14:35.202+0200] {logging_mixin.py:190} INFO - [2025-06-12T13:14:35.202+0200] {dag.py:4180} INFO - Setting next_dagrun for example_task_group to None, run_after=None
[2025-06-12T13:14:35.207+0200] {processor.py:208} INFO - Processing /Users/gordanaristova/MyProjects/MyRpaProject/venv/lib/python3.10/site-packages/airflow/example_dags/example_task_group.py took 0.042 seconds
[2025-06-12T13:16:07.068+0200] {processor.py:186} INFO - Started process (PID=13088) to work on /Users/gordanaristova/MyProjects/MyRpaProject/venv/lib/python3.10/site-packages/airflow/example_dags/example_task_group.py
[2025-06-12T13:16:07.069+0200] {processor.py:914} INFO - Processing file /Users/gordanaristova/MyProjects/MyRpaProject/venv/lib/python3.10/site-packages/airflow/example_dags/example_task_group.py for tasks to queue
[2025-06-12T13:16:07.070+0200] {logging_mixin.py:190} INFO - [2025-06-12T13:16:07.070+0200] {dagbag.py:588} INFO - Filling up the DagBag from /Users/gordanaristova/MyProjects/MyRpaProject/venv/lib/python3.10/site-packages/airflow/example_dags/example_task_group.py
[2025-06-12T13:16:07.072+0200] {processor.py:925} INFO - DAG(s) 'example_task_group' retrieved from /Users/gordanaristova/MyProjects/MyRpaProject/venv/lib/python3.10/site-packages/airflow/example_dags/example_task_group.py
[2025-06-12T13:16:07.102+0200] {logging_mixin.py:190} INFO - [2025-06-12T13:16:07.102+0200] {dag.py:3239} INFO - Sync 1 DAGs
[2025-06-12T13:16:07.105+0200] {logging_mixin.py:190} INFO - [2025-06-12T13:16:07.105+0200] {dag.py:4180} INFO - Setting next_dagrun for example_task_group to None, run_after=None
[2025-06-12T13:16:07.110+0200] {processor.py:208} INFO - Processing /Users/gordanaristova/MyProjects/MyRpaProject/venv/lib/python3.10/site-packages/airflow/example_dags/example_task_group.py took 0.042 seconds
