[2025-06-12T10:36:56.101+0200] {processor.py:186} INFO - Started process (PID=8434) to work on /Users/gordanaristova/MyProjects/MyRpaProject/venv/lib/python3.10/site-packages/airflow/example_dags/example_sensor_decorator.py
[2025-06-12T10:36:56.102+0200] {processor.py:914} INFO - Processing file /Users/gordanaristova/MyProjects/MyRpaProject/venv/lib/python3.10/site-packages/airflow/example_dags/example_sensor_decorator.py for tasks to queue
[2025-06-12T10:36:56.102+0200] {logging_mixin.py:190} INFO - [2025-06-12T10:36:56.102+0200] {dagbag.py:588} INFO - Filling up the DagBag from /Users/gordanaristova/MyProjects/MyRpaProject/venv/lib/python3.10/site-packages/airflow/example_dags/example_sensor_decorator.py
[2025-06-12T10:36:56.113+0200] {processor.py:925} INFO - DAG(s) 'example_sensor_decorator' retrieved from /Users/gordanaristova/MyProjects/MyRpaProject/venv/lib/python3.10/site-packages/airflow/example_dags/example_sensor_decorator.py
[2025-06-12T10:36:56.320+0200] {logging_mixin.py:190} INFO - [2025-06-12T10:36:56.320+0200] {override.py:1900} INFO - Created Permission View: can edit on DAG:example_sensor_decorator
[2025-06-12T10:36:56.323+0200] {logging_mixin.py:190} INFO - [2025-06-12T10:36:56.323+0200] {override.py:1900} INFO - Created Permission View: can delete on DAG:example_sensor_decorator
[2025-06-12T10:36:56.324+0200] {logging_mixin.py:190} INFO - [2025-06-12T10:36:56.324+0200] {override.py:1900} INFO - Created Permission View: can read on DAG:example_sensor_decorator
[2025-06-12T10:36:56.326+0200] {logging_mixin.py:190} INFO - [2025-06-12T10:36:56.326+0200] {override.py:1900} INFO - Created Permission View: menu access on DAG Run:example_sensor_decorator
[2025-06-12T10:36:56.327+0200] {logging_mixin.py:190} INFO - [2025-06-12T10:36:56.327+0200] {override.py:1900} INFO - Created Permission View: can delete on DAG Run:example_sensor_decorator
[2025-06-12T10:36:56.328+0200] {logging_mixin.py:190} INFO - [2025-06-12T10:36:56.328+0200] {override.py:1900} INFO - Created Permission View: can create on DAG Run:example_sensor_decorator
[2025-06-12T10:36:56.330+0200] {logging_mixin.py:190} INFO - [2025-06-12T10:36:56.330+0200] {override.py:1900} INFO - Created Permission View: can read on DAG Run:example_sensor_decorator
[2025-06-12T10:36:56.330+0200] {logging_mixin.py:190} INFO - [2025-06-12T10:36:56.330+0200] {dag.py:3239} INFO - Sync 1 DAGs
[2025-06-12T10:36:56.333+0200] {logging_mixin.py:190} INFO - [2025-06-12T10:36:56.333+0200] {dag.py:3262} INFO - Creating ORM DAG for example_sensor_decorator
[2025-06-12T10:36:56.333+0200] {logging_mixin.py:190} INFO - [2025-06-12T10:36:56.333+0200] {dag.py:4180} INFO - Setting next_dagrun for example_sensor_decorator to None, run_after=None
[2025-06-12T10:36:56.337+0200] {processor.py:208} INFO - Processing /Users/gordanaristova/MyProjects/MyRpaProject/venv/lib/python3.10/site-packages/airflow/example_dags/example_sensor_decorator.py took 0.237 seconds
[2025-06-12T10:38:22.231+0200] {processor.py:186} INFO - Started process (PID=8509) to work on /Users/gordanaristova/MyProjects/MyRpaProject/venv/lib/python3.10/site-packages/airflow/example_dags/example_sensor_decorator.py
[2025-06-12T10:38:22.232+0200] {processor.py:914} INFO - Processing file /Users/gordanaristova/MyProjects/MyRpaProject/venv/lib/python3.10/site-packages/airflow/example_dags/example_sensor_decorator.py for tasks to queue
[2025-06-12T10:38:22.233+0200] {logging_mixin.py:190} INFO - [2025-06-12T10:38:22.233+0200] {dagbag.py:588} INFO - Filling up the DagBag from /Users/gordanaristova/MyProjects/MyRpaProject/venv/lib/python3.10/site-packages/airflow/example_dags/example_sensor_decorator.py
[2025-06-12T10:38:22.243+0200] {processor.py:925} INFO - DAG(s) 'example_sensor_decorator' retrieved from /Users/gordanaristova/MyProjects/MyRpaProject/venv/lib/python3.10/site-packages/airflow/example_dags/example_sensor_decorator.py
[2025-06-12T10:38:22.426+0200] {logging_mixin.py:190} INFO - [2025-06-12T10:38:22.426+0200] {dag.py:3239} INFO - Sync 1 DAGs
[2025-06-12T10:38:22.429+0200] {logging_mixin.py:190} INFO - [2025-06-12T10:38:22.429+0200] {dag.py:4180} INFO - Setting next_dagrun for example_sensor_decorator to None, run_after=None
[2025-06-12T10:38:22.433+0200] {processor.py:208} INFO - Processing /Users/gordanaristova/MyProjects/MyRpaProject/venv/lib/python3.10/site-packages/airflow/example_dags/example_sensor_decorator.py took 0.203 seconds
[2025-06-12T10:40:05.578+0200] {processor.py:186} INFO - Started process (PID=8593) to work on /Users/gordanaristova/MyProjects/MyRpaProject/venv/lib/python3.10/site-packages/airflow/example_dags/example_sensor_decorator.py
[2025-06-12T10:40:05.579+0200] {processor.py:914} INFO - Processing file /Users/gordanaristova/MyProjects/MyRpaProject/venv/lib/python3.10/site-packages/airflow/example_dags/example_sensor_decorator.py for tasks to queue
[2025-06-12T10:40:05.580+0200] {logging_mixin.py:190} INFO - [2025-06-12T10:40:05.580+0200] {dagbag.py:588} INFO - Filling up the DagBag from /Users/gordanaristova/MyProjects/MyRpaProject/venv/lib/python3.10/site-packages/airflow/example_dags/example_sensor_decorator.py
[2025-06-12T10:40:05.590+0200] {processor.py:925} INFO - DAG(s) 'example_sensor_decorator' retrieved from /Users/gordanaristova/MyProjects/MyRpaProject/venv/lib/python3.10/site-packages/airflow/example_dags/example_sensor_decorator.py
[2025-06-12T10:40:05.774+0200] {logging_mixin.py:190} INFO - [2025-06-12T10:40:05.774+0200] {dag.py:3239} INFO - Sync 1 DAGs
[2025-06-12T10:40:05.778+0200] {logging_mixin.py:190} INFO - [2025-06-12T10:40:05.778+0200] {dag.py:4180} INFO - Setting next_dagrun for example_sensor_decorator to None, run_after=None
[2025-06-12T10:40:05.783+0200] {processor.py:208} INFO - Processing /Users/gordanaristova/MyProjects/MyRpaProject/venv/lib/python3.10/site-packages/airflow/example_dags/example_sensor_decorator.py took 0.205 seconds
[2025-06-12T10:41:50.694+0200] {processor.py:186} INFO - Started process (PID=8681) to work on /Users/gordanaristova/MyProjects/MyRpaProject/venv/lib/python3.10/site-packages/airflow/example_dags/example_sensor_decorator.py
[2025-06-12T10:41:50.695+0200] {processor.py:914} INFO - Processing file /Users/gordanaristova/MyProjects/MyRpaProject/venv/lib/python3.10/site-packages/airflow/example_dags/example_sensor_decorator.py for tasks to queue
[2025-06-12T10:41:50.695+0200] {logging_mixin.py:190} INFO - [2025-06-12T10:41:50.695+0200] {dagbag.py:588} INFO - Filling up the DagBag from /Users/gordanaristova/MyProjects/MyRpaProject/venv/lib/python3.10/site-packages/airflow/example_dags/example_sensor_decorator.py
[2025-06-12T10:41:50.705+0200] {processor.py:925} INFO - DAG(s) 'example_sensor_decorator' retrieved from /Users/gordanaristova/MyProjects/MyRpaProject/venv/lib/python3.10/site-packages/airflow/example_dags/example_sensor_decorator.py
[2025-06-12T10:41:50.891+0200] {logging_mixin.py:190} INFO - [2025-06-12T10:41:50.891+0200] {dag.py:3239} INFO - Sync 1 DAGs
[2025-06-12T10:41:50.894+0200] {logging_mixin.py:190} INFO - [2025-06-12T10:41:50.894+0200] {dag.py:4180} INFO - Setting next_dagrun for example_sensor_decorator to None, run_after=None
[2025-06-12T10:41:50.899+0200] {processor.py:208} INFO - Processing /Users/gordanaristova/MyProjects/MyRpaProject/venv/lib/python3.10/site-packages/airflow/example_dags/example_sensor_decorator.py took 0.206 seconds
[2025-06-12T10:43:37.256+0200] {processor.py:186} INFO - Started process (PID=8816) to work on /Users/gordanaristova/MyProjects/MyRpaProject/venv/lib/python3.10/site-packages/airflow/example_dags/example_sensor_decorator.py
[2025-06-12T10:43:37.256+0200] {processor.py:914} INFO - Processing file /Users/gordanaristova/MyProjects/MyRpaProject/venv/lib/python3.10/site-packages/airflow/example_dags/example_sensor_decorator.py for tasks to queue
[2025-06-12T10:43:37.257+0200] {logging_mixin.py:190} INFO - [2025-06-12T10:43:37.256+0200] {dagbag.py:588} INFO - Filling up the DagBag from /Users/gordanaristova/MyProjects/MyRpaProject/venv/lib/python3.10/site-packages/airflow/example_dags/example_sensor_decorator.py
[2025-06-12T10:43:37.270+0200] {processor.py:925} INFO - DAG(s) 'example_sensor_decorator' retrieved from /Users/gordanaristova/MyProjects/MyRpaProject/venv/lib/python3.10/site-packages/airflow/example_dags/example_sensor_decorator.py
[2025-06-12T10:43:37.476+0200] {logging_mixin.py:190} INFO - [2025-06-12T10:43:37.476+0200] {dag.py:3239} INFO - Sync 1 DAGs
[2025-06-12T10:43:37.480+0200] {logging_mixin.py:190} INFO - [2025-06-12T10:43:37.480+0200] {dag.py:4180} INFO - Setting next_dagrun for example_sensor_decorator to None, run_after=None
[2025-06-12T10:43:37.485+0200] {processor.py:208} INFO - Processing /Users/gordanaristova/MyProjects/MyRpaProject/venv/lib/python3.10/site-packages/airflow/example_dags/example_sensor_decorator.py took 0.230 seconds
[2025-06-12T10:45:23.233+0200] {processor.py:186} INFO - Started process (PID=8916) to work on /Users/gordanaristova/MyProjects/MyRpaProject/venv/lib/python3.10/site-packages/airflow/example_dags/example_sensor_decorator.py
[2025-06-12T10:45:23.234+0200] {processor.py:914} INFO - Processing file /Users/gordanaristova/MyProjects/MyRpaProject/venv/lib/python3.10/site-packages/airflow/example_dags/example_sensor_decorator.py for tasks to queue
[2025-06-12T10:45:23.234+0200] {logging_mixin.py:190} INFO - [2025-06-12T10:45:23.234+0200] {dagbag.py:588} INFO - Filling up the DagBag from /Users/gordanaristova/MyProjects/MyRpaProject/venv/lib/python3.10/site-packages/airflow/example_dags/example_sensor_decorator.py
[2025-06-12T10:45:23.245+0200] {processor.py:925} INFO - DAG(s) 'example_sensor_decorator' retrieved from /Users/gordanaristova/MyProjects/MyRpaProject/venv/lib/python3.10/site-packages/airflow/example_dags/example_sensor_decorator.py
[2025-06-12T10:45:23.432+0200] {logging_mixin.py:190} INFO - [2025-06-12T10:45:23.432+0200] {dag.py:3239} INFO - Sync 1 DAGs
[2025-06-12T10:45:23.435+0200] {logging_mixin.py:190} INFO - [2025-06-12T10:45:23.435+0200] {dag.py:4180} INFO - Setting next_dagrun for example_sensor_decorator to None, run_after=None
[2025-06-12T10:45:23.440+0200] {processor.py:208} INFO - Processing /Users/gordanaristova/MyProjects/MyRpaProject/venv/lib/python3.10/site-packages/airflow/example_dags/example_sensor_decorator.py took 0.208 seconds
[2025-06-12T10:47:07.954+0200] {processor.py:186} INFO - Started process (PID=9037) to work on /Users/gordanaristova/MyProjects/MyRpaProject/venv/lib/python3.10/site-packages/airflow/example_dags/example_sensor_decorator.py
[2025-06-12T10:47:07.955+0200] {processor.py:914} INFO - Processing file /Users/gordanaristova/MyProjects/MyRpaProject/venv/lib/python3.10/site-packages/airflow/example_dags/example_sensor_decorator.py for tasks to queue
[2025-06-12T10:47:07.956+0200] {logging_mixin.py:190} INFO - [2025-06-12T10:47:07.956+0200] {dagbag.py:588} INFO - Filling up the DagBag from /Users/gordanaristova/MyProjects/MyRpaProject/venv/lib/python3.10/site-packages/airflow/example_dags/example_sensor_decorator.py
[2025-06-12T10:47:07.966+0200] {processor.py:925} INFO - DAG(s) 'example_sensor_decorator' retrieved from /Users/gordanaristova/MyProjects/MyRpaProject/venv/lib/python3.10/site-packages/airflow/example_dags/example_sensor_decorator.py
[2025-06-12T10:47:08.151+0200] {logging_mixin.py:190} INFO - [2025-06-12T10:47:08.151+0200] {dag.py:3239} INFO - Sync 1 DAGs
[2025-06-12T10:47:08.155+0200] {logging_mixin.py:190} INFO - [2025-06-12T10:47:08.155+0200] {dag.py:4180} INFO - Setting next_dagrun for example_sensor_decorator to None, run_after=None
[2025-06-12T10:47:08.159+0200] {processor.py:208} INFO - Processing /Users/gordanaristova/MyProjects/MyRpaProject/venv/lib/python3.10/site-packages/airflow/example_dags/example_sensor_decorator.py took 0.206 seconds
[2025-06-12T10:49:02.516+0200] {processor.py:186} INFO - Started process (PID=9182) to work on /Users/gordanaristova/MyProjects/MyRpaProject/venv/lib/python3.10/site-packages/airflow/example_dags/example_sensor_decorator.py
[2025-06-12T10:49:02.516+0200] {processor.py:914} INFO - Processing file /Users/gordanaristova/MyProjects/MyRpaProject/venv/lib/python3.10/site-packages/airflow/example_dags/example_sensor_decorator.py for tasks to queue
[2025-06-12T10:49:02.517+0200] {logging_mixin.py:190} INFO - [2025-06-12T10:49:02.517+0200] {dagbag.py:588} INFO - Filling up the DagBag from /Users/gordanaristova/MyProjects/MyRpaProject/venv/lib/python3.10/site-packages/airflow/example_dags/example_sensor_decorator.py
[2025-06-12T10:49:02.527+0200] {processor.py:925} INFO - DAG(s) 'example_sensor_decorator' retrieved from /Users/gordanaristova/MyProjects/MyRpaProject/venv/lib/python3.10/site-packages/airflow/example_dags/example_sensor_decorator.py
[2025-06-12T10:49:02.710+0200] {logging_mixin.py:190} INFO - [2025-06-12T10:49:02.710+0200] {dag.py:3239} INFO - Sync 1 DAGs
[2025-06-12T10:49:02.714+0200] {logging_mixin.py:190} INFO - [2025-06-12T10:49:02.714+0200] {dag.py:4180} INFO - Setting next_dagrun for example_sensor_decorator to None, run_after=None
[2025-06-12T10:49:02.718+0200] {processor.py:208} INFO - Processing /Users/gordanaristova/MyProjects/MyRpaProject/venv/lib/python3.10/site-packages/airflow/example_dags/example_sensor_decorator.py took 0.203 seconds
[2025-06-12T10:57:08.549+0200] {processor.py:186} INFO - Started process (PID=9445) to work on /Users/gordanaristova/MyProjects/MyRpaProject/venv/lib/python3.10/site-packages/airflow/example_dags/example_sensor_decorator.py
[2025-06-12T10:57:08.550+0200] {processor.py:914} INFO - Processing file /Users/gordanaristova/MyProjects/MyRpaProject/venv/lib/python3.10/site-packages/airflow/example_dags/example_sensor_decorator.py for tasks to queue
[2025-06-12T10:57:08.550+0200] {logging_mixin.py:190} INFO - [2025-06-12T10:57:08.550+0200] {dagbag.py:588} INFO - Filling up the DagBag from /Users/gordanaristova/MyProjects/MyRpaProject/venv/lib/python3.10/site-packages/airflow/example_dags/example_sensor_decorator.py
[2025-06-12T10:57:08.561+0200] {processor.py:925} INFO - DAG(s) 'example_sensor_decorator' retrieved from /Users/gordanaristova/MyProjects/MyRpaProject/venv/lib/python3.10/site-packages/airflow/example_dags/example_sensor_decorator.py
[2025-06-12T10:57:08.748+0200] {logging_mixin.py:190} INFO - [2025-06-12T10:57:08.748+0200] {dag.py:3239} INFO - Sync 1 DAGs
[2025-06-12T10:57:08.751+0200] {logging_mixin.py:190} INFO - [2025-06-12T10:57:08.751+0200] {dag.py:4180} INFO - Setting next_dagrun for example_sensor_decorator to None, run_after=None
[2025-06-12T10:57:08.756+0200] {processor.py:208} INFO - Processing /Users/gordanaristova/MyProjects/MyRpaProject/venv/lib/python3.10/site-packages/airflow/example_dags/example_sensor_decorator.py took 0.208 seconds
[2025-06-12T10:58:34.719+0200] {processor.py:186} INFO - Started process (PID=9540) to work on /Users/gordanaristova/MyProjects/MyRpaProject/venv/lib/python3.10/site-packages/airflow/example_dags/example_sensor_decorator.py
[2025-06-12T10:58:34.720+0200] {processor.py:914} INFO - Processing file /Users/gordanaristova/MyProjects/MyRpaProject/venv/lib/python3.10/site-packages/airflow/example_dags/example_sensor_decorator.py for tasks to queue
[2025-06-12T10:58:34.720+0200] {logging_mixin.py:190} INFO - [2025-06-12T10:58:34.720+0200] {dagbag.py:588} INFO - Filling up the DagBag from /Users/gordanaristova/MyProjects/MyRpaProject/venv/lib/python3.10/site-packages/airflow/example_dags/example_sensor_decorator.py
[2025-06-12T10:58:34.731+0200] {processor.py:925} INFO - DAG(s) 'example_sensor_decorator' retrieved from /Users/gordanaristova/MyProjects/MyRpaProject/venv/lib/python3.10/site-packages/airflow/example_dags/example_sensor_decorator.py
[2025-06-12T10:58:34.915+0200] {logging_mixin.py:190} INFO - [2025-06-12T10:58:34.915+0200] {dag.py:3239} INFO - Sync 1 DAGs
[2025-06-12T10:58:34.918+0200] {logging_mixin.py:190} INFO - [2025-06-12T10:58:34.918+0200] {dag.py:4180} INFO - Setting next_dagrun for example_sensor_decorator to None, run_after=None
[2025-06-12T10:58:34.923+0200] {processor.py:208} INFO - Processing /Users/gordanaristova/MyProjects/MyRpaProject/venv/lib/python3.10/site-packages/airflow/example_dags/example_sensor_decorator.py took 0.205 seconds
[2025-06-12T11:11:52.944+0200] {processor.py:186} INFO - Started process (PID=9761) to work on /Users/gordanaristova/MyProjects/MyRpaProject/venv/lib/python3.10/site-packages/airflow/example_dags/example_sensor_decorator.py
[2025-06-12T11:11:52.946+0200] {processor.py:914} INFO - Processing file /Users/gordanaristova/MyProjects/MyRpaProject/venv/lib/python3.10/site-packages/airflow/example_dags/example_sensor_decorator.py for tasks to queue
[2025-06-12T11:11:52.946+0200] {logging_mixin.py:190} INFO - [2025-06-12T11:11:52.946+0200] {dagbag.py:588} INFO - Filling up the DagBag from /Users/gordanaristova/MyProjects/MyRpaProject/venv/lib/python3.10/site-packages/airflow/example_dags/example_sensor_decorator.py
[2025-06-12T11:11:52.956+0200] {processor.py:925} INFO - DAG(s) 'example_sensor_decorator' retrieved from /Users/gordanaristova/MyProjects/MyRpaProject/venv/lib/python3.10/site-packages/airflow/example_dags/example_sensor_decorator.py
[2025-06-12T11:11:53.140+0200] {logging_mixin.py:190} INFO - [2025-06-12T11:11:53.140+0200] {dag.py:3239} INFO - Sync 1 DAGs
[2025-06-12T11:11:53.144+0200] {logging_mixin.py:190} INFO - [2025-06-12T11:11:53.143+0200] {dag.py:4180} INFO - Setting next_dagrun for example_sensor_decorator to None, run_after=None
[2025-06-12T11:11:53.148+0200] {processor.py:208} INFO - Processing /Users/gordanaristova/MyProjects/MyRpaProject/venv/lib/python3.10/site-packages/airflow/example_dags/example_sensor_decorator.py took 0.205 seconds
[2025-06-12T11:13:20.598+0200] {processor.py:186} INFO - Started process (PID=9855) to work on /Users/gordanaristova/MyProjects/MyRpaProject/venv/lib/python3.10/site-packages/airflow/example_dags/example_sensor_decorator.py
[2025-06-12T11:13:20.600+0200] {processor.py:914} INFO - Processing file /Users/gordanaristova/MyProjects/MyRpaProject/venv/lib/python3.10/site-packages/airflow/example_dags/example_sensor_decorator.py for tasks to queue
[2025-06-12T11:13:20.600+0200] {logging_mixin.py:190} INFO - [2025-06-12T11:13:20.600+0200] {dagbag.py:588} INFO - Filling up the DagBag from /Users/gordanaristova/MyProjects/MyRpaProject/venv/lib/python3.10/site-packages/airflow/example_dags/example_sensor_decorator.py
[2025-06-12T11:13:20.610+0200] {processor.py:925} INFO - DAG(s) 'example_sensor_decorator' retrieved from /Users/gordanaristova/MyProjects/MyRpaProject/venv/lib/python3.10/site-packages/airflow/example_dags/example_sensor_decorator.py
[2025-06-12T11:13:20.796+0200] {logging_mixin.py:190} INFO - [2025-06-12T11:13:20.796+0200] {dag.py:3239} INFO - Sync 1 DAGs
[2025-06-12T11:13:20.800+0200] {logging_mixin.py:190} INFO - [2025-06-12T11:13:20.800+0200] {dag.py:4180} INFO - Setting next_dagrun for example_sensor_decorator to None, run_after=None
[2025-06-12T11:13:20.805+0200] {processor.py:208} INFO - Processing /Users/gordanaristova/MyProjects/MyRpaProject/venv/lib/python3.10/site-packages/airflow/example_dags/example_sensor_decorator.py took 0.207 seconds
[2025-06-12T11:21:57.698+0200] {processor.py:186} INFO - Started process (PID=10050) to work on /Users/gordanaristova/MyProjects/MyRpaProject/venv/lib/python3.10/site-packages/airflow/example_dags/example_sensor_decorator.py
[2025-06-12T11:21:57.698+0200] {processor.py:914} INFO - Processing file /Users/gordanaristova/MyProjects/MyRpaProject/venv/lib/python3.10/site-packages/airflow/example_dags/example_sensor_decorator.py for tasks to queue
[2025-06-12T11:21:57.698+0200] {logging_mixin.py:190} INFO - [2025-06-12T11:21:57.698+0200] {dagbag.py:588} INFO - Filling up the DagBag from /Users/gordanaristova/MyProjects/MyRpaProject/venv/lib/python3.10/site-packages/airflow/example_dags/example_sensor_decorator.py
[2025-06-12T11:21:57.711+0200] {processor.py:925} INFO - DAG(s) 'example_sensor_decorator' retrieved from /Users/gordanaristova/MyProjects/MyRpaProject/venv/lib/python3.10/site-packages/airflow/example_dags/example_sensor_decorator.py
[2025-06-12T11:21:57.907+0200] {logging_mixin.py:190} INFO - [2025-06-12T11:21:57.907+0200] {dag.py:3239} INFO - Sync 1 DAGs
[2025-06-12T11:21:57.911+0200] {logging_mixin.py:190} INFO - [2025-06-12T11:21:57.911+0200] {dag.py:4180} INFO - Setting next_dagrun for example_sensor_decorator to None, run_after=None
[2025-06-12T11:21:57.915+0200] {processor.py:208} INFO - Processing /Users/gordanaristova/MyProjects/MyRpaProject/venv/lib/python3.10/site-packages/airflow/example_dags/example_sensor_decorator.py took 0.219 seconds
[2025-06-12T11:23:24.380+0200] {processor.py:186} INFO - Started process (PID=10142) to work on /Users/gordanaristova/MyProjects/MyRpaProject/venv/lib/python3.10/site-packages/airflow/example_dags/example_sensor_decorator.py
[2025-06-12T11:23:24.381+0200] {processor.py:914} INFO - Processing file /Users/gordanaristova/MyProjects/MyRpaProject/venv/lib/python3.10/site-packages/airflow/example_dags/example_sensor_decorator.py for tasks to queue
[2025-06-12T11:23:24.381+0200] {logging_mixin.py:190} INFO - [2025-06-12T11:23:24.381+0200] {dagbag.py:588} INFO - Filling up the DagBag from /Users/gordanaristova/MyProjects/MyRpaProject/venv/lib/python3.10/site-packages/airflow/example_dags/example_sensor_decorator.py
[2025-06-12T11:23:24.399+0200] {processor.py:925} INFO - DAG(s) 'example_sensor_decorator' retrieved from /Users/gordanaristova/MyProjects/MyRpaProject/venv/lib/python3.10/site-packages/airflow/example_dags/example_sensor_decorator.py
[2025-06-12T11:23:24.589+0200] {logging_mixin.py:190} INFO - [2025-06-12T11:23:24.589+0200] {dag.py:3239} INFO - Sync 1 DAGs
[2025-06-12T11:23:24.592+0200] {logging_mixin.py:190} INFO - [2025-06-12T11:23:24.592+0200] {dag.py:4180} INFO - Setting next_dagrun for example_sensor_decorator to None, run_after=None
[2025-06-12T11:23:24.597+0200] {processor.py:208} INFO - Processing /Users/gordanaristova/MyProjects/MyRpaProject/venv/lib/python3.10/site-packages/airflow/example_dags/example_sensor_decorator.py took 0.218 seconds
[2025-06-12T11:41:13.554+0200] {processor.py:186} INFO - Started process (PID=10420) to work on /Users/gordanaristova/MyProjects/MyRpaProject/venv/lib/python3.10/site-packages/airflow/example_dags/example_sensor_decorator.py
[2025-06-12T11:41:13.554+0200] {processor.py:914} INFO - Processing file /Users/gordanaristova/MyProjects/MyRpaProject/venv/lib/python3.10/site-packages/airflow/example_dags/example_sensor_decorator.py for tasks to queue
[2025-06-12T11:41:13.554+0200] {logging_mixin.py:190} INFO - [2025-06-12T11:41:13.554+0200] {dagbag.py:588} INFO - Filling up the DagBag from /Users/gordanaristova/MyProjects/MyRpaProject/venv/lib/python3.10/site-packages/airflow/example_dags/example_sensor_decorator.py
[2025-06-12T11:41:13.568+0200] {processor.py:925} INFO - DAG(s) 'example_sensor_decorator' retrieved from /Users/gordanaristova/MyProjects/MyRpaProject/venv/lib/python3.10/site-packages/airflow/example_dags/example_sensor_decorator.py
[2025-06-12T11:41:13.763+0200] {logging_mixin.py:190} INFO - [2025-06-12T11:41:13.763+0200] {dag.py:3239} INFO - Sync 1 DAGs
[2025-06-12T11:41:13.767+0200] {logging_mixin.py:190} INFO - [2025-06-12T11:41:13.767+0200] {dag.py:4180} INFO - Setting next_dagrun for example_sensor_decorator to None, run_after=None
[2025-06-12T11:41:13.772+0200] {processor.py:208} INFO - Processing /Users/gordanaristova/MyProjects/MyRpaProject/venv/lib/python3.10/site-packages/airflow/example_dags/example_sensor_decorator.py took 0.219 seconds
[2025-06-12T11:42:38.660+0200] {processor.py:186} INFO - Started process (PID=10505) to work on /Users/gordanaristova/MyProjects/MyRpaProject/venv/lib/python3.10/site-packages/airflow/example_dags/example_sensor_decorator.py
[2025-06-12T11:42:38.661+0200] {processor.py:914} INFO - Processing file /Users/gordanaristova/MyProjects/MyRpaProject/venv/lib/python3.10/site-packages/airflow/example_dags/example_sensor_decorator.py for tasks to queue
[2025-06-12T11:42:38.662+0200] {logging_mixin.py:190} INFO - [2025-06-12T11:42:38.662+0200] {dagbag.py:588} INFO - Filling up the DagBag from /Users/gordanaristova/MyProjects/MyRpaProject/venv/lib/python3.10/site-packages/airflow/example_dags/example_sensor_decorator.py
[2025-06-12T11:42:38.673+0200] {processor.py:925} INFO - DAG(s) 'example_sensor_decorator' retrieved from /Users/gordanaristova/MyProjects/MyRpaProject/venv/lib/python3.10/site-packages/airflow/example_dags/example_sensor_decorator.py
[2025-06-12T11:42:38.853+0200] {logging_mixin.py:190} INFO - [2025-06-12T11:42:38.853+0200] {dag.py:3239} INFO - Sync 1 DAGs
[2025-06-12T11:42:38.857+0200] {logging_mixin.py:190} INFO - [2025-06-12T11:42:38.857+0200] {dag.py:4180} INFO - Setting next_dagrun for example_sensor_decorator to None, run_after=None
[2025-06-12T11:42:38.861+0200] {processor.py:208} INFO - Processing /Users/gordanaristova/MyProjects/MyRpaProject/venv/lib/python3.10/site-packages/airflow/example_dags/example_sensor_decorator.py took 0.202 seconds
[2025-06-12T11:50:03.847+0200] {processor.py:186} INFO - Started process (PID=10642) to work on /Users/gordanaristova/MyProjects/MyRpaProject/venv/lib/python3.10/site-packages/airflow/example_dags/example_sensor_decorator.py
[2025-06-12T11:50:03.849+0200] {processor.py:914} INFO - Processing file /Users/gordanaristova/MyProjects/MyRpaProject/venv/lib/python3.10/site-packages/airflow/example_dags/example_sensor_decorator.py for tasks to queue
[2025-06-12T11:50:03.849+0200] {logging_mixin.py:190} INFO - [2025-06-12T11:50:03.849+0200] {dagbag.py:588} INFO - Filling up the DagBag from /Users/gordanaristova/MyProjects/MyRpaProject/venv/lib/python3.10/site-packages/airflow/example_dags/example_sensor_decorator.py
[2025-06-12T11:50:03.860+0200] {processor.py:925} INFO - DAG(s) 'example_sensor_decorator' retrieved from /Users/gordanaristova/MyProjects/MyRpaProject/venv/lib/python3.10/site-packages/airflow/example_dags/example_sensor_decorator.py
[2025-06-12T11:50:04.042+0200] {logging_mixin.py:190} INFO - [2025-06-12T11:50:04.042+0200] {dag.py:3239} INFO - Sync 1 DAGs
[2025-06-12T11:50:04.045+0200] {logging_mixin.py:190} INFO - [2025-06-12T11:50:04.045+0200] {dag.py:4180} INFO - Setting next_dagrun for example_sensor_decorator to None, run_after=None
[2025-06-12T11:50:04.050+0200] {processor.py:208} INFO - Processing /Users/gordanaristova/MyProjects/MyRpaProject/venv/lib/python3.10/site-packages/airflow/example_dags/example_sensor_decorator.py took 0.203 seconds
[2025-06-12T11:51:29.101+0200] {processor.py:186} INFO - Started process (PID=10729) to work on /Users/gordanaristova/MyProjects/MyRpaProject/venv/lib/python3.10/site-packages/airflow/example_dags/example_sensor_decorator.py
[2025-06-12T11:51:29.101+0200] {processor.py:914} INFO - Processing file /Users/gordanaristova/MyProjects/MyRpaProject/venv/lib/python3.10/site-packages/airflow/example_dags/example_sensor_decorator.py for tasks to queue
[2025-06-12T11:51:29.102+0200] {logging_mixin.py:190} INFO - [2025-06-12T11:51:29.102+0200] {dagbag.py:588} INFO - Filling up the DagBag from /Users/gordanaristova/MyProjects/MyRpaProject/venv/lib/python3.10/site-packages/airflow/example_dags/example_sensor_decorator.py
[2025-06-12T11:51:29.112+0200] {processor.py:925} INFO - DAG(s) 'example_sensor_decorator' retrieved from /Users/gordanaristova/MyProjects/MyRpaProject/venv/lib/python3.10/site-packages/airflow/example_dags/example_sensor_decorator.py
[2025-06-12T11:51:29.296+0200] {logging_mixin.py:190} INFO - [2025-06-12T11:51:29.296+0200] {dag.py:3239} INFO - Sync 1 DAGs
[2025-06-12T11:51:29.300+0200] {logging_mixin.py:190} INFO - [2025-06-12T11:51:29.299+0200] {dag.py:4180} INFO - Setting next_dagrun for example_sensor_decorator to None, run_after=None
[2025-06-12T11:51:29.304+0200] {processor.py:208} INFO - Processing /Users/gordanaristova/MyProjects/MyRpaProject/venv/lib/python3.10/site-packages/airflow/example_dags/example_sensor_decorator.py took 0.204 seconds
[2025-06-12T11:53:15.914+0200] {processor.py:186} INFO - Started process (PID=10834) to work on /Users/gordanaristova/MyProjects/MyRpaProject/venv/lib/python3.10/site-packages/airflow/example_dags/example_sensor_decorator.py
[2025-06-12T11:53:15.914+0200] {processor.py:914} INFO - Processing file /Users/gordanaristova/MyProjects/MyRpaProject/venv/lib/python3.10/site-packages/airflow/example_dags/example_sensor_decorator.py for tasks to queue
[2025-06-12T11:53:15.914+0200] {logging_mixin.py:190} INFO - [2025-06-12T11:53:15.914+0200] {dagbag.py:588} INFO - Filling up the DagBag from /Users/gordanaristova/MyProjects/MyRpaProject/venv/lib/python3.10/site-packages/airflow/example_dags/example_sensor_decorator.py
[2025-06-12T11:53:15.925+0200] {processor.py:925} INFO - DAG(s) 'example_sensor_decorator' retrieved from /Users/gordanaristova/MyProjects/MyRpaProject/venv/lib/python3.10/site-packages/airflow/example_dags/example_sensor_decorator.py
[2025-06-12T11:53:16.107+0200] {logging_mixin.py:190} INFO - [2025-06-12T11:53:16.107+0200] {dag.py:3239} INFO - Sync 1 DAGs
[2025-06-12T11:53:16.111+0200] {logging_mixin.py:190} INFO - [2025-06-12T11:53:16.111+0200] {dag.py:4180} INFO - Setting next_dagrun for example_sensor_decorator to None, run_after=None
[2025-06-12T11:53:16.115+0200] {processor.py:208} INFO - Processing /Users/gordanaristova/MyProjects/MyRpaProject/venv/lib/python3.10/site-packages/airflow/example_dags/example_sensor_decorator.py took 0.203 seconds
[2025-06-12T11:55:03.980+0200] {processor.py:186} INFO - Started process (PID=10926) to work on /Users/gordanaristova/MyProjects/MyRpaProject/venv/lib/python3.10/site-packages/airflow/example_dags/example_sensor_decorator.py
[2025-06-12T11:55:03.981+0200] {processor.py:914} INFO - Processing file /Users/gordanaristova/MyProjects/MyRpaProject/venv/lib/python3.10/site-packages/airflow/example_dags/example_sensor_decorator.py for tasks to queue
[2025-06-12T11:55:03.981+0200] {logging_mixin.py:190} INFO - [2025-06-12T11:55:03.981+0200] {dagbag.py:588} INFO - Filling up the DagBag from /Users/gordanaristova/MyProjects/MyRpaProject/venv/lib/python3.10/site-packages/airflow/example_dags/example_sensor_decorator.py
[2025-06-12T11:55:03.992+0200] {processor.py:925} INFO - DAG(s) 'example_sensor_decorator' retrieved from /Users/gordanaristova/MyProjects/MyRpaProject/venv/lib/python3.10/site-packages/airflow/example_dags/example_sensor_decorator.py
[2025-06-12T11:55:04.182+0200] {logging_mixin.py:190} INFO - [2025-06-12T11:55:04.182+0200] {dag.py:3239} INFO - Sync 1 DAGs
[2025-06-12T11:55:04.186+0200] {logging_mixin.py:190} INFO - [2025-06-12T11:55:04.186+0200] {dag.py:4180} INFO - Setting next_dagrun for example_sensor_decorator to None, run_after=None
[2025-06-12T11:55:04.190+0200] {processor.py:208} INFO - Processing /Users/gordanaristova/MyProjects/MyRpaProject/venv/lib/python3.10/site-packages/airflow/example_dags/example_sensor_decorator.py took 0.211 seconds
[2025-06-12T11:56:53.762+0200] {processor.py:186} INFO - Started process (PID=11039) to work on /Users/gordanaristova/MyProjects/MyRpaProject/venv/lib/python3.10/site-packages/airflow/example_dags/example_sensor_decorator.py
[2025-06-12T11:56:53.763+0200] {processor.py:914} INFO - Processing file /Users/gordanaristova/MyProjects/MyRpaProject/venv/lib/python3.10/site-packages/airflow/example_dags/example_sensor_decorator.py for tasks to queue
[2025-06-12T11:56:53.763+0200] {logging_mixin.py:190} INFO - [2025-06-12T11:56:53.763+0200] {dagbag.py:588} INFO - Filling up the DagBag from /Users/gordanaristova/MyProjects/MyRpaProject/venv/lib/python3.10/site-packages/airflow/example_dags/example_sensor_decorator.py
[2025-06-12T11:56:53.774+0200] {processor.py:925} INFO - DAG(s) 'example_sensor_decorator' retrieved from /Users/gordanaristova/MyProjects/MyRpaProject/venv/lib/python3.10/site-packages/airflow/example_dags/example_sensor_decorator.py
[2025-06-12T11:56:53.971+0200] {logging_mixin.py:190} INFO - [2025-06-12T11:56:53.971+0200] {dag.py:3239} INFO - Sync 1 DAGs
[2025-06-12T11:56:53.975+0200] {logging_mixin.py:190} INFO - [2025-06-12T11:56:53.974+0200] {dag.py:4180} INFO - Setting next_dagrun for example_sensor_decorator to None, run_after=None
[2025-06-12T11:56:53.979+0200] {processor.py:208} INFO - Processing /Users/gordanaristova/MyProjects/MyRpaProject/venv/lib/python3.10/site-packages/airflow/example_dags/example_sensor_decorator.py took 0.218 seconds
[2025-06-12T13:14:49.641+0200] {processor.py:186} INFO - Started process (PID=13013) to work on /Users/gordanaristova/MyProjects/MyRpaProject/venv/lib/python3.10/site-packages/airflow/example_dags/example_sensor_decorator.py
[2025-06-12T13:14:49.642+0200] {processor.py:914} INFO - Processing file /Users/gordanaristova/MyProjects/MyRpaProject/venv/lib/python3.10/site-packages/airflow/example_dags/example_sensor_decorator.py for tasks to queue
[2025-06-12T13:14:49.642+0200] {logging_mixin.py:190} INFO - [2025-06-12T13:14:49.642+0200] {dagbag.py:588} INFO - Filling up the DagBag from /Users/gordanaristova/MyProjects/MyRpaProject/venv/lib/python3.10/site-packages/airflow/example_dags/example_sensor_decorator.py
[2025-06-12T13:14:49.654+0200] {processor.py:925} INFO - DAG(s) 'example_sensor_decorator' retrieved from /Users/gordanaristova/MyProjects/MyRpaProject/venv/lib/python3.10/site-packages/airflow/example_dags/example_sensor_decorator.py
[2025-06-12T13:14:49.850+0200] {logging_mixin.py:190} INFO - [2025-06-12T13:14:49.850+0200] {dag.py:3239} INFO - Sync 1 DAGs
[2025-06-12T13:14:49.853+0200] {logging_mixin.py:190} INFO - [2025-06-12T13:14:49.853+0200] {dag.py:4180} INFO - Setting next_dagrun for example_sensor_decorator to None, run_after=None
[2025-06-12T13:14:49.858+0200] {processor.py:208} INFO - Processing /Users/gordanaristova/MyProjects/MyRpaProject/venv/lib/python3.10/site-packages/airflow/example_dags/example_sensor_decorator.py took 0.218 seconds
