[2025-06-12T10:36:25.718+0200] {processor.py:186} INFO - Started process (PID=8409) to work on /Users/gordanaristova/MyProjects/MyRpaProject/venv/lib/python3.10/site-packages/airflow/example_dags/tutorial_objectstorage.py
[2025-06-12T10:36:25.719+0200] {processor.py:914} INFO - Processing file /Users/gordanaristova/MyProjects/MyRpaProject/venv/lib/python3.10/site-packages/airflow/example_dags/tutorial_objectstorage.py for tasks to queue
[2025-06-12T10:36:25.719+0200] {logging_mixin.py:190} INFO - [2025-06-12T10:36:25.719+0200] {dagbag.py:588} INFO - Filling up the DagBag from /Users/gordanaristova/MyProjects/MyRpaProject/venv/lib/python3.10/site-packages/airflow/example_dags/tutorial_objectstorage.py
[2025-06-12T10:36:25.729+0200] {processor.py:925} INFO - DAG(s) 'tutorial_objectstorage' retrieved from /Users/gordanaristova/MyProjects/MyRpaProject/venv/lib/python3.10/site-packages/airflow/example_dags/tutorial_objectstorage.py
[2025-06-12T10:36:25.777+0200] {logging_mixin.py:190} INFO - [2025-06-12T10:36:25.776+0200] {override.py:1900} INFO - Created Permission View: can delete on DAG:tutorial_objectstorage
[2025-06-12T10:36:25.779+0200] {logging_mixin.py:190} INFO - [2025-06-12T10:36:25.779+0200] {override.py:1900} INFO - Created Permission View: can read on DAG:tutorial_objectstorage
[2025-06-12T10:36:25.780+0200] {logging_mixin.py:190} INFO - [2025-06-12T10:36:25.780+0200] {override.py:1900} INFO - Created Permission View: can edit on DAG:tutorial_objectstorage
[2025-06-12T10:36:25.782+0200] {logging_mixin.py:190} INFO - [2025-06-12T10:36:25.782+0200] {override.py:1900} INFO - Created Permission View: can create on DAG Run:tutorial_objectstorage
[2025-06-12T10:36:25.783+0200] {logging_mixin.py:190} INFO - [2025-06-12T10:36:25.783+0200] {override.py:1900} INFO - Created Permission View: menu access on DAG Run:tutorial_objectstorage
[2025-06-12T10:36:25.785+0200] {logging_mixin.py:190} INFO - [2025-06-12T10:36:25.785+0200] {override.py:1900} INFO - Created Permission View: can delete on DAG Run:tutorial_objectstorage
[2025-06-12T10:36:25.786+0200] {logging_mixin.py:190} INFO - [2025-06-12T10:36:25.786+0200] {override.py:1900} INFO - Created Permission View: can read on DAG Run:tutorial_objectstorage
[2025-06-12T10:36:25.786+0200] {logging_mixin.py:190} INFO - [2025-06-12T10:36:25.786+0200] {dag.py:3239} INFO - Sync 1 DAGs
[2025-06-12T10:36:25.789+0200] {logging_mixin.py:190} INFO - [2025-06-12T10:36:25.789+0200] {dag.py:3262} INFO - Creating ORM DAG for tutorial_objectstorage
[2025-06-12T10:36:25.789+0200] {logging_mixin.py:190} INFO - [2025-06-12T10:36:25.789+0200] {dag.py:4180} INFO - Setting next_dagrun for tutorial_objectstorage to None, run_after=None
[2025-06-12T10:36:25.793+0200] {processor.py:208} INFO - Processing /Users/gordanaristova/MyProjects/MyRpaProject/venv/lib/python3.10/site-packages/airflow/example_dags/tutorial_objectstorage.py took 0.076 seconds
[2025-06-12T10:37:54.151+0200] {processor.py:186} INFO - Started process (PID=8485) to work on /Users/gordanaristova/MyProjects/MyRpaProject/venv/lib/python3.10/site-packages/airflow/example_dags/tutorial_objectstorage.py
[2025-06-12T10:37:54.152+0200] {processor.py:914} INFO - Processing file /Users/gordanaristova/MyProjects/MyRpaProject/venv/lib/python3.10/site-packages/airflow/example_dags/tutorial_objectstorage.py for tasks to queue
[2025-06-12T10:37:54.152+0200] {logging_mixin.py:190} INFO - [2025-06-12T10:37:54.152+0200] {dagbag.py:588} INFO - Filling up the DagBag from /Users/gordanaristova/MyProjects/MyRpaProject/venv/lib/python3.10/site-packages/airflow/example_dags/tutorial_objectstorage.py
[2025-06-12T10:37:54.164+0200] {processor.py:925} INFO - DAG(s) 'tutorial_objectstorage' retrieved from /Users/gordanaristova/MyProjects/MyRpaProject/venv/lib/python3.10/site-packages/airflow/example_dags/tutorial_objectstorage.py
[2025-06-12T10:37:54.194+0200] {logging_mixin.py:190} INFO - [2025-06-12T10:37:54.194+0200] {dag.py:3239} INFO - Sync 1 DAGs
[2025-06-12T10:37:54.198+0200] {logging_mixin.py:190} INFO - [2025-06-12T10:37:54.198+0200] {dag.py:4180} INFO - Setting next_dagrun for tutorial_objectstorage to None, run_after=None
[2025-06-12T10:37:54.204+0200] {processor.py:208} INFO - Processing /Users/gordanaristova/MyProjects/MyRpaProject/venv/lib/python3.10/site-packages/airflow/example_dags/tutorial_objectstorage.py took 0.053 seconds
[2025-06-12T10:38:48.964+0200] {processor.py:186} INFO - Started process (PID=8530) to work on /Users/gordanaristova/MyProjects/MyRpaProject/venv/lib/python3.10/site-packages/airflow/example_dags/tutorial_objectstorage.py
[2025-06-12T10:38:48.965+0200] {processor.py:914} INFO - Processing file /Users/gordanaristova/MyProjects/MyRpaProject/venv/lib/python3.10/site-packages/airflow/example_dags/tutorial_objectstorage.py for tasks to queue
[2025-06-12T10:38:48.965+0200] {logging_mixin.py:190} INFO - [2025-06-12T10:38:48.965+0200] {dagbag.py:588} INFO - Filling up the DagBag from /Users/gordanaristova/MyProjects/MyRpaProject/venv/lib/python3.10/site-packages/airflow/example_dags/tutorial_objectstorage.py
[2025-06-12T10:38:48.976+0200] {processor.py:925} INFO - DAG(s) 'tutorial_objectstorage' retrieved from /Users/gordanaristova/MyProjects/MyRpaProject/venv/lib/python3.10/site-packages/airflow/example_dags/tutorial_objectstorage.py
[2025-06-12T10:38:49.004+0200] {logging_mixin.py:190} INFO - [2025-06-12T10:38:49.003+0200] {dag.py:3239} INFO - Sync 1 DAGs
[2025-06-12T10:38:49.007+0200] {logging_mixin.py:190} INFO - [2025-06-12T10:38:49.006+0200] {dag.py:4180} INFO - Setting next_dagrun for tutorial_objectstorage to None, run_after=None
[2025-06-12T10:38:49.011+0200] {processor.py:208} INFO - Processing /Users/gordanaristova/MyProjects/MyRpaProject/venv/lib/python3.10/site-packages/airflow/example_dags/tutorial_objectstorage.py took 0.048 seconds
[2025-06-12T10:39:41.071+0200] {processor.py:186} INFO - Started process (PID=8573) to work on /Users/gordanaristova/MyProjects/MyRpaProject/venv/lib/python3.10/site-packages/airflow/example_dags/tutorial_objectstorage.py
[2025-06-12T10:39:41.071+0200] {processor.py:914} INFO - Processing file /Users/gordanaristova/MyProjects/MyRpaProject/venv/lib/python3.10/site-packages/airflow/example_dags/tutorial_objectstorage.py for tasks to queue
[2025-06-12T10:39:41.071+0200] {logging_mixin.py:190} INFO - [2025-06-12T10:39:41.071+0200] {dagbag.py:588} INFO - Filling up the DagBag from /Users/gordanaristova/MyProjects/MyRpaProject/venv/lib/python3.10/site-packages/airflow/example_dags/tutorial_objectstorage.py
[2025-06-12T10:39:41.082+0200] {processor.py:925} INFO - DAG(s) 'tutorial_objectstorage' retrieved from /Users/gordanaristova/MyProjects/MyRpaProject/venv/lib/python3.10/site-packages/airflow/example_dags/tutorial_objectstorage.py
[2025-06-12T10:39:41.109+0200] {logging_mixin.py:190} INFO - [2025-06-12T10:39:41.109+0200] {dag.py:3239} INFO - Sync 1 DAGs
[2025-06-12T10:39:41.112+0200] {logging_mixin.py:190} INFO - [2025-06-12T10:39:41.112+0200] {dag.py:4180} INFO - Setting next_dagrun for tutorial_objectstorage to None, run_after=None
[2025-06-12T10:39:41.117+0200] {processor.py:208} INFO - Processing /Users/gordanaristova/MyProjects/MyRpaProject/venv/lib/python3.10/site-packages/airflow/example_dags/tutorial_objectstorage.py took 0.047 seconds
[2025-06-12T10:40:31.851+0200] {processor.py:186} INFO - Started process (PID=8613) to work on /Users/gordanaristova/MyProjects/MyRpaProject/venv/lib/python3.10/site-packages/airflow/example_dags/tutorial_objectstorage.py
[2025-06-12T10:40:31.851+0200] {processor.py:914} INFO - Processing file /Users/gordanaristova/MyProjects/MyRpaProject/venv/lib/python3.10/site-packages/airflow/example_dags/tutorial_objectstorage.py for tasks to queue
[2025-06-12T10:40:31.851+0200] {logging_mixin.py:190} INFO - [2025-06-12T10:40:31.851+0200] {dagbag.py:588} INFO - Filling up the DagBag from /Users/gordanaristova/MyProjects/MyRpaProject/venv/lib/python3.10/site-packages/airflow/example_dags/tutorial_objectstorage.py
[2025-06-12T10:40:31.862+0200] {processor.py:925} INFO - DAG(s) 'tutorial_objectstorage' retrieved from /Users/gordanaristova/MyProjects/MyRpaProject/venv/lib/python3.10/site-packages/airflow/example_dags/tutorial_objectstorage.py
[2025-06-12T10:40:31.890+0200] {logging_mixin.py:190} INFO - [2025-06-12T10:40:31.890+0200] {dag.py:3239} INFO - Sync 1 DAGs
[2025-06-12T10:40:31.893+0200] {logging_mixin.py:190} INFO - [2025-06-12T10:40:31.893+0200] {dag.py:4180} INFO - Setting next_dagrun for tutorial_objectstorage to None, run_after=None
[2025-06-12T10:40:31.897+0200] {processor.py:208} INFO - Processing /Users/gordanaristova/MyProjects/MyRpaProject/venv/lib/python3.10/site-packages/airflow/example_dags/tutorial_objectstorage.py took 0.047 seconds
[2025-06-12T10:41:23.876+0200] {processor.py:186} INFO - Started process (PID=8663) to work on /Users/gordanaristova/MyProjects/MyRpaProject/venv/lib/python3.10/site-packages/airflow/example_dags/tutorial_objectstorage.py
[2025-06-12T10:41:23.876+0200] {processor.py:914} INFO - Processing file /Users/gordanaristova/MyProjects/MyRpaProject/venv/lib/python3.10/site-packages/airflow/example_dags/tutorial_objectstorage.py for tasks to queue
[2025-06-12T10:41:23.877+0200] {logging_mixin.py:190} INFO - [2025-06-12T10:41:23.877+0200] {dagbag.py:588} INFO - Filling up the DagBag from /Users/gordanaristova/MyProjects/MyRpaProject/venv/lib/python3.10/site-packages/airflow/example_dags/tutorial_objectstorage.py
[2025-06-12T10:41:23.887+0200] {processor.py:925} INFO - DAG(s) 'tutorial_objectstorage' retrieved from /Users/gordanaristova/MyProjects/MyRpaProject/venv/lib/python3.10/site-packages/airflow/example_dags/tutorial_objectstorage.py
[2025-06-12T10:41:23.915+0200] {logging_mixin.py:190} INFO - [2025-06-12T10:41:23.915+0200] {dag.py:3239} INFO - Sync 1 DAGs
[2025-06-12T10:41:23.918+0200] {logging_mixin.py:190} INFO - [2025-06-12T10:41:23.918+0200] {dag.py:4180} INFO - Setting next_dagrun for tutorial_objectstorage to None, run_after=None
[2025-06-12T10:41:23.923+0200] {processor.py:208} INFO - Processing /Users/gordanaristova/MyProjects/MyRpaProject/venv/lib/python3.10/site-packages/airflow/example_dags/tutorial_objectstorage.py took 0.048 seconds
[2025-06-12T10:42:17.486+0200] {processor.py:186} INFO - Started process (PID=8702) to work on /Users/gordanaristova/MyProjects/MyRpaProject/venv/lib/python3.10/site-packages/airflow/example_dags/tutorial_objectstorage.py
[2025-06-12T10:42:17.486+0200] {processor.py:914} INFO - Processing file /Users/gordanaristova/MyProjects/MyRpaProject/venv/lib/python3.10/site-packages/airflow/example_dags/tutorial_objectstorage.py for tasks to queue
[2025-06-12T10:42:17.486+0200] {logging_mixin.py:190} INFO - [2025-06-12T10:42:17.486+0200] {dagbag.py:588} INFO - Filling up the DagBag from /Users/gordanaristova/MyProjects/MyRpaProject/venv/lib/python3.10/site-packages/airflow/example_dags/tutorial_objectstorage.py
[2025-06-12T10:42:17.497+0200] {processor.py:925} INFO - DAG(s) 'tutorial_objectstorage' retrieved from /Users/gordanaristova/MyProjects/MyRpaProject/venv/lib/python3.10/site-packages/airflow/example_dags/tutorial_objectstorage.py
[2025-06-12T10:42:17.524+0200] {logging_mixin.py:190} INFO - [2025-06-12T10:42:17.524+0200] {dag.py:3239} INFO - Sync 1 DAGs
[2025-06-12T10:42:17.527+0200] {logging_mixin.py:190} INFO - [2025-06-12T10:42:17.527+0200] {dag.py:4180} INFO - Setting next_dagrun for tutorial_objectstorage to None, run_after=None
[2025-06-12T10:42:17.531+0200] {processor.py:208} INFO - Processing /Users/gordanaristova/MyProjects/MyRpaProject/venv/lib/python3.10/site-packages/airflow/example_dags/tutorial_objectstorage.py took 0.047 seconds
[2025-06-12T10:43:10.926+0200] {processor.py:186} INFO - Started process (PID=8753) to work on /Users/gordanaristova/MyProjects/MyRpaProject/venv/lib/python3.10/site-packages/airflow/example_dags/tutorial_objectstorage.py
[2025-06-12T10:43:10.927+0200] {processor.py:914} INFO - Processing file /Users/gordanaristova/MyProjects/MyRpaProject/venv/lib/python3.10/site-packages/airflow/example_dags/tutorial_objectstorage.py for tasks to queue
[2025-06-12T10:43:10.927+0200] {logging_mixin.py:190} INFO - [2025-06-12T10:43:10.927+0200] {dagbag.py:588} INFO - Filling up the DagBag from /Users/gordanaristova/MyProjects/MyRpaProject/venv/lib/python3.10/site-packages/airflow/example_dags/tutorial_objectstorage.py
[2025-06-12T10:43:10.938+0200] {processor.py:925} INFO - DAG(s) 'tutorial_objectstorage' retrieved from /Users/gordanaristova/MyProjects/MyRpaProject/venv/lib/python3.10/site-packages/airflow/example_dags/tutorial_objectstorage.py
[2025-06-12T10:43:10.965+0200] {logging_mixin.py:190} INFO - [2025-06-12T10:43:10.965+0200] {dag.py:3239} INFO - Sync 1 DAGs
[2025-06-12T10:43:10.968+0200] {logging_mixin.py:190} INFO - [2025-06-12T10:43:10.968+0200] {dag.py:4180} INFO - Setting next_dagrun for tutorial_objectstorage to None, run_after=None
[2025-06-12T10:43:10.973+0200] {processor.py:208} INFO - Processing /Users/gordanaristova/MyProjects/MyRpaProject/venv/lib/python3.10/site-packages/airflow/example_dags/tutorial_objectstorage.py took 0.048 seconds
[2025-06-12T10:44:05.018+0200] {processor.py:186} INFO - Started process (PID=8856) to work on /Users/gordanaristova/MyProjects/MyRpaProject/venv/lib/python3.10/site-packages/airflow/example_dags/tutorial_objectstorage.py
[2025-06-12T10:44:05.018+0200] {processor.py:914} INFO - Processing file /Users/gordanaristova/MyProjects/MyRpaProject/venv/lib/python3.10/site-packages/airflow/example_dags/tutorial_objectstorage.py for tasks to queue
[2025-06-12T10:44:05.018+0200] {logging_mixin.py:190} INFO - [2025-06-12T10:44:05.018+0200] {dagbag.py:588} INFO - Filling up the DagBag from /Users/gordanaristova/MyProjects/MyRpaProject/venv/lib/python3.10/site-packages/airflow/example_dags/tutorial_objectstorage.py
[2025-06-12T10:44:05.029+0200] {processor.py:925} INFO - DAG(s) 'tutorial_objectstorage' retrieved from /Users/gordanaristova/MyProjects/MyRpaProject/venv/lib/python3.10/site-packages/airflow/example_dags/tutorial_objectstorage.py
[2025-06-12T10:44:05.057+0200] {logging_mixin.py:190} INFO - [2025-06-12T10:44:05.056+0200] {dag.py:3239} INFO - Sync 1 DAGs
[2025-06-12T10:44:05.059+0200] {logging_mixin.py:190} INFO - [2025-06-12T10:44:05.059+0200] {dag.py:4180} INFO - Setting next_dagrun for tutorial_objectstorage to None, run_after=None
[2025-06-12T10:44:05.064+0200] {processor.py:208} INFO - Processing /Users/gordanaristova/MyProjects/MyRpaProject/venv/lib/python3.10/site-packages/airflow/example_dags/tutorial_objectstorage.py took 0.047 seconds
[2025-06-12T10:44:57.133+0200] {processor.py:186} INFO - Started process (PID=8896) to work on /Users/gordanaristova/MyProjects/MyRpaProject/venv/lib/python3.10/site-packages/airflow/example_dags/tutorial_objectstorage.py
[2025-06-12T10:44:57.134+0200] {processor.py:914} INFO - Processing file /Users/gordanaristova/MyProjects/MyRpaProject/venv/lib/python3.10/site-packages/airflow/example_dags/tutorial_objectstorage.py for tasks to queue
[2025-06-12T10:44:57.135+0200] {logging_mixin.py:190} INFO - [2025-06-12T10:44:57.135+0200] {dagbag.py:588} INFO - Filling up the DagBag from /Users/gordanaristova/MyProjects/MyRpaProject/venv/lib/python3.10/site-packages/airflow/example_dags/tutorial_objectstorage.py
[2025-06-12T10:44:57.149+0200] {processor.py:925} INFO - DAG(s) 'tutorial_objectstorage' retrieved from /Users/gordanaristova/MyProjects/MyRpaProject/venv/lib/python3.10/site-packages/airflow/example_dags/tutorial_objectstorage.py
[2025-06-12T10:44:57.178+0200] {logging_mixin.py:190} INFO - [2025-06-12T10:44:57.178+0200] {dag.py:3239} INFO - Sync 1 DAGs
[2025-06-12T10:44:57.181+0200] {logging_mixin.py:190} INFO - [2025-06-12T10:44:57.181+0200] {dag.py:4180} INFO - Setting next_dagrun for tutorial_objectstorage to None, run_after=None
[2025-06-12T10:44:57.186+0200] {processor.py:208} INFO - Processing /Users/gordanaristova/MyProjects/MyRpaProject/venv/lib/python3.10/site-packages/airflow/example_dags/tutorial_objectstorage.py took 0.054 seconds
[2025-06-12T10:45:50.856+0200] {processor.py:186} INFO - Started process (PID=8940) to work on /Users/gordanaristova/MyProjects/MyRpaProject/venv/lib/python3.10/site-packages/airflow/example_dags/tutorial_objectstorage.py
[2025-06-12T10:45:50.856+0200] {processor.py:914} INFO - Processing file /Users/gordanaristova/MyProjects/MyRpaProject/venv/lib/python3.10/site-packages/airflow/example_dags/tutorial_objectstorage.py for tasks to queue
[2025-06-12T10:45:50.856+0200] {logging_mixin.py:190} INFO - [2025-06-12T10:45:50.856+0200] {dagbag.py:588} INFO - Filling up the DagBag from /Users/gordanaristova/MyProjects/MyRpaProject/venv/lib/python3.10/site-packages/airflow/example_dags/tutorial_objectstorage.py
[2025-06-12T10:45:50.867+0200] {processor.py:925} INFO - DAG(s) 'tutorial_objectstorage' retrieved from /Users/gordanaristova/MyProjects/MyRpaProject/venv/lib/python3.10/site-packages/airflow/example_dags/tutorial_objectstorage.py
[2025-06-12T10:45:50.895+0200] {logging_mixin.py:190} INFO - [2025-06-12T10:45:50.895+0200] {dag.py:3239} INFO - Sync 1 DAGs
[2025-06-12T10:45:50.898+0200] {logging_mixin.py:190} INFO - [2025-06-12T10:45:50.897+0200] {dag.py:4180} INFO - Setting next_dagrun for tutorial_objectstorage to None, run_after=None
[2025-06-12T10:45:50.902+0200] {processor.py:208} INFO - Processing /Users/gordanaristova/MyProjects/MyRpaProject/venv/lib/python3.10/site-packages/airflow/example_dags/tutorial_objectstorage.py took 0.047 seconds
[2025-06-12T10:46:42.931+0200] {processor.py:186} INFO - Started process (PID=9003) to work on /Users/gordanaristova/MyProjects/MyRpaProject/venv/lib/python3.10/site-packages/airflow/example_dags/tutorial_objectstorage.py
[2025-06-12T10:46:42.932+0200] {processor.py:914} INFO - Processing file /Users/gordanaristova/MyProjects/MyRpaProject/venv/lib/python3.10/site-packages/airflow/example_dags/tutorial_objectstorage.py for tasks to queue
[2025-06-12T10:46:42.932+0200] {logging_mixin.py:190} INFO - [2025-06-12T10:46:42.932+0200] {dagbag.py:588} INFO - Filling up the DagBag from /Users/gordanaristova/MyProjects/MyRpaProject/venv/lib/python3.10/site-packages/airflow/example_dags/tutorial_objectstorage.py
[2025-06-12T10:46:42.943+0200] {processor.py:925} INFO - DAG(s) 'tutorial_objectstorage' retrieved from /Users/gordanaristova/MyProjects/MyRpaProject/venv/lib/python3.10/site-packages/airflow/example_dags/tutorial_objectstorage.py
[2025-06-12T10:46:42.970+0200] {logging_mixin.py:190} INFO - [2025-06-12T10:46:42.970+0200] {dag.py:3239} INFO - Sync 1 DAGs
[2025-06-12T10:46:42.973+0200] {logging_mixin.py:190} INFO - [2025-06-12T10:46:42.973+0200] {dag.py:4180} INFO - Setting next_dagrun for tutorial_objectstorage to None, run_after=None
[2025-06-12T10:46:42.978+0200] {processor.py:208} INFO - Processing /Users/gordanaristova/MyProjects/MyRpaProject/venv/lib/python3.10/site-packages/airflow/example_dags/tutorial_objectstorage.py took 0.048 seconds
[2025-06-12T10:47:40.598+0200] {processor.py:186} INFO - Started process (PID=9074) to work on /Users/gordanaristova/MyProjects/MyRpaProject/venv/lib/python3.10/site-packages/airflow/example_dags/tutorial_objectstorage.py
[2025-06-12T10:47:40.599+0200] {processor.py:914} INFO - Processing file /Users/gordanaristova/MyProjects/MyRpaProject/venv/lib/python3.10/site-packages/airflow/example_dags/tutorial_objectstorage.py for tasks to queue
[2025-06-12T10:47:40.599+0200] {logging_mixin.py:190} INFO - [2025-06-12T10:47:40.599+0200] {dagbag.py:588} INFO - Filling up the DagBag from /Users/gordanaristova/MyProjects/MyRpaProject/venv/lib/python3.10/site-packages/airflow/example_dags/tutorial_objectstorage.py
[2025-06-12T10:47:40.610+0200] {processor.py:925} INFO - DAG(s) 'tutorial_objectstorage' retrieved from /Users/gordanaristova/MyProjects/MyRpaProject/venv/lib/python3.10/site-packages/airflow/example_dags/tutorial_objectstorage.py
[2025-06-12T10:47:40.637+0200] {logging_mixin.py:190} INFO - [2025-06-12T10:47:40.637+0200] {dag.py:3239} INFO - Sync 1 DAGs
[2025-06-12T10:47:40.640+0200] {logging_mixin.py:190} INFO - [2025-06-12T10:47:40.640+0200] {dag.py:4180} INFO - Setting next_dagrun for tutorial_objectstorage to None, run_after=None
[2025-06-12T10:47:40.644+0200] {processor.py:208} INFO - Processing /Users/gordanaristova/MyProjects/MyRpaProject/venv/lib/python3.10/site-packages/airflow/example_dags/tutorial_objectstorage.py took 0.047 seconds
[2025-06-12T10:48:35.899+0200] {processor.py:186} INFO - Started process (PID=9145) to work on /Users/gordanaristova/MyProjects/MyRpaProject/venv/lib/python3.10/site-packages/airflow/example_dags/tutorial_objectstorage.py
[2025-06-12T10:48:35.900+0200] {processor.py:914} INFO - Processing file /Users/gordanaristova/MyProjects/MyRpaProject/venv/lib/python3.10/site-packages/airflow/example_dags/tutorial_objectstorage.py for tasks to queue
[2025-06-12T10:48:35.901+0200] {logging_mixin.py:190} INFO - [2025-06-12T10:48:35.901+0200] {dagbag.py:588} INFO - Filling up the DagBag from /Users/gordanaristova/MyProjects/MyRpaProject/venv/lib/python3.10/site-packages/airflow/example_dags/tutorial_objectstorage.py
[2025-06-12T10:48:35.912+0200] {processor.py:925} INFO - DAG(s) 'tutorial_objectstorage' retrieved from /Users/gordanaristova/MyProjects/MyRpaProject/venv/lib/python3.10/site-packages/airflow/example_dags/tutorial_objectstorage.py
[2025-06-12T10:48:35.939+0200] {logging_mixin.py:190} INFO - [2025-06-12T10:48:35.939+0200] {dag.py:3239} INFO - Sync 1 DAGs
[2025-06-12T10:48:35.942+0200] {logging_mixin.py:190} INFO - [2025-06-12T10:48:35.942+0200] {dag.py:4180} INFO - Setting next_dagrun for tutorial_objectstorage to None, run_after=None
[2025-06-12T10:48:35.947+0200] {processor.py:208} INFO - Processing /Users/gordanaristova/MyProjects/MyRpaProject/venv/lib/python3.10/site-packages/airflow/example_dags/tutorial_objectstorage.py took 0.049 seconds
[2025-06-12T10:49:30.030+0200] {processor.py:186} INFO - Started process (PID=9209) to work on /Users/gordanaristova/MyProjects/MyRpaProject/venv/lib/python3.10/site-packages/airflow/example_dags/tutorial_objectstorage.py
[2025-06-12T10:49:30.031+0200] {processor.py:914} INFO - Processing file /Users/gordanaristova/MyProjects/MyRpaProject/venv/lib/python3.10/site-packages/airflow/example_dags/tutorial_objectstorage.py for tasks to queue
[2025-06-12T10:49:30.031+0200] {logging_mixin.py:190} INFO - [2025-06-12T10:49:30.031+0200] {dagbag.py:588} INFO - Filling up the DagBag from /Users/gordanaristova/MyProjects/MyRpaProject/venv/lib/python3.10/site-packages/airflow/example_dags/tutorial_objectstorage.py
[2025-06-12T10:49:30.042+0200] {processor.py:925} INFO - DAG(s) 'tutorial_objectstorage' retrieved from /Users/gordanaristova/MyProjects/MyRpaProject/venv/lib/python3.10/site-packages/airflow/example_dags/tutorial_objectstorage.py
[2025-06-12T10:49:30.070+0200] {logging_mixin.py:190} INFO - [2025-06-12T10:49:30.070+0200] {dag.py:3239} INFO - Sync 1 DAGs
[2025-06-12T10:49:30.073+0200] {logging_mixin.py:190} INFO - [2025-06-12T10:49:30.073+0200] {dag.py:4180} INFO - Setting next_dagrun for tutorial_objectstorage to None, run_after=None
[2025-06-12T10:49:30.078+0200] {processor.py:208} INFO - Processing /Users/gordanaristova/MyProjects/MyRpaProject/venv/lib/python3.10/site-packages/airflow/example_dags/tutorial_objectstorage.py took 0.049 seconds
[2025-06-12T10:56:38.288+0200] {processor.py:186} INFO - Started process (PID=9415) to work on /Users/gordanaristova/MyProjects/MyRpaProject/venv/lib/python3.10/site-packages/airflow/example_dags/tutorial_objectstorage.py
[2025-06-12T10:56:38.288+0200] {processor.py:914} INFO - Processing file /Users/gordanaristova/MyProjects/MyRpaProject/venv/lib/python3.10/site-packages/airflow/example_dags/tutorial_objectstorage.py for tasks to queue
[2025-06-12T10:56:38.288+0200] {logging_mixin.py:190} INFO - [2025-06-12T10:56:38.288+0200] {dagbag.py:588} INFO - Filling up the DagBag from /Users/gordanaristova/MyProjects/MyRpaProject/venv/lib/python3.10/site-packages/airflow/example_dags/tutorial_objectstorage.py
[2025-06-12T10:56:38.299+0200] {processor.py:925} INFO - DAG(s) 'tutorial_objectstorage' retrieved from /Users/gordanaristova/MyProjects/MyRpaProject/venv/lib/python3.10/site-packages/airflow/example_dags/tutorial_objectstorage.py
[2025-06-12T10:56:38.325+0200] {logging_mixin.py:190} INFO - [2025-06-12T10:56:38.325+0200] {dag.py:3239} INFO - Sync 1 DAGs
[2025-06-12T10:56:38.328+0200] {logging_mixin.py:190} INFO - [2025-06-12T10:56:38.328+0200] {dag.py:4180} INFO - Setting next_dagrun for tutorial_objectstorage to None, run_after=None
[2025-06-12T10:56:38.332+0200] {processor.py:208} INFO - Processing /Users/gordanaristova/MyProjects/MyRpaProject/venv/lib/python3.10/site-packages/airflow/example_dags/tutorial_objectstorage.py took 0.046 seconds
[2025-06-12T10:58:04.926+0200] {processor.py:186} INFO - Started process (PID=9512) to work on /Users/gordanaristova/MyProjects/MyRpaProject/venv/lib/python3.10/site-packages/airflow/example_dags/tutorial_objectstorage.py
[2025-06-12T10:58:04.927+0200] {processor.py:914} INFO - Processing file /Users/gordanaristova/MyProjects/MyRpaProject/venv/lib/python3.10/site-packages/airflow/example_dags/tutorial_objectstorage.py for tasks to queue
[2025-06-12T10:58:04.928+0200] {logging_mixin.py:190} INFO - [2025-06-12T10:58:04.928+0200] {dagbag.py:588} INFO - Filling up the DagBag from /Users/gordanaristova/MyProjects/MyRpaProject/venv/lib/python3.10/site-packages/airflow/example_dags/tutorial_objectstorage.py
[2025-06-12T10:58:04.940+0200] {processor.py:925} INFO - DAG(s) 'tutorial_objectstorage' retrieved from /Users/gordanaristova/MyProjects/MyRpaProject/venv/lib/python3.10/site-packages/airflow/example_dags/tutorial_objectstorage.py
[2025-06-12T10:58:04.969+0200] {logging_mixin.py:190} INFO - [2025-06-12T10:58:04.969+0200] {dag.py:3239} INFO - Sync 1 DAGs
[2025-06-12T10:58:04.972+0200] {logging_mixin.py:190} INFO - [2025-06-12T10:58:04.972+0200] {dag.py:4180} INFO - Setting next_dagrun for tutorial_objectstorage to None, run_after=None
[2025-06-12T10:58:04.977+0200] {processor.py:208} INFO - Processing /Users/gordanaristova/MyProjects/MyRpaProject/venv/lib/python3.10/site-packages/airflow/example_dags/tutorial_objectstorage.py took 0.052 seconds
[2025-06-12T11:11:24.123+0200] {processor.py:186} INFO - Started process (PID=9725) to work on /Users/gordanaristova/MyProjects/MyRpaProject/venv/lib/python3.10/site-packages/airflow/example_dags/tutorial_objectstorage.py
[2025-06-12T11:11:24.123+0200] {processor.py:914} INFO - Processing file /Users/gordanaristova/MyProjects/MyRpaProject/venv/lib/python3.10/site-packages/airflow/example_dags/tutorial_objectstorage.py for tasks to queue
[2025-06-12T11:11:24.124+0200] {logging_mixin.py:190} INFO - [2025-06-12T11:11:24.124+0200] {dagbag.py:588} INFO - Filling up the DagBag from /Users/gordanaristova/MyProjects/MyRpaProject/venv/lib/python3.10/site-packages/airflow/example_dags/tutorial_objectstorage.py
[2025-06-12T11:11:24.134+0200] {processor.py:925} INFO - DAG(s) 'tutorial_objectstorage' retrieved from /Users/gordanaristova/MyProjects/MyRpaProject/venv/lib/python3.10/site-packages/airflow/example_dags/tutorial_objectstorage.py
[2025-06-12T11:11:24.161+0200] {logging_mixin.py:190} INFO - [2025-06-12T11:11:24.161+0200] {dag.py:3239} INFO - Sync 1 DAGs
[2025-06-12T11:11:24.164+0200] {logging_mixin.py:190} INFO - [2025-06-12T11:11:24.164+0200] {dag.py:4180} INFO - Setting next_dagrun for tutorial_objectstorage to None, run_after=None
[2025-06-12T11:11:24.169+0200] {processor.py:208} INFO - Processing /Users/gordanaristova/MyProjects/MyRpaProject/venv/lib/python3.10/site-packages/airflow/example_dags/tutorial_objectstorage.py took 0.047 seconds
[2025-06-12T11:12:49.396+0200] {processor.py:186} INFO - Started process (PID=9821) to work on /Users/gordanaristova/MyProjects/MyRpaProject/venv/lib/python3.10/site-packages/airflow/example_dags/tutorial_objectstorage.py
[2025-06-12T11:12:49.397+0200] {processor.py:914} INFO - Processing file /Users/gordanaristova/MyProjects/MyRpaProject/venv/lib/python3.10/site-packages/airflow/example_dags/tutorial_objectstorage.py for tasks to queue
[2025-06-12T11:12:49.397+0200] {logging_mixin.py:190} INFO - [2025-06-12T11:12:49.397+0200] {dagbag.py:588} INFO - Filling up the DagBag from /Users/gordanaristova/MyProjects/MyRpaProject/venv/lib/python3.10/site-packages/airflow/example_dags/tutorial_objectstorage.py
[2025-06-12T11:12:49.408+0200] {processor.py:925} INFO - DAG(s) 'tutorial_objectstorage' retrieved from /Users/gordanaristova/MyProjects/MyRpaProject/venv/lib/python3.10/site-packages/airflow/example_dags/tutorial_objectstorage.py
[2025-06-12T11:12:49.435+0200] {logging_mixin.py:190} INFO - [2025-06-12T11:12:49.435+0200] {dag.py:3239} INFO - Sync 1 DAGs
[2025-06-12T11:12:49.438+0200] {logging_mixin.py:190} INFO - [2025-06-12T11:12:49.438+0200] {dag.py:4180} INFO - Setting next_dagrun for tutorial_objectstorage to None, run_after=None
[2025-06-12T11:12:49.443+0200] {processor.py:208} INFO - Processing /Users/gordanaristova/MyProjects/MyRpaProject/venv/lib/python3.10/site-packages/airflow/example_dags/tutorial_objectstorage.py took 0.047 seconds
[2025-06-12T11:21:30.031+0200] {processor.py:186} INFO - Started process (PID=10019) to work on /Users/gordanaristova/MyProjects/MyRpaProject/venv/lib/python3.10/site-packages/airflow/example_dags/tutorial_objectstorage.py
[2025-06-12T11:21:30.032+0200] {processor.py:914} INFO - Processing file /Users/gordanaristova/MyProjects/MyRpaProject/venv/lib/python3.10/site-packages/airflow/example_dags/tutorial_objectstorage.py for tasks to queue
[2025-06-12T11:21:30.032+0200] {logging_mixin.py:190} INFO - [2025-06-12T11:21:30.032+0200] {dagbag.py:588} INFO - Filling up the DagBag from /Users/gordanaristova/MyProjects/MyRpaProject/venv/lib/python3.10/site-packages/airflow/example_dags/tutorial_objectstorage.py
[2025-06-12T11:21:30.046+0200] {processor.py:925} INFO - DAG(s) 'tutorial_objectstorage' retrieved from /Users/gordanaristova/MyProjects/MyRpaProject/venv/lib/python3.10/site-packages/airflow/example_dags/tutorial_objectstorage.py
[2025-06-12T11:21:30.077+0200] {logging_mixin.py:190} INFO - [2025-06-12T11:21:30.077+0200] {dag.py:3239} INFO - Sync 1 DAGs
[2025-06-12T11:21:30.080+0200] {logging_mixin.py:190} INFO - [2025-06-12T11:21:30.080+0200] {dag.py:4180} INFO - Setting next_dagrun for tutorial_objectstorage to None, run_after=None
[2025-06-12T11:21:30.086+0200] {processor.py:208} INFO - Processing /Users/gordanaristova/MyProjects/MyRpaProject/venv/lib/python3.10/site-packages/airflow/example_dags/tutorial_objectstorage.py took 0.056 seconds
[2025-06-12T11:22:54.144+0200] {processor.py:186} INFO - Started process (PID=10108) to work on /Users/gordanaristova/MyProjects/MyRpaProject/venv/lib/python3.10/site-packages/airflow/example_dags/tutorial_objectstorage.py
[2025-06-12T11:22:54.144+0200] {processor.py:914} INFO - Processing file /Users/gordanaristova/MyProjects/MyRpaProject/venv/lib/python3.10/site-packages/airflow/example_dags/tutorial_objectstorage.py for tasks to queue
[2025-06-12T11:22:54.144+0200] {logging_mixin.py:190} INFO - [2025-06-12T11:22:54.144+0200] {dagbag.py:588} INFO - Filling up the DagBag from /Users/gordanaristova/MyProjects/MyRpaProject/venv/lib/python3.10/site-packages/airflow/example_dags/tutorial_objectstorage.py
[2025-06-12T11:22:54.158+0200] {processor.py:925} INFO - DAG(s) 'tutorial_objectstorage' retrieved from /Users/gordanaristova/MyProjects/MyRpaProject/venv/lib/python3.10/site-packages/airflow/example_dags/tutorial_objectstorage.py
[2025-06-12T11:22:54.190+0200] {logging_mixin.py:190} INFO - [2025-06-12T11:22:54.190+0200] {dag.py:3239} INFO - Sync 1 DAGs
[2025-06-12T11:22:54.193+0200] {logging_mixin.py:190} INFO - [2025-06-12T11:22:54.193+0200] {dag.py:4180} INFO - Setting next_dagrun for tutorial_objectstorage to None, run_after=None
[2025-06-12T11:22:54.199+0200] {processor.py:208} INFO - Processing /Users/gordanaristova/MyProjects/MyRpaProject/venv/lib/python3.10/site-packages/airflow/example_dags/tutorial_objectstorage.py took 0.056 seconds
[2025-06-12T11:23:50.907+0200] {processor.py:186} INFO - Started process (PID=10167) to work on /Users/gordanaristova/MyProjects/MyRpaProject/venv/lib/python3.10/site-packages/airflow/example_dags/tutorial_objectstorage.py
[2025-06-12T11:23:50.908+0200] {processor.py:914} INFO - Processing file /Users/gordanaristova/MyProjects/MyRpaProject/venv/lib/python3.10/site-packages/airflow/example_dags/tutorial_objectstorage.py for tasks to queue
[2025-06-12T11:23:50.908+0200] {logging_mixin.py:190} INFO - [2025-06-12T11:23:50.908+0200] {dagbag.py:588} INFO - Filling up the DagBag from /Users/gordanaristova/MyProjects/MyRpaProject/venv/lib/python3.10/site-packages/airflow/example_dags/tutorial_objectstorage.py
[2025-06-12T11:23:50.919+0200] {processor.py:925} INFO - DAG(s) 'tutorial_objectstorage' retrieved from /Users/gordanaristova/MyProjects/MyRpaProject/venv/lib/python3.10/site-packages/airflow/example_dags/tutorial_objectstorage.py
[2025-06-12T11:23:50.946+0200] {logging_mixin.py:190} INFO - [2025-06-12T11:23:50.946+0200] {dag.py:3239} INFO - Sync 1 DAGs
[2025-06-12T11:23:50.949+0200] {logging_mixin.py:190} INFO - [2025-06-12T11:23:50.949+0200] {dag.py:4180} INFO - Setting next_dagrun for tutorial_objectstorage to None, run_after=None
[2025-06-12T11:23:50.954+0200] {processor.py:208} INFO - Processing /Users/gordanaristova/MyProjects/MyRpaProject/venv/lib/python3.10/site-packages/airflow/example_dags/tutorial_objectstorage.py took 0.048 seconds
[2025-06-12T11:40:45.800+0200] {processor.py:186} INFO - Started process (PID=10392) to work on /Users/gordanaristova/MyProjects/MyRpaProject/venv/lib/python3.10/site-packages/airflow/example_dags/tutorial_objectstorage.py
[2025-06-12T11:40:45.802+0200] {processor.py:914} INFO - Processing file /Users/gordanaristova/MyProjects/MyRpaProject/venv/lib/python3.10/site-packages/airflow/example_dags/tutorial_objectstorage.py for tasks to queue
[2025-06-12T11:40:45.802+0200] {logging_mixin.py:190} INFO - [2025-06-12T11:40:45.802+0200] {dagbag.py:588} INFO - Filling up the DagBag from /Users/gordanaristova/MyProjects/MyRpaProject/venv/lib/python3.10/site-packages/airflow/example_dags/tutorial_objectstorage.py
[2025-06-12T11:40:45.813+0200] {processor.py:925} INFO - DAG(s) 'tutorial_objectstorage' retrieved from /Users/gordanaristova/MyProjects/MyRpaProject/venv/lib/python3.10/site-packages/airflow/example_dags/tutorial_objectstorage.py
[2025-06-12T11:40:45.839+0200] {logging_mixin.py:190} INFO - [2025-06-12T11:40:45.839+0200] {dag.py:3239} INFO - Sync 1 DAGs
[2025-06-12T11:40:45.842+0200] {logging_mixin.py:190} INFO - [2025-06-12T11:40:45.842+0200] {dag.py:4180} INFO - Setting next_dagrun for tutorial_objectstorage to None, run_after=None
[2025-06-12T11:40:45.846+0200] {processor.py:208} INFO - Processing /Users/gordanaristova/MyProjects/MyRpaProject/venv/lib/python3.10/site-packages/airflow/example_dags/tutorial_objectstorage.py took 0.047 seconds
[2025-06-12T11:42:10.010+0200] {processor.py:186} INFO - Started process (PID=10474) to work on /Users/gordanaristova/MyProjects/MyRpaProject/venv/lib/python3.10/site-packages/airflow/example_dags/tutorial_objectstorage.py
[2025-06-12T11:42:10.011+0200] {processor.py:914} INFO - Processing file /Users/gordanaristova/MyProjects/MyRpaProject/venv/lib/python3.10/site-packages/airflow/example_dags/tutorial_objectstorage.py for tasks to queue
[2025-06-12T11:42:10.011+0200] {logging_mixin.py:190} INFO - [2025-06-12T11:42:10.011+0200] {dagbag.py:588} INFO - Filling up the DagBag from /Users/gordanaristova/MyProjects/MyRpaProject/venv/lib/python3.10/site-packages/airflow/example_dags/tutorial_objectstorage.py
[2025-06-12T11:42:10.022+0200] {processor.py:925} INFO - DAG(s) 'tutorial_objectstorage' retrieved from /Users/gordanaristova/MyProjects/MyRpaProject/venv/lib/python3.10/site-packages/airflow/example_dags/tutorial_objectstorage.py
[2025-06-12T11:42:10.048+0200] {logging_mixin.py:190} INFO - [2025-06-12T11:42:10.048+0200] {dag.py:3239} INFO - Sync 1 DAGs
[2025-06-12T11:42:10.051+0200] {logging_mixin.py:190} INFO - [2025-06-12T11:42:10.051+0200] {dag.py:4180} INFO - Setting next_dagrun for tutorial_objectstorage to None, run_after=None
[2025-06-12T11:42:10.056+0200] {processor.py:208} INFO - Processing /Users/gordanaristova/MyProjects/MyRpaProject/venv/lib/python3.10/site-packages/airflow/example_dags/tutorial_objectstorage.py took 0.047 seconds
[2025-06-12T11:43:01.871+0200] {processor.py:186} INFO - Started process (PID=10535) to work on /Users/gordanaristova/MyProjects/MyRpaProject/venv/lib/python3.10/site-packages/airflow/example_dags/tutorial_objectstorage.py
[2025-06-12T11:43:01.872+0200] {processor.py:914} INFO - Processing file /Users/gordanaristova/MyProjects/MyRpaProject/venv/lib/python3.10/site-packages/airflow/example_dags/tutorial_objectstorage.py for tasks to queue
[2025-06-12T11:43:01.872+0200] {logging_mixin.py:190} INFO - [2025-06-12T11:43:01.872+0200] {dagbag.py:588} INFO - Filling up the DagBag from /Users/gordanaristova/MyProjects/MyRpaProject/venv/lib/python3.10/site-packages/airflow/example_dags/tutorial_objectstorage.py
[2025-06-12T11:43:01.883+0200] {processor.py:925} INFO - DAG(s) 'tutorial_objectstorage' retrieved from /Users/gordanaristova/MyProjects/MyRpaProject/venv/lib/python3.10/site-packages/airflow/example_dags/tutorial_objectstorage.py
[2025-06-12T11:43:01.911+0200] {logging_mixin.py:190} INFO - [2025-06-12T11:43:01.911+0200] {dag.py:3239} INFO - Sync 1 DAGs
[2025-06-12T11:43:01.914+0200] {logging_mixin.py:190} INFO - [2025-06-12T11:43:01.914+0200] {dag.py:4180} INFO - Setting next_dagrun for tutorial_objectstorage to None, run_after=None
[2025-06-12T11:43:01.918+0200] {processor.py:208} INFO - Processing /Users/gordanaristova/MyProjects/MyRpaProject/venv/lib/python3.10/site-packages/airflow/example_dags/tutorial_objectstorage.py took 0.048 seconds
[2025-06-12T11:49:32.350+0200] {processor.py:186} INFO - Started process (PID=10615) to work on /Users/gordanaristova/MyProjects/MyRpaProject/venv/lib/python3.10/site-packages/airflow/example_dags/tutorial_objectstorage.py
[2025-06-12T11:49:32.350+0200] {processor.py:914} INFO - Processing file /Users/gordanaristova/MyProjects/MyRpaProject/venv/lib/python3.10/site-packages/airflow/example_dags/tutorial_objectstorage.py for tasks to queue
[2025-06-12T11:49:32.350+0200] {logging_mixin.py:190} INFO - [2025-06-12T11:49:32.350+0200] {dagbag.py:588} INFO - Filling up the DagBag from /Users/gordanaristova/MyProjects/MyRpaProject/venv/lib/python3.10/site-packages/airflow/example_dags/tutorial_objectstorage.py
[2025-06-12T11:49:32.363+0200] {processor.py:925} INFO - DAG(s) 'tutorial_objectstorage' retrieved from /Users/gordanaristova/MyProjects/MyRpaProject/venv/lib/python3.10/site-packages/airflow/example_dags/tutorial_objectstorage.py
[2025-06-12T11:49:32.394+0200] {logging_mixin.py:190} INFO - [2025-06-12T11:49:32.394+0200] {dag.py:3239} INFO - Sync 1 DAGs
[2025-06-12T11:49:32.398+0200] {logging_mixin.py:190} INFO - [2025-06-12T11:49:32.397+0200] {dag.py:4180} INFO - Setting next_dagrun for tutorial_objectstorage to None, run_after=None
[2025-06-12T11:49:32.403+0200] {processor.py:208} INFO - Processing /Users/gordanaristova/MyProjects/MyRpaProject/venv/lib/python3.10/site-packages/airflow/example_dags/tutorial_objectstorage.py took 0.054 seconds
[2025-06-12T11:51:00.403+0200] {processor.py:186} INFO - Started process (PID=10699) to work on /Users/gordanaristova/MyProjects/MyRpaProject/venv/lib/python3.10/site-packages/airflow/example_dags/tutorial_objectstorage.py
[2025-06-12T11:51:00.404+0200] {processor.py:914} INFO - Processing file /Users/gordanaristova/MyProjects/MyRpaProject/venv/lib/python3.10/site-packages/airflow/example_dags/tutorial_objectstorage.py for tasks to queue
[2025-06-12T11:51:00.404+0200] {logging_mixin.py:190} INFO - [2025-06-12T11:51:00.404+0200] {dagbag.py:588} INFO - Filling up the DagBag from /Users/gordanaristova/MyProjects/MyRpaProject/venv/lib/python3.10/site-packages/airflow/example_dags/tutorial_objectstorage.py
[2025-06-12T11:51:00.415+0200] {processor.py:925} INFO - DAG(s) 'tutorial_objectstorage' retrieved from /Users/gordanaristova/MyProjects/MyRpaProject/venv/lib/python3.10/site-packages/airflow/example_dags/tutorial_objectstorage.py
[2025-06-12T11:51:00.443+0200] {logging_mixin.py:190} INFO - [2025-06-12T11:51:00.443+0200] {dag.py:3239} INFO - Sync 1 DAGs
[2025-06-12T11:51:00.446+0200] {logging_mixin.py:190} INFO - [2025-06-12T11:51:00.446+0200] {dag.py:4180} INFO - Setting next_dagrun for tutorial_objectstorage to None, run_after=None
[2025-06-12T11:51:00.450+0200] {processor.py:208} INFO - Processing /Users/gordanaristova/MyProjects/MyRpaProject/venv/lib/python3.10/site-packages/airflow/example_dags/tutorial_objectstorage.py took 0.048 seconds
[2025-06-12T11:51:53.387+0200] {processor.py:186} INFO - Started process (PID=10755) to work on /Users/gordanaristova/MyProjects/MyRpaProject/venv/lib/python3.10/site-packages/airflow/example_dags/tutorial_objectstorage.py
[2025-06-12T11:51:53.388+0200] {processor.py:914} INFO - Processing file /Users/gordanaristova/MyProjects/MyRpaProject/venv/lib/python3.10/site-packages/airflow/example_dags/tutorial_objectstorage.py for tasks to queue
[2025-06-12T11:51:53.389+0200] {logging_mixin.py:190} INFO - [2025-06-12T11:51:53.389+0200] {dagbag.py:588} INFO - Filling up the DagBag from /Users/gordanaristova/MyProjects/MyRpaProject/venv/lib/python3.10/site-packages/airflow/example_dags/tutorial_objectstorage.py
[2025-06-12T11:51:53.399+0200] {processor.py:925} INFO - DAG(s) 'tutorial_objectstorage' retrieved from /Users/gordanaristova/MyProjects/MyRpaProject/venv/lib/python3.10/site-packages/airflow/example_dags/tutorial_objectstorage.py
[2025-06-12T11:51:53.427+0200] {logging_mixin.py:190} INFO - [2025-06-12T11:51:53.427+0200] {dag.py:3239} INFO - Sync 1 DAGs
[2025-06-12T11:51:53.430+0200] {logging_mixin.py:190} INFO - [2025-06-12T11:51:53.430+0200] {dag.py:4180} INFO - Setting next_dagrun for tutorial_objectstorage to None, run_after=None
[2025-06-12T11:51:53.434+0200] {processor.py:208} INFO - Processing /Users/gordanaristova/MyProjects/MyRpaProject/venv/lib/python3.10/site-packages/airflow/example_dags/tutorial_objectstorage.py took 0.048 seconds
[2025-06-12T11:52:47.226+0200] {processor.py:186} INFO - Started process (PID=10815) to work on /Users/gordanaristova/MyProjects/MyRpaProject/venv/lib/python3.10/site-packages/airflow/example_dags/tutorial_objectstorage.py
[2025-06-12T11:52:47.226+0200] {processor.py:914} INFO - Processing file /Users/gordanaristova/MyProjects/MyRpaProject/venv/lib/python3.10/site-packages/airflow/example_dags/tutorial_objectstorage.py for tasks to queue
[2025-06-12T11:52:47.227+0200] {logging_mixin.py:190} INFO - [2025-06-12T11:52:47.227+0200] {dagbag.py:588} INFO - Filling up the DagBag from /Users/gordanaristova/MyProjects/MyRpaProject/venv/lib/python3.10/site-packages/airflow/example_dags/tutorial_objectstorage.py
[2025-06-12T11:52:47.238+0200] {processor.py:925} INFO - DAG(s) 'tutorial_objectstorage' retrieved from /Users/gordanaristova/MyProjects/MyRpaProject/venv/lib/python3.10/site-packages/airflow/example_dags/tutorial_objectstorage.py
[2025-06-12T11:52:47.265+0200] {logging_mixin.py:190} INFO - [2025-06-12T11:52:47.265+0200] {dag.py:3239} INFO - Sync 1 DAGs
[2025-06-12T11:52:47.268+0200] {logging_mixin.py:190} INFO - [2025-06-12T11:52:47.268+0200] {dag.py:4180} INFO - Setting next_dagrun for tutorial_objectstorage to None, run_after=None
[2025-06-12T11:52:47.272+0200] {processor.py:208} INFO - Processing /Users/gordanaristova/MyProjects/MyRpaProject/venv/lib/python3.10/site-packages/airflow/example_dags/tutorial_objectstorage.py took 0.047 seconds
[2025-06-12T11:53:41.296+0200] {processor.py:186} INFO - Started process (PID=10856) to work on /Users/gordanaristova/MyProjects/MyRpaProject/venv/lib/python3.10/site-packages/airflow/example_dags/tutorial_objectstorage.py
[2025-06-12T11:53:41.297+0200] {processor.py:914} INFO - Processing file /Users/gordanaristova/MyProjects/MyRpaProject/venv/lib/python3.10/site-packages/airflow/example_dags/tutorial_objectstorage.py for tasks to queue
[2025-06-12T11:53:41.297+0200] {logging_mixin.py:190} INFO - [2025-06-12T11:53:41.297+0200] {dagbag.py:588} INFO - Filling up the DagBag from /Users/gordanaristova/MyProjects/MyRpaProject/venv/lib/python3.10/site-packages/airflow/example_dags/tutorial_objectstorage.py
[2025-06-12T11:53:41.308+0200] {processor.py:925} INFO - DAG(s) 'tutorial_objectstorage' retrieved from /Users/gordanaristova/MyProjects/MyRpaProject/venv/lib/python3.10/site-packages/airflow/example_dags/tutorial_objectstorage.py
[2025-06-12T11:53:41.336+0200] {logging_mixin.py:190} INFO - [2025-06-12T11:53:41.336+0200] {dag.py:3239} INFO - Sync 1 DAGs
[2025-06-12T11:53:41.339+0200] {logging_mixin.py:190} INFO - [2025-06-12T11:53:41.339+0200] {dag.py:4180} INFO - Setting next_dagrun for tutorial_objectstorage to None, run_after=None
[2025-06-12T11:53:41.343+0200] {processor.py:208} INFO - Processing /Users/gordanaristova/MyProjects/MyRpaProject/venv/lib/python3.10/site-packages/airflow/example_dags/tutorial_objectstorage.py took 0.048 seconds
[2025-06-12T11:54:35.253+0200] {processor.py:186} INFO - Started process (PID=10898) to work on /Users/gordanaristova/MyProjects/MyRpaProject/venv/lib/python3.10/site-packages/airflow/example_dags/tutorial_objectstorage.py
[2025-06-12T11:54:35.254+0200] {processor.py:914} INFO - Processing file /Users/gordanaristova/MyProjects/MyRpaProject/venv/lib/python3.10/site-packages/airflow/example_dags/tutorial_objectstorage.py for tasks to queue
[2025-06-12T11:54:35.254+0200] {logging_mixin.py:190} INFO - [2025-06-12T11:54:35.254+0200] {dagbag.py:588} INFO - Filling up the DagBag from /Users/gordanaristova/MyProjects/MyRpaProject/venv/lib/python3.10/site-packages/airflow/example_dags/tutorial_objectstorage.py
[2025-06-12T11:54:35.265+0200] {processor.py:925} INFO - DAG(s) 'tutorial_objectstorage' retrieved from /Users/gordanaristova/MyProjects/MyRpaProject/venv/lib/python3.10/site-packages/airflow/example_dags/tutorial_objectstorage.py
[2025-06-12T11:54:35.293+0200] {logging_mixin.py:190} INFO - [2025-06-12T11:54:35.293+0200] {dag.py:3239} INFO - Sync 1 DAGs
[2025-06-12T11:54:35.296+0200] {logging_mixin.py:190} INFO - [2025-06-12T11:54:35.296+0200] {dag.py:4180} INFO - Setting next_dagrun for tutorial_objectstorage to None, run_after=None
[2025-06-12T11:54:35.300+0200] {processor.py:208} INFO - Processing /Users/gordanaristova/MyProjects/MyRpaProject/venv/lib/python3.10/site-packages/airflow/example_dags/tutorial_objectstorage.py took 0.048 seconds
[2025-06-12T11:55:29.764+0200] {processor.py:186} INFO - Started process (PID=10957) to work on /Users/gordanaristova/MyProjects/MyRpaProject/venv/lib/python3.10/site-packages/airflow/example_dags/tutorial_objectstorage.py
[2025-06-12T11:55:29.765+0200] {processor.py:914} INFO - Processing file /Users/gordanaristova/MyProjects/MyRpaProject/venv/lib/python3.10/site-packages/airflow/example_dags/tutorial_objectstorage.py for tasks to queue
[2025-06-12T11:55:29.765+0200] {logging_mixin.py:190} INFO - [2025-06-12T11:55:29.765+0200] {dagbag.py:588} INFO - Filling up the DagBag from /Users/gordanaristova/MyProjects/MyRpaProject/venv/lib/python3.10/site-packages/airflow/example_dags/tutorial_objectstorage.py
[2025-06-12T11:55:29.776+0200] {processor.py:925} INFO - DAG(s) 'tutorial_objectstorage' retrieved from /Users/gordanaristova/MyProjects/MyRpaProject/venv/lib/python3.10/site-packages/airflow/example_dags/tutorial_objectstorage.py
[2025-06-12T11:55:29.804+0200] {logging_mixin.py:190} INFO - [2025-06-12T11:55:29.804+0200] {dag.py:3239} INFO - Sync 1 DAGs
[2025-06-12T11:55:29.807+0200] {logging_mixin.py:190} INFO - [2025-06-12T11:55:29.807+0200] {dag.py:4180} INFO - Setting next_dagrun for tutorial_objectstorage to None, run_after=None
[2025-06-12T11:55:29.812+0200] {processor.py:208} INFO - Processing /Users/gordanaristova/MyProjects/MyRpaProject/venv/lib/python3.10/site-packages/airflow/example_dags/tutorial_objectstorage.py took 0.049 seconds
[2025-06-12T11:56:24.780+0200] {processor.py:186} INFO - Started process (PID=11015) to work on /Users/gordanaristova/MyProjects/MyRpaProject/venv/lib/python3.10/site-packages/airflow/example_dags/tutorial_objectstorage.py
[2025-06-12T11:56:24.781+0200] {processor.py:914} INFO - Processing file /Users/gordanaristova/MyProjects/MyRpaProject/venv/lib/python3.10/site-packages/airflow/example_dags/tutorial_objectstorage.py for tasks to queue
[2025-06-12T11:56:24.782+0200] {logging_mixin.py:190} INFO - [2025-06-12T11:56:24.782+0200] {dagbag.py:588} INFO - Filling up the DagBag from /Users/gordanaristova/MyProjects/MyRpaProject/venv/lib/python3.10/site-packages/airflow/example_dags/tutorial_objectstorage.py
[2025-06-12T11:56:24.794+0200] {processor.py:925} INFO - DAG(s) 'tutorial_objectstorage' retrieved from /Users/gordanaristova/MyProjects/MyRpaProject/venv/lib/python3.10/site-packages/airflow/example_dags/tutorial_objectstorage.py
[2025-06-12T11:56:24.823+0200] {logging_mixin.py:190} INFO - [2025-06-12T11:56:24.822+0200] {dag.py:3239} INFO - Sync 1 DAGs
[2025-06-12T11:56:24.826+0200] {logging_mixin.py:190} INFO - [2025-06-12T11:56:24.826+0200] {dag.py:4180} INFO - Setting next_dagrun for tutorial_objectstorage to None, run_after=None
[2025-06-12T11:56:24.831+0200] {processor.py:208} INFO - Processing /Users/gordanaristova/MyProjects/MyRpaProject/venv/lib/python3.10/site-packages/airflow/example_dags/tutorial_objectstorage.py took 0.052 seconds
[2025-06-12T11:57:21.083+0200] {processor.py:186} INFO - Started process (PID=11080) to work on /Users/gordanaristova/MyProjects/MyRpaProject/venv/lib/python3.10/site-packages/airflow/example_dags/tutorial_objectstorage.py
[2025-06-12T11:57:21.085+0200] {processor.py:914} INFO - Processing file /Users/gordanaristova/MyProjects/MyRpaProject/venv/lib/python3.10/site-packages/airflow/example_dags/tutorial_objectstorage.py for tasks to queue
[2025-06-12T11:57:21.085+0200] {logging_mixin.py:190} INFO - [2025-06-12T11:57:21.085+0200] {dagbag.py:588} INFO - Filling up the DagBag from /Users/gordanaristova/MyProjects/MyRpaProject/venv/lib/python3.10/site-packages/airflow/example_dags/tutorial_objectstorage.py
[2025-06-12T11:57:21.096+0200] {processor.py:925} INFO - DAG(s) 'tutorial_objectstorage' retrieved from /Users/gordanaristova/MyProjects/MyRpaProject/venv/lib/python3.10/site-packages/airflow/example_dags/tutorial_objectstorage.py
[2025-06-12T11:57:21.124+0200] {logging_mixin.py:190} INFO - [2025-06-12T11:57:21.124+0200] {dag.py:3239} INFO - Sync 1 DAGs
[2025-06-12T11:57:21.127+0200] {logging_mixin.py:190} INFO - [2025-06-12T11:57:21.127+0200] {dag.py:4180} INFO - Setting next_dagrun for tutorial_objectstorage to None, run_after=None
[2025-06-12T11:57:21.131+0200] {processor.py:208} INFO - Processing /Users/gordanaristova/MyProjects/MyRpaProject/venv/lib/python3.10/site-packages/airflow/example_dags/tutorial_objectstorage.py took 0.049 seconds
[2025-06-12T13:14:17.936+0200] {processor.py:186} INFO - Started process (PID=12985) to work on /Users/gordanaristova/MyProjects/MyRpaProject/venv/lib/python3.10/site-packages/airflow/example_dags/tutorial_objectstorage.py
[2025-06-12T13:14:17.937+0200] {processor.py:914} INFO - Processing file /Users/gordanaristova/MyProjects/MyRpaProject/venv/lib/python3.10/site-packages/airflow/example_dags/tutorial_objectstorage.py for tasks to queue
[2025-06-12T13:14:17.937+0200] {logging_mixin.py:190} INFO - [2025-06-12T13:14:17.937+0200] {dagbag.py:588} INFO - Filling up the DagBag from /Users/gordanaristova/MyProjects/MyRpaProject/venv/lib/python3.10/site-packages/airflow/example_dags/tutorial_objectstorage.py
[2025-06-12T13:14:17.949+0200] {processor.py:925} INFO - DAG(s) 'tutorial_objectstorage' retrieved from /Users/gordanaristova/MyProjects/MyRpaProject/venv/lib/python3.10/site-packages/airflow/example_dags/tutorial_objectstorage.py
[2025-06-12T13:14:17.978+0200] {logging_mixin.py:190} INFO - [2025-06-12T13:14:17.978+0200] {dag.py:3239} INFO - Sync 1 DAGs
[2025-06-12T13:14:17.981+0200] {logging_mixin.py:190} INFO - [2025-06-12T13:14:17.981+0200] {dag.py:4180} INFO - Setting next_dagrun for tutorial_objectstorage to None, run_after=None
[2025-06-12T13:14:17.986+0200] {processor.py:208} INFO - Processing /Users/gordanaristova/MyProjects/MyRpaProject/venv/lib/python3.10/site-packages/airflow/example_dags/tutorial_objectstorage.py took 0.051 seconds
[2025-06-12T13:15:52.024+0200] {processor.py:186} INFO - Started process (PID=13074) to work on /Users/gordanaristova/MyProjects/MyRpaProject/venv/lib/python3.10/site-packages/airflow/example_dags/tutorial_objectstorage.py
[2025-06-12T13:15:52.024+0200] {processor.py:914} INFO - Processing file /Users/gordanaristova/MyProjects/MyRpaProject/venv/lib/python3.10/site-packages/airflow/example_dags/tutorial_objectstorage.py for tasks to queue
[2025-06-12T13:15:52.025+0200] {logging_mixin.py:190} INFO - [2025-06-12T13:15:52.025+0200] {dagbag.py:588} INFO - Filling up the DagBag from /Users/gordanaristova/MyProjects/MyRpaProject/venv/lib/python3.10/site-packages/airflow/example_dags/tutorial_objectstorage.py
[2025-06-12T13:15:52.036+0200] {processor.py:925} INFO - DAG(s) 'tutorial_objectstorage' retrieved from /Users/gordanaristova/MyProjects/MyRpaProject/venv/lib/python3.10/site-packages/airflow/example_dags/tutorial_objectstorage.py
[2025-06-12T13:15:52.065+0200] {logging_mixin.py:190} INFO - [2025-06-12T13:15:52.064+0200] {dag.py:3239} INFO - Sync 1 DAGs
[2025-06-12T13:15:52.068+0200] {logging_mixin.py:190} INFO - [2025-06-12T13:15:52.068+0200] {dag.py:4180} INFO - Setting next_dagrun for tutorial_objectstorage to None, run_after=None
[2025-06-12T13:15:52.072+0200] {processor.py:208} INFO - Processing /Users/gordanaristova/MyProjects/MyRpaProject/venv/lib/python3.10/site-packages/airflow/example_dags/tutorial_objectstorage.py took 0.050 seconds
