[2025-06-12T10:36:24.084+0200] {processor.py:186} INFO - Started process (PID=8408) to work on /Users/gordanaristova/MyProjects/MyRpaProject/venv/lib/python3.10/site-packages/airflow/example_dags/tutorial_taskflow_api.py
[2025-06-12T10:36:24.084+0200] {processor.py:914} INFO - Processing file /Users/gordanaristova/MyProjects/MyRpaProject/venv/lib/python3.10/site-packages/airflow/example_dags/tutorial_taskflow_api.py for tasks to queue
[2025-06-12T10:36:24.085+0200] {logging_mixin.py:190} INFO - [2025-06-12T10:36:24.085+0200] {dagbag.py:588} INFO - Filling up the DagBag from /Users/gordanaristova/MyProjects/MyRpaProject/venv/lib/python3.10/site-packages/airflow/example_dags/tutorial_taskflow_api.py
[2025-06-12T10:36:24.095+0200] {processor.py:925} INFO - DAG(s) 'tutorial_taskflow_api' retrieved from /Users/gordanaristova/MyProjects/MyRpaProject/venv/lib/python3.10/site-packages/airflow/example_dags/tutorial_taskflow_api.py
[2025-06-12T10:36:24.145+0200] {logging_mixin.py:190} INFO - [2025-06-12T10:36:24.144+0200] {override.py:1900} INFO - Created Permission View: can delete on DAG:tutorial_taskflow_api
[2025-06-12T10:36:24.147+0200] {logging_mixin.py:190} INFO - [2025-06-12T10:36:24.147+0200] {override.py:1900} INFO - Created Permission View: can read on DAG:tutorial_taskflow_api
[2025-06-12T10:36:24.148+0200] {logging_mixin.py:190} INFO - [2025-06-12T10:36:24.148+0200] {override.py:1900} INFO - Created Permission View: can edit on DAG:tutorial_taskflow_api
[2025-06-12T10:36:24.150+0200] {logging_mixin.py:190} INFO - [2025-06-12T10:36:24.150+0200] {override.py:1900} INFO - Created Permission View: can delete on DAG Run:tutorial_taskflow_api
[2025-06-12T10:36:24.151+0200] {logging_mixin.py:190} INFO - [2025-06-12T10:36:24.151+0200] {override.py:1900} INFO - Created Permission View: menu access on DAG Run:tutorial_taskflow_api
[2025-06-12T10:36:24.152+0200] {logging_mixin.py:190} INFO - [2025-06-12T10:36:24.152+0200] {override.py:1900} INFO - Created Permission View: can create on DAG Run:tutorial_taskflow_api
[2025-06-12T10:36:24.154+0200] {logging_mixin.py:190} INFO - [2025-06-12T10:36:24.154+0200] {override.py:1900} INFO - Created Permission View: can read on DAG Run:tutorial_taskflow_api
[2025-06-12T10:36:24.154+0200] {logging_mixin.py:190} INFO - [2025-06-12T10:36:24.154+0200] {dag.py:3239} INFO - Sync 1 DAGs
[2025-06-12T10:36:24.157+0200] {logging_mixin.py:190} INFO - [2025-06-12T10:36:24.157+0200] {dag.py:3262} INFO - Creating ORM DAG for tutorial_taskflow_api
[2025-06-12T10:36:24.157+0200] {logging_mixin.py:190} INFO - [2025-06-12T10:36:24.157+0200] {dag.py:4180} INFO - Setting next_dagrun for tutorial_taskflow_api to None, run_after=None
[2025-06-12T10:36:24.161+0200] {processor.py:208} INFO - Processing /Users/gordanaristova/MyProjects/MyRpaProject/venv/lib/python3.10/site-packages/airflow/example_dags/tutorial_taskflow_api.py took 0.078 seconds
[2025-06-12T10:37:52.489+0200] {processor.py:186} INFO - Started process (PID=8484) to work on /Users/gordanaristova/MyProjects/MyRpaProject/venv/lib/python3.10/site-packages/airflow/example_dags/tutorial_taskflow_api.py
[2025-06-12T10:37:52.490+0200] {processor.py:914} INFO - Processing file /Users/gordanaristova/MyProjects/MyRpaProject/venv/lib/python3.10/site-packages/airflow/example_dags/tutorial_taskflow_api.py for tasks to queue
[2025-06-12T10:37:52.490+0200] {logging_mixin.py:190} INFO - [2025-06-12T10:37:52.490+0200] {dagbag.py:588} INFO - Filling up the DagBag from /Users/gordanaristova/MyProjects/MyRpaProject/venv/lib/python3.10/site-packages/airflow/example_dags/tutorial_taskflow_api.py
[2025-06-12T10:37:52.502+0200] {processor.py:925} INFO - DAG(s) 'tutorial_taskflow_api' retrieved from /Users/gordanaristova/MyProjects/MyRpaProject/venv/lib/python3.10/site-packages/airflow/example_dags/tutorial_taskflow_api.py
[2025-06-12T10:37:52.533+0200] {logging_mixin.py:190} INFO - [2025-06-12T10:37:52.532+0200] {dag.py:3239} INFO - Sync 1 DAGs
[2025-06-12T10:37:52.536+0200] {logging_mixin.py:190} INFO - [2025-06-12T10:37:52.536+0200] {dag.py:4180} INFO - Setting next_dagrun for tutorial_taskflow_api to None, run_after=None
[2025-06-12T10:37:52.542+0200] {processor.py:208} INFO - Processing /Users/gordanaristova/MyProjects/MyRpaProject/venv/lib/python3.10/site-packages/airflow/example_dags/tutorial_taskflow_api.py took 0.053 seconds
[2025-06-12T10:38:47.569+0200] {processor.py:186} INFO - Started process (PID=8528) to work on /Users/gordanaristova/MyProjects/MyRpaProject/venv/lib/python3.10/site-packages/airflow/example_dags/tutorial_taskflow_api.py
[2025-06-12T10:38:47.570+0200] {processor.py:914} INFO - Processing file /Users/gordanaristova/MyProjects/MyRpaProject/venv/lib/python3.10/site-packages/airflow/example_dags/tutorial_taskflow_api.py for tasks to queue
[2025-06-12T10:38:47.570+0200] {logging_mixin.py:190} INFO - [2025-06-12T10:38:47.570+0200] {dagbag.py:588} INFO - Filling up the DagBag from /Users/gordanaristova/MyProjects/MyRpaProject/venv/lib/python3.10/site-packages/airflow/example_dags/tutorial_taskflow_api.py
[2025-06-12T10:38:47.581+0200] {processor.py:925} INFO - DAG(s) 'tutorial_taskflow_api' retrieved from /Users/gordanaristova/MyProjects/MyRpaProject/venv/lib/python3.10/site-packages/airflow/example_dags/tutorial_taskflow_api.py
[2025-06-12T10:38:47.608+0200] {logging_mixin.py:190} INFO - [2025-06-12T10:38:47.608+0200] {dag.py:3239} INFO - Sync 1 DAGs
[2025-06-12T10:38:47.610+0200] {logging_mixin.py:190} INFO - [2025-06-12T10:38:47.610+0200] {dag.py:4180} INFO - Setting next_dagrun for tutorial_taskflow_api to None, run_after=None
[2025-06-12T10:38:47.615+0200] {processor.py:208} INFO - Processing /Users/gordanaristova/MyProjects/MyRpaProject/venv/lib/python3.10/site-packages/airflow/example_dags/tutorial_taskflow_api.py took 0.047 seconds
[2025-06-12T10:39:40.333+0200] {processor.py:186} INFO - Started process (PID=8572) to work on /Users/gordanaristova/MyProjects/MyRpaProject/venv/lib/python3.10/site-packages/airflow/example_dags/tutorial_taskflow_api.py
[2025-06-12T10:39:40.334+0200] {processor.py:914} INFO - Processing file /Users/gordanaristova/MyProjects/MyRpaProject/venv/lib/python3.10/site-packages/airflow/example_dags/tutorial_taskflow_api.py for tasks to queue
[2025-06-12T10:39:40.335+0200] {logging_mixin.py:190} INFO - [2025-06-12T10:39:40.335+0200] {dagbag.py:588} INFO - Filling up the DagBag from /Users/gordanaristova/MyProjects/MyRpaProject/venv/lib/python3.10/site-packages/airflow/example_dags/tutorial_taskflow_api.py
[2025-06-12T10:39:40.345+0200] {processor.py:925} INFO - DAG(s) 'tutorial_taskflow_api' retrieved from /Users/gordanaristova/MyProjects/MyRpaProject/venv/lib/python3.10/site-packages/airflow/example_dags/tutorial_taskflow_api.py
[2025-06-12T10:39:40.372+0200] {logging_mixin.py:190} INFO - [2025-06-12T10:39:40.372+0200] {dag.py:3239} INFO - Sync 1 DAGs
[2025-06-12T10:39:40.375+0200] {logging_mixin.py:190} INFO - [2025-06-12T10:39:40.375+0200] {dag.py:4180} INFO - Setting next_dagrun for tutorial_taskflow_api to None, run_after=None
[2025-06-12T10:39:40.379+0200] {processor.py:208} INFO - Processing /Users/gordanaristova/MyProjects/MyRpaProject/venv/lib/python3.10/site-packages/airflow/example_dags/tutorial_taskflow_api.py took 0.047 seconds
[2025-06-12T10:40:31.073+0200] {processor.py:186} INFO - Started process (PID=8612) to work on /Users/gordanaristova/MyProjects/MyRpaProject/venv/lib/python3.10/site-packages/airflow/example_dags/tutorial_taskflow_api.py
[2025-06-12T10:40:31.073+0200] {processor.py:914} INFO - Processing file /Users/gordanaristova/MyProjects/MyRpaProject/venv/lib/python3.10/site-packages/airflow/example_dags/tutorial_taskflow_api.py for tasks to queue
[2025-06-12T10:40:31.074+0200] {logging_mixin.py:190} INFO - [2025-06-12T10:40:31.074+0200] {dagbag.py:588} INFO - Filling up the DagBag from /Users/gordanaristova/MyProjects/MyRpaProject/venv/lib/python3.10/site-packages/airflow/example_dags/tutorial_taskflow_api.py
[2025-06-12T10:40:31.084+0200] {processor.py:925} INFO - DAG(s) 'tutorial_taskflow_api' retrieved from /Users/gordanaristova/MyProjects/MyRpaProject/venv/lib/python3.10/site-packages/airflow/example_dags/tutorial_taskflow_api.py
[2025-06-12T10:40:31.112+0200] {logging_mixin.py:190} INFO - [2025-06-12T10:40:31.112+0200] {dag.py:3239} INFO - Sync 1 DAGs
[2025-06-12T10:40:31.115+0200] {logging_mixin.py:190} INFO - [2025-06-12T10:40:31.115+0200] {dag.py:4180} INFO - Setting next_dagrun for tutorial_taskflow_api to None, run_after=None
[2025-06-12T10:40:31.119+0200] {processor.py:208} INFO - Processing /Users/gordanaristova/MyProjects/MyRpaProject/venv/lib/python3.10/site-packages/airflow/example_dags/tutorial_taskflow_api.py took 0.047 seconds
[2025-06-12T10:41:22.461+0200] {processor.py:186} INFO - Started process (PID=8662) to work on /Users/gordanaristova/MyProjects/MyRpaProject/venv/lib/python3.10/site-packages/airflow/example_dags/tutorial_taskflow_api.py
[2025-06-12T10:41:22.462+0200] {processor.py:914} INFO - Processing file /Users/gordanaristova/MyProjects/MyRpaProject/venv/lib/python3.10/site-packages/airflow/example_dags/tutorial_taskflow_api.py for tasks to queue
[2025-06-12T10:41:22.462+0200] {logging_mixin.py:190} INFO - [2025-06-12T10:41:22.462+0200] {dagbag.py:588} INFO - Filling up the DagBag from /Users/gordanaristova/MyProjects/MyRpaProject/venv/lib/python3.10/site-packages/airflow/example_dags/tutorial_taskflow_api.py
[2025-06-12T10:41:22.473+0200] {processor.py:925} INFO - DAG(s) 'tutorial_taskflow_api' retrieved from /Users/gordanaristova/MyProjects/MyRpaProject/venv/lib/python3.10/site-packages/airflow/example_dags/tutorial_taskflow_api.py
[2025-06-12T10:41:22.499+0200] {logging_mixin.py:190} INFO - [2025-06-12T10:41:22.499+0200] {dag.py:3239} INFO - Sync 1 DAGs
[2025-06-12T10:41:22.502+0200] {logging_mixin.py:190} INFO - [2025-06-12T10:41:22.502+0200] {dag.py:4180} INFO - Setting next_dagrun for tutorial_taskflow_api to None, run_after=None
[2025-06-12T10:41:22.507+0200] {processor.py:208} INFO - Processing /Users/gordanaristova/MyProjects/MyRpaProject/venv/lib/python3.10/site-packages/airflow/example_dags/tutorial_taskflow_api.py took 0.047 seconds
[2025-06-12T10:42:15.841+0200] {processor.py:186} INFO - Started process (PID=8700) to work on /Users/gordanaristova/MyProjects/MyRpaProject/venv/lib/python3.10/site-packages/airflow/example_dags/tutorial_taskflow_api.py
[2025-06-12T10:42:15.842+0200] {processor.py:914} INFO - Processing file /Users/gordanaristova/MyProjects/MyRpaProject/venv/lib/python3.10/site-packages/airflow/example_dags/tutorial_taskflow_api.py for tasks to queue
[2025-06-12T10:42:15.842+0200] {logging_mixin.py:190} INFO - [2025-06-12T10:42:15.842+0200] {dagbag.py:588} INFO - Filling up the DagBag from /Users/gordanaristova/MyProjects/MyRpaProject/venv/lib/python3.10/site-packages/airflow/example_dags/tutorial_taskflow_api.py
[2025-06-12T10:42:15.852+0200] {processor.py:925} INFO - DAG(s) 'tutorial_taskflow_api' retrieved from /Users/gordanaristova/MyProjects/MyRpaProject/venv/lib/python3.10/site-packages/airflow/example_dags/tutorial_taskflow_api.py
[2025-06-12T10:42:15.879+0200] {logging_mixin.py:190} INFO - [2025-06-12T10:42:15.879+0200] {dag.py:3239} INFO - Sync 1 DAGs
[2025-06-12T10:42:15.882+0200] {logging_mixin.py:190} INFO - [2025-06-12T10:42:15.882+0200] {dag.py:4180} INFO - Setting next_dagrun for tutorial_taskflow_api to None, run_after=None
[2025-06-12T10:42:15.887+0200] {processor.py:208} INFO - Processing /Users/gordanaristova/MyProjects/MyRpaProject/venv/lib/python3.10/site-packages/airflow/example_dags/tutorial_taskflow_api.py took 0.046 seconds
[2025-06-12T10:43:09.296+0200] {processor.py:186} INFO - Started process (PID=8752) to work on /Users/gordanaristova/MyProjects/MyRpaProject/venv/lib/python3.10/site-packages/airflow/example_dags/tutorial_taskflow_api.py
[2025-06-12T10:43:09.296+0200] {processor.py:914} INFO - Processing file /Users/gordanaristova/MyProjects/MyRpaProject/venv/lib/python3.10/site-packages/airflow/example_dags/tutorial_taskflow_api.py for tasks to queue
[2025-06-12T10:43:09.297+0200] {logging_mixin.py:190} INFO - [2025-06-12T10:43:09.297+0200] {dagbag.py:588} INFO - Filling up the DagBag from /Users/gordanaristova/MyProjects/MyRpaProject/venv/lib/python3.10/site-packages/airflow/example_dags/tutorial_taskflow_api.py
[2025-06-12T10:43:09.307+0200] {processor.py:925} INFO - DAG(s) 'tutorial_taskflow_api' retrieved from /Users/gordanaristova/MyProjects/MyRpaProject/venv/lib/python3.10/site-packages/airflow/example_dags/tutorial_taskflow_api.py
[2025-06-12T10:43:09.335+0200] {logging_mixin.py:190} INFO - [2025-06-12T10:43:09.335+0200] {dag.py:3239} INFO - Sync 1 DAGs
[2025-06-12T10:43:09.338+0200] {logging_mixin.py:190} INFO - [2025-06-12T10:43:09.338+0200] {dag.py:4180} INFO - Setting next_dagrun for tutorial_taskflow_api to None, run_after=None
[2025-06-12T10:43:09.343+0200] {processor.py:208} INFO - Processing /Users/gordanaristova/MyProjects/MyRpaProject/venv/lib/python3.10/site-packages/airflow/example_dags/tutorial_taskflow_api.py took 0.048 seconds
[2025-06-12T10:44:04.315+0200] {processor.py:186} INFO - Started process (PID=8855) to work on /Users/gordanaristova/MyProjects/MyRpaProject/venv/lib/python3.10/site-packages/airflow/example_dags/tutorial_taskflow_api.py
[2025-06-12T10:44:04.316+0200] {processor.py:914} INFO - Processing file /Users/gordanaristova/MyProjects/MyRpaProject/venv/lib/python3.10/site-packages/airflow/example_dags/tutorial_taskflow_api.py for tasks to queue
[2025-06-12T10:44:04.316+0200] {logging_mixin.py:190} INFO - [2025-06-12T10:44:04.316+0200] {dagbag.py:588} INFO - Filling up the DagBag from /Users/gordanaristova/MyProjects/MyRpaProject/venv/lib/python3.10/site-packages/airflow/example_dags/tutorial_taskflow_api.py
[2025-06-12T10:44:04.328+0200] {processor.py:925} INFO - DAG(s) 'tutorial_taskflow_api' retrieved from /Users/gordanaristova/MyProjects/MyRpaProject/venv/lib/python3.10/site-packages/airflow/example_dags/tutorial_taskflow_api.py
[2025-06-12T10:44:04.355+0200] {logging_mixin.py:190} INFO - [2025-06-12T10:44:04.355+0200] {dag.py:3239} INFO - Sync 1 DAGs
[2025-06-12T10:44:04.358+0200] {logging_mixin.py:190} INFO - [2025-06-12T10:44:04.358+0200] {dag.py:4180} INFO - Setting next_dagrun for tutorial_taskflow_api to None, run_after=None
[2025-06-12T10:44:04.363+0200] {processor.py:208} INFO - Processing /Users/gordanaristova/MyProjects/MyRpaProject/venv/lib/python3.10/site-packages/airflow/example_dags/tutorial_taskflow_api.py took 0.049 seconds
[2025-06-12T10:44:55.399+0200] {processor.py:186} INFO - Started process (PID=8895) to work on /Users/gordanaristova/MyProjects/MyRpaProject/venv/lib/python3.10/site-packages/airflow/example_dags/tutorial_taskflow_api.py
[2025-06-12T10:44:55.400+0200] {processor.py:914} INFO - Processing file /Users/gordanaristova/MyProjects/MyRpaProject/venv/lib/python3.10/site-packages/airflow/example_dags/tutorial_taskflow_api.py for tasks to queue
[2025-06-12T10:44:55.400+0200] {logging_mixin.py:190} INFO - [2025-06-12T10:44:55.400+0200] {dagbag.py:588} INFO - Filling up the DagBag from /Users/gordanaristova/MyProjects/MyRpaProject/venv/lib/python3.10/site-packages/airflow/example_dags/tutorial_taskflow_api.py
[2025-06-12T10:44:55.413+0200] {processor.py:925} INFO - DAG(s) 'tutorial_taskflow_api' retrieved from /Users/gordanaristova/MyProjects/MyRpaProject/venv/lib/python3.10/site-packages/airflow/example_dags/tutorial_taskflow_api.py
[2025-06-12T10:44:55.445+0200] {logging_mixin.py:190} INFO - [2025-06-12T10:44:55.445+0200] {dag.py:3239} INFO - Sync 1 DAGs
[2025-06-12T10:44:55.449+0200] {logging_mixin.py:190} INFO - [2025-06-12T10:44:55.449+0200] {dag.py:4180} INFO - Setting next_dagrun for tutorial_taskflow_api to None, run_after=None
[2025-06-12T10:44:55.454+0200] {processor.py:208} INFO - Processing /Users/gordanaristova/MyProjects/MyRpaProject/venv/lib/python3.10/site-packages/airflow/example_dags/tutorial_taskflow_api.py took 0.056 seconds
[2025-06-12T10:45:49.593+0200] {processor.py:186} INFO - Started process (PID=8938) to work on /Users/gordanaristova/MyProjects/MyRpaProject/venv/lib/python3.10/site-packages/airflow/example_dags/tutorial_taskflow_api.py
[2025-06-12T10:45:49.593+0200] {processor.py:914} INFO - Processing file /Users/gordanaristova/MyProjects/MyRpaProject/venv/lib/python3.10/site-packages/airflow/example_dags/tutorial_taskflow_api.py for tasks to queue
[2025-06-12T10:45:49.593+0200] {logging_mixin.py:190} INFO - [2025-06-12T10:45:49.593+0200] {dagbag.py:588} INFO - Filling up the DagBag from /Users/gordanaristova/MyProjects/MyRpaProject/venv/lib/python3.10/site-packages/airflow/example_dags/tutorial_taskflow_api.py
[2025-06-12T10:45:49.604+0200] {processor.py:925} INFO - DAG(s) 'tutorial_taskflow_api' retrieved from /Users/gordanaristova/MyProjects/MyRpaProject/venv/lib/python3.10/site-packages/airflow/example_dags/tutorial_taskflow_api.py
[2025-06-12T10:45:49.633+0200] {logging_mixin.py:190} INFO - [2025-06-12T10:45:49.632+0200] {dag.py:3239} INFO - Sync 1 DAGs
[2025-06-12T10:45:49.636+0200] {logging_mixin.py:190} INFO - [2025-06-12T10:45:49.636+0200] {dag.py:4180} INFO - Setting next_dagrun for tutorial_taskflow_api to None, run_after=None
[2025-06-12T10:45:49.640+0200] {processor.py:208} INFO - Processing /Users/gordanaristova/MyProjects/MyRpaProject/venv/lib/python3.10/site-packages/airflow/example_dags/tutorial_taskflow_api.py took 0.048 seconds
[2025-06-12T10:46:41.272+0200] {processor.py:186} INFO - Started process (PID=9002) to work on /Users/gordanaristova/MyProjects/MyRpaProject/venv/lib/python3.10/site-packages/airflow/example_dags/tutorial_taskflow_api.py
[2025-06-12T10:46:41.273+0200] {processor.py:914} INFO - Processing file /Users/gordanaristova/MyProjects/MyRpaProject/venv/lib/python3.10/site-packages/airflow/example_dags/tutorial_taskflow_api.py for tasks to queue
[2025-06-12T10:46:41.274+0200] {logging_mixin.py:190} INFO - [2025-06-12T10:46:41.274+0200] {dagbag.py:588} INFO - Filling up the DagBag from /Users/gordanaristova/MyProjects/MyRpaProject/venv/lib/python3.10/site-packages/airflow/example_dags/tutorial_taskflow_api.py
[2025-06-12T10:46:41.285+0200] {processor.py:925} INFO - DAG(s) 'tutorial_taskflow_api' retrieved from /Users/gordanaristova/MyProjects/MyRpaProject/venv/lib/python3.10/site-packages/airflow/example_dags/tutorial_taskflow_api.py
[2025-06-12T10:46:41.314+0200] {logging_mixin.py:190} INFO - [2025-06-12T10:46:41.314+0200] {dag.py:3239} INFO - Sync 1 DAGs
[2025-06-12T10:46:41.317+0200] {logging_mixin.py:190} INFO - [2025-06-12T10:46:41.317+0200] {dag.py:4180} INFO - Setting next_dagrun for tutorial_taskflow_api to None, run_after=None
[2025-06-12T10:46:41.321+0200] {processor.py:208} INFO - Processing /Users/gordanaristova/MyProjects/MyRpaProject/venv/lib/python3.10/site-packages/airflow/example_dags/tutorial_taskflow_api.py took 0.050 seconds
[2025-06-12T10:47:39.871+0200] {processor.py:186} INFO - Started process (PID=9073) to work on /Users/gordanaristova/MyProjects/MyRpaProject/venv/lib/python3.10/site-packages/airflow/example_dags/tutorial_taskflow_api.py
[2025-06-12T10:47:39.872+0200] {processor.py:914} INFO - Processing file /Users/gordanaristova/MyProjects/MyRpaProject/venv/lib/python3.10/site-packages/airflow/example_dags/tutorial_taskflow_api.py for tasks to queue
[2025-06-12T10:47:39.872+0200] {logging_mixin.py:190} INFO - [2025-06-12T10:47:39.872+0200] {dagbag.py:588} INFO - Filling up the DagBag from /Users/gordanaristova/MyProjects/MyRpaProject/venv/lib/python3.10/site-packages/airflow/example_dags/tutorial_taskflow_api.py
[2025-06-12T10:47:39.883+0200] {processor.py:925} INFO - DAG(s) 'tutorial_taskflow_api' retrieved from /Users/gordanaristova/MyProjects/MyRpaProject/venv/lib/python3.10/site-packages/airflow/example_dags/tutorial_taskflow_api.py
[2025-06-12T10:47:39.912+0200] {logging_mixin.py:190} INFO - [2025-06-12T10:47:39.911+0200] {dag.py:3239} INFO - Sync 1 DAGs
[2025-06-12T10:47:39.915+0200] {logging_mixin.py:190} INFO - [2025-06-12T10:47:39.914+0200] {dag.py:4180} INFO - Setting next_dagrun for tutorial_taskflow_api to None, run_after=None
[2025-06-12T10:47:39.919+0200] {processor.py:208} INFO - Processing /Users/gordanaristova/MyProjects/MyRpaProject/venv/lib/python3.10/site-packages/airflow/example_dags/tutorial_taskflow_api.py took 0.049 seconds
[2025-06-12T10:48:34.898+0200] {processor.py:186} INFO - Started process (PID=9144) to work on /Users/gordanaristova/MyProjects/MyRpaProject/venv/lib/python3.10/site-packages/airflow/example_dags/tutorial_taskflow_api.py
[2025-06-12T10:48:34.899+0200] {processor.py:914} INFO - Processing file /Users/gordanaristova/MyProjects/MyRpaProject/venv/lib/python3.10/site-packages/airflow/example_dags/tutorial_taskflow_api.py for tasks to queue
[2025-06-12T10:48:34.899+0200] {logging_mixin.py:190} INFO - [2025-06-12T10:48:34.899+0200] {dagbag.py:588} INFO - Filling up the DagBag from /Users/gordanaristova/MyProjects/MyRpaProject/venv/lib/python3.10/site-packages/airflow/example_dags/tutorial_taskflow_api.py
[2025-06-12T10:48:34.910+0200] {processor.py:925} INFO - DAG(s) 'tutorial_taskflow_api' retrieved from /Users/gordanaristova/MyProjects/MyRpaProject/venv/lib/python3.10/site-packages/airflow/example_dags/tutorial_taskflow_api.py
[2025-06-12T10:48:34.938+0200] {logging_mixin.py:190} INFO - [2025-06-12T10:48:34.938+0200] {dag.py:3239} INFO - Sync 1 DAGs
[2025-06-12T10:48:34.941+0200] {logging_mixin.py:190} INFO - [2025-06-12T10:48:34.941+0200] {dag.py:4180} INFO - Setting next_dagrun for tutorial_taskflow_api to None, run_after=None
[2025-06-12T10:48:34.946+0200] {processor.py:208} INFO - Processing /Users/gordanaristova/MyProjects/MyRpaProject/venv/lib/python3.10/site-packages/airflow/example_dags/tutorial_taskflow_api.py took 0.048 seconds
[2025-06-12T10:49:28.405+0200] {processor.py:186} INFO - Started process (PID=9208) to work on /Users/gordanaristova/MyProjects/MyRpaProject/venv/lib/python3.10/site-packages/airflow/example_dags/tutorial_taskflow_api.py
[2025-06-12T10:49:28.406+0200] {processor.py:914} INFO - Processing file /Users/gordanaristova/MyProjects/MyRpaProject/venv/lib/python3.10/site-packages/airflow/example_dags/tutorial_taskflow_api.py for tasks to queue
[2025-06-12T10:49:28.406+0200] {logging_mixin.py:190} INFO - [2025-06-12T10:49:28.406+0200] {dagbag.py:588} INFO - Filling up the DagBag from /Users/gordanaristova/MyProjects/MyRpaProject/venv/lib/python3.10/site-packages/airflow/example_dags/tutorial_taskflow_api.py
[2025-06-12T10:49:28.416+0200] {processor.py:925} INFO - DAG(s) 'tutorial_taskflow_api' retrieved from /Users/gordanaristova/MyProjects/MyRpaProject/venv/lib/python3.10/site-packages/airflow/example_dags/tutorial_taskflow_api.py
[2025-06-12T10:49:28.443+0200] {logging_mixin.py:190} INFO - [2025-06-12T10:49:28.443+0200] {dag.py:3239} INFO - Sync 1 DAGs
[2025-06-12T10:49:28.446+0200] {logging_mixin.py:190} INFO - [2025-06-12T10:49:28.446+0200] {dag.py:4180} INFO - Setting next_dagrun for tutorial_taskflow_api to None, run_after=None
[2025-06-12T10:49:28.451+0200] {processor.py:208} INFO - Processing /Users/gordanaristova/MyProjects/MyRpaProject/venv/lib/python3.10/site-packages/airflow/example_dags/tutorial_taskflow_api.py took 0.046 seconds
[2025-06-12T10:56:36.586+0200] {processor.py:186} INFO - Started process (PID=9404) to work on /Users/gordanaristova/MyProjects/MyRpaProject/venv/lib/python3.10/site-packages/airflow/example_dags/tutorial_taskflow_api.py
[2025-06-12T10:56:36.587+0200] {processor.py:914} INFO - Processing file /Users/gordanaristova/MyProjects/MyRpaProject/venv/lib/python3.10/site-packages/airflow/example_dags/tutorial_taskflow_api.py for tasks to queue
[2025-06-12T10:56:36.587+0200] {logging_mixin.py:190} INFO - [2025-06-12T10:56:36.587+0200] {dagbag.py:588} INFO - Filling up the DagBag from /Users/gordanaristova/MyProjects/MyRpaProject/venv/lib/python3.10/site-packages/airflow/example_dags/tutorial_taskflow_api.py
[2025-06-12T10:56:36.602+0200] {processor.py:925} INFO - DAG(s) 'tutorial_taskflow_api' retrieved from /Users/gordanaristova/MyProjects/MyRpaProject/venv/lib/python3.10/site-packages/airflow/example_dags/tutorial_taskflow_api.py
[2025-06-12T10:56:36.632+0200] {logging_mixin.py:190} INFO - [2025-06-12T10:56:36.632+0200] {dag.py:3239} INFO - Sync 1 DAGs
[2025-06-12T10:56:36.636+0200] {logging_mixin.py:190} INFO - [2025-06-12T10:56:36.636+0200] {dag.py:4180} INFO - Setting next_dagrun for tutorial_taskflow_api to None, run_after=None
[2025-06-12T10:56:36.641+0200] {processor.py:208} INFO - Processing /Users/gordanaristova/MyProjects/MyRpaProject/venv/lib/python3.10/site-packages/airflow/example_dags/tutorial_taskflow_api.py took 0.055 seconds
[2025-06-12T10:58:03.266+0200] {processor.py:186} INFO - Started process (PID=9511) to work on /Users/gordanaristova/MyProjects/MyRpaProject/venv/lib/python3.10/site-packages/airflow/example_dags/tutorial_taskflow_api.py
[2025-06-12T10:58:03.267+0200] {processor.py:914} INFO - Processing file /Users/gordanaristova/MyProjects/MyRpaProject/venv/lib/python3.10/site-packages/airflow/example_dags/tutorial_taskflow_api.py for tasks to queue
[2025-06-12T10:58:03.267+0200] {logging_mixin.py:190} INFO - [2025-06-12T10:58:03.267+0200] {dagbag.py:588} INFO - Filling up the DagBag from /Users/gordanaristova/MyProjects/MyRpaProject/venv/lib/python3.10/site-packages/airflow/example_dags/tutorial_taskflow_api.py
[2025-06-12T10:58:03.279+0200] {processor.py:925} INFO - DAG(s) 'tutorial_taskflow_api' retrieved from /Users/gordanaristova/MyProjects/MyRpaProject/venv/lib/python3.10/site-packages/airflow/example_dags/tutorial_taskflow_api.py
[2025-06-12T10:58:03.309+0200] {logging_mixin.py:190} INFO - [2025-06-12T10:58:03.308+0200] {dag.py:3239} INFO - Sync 1 DAGs
[2025-06-12T10:58:03.311+0200] {logging_mixin.py:190} INFO - [2025-06-12T10:58:03.311+0200] {dag.py:4180} INFO - Setting next_dagrun for tutorial_taskflow_api to None, run_after=None
[2025-06-12T10:58:03.316+0200] {processor.py:208} INFO - Processing /Users/gordanaristova/MyProjects/MyRpaProject/venv/lib/python3.10/site-packages/airflow/example_dags/tutorial_taskflow_api.py took 0.050 seconds
[2025-06-12T11:11:22.448+0200] {processor.py:186} INFO - Started process (PID=9724) to work on /Users/gordanaristova/MyProjects/MyRpaProject/venv/lib/python3.10/site-packages/airflow/example_dags/tutorial_taskflow_api.py
[2025-06-12T11:11:22.448+0200] {processor.py:914} INFO - Processing file /Users/gordanaristova/MyProjects/MyRpaProject/venv/lib/python3.10/site-packages/airflow/example_dags/tutorial_taskflow_api.py for tasks to queue
[2025-06-12T11:11:22.448+0200] {logging_mixin.py:190} INFO - [2025-06-12T11:11:22.448+0200] {dagbag.py:588} INFO - Filling up the DagBag from /Users/gordanaristova/MyProjects/MyRpaProject/venv/lib/python3.10/site-packages/airflow/example_dags/tutorial_taskflow_api.py
[2025-06-12T11:11:22.459+0200] {processor.py:925} INFO - DAG(s) 'tutorial_taskflow_api' retrieved from /Users/gordanaristova/MyProjects/MyRpaProject/venv/lib/python3.10/site-packages/airflow/example_dags/tutorial_taskflow_api.py
[2025-06-12T11:11:22.486+0200] {logging_mixin.py:190} INFO - [2025-06-12T11:11:22.486+0200] {dag.py:3239} INFO - Sync 1 DAGs
[2025-06-12T11:11:22.489+0200] {logging_mixin.py:190} INFO - [2025-06-12T11:11:22.489+0200] {dag.py:4180} INFO - Setting next_dagrun for tutorial_taskflow_api to None, run_after=None
[2025-06-12T11:11:22.493+0200] {processor.py:208} INFO - Processing /Users/gordanaristova/MyProjects/MyRpaProject/venv/lib/python3.10/site-packages/airflow/example_dags/tutorial_taskflow_api.py took 0.046 seconds
[2025-06-12T11:12:47.736+0200] {processor.py:186} INFO - Started process (PID=9820) to work on /Users/gordanaristova/MyProjects/MyRpaProject/venv/lib/python3.10/site-packages/airflow/example_dags/tutorial_taskflow_api.py
[2025-06-12T11:12:47.737+0200] {processor.py:914} INFO - Processing file /Users/gordanaristova/MyProjects/MyRpaProject/venv/lib/python3.10/site-packages/airflow/example_dags/tutorial_taskflow_api.py for tasks to queue
[2025-06-12T11:12:47.737+0200] {logging_mixin.py:190} INFO - [2025-06-12T11:12:47.737+0200] {dagbag.py:588} INFO - Filling up the DagBag from /Users/gordanaristova/MyProjects/MyRpaProject/venv/lib/python3.10/site-packages/airflow/example_dags/tutorial_taskflow_api.py
[2025-06-12T11:12:47.748+0200] {processor.py:925} INFO - DAG(s) 'tutorial_taskflow_api' retrieved from /Users/gordanaristova/MyProjects/MyRpaProject/venv/lib/python3.10/site-packages/airflow/example_dags/tutorial_taskflow_api.py
[2025-06-12T11:12:47.777+0200] {logging_mixin.py:190} INFO - [2025-06-12T11:12:47.777+0200] {dag.py:3239} INFO - Sync 1 DAGs
[2025-06-12T11:12:47.780+0200] {logging_mixin.py:190} INFO - [2025-06-12T11:12:47.780+0200] {dag.py:4180} INFO - Setting next_dagrun for tutorial_taskflow_api to None, run_after=None
[2025-06-12T11:12:47.785+0200] {processor.py:208} INFO - Processing /Users/gordanaristova/MyProjects/MyRpaProject/venv/lib/python3.10/site-packages/airflow/example_dags/tutorial_taskflow_api.py took 0.050 seconds
[2025-06-12T11:21:28.282+0200] {processor.py:186} INFO - Started process (PID=10015) to work on /Users/gordanaristova/MyProjects/MyRpaProject/venv/lib/python3.10/site-packages/airflow/example_dags/tutorial_taskflow_api.py
[2025-06-12T11:21:28.283+0200] {processor.py:914} INFO - Processing file /Users/gordanaristova/MyProjects/MyRpaProject/venv/lib/python3.10/site-packages/airflow/example_dags/tutorial_taskflow_api.py for tasks to queue
[2025-06-12T11:21:28.283+0200] {logging_mixin.py:190} INFO - [2025-06-12T11:21:28.283+0200] {dagbag.py:588} INFO - Filling up the DagBag from /Users/gordanaristova/MyProjects/MyRpaProject/venv/lib/python3.10/site-packages/airflow/example_dags/tutorial_taskflow_api.py
[2025-06-12T11:21:28.295+0200] {processor.py:925} INFO - DAG(s) 'tutorial_taskflow_api' retrieved from /Users/gordanaristova/MyProjects/MyRpaProject/venv/lib/python3.10/site-packages/airflow/example_dags/tutorial_taskflow_api.py
[2025-06-12T11:21:28.322+0200] {logging_mixin.py:190} INFO - [2025-06-12T11:21:28.322+0200] {dag.py:3239} INFO - Sync 1 DAGs
[2025-06-12T11:21:28.325+0200] {logging_mixin.py:190} INFO - [2025-06-12T11:21:28.325+0200] {dag.py:4180} INFO - Setting next_dagrun for tutorial_taskflow_api to None, run_after=None
[2025-06-12T11:21:28.329+0200] {processor.py:208} INFO - Processing /Users/gordanaristova/MyProjects/MyRpaProject/venv/lib/python3.10/site-packages/airflow/example_dags/tutorial_taskflow_api.py took 0.048 seconds
[2025-06-12T11:22:52.417+0200] {processor.py:186} INFO - Started process (PID=10107) to work on /Users/gordanaristova/MyProjects/MyRpaProject/venv/lib/python3.10/site-packages/airflow/example_dags/tutorial_taskflow_api.py
[2025-06-12T11:22:52.418+0200] {processor.py:914} INFO - Processing file /Users/gordanaristova/MyProjects/MyRpaProject/venv/lib/python3.10/site-packages/airflow/example_dags/tutorial_taskflow_api.py for tasks to queue
[2025-06-12T11:22:52.418+0200] {logging_mixin.py:190} INFO - [2025-06-12T11:22:52.418+0200] {dagbag.py:588} INFO - Filling up the DagBag from /Users/gordanaristova/MyProjects/MyRpaProject/venv/lib/python3.10/site-packages/airflow/example_dags/tutorial_taskflow_api.py
[2025-06-12T11:22:52.431+0200] {processor.py:925} INFO - DAG(s) 'tutorial_taskflow_api' retrieved from /Users/gordanaristova/MyProjects/MyRpaProject/venv/lib/python3.10/site-packages/airflow/example_dags/tutorial_taskflow_api.py
[2025-06-12T11:22:52.460+0200] {logging_mixin.py:190} INFO - [2025-06-12T11:22:52.460+0200] {dag.py:3239} INFO - Sync 1 DAGs
[2025-06-12T11:22:52.463+0200] {logging_mixin.py:190} INFO - [2025-06-12T11:22:52.463+0200] {dag.py:4180} INFO - Setting next_dagrun for tutorial_taskflow_api to None, run_after=None
[2025-06-12T11:22:52.468+0200] {processor.py:208} INFO - Processing /Users/gordanaristova/MyProjects/MyRpaProject/venv/lib/python3.10/site-packages/airflow/example_dags/tutorial_taskflow_api.py took 0.052 seconds
[2025-06-12T11:23:49.270+0200] {processor.py:186} INFO - Started process (PID=10166) to work on /Users/gordanaristova/MyProjects/MyRpaProject/venv/lib/python3.10/site-packages/airflow/example_dags/tutorial_taskflow_api.py
[2025-06-12T11:23:49.271+0200] {processor.py:914} INFO - Processing file /Users/gordanaristova/MyProjects/MyRpaProject/venv/lib/python3.10/site-packages/airflow/example_dags/tutorial_taskflow_api.py for tasks to queue
[2025-06-12T11:23:49.271+0200] {logging_mixin.py:190} INFO - [2025-06-12T11:23:49.271+0200] {dagbag.py:588} INFO - Filling up the DagBag from /Users/gordanaristova/MyProjects/MyRpaProject/venv/lib/python3.10/site-packages/airflow/example_dags/tutorial_taskflow_api.py
[2025-06-12T11:23:49.281+0200] {processor.py:925} INFO - DAG(s) 'tutorial_taskflow_api' retrieved from /Users/gordanaristova/MyProjects/MyRpaProject/venv/lib/python3.10/site-packages/airflow/example_dags/tutorial_taskflow_api.py
[2025-06-12T11:23:49.309+0200] {logging_mixin.py:190} INFO - [2025-06-12T11:23:49.309+0200] {dag.py:3239} INFO - Sync 1 DAGs
[2025-06-12T11:23:49.312+0200] {logging_mixin.py:190} INFO - [2025-06-12T11:23:49.312+0200] {dag.py:4180} INFO - Setting next_dagrun for tutorial_taskflow_api to None, run_after=None
[2025-06-12T11:23:49.316+0200] {processor.py:208} INFO - Processing /Users/gordanaristova/MyProjects/MyRpaProject/venv/lib/python3.10/site-packages/airflow/example_dags/tutorial_taskflow_api.py took 0.048 seconds
[2025-06-12T11:40:44.173+0200] {processor.py:186} INFO - Started process (PID=10391) to work on /Users/gordanaristova/MyProjects/MyRpaProject/venv/lib/python3.10/site-packages/airflow/example_dags/tutorial_taskflow_api.py
[2025-06-12T11:40:44.174+0200] {processor.py:914} INFO - Processing file /Users/gordanaristova/MyProjects/MyRpaProject/venv/lib/python3.10/site-packages/airflow/example_dags/tutorial_taskflow_api.py for tasks to queue
[2025-06-12T11:40:44.174+0200] {logging_mixin.py:190} INFO - [2025-06-12T11:40:44.174+0200] {dagbag.py:588} INFO - Filling up the DagBag from /Users/gordanaristova/MyProjects/MyRpaProject/venv/lib/python3.10/site-packages/airflow/example_dags/tutorial_taskflow_api.py
[2025-06-12T11:40:44.185+0200] {processor.py:925} INFO - DAG(s) 'tutorial_taskflow_api' retrieved from /Users/gordanaristova/MyProjects/MyRpaProject/venv/lib/python3.10/site-packages/airflow/example_dags/tutorial_taskflow_api.py
[2025-06-12T11:40:44.212+0200] {logging_mixin.py:190} INFO - [2025-06-12T11:40:44.212+0200] {dag.py:3239} INFO - Sync 1 DAGs
[2025-06-12T11:40:44.215+0200] {logging_mixin.py:190} INFO - [2025-06-12T11:40:44.215+0200] {dag.py:4180} INFO - Setting next_dagrun for tutorial_taskflow_api to None, run_after=None
[2025-06-12T11:40:44.219+0200] {processor.py:208} INFO - Processing /Users/gordanaristova/MyProjects/MyRpaProject/venv/lib/python3.10/site-packages/airflow/example_dags/tutorial_taskflow_api.py took 0.047 seconds
[2025-06-12T11:42:08.382+0200] {processor.py:186} INFO - Started process (PID=10472) to work on /Users/gordanaristova/MyProjects/MyRpaProject/venv/lib/python3.10/site-packages/airflow/example_dags/tutorial_taskflow_api.py
[2025-06-12T11:42:08.383+0200] {processor.py:914} INFO - Processing file /Users/gordanaristova/MyProjects/MyRpaProject/venv/lib/python3.10/site-packages/airflow/example_dags/tutorial_taskflow_api.py for tasks to queue
[2025-06-12T11:42:08.383+0200] {logging_mixin.py:190} INFO - [2025-06-12T11:42:08.383+0200] {dagbag.py:588} INFO - Filling up the DagBag from /Users/gordanaristova/MyProjects/MyRpaProject/venv/lib/python3.10/site-packages/airflow/example_dags/tutorial_taskflow_api.py
[2025-06-12T11:42:08.396+0200] {processor.py:925} INFO - DAG(s) 'tutorial_taskflow_api' retrieved from /Users/gordanaristova/MyProjects/MyRpaProject/venv/lib/python3.10/site-packages/airflow/example_dags/tutorial_taskflow_api.py
[2025-06-12T11:42:08.425+0200] {logging_mixin.py:190} INFO - [2025-06-12T11:42:08.425+0200] {dag.py:3239} INFO - Sync 1 DAGs
[2025-06-12T11:42:08.428+0200] {logging_mixin.py:190} INFO - [2025-06-12T11:42:08.428+0200] {dag.py:4180} INFO - Setting next_dagrun for tutorial_taskflow_api to None, run_after=None
[2025-06-12T11:42:08.432+0200] {processor.py:208} INFO - Processing /Users/gordanaristova/MyProjects/MyRpaProject/venv/lib/python3.10/site-packages/airflow/example_dags/tutorial_taskflow_api.py took 0.051 seconds
[2025-06-12T11:43:01.254+0200] {processor.py:186} INFO - Started process (PID=10534) to work on /Users/gordanaristova/MyProjects/MyRpaProject/venv/lib/python3.10/site-packages/airflow/example_dags/tutorial_taskflow_api.py
[2025-06-12T11:43:01.254+0200] {processor.py:914} INFO - Processing file /Users/gordanaristova/MyProjects/MyRpaProject/venv/lib/python3.10/site-packages/airflow/example_dags/tutorial_taskflow_api.py for tasks to queue
[2025-06-12T11:43:01.255+0200] {logging_mixin.py:190} INFO - [2025-06-12T11:43:01.255+0200] {dagbag.py:588} INFO - Filling up the DagBag from /Users/gordanaristova/MyProjects/MyRpaProject/venv/lib/python3.10/site-packages/airflow/example_dags/tutorial_taskflow_api.py
[2025-06-12T11:43:01.265+0200] {processor.py:925} INFO - DAG(s) 'tutorial_taskflow_api' retrieved from /Users/gordanaristova/MyProjects/MyRpaProject/venv/lib/python3.10/site-packages/airflow/example_dags/tutorial_taskflow_api.py
[2025-06-12T11:43:01.292+0200] {logging_mixin.py:190} INFO - [2025-06-12T11:43:01.292+0200] {dag.py:3239} INFO - Sync 1 DAGs
[2025-06-12T11:43:01.295+0200] {logging_mixin.py:190} INFO - [2025-06-12T11:43:01.295+0200] {dag.py:4180} INFO - Setting next_dagrun for tutorial_taskflow_api to None, run_after=None
[2025-06-12T11:43:01.300+0200] {processor.py:208} INFO - Processing /Users/gordanaristova/MyProjects/MyRpaProject/venv/lib/python3.10/site-packages/airflow/example_dags/tutorial_taskflow_api.py took 0.047 seconds
[2025-06-12T11:49:30.610+0200] {processor.py:186} INFO - Started process (PID=10609) to work on /Users/gordanaristova/MyProjects/MyRpaProject/venv/lib/python3.10/site-packages/airflow/example_dags/tutorial_taskflow_api.py
[2025-06-12T11:49:30.611+0200] {processor.py:914} INFO - Processing file /Users/gordanaristova/MyProjects/MyRpaProject/venv/lib/python3.10/site-packages/airflow/example_dags/tutorial_taskflow_api.py for tasks to queue
[2025-06-12T11:49:30.611+0200] {logging_mixin.py:190} INFO - [2025-06-12T11:49:30.611+0200] {dagbag.py:588} INFO - Filling up the DagBag from /Users/gordanaristova/MyProjects/MyRpaProject/venv/lib/python3.10/site-packages/airflow/example_dags/tutorial_taskflow_api.py
[2025-06-12T11:49:30.622+0200] {processor.py:925} INFO - DAG(s) 'tutorial_taskflow_api' retrieved from /Users/gordanaristova/MyProjects/MyRpaProject/venv/lib/python3.10/site-packages/airflow/example_dags/tutorial_taskflow_api.py
[2025-06-12T11:49:30.654+0200] {logging_mixin.py:190} INFO - [2025-06-12T11:49:30.653+0200] {dag.py:3239} INFO - Sync 1 DAGs
[2025-06-12T11:49:30.657+0200] {logging_mixin.py:190} INFO - [2025-06-12T11:49:30.657+0200] {dag.py:4180} INFO - Setting next_dagrun for tutorial_taskflow_api to None, run_after=None
[2025-06-12T11:49:30.663+0200] {processor.py:208} INFO - Processing /Users/gordanaristova/MyProjects/MyRpaProject/venv/lib/python3.10/site-packages/airflow/example_dags/tutorial_taskflow_api.py took 0.053 seconds
[2025-06-12T11:50:58.762+0200] {processor.py:186} INFO - Started process (PID=10698) to work on /Users/gordanaristova/MyProjects/MyRpaProject/venv/lib/python3.10/site-packages/airflow/example_dags/tutorial_taskflow_api.py
[2025-06-12T11:50:58.763+0200] {processor.py:914} INFO - Processing file /Users/gordanaristova/MyProjects/MyRpaProject/venv/lib/python3.10/site-packages/airflow/example_dags/tutorial_taskflow_api.py for tasks to queue
[2025-06-12T11:50:58.764+0200] {logging_mixin.py:190} INFO - [2025-06-12T11:50:58.764+0200] {dagbag.py:588} INFO - Filling up the DagBag from /Users/gordanaristova/MyProjects/MyRpaProject/venv/lib/python3.10/site-packages/airflow/example_dags/tutorial_taskflow_api.py
[2025-06-12T11:50:58.774+0200] {processor.py:925} INFO - DAG(s) 'tutorial_taskflow_api' retrieved from /Users/gordanaristova/MyProjects/MyRpaProject/venv/lib/python3.10/site-packages/airflow/example_dags/tutorial_taskflow_api.py
[2025-06-12T11:50:58.801+0200] {logging_mixin.py:190} INFO - [2025-06-12T11:50:58.801+0200] {dag.py:3239} INFO - Sync 1 DAGs
[2025-06-12T11:50:58.804+0200] {logging_mixin.py:190} INFO - [2025-06-12T11:50:58.804+0200] {dag.py:4180} INFO - Setting next_dagrun for tutorial_taskflow_api to None, run_after=None
[2025-06-12T11:50:58.809+0200] {processor.py:208} INFO - Processing /Users/gordanaristova/MyProjects/MyRpaProject/venv/lib/python3.10/site-packages/airflow/example_dags/tutorial_taskflow_api.py took 0.047 seconds
[2025-06-12T11:51:51.752+0200] {processor.py:186} INFO - Started process (PID=10754) to work on /Users/gordanaristova/MyProjects/MyRpaProject/venv/lib/python3.10/site-packages/airflow/example_dags/tutorial_taskflow_api.py
[2025-06-12T11:51:51.753+0200] {processor.py:914} INFO - Processing file /Users/gordanaristova/MyProjects/MyRpaProject/venv/lib/python3.10/site-packages/airflow/example_dags/tutorial_taskflow_api.py for tasks to queue
[2025-06-12T11:51:51.753+0200] {logging_mixin.py:190} INFO - [2025-06-12T11:51:51.753+0200] {dagbag.py:588} INFO - Filling up the DagBag from /Users/gordanaristova/MyProjects/MyRpaProject/venv/lib/python3.10/site-packages/airflow/example_dags/tutorial_taskflow_api.py
[2025-06-12T11:51:51.764+0200] {processor.py:925} INFO - DAG(s) 'tutorial_taskflow_api' retrieved from /Users/gordanaristova/MyProjects/MyRpaProject/venv/lib/python3.10/site-packages/airflow/example_dags/tutorial_taskflow_api.py
[2025-06-12T11:51:51.792+0200] {logging_mixin.py:190} INFO - [2025-06-12T11:51:51.792+0200] {dag.py:3239} INFO - Sync 1 DAGs
[2025-06-12T11:51:51.795+0200] {logging_mixin.py:190} INFO - [2025-06-12T11:51:51.795+0200] {dag.py:4180} INFO - Setting next_dagrun for tutorial_taskflow_api to None, run_after=None
[2025-06-12T11:51:51.800+0200] {processor.py:208} INFO - Processing /Users/gordanaristova/MyProjects/MyRpaProject/venv/lib/python3.10/site-packages/airflow/example_dags/tutorial_taskflow_api.py took 0.049 seconds
[2025-06-12T11:52:46.455+0200] {processor.py:186} INFO - Started process (PID=10814) to work on /Users/gordanaristova/MyProjects/MyRpaProject/venv/lib/python3.10/site-packages/airflow/example_dags/tutorial_taskflow_api.py
[2025-06-12T11:52:46.455+0200] {processor.py:914} INFO - Processing file /Users/gordanaristova/MyProjects/MyRpaProject/venv/lib/python3.10/site-packages/airflow/example_dags/tutorial_taskflow_api.py for tasks to queue
[2025-06-12T11:52:46.455+0200] {logging_mixin.py:190} INFO - [2025-06-12T11:52:46.455+0200] {dagbag.py:588} INFO - Filling up the DagBag from /Users/gordanaristova/MyProjects/MyRpaProject/venv/lib/python3.10/site-packages/airflow/example_dags/tutorial_taskflow_api.py
[2025-06-12T11:52:46.466+0200] {processor.py:925} INFO - DAG(s) 'tutorial_taskflow_api' retrieved from /Users/gordanaristova/MyProjects/MyRpaProject/venv/lib/python3.10/site-packages/airflow/example_dags/tutorial_taskflow_api.py
[2025-06-12T11:52:46.494+0200] {logging_mixin.py:190} INFO - [2025-06-12T11:52:46.494+0200] {dag.py:3239} INFO - Sync 1 DAGs
[2025-06-12T11:52:46.497+0200] {logging_mixin.py:190} INFO - [2025-06-12T11:52:46.497+0200] {dag.py:4180} INFO - Setting next_dagrun for tutorial_taskflow_api to None, run_after=None
[2025-06-12T11:52:46.501+0200] {processor.py:208} INFO - Processing /Users/gordanaristova/MyProjects/MyRpaProject/venv/lib/python3.10/site-packages/airflow/example_dags/tutorial_taskflow_api.py took 0.047 seconds
[2025-06-12T11:53:40.584+0200] {processor.py:186} INFO - Started process (PID=10855) to work on /Users/gordanaristova/MyProjects/MyRpaProject/venv/lib/python3.10/site-packages/airflow/example_dags/tutorial_taskflow_api.py
[2025-06-12T11:53:40.585+0200] {processor.py:914} INFO - Processing file /Users/gordanaristova/MyProjects/MyRpaProject/venv/lib/python3.10/site-packages/airflow/example_dags/tutorial_taskflow_api.py for tasks to queue
[2025-06-12T11:53:40.585+0200] {logging_mixin.py:190} INFO - [2025-06-12T11:53:40.585+0200] {dagbag.py:588} INFO - Filling up the DagBag from /Users/gordanaristova/MyProjects/MyRpaProject/venv/lib/python3.10/site-packages/airflow/example_dags/tutorial_taskflow_api.py
[2025-06-12T11:53:40.596+0200] {processor.py:925} INFO - DAG(s) 'tutorial_taskflow_api' retrieved from /Users/gordanaristova/MyProjects/MyRpaProject/venv/lib/python3.10/site-packages/airflow/example_dags/tutorial_taskflow_api.py
[2025-06-12T11:53:40.624+0200] {logging_mixin.py:190} INFO - [2025-06-12T11:53:40.624+0200] {dag.py:3239} INFO - Sync 1 DAGs
[2025-06-12T11:53:40.627+0200] {logging_mixin.py:190} INFO - [2025-06-12T11:53:40.627+0200] {dag.py:4180} INFO - Setting next_dagrun for tutorial_taskflow_api to None, run_after=None
[2025-06-12T11:53:40.631+0200] {processor.py:208} INFO - Processing /Users/gordanaristova/MyProjects/MyRpaProject/venv/lib/python3.10/site-packages/airflow/example_dags/tutorial_taskflow_api.py took 0.048 seconds
[2025-06-12T11:54:33.625+0200] {processor.py:186} INFO - Started process (PID=10897) to work on /Users/gordanaristova/MyProjects/MyRpaProject/venv/lib/python3.10/site-packages/airflow/example_dags/tutorial_taskflow_api.py
[2025-06-12T11:54:33.626+0200] {processor.py:914} INFO - Processing file /Users/gordanaristova/MyProjects/MyRpaProject/venv/lib/python3.10/site-packages/airflow/example_dags/tutorial_taskflow_api.py for tasks to queue
[2025-06-12T11:54:33.626+0200] {logging_mixin.py:190} INFO - [2025-06-12T11:54:33.626+0200] {dagbag.py:588} INFO - Filling up the DagBag from /Users/gordanaristova/MyProjects/MyRpaProject/venv/lib/python3.10/site-packages/airflow/example_dags/tutorial_taskflow_api.py
[2025-06-12T11:54:33.637+0200] {processor.py:925} INFO - DAG(s) 'tutorial_taskflow_api' retrieved from /Users/gordanaristova/MyProjects/MyRpaProject/venv/lib/python3.10/site-packages/airflow/example_dags/tutorial_taskflow_api.py
[2025-06-12T11:54:33.663+0200] {logging_mixin.py:190} INFO - [2025-06-12T11:54:33.663+0200] {dag.py:3239} INFO - Sync 1 DAGs
[2025-06-12T11:54:33.666+0200] {logging_mixin.py:190} INFO - [2025-06-12T11:54:33.666+0200] {dag.py:4180} INFO - Setting next_dagrun for tutorial_taskflow_api to None, run_after=None
[2025-06-12T11:54:33.671+0200] {processor.py:208} INFO - Processing /Users/gordanaristova/MyProjects/MyRpaProject/venv/lib/python3.10/site-packages/airflow/example_dags/tutorial_taskflow_api.py took 0.047 seconds
[2025-06-12T11:55:28.127+0200] {processor.py:186} INFO - Started process (PID=10956) to work on /Users/gordanaristova/MyProjects/MyRpaProject/venv/lib/python3.10/site-packages/airflow/example_dags/tutorial_taskflow_api.py
[2025-06-12T11:55:28.128+0200] {processor.py:914} INFO - Processing file /Users/gordanaristova/MyProjects/MyRpaProject/venv/lib/python3.10/site-packages/airflow/example_dags/tutorial_taskflow_api.py for tasks to queue
[2025-06-12T11:55:28.128+0200] {logging_mixin.py:190} INFO - [2025-06-12T11:55:28.128+0200] {dagbag.py:588} INFO - Filling up the DagBag from /Users/gordanaristova/MyProjects/MyRpaProject/venv/lib/python3.10/site-packages/airflow/example_dags/tutorial_taskflow_api.py
[2025-06-12T11:55:28.139+0200] {processor.py:925} INFO - DAG(s) 'tutorial_taskflow_api' retrieved from /Users/gordanaristova/MyProjects/MyRpaProject/venv/lib/python3.10/site-packages/airflow/example_dags/tutorial_taskflow_api.py
[2025-06-12T11:55:28.167+0200] {logging_mixin.py:190} INFO - [2025-06-12T11:55:28.167+0200] {dag.py:3239} INFO - Sync 1 DAGs
[2025-06-12T11:55:28.170+0200] {logging_mixin.py:190} INFO - [2025-06-12T11:55:28.170+0200] {dag.py:4180} INFO - Setting next_dagrun for tutorial_taskflow_api to None, run_after=None
[2025-06-12T11:55:28.175+0200] {processor.py:208} INFO - Processing /Users/gordanaristova/MyProjects/MyRpaProject/venv/lib/python3.10/site-packages/airflow/example_dags/tutorial_taskflow_api.py took 0.049 seconds
[2025-06-12T11:56:23.082+0200] {processor.py:186} INFO - Started process (PID=11010) to work on /Users/gordanaristova/MyProjects/MyRpaProject/venv/lib/python3.10/site-packages/airflow/example_dags/tutorial_taskflow_api.py
[2025-06-12T11:56:23.083+0200] {processor.py:914} INFO - Processing file /Users/gordanaristova/MyProjects/MyRpaProject/venv/lib/python3.10/site-packages/airflow/example_dags/tutorial_taskflow_api.py for tasks to queue
[2025-06-12T11:56:23.084+0200] {logging_mixin.py:190} INFO - [2025-06-12T11:56:23.084+0200] {dagbag.py:588} INFO - Filling up the DagBag from /Users/gordanaristova/MyProjects/MyRpaProject/venv/lib/python3.10/site-packages/airflow/example_dags/tutorial_taskflow_api.py
[2025-06-12T11:56:23.096+0200] {processor.py:925} INFO - DAG(s) 'tutorial_taskflow_api' retrieved from /Users/gordanaristova/MyProjects/MyRpaProject/venv/lib/python3.10/site-packages/airflow/example_dags/tutorial_taskflow_api.py
[2025-06-12T11:56:23.126+0200] {logging_mixin.py:190} INFO - [2025-06-12T11:56:23.126+0200] {dag.py:3239} INFO - Sync 1 DAGs
[2025-06-12T11:56:23.129+0200] {logging_mixin.py:190} INFO - [2025-06-12T11:56:23.129+0200] {dag.py:4180} INFO - Setting next_dagrun for tutorial_taskflow_api to None, run_after=None
[2025-06-12T11:56:23.135+0200] {processor.py:208} INFO - Processing /Users/gordanaristova/MyProjects/MyRpaProject/venv/lib/python3.10/site-packages/airflow/example_dags/tutorial_taskflow_api.py took 0.053 seconds
[2025-06-12T11:57:19.435+0200] {processor.py:186} INFO - Started process (PID=11079) to work on /Users/gordanaristova/MyProjects/MyRpaProject/venv/lib/python3.10/site-packages/airflow/example_dags/tutorial_taskflow_api.py
[2025-06-12T11:57:19.436+0200] {processor.py:914} INFO - Processing file /Users/gordanaristova/MyProjects/MyRpaProject/venv/lib/python3.10/site-packages/airflow/example_dags/tutorial_taskflow_api.py for tasks to queue
[2025-06-12T11:57:19.437+0200] {logging_mixin.py:190} INFO - [2025-06-12T11:57:19.437+0200] {dagbag.py:588} INFO - Filling up the DagBag from /Users/gordanaristova/MyProjects/MyRpaProject/venv/lib/python3.10/site-packages/airflow/example_dags/tutorial_taskflow_api.py
[2025-06-12T11:57:19.447+0200] {processor.py:925} INFO - DAG(s) 'tutorial_taskflow_api' retrieved from /Users/gordanaristova/MyProjects/MyRpaProject/venv/lib/python3.10/site-packages/airflow/example_dags/tutorial_taskflow_api.py
[2025-06-12T11:57:19.475+0200] {logging_mixin.py:190} INFO - [2025-06-12T11:57:19.475+0200] {dag.py:3239} INFO - Sync 1 DAGs
[2025-06-12T11:57:19.478+0200] {logging_mixin.py:190} INFO - [2025-06-12T11:57:19.478+0200] {dag.py:4180} INFO - Setting next_dagrun for tutorial_taskflow_api to None, run_after=None
[2025-06-12T11:57:19.482+0200] {processor.py:208} INFO - Processing /Users/gordanaristova/MyProjects/MyRpaProject/venv/lib/python3.10/site-packages/airflow/example_dags/tutorial_taskflow_api.py took 0.048 seconds
[2025-06-12T13:14:16.257+0200] {processor.py:186} INFO - Started process (PID=12982) to work on /Users/gordanaristova/MyProjects/MyRpaProject/venv/lib/python3.10/site-packages/airflow/example_dags/tutorial_taskflow_api.py
[2025-06-12T13:14:16.258+0200] {processor.py:914} INFO - Processing file /Users/gordanaristova/MyProjects/MyRpaProject/venv/lib/python3.10/site-packages/airflow/example_dags/tutorial_taskflow_api.py for tasks to queue
[2025-06-12T13:14:16.258+0200] {logging_mixin.py:190} INFO - [2025-06-12T13:14:16.258+0200] {dagbag.py:588} INFO - Filling up the DagBag from /Users/gordanaristova/MyProjects/MyRpaProject/venv/lib/python3.10/site-packages/airflow/example_dags/tutorial_taskflow_api.py
[2025-06-12T13:14:16.271+0200] {processor.py:925} INFO - DAG(s) 'tutorial_taskflow_api' retrieved from /Users/gordanaristova/MyProjects/MyRpaProject/venv/lib/python3.10/site-packages/airflow/example_dags/tutorial_taskflow_api.py
[2025-06-12T13:14:16.301+0200] {logging_mixin.py:190} INFO - [2025-06-12T13:14:16.300+0200] {dag.py:3239} INFO - Sync 1 DAGs
[2025-06-12T13:14:16.304+0200] {logging_mixin.py:190} INFO - [2025-06-12T13:14:16.304+0200] {dag.py:4180} INFO - Setting next_dagrun for tutorial_taskflow_api to None, run_after=None
[2025-06-12T13:14:16.308+0200] {processor.py:208} INFO - Processing /Users/gordanaristova/MyProjects/MyRpaProject/venv/lib/python3.10/site-packages/airflow/example_dags/tutorial_taskflow_api.py took 0.052 seconds
[2025-06-12T13:15:50.354+0200] {processor.py:186} INFO - Started process (PID=13073) to work on /Users/gordanaristova/MyProjects/MyRpaProject/venv/lib/python3.10/site-packages/airflow/example_dags/tutorial_taskflow_api.py
[2025-06-12T13:15:50.354+0200] {processor.py:914} INFO - Processing file /Users/gordanaristova/MyProjects/MyRpaProject/venv/lib/python3.10/site-packages/airflow/example_dags/tutorial_taskflow_api.py for tasks to queue
[2025-06-12T13:15:50.355+0200] {logging_mixin.py:190} INFO - [2025-06-12T13:15:50.355+0200] {dagbag.py:588} INFO - Filling up the DagBag from /Users/gordanaristova/MyProjects/MyRpaProject/venv/lib/python3.10/site-packages/airflow/example_dags/tutorial_taskflow_api.py
[2025-06-12T13:15:50.367+0200] {processor.py:925} INFO - DAG(s) 'tutorial_taskflow_api' retrieved from /Users/gordanaristova/MyProjects/MyRpaProject/venv/lib/python3.10/site-packages/airflow/example_dags/tutorial_taskflow_api.py
[2025-06-12T13:15:50.396+0200] {logging_mixin.py:190} INFO - [2025-06-12T13:15:50.395+0200] {dag.py:3239} INFO - Sync 1 DAGs
[2025-06-12T13:15:50.399+0200] {logging_mixin.py:190} INFO - [2025-06-12T13:15:50.399+0200] {dag.py:4180} INFO - Setting next_dagrun for tutorial_taskflow_api to None, run_after=None
[2025-06-12T13:15:50.404+0200] {processor.py:208} INFO - Processing /Users/gordanaristova/MyProjects/MyRpaProject/venv/lib/python3.10/site-packages/airflow/example_dags/tutorial_taskflow_api.py took 0.051 seconds
