[2025-06-12T10:36:23.217+0200] {processor.py:186} INFO - Started process (PID=8407) to work on /Users/gordanaristova/MyProjects/MyRpaProject/venv/lib/python3.10/site-packages/airflow/example_dags/tutorial_taskflow_api_virtualenv.py
[2025-06-12T10:36:23.217+0200] {processor.py:914} INFO - Processing file /Users/gordanaristova/MyProjects/MyRpaProject/venv/lib/python3.10/site-packages/airflow/example_dags/tutorial_taskflow_api_virtualenv.py for tasks to queue
[2025-06-12T10:36:23.218+0200] {logging_mixin.py:190} INFO - [2025-06-12T10:36:23.217+0200] {dagbag.py:588} INFO - Filling up the DagBag from /Users/gordanaristova/MyProjects/MyRpaProject/venv/lib/python3.10/site-packages/airflow/example_dags/tutorial_taskflow_api_virtualenv.py
[2025-06-12T10:36:23.229+0200] {logging_mixin.py:190} INFO - [2025-06-12T10:36:23.229+0200] {tutorial_taskflow_api_virtualenv.py:29} WARNING - The tutorial_taskflow_api_virtualenv example DAG requires virtualenv, please install it.
[2025-06-12T10:36:23.229+0200] {processor.py:927} WARNING - No viable dags retrieved from /Users/gordanaristova/MyProjects/MyRpaProject/venv/lib/python3.10/site-packages/airflow/example_dags/tutorial_taskflow_api_virtualenv.py
[2025-06-12T10:36:23.253+0200] {processor.py:208} INFO - Processing /Users/gordanaristova/MyProjects/MyRpaProject/venv/lib/python3.10/site-packages/airflow/example_dags/tutorial_taskflow_api_virtualenv.py took 0.037 seconds
[2025-06-12T10:37:50.811+0200] {processor.py:186} INFO - Started process (PID=8483) to work on /Users/gordanaristova/MyProjects/MyRpaProject/venv/lib/python3.10/site-packages/airflow/example_dags/tutorial_taskflow_api_virtualenv.py
[2025-06-12T10:37:50.812+0200] {processor.py:914} INFO - Processing file /Users/gordanaristova/MyProjects/MyRpaProject/venv/lib/python3.10/site-packages/airflow/example_dags/tutorial_taskflow_api_virtualenv.py for tasks to queue
[2025-06-12T10:37:50.813+0200] {logging_mixin.py:190} INFO - [2025-06-12T10:37:50.813+0200] {dagbag.py:588} INFO - Filling up the DagBag from /Users/gordanaristova/MyProjects/MyRpaProject/venv/lib/python3.10/site-packages/airflow/example_dags/tutorial_taskflow_api_virtualenv.py
[2025-06-12T10:37:50.823+0200] {logging_mixin.py:190} INFO - [2025-06-12T10:37:50.823+0200] {tutorial_taskflow_api_virtualenv.py:29} WARNING - The tutorial_taskflow_api_virtualenv example DAG requires virtualenv, please install it.
[2025-06-12T10:37:50.823+0200] {processor.py:927} WARNING - No viable dags retrieved from /Users/gordanaristova/MyProjects/MyRpaProject/venv/lib/python3.10/site-packages/airflow/example_dags/tutorial_taskflow_api_virtualenv.py
[2025-06-12T10:37:50.847+0200] {processor.py:208} INFO - Processing /Users/gordanaristova/MyProjects/MyRpaProject/venv/lib/python3.10/site-packages/airflow/example_dags/tutorial_taskflow_api_virtualenv.py took 0.036 seconds
[2025-06-12T10:38:45.947+0200] {processor.py:186} INFO - Started process (PID=8527) to work on /Users/gordanaristova/MyProjects/MyRpaProject/venv/lib/python3.10/site-packages/airflow/example_dags/tutorial_taskflow_api_virtualenv.py
[2025-06-12T10:38:45.948+0200] {processor.py:914} INFO - Processing file /Users/gordanaristova/MyProjects/MyRpaProject/venv/lib/python3.10/site-packages/airflow/example_dags/tutorial_taskflow_api_virtualenv.py for tasks to queue
[2025-06-12T10:38:45.948+0200] {logging_mixin.py:190} INFO - [2025-06-12T10:38:45.948+0200] {dagbag.py:588} INFO - Filling up the DagBag from /Users/gordanaristova/MyProjects/MyRpaProject/venv/lib/python3.10/site-packages/airflow/example_dags/tutorial_taskflow_api_virtualenv.py
[2025-06-12T10:38:45.958+0200] {logging_mixin.py:190} INFO - [2025-06-12T10:38:45.957+0200] {tutorial_taskflow_api_virtualenv.py:29} WARNING - The tutorial_taskflow_api_virtualenv example DAG requires virtualenv, please install it.
[2025-06-12T10:38:45.958+0200] {processor.py:927} WARNING - No viable dags retrieved from /Users/gordanaristova/MyProjects/MyRpaProject/venv/lib/python3.10/site-packages/airflow/example_dags/tutorial_taskflow_api_virtualenv.py
[2025-06-12T10:38:45.982+0200] {processor.py:208} INFO - Processing /Users/gordanaristova/MyProjects/MyRpaProject/venv/lib/python3.10/site-packages/airflow/example_dags/tutorial_taskflow_api_virtualenv.py took 0.036 seconds
[2025-06-12T10:39:38.703+0200] {processor.py:186} INFO - Started process (PID=8571) to work on /Users/gordanaristova/MyProjects/MyRpaProject/venv/lib/python3.10/site-packages/airflow/example_dags/tutorial_taskflow_api_virtualenv.py
[2025-06-12T10:39:38.704+0200] {processor.py:914} INFO - Processing file /Users/gordanaristova/MyProjects/MyRpaProject/venv/lib/python3.10/site-packages/airflow/example_dags/tutorial_taskflow_api_virtualenv.py for tasks to queue
[2025-06-12T10:39:38.704+0200] {logging_mixin.py:190} INFO - [2025-06-12T10:39:38.704+0200] {dagbag.py:588} INFO - Filling up the DagBag from /Users/gordanaristova/MyProjects/MyRpaProject/venv/lib/python3.10/site-packages/airflow/example_dags/tutorial_taskflow_api_virtualenv.py
[2025-06-12T10:39:38.714+0200] {logging_mixin.py:190} INFO - [2025-06-12T10:39:38.714+0200] {tutorial_taskflow_api_virtualenv.py:29} WARNING - The tutorial_taskflow_api_virtualenv example DAG requires virtualenv, please install it.
[2025-06-12T10:39:38.714+0200] {processor.py:927} WARNING - No viable dags retrieved from /Users/gordanaristova/MyProjects/MyRpaProject/venv/lib/python3.10/site-packages/airflow/example_dags/tutorial_taskflow_api_virtualenv.py
[2025-06-12T10:39:38.739+0200] {processor.py:208} INFO - Processing /Users/gordanaristova/MyProjects/MyRpaProject/venv/lib/python3.10/site-packages/airflow/example_dags/tutorial_taskflow_api_virtualenv.py took 0.037 seconds
[2025-06-12T10:40:29.461+0200] {processor.py:186} INFO - Started process (PID=8611) to work on /Users/gordanaristova/MyProjects/MyRpaProject/venv/lib/python3.10/site-packages/airflow/example_dags/tutorial_taskflow_api_virtualenv.py
[2025-06-12T10:40:29.461+0200] {processor.py:914} INFO - Processing file /Users/gordanaristova/MyProjects/MyRpaProject/venv/lib/python3.10/site-packages/airflow/example_dags/tutorial_taskflow_api_virtualenv.py for tasks to queue
[2025-06-12T10:40:29.461+0200] {logging_mixin.py:190} INFO - [2025-06-12T10:40:29.461+0200] {dagbag.py:588} INFO - Filling up the DagBag from /Users/gordanaristova/MyProjects/MyRpaProject/venv/lib/python3.10/site-packages/airflow/example_dags/tutorial_taskflow_api_virtualenv.py
[2025-06-12T10:40:29.471+0200] {logging_mixin.py:190} INFO - [2025-06-12T10:40:29.471+0200] {tutorial_taskflow_api_virtualenv.py:29} WARNING - The tutorial_taskflow_api_virtualenv example DAG requires virtualenv, please install it.
[2025-06-12T10:40:29.471+0200] {processor.py:927} WARNING - No viable dags retrieved from /Users/gordanaristova/MyProjects/MyRpaProject/venv/lib/python3.10/site-packages/airflow/example_dags/tutorial_taskflow_api_virtualenv.py
[2025-06-12T10:40:29.496+0200] {processor.py:208} INFO - Processing /Users/gordanaristova/MyProjects/MyRpaProject/venv/lib/python3.10/site-packages/airflow/example_dags/tutorial_taskflow_api_virtualenv.py took 0.036 seconds
[2025-06-12T10:41:20.841+0200] {processor.py:186} INFO - Started process (PID=8661) to work on /Users/gordanaristova/MyProjects/MyRpaProject/venv/lib/python3.10/site-packages/airflow/example_dags/tutorial_taskflow_api_virtualenv.py
[2025-06-12T10:41:20.842+0200] {processor.py:914} INFO - Processing file /Users/gordanaristova/MyProjects/MyRpaProject/venv/lib/python3.10/site-packages/airflow/example_dags/tutorial_taskflow_api_virtualenv.py for tasks to queue
[2025-06-12T10:41:20.843+0200] {logging_mixin.py:190} INFO - [2025-06-12T10:41:20.843+0200] {dagbag.py:588} INFO - Filling up the DagBag from /Users/gordanaristova/MyProjects/MyRpaProject/venv/lib/python3.10/site-packages/airflow/example_dags/tutorial_taskflow_api_virtualenv.py
[2025-06-12T10:41:20.852+0200] {logging_mixin.py:190} INFO - [2025-06-12T10:41:20.852+0200] {tutorial_taskflow_api_virtualenv.py:29} WARNING - The tutorial_taskflow_api_virtualenv example DAG requires virtualenv, please install it.
[2025-06-12T10:41:20.852+0200] {processor.py:927} WARNING - No viable dags retrieved from /Users/gordanaristova/MyProjects/MyRpaProject/venv/lib/python3.10/site-packages/airflow/example_dags/tutorial_taskflow_api_virtualenv.py
[2025-06-12T10:41:20.876+0200] {processor.py:208} INFO - Processing /Users/gordanaristova/MyProjects/MyRpaProject/venv/lib/python3.10/site-packages/airflow/example_dags/tutorial_taskflow_api_virtualenv.py took 0.036 seconds
[2025-06-12T10:42:14.840+0200] {processor.py:186} INFO - Started process (PID=8699) to work on /Users/gordanaristova/MyProjects/MyRpaProject/venv/lib/python3.10/site-packages/airflow/example_dags/tutorial_taskflow_api_virtualenv.py
[2025-06-12T10:42:14.841+0200] {processor.py:914} INFO - Processing file /Users/gordanaristova/MyProjects/MyRpaProject/venv/lib/python3.10/site-packages/airflow/example_dags/tutorial_taskflow_api_virtualenv.py for tasks to queue
[2025-06-12T10:42:14.841+0200] {logging_mixin.py:190} INFO - [2025-06-12T10:42:14.841+0200] {dagbag.py:588} INFO - Filling up the DagBag from /Users/gordanaristova/MyProjects/MyRpaProject/venv/lib/python3.10/site-packages/airflow/example_dags/tutorial_taskflow_api_virtualenv.py
[2025-06-12T10:42:14.851+0200] {logging_mixin.py:190} INFO - [2025-06-12T10:42:14.850+0200] {tutorial_taskflow_api_virtualenv.py:29} WARNING - The tutorial_taskflow_api_virtualenv example DAG requires virtualenv, please install it.
[2025-06-12T10:42:14.851+0200] {processor.py:927} WARNING - No viable dags retrieved from /Users/gordanaristova/MyProjects/MyRpaProject/venv/lib/python3.10/site-packages/airflow/example_dags/tutorial_taskflow_api_virtualenv.py
[2025-06-12T10:42:14.875+0200] {processor.py:208} INFO - Processing /Users/gordanaristova/MyProjects/MyRpaProject/venv/lib/python3.10/site-packages/airflow/example_dags/tutorial_taskflow_api_virtualenv.py took 0.035 seconds
[2025-06-12T10:43:08.539+0200] {processor.py:186} INFO - Started process (PID=8751) to work on /Users/gordanaristova/MyProjects/MyRpaProject/venv/lib/python3.10/site-packages/airflow/example_dags/tutorial_taskflow_api_virtualenv.py
[2025-06-12T10:43:08.539+0200] {processor.py:914} INFO - Processing file /Users/gordanaristova/MyProjects/MyRpaProject/venv/lib/python3.10/site-packages/airflow/example_dags/tutorial_taskflow_api_virtualenv.py for tasks to queue
[2025-06-12T10:43:08.539+0200] {logging_mixin.py:190} INFO - [2025-06-12T10:43:08.539+0200] {dagbag.py:588} INFO - Filling up the DagBag from /Users/gordanaristova/MyProjects/MyRpaProject/venv/lib/python3.10/site-packages/airflow/example_dags/tutorial_taskflow_api_virtualenv.py
[2025-06-12T10:43:08.549+0200] {logging_mixin.py:190} INFO - [2025-06-12T10:43:08.549+0200] {tutorial_taskflow_api_virtualenv.py:29} WARNING - The tutorial_taskflow_api_virtualenv example DAG requires virtualenv, please install it.
[2025-06-12T10:43:08.549+0200] {processor.py:927} WARNING - No viable dags retrieved from /Users/gordanaristova/MyProjects/MyRpaProject/venv/lib/python3.10/site-packages/airflow/example_dags/tutorial_taskflow_api_virtualenv.py
[2025-06-12T10:43:08.574+0200] {processor.py:208} INFO - Processing /Users/gordanaristova/MyProjects/MyRpaProject/venv/lib/python3.10/site-packages/airflow/example_dags/tutorial_taskflow_api_virtualenv.py took 0.037 seconds
[2025-06-12T10:44:02.675+0200] {processor.py:186} INFO - Started process (PID=8854) to work on /Users/gordanaristova/MyProjects/MyRpaProject/venv/lib/python3.10/site-packages/airflow/example_dags/tutorial_taskflow_api_virtualenv.py
[2025-06-12T10:44:02.676+0200] {processor.py:914} INFO - Processing file /Users/gordanaristova/MyProjects/MyRpaProject/venv/lib/python3.10/site-packages/airflow/example_dags/tutorial_taskflow_api_virtualenv.py for tasks to queue
[2025-06-12T10:44:02.676+0200] {logging_mixin.py:190} INFO - [2025-06-12T10:44:02.676+0200] {dagbag.py:588} INFO - Filling up the DagBag from /Users/gordanaristova/MyProjects/MyRpaProject/venv/lib/python3.10/site-packages/airflow/example_dags/tutorial_taskflow_api_virtualenv.py
[2025-06-12T10:44:02.687+0200] {logging_mixin.py:190} INFO - [2025-06-12T10:44:02.687+0200] {tutorial_taskflow_api_virtualenv.py:29} WARNING - The tutorial_taskflow_api_virtualenv example DAG requires virtualenv, please install it.
[2025-06-12T10:44:02.687+0200] {processor.py:927} WARNING - No viable dags retrieved from /Users/gordanaristova/MyProjects/MyRpaProject/venv/lib/python3.10/site-packages/airflow/example_dags/tutorial_taskflow_api_virtualenv.py
[2025-06-12T10:44:02.713+0200] {processor.py:208} INFO - Processing /Users/gordanaristova/MyProjects/MyRpaProject/venv/lib/python3.10/site-packages/airflow/example_dags/tutorial_taskflow_api_virtualenv.py took 0.039 seconds
[2025-06-12T10:44:54.710+0200] {processor.py:186} INFO - Started process (PID=8894) to work on /Users/gordanaristova/MyProjects/MyRpaProject/venv/lib/python3.10/site-packages/airflow/example_dags/tutorial_taskflow_api_virtualenv.py
[2025-06-12T10:44:54.711+0200] {processor.py:914} INFO - Processing file /Users/gordanaristova/MyProjects/MyRpaProject/venv/lib/python3.10/site-packages/airflow/example_dags/tutorial_taskflow_api_virtualenv.py for tasks to queue
[2025-06-12T10:44:54.712+0200] {logging_mixin.py:190} INFO - [2025-06-12T10:44:54.712+0200] {dagbag.py:588} INFO - Filling up the DagBag from /Users/gordanaristova/MyProjects/MyRpaProject/venv/lib/python3.10/site-packages/airflow/example_dags/tutorial_taskflow_api_virtualenv.py
[2025-06-12T10:44:54.723+0200] {logging_mixin.py:190} INFO - [2025-06-12T10:44:54.723+0200] {tutorial_taskflow_api_virtualenv.py:29} WARNING - The tutorial_taskflow_api_virtualenv example DAG requires virtualenv, please install it.
[2025-06-12T10:44:54.723+0200] {processor.py:927} WARNING - No viable dags retrieved from /Users/gordanaristova/MyProjects/MyRpaProject/venv/lib/python3.10/site-packages/airflow/example_dags/tutorial_taskflow_api_virtualenv.py
[2025-06-12T10:44:54.749+0200] {processor.py:208} INFO - Processing /Users/gordanaristova/MyProjects/MyRpaProject/venv/lib/python3.10/site-packages/airflow/example_dags/tutorial_taskflow_api_virtualenv.py took 0.039 seconds
[2025-06-12T10:45:47.959+0200] {processor.py:186} INFO - Started process (PID=8934) to work on /Users/gordanaristova/MyProjects/MyRpaProject/venv/lib/python3.10/site-packages/airflow/example_dags/tutorial_taskflow_api_virtualenv.py
[2025-06-12T10:45:47.960+0200] {processor.py:914} INFO - Processing file /Users/gordanaristova/MyProjects/MyRpaProject/venv/lib/python3.10/site-packages/airflow/example_dags/tutorial_taskflow_api_virtualenv.py for tasks to queue
[2025-06-12T10:45:47.960+0200] {logging_mixin.py:190} INFO - [2025-06-12T10:45:47.960+0200] {dagbag.py:588} INFO - Filling up the DagBag from /Users/gordanaristova/MyProjects/MyRpaProject/venv/lib/python3.10/site-packages/airflow/example_dags/tutorial_taskflow_api_virtualenv.py
[2025-06-12T10:45:47.970+0200] {logging_mixin.py:190} INFO - [2025-06-12T10:45:47.970+0200] {tutorial_taskflow_api_virtualenv.py:29} WARNING - The tutorial_taskflow_api_virtualenv example DAG requires virtualenv, please install it.
[2025-06-12T10:45:47.971+0200] {processor.py:927} WARNING - No viable dags retrieved from /Users/gordanaristova/MyProjects/MyRpaProject/venv/lib/python3.10/site-packages/airflow/example_dags/tutorial_taskflow_api_virtualenv.py
[2025-06-12T10:45:47.995+0200] {processor.py:208} INFO - Processing /Users/gordanaristova/MyProjects/MyRpaProject/venv/lib/python3.10/site-packages/airflow/example_dags/tutorial_taskflow_api_virtualenv.py took 0.037 seconds
[2025-06-12T10:46:39.641+0200] {processor.py:186} INFO - Started process (PID=9001) to work on /Users/gordanaristova/MyProjects/MyRpaProject/venv/lib/python3.10/site-packages/airflow/example_dags/tutorial_taskflow_api_virtualenv.py
[2025-06-12T10:46:39.641+0200] {processor.py:914} INFO - Processing file /Users/gordanaristova/MyProjects/MyRpaProject/venv/lib/python3.10/site-packages/airflow/example_dags/tutorial_taskflow_api_virtualenv.py for tasks to queue
[2025-06-12T10:46:39.641+0200] {logging_mixin.py:190} INFO - [2025-06-12T10:46:39.641+0200] {dagbag.py:588} INFO - Filling up the DagBag from /Users/gordanaristova/MyProjects/MyRpaProject/venv/lib/python3.10/site-packages/airflow/example_dags/tutorial_taskflow_api_virtualenv.py
[2025-06-12T10:46:39.651+0200] {logging_mixin.py:190} INFO - [2025-06-12T10:46:39.651+0200] {tutorial_taskflow_api_virtualenv.py:29} WARNING - The tutorial_taskflow_api_virtualenv example DAG requires virtualenv, please install it.
[2025-06-12T10:46:39.652+0200] {processor.py:927} WARNING - No viable dags retrieved from /Users/gordanaristova/MyProjects/MyRpaProject/venv/lib/python3.10/site-packages/airflow/example_dags/tutorial_taskflow_api_virtualenv.py
[2025-06-12T10:46:39.677+0200] {processor.py:208} INFO - Processing /Users/gordanaristova/MyProjects/MyRpaProject/venv/lib/python3.10/site-packages/airflow/example_dags/tutorial_taskflow_api_virtualenv.py took 0.037 seconds
[2025-06-12T10:47:38.251+0200] {processor.py:186} INFO - Started process (PID=9071) to work on /Users/gordanaristova/MyProjects/MyRpaProject/venv/lib/python3.10/site-packages/airflow/example_dags/tutorial_taskflow_api_virtualenv.py
[2025-06-12T10:47:38.252+0200] {processor.py:914} INFO - Processing file /Users/gordanaristova/MyProjects/MyRpaProject/venv/lib/python3.10/site-packages/airflow/example_dags/tutorial_taskflow_api_virtualenv.py for tasks to queue
[2025-06-12T10:47:38.252+0200] {logging_mixin.py:190} INFO - [2025-06-12T10:47:38.252+0200] {dagbag.py:588} INFO - Filling up the DagBag from /Users/gordanaristova/MyProjects/MyRpaProject/venv/lib/python3.10/site-packages/airflow/example_dags/tutorial_taskflow_api_virtualenv.py
[2025-06-12T10:47:38.263+0200] {logging_mixin.py:190} INFO - [2025-06-12T10:47:38.262+0200] {tutorial_taskflow_api_virtualenv.py:29} WARNING - The tutorial_taskflow_api_virtualenv example DAG requires virtualenv, please install it.
[2025-06-12T10:47:38.263+0200] {processor.py:927} WARNING - No viable dags retrieved from /Users/gordanaristova/MyProjects/MyRpaProject/venv/lib/python3.10/site-packages/airflow/example_dags/tutorial_taskflow_api_virtualenv.py
[2025-06-12T10:47:38.288+0200] {processor.py:208} INFO - Processing /Users/gordanaristova/MyProjects/MyRpaProject/venv/lib/python3.10/site-packages/airflow/example_dags/tutorial_taskflow_api_virtualenv.py took 0.038 seconds
[2025-06-12T10:48:33.283+0200] {processor.py:186} INFO - Started process (PID=9143) to work on /Users/gordanaristova/MyProjects/MyRpaProject/venv/lib/python3.10/site-packages/airflow/example_dags/tutorial_taskflow_api_virtualenv.py
[2025-06-12T10:48:33.284+0200] {processor.py:914} INFO - Processing file /Users/gordanaristova/MyProjects/MyRpaProject/venv/lib/python3.10/site-packages/airflow/example_dags/tutorial_taskflow_api_virtualenv.py for tasks to queue
[2025-06-12T10:48:33.284+0200] {logging_mixin.py:190} INFO - [2025-06-12T10:48:33.284+0200] {dagbag.py:588} INFO - Filling up the DagBag from /Users/gordanaristova/MyProjects/MyRpaProject/venv/lib/python3.10/site-packages/airflow/example_dags/tutorial_taskflow_api_virtualenv.py
[2025-06-12T10:48:33.296+0200] {logging_mixin.py:190} INFO - [2025-06-12T10:48:33.296+0200] {tutorial_taskflow_api_virtualenv.py:29} WARNING - The tutorial_taskflow_api_virtualenv example DAG requires virtualenv, please install it.
[2025-06-12T10:48:33.296+0200] {processor.py:927} WARNING - No viable dags retrieved from /Users/gordanaristova/MyProjects/MyRpaProject/venv/lib/python3.10/site-packages/airflow/example_dags/tutorial_taskflow_api_virtualenv.py
[2025-06-12T10:48:33.321+0200] {processor.py:208} INFO - Processing /Users/gordanaristova/MyProjects/MyRpaProject/venv/lib/python3.10/site-packages/airflow/example_dags/tutorial_taskflow_api_virtualenv.py took 0.039 seconds
[2025-06-12T10:49:26.781+0200] {processor.py:186} INFO - Started process (PID=9207) to work on /Users/gordanaristova/MyProjects/MyRpaProject/venv/lib/python3.10/site-packages/airflow/example_dags/tutorial_taskflow_api_virtualenv.py
[2025-06-12T10:49:26.782+0200] {processor.py:914} INFO - Processing file /Users/gordanaristova/MyProjects/MyRpaProject/venv/lib/python3.10/site-packages/airflow/example_dags/tutorial_taskflow_api_virtualenv.py for tasks to queue
[2025-06-12T10:49:26.782+0200] {logging_mixin.py:190} INFO - [2025-06-12T10:49:26.782+0200] {dagbag.py:588} INFO - Filling up the DagBag from /Users/gordanaristova/MyProjects/MyRpaProject/venv/lib/python3.10/site-packages/airflow/example_dags/tutorial_taskflow_api_virtualenv.py
[2025-06-12T10:49:26.793+0200] {logging_mixin.py:190} INFO - [2025-06-12T10:49:26.793+0200] {tutorial_taskflow_api_virtualenv.py:29} WARNING - The tutorial_taskflow_api_virtualenv example DAG requires virtualenv, please install it.
[2025-06-12T10:49:26.793+0200] {processor.py:927} WARNING - No viable dags retrieved from /Users/gordanaristova/MyProjects/MyRpaProject/venv/lib/python3.10/site-packages/airflow/example_dags/tutorial_taskflow_api_virtualenv.py
[2025-06-12T10:49:26.818+0200] {processor.py:208} INFO - Processing /Users/gordanaristova/MyProjects/MyRpaProject/venv/lib/python3.10/site-packages/airflow/example_dags/tutorial_taskflow_api_virtualenv.py took 0.038 seconds
[2025-06-12T10:56:35.642+0200] {processor.py:186} INFO - Started process (PID=9403) to work on /Users/gordanaristova/MyProjects/MyRpaProject/venv/lib/python3.10/site-packages/airflow/example_dags/tutorial_taskflow_api_virtualenv.py
[2025-06-12T10:56:35.643+0200] {processor.py:914} INFO - Processing file /Users/gordanaristova/MyProjects/MyRpaProject/venv/lib/python3.10/site-packages/airflow/example_dags/tutorial_taskflow_api_virtualenv.py for tasks to queue
[2025-06-12T10:56:35.644+0200] {logging_mixin.py:190} INFO - [2025-06-12T10:56:35.643+0200] {dagbag.py:588} INFO - Filling up the DagBag from /Users/gordanaristova/MyProjects/MyRpaProject/venv/lib/python3.10/site-packages/airflow/example_dags/tutorial_taskflow_api_virtualenv.py
[2025-06-12T10:56:35.653+0200] {logging_mixin.py:190} INFO - [2025-06-12T10:56:35.653+0200] {tutorial_taskflow_api_virtualenv.py:29} WARNING - The tutorial_taskflow_api_virtualenv example DAG requires virtualenv, please install it.
[2025-06-12T10:56:35.653+0200] {processor.py:927} WARNING - No viable dags retrieved from /Users/gordanaristova/MyProjects/MyRpaProject/venv/lib/python3.10/site-packages/airflow/example_dags/tutorial_taskflow_api_virtualenv.py
[2025-06-12T10:56:35.677+0200] {processor.py:208} INFO - Processing /Users/gordanaristova/MyProjects/MyRpaProject/venv/lib/python3.10/site-packages/airflow/example_dags/tutorial_taskflow_api_virtualenv.py took 0.035 seconds
[2025-06-12T10:58:01.629+0200] {processor.py:186} INFO - Started process (PID=9510) to work on /Users/gordanaristova/MyProjects/MyRpaProject/venv/lib/python3.10/site-packages/airflow/example_dags/tutorial_taskflow_api_virtualenv.py
[2025-06-12T10:58:01.630+0200] {processor.py:914} INFO - Processing file /Users/gordanaristova/MyProjects/MyRpaProject/venv/lib/python3.10/site-packages/airflow/example_dags/tutorial_taskflow_api_virtualenv.py for tasks to queue
[2025-06-12T10:58:01.630+0200] {logging_mixin.py:190} INFO - [2025-06-12T10:58:01.630+0200] {dagbag.py:588} INFO - Filling up the DagBag from /Users/gordanaristova/MyProjects/MyRpaProject/venv/lib/python3.10/site-packages/airflow/example_dags/tutorial_taskflow_api_virtualenv.py
[2025-06-12T10:58:01.645+0200] {logging_mixin.py:190} INFO - [2025-06-12T10:58:01.645+0200] {tutorial_taskflow_api_virtualenv.py:29} WARNING - The tutorial_taskflow_api_virtualenv example DAG requires virtualenv, please install it.
[2025-06-12T10:58:01.645+0200] {processor.py:927} WARNING - No viable dags retrieved from /Users/gordanaristova/MyProjects/MyRpaProject/venv/lib/python3.10/site-packages/airflow/example_dags/tutorial_taskflow_api_virtualenv.py
[2025-06-12T10:58:01.671+0200] {processor.py:208} INFO - Processing /Users/gordanaristova/MyProjects/MyRpaProject/venv/lib/python3.10/site-packages/airflow/example_dags/tutorial_taskflow_api_virtualenv.py took 0.043 seconds
[2025-06-12T11:11:21.661+0200] {processor.py:186} INFO - Started process (PID=9723) to work on /Users/gordanaristova/MyProjects/MyRpaProject/venv/lib/python3.10/site-packages/airflow/example_dags/tutorial_taskflow_api_virtualenv.py
[2025-06-12T11:11:21.662+0200] {processor.py:914} INFO - Processing file /Users/gordanaristova/MyProjects/MyRpaProject/venv/lib/python3.10/site-packages/airflow/example_dags/tutorial_taskflow_api_virtualenv.py for tasks to queue
[2025-06-12T11:11:21.663+0200] {logging_mixin.py:190} INFO - [2025-06-12T11:11:21.663+0200] {dagbag.py:588} INFO - Filling up the DagBag from /Users/gordanaristova/MyProjects/MyRpaProject/venv/lib/python3.10/site-packages/airflow/example_dags/tutorial_taskflow_api_virtualenv.py
[2025-06-12T11:11:21.672+0200] {logging_mixin.py:190} INFO - [2025-06-12T11:11:21.672+0200] {tutorial_taskflow_api_virtualenv.py:29} WARNING - The tutorial_taskflow_api_virtualenv example DAG requires virtualenv, please install it.
[2025-06-12T11:11:21.672+0200] {processor.py:927} WARNING - No viable dags retrieved from /Users/gordanaristova/MyProjects/MyRpaProject/venv/lib/python3.10/site-packages/airflow/example_dags/tutorial_taskflow_api_virtualenv.py
[2025-06-12T11:11:21.699+0200] {processor.py:208} INFO - Processing /Users/gordanaristova/MyProjects/MyRpaProject/venv/lib/python3.10/site-packages/airflow/example_dags/tutorial_taskflow_api_virtualenv.py took 0.038 seconds
[2025-06-12T11:12:46.034+0200] {processor.py:186} INFO - Started process (PID=9819) to work on /Users/gordanaristova/MyProjects/MyRpaProject/venv/lib/python3.10/site-packages/airflow/example_dags/tutorial_taskflow_api_virtualenv.py
[2025-06-12T11:12:46.035+0200] {processor.py:914} INFO - Processing file /Users/gordanaristova/MyProjects/MyRpaProject/venv/lib/python3.10/site-packages/airflow/example_dags/tutorial_taskflow_api_virtualenv.py for tasks to queue
[2025-06-12T11:12:46.035+0200] {logging_mixin.py:190} INFO - [2025-06-12T11:12:46.035+0200] {dagbag.py:588} INFO - Filling up the DagBag from /Users/gordanaristova/MyProjects/MyRpaProject/venv/lib/python3.10/site-packages/airflow/example_dags/tutorial_taskflow_api_virtualenv.py
[2025-06-12T11:12:46.045+0200] {logging_mixin.py:190} INFO - [2025-06-12T11:12:46.045+0200] {tutorial_taskflow_api_virtualenv.py:29} WARNING - The tutorial_taskflow_api_virtualenv example DAG requires virtualenv, please install it.
[2025-06-12T11:12:46.045+0200] {processor.py:927} WARNING - No viable dags retrieved from /Users/gordanaristova/MyProjects/MyRpaProject/venv/lib/python3.10/site-packages/airflow/example_dags/tutorial_taskflow_api_virtualenv.py
[2025-06-12T11:12:46.072+0200] {processor.py:208} INFO - Processing /Users/gordanaristova/MyProjects/MyRpaProject/venv/lib/python3.10/site-packages/airflow/example_dags/tutorial_taskflow_api_virtualenv.py took 0.038 seconds
[2025-06-12T11:21:27.599+0200] {processor.py:186} INFO - Started process (PID=10009) to work on /Users/gordanaristova/MyProjects/MyRpaProject/venv/lib/python3.10/site-packages/airflow/example_dags/tutorial_taskflow_api_virtualenv.py
[2025-06-12T11:21:27.600+0200] {processor.py:914} INFO - Processing file /Users/gordanaristova/MyProjects/MyRpaProject/venv/lib/python3.10/site-packages/airflow/example_dags/tutorial_taskflow_api_virtualenv.py for tasks to queue
[2025-06-12T11:21:27.600+0200] {logging_mixin.py:190} INFO - [2025-06-12T11:21:27.600+0200] {dagbag.py:588} INFO - Filling up the DagBag from /Users/gordanaristova/MyProjects/MyRpaProject/venv/lib/python3.10/site-packages/airflow/example_dags/tutorial_taskflow_api_virtualenv.py
[2025-06-12T11:21:27.611+0200] {logging_mixin.py:190} INFO - [2025-06-12T11:21:27.611+0200] {tutorial_taskflow_api_virtualenv.py:29} WARNING - The tutorial_taskflow_api_virtualenv example DAG requires virtualenv, please install it.
[2025-06-12T11:21:27.611+0200] {processor.py:927} WARNING - No viable dags retrieved from /Users/gordanaristova/MyProjects/MyRpaProject/venv/lib/python3.10/site-packages/airflow/example_dags/tutorial_taskflow_api_virtualenv.py
[2025-06-12T11:21:27.638+0200] {processor.py:208} INFO - Processing /Users/gordanaristova/MyProjects/MyRpaProject/venv/lib/python3.10/site-packages/airflow/example_dags/tutorial_taskflow_api_virtualenv.py took 0.040 seconds
[2025-06-12T11:22:50.724+0200] {processor.py:186} INFO - Started process (PID=10106) to work on /Users/gordanaristova/MyProjects/MyRpaProject/venv/lib/python3.10/site-packages/airflow/example_dags/tutorial_taskflow_api_virtualenv.py
[2025-06-12T11:22:50.724+0200] {processor.py:914} INFO - Processing file /Users/gordanaristova/MyProjects/MyRpaProject/venv/lib/python3.10/site-packages/airflow/example_dags/tutorial_taskflow_api_virtualenv.py for tasks to queue
[2025-06-12T11:22:50.724+0200] {logging_mixin.py:190} INFO - [2025-06-12T11:22:50.724+0200] {dagbag.py:588} INFO - Filling up the DagBag from /Users/gordanaristova/MyProjects/MyRpaProject/venv/lib/python3.10/site-packages/airflow/example_dags/tutorial_taskflow_api_virtualenv.py
[2025-06-12T11:22:50.735+0200] {logging_mixin.py:190} INFO - [2025-06-12T11:22:50.735+0200] {tutorial_taskflow_api_virtualenv.py:29} WARNING - The tutorial_taskflow_api_virtualenv example DAG requires virtualenv, please install it.
[2025-06-12T11:22:50.735+0200] {processor.py:927} WARNING - No viable dags retrieved from /Users/gordanaristova/MyProjects/MyRpaProject/venv/lib/python3.10/site-packages/airflow/example_dags/tutorial_taskflow_api_virtualenv.py
[2025-06-12T11:22:50.759+0200] {processor.py:208} INFO - Processing /Users/gordanaristova/MyProjects/MyRpaProject/venv/lib/python3.10/site-packages/airflow/example_dags/tutorial_taskflow_api_virtualenv.py took 0.036 seconds
[2025-06-12T11:23:48.519+0200] {processor.py:186} INFO - Started process (PID=10165) to work on /Users/gordanaristova/MyProjects/MyRpaProject/venv/lib/python3.10/site-packages/airflow/example_dags/tutorial_taskflow_api_virtualenv.py
[2025-06-12T11:23:48.520+0200] {processor.py:914} INFO - Processing file /Users/gordanaristova/MyProjects/MyRpaProject/venv/lib/python3.10/site-packages/airflow/example_dags/tutorial_taskflow_api_virtualenv.py for tasks to queue
[2025-06-12T11:23:48.520+0200] {logging_mixin.py:190} INFO - [2025-06-12T11:23:48.520+0200] {dagbag.py:588} INFO - Filling up the DagBag from /Users/gordanaristova/MyProjects/MyRpaProject/venv/lib/python3.10/site-packages/airflow/example_dags/tutorial_taskflow_api_virtualenv.py
[2025-06-12T11:23:48.531+0200] {logging_mixin.py:190} INFO - [2025-06-12T11:23:48.531+0200] {tutorial_taskflow_api_virtualenv.py:29} WARNING - The tutorial_taskflow_api_virtualenv example DAG requires virtualenv, please install it.
[2025-06-12T11:23:48.531+0200] {processor.py:927} WARNING - No viable dags retrieved from /Users/gordanaristova/MyProjects/MyRpaProject/venv/lib/python3.10/site-packages/airflow/example_dags/tutorial_taskflow_api_virtualenv.py
[2025-06-12T11:23:48.556+0200] {processor.py:208} INFO - Processing /Users/gordanaristova/MyProjects/MyRpaProject/venv/lib/python3.10/site-packages/airflow/example_dags/tutorial_taskflow_api_virtualenv.py took 0.038 seconds
[2025-06-12T11:40:43.532+0200] {processor.py:186} INFO - Started process (PID=10390) to work on /Users/gordanaristova/MyProjects/MyRpaProject/venv/lib/python3.10/site-packages/airflow/example_dags/tutorial_taskflow_api_virtualenv.py
[2025-06-12T11:40:43.533+0200] {processor.py:914} INFO - Processing file /Users/gordanaristova/MyProjects/MyRpaProject/venv/lib/python3.10/site-packages/airflow/example_dags/tutorial_taskflow_api_virtualenv.py for tasks to queue
[2025-06-12T11:40:43.533+0200] {logging_mixin.py:190} INFO - [2025-06-12T11:40:43.533+0200] {dagbag.py:588} INFO - Filling up the DagBag from /Users/gordanaristova/MyProjects/MyRpaProject/venv/lib/python3.10/site-packages/airflow/example_dags/tutorial_taskflow_api_virtualenv.py
[2025-06-12T11:40:43.544+0200] {logging_mixin.py:190} INFO - [2025-06-12T11:40:43.544+0200] {tutorial_taskflow_api_virtualenv.py:29} WARNING - The tutorial_taskflow_api_virtualenv example DAG requires virtualenv, please install it.
[2025-06-12T11:40:43.544+0200] {processor.py:927} WARNING - No viable dags retrieved from /Users/gordanaristova/MyProjects/MyRpaProject/venv/lib/python3.10/site-packages/airflow/example_dags/tutorial_taskflow_api_virtualenv.py
[2025-06-12T11:40:43.569+0200] {processor.py:208} INFO - Processing /Users/gordanaristova/MyProjects/MyRpaProject/venv/lib/python3.10/site-packages/airflow/example_dags/tutorial_taskflow_api_virtualenv.py took 0.038 seconds
[2025-06-12T11:42:06.754+0200] {processor.py:186} INFO - Started process (PID=10471) to work on /Users/gordanaristova/MyProjects/MyRpaProject/venv/lib/python3.10/site-packages/airflow/example_dags/tutorial_taskflow_api_virtualenv.py
[2025-06-12T11:42:06.755+0200] {processor.py:914} INFO - Processing file /Users/gordanaristova/MyProjects/MyRpaProject/venv/lib/python3.10/site-packages/airflow/example_dags/tutorial_taskflow_api_virtualenv.py for tasks to queue
[2025-06-12T11:42:06.756+0200] {logging_mixin.py:190} INFO - [2025-06-12T11:42:06.756+0200] {dagbag.py:588} INFO - Filling up the DagBag from /Users/gordanaristova/MyProjects/MyRpaProject/venv/lib/python3.10/site-packages/airflow/example_dags/tutorial_taskflow_api_virtualenv.py
[2025-06-12T11:42:06.766+0200] {logging_mixin.py:190} INFO - [2025-06-12T11:42:06.766+0200] {tutorial_taskflow_api_virtualenv.py:29} WARNING - The tutorial_taskflow_api_virtualenv example DAG requires virtualenv, please install it.
[2025-06-12T11:42:06.766+0200] {processor.py:927} WARNING - No viable dags retrieved from /Users/gordanaristova/MyProjects/MyRpaProject/venv/lib/python3.10/site-packages/airflow/example_dags/tutorial_taskflow_api_virtualenv.py
[2025-06-12T11:42:06.791+0200] {processor.py:208} INFO - Processing /Users/gordanaristova/MyProjects/MyRpaProject/venv/lib/python3.10/site-packages/airflow/example_dags/tutorial_taskflow_api_virtualenv.py took 0.037 seconds
[2025-06-12T11:43:00.553+0200] {processor.py:186} INFO - Started process (PID=10533) to work on /Users/gordanaristova/MyProjects/MyRpaProject/venv/lib/python3.10/site-packages/airflow/example_dags/tutorial_taskflow_api_virtualenv.py
[2025-06-12T11:43:00.554+0200] {processor.py:914} INFO - Processing file /Users/gordanaristova/MyProjects/MyRpaProject/venv/lib/python3.10/site-packages/airflow/example_dags/tutorial_taskflow_api_virtualenv.py for tasks to queue
[2025-06-12T11:43:00.554+0200] {logging_mixin.py:190} INFO - [2025-06-12T11:43:00.554+0200] {dagbag.py:588} INFO - Filling up the DagBag from /Users/gordanaristova/MyProjects/MyRpaProject/venv/lib/python3.10/site-packages/airflow/example_dags/tutorial_taskflow_api_virtualenv.py
[2025-06-12T11:43:00.564+0200] {logging_mixin.py:190} INFO - [2025-06-12T11:43:00.564+0200] {tutorial_taskflow_api_virtualenv.py:29} WARNING - The tutorial_taskflow_api_virtualenv example DAG requires virtualenv, please install it.
[2025-06-12T11:43:00.564+0200] {processor.py:927} WARNING - No viable dags retrieved from /Users/gordanaristova/MyProjects/MyRpaProject/venv/lib/python3.10/site-packages/airflow/example_dags/tutorial_taskflow_api_virtualenv.py
[2025-06-12T11:43:00.590+0200] {processor.py:208} INFO - Processing /Users/gordanaristova/MyProjects/MyRpaProject/venv/lib/python3.10/site-packages/airflow/example_dags/tutorial_taskflow_api_virtualenv.py took 0.038 seconds
[2025-06-12T11:49:29.912+0200] {processor.py:186} INFO - Started process (PID=10608) to work on /Users/gordanaristova/MyProjects/MyRpaProject/venv/lib/python3.10/site-packages/airflow/example_dags/tutorial_taskflow_api_virtualenv.py
[2025-06-12T11:49:29.912+0200] {processor.py:914} INFO - Processing file /Users/gordanaristova/MyProjects/MyRpaProject/venv/lib/python3.10/site-packages/airflow/example_dags/tutorial_taskflow_api_virtualenv.py for tasks to queue
[2025-06-12T11:49:29.912+0200] {logging_mixin.py:190} INFO - [2025-06-12T11:49:29.912+0200] {dagbag.py:588} INFO - Filling up the DagBag from /Users/gordanaristova/MyProjects/MyRpaProject/venv/lib/python3.10/site-packages/airflow/example_dags/tutorial_taskflow_api_virtualenv.py
[2025-06-12T11:49:29.923+0200] {logging_mixin.py:190} INFO - [2025-06-12T11:49:29.923+0200] {tutorial_taskflow_api_virtualenv.py:29} WARNING - The tutorial_taskflow_api_virtualenv example DAG requires virtualenv, please install it.
[2025-06-12T11:49:29.923+0200] {processor.py:927} WARNING - No viable dags retrieved from /Users/gordanaristova/MyProjects/MyRpaProject/venv/lib/python3.10/site-packages/airflow/example_dags/tutorial_taskflow_api_virtualenv.py
[2025-06-12T11:49:29.948+0200] {processor.py:208} INFO - Processing /Users/gordanaristova/MyProjects/MyRpaProject/venv/lib/python3.10/site-packages/airflow/example_dags/tutorial_taskflow_api_virtualenv.py took 0.038 seconds
[2025-06-12T11:50:57.135+0200] {processor.py:186} INFO - Started process (PID=10697) to work on /Users/gordanaristova/MyProjects/MyRpaProject/venv/lib/python3.10/site-packages/airflow/example_dags/tutorial_taskflow_api_virtualenv.py
[2025-06-12T11:50:57.136+0200] {processor.py:914} INFO - Processing file /Users/gordanaristova/MyProjects/MyRpaProject/venv/lib/python3.10/site-packages/airflow/example_dags/tutorial_taskflow_api_virtualenv.py for tasks to queue
[2025-06-12T11:50:57.136+0200] {logging_mixin.py:190} INFO - [2025-06-12T11:50:57.136+0200] {dagbag.py:588} INFO - Filling up the DagBag from /Users/gordanaristova/MyProjects/MyRpaProject/venv/lib/python3.10/site-packages/airflow/example_dags/tutorial_taskflow_api_virtualenv.py
[2025-06-12T11:50:57.147+0200] {logging_mixin.py:190} INFO - [2025-06-12T11:50:57.147+0200] {tutorial_taskflow_api_virtualenv.py:29} WARNING - The tutorial_taskflow_api_virtualenv example DAG requires virtualenv, please install it.
[2025-06-12T11:50:57.147+0200] {processor.py:927} WARNING - No viable dags retrieved from /Users/gordanaristova/MyProjects/MyRpaProject/venv/lib/python3.10/site-packages/airflow/example_dags/tutorial_taskflow_api_virtualenv.py
[2025-06-12T11:50:57.172+0200] {processor.py:208} INFO - Processing /Users/gordanaristova/MyProjects/MyRpaProject/venv/lib/python3.10/site-packages/airflow/example_dags/tutorial_taskflow_api_virtualenv.py took 0.038 seconds
[2025-06-12T11:51:50.994+0200] {processor.py:186} INFO - Started process (PID=10753) to work on /Users/gordanaristova/MyProjects/MyRpaProject/venv/lib/python3.10/site-packages/airflow/example_dags/tutorial_taskflow_api_virtualenv.py
[2025-06-12T11:51:50.995+0200] {processor.py:914} INFO - Processing file /Users/gordanaristova/MyProjects/MyRpaProject/venv/lib/python3.10/site-packages/airflow/example_dags/tutorial_taskflow_api_virtualenv.py for tasks to queue
[2025-06-12T11:51:50.995+0200] {logging_mixin.py:190} INFO - [2025-06-12T11:51:50.995+0200] {dagbag.py:588} INFO - Filling up the DagBag from /Users/gordanaristova/MyProjects/MyRpaProject/venv/lib/python3.10/site-packages/airflow/example_dags/tutorial_taskflow_api_virtualenv.py
[2025-06-12T11:51:51.005+0200] {logging_mixin.py:190} INFO - [2025-06-12T11:51:51.005+0200] {tutorial_taskflow_api_virtualenv.py:29} WARNING - The tutorial_taskflow_api_virtualenv example DAG requires virtualenv, please install it.
[2025-06-12T11:51:51.005+0200] {processor.py:927} WARNING - No viable dags retrieved from /Users/gordanaristova/MyProjects/MyRpaProject/venv/lib/python3.10/site-packages/airflow/example_dags/tutorial_taskflow_api_virtualenv.py
[2025-06-12T11:51:51.029+0200] {processor.py:208} INFO - Processing /Users/gordanaristova/MyProjects/MyRpaProject/venv/lib/python3.10/site-packages/airflow/example_dags/tutorial_taskflow_api_virtualenv.py took 0.036 seconds
[2025-06-12T11:52:44.847+0200] {processor.py:186} INFO - Started process (PID=10813) to work on /Users/gordanaristova/MyProjects/MyRpaProject/venv/lib/python3.10/site-packages/airflow/example_dags/tutorial_taskflow_api_virtualenv.py
[2025-06-12T11:52:44.847+0200] {processor.py:914} INFO - Processing file /Users/gordanaristova/MyProjects/MyRpaProject/venv/lib/python3.10/site-packages/airflow/example_dags/tutorial_taskflow_api_virtualenv.py for tasks to queue
[2025-06-12T11:52:44.847+0200] {logging_mixin.py:190} INFO - [2025-06-12T11:52:44.847+0200] {dagbag.py:588} INFO - Filling up the DagBag from /Users/gordanaristova/MyProjects/MyRpaProject/venv/lib/python3.10/site-packages/airflow/example_dags/tutorial_taskflow_api_virtualenv.py
[2025-06-12T11:52:44.858+0200] {logging_mixin.py:190} INFO - [2025-06-12T11:52:44.858+0200] {tutorial_taskflow_api_virtualenv.py:29} WARNING - The tutorial_taskflow_api_virtualenv example DAG requires virtualenv, please install it.
[2025-06-12T11:52:44.858+0200] {processor.py:927} WARNING - No viable dags retrieved from /Users/gordanaristova/MyProjects/MyRpaProject/venv/lib/python3.10/site-packages/airflow/example_dags/tutorial_taskflow_api_virtualenv.py
[2025-06-12T11:52:44.882+0200] {processor.py:208} INFO - Processing /Users/gordanaristova/MyProjects/MyRpaProject/venv/lib/python3.10/site-packages/airflow/example_dags/tutorial_taskflow_api_virtualenv.py took 0.036 seconds
[2025-06-12T11:53:38.954+0200] {processor.py:186} INFO - Started process (PID=10854) to work on /Users/gordanaristova/MyProjects/MyRpaProject/venv/lib/python3.10/site-packages/airflow/example_dags/tutorial_taskflow_api_virtualenv.py
[2025-06-12T11:53:38.956+0200] {processor.py:914} INFO - Processing file /Users/gordanaristova/MyProjects/MyRpaProject/venv/lib/python3.10/site-packages/airflow/example_dags/tutorial_taskflow_api_virtualenv.py for tasks to queue
[2025-06-12T11:53:38.956+0200] {logging_mixin.py:190} INFO - [2025-06-12T11:53:38.956+0200] {dagbag.py:588} INFO - Filling up the DagBag from /Users/gordanaristova/MyProjects/MyRpaProject/venv/lib/python3.10/site-packages/airflow/example_dags/tutorial_taskflow_api_virtualenv.py
[2025-06-12T11:53:38.966+0200] {logging_mixin.py:190} INFO - [2025-06-12T11:53:38.966+0200] {tutorial_taskflow_api_virtualenv.py:29} WARNING - The tutorial_taskflow_api_virtualenv example DAG requires virtualenv, please install it.
[2025-06-12T11:53:38.966+0200] {processor.py:927} WARNING - No viable dags retrieved from /Users/gordanaristova/MyProjects/MyRpaProject/venv/lib/python3.10/site-packages/airflow/example_dags/tutorial_taskflow_api_virtualenv.py
[2025-06-12T11:53:38.991+0200] {processor.py:208} INFO - Processing /Users/gordanaristova/MyProjects/MyRpaProject/venv/lib/python3.10/site-packages/airflow/example_dags/tutorial_taskflow_api_virtualenv.py took 0.037 seconds
[2025-06-12T11:54:33.050+0200] {processor.py:186} INFO - Started process (PID=10896) to work on /Users/gordanaristova/MyProjects/MyRpaProject/venv/lib/python3.10/site-packages/airflow/example_dags/tutorial_taskflow_api_virtualenv.py
[2025-06-12T11:54:33.052+0200] {processor.py:914} INFO - Processing file /Users/gordanaristova/MyProjects/MyRpaProject/venv/lib/python3.10/site-packages/airflow/example_dags/tutorial_taskflow_api_virtualenv.py for tasks to queue
[2025-06-12T11:54:33.052+0200] {logging_mixin.py:190} INFO - [2025-06-12T11:54:33.052+0200] {dagbag.py:588} INFO - Filling up the DagBag from /Users/gordanaristova/MyProjects/MyRpaProject/venv/lib/python3.10/site-packages/airflow/example_dags/tutorial_taskflow_api_virtualenv.py
[2025-06-12T11:54:33.062+0200] {logging_mixin.py:190} INFO - [2025-06-12T11:54:33.062+0200] {tutorial_taskflow_api_virtualenv.py:29} WARNING - The tutorial_taskflow_api_virtualenv example DAG requires virtualenv, please install it.
[2025-06-12T11:54:33.062+0200] {processor.py:927} WARNING - No viable dags retrieved from /Users/gordanaristova/MyProjects/MyRpaProject/venv/lib/python3.10/site-packages/airflow/example_dags/tutorial_taskflow_api_virtualenv.py
[2025-06-12T11:54:33.086+0200] {processor.py:208} INFO - Processing /Users/gordanaristova/MyProjects/MyRpaProject/venv/lib/python3.10/site-packages/airflow/example_dags/tutorial_taskflow_api_virtualenv.py took 0.037 seconds
[2025-06-12T11:55:26.506+0200] {processor.py:186} INFO - Started process (PID=10955) to work on /Users/gordanaristova/MyProjects/MyRpaProject/venv/lib/python3.10/site-packages/airflow/example_dags/tutorial_taskflow_api_virtualenv.py
[2025-06-12T11:55:26.507+0200] {processor.py:914} INFO - Processing file /Users/gordanaristova/MyProjects/MyRpaProject/venv/lib/python3.10/site-packages/airflow/example_dags/tutorial_taskflow_api_virtualenv.py for tasks to queue
[2025-06-12T11:55:26.507+0200] {logging_mixin.py:190} INFO - [2025-06-12T11:55:26.507+0200] {dagbag.py:588} INFO - Filling up the DagBag from /Users/gordanaristova/MyProjects/MyRpaProject/venv/lib/python3.10/site-packages/airflow/example_dags/tutorial_taskflow_api_virtualenv.py
[2025-06-12T11:55:26.517+0200] {logging_mixin.py:190} INFO - [2025-06-12T11:55:26.517+0200] {tutorial_taskflow_api_virtualenv.py:29} WARNING - The tutorial_taskflow_api_virtualenv example DAG requires virtualenv, please install it.
[2025-06-12T11:55:26.517+0200] {processor.py:927} WARNING - No viable dags retrieved from /Users/gordanaristova/MyProjects/MyRpaProject/venv/lib/python3.10/site-packages/airflow/example_dags/tutorial_taskflow_api_virtualenv.py
[2025-06-12T11:55:26.541+0200] {processor.py:208} INFO - Processing /Users/gordanaristova/MyProjects/MyRpaProject/venv/lib/python3.10/site-packages/airflow/example_dags/tutorial_taskflow_api_virtualenv.py took 0.036 seconds
[2025-06-12T11:56:21.426+0200] {processor.py:186} INFO - Started process (PID=11009) to work on /Users/gordanaristova/MyProjects/MyRpaProject/venv/lib/python3.10/site-packages/airflow/example_dags/tutorial_taskflow_api_virtualenv.py
[2025-06-12T11:56:21.427+0200] {processor.py:914} INFO - Processing file /Users/gordanaristova/MyProjects/MyRpaProject/venv/lib/python3.10/site-packages/airflow/example_dags/tutorial_taskflow_api_virtualenv.py for tasks to queue
[2025-06-12T11:56:21.427+0200] {logging_mixin.py:190} INFO - [2025-06-12T11:56:21.427+0200] {dagbag.py:588} INFO - Filling up the DagBag from /Users/gordanaristova/MyProjects/MyRpaProject/venv/lib/python3.10/site-packages/airflow/example_dags/tutorial_taskflow_api_virtualenv.py
[2025-06-12T11:56:21.438+0200] {logging_mixin.py:190} INFO - [2025-06-12T11:56:21.438+0200] {tutorial_taskflow_api_virtualenv.py:29} WARNING - The tutorial_taskflow_api_virtualenv example DAG requires virtualenv, please install it.
[2025-06-12T11:56:21.438+0200] {processor.py:927} WARNING - No viable dags retrieved from /Users/gordanaristova/MyProjects/MyRpaProject/venv/lib/python3.10/site-packages/airflow/example_dags/tutorial_taskflow_api_virtualenv.py
[2025-06-12T11:56:21.465+0200] {processor.py:208} INFO - Processing /Users/gordanaristova/MyProjects/MyRpaProject/venv/lib/python3.10/site-packages/airflow/example_dags/tutorial_taskflow_api_virtualenv.py took 0.040 seconds
[2025-06-12T11:57:17.801+0200] {processor.py:186} INFO - Started process (PID=11078) to work on /Users/gordanaristova/MyProjects/MyRpaProject/venv/lib/python3.10/site-packages/airflow/example_dags/tutorial_taskflow_api_virtualenv.py
[2025-06-12T11:57:17.801+0200] {processor.py:914} INFO - Processing file /Users/gordanaristova/MyProjects/MyRpaProject/venv/lib/python3.10/site-packages/airflow/example_dags/tutorial_taskflow_api_virtualenv.py for tasks to queue
[2025-06-12T11:57:17.801+0200] {logging_mixin.py:190} INFO - [2025-06-12T11:57:17.801+0200] {dagbag.py:588} INFO - Filling up the DagBag from /Users/gordanaristova/MyProjects/MyRpaProject/venv/lib/python3.10/site-packages/airflow/example_dags/tutorial_taskflow_api_virtualenv.py
[2025-06-12T11:57:17.813+0200] {logging_mixin.py:190} INFO - [2025-06-12T11:57:17.813+0200] {tutorial_taskflow_api_virtualenv.py:29} WARNING - The tutorial_taskflow_api_virtualenv example DAG requires virtualenv, please install it.
[2025-06-12T11:57:17.813+0200] {processor.py:927} WARNING - No viable dags retrieved from /Users/gordanaristova/MyProjects/MyRpaProject/venv/lib/python3.10/site-packages/airflow/example_dags/tutorial_taskflow_api_virtualenv.py
[2025-06-12T11:57:17.838+0200] {processor.py:208} INFO - Processing /Users/gordanaristova/MyProjects/MyRpaProject/venv/lib/python3.10/site-packages/airflow/example_dags/tutorial_taskflow_api_virtualenv.py took 0.038 seconds
[2025-06-12T13:14:14.569+0200] {processor.py:186} INFO - Started process (PID=12981) to work on /Users/gordanaristova/MyProjects/MyRpaProject/venv/lib/python3.10/site-packages/airflow/example_dags/tutorial_taskflow_api_virtualenv.py
[2025-06-12T13:14:14.569+0200] {processor.py:914} INFO - Processing file /Users/gordanaristova/MyProjects/MyRpaProject/venv/lib/python3.10/site-packages/airflow/example_dags/tutorial_taskflow_api_virtualenv.py for tasks to queue
[2025-06-12T13:14:14.570+0200] {logging_mixin.py:190} INFO - [2025-06-12T13:14:14.569+0200] {dagbag.py:588} INFO - Filling up the DagBag from /Users/gordanaristova/MyProjects/MyRpaProject/venv/lib/python3.10/site-packages/airflow/example_dags/tutorial_taskflow_api_virtualenv.py
[2025-06-12T13:14:14.580+0200] {logging_mixin.py:190} INFO - [2025-06-12T13:14:14.580+0200] {tutorial_taskflow_api_virtualenv.py:29} WARNING - The tutorial_taskflow_api_virtualenv example DAG requires virtualenv, please install it.
[2025-06-12T13:14:14.580+0200] {processor.py:927} WARNING - No viable dags retrieved from /Users/gordanaristova/MyProjects/MyRpaProject/venv/lib/python3.10/site-packages/airflow/example_dags/tutorial_taskflow_api_virtualenv.py
[2025-06-12T13:14:14.606+0200] {processor.py:208} INFO - Processing /Users/gordanaristova/MyProjects/MyRpaProject/venv/lib/python3.10/site-packages/airflow/example_dags/tutorial_taskflow_api_virtualenv.py took 0.038 seconds
[2025-06-12T13:15:48.710+0200] {processor.py:186} INFO - Started process (PID=13072) to work on /Users/gordanaristova/MyProjects/MyRpaProject/venv/lib/python3.10/site-packages/airflow/example_dags/tutorial_taskflow_api_virtualenv.py
[2025-06-12T13:15:48.711+0200] {processor.py:914} INFO - Processing file /Users/gordanaristova/MyProjects/MyRpaProject/venv/lib/python3.10/site-packages/airflow/example_dags/tutorial_taskflow_api_virtualenv.py for tasks to queue
[2025-06-12T13:15:48.711+0200] {logging_mixin.py:190} INFO - [2025-06-12T13:15:48.711+0200] {dagbag.py:588} INFO - Filling up the DagBag from /Users/gordanaristova/MyProjects/MyRpaProject/venv/lib/python3.10/site-packages/airflow/example_dags/tutorial_taskflow_api_virtualenv.py
[2025-06-12T13:15:48.721+0200] {logging_mixin.py:190} INFO - [2025-06-12T13:15:48.721+0200] {tutorial_taskflow_api_virtualenv.py:29} WARNING - The tutorial_taskflow_api_virtualenv example DAG requires virtualenv, please install it.
[2025-06-12T13:15:48.722+0200] {processor.py:927} WARNING - No viable dags retrieved from /Users/gordanaristova/MyProjects/MyRpaProject/venv/lib/python3.10/site-packages/airflow/example_dags/tutorial_taskflow_api_virtualenv.py
[2025-06-12T13:15:48.746+0200] {processor.py:208} INFO - Processing /Users/gordanaristova/MyProjects/MyRpaProject/venv/lib/python3.10/site-packages/airflow/example_dags/tutorial_taskflow_api_virtualenv.py took 0.038 seconds
