[2025-06-12T10:36:28.496+0200] {processor.py:186} INFO - Started process (PID=8411) to work on /Users/gordanaristova/MyProjects/MyRpaProject/venv/lib/python3.10/site-packages/airflow/example_dags/tutorial.py
[2025-06-12T10:36:28.496+0200] {processor.py:914} INFO - Processing file /Users/gordanaristova/MyProjects/MyRpaProject/venv/lib/python3.10/site-packages/airflow/example_dags/tutorial.py for tasks to queue
[2025-06-12T10:36:28.496+0200] {logging_mixin.py:190} INFO - [2025-06-12T10:36:28.496+0200] {dagbag.py:588} INFO - Filling up the DagBag from /Users/gordanaristova/MyProjects/MyRpaProject/venv/lib/python3.10/site-packages/airflow/example_dags/tutorial.py
[2025-06-12T10:36:28.498+0200] {processor.py:925} INFO - DAG(s) 'tutorial' retrieved from /Users/gordanaristova/MyProjects/MyRpaProject/venv/lib/python3.10/site-packages/airflow/example_dags/tutorial.py
[2025-06-12T10:36:28.545+0200] {logging_mixin.py:190} INFO - [2025-06-12T10:36:28.545+0200] {override.py:1900} INFO - Created Permission View: can edit on DAG:tutorial
[2025-06-12T10:36:28.547+0200] {logging_mixin.py:190} INFO - [2025-06-12T10:36:28.547+0200] {override.py:1900} INFO - Created Permission View: can delete on DAG:tutorial
[2025-06-12T10:36:28.548+0200] {logging_mixin.py:190} INFO - [2025-06-12T10:36:28.548+0200] {override.py:1900} INFO - Created Permission View: can read on DAG:tutorial
[2025-06-12T10:36:28.550+0200] {logging_mixin.py:190} INFO - [2025-06-12T10:36:28.550+0200] {override.py:1900} INFO - Created Permission View: menu access on DAG Run:tutorial
[2025-06-12T10:36:28.552+0200] {logging_mixin.py:190} INFO - [2025-06-12T10:36:28.552+0200] {override.py:1900} INFO - Created Permission View: can create on DAG Run:tutorial
[2025-06-12T10:36:28.553+0200] {logging_mixin.py:190} INFO - [2025-06-12T10:36:28.553+0200] {override.py:1900} INFO - Created Permission View: can delete on DAG Run:tutorial
[2025-06-12T10:36:28.554+0200] {logging_mixin.py:190} INFO - [2025-06-12T10:36:28.554+0200] {override.py:1900} INFO - Created Permission View: can read on DAG Run:tutorial
[2025-06-12T10:36:28.554+0200] {logging_mixin.py:190} INFO - [2025-06-12T10:36:28.554+0200] {dag.py:3239} INFO - Sync 1 DAGs
[2025-06-12T10:36:28.557+0200] {logging_mixin.py:190} INFO - [2025-06-12T10:36:28.557+0200] {dag.py:3262} INFO - Creating ORM DAG for tutorial
[2025-06-12T10:36:28.560+0200] {logging_mixin.py:190} INFO - [2025-06-12T10:36:28.560+0200] {dag.py:4180} INFO - Setting next_dagrun for tutorial to 2025-06-11 00:00:00+00:00, run_after=2025-06-12 00:00:00+00:00
[2025-06-12T10:36:28.563+0200] {processor.py:208} INFO - Processing /Users/gordanaristova/MyProjects/MyRpaProject/venv/lib/python3.10/site-packages/airflow/example_dags/tutorial.py took 0.068 seconds
[2025-06-12T10:37:57.560+0200] {processor.py:186} INFO - Started process (PID=8489) to work on /Users/gordanaristova/MyProjects/MyRpaProject/venv/lib/python3.10/site-packages/airflow/example_dags/tutorial.py
[2025-06-12T10:37:57.560+0200] {processor.py:914} INFO - Processing file /Users/gordanaristova/MyProjects/MyRpaProject/venv/lib/python3.10/site-packages/airflow/example_dags/tutorial.py for tasks to queue
[2025-06-12T10:37:57.561+0200] {logging_mixin.py:190} INFO - [2025-06-12T10:37:57.561+0200] {dagbag.py:588} INFO - Filling up the DagBag from /Users/gordanaristova/MyProjects/MyRpaProject/venv/lib/python3.10/site-packages/airflow/example_dags/tutorial.py
[2025-06-12T10:37:57.563+0200] {processor.py:925} INFO - DAG(s) 'tutorial' retrieved from /Users/gordanaristova/MyProjects/MyRpaProject/venv/lib/python3.10/site-packages/airflow/example_dags/tutorial.py
[2025-06-12T10:37:57.593+0200] {logging_mixin.py:190} INFO - [2025-06-12T10:37:57.593+0200] {dag.py:3239} INFO - Sync 1 DAGs
[2025-06-12T10:37:57.600+0200] {logging_mixin.py:190} INFO - [2025-06-12T10:37:57.599+0200] {dag.py:4180} INFO - Setting next_dagrun for tutorial to 2025-06-11 00:00:00+00:00, run_after=2025-06-12 00:00:00+00:00
[2025-06-12T10:37:57.604+0200] {processor.py:208} INFO - Processing /Users/gordanaristova/MyProjects/MyRpaProject/venv/lib/python3.10/site-packages/airflow/example_dags/tutorial.py took 0.046 seconds
[2025-06-12T10:38:51.564+0200] {processor.py:186} INFO - Started process (PID=8532) to work on /Users/gordanaristova/MyProjects/MyRpaProject/venv/lib/python3.10/site-packages/airflow/example_dags/tutorial.py
[2025-06-12T10:38:51.565+0200] {processor.py:914} INFO - Processing file /Users/gordanaristova/MyProjects/MyRpaProject/venv/lib/python3.10/site-packages/airflow/example_dags/tutorial.py for tasks to queue
[2025-06-12T10:38:51.565+0200] {logging_mixin.py:190} INFO - [2025-06-12T10:38:51.565+0200] {dagbag.py:588} INFO - Filling up the DagBag from /Users/gordanaristova/MyProjects/MyRpaProject/venv/lib/python3.10/site-packages/airflow/example_dags/tutorial.py
[2025-06-12T10:38:51.567+0200] {processor.py:925} INFO - DAG(s) 'tutorial' retrieved from /Users/gordanaristova/MyProjects/MyRpaProject/venv/lib/python3.10/site-packages/airflow/example_dags/tutorial.py
[2025-06-12T10:38:51.595+0200] {logging_mixin.py:190} INFO - [2025-06-12T10:38:51.594+0200] {dag.py:3239} INFO - Sync 1 DAGs
[2025-06-12T10:38:51.599+0200] {logging_mixin.py:190} INFO - [2025-06-12T10:38:51.599+0200] {dag.py:4180} INFO - Setting next_dagrun for tutorial to 2025-06-11 00:00:00+00:00, run_after=2025-06-12 00:00:00+00:00
[2025-06-12T10:38:51.604+0200] {processor.py:208} INFO - Processing /Users/gordanaristova/MyProjects/MyRpaProject/venv/lib/python3.10/site-packages/airflow/example_dags/tutorial.py took 0.041 seconds
[2025-06-12T10:39:44.378+0200] {processor.py:186} INFO - Started process (PID=8575) to work on /Users/gordanaristova/MyProjects/MyRpaProject/venv/lib/python3.10/site-packages/airflow/example_dags/tutorial.py
[2025-06-12T10:39:44.378+0200] {processor.py:914} INFO - Processing file /Users/gordanaristova/MyProjects/MyRpaProject/venv/lib/python3.10/site-packages/airflow/example_dags/tutorial.py for tasks to queue
[2025-06-12T10:39:44.378+0200] {logging_mixin.py:190} INFO - [2025-06-12T10:39:44.378+0200] {dagbag.py:588} INFO - Filling up the DagBag from /Users/gordanaristova/MyProjects/MyRpaProject/venv/lib/python3.10/site-packages/airflow/example_dags/tutorial.py
[2025-06-12T10:39:44.380+0200] {processor.py:925} INFO - DAG(s) 'tutorial' retrieved from /Users/gordanaristova/MyProjects/MyRpaProject/venv/lib/python3.10/site-packages/airflow/example_dags/tutorial.py
[2025-06-12T10:39:44.409+0200] {logging_mixin.py:190} INFO - [2025-06-12T10:39:44.409+0200] {dag.py:3239} INFO - Sync 1 DAGs
[2025-06-12T10:39:44.414+0200] {logging_mixin.py:190} INFO - [2025-06-12T10:39:44.414+0200] {dag.py:4180} INFO - Setting next_dagrun for tutorial to 2025-06-11 00:00:00+00:00, run_after=2025-06-12 00:00:00+00:00
[2025-06-12T10:39:44.418+0200] {processor.py:208} INFO - Processing /Users/gordanaristova/MyProjects/MyRpaProject/venv/lib/python3.10/site-packages/airflow/example_dags/tutorial.py took 0.042 seconds
[2025-06-12T10:40:35.142+0200] {processor.py:186} INFO - Started process (PID=8615) to work on /Users/gordanaristova/MyProjects/MyRpaProject/venv/lib/python3.10/site-packages/airflow/example_dags/tutorial.py
[2025-06-12T10:40:35.142+0200] {processor.py:914} INFO - Processing file /Users/gordanaristova/MyProjects/MyRpaProject/venv/lib/python3.10/site-packages/airflow/example_dags/tutorial.py for tasks to queue
[2025-06-12T10:40:35.142+0200] {logging_mixin.py:190} INFO - [2025-06-12T10:40:35.142+0200] {dagbag.py:588} INFO - Filling up the DagBag from /Users/gordanaristova/MyProjects/MyRpaProject/venv/lib/python3.10/site-packages/airflow/example_dags/tutorial.py
[2025-06-12T10:40:35.144+0200] {processor.py:925} INFO - DAG(s) 'tutorial' retrieved from /Users/gordanaristova/MyProjects/MyRpaProject/venv/lib/python3.10/site-packages/airflow/example_dags/tutorial.py
[2025-06-12T10:40:35.172+0200] {logging_mixin.py:190} INFO - [2025-06-12T10:40:35.172+0200] {dag.py:3239} INFO - Sync 1 DAGs
[2025-06-12T10:40:35.177+0200] {logging_mixin.py:190} INFO - [2025-06-12T10:40:35.177+0200] {dag.py:4180} INFO - Setting next_dagrun for tutorial to 2025-06-11 00:00:00+00:00, run_after=2025-06-12 00:00:00+00:00
[2025-06-12T10:40:35.181+0200] {processor.py:208} INFO - Processing /Users/gordanaristova/MyProjects/MyRpaProject/venv/lib/python3.10/site-packages/airflow/example_dags/tutorial.py took 0.040 seconds
[2025-06-12T10:41:26.446+0200] {processor.py:186} INFO - Started process (PID=8665) to work on /Users/gordanaristova/MyProjects/MyRpaProject/venv/lib/python3.10/site-packages/airflow/example_dags/tutorial.py
[2025-06-12T10:41:26.447+0200] {processor.py:914} INFO - Processing file /Users/gordanaristova/MyProjects/MyRpaProject/venv/lib/python3.10/site-packages/airflow/example_dags/tutorial.py for tasks to queue
[2025-06-12T10:41:26.448+0200] {logging_mixin.py:190} INFO - [2025-06-12T10:41:26.448+0200] {dagbag.py:588} INFO - Filling up the DagBag from /Users/gordanaristova/MyProjects/MyRpaProject/venv/lib/python3.10/site-packages/airflow/example_dags/tutorial.py
[2025-06-12T10:41:26.450+0200] {processor.py:925} INFO - DAG(s) 'tutorial' retrieved from /Users/gordanaristova/MyProjects/MyRpaProject/venv/lib/python3.10/site-packages/airflow/example_dags/tutorial.py
[2025-06-12T10:41:26.478+0200] {logging_mixin.py:190} INFO - [2025-06-12T10:41:26.478+0200] {dag.py:3239} INFO - Sync 1 DAGs
[2025-06-12T10:41:26.483+0200] {logging_mixin.py:190} INFO - [2025-06-12T10:41:26.483+0200] {dag.py:4180} INFO - Setting next_dagrun for tutorial to 2025-06-11 00:00:00+00:00, run_after=2025-06-12 00:00:00+00:00
[2025-06-12T10:41:26.488+0200] {processor.py:208} INFO - Processing /Users/gordanaristova/MyProjects/MyRpaProject/venv/lib/python3.10/site-packages/airflow/example_dags/tutorial.py took 0.043 seconds
[2025-06-12T10:42:20.369+0200] {processor.py:186} INFO - Started process (PID=8704) to work on /Users/gordanaristova/MyProjects/MyRpaProject/venv/lib/python3.10/site-packages/airflow/example_dags/tutorial.py
[2025-06-12T10:42:20.369+0200] {processor.py:914} INFO - Processing file /Users/gordanaristova/MyProjects/MyRpaProject/venv/lib/python3.10/site-packages/airflow/example_dags/tutorial.py for tasks to queue
[2025-06-12T10:42:20.370+0200] {logging_mixin.py:190} INFO - [2025-06-12T10:42:20.370+0200] {dagbag.py:588} INFO - Filling up the DagBag from /Users/gordanaristova/MyProjects/MyRpaProject/venv/lib/python3.10/site-packages/airflow/example_dags/tutorial.py
[2025-06-12T10:42:20.372+0200] {processor.py:925} INFO - DAG(s) 'tutorial' retrieved from /Users/gordanaristova/MyProjects/MyRpaProject/venv/lib/python3.10/site-packages/airflow/example_dags/tutorial.py
[2025-06-12T10:42:20.400+0200] {logging_mixin.py:190} INFO - [2025-06-12T10:42:20.400+0200] {dag.py:3239} INFO - Sync 1 DAGs
[2025-06-12T10:42:20.405+0200] {logging_mixin.py:190} INFO - [2025-06-12T10:42:20.405+0200] {dag.py:4180} INFO - Setting next_dagrun for tutorial to 2025-06-11 00:00:00+00:00, run_after=2025-06-12 00:00:00+00:00
[2025-06-12T10:42:20.410+0200] {processor.py:208} INFO - Processing /Users/gordanaristova/MyProjects/MyRpaProject/venv/lib/python3.10/site-packages/airflow/example_dags/tutorial.py took 0.041 seconds
[2025-06-12T10:43:14.211+0200] {processor.py:186} INFO - Started process (PID=8755) to work on /Users/gordanaristova/MyProjects/MyRpaProject/venv/lib/python3.10/site-packages/airflow/example_dags/tutorial.py
[2025-06-12T10:43:14.212+0200] {processor.py:914} INFO - Processing file /Users/gordanaristova/MyProjects/MyRpaProject/venv/lib/python3.10/site-packages/airflow/example_dags/tutorial.py for tasks to queue
[2025-06-12T10:43:14.212+0200] {logging_mixin.py:190} INFO - [2025-06-12T10:43:14.212+0200] {dagbag.py:588} INFO - Filling up the DagBag from /Users/gordanaristova/MyProjects/MyRpaProject/venv/lib/python3.10/site-packages/airflow/example_dags/tutorial.py
[2025-06-12T10:43:14.215+0200] {processor.py:925} INFO - DAG(s) 'tutorial' retrieved from /Users/gordanaristova/MyProjects/MyRpaProject/venv/lib/python3.10/site-packages/airflow/example_dags/tutorial.py
[2025-06-12T10:43:14.243+0200] {logging_mixin.py:190} INFO - [2025-06-12T10:43:14.243+0200] {dag.py:3239} INFO - Sync 1 DAGs
[2025-06-12T10:43:14.248+0200] {logging_mixin.py:190} INFO - [2025-06-12T10:43:14.248+0200] {dag.py:4180} INFO - Setting next_dagrun for tutorial to 2025-06-11 00:00:00+00:00, run_after=2025-06-12 00:00:00+00:00
[2025-06-12T10:43:14.253+0200] {processor.py:208} INFO - Processing /Users/gordanaristova/MyProjects/MyRpaProject/venv/lib/python3.10/site-packages/airflow/example_dags/tutorial.py took 0.042 seconds
[2025-06-12T10:44:07.525+0200] {processor.py:186} INFO - Started process (PID=8858) to work on /Users/gordanaristova/MyProjects/MyRpaProject/venv/lib/python3.10/site-packages/airflow/example_dags/tutorial.py
[2025-06-12T10:44:07.526+0200] {processor.py:914} INFO - Processing file /Users/gordanaristova/MyProjects/MyRpaProject/venv/lib/python3.10/site-packages/airflow/example_dags/tutorial.py for tasks to queue
[2025-06-12T10:44:07.526+0200] {logging_mixin.py:190} INFO - [2025-06-12T10:44:07.526+0200] {dagbag.py:588} INFO - Filling up the DagBag from /Users/gordanaristova/MyProjects/MyRpaProject/venv/lib/python3.10/site-packages/airflow/example_dags/tutorial.py
[2025-06-12T10:44:07.528+0200] {processor.py:925} INFO - DAG(s) 'tutorial' retrieved from /Users/gordanaristova/MyProjects/MyRpaProject/venv/lib/python3.10/site-packages/airflow/example_dags/tutorial.py
[2025-06-12T10:44:07.556+0200] {logging_mixin.py:190} INFO - [2025-06-12T10:44:07.556+0200] {dag.py:3239} INFO - Sync 1 DAGs
[2025-06-12T10:44:07.562+0200] {logging_mixin.py:190} INFO - [2025-06-12T10:44:07.562+0200] {dag.py:4180} INFO - Setting next_dagrun for tutorial to 2025-06-11 00:00:00+00:00, run_after=2025-06-12 00:00:00+00:00
[2025-06-12T10:44:07.566+0200] {processor.py:208} INFO - Processing /Users/gordanaristova/MyProjects/MyRpaProject/venv/lib/python3.10/site-packages/airflow/example_dags/tutorial.py took 0.042 seconds
[2025-06-12T10:45:00.559+0200] {processor.py:186} INFO - Started process (PID=8898) to work on /Users/gordanaristova/MyProjects/MyRpaProject/venv/lib/python3.10/site-packages/airflow/example_dags/tutorial.py
[2025-06-12T10:45:00.560+0200] {processor.py:914} INFO - Processing file /Users/gordanaristova/MyProjects/MyRpaProject/venv/lib/python3.10/site-packages/airflow/example_dags/tutorial.py for tasks to queue
[2025-06-12T10:45:00.561+0200] {logging_mixin.py:190} INFO - [2025-06-12T10:45:00.561+0200] {dagbag.py:588} INFO - Filling up the DagBag from /Users/gordanaristova/MyProjects/MyRpaProject/venv/lib/python3.10/site-packages/airflow/example_dags/tutorial.py
[2025-06-12T10:45:00.563+0200] {processor.py:925} INFO - DAG(s) 'tutorial' retrieved from /Users/gordanaristova/MyProjects/MyRpaProject/venv/lib/python3.10/site-packages/airflow/example_dags/tutorial.py
[2025-06-12T10:45:00.593+0200] {logging_mixin.py:190} INFO - [2025-06-12T10:45:00.593+0200] {dag.py:3239} INFO - Sync 1 DAGs
[2025-06-12T10:45:00.599+0200] {logging_mixin.py:190} INFO - [2025-06-12T10:45:00.598+0200] {dag.py:4180} INFO - Setting next_dagrun for tutorial to 2025-06-11 00:00:00+00:00, run_after=2025-06-12 00:00:00+00:00
[2025-06-12T10:45:00.603+0200] {processor.py:208} INFO - Processing /Users/gordanaristova/MyProjects/MyRpaProject/venv/lib/python3.10/site-packages/airflow/example_dags/tutorial.py took 0.045 seconds
[2025-06-12T10:45:53.556+0200] {processor.py:186} INFO - Started process (PID=8942) to work on /Users/gordanaristova/MyProjects/MyRpaProject/venv/lib/python3.10/site-packages/airflow/example_dags/tutorial.py
[2025-06-12T10:45:53.556+0200] {processor.py:914} INFO - Processing file /Users/gordanaristova/MyProjects/MyRpaProject/venv/lib/python3.10/site-packages/airflow/example_dags/tutorial.py for tasks to queue
[2025-06-12T10:45:53.556+0200] {logging_mixin.py:190} INFO - [2025-06-12T10:45:53.556+0200] {dagbag.py:588} INFO - Filling up the DagBag from /Users/gordanaristova/MyProjects/MyRpaProject/venv/lib/python3.10/site-packages/airflow/example_dags/tutorial.py
[2025-06-12T10:45:53.558+0200] {processor.py:925} INFO - DAG(s) 'tutorial' retrieved from /Users/gordanaristova/MyProjects/MyRpaProject/venv/lib/python3.10/site-packages/airflow/example_dags/tutorial.py
[2025-06-12T10:45:53.589+0200] {logging_mixin.py:190} INFO - [2025-06-12T10:45:53.589+0200] {dag.py:3239} INFO - Sync 1 DAGs
[2025-06-12T10:45:53.595+0200] {logging_mixin.py:190} INFO - [2025-06-12T10:45:53.595+0200] {dag.py:4180} INFO - Setting next_dagrun for tutorial to 2025-06-11 00:00:00+00:00, run_after=2025-06-12 00:00:00+00:00
[2025-06-12T10:45:53.600+0200] {processor.py:208} INFO - Processing /Users/gordanaristova/MyProjects/MyRpaProject/venv/lib/python3.10/site-packages/airflow/example_dags/tutorial.py took 0.045 seconds
[2025-06-12T10:46:45.218+0200] {processor.py:186} INFO - Started process (PID=9005) to work on /Users/gordanaristova/MyProjects/MyRpaProject/venv/lib/python3.10/site-packages/airflow/example_dags/tutorial.py
[2025-06-12T10:46:45.219+0200] {processor.py:914} INFO - Processing file /Users/gordanaristova/MyProjects/MyRpaProject/venv/lib/python3.10/site-packages/airflow/example_dags/tutorial.py for tasks to queue
[2025-06-12T10:46:45.219+0200] {logging_mixin.py:190} INFO - [2025-06-12T10:46:45.219+0200] {dagbag.py:588} INFO - Filling up the DagBag from /Users/gordanaristova/MyProjects/MyRpaProject/venv/lib/python3.10/site-packages/airflow/example_dags/tutorial.py
[2025-06-12T10:46:45.221+0200] {processor.py:925} INFO - DAG(s) 'tutorial' retrieved from /Users/gordanaristova/MyProjects/MyRpaProject/venv/lib/python3.10/site-packages/airflow/example_dags/tutorial.py
[2025-06-12T10:46:45.250+0200] {logging_mixin.py:190} INFO - [2025-06-12T10:46:45.250+0200] {dag.py:3239} INFO - Sync 1 DAGs
[2025-06-12T10:46:45.256+0200] {logging_mixin.py:190} INFO - [2025-06-12T10:46:45.256+0200] {dag.py:4180} INFO - Setting next_dagrun for tutorial to 2025-06-11 00:00:00+00:00, run_after=2025-06-12 00:00:00+00:00
[2025-06-12T10:46:45.260+0200] {processor.py:208} INFO - Processing /Users/gordanaristova/MyProjects/MyRpaProject/venv/lib/python3.10/site-packages/airflow/example_dags/tutorial.py took 0.043 seconds
[2025-06-12T10:47:43.877+0200] {processor.py:186} INFO - Started process (PID=9076) to work on /Users/gordanaristova/MyProjects/MyRpaProject/venv/lib/python3.10/site-packages/airflow/example_dags/tutorial.py
[2025-06-12T10:47:43.878+0200] {processor.py:914} INFO - Processing file /Users/gordanaristova/MyProjects/MyRpaProject/venv/lib/python3.10/site-packages/airflow/example_dags/tutorial.py for tasks to queue
[2025-06-12T10:47:43.879+0200] {logging_mixin.py:190} INFO - [2025-06-12T10:47:43.879+0200] {dagbag.py:588} INFO - Filling up the DagBag from /Users/gordanaristova/MyProjects/MyRpaProject/venv/lib/python3.10/site-packages/airflow/example_dags/tutorial.py
[2025-06-12T10:47:43.881+0200] {processor.py:925} INFO - DAG(s) 'tutorial' retrieved from /Users/gordanaristova/MyProjects/MyRpaProject/venv/lib/python3.10/site-packages/airflow/example_dags/tutorial.py
[2025-06-12T10:47:43.910+0200] {logging_mixin.py:190} INFO - [2025-06-12T10:47:43.910+0200] {dag.py:3239} INFO - Sync 1 DAGs
[2025-06-12T10:47:43.915+0200] {logging_mixin.py:190} INFO - [2025-06-12T10:47:43.915+0200] {dag.py:4180} INFO - Setting next_dagrun for tutorial to 2025-06-11 00:00:00+00:00, run_after=2025-06-12 00:00:00+00:00
[2025-06-12T10:47:43.919+0200] {processor.py:208} INFO - Processing /Users/gordanaristova/MyProjects/MyRpaProject/venv/lib/python3.10/site-packages/airflow/example_dags/tutorial.py took 0.043 seconds
[2025-06-12T10:48:38.265+0200] {processor.py:186} INFO - Started process (PID=9158) to work on /Users/gordanaristova/MyProjects/MyRpaProject/venv/lib/python3.10/site-packages/airflow/example_dags/tutorial.py
[2025-06-12T10:48:38.266+0200] {processor.py:914} INFO - Processing file /Users/gordanaristova/MyProjects/MyRpaProject/venv/lib/python3.10/site-packages/airflow/example_dags/tutorial.py for tasks to queue
[2025-06-12T10:48:38.266+0200] {logging_mixin.py:190} INFO - [2025-06-12T10:48:38.266+0200] {dagbag.py:588} INFO - Filling up the DagBag from /Users/gordanaristova/MyProjects/MyRpaProject/venv/lib/python3.10/site-packages/airflow/example_dags/tutorial.py
[2025-06-12T10:48:38.268+0200] {processor.py:925} INFO - DAG(s) 'tutorial' retrieved from /Users/gordanaristova/MyProjects/MyRpaProject/venv/lib/python3.10/site-packages/airflow/example_dags/tutorial.py
[2025-06-12T10:48:38.297+0200] {logging_mixin.py:190} INFO - [2025-06-12T10:48:38.297+0200] {dag.py:3239} INFO - Sync 1 DAGs
[2025-06-12T10:48:38.302+0200] {logging_mixin.py:190} INFO - [2025-06-12T10:48:38.302+0200] {dag.py:4180} INFO - Setting next_dagrun for tutorial to 2025-06-11 00:00:00+00:00, run_after=2025-06-12 00:00:00+00:00
[2025-06-12T10:48:38.306+0200] {processor.py:208} INFO - Processing /Users/gordanaristova/MyProjects/MyRpaProject/venv/lib/python3.10/site-packages/airflow/example_dags/tutorial.py took 0.042 seconds
[2025-06-12T10:49:32.380+0200] {processor.py:186} INFO - Started process (PID=9211) to work on /Users/gordanaristova/MyProjects/MyRpaProject/venv/lib/python3.10/site-packages/airflow/example_dags/tutorial.py
[2025-06-12T10:49:32.382+0200] {processor.py:914} INFO - Processing file /Users/gordanaristova/MyProjects/MyRpaProject/venv/lib/python3.10/site-packages/airflow/example_dags/tutorial.py for tasks to queue
[2025-06-12T10:49:32.382+0200] {logging_mixin.py:190} INFO - [2025-06-12T10:49:32.382+0200] {dagbag.py:588} INFO - Filling up the DagBag from /Users/gordanaristova/MyProjects/MyRpaProject/venv/lib/python3.10/site-packages/airflow/example_dags/tutorial.py
[2025-06-12T10:49:32.384+0200] {processor.py:925} INFO - DAG(s) 'tutorial' retrieved from /Users/gordanaristova/MyProjects/MyRpaProject/venv/lib/python3.10/site-packages/airflow/example_dags/tutorial.py
[2025-06-12T10:49:32.412+0200] {logging_mixin.py:190} INFO - [2025-06-12T10:49:32.411+0200] {dag.py:3239} INFO - Sync 1 DAGs
[2025-06-12T10:49:32.416+0200] {logging_mixin.py:190} INFO - [2025-06-12T10:49:32.416+0200] {dag.py:4180} INFO - Setting next_dagrun for tutorial to 2025-06-11 00:00:00+00:00, run_after=2025-06-12 00:00:00+00:00
[2025-06-12T10:49:32.421+0200] {processor.py:208} INFO - Processing /Users/gordanaristova/MyProjects/MyRpaProject/venv/lib/python3.10/site-packages/airflow/example_dags/tutorial.py took 0.041 seconds
[2025-06-12T10:56:40.866+0200] {processor.py:186} INFO - Started process (PID=9417) to work on /Users/gordanaristova/MyProjects/MyRpaProject/venv/lib/python3.10/site-packages/airflow/example_dags/tutorial.py
[2025-06-12T10:56:40.867+0200] {processor.py:914} INFO - Processing file /Users/gordanaristova/MyProjects/MyRpaProject/venv/lib/python3.10/site-packages/airflow/example_dags/tutorial.py for tasks to queue
[2025-06-12T10:56:40.867+0200] {logging_mixin.py:190} INFO - [2025-06-12T10:56:40.867+0200] {dagbag.py:588} INFO - Filling up the DagBag from /Users/gordanaristova/MyProjects/MyRpaProject/venv/lib/python3.10/site-packages/airflow/example_dags/tutorial.py
[2025-06-12T10:56:40.870+0200] {processor.py:925} INFO - DAG(s) 'tutorial' retrieved from /Users/gordanaristova/MyProjects/MyRpaProject/venv/lib/python3.10/site-packages/airflow/example_dags/tutorial.py
[2025-06-12T10:56:40.900+0200] {logging_mixin.py:190} INFO - [2025-06-12T10:56:40.900+0200] {dag.py:3239} INFO - Sync 1 DAGs
[2025-06-12T10:56:40.907+0200] {logging_mixin.py:190} INFO - [2025-06-12T10:56:40.907+0200] {dag.py:4180} INFO - Setting next_dagrun for tutorial to 2025-06-11 00:00:00+00:00, run_after=2025-06-12 00:00:00+00:00
[2025-06-12T10:56:40.912+0200] {processor.py:208} INFO - Processing /Users/gordanaristova/MyProjects/MyRpaProject/venv/lib/python3.10/site-packages/airflow/example_dags/tutorial.py took 0.047 seconds
[2025-06-12T10:58:08.209+0200] {processor.py:186} INFO - Started process (PID=9515) to work on /Users/gordanaristova/MyProjects/MyRpaProject/venv/lib/python3.10/site-packages/airflow/example_dags/tutorial.py
[2025-06-12T10:58:08.210+0200] {processor.py:914} INFO - Processing file /Users/gordanaristova/MyProjects/MyRpaProject/venv/lib/python3.10/site-packages/airflow/example_dags/tutorial.py for tasks to queue
[2025-06-12T10:58:08.210+0200] {logging_mixin.py:190} INFO - [2025-06-12T10:58:08.210+0200] {dagbag.py:588} INFO - Filling up the DagBag from /Users/gordanaristova/MyProjects/MyRpaProject/venv/lib/python3.10/site-packages/airflow/example_dags/tutorial.py
[2025-06-12T10:58:08.212+0200] {processor.py:925} INFO - DAG(s) 'tutorial' retrieved from /Users/gordanaristova/MyProjects/MyRpaProject/venv/lib/python3.10/site-packages/airflow/example_dags/tutorial.py
[2025-06-12T10:58:08.241+0200] {logging_mixin.py:190} INFO - [2025-06-12T10:58:08.241+0200] {dag.py:3239} INFO - Sync 1 DAGs
[2025-06-12T10:58:08.246+0200] {logging_mixin.py:190} INFO - [2025-06-12T10:58:08.246+0200] {dag.py:4180} INFO - Setting next_dagrun for tutorial to 2025-06-11 00:00:00+00:00, run_after=2025-06-12 00:00:00+00:00
[2025-06-12T10:58:08.251+0200] {processor.py:208} INFO - Processing /Users/gordanaristova/MyProjects/MyRpaProject/venv/lib/python3.10/site-packages/airflow/example_dags/tutorial.py took 0.043 seconds
[2025-06-12T11:11:26.844+0200] {processor.py:186} INFO - Started process (PID=9733) to work on /Users/gordanaristova/MyProjects/MyRpaProject/venv/lib/python3.10/site-packages/airflow/example_dags/tutorial.py
[2025-06-12T11:11:26.844+0200] {processor.py:914} INFO - Processing file /Users/gordanaristova/MyProjects/MyRpaProject/venv/lib/python3.10/site-packages/airflow/example_dags/tutorial.py for tasks to queue
[2025-06-12T11:11:26.845+0200] {logging_mixin.py:190} INFO - [2025-06-12T11:11:26.845+0200] {dagbag.py:588} INFO - Filling up the DagBag from /Users/gordanaristova/MyProjects/MyRpaProject/venv/lib/python3.10/site-packages/airflow/example_dags/tutorial.py
[2025-06-12T11:11:26.847+0200] {processor.py:925} INFO - DAG(s) 'tutorial' retrieved from /Users/gordanaristova/MyProjects/MyRpaProject/venv/lib/python3.10/site-packages/airflow/example_dags/tutorial.py
[2025-06-12T11:11:26.874+0200] {logging_mixin.py:190} INFO - [2025-06-12T11:11:26.873+0200] {dag.py:3239} INFO - Sync 1 DAGs
[2025-06-12T11:11:26.879+0200] {logging_mixin.py:190} INFO - [2025-06-12T11:11:26.878+0200] {dag.py:4180} INFO - Setting next_dagrun for tutorial to 2025-06-11 00:00:00+00:00, run_after=2025-06-12 00:00:00+00:00
[2025-06-12T11:11:26.883+0200] {processor.py:208} INFO - Processing /Users/gordanaristova/MyProjects/MyRpaProject/venv/lib/python3.10/site-packages/airflow/example_dags/tutorial.py took 0.040 seconds
[2025-06-12T11:12:52.829+0200] {processor.py:186} INFO - Started process (PID=9823) to work on /Users/gordanaristova/MyProjects/MyRpaProject/venv/lib/python3.10/site-packages/airflow/example_dags/tutorial.py
[2025-06-12T11:12:52.829+0200] {processor.py:914} INFO - Processing file /Users/gordanaristova/MyProjects/MyRpaProject/venv/lib/python3.10/site-packages/airflow/example_dags/tutorial.py for tasks to queue
[2025-06-12T11:12:52.829+0200] {logging_mixin.py:190} INFO - [2025-06-12T11:12:52.829+0200] {dagbag.py:588} INFO - Filling up the DagBag from /Users/gordanaristova/MyProjects/MyRpaProject/venv/lib/python3.10/site-packages/airflow/example_dags/tutorial.py
[2025-06-12T11:12:52.831+0200] {processor.py:925} INFO - DAG(s) 'tutorial' retrieved from /Users/gordanaristova/MyProjects/MyRpaProject/venv/lib/python3.10/site-packages/airflow/example_dags/tutorial.py
[2025-06-12T11:12:52.863+0200] {logging_mixin.py:190} INFO - [2025-06-12T11:12:52.862+0200] {dag.py:3239} INFO - Sync 1 DAGs
[2025-06-12T11:12:52.868+0200] {logging_mixin.py:190} INFO - [2025-06-12T11:12:52.868+0200] {dag.py:4180} INFO - Setting next_dagrun for tutorial to 2025-06-11 00:00:00+00:00, run_after=2025-06-12 00:00:00+00:00
[2025-06-12T11:12:52.873+0200] {processor.py:208} INFO - Processing /Users/gordanaristova/MyProjects/MyRpaProject/venv/lib/python3.10/site-packages/airflow/example_dags/tutorial.py took 0.045 seconds
[2025-06-12T11:21:32.744+0200] {processor.py:186} INFO - Started process (PID=10026) to work on /Users/gordanaristova/MyProjects/MyRpaProject/venv/lib/python3.10/site-packages/airflow/example_dags/tutorial.py
[2025-06-12T11:21:32.745+0200] {processor.py:914} INFO - Processing file /Users/gordanaristova/MyProjects/MyRpaProject/venv/lib/python3.10/site-packages/airflow/example_dags/tutorial.py for tasks to queue
[2025-06-12T11:21:32.745+0200] {logging_mixin.py:190} INFO - [2025-06-12T11:21:32.745+0200] {dagbag.py:588} INFO - Filling up the DagBag from /Users/gordanaristova/MyProjects/MyRpaProject/venv/lib/python3.10/site-packages/airflow/example_dags/tutorial.py
[2025-06-12T11:21:32.748+0200] {processor.py:925} INFO - DAG(s) 'tutorial' retrieved from /Users/gordanaristova/MyProjects/MyRpaProject/venv/lib/python3.10/site-packages/airflow/example_dags/tutorial.py
[2025-06-12T11:21:32.776+0200] {logging_mixin.py:190} INFO - [2025-06-12T11:21:32.775+0200] {dag.py:3239} INFO - Sync 1 DAGs
[2025-06-12T11:21:32.781+0200] {logging_mixin.py:190} INFO - [2025-06-12T11:21:32.781+0200] {dag.py:4180} INFO - Setting next_dagrun for tutorial to 2025-06-11 00:00:00+00:00, run_after=2025-06-12 00:00:00+00:00
[2025-06-12T11:21:32.785+0200] {processor.py:208} INFO - Processing /Users/gordanaristova/MyProjects/MyRpaProject/venv/lib/python3.10/site-packages/airflow/example_dags/tutorial.py took 0.042 seconds
[2025-06-12T11:22:57.625+0200] {processor.py:186} INFO - Started process (PID=10112) to work on /Users/gordanaristova/MyProjects/MyRpaProject/venv/lib/python3.10/site-packages/airflow/example_dags/tutorial.py
[2025-06-12T11:22:57.625+0200] {processor.py:914} INFO - Processing file /Users/gordanaristova/MyProjects/MyRpaProject/venv/lib/python3.10/site-packages/airflow/example_dags/tutorial.py for tasks to queue
[2025-06-12T11:22:57.625+0200] {logging_mixin.py:190} INFO - [2025-06-12T11:22:57.625+0200] {dagbag.py:588} INFO - Filling up the DagBag from /Users/gordanaristova/MyProjects/MyRpaProject/venv/lib/python3.10/site-packages/airflow/example_dags/tutorial.py
[2025-06-12T11:22:57.628+0200] {processor.py:925} INFO - DAG(s) 'tutorial' retrieved from /Users/gordanaristova/MyProjects/MyRpaProject/venv/lib/python3.10/site-packages/airflow/example_dags/tutorial.py
[2025-06-12T11:22:57.658+0200] {logging_mixin.py:190} INFO - [2025-06-12T11:22:57.657+0200] {dag.py:3239} INFO - Sync 1 DAGs
[2025-06-12T11:22:57.664+0200] {logging_mixin.py:190} INFO - [2025-06-12T11:22:57.664+0200] {dag.py:4180} INFO - Setting next_dagrun for tutorial to 2025-06-11 00:00:00+00:00, run_after=2025-06-12 00:00:00+00:00
[2025-06-12T11:22:57.670+0200] {processor.py:208} INFO - Processing /Users/gordanaristova/MyProjects/MyRpaProject/venv/lib/python3.10/site-packages/airflow/example_dags/tutorial.py took 0.046 seconds
[2025-06-12T11:23:53.910+0200] {processor.py:186} INFO - Started process (PID=10169) to work on /Users/gordanaristova/MyProjects/MyRpaProject/venv/lib/python3.10/site-packages/airflow/example_dags/tutorial.py
[2025-06-12T11:23:53.911+0200] {processor.py:914} INFO - Processing file /Users/gordanaristova/MyProjects/MyRpaProject/venv/lib/python3.10/site-packages/airflow/example_dags/tutorial.py for tasks to queue
[2025-06-12T11:23:53.912+0200] {logging_mixin.py:190} INFO - [2025-06-12T11:23:53.912+0200] {dagbag.py:588} INFO - Filling up the DagBag from /Users/gordanaristova/MyProjects/MyRpaProject/venv/lib/python3.10/site-packages/airflow/example_dags/tutorial.py
[2025-06-12T11:23:53.914+0200] {processor.py:925} INFO - DAG(s) 'tutorial' retrieved from /Users/gordanaristova/MyProjects/MyRpaProject/venv/lib/python3.10/site-packages/airflow/example_dags/tutorial.py
[2025-06-12T11:23:53.942+0200] {logging_mixin.py:190} INFO - [2025-06-12T11:23:53.942+0200] {dag.py:3239} INFO - Sync 1 DAGs
[2025-06-12T11:23:53.947+0200] {logging_mixin.py:190} INFO - [2025-06-12T11:23:53.947+0200] {dag.py:4180} INFO - Setting next_dagrun for tutorial to 2025-06-11 00:00:00+00:00, run_after=2025-06-12 00:00:00+00:00
[2025-06-12T11:23:53.951+0200] {processor.py:208} INFO - Processing /Users/gordanaristova/MyProjects/MyRpaProject/venv/lib/python3.10/site-packages/airflow/example_dags/tutorial.py took 0.042 seconds
[2025-06-12T11:40:48.617+0200] {processor.py:186} INFO - Started process (PID=10394) to work on /Users/gordanaristova/MyProjects/MyRpaProject/venv/lib/python3.10/site-packages/airflow/example_dags/tutorial.py
[2025-06-12T11:40:48.618+0200] {processor.py:914} INFO - Processing file /Users/gordanaristova/MyProjects/MyRpaProject/venv/lib/python3.10/site-packages/airflow/example_dags/tutorial.py for tasks to queue
[2025-06-12T11:40:48.618+0200] {logging_mixin.py:190} INFO - [2025-06-12T11:40:48.618+0200] {dagbag.py:588} INFO - Filling up the DagBag from /Users/gordanaristova/MyProjects/MyRpaProject/venv/lib/python3.10/site-packages/airflow/example_dags/tutorial.py
[2025-06-12T11:40:48.621+0200] {processor.py:925} INFO - DAG(s) 'tutorial' retrieved from /Users/gordanaristova/MyProjects/MyRpaProject/venv/lib/python3.10/site-packages/airflow/example_dags/tutorial.py
[2025-06-12T11:40:48.648+0200] {logging_mixin.py:190} INFO - [2025-06-12T11:40:48.648+0200] {dag.py:3239} INFO - Sync 1 DAGs
[2025-06-12T11:40:48.654+0200] {logging_mixin.py:190} INFO - [2025-06-12T11:40:48.654+0200] {dag.py:4180} INFO - Setting next_dagrun for tutorial to 2025-06-11 00:00:00+00:00, run_after=2025-06-12 00:00:00+00:00
[2025-06-12T11:40:48.659+0200] {processor.py:208} INFO - Processing /Users/gordanaristova/MyProjects/MyRpaProject/venv/lib/python3.10/site-packages/airflow/example_dags/tutorial.py took 0.043 seconds
[2025-06-12T11:42:12.368+0200] {processor.py:186} INFO - Started process (PID=10476) to work on /Users/gordanaristova/MyProjects/MyRpaProject/venv/lib/python3.10/site-packages/airflow/example_dags/tutorial.py
[2025-06-12T11:42:12.369+0200] {processor.py:914} INFO - Processing file /Users/gordanaristova/MyProjects/MyRpaProject/venv/lib/python3.10/site-packages/airflow/example_dags/tutorial.py for tasks to queue
[2025-06-12T11:42:12.369+0200] {logging_mixin.py:190} INFO - [2025-06-12T11:42:12.369+0200] {dagbag.py:588} INFO - Filling up the DagBag from /Users/gordanaristova/MyProjects/MyRpaProject/venv/lib/python3.10/site-packages/airflow/example_dags/tutorial.py
[2025-06-12T11:42:12.371+0200] {processor.py:925} INFO - DAG(s) 'tutorial' retrieved from /Users/gordanaristova/MyProjects/MyRpaProject/venv/lib/python3.10/site-packages/airflow/example_dags/tutorial.py
[2025-06-12T11:42:12.399+0200] {logging_mixin.py:190} INFO - [2025-06-12T11:42:12.399+0200] {dag.py:3239} INFO - Sync 1 DAGs
[2025-06-12T11:42:12.404+0200] {logging_mixin.py:190} INFO - [2025-06-12T11:42:12.404+0200] {dag.py:4180} INFO - Setting next_dagrun for tutorial to 2025-06-11 00:00:00+00:00, run_after=2025-06-12 00:00:00+00:00
[2025-06-12T11:42:12.408+0200] {processor.py:208} INFO - Processing /Users/gordanaristova/MyProjects/MyRpaProject/venv/lib/python3.10/site-packages/airflow/example_dags/tutorial.py took 0.041 seconds
[2025-06-12T11:49:35.106+0200] {processor.py:186} INFO - Started process (PID=10617) to work on /Users/gordanaristova/MyProjects/MyRpaProject/venv/lib/python3.10/site-packages/airflow/example_dags/tutorial.py
[2025-06-12T11:49:35.107+0200] {processor.py:914} INFO - Processing file /Users/gordanaristova/MyProjects/MyRpaProject/venv/lib/python3.10/site-packages/airflow/example_dags/tutorial.py for tasks to queue
[2025-06-12T11:49:35.107+0200] {logging_mixin.py:190} INFO - [2025-06-12T11:49:35.107+0200] {dagbag.py:588} INFO - Filling up the DagBag from /Users/gordanaristova/MyProjects/MyRpaProject/venv/lib/python3.10/site-packages/airflow/example_dags/tutorial.py
[2025-06-12T11:49:35.110+0200] {processor.py:925} INFO - DAG(s) 'tutorial' retrieved from /Users/gordanaristova/MyProjects/MyRpaProject/venv/lib/python3.10/site-packages/airflow/example_dags/tutorial.py
[2025-06-12T11:49:35.138+0200] {logging_mixin.py:190} INFO - [2025-06-12T11:49:35.138+0200] {dag.py:3239} INFO - Sync 1 DAGs
[2025-06-12T11:49:35.144+0200] {logging_mixin.py:190} INFO - [2025-06-12T11:49:35.144+0200] {dag.py:4180} INFO - Setting next_dagrun for tutorial to 2025-06-11 00:00:00+00:00, run_after=2025-06-12 00:00:00+00:00
[2025-06-12T11:49:35.148+0200] {processor.py:208} INFO - Processing /Users/gordanaristova/MyProjects/MyRpaProject/venv/lib/python3.10/site-packages/airflow/example_dags/tutorial.py took 0.043 seconds
[2025-06-12T11:51:02.727+0200] {processor.py:186} INFO - Started process (PID=10705) to work on /Users/gordanaristova/MyProjects/MyRpaProject/venv/lib/python3.10/site-packages/airflow/example_dags/tutorial.py
[2025-06-12T11:51:02.728+0200] {processor.py:914} INFO - Processing file /Users/gordanaristova/MyProjects/MyRpaProject/venv/lib/python3.10/site-packages/airflow/example_dags/tutorial.py for tasks to queue
[2025-06-12T11:51:02.728+0200] {logging_mixin.py:190} INFO - [2025-06-12T11:51:02.728+0200] {dagbag.py:588} INFO - Filling up the DagBag from /Users/gordanaristova/MyProjects/MyRpaProject/venv/lib/python3.10/site-packages/airflow/example_dags/tutorial.py
[2025-06-12T11:51:02.730+0200] {processor.py:925} INFO - DAG(s) 'tutorial' retrieved from /Users/gordanaristova/MyProjects/MyRpaProject/venv/lib/python3.10/site-packages/airflow/example_dags/tutorial.py
[2025-06-12T11:51:02.759+0200] {logging_mixin.py:190} INFO - [2025-06-12T11:51:02.758+0200] {dag.py:3239} INFO - Sync 1 DAGs
[2025-06-12T11:51:02.764+0200] {logging_mixin.py:190} INFO - [2025-06-12T11:51:02.764+0200] {dag.py:4180} INFO - Setting next_dagrun for tutorial to 2025-06-11 00:00:00+00:00, run_after=2025-06-12 00:00:00+00:00
[2025-06-12T11:51:02.768+0200] {processor.py:208} INFO - Processing /Users/gordanaristova/MyProjects/MyRpaProject/venv/lib/python3.10/site-packages/airflow/example_dags/tutorial.py took 0.042 seconds
[2025-06-12T11:51:56.643+0200] {processor.py:186} INFO - Started process (PID=10761) to work on /Users/gordanaristova/MyProjects/MyRpaProject/venv/lib/python3.10/site-packages/airflow/example_dags/tutorial.py
[2025-06-12T11:51:56.644+0200] {processor.py:914} INFO - Processing file /Users/gordanaristova/MyProjects/MyRpaProject/venv/lib/python3.10/site-packages/airflow/example_dags/tutorial.py for tasks to queue
[2025-06-12T11:51:56.644+0200] {logging_mixin.py:190} INFO - [2025-06-12T11:51:56.644+0200] {dagbag.py:588} INFO - Filling up the DagBag from /Users/gordanaristova/MyProjects/MyRpaProject/venv/lib/python3.10/site-packages/airflow/example_dags/tutorial.py
[2025-06-12T11:51:56.647+0200] {processor.py:925} INFO - DAG(s) 'tutorial' retrieved from /Users/gordanaristova/MyProjects/MyRpaProject/venv/lib/python3.10/site-packages/airflow/example_dags/tutorial.py
[2025-06-12T11:51:56.675+0200] {logging_mixin.py:190} INFO - [2025-06-12T11:51:56.675+0200] {dag.py:3239} INFO - Sync 1 DAGs
[2025-06-12T11:51:56.680+0200] {logging_mixin.py:190} INFO - [2025-06-12T11:51:56.680+0200] {dag.py:4180} INFO - Setting next_dagrun for tutorial to 2025-06-11 00:00:00+00:00, run_after=2025-06-12 00:00:00+00:00
[2025-06-12T11:51:56.684+0200] {processor.py:208} INFO - Processing /Users/gordanaristova/MyProjects/MyRpaProject/venv/lib/python3.10/site-packages/airflow/example_dags/tutorial.py took 0.042 seconds
[2025-06-12T11:52:49.810+0200] {processor.py:186} INFO - Started process (PID=10817) to work on /Users/gordanaristova/MyProjects/MyRpaProject/venv/lib/python3.10/site-packages/airflow/example_dags/tutorial.py
[2025-06-12T11:52:49.811+0200] {processor.py:914} INFO - Processing file /Users/gordanaristova/MyProjects/MyRpaProject/venv/lib/python3.10/site-packages/airflow/example_dags/tutorial.py for tasks to queue
[2025-06-12T11:52:49.811+0200] {logging_mixin.py:190} INFO - [2025-06-12T11:52:49.811+0200] {dagbag.py:588} INFO - Filling up the DagBag from /Users/gordanaristova/MyProjects/MyRpaProject/venv/lib/python3.10/site-packages/airflow/example_dags/tutorial.py
[2025-06-12T11:52:49.813+0200] {processor.py:925} INFO - DAG(s) 'tutorial' retrieved from /Users/gordanaristova/MyProjects/MyRpaProject/venv/lib/python3.10/site-packages/airflow/example_dags/tutorial.py
[2025-06-12T11:52:49.842+0200] {logging_mixin.py:190} INFO - [2025-06-12T11:52:49.842+0200] {dag.py:3239} INFO - Sync 1 DAGs
[2025-06-12T11:52:49.847+0200] {logging_mixin.py:190} INFO - [2025-06-12T11:52:49.847+0200] {dag.py:4180} INFO - Setting next_dagrun for tutorial to 2025-06-11 00:00:00+00:00, run_after=2025-06-12 00:00:00+00:00
[2025-06-12T11:52:49.851+0200] {processor.py:208} INFO - Processing /Users/gordanaristova/MyProjects/MyRpaProject/venv/lib/python3.10/site-packages/airflow/example_dags/tutorial.py took 0.042 seconds
[2025-06-12T11:53:43.779+0200] {processor.py:186} INFO - Started process (PID=10858) to work on /Users/gordanaristova/MyProjects/MyRpaProject/venv/lib/python3.10/site-packages/airflow/example_dags/tutorial.py
[2025-06-12T11:53:43.780+0200] {processor.py:914} INFO - Processing file /Users/gordanaristova/MyProjects/MyRpaProject/venv/lib/python3.10/site-packages/airflow/example_dags/tutorial.py for tasks to queue
[2025-06-12T11:53:43.780+0200] {logging_mixin.py:190} INFO - [2025-06-12T11:53:43.780+0200] {dagbag.py:588} INFO - Filling up the DagBag from /Users/gordanaristova/MyProjects/MyRpaProject/venv/lib/python3.10/site-packages/airflow/example_dags/tutorial.py
[2025-06-12T11:53:43.782+0200] {processor.py:925} INFO - DAG(s) 'tutorial' retrieved from /Users/gordanaristova/MyProjects/MyRpaProject/venv/lib/python3.10/site-packages/airflow/example_dags/tutorial.py
[2025-06-12T11:53:43.810+0200] {logging_mixin.py:190} INFO - [2025-06-12T11:53:43.810+0200] {dag.py:3239} INFO - Sync 1 DAGs
[2025-06-12T11:53:43.815+0200] {logging_mixin.py:190} INFO - [2025-06-12T11:53:43.815+0200] {dag.py:4180} INFO - Setting next_dagrun for tutorial to 2025-06-11 00:00:00+00:00, run_after=2025-06-12 00:00:00+00:00
[2025-06-12T11:53:43.819+0200] {processor.py:208} INFO - Processing /Users/gordanaristova/MyProjects/MyRpaProject/venv/lib/python3.10/site-packages/airflow/example_dags/tutorial.py took 0.041 seconds
[2025-06-12T11:54:38.523+0200] {processor.py:186} INFO - Started process (PID=10900) to work on /Users/gordanaristova/MyProjects/MyRpaProject/venv/lib/python3.10/site-packages/airflow/example_dags/tutorial.py
[2025-06-12T11:54:38.523+0200] {processor.py:914} INFO - Processing file /Users/gordanaristova/MyProjects/MyRpaProject/venv/lib/python3.10/site-packages/airflow/example_dags/tutorial.py for tasks to queue
[2025-06-12T11:54:38.523+0200] {logging_mixin.py:190} INFO - [2025-06-12T11:54:38.523+0200] {dagbag.py:588} INFO - Filling up the DagBag from /Users/gordanaristova/MyProjects/MyRpaProject/venv/lib/python3.10/site-packages/airflow/example_dags/tutorial.py
[2025-06-12T11:54:38.525+0200] {processor.py:925} INFO - DAG(s) 'tutorial' retrieved from /Users/gordanaristova/MyProjects/MyRpaProject/venv/lib/python3.10/site-packages/airflow/example_dags/tutorial.py
[2025-06-12T11:54:38.554+0200] {logging_mixin.py:190} INFO - [2025-06-12T11:54:38.554+0200] {dag.py:3239} INFO - Sync 1 DAGs
[2025-06-12T11:54:38.559+0200] {logging_mixin.py:190} INFO - [2025-06-12T11:54:38.559+0200] {dag.py:4180} INFO - Setting next_dagrun for tutorial to 2025-06-11 00:00:00+00:00, run_after=2025-06-12 00:00:00+00:00
[2025-06-12T11:54:38.564+0200] {processor.py:208} INFO - Processing /Users/gordanaristova/MyProjects/MyRpaProject/venv/lib/python3.10/site-packages/airflow/example_dags/tutorial.py took 0.042 seconds
[2025-06-12T11:55:32.118+0200] {processor.py:186} INFO - Started process (PID=10959) to work on /Users/gordanaristova/MyProjects/MyRpaProject/venv/lib/python3.10/site-packages/airflow/example_dags/tutorial.py
[2025-06-12T11:55:32.119+0200] {processor.py:914} INFO - Processing file /Users/gordanaristova/MyProjects/MyRpaProject/venv/lib/python3.10/site-packages/airflow/example_dags/tutorial.py for tasks to queue
[2025-06-12T11:55:32.119+0200] {logging_mixin.py:190} INFO - [2025-06-12T11:55:32.119+0200] {dagbag.py:588} INFO - Filling up the DagBag from /Users/gordanaristova/MyProjects/MyRpaProject/venv/lib/python3.10/site-packages/airflow/example_dags/tutorial.py
[2025-06-12T11:55:32.121+0200] {processor.py:925} INFO - DAG(s) 'tutorial' retrieved from /Users/gordanaristova/MyProjects/MyRpaProject/venv/lib/python3.10/site-packages/airflow/example_dags/tutorial.py
[2025-06-12T11:55:32.150+0200] {logging_mixin.py:190} INFO - [2025-06-12T11:55:32.150+0200] {dag.py:3239} INFO - Sync 1 DAGs
[2025-06-12T11:55:32.155+0200] {logging_mixin.py:190} INFO - [2025-06-12T11:55:32.155+0200] {dag.py:4180} INFO - Setting next_dagrun for tutorial to 2025-06-11 00:00:00+00:00, run_after=2025-06-12 00:00:00+00:00
[2025-06-12T11:55:32.159+0200] {processor.py:208} INFO - Processing /Users/gordanaristova/MyProjects/MyRpaProject/venv/lib/python3.10/site-packages/airflow/example_dags/tutorial.py took 0.042 seconds
[2025-06-12T11:56:28.171+0200] {processor.py:186} INFO - Started process (PID=11017) to work on /Users/gordanaristova/MyProjects/MyRpaProject/venv/lib/python3.10/site-packages/airflow/example_dags/tutorial.py
[2025-06-12T11:56:28.172+0200] {processor.py:914} INFO - Processing file /Users/gordanaristova/MyProjects/MyRpaProject/venv/lib/python3.10/site-packages/airflow/example_dags/tutorial.py for tasks to queue
[2025-06-12T11:56:28.172+0200] {logging_mixin.py:190} INFO - [2025-06-12T11:56:28.172+0200] {dagbag.py:588} INFO - Filling up the DagBag from /Users/gordanaristova/MyProjects/MyRpaProject/venv/lib/python3.10/site-packages/airflow/example_dags/tutorial.py
[2025-06-12T11:56:28.174+0200] {processor.py:925} INFO - DAG(s) 'tutorial' retrieved from /Users/gordanaristova/MyProjects/MyRpaProject/venv/lib/python3.10/site-packages/airflow/example_dags/tutorial.py
[2025-06-12T11:56:28.204+0200] {logging_mixin.py:190} INFO - [2025-06-12T11:56:28.204+0200] {dag.py:3239} INFO - Sync 1 DAGs
[2025-06-12T11:56:28.210+0200] {logging_mixin.py:190} INFO - [2025-06-12T11:56:28.210+0200] {dag.py:4180} INFO - Setting next_dagrun for tutorial to 2025-06-11 00:00:00+00:00, run_after=2025-06-12 00:00:00+00:00
[2025-06-12T11:56:28.215+0200] {processor.py:208} INFO - Processing /Users/gordanaristova/MyProjects/MyRpaProject/venv/lib/python3.10/site-packages/airflow/example_dags/tutorial.py took 0.045 seconds
[2025-06-12T11:57:22.384+0200] {processor.py:186} INFO - Started process (PID=11082) to work on /Users/gordanaristova/MyProjects/MyRpaProject/venv/lib/python3.10/site-packages/airflow/example_dags/tutorial.py
[2025-06-12T11:57:22.384+0200] {processor.py:914} INFO - Processing file /Users/gordanaristova/MyProjects/MyRpaProject/venv/lib/python3.10/site-packages/airflow/example_dags/tutorial.py for tasks to queue
[2025-06-12T11:57:22.385+0200] {logging_mixin.py:190} INFO - [2025-06-12T11:57:22.385+0200] {dagbag.py:588} INFO - Filling up the DagBag from /Users/gordanaristova/MyProjects/MyRpaProject/venv/lib/python3.10/site-packages/airflow/example_dags/tutorial.py
[2025-06-12T11:57:22.387+0200] {processor.py:925} INFO - DAG(s) 'tutorial' retrieved from /Users/gordanaristova/MyProjects/MyRpaProject/venv/lib/python3.10/site-packages/airflow/example_dags/tutorial.py
[2025-06-12T11:57:22.416+0200] {logging_mixin.py:190} INFO - [2025-06-12T11:57:22.416+0200] {dag.py:3239} INFO - Sync 1 DAGs
[2025-06-12T11:57:22.421+0200] {logging_mixin.py:190} INFO - [2025-06-12T11:57:22.421+0200] {dag.py:4180} INFO - Setting next_dagrun for tutorial to 2025-06-11 00:00:00+00:00, run_after=2025-06-12 00:00:00+00:00
[2025-06-12T11:57:22.425+0200] {processor.py:208} INFO - Processing /Users/gordanaristova/MyProjects/MyRpaProject/venv/lib/python3.10/site-packages/airflow/example_dags/tutorial.py took 0.043 seconds
[2025-06-12T13:14:21.289+0200] {processor.py:186} INFO - Started process (PID=12987) to work on /Users/gordanaristova/MyProjects/MyRpaProject/venv/lib/python3.10/site-packages/airflow/example_dags/tutorial.py
[2025-06-12T13:14:21.290+0200] {processor.py:914} INFO - Processing file /Users/gordanaristova/MyProjects/MyRpaProject/venv/lib/python3.10/site-packages/airflow/example_dags/tutorial.py for tasks to queue
[2025-06-12T13:14:21.291+0200] {logging_mixin.py:190} INFO - [2025-06-12T13:14:21.291+0200] {dagbag.py:588} INFO - Filling up the DagBag from /Users/gordanaristova/MyProjects/MyRpaProject/venv/lib/python3.10/site-packages/airflow/example_dags/tutorial.py
[2025-06-12T13:14:21.293+0200] {processor.py:925} INFO - DAG(s) 'tutorial' retrieved from /Users/gordanaristova/MyProjects/MyRpaProject/venv/lib/python3.10/site-packages/airflow/example_dags/tutorial.py
[2025-06-12T13:14:21.323+0200] {logging_mixin.py:190} INFO - [2025-06-12T13:14:21.323+0200] {dag.py:3239} INFO - Sync 1 DAGs
[2025-06-12T13:14:21.329+0200] {logging_mixin.py:190} INFO - [2025-06-12T13:14:21.329+0200] {dag.py:4180} INFO - Setting next_dagrun for tutorial to 2025-06-11 00:00:00+00:00, run_after=2025-06-12 00:00:00+00:00
[2025-06-12T13:14:21.333+0200] {processor.py:208} INFO - Processing /Users/gordanaristova/MyProjects/MyRpaProject/venv/lib/python3.10/site-packages/airflow/example_dags/tutorial.py took 0.045 seconds
[2025-06-12T13:15:55.357+0200] {processor.py:186} INFO - Started process (PID=13076) to work on /Users/gordanaristova/MyProjects/MyRpaProject/venv/lib/python3.10/site-packages/airflow/example_dags/tutorial.py
[2025-06-12T13:15:55.358+0200] {processor.py:914} INFO - Processing file /Users/gordanaristova/MyProjects/MyRpaProject/venv/lib/python3.10/site-packages/airflow/example_dags/tutorial.py for tasks to queue
[2025-06-12T13:15:55.358+0200] {logging_mixin.py:190} INFO - [2025-06-12T13:15:55.358+0200] {dagbag.py:588} INFO - Filling up the DagBag from /Users/gordanaristova/MyProjects/MyRpaProject/venv/lib/python3.10/site-packages/airflow/example_dags/tutorial.py
[2025-06-12T13:15:55.361+0200] {processor.py:925} INFO - DAG(s) 'tutorial' retrieved from /Users/gordanaristova/MyProjects/MyRpaProject/venv/lib/python3.10/site-packages/airflow/example_dags/tutorial.py
[2025-06-12T13:15:55.394+0200] {logging_mixin.py:190} INFO - [2025-06-12T13:15:55.394+0200] {dag.py:3239} INFO - Sync 1 DAGs
[2025-06-12T13:15:55.401+0200] {logging_mixin.py:190} INFO - [2025-06-12T13:15:55.401+0200] {dag.py:4180} INFO - Setting next_dagrun for tutorial to 2025-06-11 00:00:00+00:00, run_after=2025-06-12 00:00:00+00:00
[2025-06-12T13:15:55.407+0200] {processor.py:208} INFO - Processing /Users/gordanaristova/MyProjects/MyRpaProject/venv/lib/python3.10/site-packages/airflow/example_dags/tutorial.py took 0.050 seconds
[2025-06-12T18:42:03.000+0200] {processor.py:186} INFO - Started process (PID=15641) to work on /Users/gordanaristova/MyProjects/MyRpaProject/venv/lib/python3.10/site-packages/airflow/example_dags/tutorial.py
[2025-06-12T18:42:03.002+0200] {processor.py:914} INFO - Processing file /Users/gordanaristova/MyProjects/MyRpaProject/venv/lib/python3.10/site-packages/airflow/example_dags/tutorial.py for tasks to queue
[2025-06-12T18:42:03.002+0200] {logging_mixin.py:190} INFO - [2025-06-12T18:42:03.002+0200] {dagbag.py:588} INFO - Filling up the DagBag from /Users/gordanaristova/MyProjects/MyRpaProject/venv/lib/python3.10/site-packages/airflow/example_dags/tutorial.py
[2025-06-12T18:42:03.004+0200] {processor.py:925} INFO - DAG(s) 'tutorial' retrieved from /Users/gordanaristova/MyProjects/MyRpaProject/venv/lib/python3.10/site-packages/airflow/example_dags/tutorial.py
[2025-06-12T18:42:03.035+0200] {logging_mixin.py:190} INFO - [2025-06-12T18:42:03.035+0200] {dag.py:3239} INFO - Sync 1 DAGs
[2025-06-12T18:42:03.041+0200] {logging_mixin.py:190} INFO - [2025-06-12T18:42:03.041+0200] {dag.py:4180} INFO - Setting next_dagrun for tutorial to 2025-06-11 00:00:00+00:00, run_after=2025-06-12 00:00:00+00:00
[2025-06-12T18:42:03.046+0200] {processor.py:208} INFO - Processing /Users/gordanaristova/MyProjects/MyRpaProject/venv/lib/python3.10/site-packages/airflow/example_dags/tutorial.py took 0.047 seconds
[2025-06-12T18:51:46.579+0200] {processor.py:186} INFO - Started process (PID=15869) to work on /Users/gordanaristova/MyProjects/MyRpaProject/venv/lib/python3.10/site-packages/airflow/example_dags/tutorial.py
[2025-06-12T18:51:46.579+0200] {processor.py:914} INFO - Processing file /Users/gordanaristova/MyProjects/MyRpaProject/venv/lib/python3.10/site-packages/airflow/example_dags/tutorial.py for tasks to queue
[2025-06-12T18:51:46.579+0200] {logging_mixin.py:190} INFO - [2025-06-12T18:51:46.579+0200] {dagbag.py:588} INFO - Filling up the DagBag from /Users/gordanaristova/MyProjects/MyRpaProject/venv/lib/python3.10/site-packages/airflow/example_dags/tutorial.py
[2025-06-12T18:51:46.582+0200] {processor.py:925} INFO - DAG(s) 'tutorial' retrieved from /Users/gordanaristova/MyProjects/MyRpaProject/venv/lib/python3.10/site-packages/airflow/example_dags/tutorial.py
[2025-06-12T18:51:46.613+0200] {logging_mixin.py:190} INFO - [2025-06-12T18:51:46.613+0200] {dag.py:3239} INFO - Sync 1 DAGs
[2025-06-12T18:51:46.618+0200] {logging_mixin.py:190} INFO - [2025-06-12T18:51:46.618+0200] {dag.py:4180} INFO - Setting next_dagrun for tutorial to 2025-06-11 00:00:00+00:00, run_after=2025-06-12 00:00:00+00:00
[2025-06-12T18:51:46.623+0200] {processor.py:208} INFO - Processing /Users/gordanaristova/MyProjects/MyRpaProject/venv/lib/python3.10/site-packages/airflow/example_dags/tutorial.py took 0.045 seconds
[2025-06-12T18:54:58.556+0200] {processor.py:186} INFO - Started process (PID=15957) to work on /Users/gordanaristova/MyProjects/MyRpaProject/venv/lib/python3.10/site-packages/airflow/example_dags/tutorial.py
[2025-06-12T18:54:58.557+0200] {processor.py:914} INFO - Processing file /Users/gordanaristova/MyProjects/MyRpaProject/venv/lib/python3.10/site-packages/airflow/example_dags/tutorial.py for tasks to queue
[2025-06-12T18:54:58.557+0200] {logging_mixin.py:190} INFO - [2025-06-12T18:54:58.557+0200] {dagbag.py:588} INFO - Filling up the DagBag from /Users/gordanaristova/MyProjects/MyRpaProject/venv/lib/python3.10/site-packages/airflow/example_dags/tutorial.py
[2025-06-12T18:54:58.560+0200] {processor.py:925} INFO - DAG(s) 'tutorial' retrieved from /Users/gordanaristova/MyProjects/MyRpaProject/venv/lib/python3.10/site-packages/airflow/example_dags/tutorial.py
[2025-06-12T18:54:58.590+0200] {logging_mixin.py:190} INFO - [2025-06-12T18:54:58.590+0200] {dag.py:3239} INFO - Sync 1 DAGs
[2025-06-12T18:54:58.595+0200] {logging_mixin.py:190} INFO - [2025-06-12T18:54:58.595+0200] {dag.py:4180} INFO - Setting next_dagrun for tutorial to 2025-06-11 00:00:00+00:00, run_after=2025-06-12 00:00:00+00:00
[2025-06-12T18:54:58.600+0200] {processor.py:208} INFO - Processing /Users/gordanaristova/MyProjects/MyRpaProject/venv/lib/python3.10/site-packages/airflow/example_dags/tutorial.py took 0.045 seconds
[2025-06-12T19:00:05.576+0200] {processor.py:186} INFO - Started process (PID=16093) to work on /Users/gordanaristova/MyProjects/MyRpaProject/venv/lib/python3.10/site-packages/airflow/example_dags/tutorial.py
[2025-06-12T19:00:05.577+0200] {processor.py:914} INFO - Processing file /Users/gordanaristova/MyProjects/MyRpaProject/venv/lib/python3.10/site-packages/airflow/example_dags/tutorial.py for tasks to queue
[2025-06-12T19:00:05.577+0200] {logging_mixin.py:190} INFO - [2025-06-12T19:00:05.577+0200] {dagbag.py:588} INFO - Filling up the DagBag from /Users/gordanaristova/MyProjects/MyRpaProject/venv/lib/python3.10/site-packages/airflow/example_dags/tutorial.py
[2025-06-12T19:00:05.580+0200] {processor.py:925} INFO - DAG(s) 'tutorial' retrieved from /Users/gordanaristova/MyProjects/MyRpaProject/venv/lib/python3.10/site-packages/airflow/example_dags/tutorial.py
[2025-06-12T19:00:05.610+0200] {logging_mixin.py:190} INFO - [2025-06-12T19:00:05.610+0200] {dag.py:3239} INFO - Sync 1 DAGs
[2025-06-12T19:00:05.616+0200] {logging_mixin.py:190} INFO - [2025-06-12T19:00:05.616+0200] {dag.py:4180} INFO - Setting next_dagrun for tutorial to 2025-06-11 00:00:00+00:00, run_after=2025-06-12 00:00:00+00:00
[2025-06-12T19:00:05.621+0200] {processor.py:208} INFO - Processing /Users/gordanaristova/MyProjects/MyRpaProject/venv/lib/python3.10/site-packages/airflow/example_dags/tutorial.py took 0.046 seconds
[2025-06-12T19:03:47.703+0200] {processor.py:186} INFO - Started process (PID=16235) to work on /Users/gordanaristova/MyProjects/MyRpaProject/venv/lib/python3.10/site-packages/airflow/example_dags/tutorial.py
[2025-06-12T19:03:47.703+0200] {processor.py:914} INFO - Processing file /Users/gordanaristova/MyProjects/MyRpaProject/venv/lib/python3.10/site-packages/airflow/example_dags/tutorial.py for tasks to queue
[2025-06-12T19:03:47.704+0200] {logging_mixin.py:190} INFO - [2025-06-12T19:03:47.704+0200] {dagbag.py:588} INFO - Filling up the DagBag from /Users/gordanaristova/MyProjects/MyRpaProject/venv/lib/python3.10/site-packages/airflow/example_dags/tutorial.py
[2025-06-12T19:03:47.706+0200] {processor.py:925} INFO - DAG(s) 'tutorial' retrieved from /Users/gordanaristova/MyProjects/MyRpaProject/venv/lib/python3.10/site-packages/airflow/example_dags/tutorial.py
[2025-06-12T19:03:47.737+0200] {logging_mixin.py:190} INFO - [2025-06-12T19:03:47.737+0200] {dag.py:3239} INFO - Sync 1 DAGs
[2025-06-12T19:03:47.742+0200] {logging_mixin.py:190} INFO - [2025-06-12T19:03:47.742+0200] {dag.py:4180} INFO - Setting next_dagrun for tutorial to 2025-06-11 00:00:00+00:00, run_after=2025-06-12 00:00:00+00:00
[2025-06-12T19:03:47.747+0200] {processor.py:208} INFO - Processing /Users/gordanaristova/MyProjects/MyRpaProject/venv/lib/python3.10/site-packages/airflow/example_dags/tutorial.py took 0.045 seconds
[2025-06-12T19:10:43.970+0200] {processor.py:186} INFO - Started process (PID=16422) to work on /Users/gordanaristova/MyProjects/MyRpaProject/venv/lib/python3.10/site-packages/airflow/example_dags/tutorial.py
[2025-06-12T19:10:43.971+0200] {processor.py:914} INFO - Processing file /Users/gordanaristova/MyProjects/MyRpaProject/venv/lib/python3.10/site-packages/airflow/example_dags/tutorial.py for tasks to queue
[2025-06-12T19:10:43.971+0200] {logging_mixin.py:190} INFO - [2025-06-12T19:10:43.971+0200] {dagbag.py:588} INFO - Filling up the DagBag from /Users/gordanaristova/MyProjects/MyRpaProject/venv/lib/python3.10/site-packages/airflow/example_dags/tutorial.py
[2025-06-12T19:10:43.974+0200] {processor.py:925} INFO - DAG(s) 'tutorial' retrieved from /Users/gordanaristova/MyProjects/MyRpaProject/venv/lib/python3.10/site-packages/airflow/example_dags/tutorial.py
[2025-06-12T19:10:44.004+0200] {logging_mixin.py:190} INFO - [2025-06-12T19:10:44.004+0200] {dag.py:3239} INFO - Sync 1 DAGs
[2025-06-12T19:10:44.009+0200] {logging_mixin.py:190} INFO - [2025-06-12T19:10:44.009+0200] {dag.py:4180} INFO - Setting next_dagrun for tutorial to 2025-06-11 00:00:00+00:00, run_after=2025-06-12 00:00:00+00:00
[2025-06-12T19:10:44.014+0200] {processor.py:208} INFO - Processing /Users/gordanaristova/MyProjects/MyRpaProject/venv/lib/python3.10/site-packages/airflow/example_dags/tutorial.py took 0.046 seconds
[2025-06-12T19:13:46.162+0200] {processor.py:186} INFO - Started process (PID=16620) to work on /Users/gordanaristova/MyProjects/MyRpaProject/venv/lib/python3.10/site-packages/airflow/example_dags/tutorial.py
[2025-06-12T19:13:46.163+0200] {processor.py:914} INFO - Processing file /Users/gordanaristova/MyProjects/MyRpaProject/venv/lib/python3.10/site-packages/airflow/example_dags/tutorial.py for tasks to queue
[2025-06-12T19:13:46.164+0200] {logging_mixin.py:190} INFO - [2025-06-12T19:13:46.163+0200] {dagbag.py:588} INFO - Filling up the DagBag from /Users/gordanaristova/MyProjects/MyRpaProject/venv/lib/python3.10/site-packages/airflow/example_dags/tutorial.py
[2025-06-12T19:13:46.166+0200] {processor.py:925} INFO - DAG(s) 'tutorial' retrieved from /Users/gordanaristova/MyProjects/MyRpaProject/venv/lib/python3.10/site-packages/airflow/example_dags/tutorial.py
[2025-06-12T19:13:46.197+0200] {logging_mixin.py:190} INFO - [2025-06-12T19:13:46.197+0200] {dag.py:3239} INFO - Sync 1 DAGs
[2025-06-12T19:13:46.202+0200] {logging_mixin.py:190} INFO - [2025-06-12T19:13:46.202+0200] {dag.py:4180} INFO - Setting next_dagrun for tutorial to 2025-06-11 00:00:00+00:00, run_after=2025-06-12 00:00:00+00:00
[2025-06-12T19:13:46.207+0200] {processor.py:208} INFO - Processing /Users/gordanaristova/MyProjects/MyRpaProject/venv/lib/python3.10/site-packages/airflow/example_dags/tutorial.py took 0.046 seconds
