[2025-06-12T10:36:17.450+0200] {processor.py:186} INFO - Started process (PID=8403) to work on /Users/gordanaristova/MyProjects/MyRpaProject/venv/lib/python3.10/site-packages/airflow/example_dags/plugins/workday.py
[2025-06-12T10:36:17.450+0200] {processor.py:914} INFO - Processing file /Users/gordanaristova/MyProjects/MyRpaProject/venv/lib/python3.10/site-packages/airflow/example_dags/plugins/workday.py for tasks to queue
[2025-06-12T10:36:17.450+0200] {logging_mixin.py:190} INFO - [2025-06-12T10:36:17.450+0200] {dagbag.py:588} INFO - Filling up the DagBag from /Users/gordanaristova/MyProjects/MyRpaProject/venv/lib/python3.10/site-packages/airflow/example_dags/plugins/workday.py
[2025-06-12T10:36:17.577+0200] {processor.py:927} WARNING - No viable dags retrieved from /Users/gordanaristova/MyProjects/MyRpaProject/venv/lib/python3.10/site-packages/airflow/example_dags/plugins/workday.py
[2025-06-12T10:36:17.624+0200] {processor.py:208} INFO - Processing /Users/gordanaristova/MyProjects/MyRpaProject/venv/lib/python3.10/site-packages/airflow/example_dags/plugins/workday.py took 0.175 seconds
[2025-06-12T10:37:45.263+0200] {processor.py:186} INFO - Started process (PID=8478) to work on /Users/gordanaristova/MyProjects/MyRpaProject/venv/lib/python3.10/site-packages/airflow/example_dags/plugins/workday.py
[2025-06-12T10:37:45.264+0200] {processor.py:914} INFO - Processing file /Users/gordanaristova/MyProjects/MyRpaProject/venv/lib/python3.10/site-packages/airflow/example_dags/plugins/workday.py for tasks to queue
[2025-06-12T10:37:45.264+0200] {logging_mixin.py:190} INFO - [2025-06-12T10:37:45.264+0200] {dagbag.py:588} INFO - Filling up the DagBag from /Users/gordanaristova/MyProjects/MyRpaProject/venv/lib/python3.10/site-packages/airflow/example_dags/plugins/workday.py
[2025-06-12T10:37:45.398+0200] {processor.py:927} WARNING - No viable dags retrieved from /Users/gordanaristova/MyProjects/MyRpaProject/venv/lib/python3.10/site-packages/airflow/example_dags/plugins/workday.py
[2025-06-12T10:37:45.446+0200] {processor.py:208} INFO - Processing /Users/gordanaristova/MyProjects/MyRpaProject/venv/lib/python3.10/site-packages/airflow/example_dags/plugins/workday.py took 0.184 seconds
[2025-06-12T10:38:40.157+0200] {processor.py:186} INFO - Started process (PID=8522) to work on /Users/gordanaristova/MyProjects/MyRpaProject/venv/lib/python3.10/site-packages/airflow/example_dags/plugins/workday.py
[2025-06-12T10:38:40.158+0200] {processor.py:914} INFO - Processing file /Users/gordanaristova/MyProjects/MyRpaProject/venv/lib/python3.10/site-packages/airflow/example_dags/plugins/workday.py for tasks to queue
[2025-06-12T10:38:40.158+0200] {logging_mixin.py:190} INFO - [2025-06-12T10:38:40.158+0200] {dagbag.py:588} INFO - Filling up the DagBag from /Users/gordanaristova/MyProjects/MyRpaProject/venv/lib/python3.10/site-packages/airflow/example_dags/plugins/workday.py
[2025-06-12T10:38:40.293+0200] {processor.py:927} WARNING - No viable dags retrieved from /Users/gordanaristova/MyProjects/MyRpaProject/venv/lib/python3.10/site-packages/airflow/example_dags/plugins/workday.py
[2025-06-12T10:38:40.345+0200] {processor.py:208} INFO - Processing /Users/gordanaristova/MyProjects/MyRpaProject/venv/lib/python3.10/site-packages/airflow/example_dags/plugins/workday.py took 0.189 seconds
[2025-06-12T10:39:32.457+0200] {processor.py:186} INFO - Started process (PID=8566) to work on /Users/gordanaristova/MyProjects/MyRpaProject/venv/lib/python3.10/site-packages/airflow/example_dags/plugins/workday.py
[2025-06-12T10:39:32.458+0200] {processor.py:914} INFO - Processing file /Users/gordanaristova/MyProjects/MyRpaProject/venv/lib/python3.10/site-packages/airflow/example_dags/plugins/workday.py for tasks to queue
[2025-06-12T10:39:32.459+0200] {logging_mixin.py:190} INFO - [2025-06-12T10:39:32.459+0200] {dagbag.py:588} INFO - Filling up the DagBag from /Users/gordanaristova/MyProjects/MyRpaProject/venv/lib/python3.10/site-packages/airflow/example_dags/plugins/workday.py
[2025-06-12T10:39:32.593+0200] {processor.py:927} WARNING - No viable dags retrieved from /Users/gordanaristova/MyProjects/MyRpaProject/venv/lib/python3.10/site-packages/airflow/example_dags/plugins/workday.py
[2025-06-12T10:39:32.640+0200] {processor.py:208} INFO - Processing /Users/gordanaristova/MyProjects/MyRpaProject/venv/lib/python3.10/site-packages/airflow/example_dags/plugins/workday.py took 0.184 seconds
[2025-06-12T10:40:23.854+0200] {processor.py:186} INFO - Started process (PID=8606) to work on /Users/gordanaristova/MyProjects/MyRpaProject/venv/lib/python3.10/site-packages/airflow/example_dags/plugins/workday.py
[2025-06-12T10:40:23.855+0200] {processor.py:914} INFO - Processing file /Users/gordanaristova/MyProjects/MyRpaProject/venv/lib/python3.10/site-packages/airflow/example_dags/plugins/workday.py for tasks to queue
[2025-06-12T10:40:23.855+0200] {logging_mixin.py:190} INFO - [2025-06-12T10:40:23.855+0200] {dagbag.py:588} INFO - Filling up the DagBag from /Users/gordanaristova/MyProjects/MyRpaProject/venv/lib/python3.10/site-packages/airflow/example_dags/plugins/workday.py
[2025-06-12T10:40:23.989+0200] {processor.py:927} WARNING - No viable dags retrieved from /Users/gordanaristova/MyProjects/MyRpaProject/venv/lib/python3.10/site-packages/airflow/example_dags/plugins/workday.py
[2025-06-12T10:40:24.037+0200] {processor.py:208} INFO - Processing /Users/gordanaristova/MyProjects/MyRpaProject/venv/lib/python3.10/site-packages/airflow/example_dags/plugins/workday.py took 0.184 seconds
[2025-06-12T10:41:15.051+0200] {processor.py:186} INFO - Started process (PID=8654) to work on /Users/gordanaristova/MyProjects/MyRpaProject/venv/lib/python3.10/site-packages/airflow/example_dags/plugins/workday.py
[2025-06-12T10:41:15.052+0200] {processor.py:914} INFO - Processing file /Users/gordanaristova/MyProjects/MyRpaProject/venv/lib/python3.10/site-packages/airflow/example_dags/plugins/workday.py for tasks to queue
[2025-06-12T10:41:15.052+0200] {logging_mixin.py:190} INFO - [2025-06-12T10:41:15.052+0200] {dagbag.py:588} INFO - Filling up the DagBag from /Users/gordanaristova/MyProjects/MyRpaProject/venv/lib/python3.10/site-packages/airflow/example_dags/plugins/workday.py
[2025-06-12T10:41:15.190+0200] {processor.py:927} WARNING - No viable dags retrieved from /Users/gordanaristova/MyProjects/MyRpaProject/venv/lib/python3.10/site-packages/airflow/example_dags/plugins/workday.py
[2025-06-12T10:41:15.237+0200] {processor.py:208} INFO - Processing /Users/gordanaristova/MyProjects/MyRpaProject/venv/lib/python3.10/site-packages/airflow/example_dags/plugins/workday.py took 0.187 seconds
[2025-06-12T10:42:09.584+0200] {processor.py:186} INFO - Started process (PID=8695) to work on /Users/gordanaristova/MyProjects/MyRpaProject/venv/lib/python3.10/site-packages/airflow/example_dags/plugins/workday.py
[2025-06-12T10:42:09.585+0200] {processor.py:914} INFO - Processing file /Users/gordanaristova/MyProjects/MyRpaProject/venv/lib/python3.10/site-packages/airflow/example_dags/plugins/workday.py for tasks to queue
[2025-06-12T10:42:09.585+0200] {logging_mixin.py:190} INFO - [2025-06-12T10:42:09.585+0200] {dagbag.py:588} INFO - Filling up the DagBag from /Users/gordanaristova/MyProjects/MyRpaProject/venv/lib/python3.10/site-packages/airflow/example_dags/plugins/workday.py
[2025-06-12T10:42:09.720+0200] {processor.py:927} WARNING - No viable dags retrieved from /Users/gordanaristova/MyProjects/MyRpaProject/venv/lib/python3.10/site-packages/airflow/example_dags/plugins/workday.py
[2025-06-12T10:42:09.768+0200] {processor.py:208} INFO - Processing /Users/gordanaristova/MyProjects/MyRpaProject/venv/lib/python3.10/site-packages/airflow/example_dags/plugins/workday.py took 0.184 seconds
[2025-06-12T10:43:01.897+0200] {processor.py:186} INFO - Started process (PID=8746) to work on /Users/gordanaristova/MyProjects/MyRpaProject/venv/lib/python3.10/site-packages/airflow/example_dags/plugins/workday.py
[2025-06-12T10:43:01.897+0200] {processor.py:914} INFO - Processing file /Users/gordanaristova/MyProjects/MyRpaProject/venv/lib/python3.10/site-packages/airflow/example_dags/plugins/workday.py for tasks to queue
[2025-06-12T10:43:01.898+0200] {logging_mixin.py:190} INFO - [2025-06-12T10:43:01.898+0200] {dagbag.py:588} INFO - Filling up the DagBag from /Users/gordanaristova/MyProjects/MyRpaProject/venv/lib/python3.10/site-packages/airflow/example_dags/plugins/workday.py
[2025-06-12T10:43:02.037+0200] {processor.py:927} WARNING - No viable dags retrieved from /Users/gordanaristova/MyProjects/MyRpaProject/venv/lib/python3.10/site-packages/airflow/example_dags/plugins/workday.py
[2025-06-12T10:43:02.087+0200] {processor.py:208} INFO - Processing /Users/gordanaristova/MyProjects/MyRpaProject/venv/lib/python3.10/site-packages/airflow/example_dags/plugins/workday.py took 0.191 seconds
[2025-06-12T10:43:56.889+0200] {processor.py:186} INFO - Started process (PID=8849) to work on /Users/gordanaristova/MyProjects/MyRpaProject/venv/lib/python3.10/site-packages/airflow/example_dags/plugins/workday.py
[2025-06-12T10:43:56.890+0200] {processor.py:914} INFO - Processing file /Users/gordanaristova/MyProjects/MyRpaProject/venv/lib/python3.10/site-packages/airflow/example_dags/plugins/workday.py for tasks to queue
[2025-06-12T10:43:56.890+0200] {logging_mixin.py:190} INFO - [2025-06-12T10:43:56.890+0200] {dagbag.py:588} INFO - Filling up the DagBag from /Users/gordanaristova/MyProjects/MyRpaProject/venv/lib/python3.10/site-packages/airflow/example_dags/plugins/workday.py
[2025-06-12T10:43:57.024+0200] {processor.py:927} WARNING - No viable dags retrieved from /Users/gordanaristova/MyProjects/MyRpaProject/venv/lib/python3.10/site-packages/airflow/example_dags/plugins/workday.py
[2025-06-12T10:43:57.072+0200] {processor.py:208} INFO - Processing /Users/gordanaristova/MyProjects/MyRpaProject/venv/lib/python3.10/site-packages/airflow/example_dags/plugins/workday.py took 0.184 seconds
[2025-06-12T10:44:48.369+0200] {processor.py:186} INFO - Started process (PID=8890) to work on /Users/gordanaristova/MyProjects/MyRpaProject/venv/lib/python3.10/site-packages/airflow/example_dags/plugins/workday.py
[2025-06-12T10:44:48.370+0200] {processor.py:914} INFO - Processing file /Users/gordanaristova/MyProjects/MyRpaProject/venv/lib/python3.10/site-packages/airflow/example_dags/plugins/workday.py for tasks to queue
[2025-06-12T10:44:48.371+0200] {logging_mixin.py:190} INFO - [2025-06-12T10:44:48.370+0200] {dagbag.py:588} INFO - Filling up the DagBag from /Users/gordanaristova/MyProjects/MyRpaProject/venv/lib/python3.10/site-packages/airflow/example_dags/plugins/workday.py
[2025-06-12T10:44:48.509+0200] {processor.py:927} WARNING - No viable dags retrieved from /Users/gordanaristova/MyProjects/MyRpaProject/venv/lib/python3.10/site-packages/airflow/example_dags/plugins/workday.py
[2025-06-12T10:44:48.559+0200] {processor.py:208} INFO - Processing /Users/gordanaristova/MyProjects/MyRpaProject/venv/lib/python3.10/site-packages/airflow/example_dags/plugins/workday.py took 0.190 seconds
[2025-06-12T10:45:42.906+0200] {processor.py:186} INFO - Started process (PID=8929) to work on /Users/gordanaristova/MyProjects/MyRpaProject/venv/lib/python3.10/site-packages/airflow/example_dags/plugins/workday.py
[2025-06-12T10:45:42.906+0200] {processor.py:914} INFO - Processing file /Users/gordanaristova/MyProjects/MyRpaProject/venv/lib/python3.10/site-packages/airflow/example_dags/plugins/workday.py for tasks to queue
[2025-06-12T10:45:42.906+0200] {logging_mixin.py:190} INFO - [2025-06-12T10:45:42.906+0200] {dagbag.py:588} INFO - Filling up the DagBag from /Users/gordanaristova/MyProjects/MyRpaProject/venv/lib/python3.10/site-packages/airflow/example_dags/plugins/workday.py
[2025-06-12T10:45:43.039+0200] {processor.py:927} WARNING - No viable dags retrieved from /Users/gordanaristova/MyProjects/MyRpaProject/venv/lib/python3.10/site-packages/airflow/example_dags/plugins/workday.py
[2025-06-12T10:45:43.086+0200] {processor.py:208} INFO - Processing /Users/gordanaristova/MyProjects/MyRpaProject/venv/lib/python3.10/site-packages/airflow/example_dags/plugins/workday.py took 0.181 seconds
[2025-06-12T10:46:34.015+0200] {processor.py:186} INFO - Started process (PID=8990) to work on /Users/gordanaristova/MyProjects/MyRpaProject/venv/lib/python3.10/site-packages/airflow/example_dags/plugins/workday.py
[2025-06-12T10:46:34.016+0200] {processor.py:914} INFO - Processing file /Users/gordanaristova/MyProjects/MyRpaProject/venv/lib/python3.10/site-packages/airflow/example_dags/plugins/workday.py for tasks to queue
[2025-06-12T10:46:34.016+0200] {logging_mixin.py:190} INFO - [2025-06-12T10:46:34.016+0200] {dagbag.py:588} INFO - Filling up the DagBag from /Users/gordanaristova/MyProjects/MyRpaProject/venv/lib/python3.10/site-packages/airflow/example_dags/plugins/workday.py
[2025-06-12T10:46:34.153+0200] {processor.py:927} WARNING - No viable dags retrieved from /Users/gordanaristova/MyProjects/MyRpaProject/venv/lib/python3.10/site-packages/airflow/example_dags/plugins/workday.py
[2025-06-12T10:46:34.201+0200] {processor.py:208} INFO - Processing /Users/gordanaristova/MyProjects/MyRpaProject/venv/lib/python3.10/site-packages/airflow/example_dags/plugins/workday.py took 0.186 seconds
[2025-06-12T10:47:33.241+0200] {processor.py:186} INFO - Started process (PID=9064) to work on /Users/gordanaristova/MyProjects/MyRpaProject/venv/lib/python3.10/site-packages/airflow/example_dags/plugins/workday.py
[2025-06-12T10:47:33.242+0200] {processor.py:914} INFO - Processing file /Users/gordanaristova/MyProjects/MyRpaProject/venv/lib/python3.10/site-packages/airflow/example_dags/plugins/workday.py for tasks to queue
[2025-06-12T10:47:33.242+0200] {logging_mixin.py:190} INFO - [2025-06-12T10:47:33.242+0200] {dagbag.py:588} INFO - Filling up the DagBag from /Users/gordanaristova/MyProjects/MyRpaProject/venv/lib/python3.10/site-packages/airflow/example_dags/plugins/workday.py
[2025-06-12T10:47:33.374+0200] {processor.py:927} WARNING - No viable dags retrieved from /Users/gordanaristova/MyProjects/MyRpaProject/venv/lib/python3.10/site-packages/airflow/example_dags/plugins/workday.py
[2025-06-12T10:47:33.420+0200] {processor.py:208} INFO - Processing /Users/gordanaristova/MyProjects/MyRpaProject/venv/lib/python3.10/site-packages/airflow/example_dags/plugins/workday.py took 0.180 seconds
[2025-06-12T10:48:27.961+0200] {processor.py:186} INFO - Started process (PID=9138) to work on /Users/gordanaristova/MyProjects/MyRpaProject/venv/lib/python3.10/site-packages/airflow/example_dags/plugins/workday.py
[2025-06-12T10:48:27.962+0200] {processor.py:914} INFO - Processing file /Users/gordanaristova/MyProjects/MyRpaProject/venv/lib/python3.10/site-packages/airflow/example_dags/plugins/workday.py for tasks to queue
[2025-06-12T10:48:27.962+0200] {logging_mixin.py:190} INFO - [2025-06-12T10:48:27.962+0200] {dagbag.py:588} INFO - Filling up the DagBag from /Users/gordanaristova/MyProjects/MyRpaProject/venv/lib/python3.10/site-packages/airflow/example_dags/plugins/workday.py
[2025-06-12T10:48:28.097+0200] {processor.py:927} WARNING - No viable dags retrieved from /Users/gordanaristova/MyProjects/MyRpaProject/venv/lib/python3.10/site-packages/airflow/example_dags/plugins/workday.py
[2025-06-12T10:48:28.144+0200] {processor.py:208} INFO - Processing /Users/gordanaristova/MyProjects/MyRpaProject/venv/lib/python3.10/site-packages/airflow/example_dags/plugins/workday.py took 0.184 seconds
[2025-06-12T10:49:21.224+0200] {processor.py:186} INFO - Started process (PID=9199) to work on /Users/gordanaristova/MyProjects/MyRpaProject/venv/lib/python3.10/site-packages/airflow/example_dags/plugins/workday.py
[2025-06-12T10:49:21.225+0200] {processor.py:914} INFO - Processing file /Users/gordanaristova/MyProjects/MyRpaProject/venv/lib/python3.10/site-packages/airflow/example_dags/plugins/workday.py for tasks to queue
[2025-06-12T10:49:21.225+0200] {logging_mixin.py:190} INFO - [2025-06-12T10:49:21.225+0200] {dagbag.py:588} INFO - Filling up the DagBag from /Users/gordanaristova/MyProjects/MyRpaProject/venv/lib/python3.10/site-packages/airflow/example_dags/plugins/workday.py
[2025-06-12T10:49:21.360+0200] {processor.py:927} WARNING - No viable dags retrieved from /Users/gordanaristova/MyProjects/MyRpaProject/venv/lib/python3.10/site-packages/airflow/example_dags/plugins/workday.py
[2025-06-12T10:49:21.408+0200] {processor.py:208} INFO - Processing /Users/gordanaristova/MyProjects/MyRpaProject/venv/lib/python3.10/site-packages/airflow/example_dags/plugins/workday.py took 0.186 seconds
[2025-06-12T10:56:29.807+0200] {processor.py:186} INFO - Started process (PID=9398) to work on /Users/gordanaristova/MyProjects/MyRpaProject/venv/lib/python3.10/site-packages/airflow/example_dags/plugins/workday.py
[2025-06-12T10:56:29.807+0200] {processor.py:914} INFO - Processing file /Users/gordanaristova/MyProjects/MyRpaProject/venv/lib/python3.10/site-packages/airflow/example_dags/plugins/workday.py for tasks to queue
[2025-06-12T10:56:29.807+0200] {logging_mixin.py:190} INFO - [2025-06-12T10:56:29.807+0200] {dagbag.py:588} INFO - Filling up the DagBag from /Users/gordanaristova/MyProjects/MyRpaProject/venv/lib/python3.10/site-packages/airflow/example_dags/plugins/workday.py
[2025-06-12T10:56:29.941+0200] {processor.py:927} WARNING - No viable dags retrieved from /Users/gordanaristova/MyProjects/MyRpaProject/venv/lib/python3.10/site-packages/airflow/example_dags/plugins/workday.py
[2025-06-12T10:56:29.988+0200] {processor.py:208} INFO - Processing /Users/gordanaristova/MyProjects/MyRpaProject/venv/lib/python3.10/site-packages/airflow/example_dags/plugins/workday.py took 0.182 seconds
[2025-06-12T10:57:55.980+0200] {processor.py:186} INFO - Started process (PID=9498) to work on /Users/gordanaristova/MyProjects/MyRpaProject/venv/lib/python3.10/site-packages/airflow/example_dags/plugins/workday.py
[2025-06-12T10:57:55.981+0200] {processor.py:914} INFO - Processing file /Users/gordanaristova/MyProjects/MyRpaProject/venv/lib/python3.10/site-packages/airflow/example_dags/plugins/workday.py for tasks to queue
[2025-06-12T10:57:55.982+0200] {logging_mixin.py:190} INFO - [2025-06-12T10:57:55.982+0200] {dagbag.py:588} INFO - Filling up the DagBag from /Users/gordanaristova/MyProjects/MyRpaProject/venv/lib/python3.10/site-packages/airflow/example_dags/plugins/workday.py
[2025-06-12T10:57:56.120+0200] {processor.py:927} WARNING - No viable dags retrieved from /Users/gordanaristova/MyProjects/MyRpaProject/venv/lib/python3.10/site-packages/airflow/example_dags/plugins/workday.py
[2025-06-12T10:57:56.170+0200] {processor.py:208} INFO - Processing /Users/gordanaristova/MyProjects/MyRpaProject/venv/lib/python3.10/site-packages/airflow/example_dags/plugins/workday.py took 0.191 seconds
[2025-06-12T11:11:15.653+0200] {processor.py:186} INFO - Started process (PID=9718) to work on /Users/gordanaristova/MyProjects/MyRpaProject/venv/lib/python3.10/site-packages/airflow/example_dags/plugins/workday.py
[2025-06-12T11:11:15.654+0200] {processor.py:914} INFO - Processing file /Users/gordanaristova/MyProjects/MyRpaProject/venv/lib/python3.10/site-packages/airflow/example_dags/plugins/workday.py for tasks to queue
[2025-06-12T11:11:15.654+0200] {logging_mixin.py:190} INFO - [2025-06-12T11:11:15.654+0200] {dagbag.py:588} INFO - Filling up the DagBag from /Users/gordanaristova/MyProjects/MyRpaProject/venv/lib/python3.10/site-packages/airflow/example_dags/plugins/workday.py
[2025-06-12T11:11:15.785+0200] {processor.py:927} WARNING - No viable dags retrieved from /Users/gordanaristova/MyProjects/MyRpaProject/venv/lib/python3.10/site-packages/airflow/example_dags/plugins/workday.py
[2025-06-12T11:11:15.832+0200] {processor.py:208} INFO - Processing /Users/gordanaristova/MyProjects/MyRpaProject/venv/lib/python3.10/site-packages/airflow/example_dags/plugins/workday.py took 0.180 seconds
[2025-06-12T11:12:40.487+0200] {processor.py:186} INFO - Started process (PID=9815) to work on /Users/gordanaristova/MyProjects/MyRpaProject/venv/lib/python3.10/site-packages/airflow/example_dags/plugins/workday.py
[2025-06-12T11:12:40.488+0200] {processor.py:914} INFO - Processing file /Users/gordanaristova/MyProjects/MyRpaProject/venv/lib/python3.10/site-packages/airflow/example_dags/plugins/workday.py for tasks to queue
[2025-06-12T11:12:40.488+0200] {logging_mixin.py:190} INFO - [2025-06-12T11:12:40.488+0200] {dagbag.py:588} INFO - Filling up the DagBag from /Users/gordanaristova/MyProjects/MyRpaProject/venv/lib/python3.10/site-packages/airflow/example_dags/plugins/workday.py
[2025-06-12T11:12:40.621+0200] {processor.py:927} WARNING - No viable dags retrieved from /Users/gordanaristova/MyProjects/MyRpaProject/venv/lib/python3.10/site-packages/airflow/example_dags/plugins/workday.py
[2025-06-12T11:12:40.670+0200] {processor.py:208} INFO - Processing /Users/gordanaristova/MyProjects/MyRpaProject/venv/lib/python3.10/site-packages/airflow/example_dags/plugins/workday.py took 0.183 seconds
[2025-06-12T11:21:21.917+0200] {processor.py:186} INFO - Started process (PID=10002) to work on /Users/gordanaristova/MyProjects/MyRpaProject/venv/lib/python3.10/site-packages/airflow/example_dags/plugins/workday.py
[2025-06-12T11:21:21.918+0200] {processor.py:914} INFO - Processing file /Users/gordanaristova/MyProjects/MyRpaProject/venv/lib/python3.10/site-packages/airflow/example_dags/plugins/workday.py for tasks to queue
[2025-06-12T11:21:21.918+0200] {logging_mixin.py:190} INFO - [2025-06-12T11:21:21.918+0200] {dagbag.py:588} INFO - Filling up the DagBag from /Users/gordanaristova/MyProjects/MyRpaProject/venv/lib/python3.10/site-packages/airflow/example_dags/plugins/workday.py
[2025-06-12T11:21:22.055+0200] {processor.py:927} WARNING - No viable dags retrieved from /Users/gordanaristova/MyProjects/MyRpaProject/venv/lib/python3.10/site-packages/airflow/example_dags/plugins/workday.py
[2025-06-12T11:21:22.102+0200] {processor.py:208} INFO - Processing /Users/gordanaristova/MyProjects/MyRpaProject/venv/lib/python3.10/site-packages/airflow/example_dags/plugins/workday.py took 0.186 seconds
[2025-06-12T11:22:44.968+0200] {processor.py:186} INFO - Started process (PID=10102) to work on /Users/gordanaristova/MyProjects/MyRpaProject/venv/lib/python3.10/site-packages/airflow/example_dags/plugins/workday.py
[2025-06-12T11:22:44.969+0200] {processor.py:914} INFO - Processing file /Users/gordanaristova/MyProjects/MyRpaProject/venv/lib/python3.10/site-packages/airflow/example_dags/plugins/workday.py for tasks to queue
[2025-06-12T11:22:44.969+0200] {logging_mixin.py:190} INFO - [2025-06-12T11:22:44.969+0200] {dagbag.py:588} INFO - Filling up the DagBag from /Users/gordanaristova/MyProjects/MyRpaProject/venv/lib/python3.10/site-packages/airflow/example_dags/plugins/workday.py
[2025-06-12T11:22:45.102+0200] {processor.py:927} WARNING - No viable dags retrieved from /Users/gordanaristova/MyProjects/MyRpaProject/venv/lib/python3.10/site-packages/airflow/example_dags/plugins/workday.py
[2025-06-12T11:22:45.150+0200] {processor.py:208} INFO - Processing /Users/gordanaristova/MyProjects/MyRpaProject/venv/lib/python3.10/site-packages/airflow/example_dags/plugins/workday.py took 0.183 seconds
[2025-06-12T11:23:41.893+0200] {processor.py:186} INFO - Started process (PID=10157) to work on /Users/gordanaristova/MyProjects/MyRpaProject/venv/lib/python3.10/site-packages/airflow/example_dags/plugins/workday.py
[2025-06-12T11:23:41.894+0200] {processor.py:914} INFO - Processing file /Users/gordanaristova/MyProjects/MyRpaProject/venv/lib/python3.10/site-packages/airflow/example_dags/plugins/workday.py for tasks to queue
[2025-06-12T11:23:41.894+0200] {logging_mixin.py:190} INFO - [2025-06-12T11:23:41.894+0200] {dagbag.py:588} INFO - Filling up the DagBag from /Users/gordanaristova/MyProjects/MyRpaProject/venv/lib/python3.10/site-packages/airflow/example_dags/plugins/workday.py
[2025-06-12T11:23:42.028+0200] {processor.py:927} WARNING - No viable dags retrieved from /Users/gordanaristova/MyProjects/MyRpaProject/venv/lib/python3.10/site-packages/airflow/example_dags/plugins/workday.py
[2025-06-12T11:23:42.077+0200] {processor.py:208} INFO - Processing /Users/gordanaristova/MyProjects/MyRpaProject/venv/lib/python3.10/site-packages/airflow/example_dags/plugins/workday.py took 0.185 seconds
[2025-06-12T11:40:37.738+0200] {processor.py:186} INFO - Started process (PID=10380) to work on /Users/gordanaristova/MyProjects/MyRpaProject/venv/lib/python3.10/site-packages/airflow/example_dags/plugins/workday.py
[2025-06-12T11:40:37.738+0200] {processor.py:914} INFO - Processing file /Users/gordanaristova/MyProjects/MyRpaProject/venv/lib/python3.10/site-packages/airflow/example_dags/plugins/workday.py for tasks to queue
[2025-06-12T11:40:37.739+0200] {logging_mixin.py:190} INFO - [2025-06-12T11:40:37.739+0200] {dagbag.py:588} INFO - Filling up the DagBag from /Users/gordanaristova/MyProjects/MyRpaProject/venv/lib/python3.10/site-packages/airflow/example_dags/plugins/workday.py
[2025-06-12T11:40:37.867+0200] {processor.py:927} WARNING - No viable dags retrieved from /Users/gordanaristova/MyProjects/MyRpaProject/venv/lib/python3.10/site-packages/airflow/example_dags/plugins/workday.py
[2025-06-12T11:40:37.914+0200] {processor.py:208} INFO - Processing /Users/gordanaristova/MyProjects/MyRpaProject/venv/lib/python3.10/site-packages/airflow/example_dags/plugins/workday.py took 0.176 seconds
[2025-06-12T11:42:00.977+0200] {processor.py:186} INFO - Started process (PID=10467) to work on /Users/gordanaristova/MyProjects/MyRpaProject/venv/lib/python3.10/site-packages/airflow/example_dags/plugins/workday.py
[2025-06-12T11:42:00.978+0200] {processor.py:914} INFO - Processing file /Users/gordanaristova/MyProjects/MyRpaProject/venv/lib/python3.10/site-packages/airflow/example_dags/plugins/workday.py for tasks to queue
[2025-06-12T11:42:00.979+0200] {logging_mixin.py:190} INFO - [2025-06-12T11:42:00.979+0200] {dagbag.py:588} INFO - Filling up the DagBag from /Users/gordanaristova/MyProjects/MyRpaProject/venv/lib/python3.10/site-packages/airflow/example_dags/plugins/workday.py
[2025-06-12T11:42:01.111+0200] {processor.py:927} WARNING - No viable dags retrieved from /Users/gordanaristova/MyProjects/MyRpaProject/venv/lib/python3.10/site-packages/airflow/example_dags/plugins/workday.py
[2025-06-12T11:42:01.160+0200] {processor.py:208} INFO - Processing /Users/gordanaristova/MyProjects/MyRpaProject/venv/lib/python3.10/site-packages/airflow/example_dags/plugins/workday.py took 0.183 seconds
[2025-06-12T11:42:54.253+0200] {processor.py:186} INFO - Started process (PID=10522) to work on /Users/gordanaristova/MyProjects/MyRpaProject/venv/lib/python3.10/site-packages/airflow/example_dags/plugins/workday.py
[2025-06-12T11:42:54.253+0200] {processor.py:914} INFO - Processing file /Users/gordanaristova/MyProjects/MyRpaProject/venv/lib/python3.10/site-packages/airflow/example_dags/plugins/workday.py for tasks to queue
[2025-06-12T11:42:54.253+0200] {logging_mixin.py:190} INFO - [2025-06-12T11:42:54.253+0200] {dagbag.py:588} INFO - Filling up the DagBag from /Users/gordanaristova/MyProjects/MyRpaProject/venv/lib/python3.10/site-packages/airflow/example_dags/plugins/workday.py
[2025-06-12T11:42:54.385+0200] {processor.py:927} WARNING - No viable dags retrieved from /Users/gordanaristova/MyProjects/MyRpaProject/venv/lib/python3.10/site-packages/airflow/example_dags/plugins/workday.py
[2025-06-12T11:42:54.433+0200] {processor.py:208} INFO - Processing /Users/gordanaristova/MyProjects/MyRpaProject/venv/lib/python3.10/site-packages/airflow/example_dags/plugins/workday.py took 0.181 seconds
[2025-06-12T11:49:24.186+0200] {processor.py:186} INFO - Started process (PID=10600) to work on /Users/gordanaristova/MyProjects/MyRpaProject/venv/lib/python3.10/site-packages/airflow/example_dags/plugins/workday.py
[2025-06-12T11:49:24.187+0200] {processor.py:914} INFO - Processing file /Users/gordanaristova/MyProjects/MyRpaProject/venv/lib/python3.10/site-packages/airflow/example_dags/plugins/workday.py for tasks to queue
[2025-06-12T11:49:24.187+0200] {logging_mixin.py:190} INFO - [2025-06-12T11:49:24.187+0200] {dagbag.py:588} INFO - Filling up the DagBag from /Users/gordanaristova/MyProjects/MyRpaProject/venv/lib/python3.10/site-packages/airflow/example_dags/plugins/workday.py
[2025-06-12T11:49:24.318+0200] {processor.py:927} WARNING - No viable dags retrieved from /Users/gordanaristova/MyProjects/MyRpaProject/venv/lib/python3.10/site-packages/airflow/example_dags/plugins/workday.py
[2025-06-12T11:49:24.364+0200] {processor.py:208} INFO - Processing /Users/gordanaristova/MyProjects/MyRpaProject/venv/lib/python3.10/site-packages/airflow/example_dags/plugins/workday.py took 0.179 seconds
[2025-06-12T11:50:51.365+0200] {processor.py:186} INFO - Started process (PID=10690) to work on /Users/gordanaristova/MyProjects/MyRpaProject/venv/lib/python3.10/site-packages/airflow/example_dags/plugins/workday.py
[2025-06-12T11:50:51.366+0200] {processor.py:914} INFO - Processing file /Users/gordanaristova/MyProjects/MyRpaProject/venv/lib/python3.10/site-packages/airflow/example_dags/plugins/workday.py for tasks to queue
[2025-06-12T11:50:51.366+0200] {logging_mixin.py:190} INFO - [2025-06-12T11:50:51.366+0200] {dagbag.py:588} INFO - Filling up the DagBag from /Users/gordanaristova/MyProjects/MyRpaProject/venv/lib/python3.10/site-packages/airflow/example_dags/plugins/workday.py
[2025-06-12T11:50:51.498+0200] {processor.py:927} WARNING - No viable dags retrieved from /Users/gordanaristova/MyProjects/MyRpaProject/venv/lib/python3.10/site-packages/airflow/example_dags/plugins/workday.py
[2025-06-12T11:50:51.546+0200] {processor.py:208} INFO - Processing /Users/gordanaristova/MyProjects/MyRpaProject/venv/lib/python3.10/site-packages/airflow/example_dags/plugins/workday.py took 0.182 seconds
[2025-06-12T11:51:44.845+0200] {processor.py:186} INFO - Started process (PID=10745) to work on /Users/gordanaristova/MyProjects/MyRpaProject/venv/lib/python3.10/site-packages/airflow/example_dags/plugins/workday.py
[2025-06-12T11:51:44.846+0200] {processor.py:914} INFO - Processing file /Users/gordanaristova/MyProjects/MyRpaProject/venv/lib/python3.10/site-packages/airflow/example_dags/plugins/workday.py for tasks to queue
[2025-06-12T11:51:44.846+0200] {logging_mixin.py:190} INFO - [2025-06-12T11:51:44.846+0200] {dagbag.py:588} INFO - Filling up the DagBag from /Users/gordanaristova/MyProjects/MyRpaProject/venv/lib/python3.10/site-packages/airflow/example_dags/plugins/workday.py
[2025-06-12T11:51:44.981+0200] {processor.py:927} WARNING - No viable dags retrieved from /Users/gordanaristova/MyProjects/MyRpaProject/venv/lib/python3.10/site-packages/airflow/example_dags/plugins/workday.py
[2025-06-12T11:51:45.029+0200] {processor.py:208} INFO - Processing /Users/gordanaristova/MyProjects/MyRpaProject/venv/lib/python3.10/site-packages/airflow/example_dags/plugins/workday.py took 0.185 seconds
[2025-06-12T11:52:39.186+0200] {processor.py:186} INFO - Started process (PID=10808) to work on /Users/gordanaristova/MyProjects/MyRpaProject/venv/lib/python3.10/site-packages/airflow/example_dags/plugins/workday.py
[2025-06-12T11:52:39.186+0200] {processor.py:914} INFO - Processing file /Users/gordanaristova/MyProjects/MyRpaProject/venv/lib/python3.10/site-packages/airflow/example_dags/plugins/workday.py for tasks to queue
[2025-06-12T11:52:39.186+0200] {logging_mixin.py:190} INFO - [2025-06-12T11:52:39.186+0200] {dagbag.py:588} INFO - Filling up the DagBag from /Users/gordanaristova/MyProjects/MyRpaProject/venv/lib/python3.10/site-packages/airflow/example_dags/plugins/workday.py
[2025-06-12T11:52:39.319+0200] {processor.py:927} WARNING - No viable dags retrieved from /Users/gordanaristova/MyProjects/MyRpaProject/venv/lib/python3.10/site-packages/airflow/example_dags/plugins/workday.py
[2025-06-12T11:52:39.367+0200] {processor.py:208} INFO - Processing /Users/gordanaristova/MyProjects/MyRpaProject/venv/lib/python3.10/site-packages/airflow/example_dags/plugins/workday.py took 0.182 seconds
[2025-06-12T11:53:33.376+0200] {processor.py:186} INFO - Started process (PID=10850) to work on /Users/gordanaristova/MyProjects/MyRpaProject/venv/lib/python3.10/site-packages/airflow/example_dags/plugins/workday.py
[2025-06-12T11:53:33.377+0200] {processor.py:914} INFO - Processing file /Users/gordanaristova/MyProjects/MyRpaProject/venv/lib/python3.10/site-packages/airflow/example_dags/plugins/workday.py for tasks to queue
[2025-06-12T11:53:33.378+0200] {logging_mixin.py:190} INFO - [2025-06-12T11:53:33.377+0200] {dagbag.py:588} INFO - Filling up the DagBag from /Users/gordanaristova/MyProjects/MyRpaProject/venv/lib/python3.10/site-packages/airflow/example_dags/plugins/workday.py
[2025-06-12T11:53:33.513+0200] {processor.py:927} WARNING - No viable dags retrieved from /Users/gordanaristova/MyProjects/MyRpaProject/venv/lib/python3.10/site-packages/airflow/example_dags/plugins/workday.py
[2025-06-12T11:53:33.562+0200] {processor.py:208} INFO - Processing /Users/gordanaristova/MyProjects/MyRpaProject/venv/lib/python3.10/site-packages/airflow/example_dags/plugins/workday.py took 0.187 seconds
[2025-06-12T11:54:27.443+0200] {processor.py:186} INFO - Started process (PID=10892) to work on /Users/gordanaristova/MyProjects/MyRpaProject/venv/lib/python3.10/site-packages/airflow/example_dags/plugins/workday.py
[2025-06-12T11:54:27.444+0200] {processor.py:914} INFO - Processing file /Users/gordanaristova/MyProjects/MyRpaProject/venv/lib/python3.10/site-packages/airflow/example_dags/plugins/workday.py for tasks to queue
[2025-06-12T11:54:27.444+0200] {logging_mixin.py:190} INFO - [2025-06-12T11:54:27.444+0200] {dagbag.py:588} INFO - Filling up the DagBag from /Users/gordanaristova/MyProjects/MyRpaProject/venv/lib/python3.10/site-packages/airflow/example_dags/plugins/workday.py
[2025-06-12T11:54:27.576+0200] {processor.py:927} WARNING - No viable dags retrieved from /Users/gordanaristova/MyProjects/MyRpaProject/venv/lib/python3.10/site-packages/airflow/example_dags/plugins/workday.py
[2025-06-12T11:54:27.623+0200] {processor.py:208} INFO - Processing /Users/gordanaristova/MyProjects/MyRpaProject/venv/lib/python3.10/site-packages/airflow/example_dags/plugins/workday.py took 0.180 seconds
[2025-06-12T11:55:20.720+0200] {processor.py:186} INFO - Started process (PID=10947) to work on /Users/gordanaristova/MyProjects/MyRpaProject/venv/lib/python3.10/site-packages/airflow/example_dags/plugins/workday.py
[2025-06-12T11:55:20.721+0200] {processor.py:914} INFO - Processing file /Users/gordanaristova/MyProjects/MyRpaProject/venv/lib/python3.10/site-packages/airflow/example_dags/plugins/workday.py for tasks to queue
[2025-06-12T11:55:20.721+0200] {logging_mixin.py:190} INFO - [2025-06-12T11:55:20.721+0200] {dagbag.py:588} INFO - Filling up the DagBag from /Users/gordanaristova/MyProjects/MyRpaProject/venv/lib/python3.10/site-packages/airflow/example_dags/plugins/workday.py
[2025-06-12T11:55:20.856+0200] {processor.py:927} WARNING - No viable dags retrieved from /Users/gordanaristova/MyProjects/MyRpaProject/venv/lib/python3.10/site-packages/airflow/example_dags/plugins/workday.py
[2025-06-12T11:55:20.905+0200] {processor.py:208} INFO - Processing /Users/gordanaristova/MyProjects/MyRpaProject/venv/lib/python3.10/site-packages/airflow/example_dags/plugins/workday.py took 0.186 seconds
[2025-06-12T11:56:15.620+0200] {processor.py:186} INFO - Started process (PID=11005) to work on /Users/gordanaristova/MyProjects/MyRpaProject/venv/lib/python3.10/site-packages/airflow/example_dags/plugins/workday.py
[2025-06-12T11:56:15.621+0200] {processor.py:914} INFO - Processing file /Users/gordanaristova/MyProjects/MyRpaProject/venv/lib/python3.10/site-packages/airflow/example_dags/plugins/workday.py for tasks to queue
[2025-06-12T11:56:15.621+0200] {logging_mixin.py:190} INFO - [2025-06-12T11:56:15.621+0200] {dagbag.py:588} INFO - Filling up the DagBag from /Users/gordanaristova/MyProjects/MyRpaProject/venv/lib/python3.10/site-packages/airflow/example_dags/plugins/workday.py
[2025-06-12T11:56:15.752+0200] {processor.py:927} WARNING - No viable dags retrieved from /Users/gordanaristova/MyProjects/MyRpaProject/venv/lib/python3.10/site-packages/airflow/example_dags/plugins/workday.py
[2025-06-12T11:56:15.803+0200] {processor.py:208} INFO - Processing /Users/gordanaristova/MyProjects/MyRpaProject/venv/lib/python3.10/site-packages/airflow/example_dags/plugins/workday.py took 0.184 seconds
[2025-06-12T11:57:11.641+0200] {processor.py:186} INFO - Started process (PID=11072) to work on /Users/gordanaristova/MyProjects/MyRpaProject/venv/lib/python3.10/site-packages/airflow/example_dags/plugins/workday.py
[2025-06-12T11:57:11.642+0200] {processor.py:914} INFO - Processing file /Users/gordanaristova/MyProjects/MyRpaProject/venv/lib/python3.10/site-packages/airflow/example_dags/plugins/workday.py for tasks to queue
[2025-06-12T11:57:11.642+0200] {logging_mixin.py:190} INFO - [2025-06-12T11:57:11.642+0200] {dagbag.py:588} INFO - Filling up the DagBag from /Users/gordanaristova/MyProjects/MyRpaProject/venv/lib/python3.10/site-packages/airflow/example_dags/plugins/workday.py
[2025-06-12T11:57:11.775+0200] {processor.py:927} WARNING - No viable dags retrieved from /Users/gordanaristova/MyProjects/MyRpaProject/venv/lib/python3.10/site-packages/airflow/example_dags/plugins/workday.py
[2025-06-12T11:57:11.823+0200] {processor.py:208} INFO - Processing /Users/gordanaristova/MyProjects/MyRpaProject/venv/lib/python3.10/site-packages/airflow/example_dags/plugins/workday.py took 0.183 seconds
[2025-06-12T13:14:07.807+0200] {processor.py:186} INFO - Started process (PID=12972) to work on /Users/gordanaristova/MyProjects/MyRpaProject/venv/lib/python3.10/site-packages/airflow/example_dags/plugins/workday.py
[2025-06-12T13:14:07.808+0200] {processor.py:914} INFO - Processing file /Users/gordanaristova/MyProjects/MyRpaProject/venv/lib/python3.10/site-packages/airflow/example_dags/plugins/workday.py for tasks to queue
[2025-06-12T13:14:07.808+0200] {logging_mixin.py:190} INFO - [2025-06-12T13:14:07.808+0200] {dagbag.py:588} INFO - Filling up the DagBag from /Users/gordanaristova/MyProjects/MyRpaProject/venv/lib/python3.10/site-packages/airflow/example_dags/plugins/workday.py
[2025-06-12T13:14:07.949+0200] {processor.py:927} WARNING - No viable dags retrieved from /Users/gordanaristova/MyProjects/MyRpaProject/venv/lib/python3.10/site-packages/airflow/example_dags/plugins/workday.py
[2025-06-12T13:14:08.000+0200] {processor.py:208} INFO - Processing /Users/gordanaristova/MyProjects/MyRpaProject/venv/lib/python3.10/site-packages/airflow/example_dags/plugins/workday.py took 0.194 seconds
[2025-06-12T13:15:41.900+0200] {processor.py:186} INFO - Started process (PID=13064) to work on /Users/gordanaristova/MyProjects/MyRpaProject/venv/lib/python3.10/site-packages/airflow/example_dags/plugins/workday.py
[2025-06-12T13:15:41.901+0200] {processor.py:914} INFO - Processing file /Users/gordanaristova/MyProjects/MyRpaProject/venv/lib/python3.10/site-packages/airflow/example_dags/plugins/workday.py for tasks to queue
[2025-06-12T13:15:41.901+0200] {logging_mixin.py:190} INFO - [2025-06-12T13:15:41.901+0200] {dagbag.py:588} INFO - Filling up the DagBag from /Users/gordanaristova/MyProjects/MyRpaProject/venv/lib/python3.10/site-packages/airflow/example_dags/plugins/workday.py
[2025-06-12T13:15:42.044+0200] {processor.py:927} WARNING - No viable dags retrieved from /Users/gordanaristova/MyProjects/MyRpaProject/venv/lib/python3.10/site-packages/airflow/example_dags/plugins/workday.py
[2025-06-12T13:15:42.096+0200] {processor.py:208} INFO - Processing /Users/gordanaristova/MyProjects/MyRpaProject/venv/lib/python3.10/site-packages/airflow/example_dags/plugins/workday.py took 0.196 seconds
[2025-06-12T18:41:49.059+0200] {processor.py:186} INFO - Started process (PID=15626) to work on /Users/gordanaristova/MyProjects/MyRpaProject/venv/lib/python3.10/site-packages/airflow/example_dags/plugins/workday.py
[2025-06-12T18:41:49.059+0200] {processor.py:914} INFO - Processing file /Users/gordanaristova/MyProjects/MyRpaProject/venv/lib/python3.10/site-packages/airflow/example_dags/plugins/workday.py for tasks to queue
[2025-06-12T18:41:49.060+0200] {logging_mixin.py:190} INFO - [2025-06-12T18:41:49.060+0200] {dagbag.py:588} INFO - Filling up the DagBag from /Users/gordanaristova/MyProjects/MyRpaProject/venv/lib/python3.10/site-packages/airflow/example_dags/plugins/workday.py
[2025-06-12T18:41:49.210+0200] {processor.py:927} WARNING - No viable dags retrieved from /Users/gordanaristova/MyProjects/MyRpaProject/venv/lib/python3.10/site-packages/airflow/example_dags/plugins/workday.py
[2025-06-12T18:41:49.263+0200] {processor.py:208} INFO - Processing /Users/gordanaristova/MyProjects/MyRpaProject/venv/lib/python3.10/site-packages/airflow/example_dags/plugins/workday.py took 0.205 seconds
[2025-06-12T18:51:32.885+0200] {processor.py:186} INFO - Started process (PID=15852) to work on /Users/gordanaristova/MyProjects/MyRpaProject/venv/lib/python3.10/site-packages/airflow/example_dags/plugins/workday.py
[2025-06-12T18:51:32.885+0200] {processor.py:914} INFO - Processing file /Users/gordanaristova/MyProjects/MyRpaProject/venv/lib/python3.10/site-packages/airflow/example_dags/plugins/workday.py for tasks to queue
[2025-06-12T18:51:32.885+0200] {logging_mixin.py:190} INFO - [2025-06-12T18:51:32.885+0200] {dagbag.py:588} INFO - Filling up the DagBag from /Users/gordanaristova/MyProjects/MyRpaProject/venv/lib/python3.10/site-packages/airflow/example_dags/plugins/workday.py
[2025-06-12T18:51:33.029+0200] {processor.py:927} WARNING - No viable dags retrieved from /Users/gordanaristova/MyProjects/MyRpaProject/venv/lib/python3.10/site-packages/airflow/example_dags/plugins/workday.py
[2025-06-12T18:51:33.084+0200] {processor.py:208} INFO - Processing /Users/gordanaristova/MyProjects/MyRpaProject/venv/lib/python3.10/site-packages/airflow/example_dags/plugins/workday.py took 0.200 seconds
[2025-06-12T18:54:44.812+0200] {processor.py:186} INFO - Started process (PID=15943) to work on /Users/gordanaristova/MyProjects/MyRpaProject/venv/lib/python3.10/site-packages/airflow/example_dags/plugins/workday.py
[2025-06-12T18:54:44.813+0200] {processor.py:914} INFO - Processing file /Users/gordanaristova/MyProjects/MyRpaProject/venv/lib/python3.10/site-packages/airflow/example_dags/plugins/workday.py for tasks to queue
[2025-06-12T18:54:44.813+0200] {logging_mixin.py:190} INFO - [2025-06-12T18:54:44.813+0200] {dagbag.py:588} INFO - Filling up the DagBag from /Users/gordanaristova/MyProjects/MyRpaProject/venv/lib/python3.10/site-packages/airflow/example_dags/plugins/workday.py
[2025-06-12T18:54:44.960+0200] {processor.py:927} WARNING - No viable dags retrieved from /Users/gordanaristova/MyProjects/MyRpaProject/venv/lib/python3.10/site-packages/airflow/example_dags/plugins/workday.py
[2025-06-12T18:54:45.016+0200] {processor.py:208} INFO - Processing /Users/gordanaristova/MyProjects/MyRpaProject/venv/lib/python3.10/site-packages/airflow/example_dags/plugins/workday.py took 0.205 seconds
[2025-06-12T18:58:02.684+0200] {processor.py:186} INFO - Started process (PID=16041) to work on /Users/gordanaristova/MyProjects/MyRpaProject/venv/lib/python3.10/site-packages/airflow/example_dags/plugins/workday.py
[2025-06-12T18:58:02.685+0200] {processor.py:914} INFO - Processing file /Users/gordanaristova/MyProjects/MyRpaProject/venv/lib/python3.10/site-packages/airflow/example_dags/plugins/workday.py for tasks to queue
[2025-06-12T18:58:02.685+0200] {logging_mixin.py:190} INFO - [2025-06-12T18:58:02.685+0200] {dagbag.py:588} INFO - Filling up the DagBag from /Users/gordanaristova/MyProjects/MyRpaProject/venv/lib/python3.10/site-packages/airflow/example_dags/plugins/workday.py
[2025-06-12T18:58:02.830+0200] {processor.py:927} WARNING - No viable dags retrieved from /Users/gordanaristova/MyProjects/MyRpaProject/venv/lib/python3.10/site-packages/airflow/example_dags/plugins/workday.py
[2025-06-12T18:58:02.882+0200] {processor.py:208} INFO - Processing /Users/gordanaristova/MyProjects/MyRpaProject/venv/lib/python3.10/site-packages/airflow/example_dags/plugins/workday.py took 0.199 seconds
[2025-06-12T18:59:52.548+0200] {processor.py:186} INFO - Started process (PID=16081) to work on /Users/gordanaristova/MyProjects/MyRpaProject/venv/lib/python3.10/site-packages/airflow/example_dags/plugins/workday.py
[2025-06-12T18:59:52.549+0200] {processor.py:914} INFO - Processing file /Users/gordanaristova/MyProjects/MyRpaProject/venv/lib/python3.10/site-packages/airflow/example_dags/plugins/workday.py for tasks to queue
[2025-06-12T18:59:52.550+0200] {logging_mixin.py:190} INFO - [2025-06-12T18:59:52.550+0200] {dagbag.py:588} INFO - Filling up the DagBag from /Users/gordanaristova/MyProjects/MyRpaProject/venv/lib/python3.10/site-packages/airflow/example_dags/plugins/workday.py
[2025-06-12T18:59:52.688+0200] {processor.py:927} WARNING - No viable dags retrieved from /Users/gordanaristova/MyProjects/MyRpaProject/venv/lib/python3.10/site-packages/airflow/example_dags/plugins/workday.py
[2025-06-12T18:59:52.740+0200] {processor.py:208} INFO - Processing /Users/gordanaristova/MyProjects/MyRpaProject/venv/lib/python3.10/site-packages/airflow/example_dags/plugins/workday.py took 0.192 seconds
[2025-06-12T19:03:33.688+0200] {processor.py:186} INFO - Started process (PID=16219) to work on /Users/gordanaristova/MyProjects/MyRpaProject/venv/lib/python3.10/site-packages/airflow/example_dags/plugins/workday.py
[2025-06-12T19:03:33.689+0200] {processor.py:914} INFO - Processing file /Users/gordanaristova/MyProjects/MyRpaProject/venv/lib/python3.10/site-packages/airflow/example_dags/plugins/workday.py for tasks to queue
[2025-06-12T19:03:33.689+0200] {logging_mixin.py:190} INFO - [2025-06-12T19:03:33.689+0200] {dagbag.py:588} INFO - Filling up the DagBag from /Users/gordanaristova/MyProjects/MyRpaProject/venv/lib/python3.10/site-packages/airflow/example_dags/plugins/workday.py
[2025-06-12T19:03:33.833+0200] {processor.py:927} WARNING - No viable dags retrieved from /Users/gordanaristova/MyProjects/MyRpaProject/venv/lib/python3.10/site-packages/airflow/example_dags/plugins/workday.py
[2025-06-12T19:03:33.887+0200] {processor.py:208} INFO - Processing /Users/gordanaristova/MyProjects/MyRpaProject/venv/lib/python3.10/site-packages/airflow/example_dags/plugins/workday.py took 0.200 seconds
[2025-06-12T19:10:30.165+0200] {processor.py:186} INFO - Started process (PID=16408) to work on /Users/gordanaristova/MyProjects/MyRpaProject/venv/lib/python3.10/site-packages/airflow/example_dags/plugins/workday.py
[2025-06-12T19:10:30.165+0200] {processor.py:914} INFO - Processing file /Users/gordanaristova/MyProjects/MyRpaProject/venv/lib/python3.10/site-packages/airflow/example_dags/plugins/workday.py for tasks to queue
[2025-06-12T19:10:30.165+0200] {logging_mixin.py:190} INFO - [2025-06-12T19:10:30.165+0200] {dagbag.py:588} INFO - Filling up the DagBag from /Users/gordanaristova/MyProjects/MyRpaProject/venv/lib/python3.10/site-packages/airflow/example_dags/plugins/workday.py
[2025-06-12T19:10:30.308+0200] {processor.py:927} WARNING - No viable dags retrieved from /Users/gordanaristova/MyProjects/MyRpaProject/venv/lib/python3.10/site-packages/airflow/example_dags/plugins/workday.py
[2025-06-12T19:10:30.361+0200] {processor.py:208} INFO - Processing /Users/gordanaristova/MyProjects/MyRpaProject/venv/lib/python3.10/site-packages/airflow/example_dags/plugins/workday.py took 0.198 seconds
[2025-06-12T19:12:02.742+0200] {processor.py:186} INFO - Started process (PID=16509) to work on /Users/gordanaristova/MyProjects/MyRpaProject/venv/lib/python3.10/site-packages/airflow/example_dags/plugins/workday.py
[2025-06-12T19:12:02.742+0200] {processor.py:914} INFO - Processing file /Users/gordanaristova/MyProjects/MyRpaProject/venv/lib/python3.10/site-packages/airflow/example_dags/plugins/workday.py for tasks to queue
[2025-06-12T19:12:02.743+0200] {logging_mixin.py:190} INFO - [2025-06-12T19:12:02.743+0200] {dagbag.py:588} INFO - Filling up the DagBag from /Users/gordanaristova/MyProjects/MyRpaProject/venv/lib/python3.10/site-packages/airflow/example_dags/plugins/workday.py
[2025-06-12T19:12:02.881+0200] {processor.py:927} WARNING - No viable dags retrieved from /Users/gordanaristova/MyProjects/MyRpaProject/venv/lib/python3.10/site-packages/airflow/example_dags/plugins/workday.py
[2025-06-12T19:12:02.932+0200] {processor.py:208} INFO - Processing /Users/gordanaristova/MyProjects/MyRpaProject/venv/lib/python3.10/site-packages/airflow/example_dags/plugins/workday.py took 0.191 seconds
[2025-06-12T19:13:32.477+0200] {processor.py:186} INFO - Started process (PID=16607) to work on /Users/gordanaristova/MyProjects/MyRpaProject/venv/lib/python3.10/site-packages/airflow/example_dags/plugins/workday.py
[2025-06-12T19:13:32.478+0200] {processor.py:914} INFO - Processing file /Users/gordanaristova/MyProjects/MyRpaProject/venv/lib/python3.10/site-packages/airflow/example_dags/plugins/workday.py for tasks to queue
[2025-06-12T19:13:32.478+0200] {logging_mixin.py:190} INFO - [2025-06-12T19:13:32.478+0200] {dagbag.py:588} INFO - Filling up the DagBag from /Users/gordanaristova/MyProjects/MyRpaProject/venv/lib/python3.10/site-packages/airflow/example_dags/plugins/workday.py
[2025-06-12T19:13:32.620+0200] {processor.py:927} WARNING - No viable dags retrieved from /Users/gordanaristova/MyProjects/MyRpaProject/venv/lib/python3.10/site-packages/airflow/example_dags/plugins/workday.py
[2025-06-12T19:13:32.672+0200] {processor.py:208} INFO - Processing /Users/gordanaristova/MyProjects/MyRpaProject/venv/lib/python3.10/site-packages/airflow/example_dags/plugins/workday.py took 0.196 seconds
